[0.000000] (-) TimerEvent: {}
[0.001259] (turtle_brick) JobQueued: {'identifier': 'turtle_brick', 'dependencies': OrderedDict([('turtle_brick', '/home/alyssa/homework2-alyssa225/install/turtle_brick')])}
[0.001341] (turtle_brick_interfaces) JobQueued: {'identifier': 'turtle_brick_interfaces', 'dependencies': OrderedDict([('turtle_brick_interfaces', '/home/alyssa/homework2-alyssa225/install/turtle_brick_interfaces')])}
[0.001435] (turtle_brick) JobStarted: {'identifier': 'turtle_brick'}
[0.014787] (turtle_brick_interfaces) JobStarted: {'identifier': 'turtle_brick_interfaces'}
[0.099400] (-) TimerEvent: {}
[0.199696] (-) TimerEvent: {}
[0.301281] (-) TimerEvent: {}
[0.301615] (turtle_brick) Command: {'cmd': ['/usr/bin/python3', '-m', 'pytest'], 'cwd': '/home/alyssa/homework2-alyssa225/src/turtle_brick', 'env': {'LESSOPEN': '| /usr/bin/lesspipe %s', 'USER': 'alyssa', 'XDG_SESSION_TYPE': 'wayland', 'SHLVL': '1', 'LD_LIBRARY_PATH': '/home/alyssa/homework2-alyssa225/install/turtle_brick_interfaces/lib:/opt/ros/humble/opt/rviz_ogre_vendor/lib:/opt/ros/humble/lib/x86_64-linux-gnu:/opt/ros/humble/lib', 'HOME': '/home/alyssa', 'OLDPWD': '/home/alyssa', 'DESKTOP_SESSION': 'ubuntu', 'ROS_PYTHON_VERSION': '3', 'GNOME_SHELL_SESSION_MODE': 'ubuntu', 'GTK_MODULES': 'gail:atk-bridge', 'SYSTEMD_EXEC_PID': '418763', 'DBUS_SESSION_BUS_ADDRESS': 'unix:path=/run/user/1000/bus', 'COLORTERM': 'truecolor', 'IM_CONFIG_PHASE': '1', 'WAYLAND_DISPLAY': 'wayland-0', 'COLCON_PREFIX_PATH': '/home/alyssa/homework2-alyssa225/install', 'ROS_DISTRO': 'humble', 'LOGNAME': 'alyssa', '_': '/usr/bin/colcon', 'ROS_VERSION': '2', 'XDG_SESSION_CLASS': 'user', 'USERNAME': 'alyssa', 'TERM': 'xterm-256color', 'GNOME_DESKTOP_SESSION_ID': 'this-is-deprecated', 'ROS_LOCALHOST_ONLY': '0', 'PATH': '/opt/ros/humble/bin:/usr/local/sbin:/usr/local/bin:/usr/sbin:/usr/bin:/sbin:/bin:/usr/games:/usr/local/games:/snap/bin:/snap/bin', 'SESSION_MANAGER': 'local/alyssa-Galago-Pro:@/tmp/.ICE-unix/1005,unix/alyssa-Galago-Pro:/tmp/.ICE-unix/1005', 'XDG_MENU_PREFIX': 'gnome-', 'GNOME_TERMINAL_SCREEN': '/org/gnome/Terminal/screen/6d4b914e_9fd7_45b5_b317_afa2fd1ab6a4', 'GNOME_SETUP_DISPLAY': ':1', 'XDG_RUNTIME_DIR': '/run/user/1000', 'DISPLAY': ':0', 'LANG': 'en_US.UTF-8', 'XDG_CURRENT_DESKTOP': 'ubuntu:GNOME', 'XMODIFIERS': '@im=ibus', 'XDG_SESSION_DESKTOP': 'ubuntu', 'XAUTHORITY': '/run/user/1000/.mutter-Xwaylandauth.BJT0T1', 'LS_COLORS': 'rs=0:di=01;34:ln=01;36:mh=00:pi=40;33:so=01;35:do=01;35:bd=40;33;01:cd=40;33;01:or=40;31;01:mi=00:su=37;41:sg=30;43:ca=30;41:tw=30;42:ow=34;42:st=37;44:ex=01;32:*.tar=01;31:*.tgz=01;31:*.arc=01;31:*.arj=01;31:*.taz=01;31:*.lha=01;31:*.lz4=01;31:*.lzh=01;31:*.lzma=01;31:*.tlz=01;31:*.txz=01;31:*.tzo=01;31:*.t7z=01;31:*.zip=01;31:*.z=01;31:*.dz=01;31:*.gz=01;31:*.lrz=01;31:*.lz=01;31:*.lzo=01;31:*.xz=01;31:*.zst=01;31:*.tzst=01;31:*.bz2=01;31:*.bz=01;31:*.tbz=01;31:*.tbz2=01;31:*.tz=01;31:*.deb=01;31:*.rpm=01;31:*.jar=01;31:*.war=01;31:*.ear=01;31:*.sar=01;31:*.rar=01;31:*.alz=01;31:*.ace=01;31:*.zoo=01;31:*.cpio=01;31:*.7z=01;31:*.rz=01;31:*.cab=01;31:*.wim=01;31:*.swm=01;31:*.dwm=01;31:*.esd=01;31:*.jpg=01;35:*.jpeg=01;35:*.mjpg=01;35:*.mjpeg=01;35:*.gif=01;35:*.bmp=01;35:*.pbm=01;35:*.pgm=01;35:*.ppm=01;35:*.tga=01;35:*.xbm=01;35:*.xpm=01;35:*.tif=01;35:*.tiff=01;35:*.png=01;35:*.svg=01;35:*.svgz=01;35:*.mng=01;35:*.pcx=01;35:*.mov=01;35:*.mpg=01;35:*.mpeg=01;35:*.m2v=01;35:*.mkv=01;35:*.webm=01;35:*.webp=01;35:*.ogm=01;35:*.mp4=01;35:*.m4v=01;35:*.mp4v=01;35:*.vob=01;35:*.qt=01;35:*.nuv=01;35:*.wmv=01;35:*.asf=01;35:*.rm=01;35:*.rmvb=01;35:*.flc=01;35:*.avi=01;35:*.fli=01;35:*.flv=01;35:*.gl=01;35:*.dl=01;35:*.xcf=01;35:*.xwd=01;35:*.yuv=01;35:*.cgm=01;35:*.emf=01;35:*.ogv=01;35:*.ogx=01;35:*.aac=00;36:*.au=00;36:*.flac=00;36:*.m4a=00;36:*.mid=00;36:*.midi=00;36:*.mka=00;36:*.mp3=00;36:*.mpc=00;36:*.ogg=00;36:*.ra=00;36:*.wav=00;36:*.oga=00;36:*.opus=00;36:*.spx=00;36:*.xspf=00;36:', 'GNOME_TERMINAL_SERVICE': ':1.10137', 'SSH_AGENT_LAUNCHER': 'gnome-keyring', 'SSH_AUTH_SOCK': '/run/user/1000/keyring/ssh', 'AMENT_PREFIX_PATH': '/home/alyssa/homework2-alyssa225/install/turtle_brick:/home/alyssa/homework2-alyssa225/install/turtle_brick_interfaces:/opt/ros/humble', 'SHELL': '/bin/bash', 'QT_ACCESSIBILITY': '1', 'GDMSESSION': 'ubuntu', 'LESSCLOSE': '/usr/bin/lesspipe %s %s', 'QT_IM_MODULE': 'ibus', 'PWD': '/home/alyssa/homework2-alyssa225/build/turtle_brick', 'XDG_CONFIG_DIRS': '/etc/xdg/xdg-ubuntu:/etc/xdg', 'XDG_DATA_DIRS': '/usr/share/ubuntu:/usr/local/share/:/usr/share/:/var/lib/snapd/desktop', 'PYTHONPATH': '/home/alyssa/homework2-alyssa225/install/turtle_brick/lib/python3.10/site-packages:/home/alyssa/homework2-alyssa225/install/turtle_brick_interfaces/local/lib/python3.10/dist-packages:/opt/ros/humble/lib/python3.10/site-packages:/opt/ros/humble/local/lib/python3.10/dist-packages', 'COLCON': '1', 'VTE_VERSION': '6800', 'CMAKE_PREFIX_PATH': '/home/alyssa/homework2-alyssa225/install/turtle_brick_interfaces:/home/alyssa/homework2-alyssa225/install/turtle_brick_interface', 'PYTEST_ADDOPTS': '--tb=short --junit-xml=/home/alyssa/homework2-alyssa225/build/turtle_brick/pytest.xml --junit-prefix=turtle_brick -o cache_dir=/home/alyssa/homework2-alyssa225/build/turtle_brick/.pytest_cache'}, 'shell': False}
[0.315867] (turtle_brick_interfaces) Command: {'cmd': ['/usr/bin/ctest', '-C', 'Release', '-D', 'ExperimentalTest', '--no-compress-output', '-V', '--force-new-ctest-process'], 'cwd': '/home/alyssa/homework2-alyssa225/build/turtle_brick_interfaces', 'env': OrderedDict([('LESSOPEN', '| /usr/bin/lesspipe %s'), ('USER', 'alyssa'), ('XDG_SESSION_TYPE', 'wayland'), ('SHLVL', '1'), ('LD_LIBRARY_PATH', '/home/alyssa/homework2-alyssa225/install/turtle_brick_interfaces/lib:/opt/ros/humble/opt/rviz_ogre_vendor/lib:/opt/ros/humble/lib/x86_64-linux-gnu:/opt/ros/humble/lib'), ('HOME', '/home/alyssa'), ('OLDPWD', '/home/alyssa'), ('DESKTOP_SESSION', 'ubuntu'), ('ROS_PYTHON_VERSION', '3'), ('GNOME_SHELL_SESSION_MODE', 'ubuntu'), ('GTK_MODULES', 'gail:atk-bridge'), ('SYSTEMD_EXEC_PID', '418763'), ('DBUS_SESSION_BUS_ADDRESS', 'unix:path=/run/user/1000/bus'), ('COLORTERM', 'truecolor'), ('IM_CONFIG_PHASE', '1'), ('WAYLAND_DISPLAY', 'wayland-0'), ('COLCON_PREFIX_PATH', '/home/alyssa/homework2-alyssa225/install'), ('ROS_DISTRO', 'humble'), ('LOGNAME', 'alyssa'), ('_', '/usr/bin/colcon'), ('ROS_VERSION', '2'), ('XDG_SESSION_CLASS', 'user'), ('USERNAME', 'alyssa'), ('TERM', 'xterm-256color'), ('GNOME_DESKTOP_SESSION_ID', 'this-is-deprecated'), ('ROS_LOCALHOST_ONLY', '0'), ('PATH', '/opt/ros/humble/bin:/usr/local/sbin:/usr/local/bin:/usr/sbin:/usr/bin:/sbin:/bin:/usr/games:/usr/local/games:/snap/bin:/snap/bin'), ('SESSION_MANAGER', 'local/alyssa-Galago-Pro:@/tmp/.ICE-unix/1005,unix/alyssa-Galago-Pro:/tmp/.ICE-unix/1005'), ('XDG_MENU_PREFIX', 'gnome-'), ('GNOME_TERMINAL_SCREEN', '/org/gnome/Terminal/screen/6d4b914e_9fd7_45b5_b317_afa2fd1ab6a4'), ('GNOME_SETUP_DISPLAY', ':1'), ('XDG_RUNTIME_DIR', '/run/user/1000'), ('DISPLAY', ':0'), ('LANG', 'en_US.UTF-8'), ('XDG_CURRENT_DESKTOP', 'ubuntu:GNOME'), ('XMODIFIERS', '@im=ibus'), ('XDG_SESSION_DESKTOP', 'ubuntu'), ('XAUTHORITY', '/run/user/1000/.mutter-Xwaylandauth.BJT0T1'), ('LS_COLORS', 'rs=0:di=01;34:ln=01;36:mh=00:pi=40;33:so=01;35:do=01;35:bd=40;33;01:cd=40;33;01:or=40;31;01:mi=00:su=37;41:sg=30;43:ca=30;41:tw=30;42:ow=34;42:st=37;44:ex=01;32:*.tar=01;31:*.tgz=01;31:*.arc=01;31:*.arj=01;31:*.taz=01;31:*.lha=01;31:*.lz4=01;31:*.lzh=01;31:*.lzma=01;31:*.tlz=01;31:*.txz=01;31:*.tzo=01;31:*.t7z=01;31:*.zip=01;31:*.z=01;31:*.dz=01;31:*.gz=01;31:*.lrz=01;31:*.lz=01;31:*.lzo=01;31:*.xz=01;31:*.zst=01;31:*.tzst=01;31:*.bz2=01;31:*.bz=01;31:*.tbz=01;31:*.tbz2=01;31:*.tz=01;31:*.deb=01;31:*.rpm=01;31:*.jar=01;31:*.war=01;31:*.ear=01;31:*.sar=01;31:*.rar=01;31:*.alz=01;31:*.ace=01;31:*.zoo=01;31:*.cpio=01;31:*.7z=01;31:*.rz=01;31:*.cab=01;31:*.wim=01;31:*.swm=01;31:*.dwm=01;31:*.esd=01;31:*.jpg=01;35:*.jpeg=01;35:*.mjpg=01;35:*.mjpeg=01;35:*.gif=01;35:*.bmp=01;35:*.pbm=01;35:*.pgm=01;35:*.ppm=01;35:*.tga=01;35:*.xbm=01;35:*.xpm=01;35:*.tif=01;35:*.tiff=01;35:*.png=01;35:*.svg=01;35:*.svgz=01;35:*.mng=01;35:*.pcx=01;35:*.mov=01;35:*.mpg=01;35:*.mpeg=01;35:*.m2v=01;35:*.mkv=01;35:*.webm=01;35:*.webp=01;35:*.ogm=01;35:*.mp4=01;35:*.m4v=01;35:*.mp4v=01;35:*.vob=01;35:*.qt=01;35:*.nuv=01;35:*.wmv=01;35:*.asf=01;35:*.rm=01;35:*.rmvb=01;35:*.flc=01;35:*.avi=01;35:*.fli=01;35:*.flv=01;35:*.gl=01;35:*.dl=01;35:*.xcf=01;35:*.xwd=01;35:*.yuv=01;35:*.cgm=01;35:*.emf=01;35:*.ogv=01;35:*.ogx=01;35:*.aac=00;36:*.au=00;36:*.flac=00;36:*.m4a=00;36:*.mid=00;36:*.midi=00;36:*.mka=00;36:*.mp3=00;36:*.mpc=00;36:*.ogg=00;36:*.ra=00;36:*.wav=00;36:*.oga=00;36:*.opus=00;36:*.spx=00;36:*.xspf=00;36:'), ('GNOME_TERMINAL_SERVICE', ':1.10137'), ('SSH_AGENT_LAUNCHER', 'gnome-keyring'), ('SSH_AUTH_SOCK', '/run/user/1000/keyring/ssh'), ('AMENT_PREFIX_PATH', '/home/alyssa/homework2-alyssa225/install/turtle_brick_interfaces:/home/alyssa/homework2-alyssa225/install/turtle_brick:/opt/ros/humble'), ('SHELL', '/bin/bash'), ('QT_ACCESSIBILITY', '1'), ('GDMSESSION', 'ubuntu'), ('LESSCLOSE', '/usr/bin/lesspipe %s %s'), ('QT_IM_MODULE', 'ibus'), ('PWD', '/home/alyssa/homework2-alyssa225/build/turtle_brick_interfaces'), ('XDG_CONFIG_DIRS', '/etc/xdg/xdg-ubuntu:/etc/xdg'), ('XDG_DATA_DIRS', '/usr/share/ubuntu:/usr/local/share/:/usr/share/:/var/lib/snapd/desktop'), ('PYTHONPATH', '/home/alyssa/homework2-alyssa225/install/turtle_brick_interfaces/local/lib/python3.10/dist-packages:/home/alyssa/homework2-alyssa225/install/turtle_brick/lib/python3.10/site-packages:/opt/ros/humble/lib/python3.10/site-packages:/opt/ros/humble/local/lib/python3.10/dist-packages'), ('COLCON', '1'), ('VTE_VERSION', '6800'), ('CMAKE_PREFIX_PATH', '/home/alyssa/homework2-alyssa225/install/turtle_brick_interfaces:/home/alyssa/homework2-alyssa225/install/turtle_brick_interface')]), 'shell': False}
[0.323618] (turtle_brick_interfaces) StdoutLine: {'line': b'UpdateCTestConfiguration  from :/home/alyssa/homework2-alyssa225/build/turtle_brick_interfaces/CTestConfiguration.ini\n'}
[0.323970] (turtle_brick_interfaces) StdoutLine: {'line': b'Parse Config file:/home/alyssa/homework2-alyssa225/build/turtle_brick_interfaces/CTestConfiguration.ini\n'}
[0.324343] (turtle_brick_interfaces) StdoutLine: {'line': b'   Site: alyssa-Galago-Pro\n'}
[0.324596] (turtle_brick_interfaces) StdoutLine: {'line': b'   Build name: (empty)\n'}
[0.324782] (turtle_brick_interfaces) StdoutLine: {'line': b' Add coverage exclude regular expressions.\n'}
[0.325055] (turtle_brick_interfaces) StdoutLine: {'line': b'Create new tag: 20221021-0208 - Experimental\n'}
[0.325354] (turtle_brick_interfaces) StdoutLine: {'line': b'UpdateCTestConfiguration  from :/home/alyssa/homework2-alyssa225/build/turtle_brick_interfaces/CTestConfiguration.ini\n'}
[0.325584] (turtle_brick_interfaces) StdoutLine: {'line': b'Parse Config file:/home/alyssa/homework2-alyssa225/build/turtle_brick_interfaces/CTestConfiguration.ini\n'}
[0.325858] (turtle_brick_interfaces) StdoutLine: {'line': b'Test project /home/alyssa/homework2-alyssa225/build/turtle_brick_interfaces\n'}
[0.326243] (turtle_brick_interfaces) StdoutLine: {'line': b'Constructing a list of tests\n'}
[0.326535] (turtle_brick_interfaces) StdoutLine: {'line': b'Done constructing a list of tests\n'}
[0.326723] (turtle_brick_interfaces) StdoutLine: {'line': b'Updating test list for fixtures\n'}
[0.326899] (turtle_brick_interfaces) StdoutLine: {'line': b'Added 0 tests to meet fixture requirements\n'}
[0.327148] (turtle_brick_interfaces) StdoutLine: {'line': b'Checking test dependency graph...\n'}
[0.327519] (turtle_brick_interfaces) StdoutLine: {'line': b'Checking test dependency graph end\n'}
[0.327860] (turtle_brick_interfaces) StdoutLine: {'line': b'test 1\n'}
[0.328246] (turtle_brick_interfaces) StdoutLine: {'line': b'    Start 1: lint_cmake\n'}
[0.328778] (turtle_brick_interfaces) StdoutLine: {'line': b'\n'}
[0.329242] (turtle_brick_interfaces) StdoutLine: {'line': b'1: Test command: /usr/bin/python3.10 "-u" "/opt/ros/humble/share/ament_cmake_test/cmake/run_test.py" "/home/alyssa/homework2-alyssa225/build/turtle_brick_interfaces/test_results/turtle_brick_interfaces/lint_cmake.xunit.xml" "--package-name" "turtle_brick_interfaces" "--output-file" "/home/alyssa/homework2-alyssa225/build/turtle_brick_interfaces/ament_lint_cmake/lint_cmake.txt" "--command" "/opt/ros/humble/bin/ament_lint_cmake" "--xunit-file" "/home/alyssa/homework2-alyssa225/build/turtle_brick_interfaces/test_results/turtle_brick_interfaces/lint_cmake.xunit.xml"\n'}
[0.329733] (turtle_brick_interfaces) StdoutLine: {'line': b'1: Test timeout computed to be: 60\n'}
[0.401409] (-) TimerEvent: {}
[0.402623] (turtle_brick_interfaces) StdoutLine: {'line': b"1: -- run_test.py: invoking following command in '/home/alyssa/homework2-alyssa225/src/turtle_brick_interfaces':\n"}
[0.402923] (turtle_brick_interfaces) StdoutLine: {'line': b'1:  - /opt/ros/humble/bin/ament_lint_cmake --xunit-file /home/alyssa/homework2-alyssa225/build/turtle_brick_interfaces/test_results/turtle_brick_interfaces/lint_cmake.xunit.xml\n'}
[0.476616] (turtle_brick_interfaces) StdoutLine: {'line': b'1: \n'}
[0.476896] (turtle_brick_interfaces) StdoutLine: {'line': b'1: No problems found\n'}
[0.486793] (turtle_brick_interfaces) StdoutLine: {'line': b'1: -- run_test.py: return code 0\n'}
[0.487044] (turtle_brick_interfaces) StdoutLine: {'line': b"1: -- run_test.py: verify result file '/home/alyssa/homework2-alyssa225/build/turtle_brick_interfaces/test_results/turtle_brick_interfaces/lint_cmake.xunit.xml'\n"}
[0.497093] (turtle_brick_interfaces) StdoutLine: {'line': b'1/2 Test #1: lint_cmake .......................   Passed    0.17 sec\n'}
[0.497703] (turtle_brick_interfaces) StdoutLine: {'line': b'test 2\n'}
[0.498667] (turtle_brick_interfaces) StdoutLine: {'line': b'    Start 2: xmllint\n'}
[0.498952] (turtle_brick_interfaces) StdoutLine: {'line': b'\n'}
[0.499161] (turtle_brick_interfaces) StdoutLine: {'line': b'2: Test command: /usr/bin/python3.10 "-u" "/opt/ros/humble/share/ament_cmake_test/cmake/run_test.py" "/home/alyssa/homework2-alyssa225/build/turtle_brick_interfaces/test_results/turtle_brick_interfaces/xmllint.xunit.xml" "--package-name" "turtle_brick_interfaces" "--output-file" "/home/alyssa/homework2-alyssa225/build/turtle_brick_interfaces/ament_xmllint/xmllint.txt" "--command" "/opt/ros/humble/bin/ament_xmllint" "--xunit-file" "/home/alyssa/homework2-alyssa225/build/turtle_brick_interfaces/test_results/turtle_brick_interfaces/xmllint.xunit.xml"\n'}
[0.499372] (turtle_brick_interfaces) StdoutLine: {'line': b'2: Test timeout computed to be: 60\n'}
[0.501488] (-) TimerEvent: {}
[0.568752] (turtle_brick_interfaces) StdoutLine: {'line': b"2: -- run_test.py: invoking following command in '/home/alyssa/homework2-alyssa225/src/turtle_brick_interfaces':\n"}
[0.569028] (turtle_brick_interfaces) StdoutLine: {'line': b'2:  - /opt/ros/humble/bin/ament_xmllint --xunit-file /home/alyssa/homework2-alyssa225/build/turtle_brick_interfaces/test_results/turtle_brick_interfaces/xmllint.xunit.xml\n'}
[0.606568] (-) TimerEvent: {}
[0.706914] (-) TimerEvent: {}
[0.707583] (turtle_brick) StdoutLine: {'line': b'\x1b[1m============================= test session starts ==============================\x1b[0m\n'}
[0.707856] (turtle_brick) StdoutLine: {'line': b'platform linux -- Python 3.10.6, pytest-6.2.5, py-1.10.0, pluggy-0.13.0\n'}
[0.715732] (turtle_brick) StdoutLine: {'line': b'cachedir: /home/alyssa/homework2-alyssa225/build/turtle_brick/.pytest_cache\n'}
[0.715996] (turtle_brick) StdoutLine: {'line': b'rootdir: /home/alyssa/homework2-alyssa225/src/turtle_brick\n'}
[0.716252] (turtle_brick) StdoutLine: {'line': b'plugins: ament-lint-0.12.4, ament-xmllint-0.12.4, launch-testing-ros-0.19.3, launch-testing-1.0.2, ament-flake8-0.12.4, ament-pep257-0.12.4, ament-copyright-0.12.4, colcon-core-0.10.0, cov-3.0.0\n'}
[0.774272] (turtle_brick_interfaces) StdoutLine: {'line': b"2: File 'package.xml' is valid\n"}
[0.774588] (turtle_brick_interfaces) StdoutLine: {'line': b'2: \n'}
[0.774778] (turtle_brick_interfaces) StdoutLine: {'line': b'2: No problems found\n'}
[0.791073] (turtle_brick_interfaces) StdoutLine: {'line': b'2: -- run_test.py: return code 0\n'}
[0.791441] (turtle_brick_interfaces) StdoutLine: {'line': b"2: -- run_test.py: verify result file '/home/alyssa/homework2-alyssa225/build/turtle_brick_interfaces/test_results/turtle_brick_interfaces/xmllint.xunit.xml'\n"}
[0.807012] (-) TimerEvent: {}
[0.807725] (turtle_brick_interfaces) StdoutLine: {'line': b'2/2 Test #2: xmllint ..........................   Passed    0.31 sec\n'}
[0.808134] (turtle_brick_interfaces) StdoutLine: {'line': b'\n'}
[0.808428] (turtle_brick_interfaces) StdoutLine: {'line': b'\x1b[0;32m100% tests passed\x1b[0;0m, 0 tests failed\x1b[0;0m out of 2\n'}
[0.808624] (turtle_brick_interfaces) StdoutLine: {'line': b'\n'}
[0.808794] (turtle_brick_interfaces) StdoutLine: {'line': b'Label Time Summary:\n'}
[0.808962] (turtle_brick_interfaces) StdoutLine: {'line': b'lint_cmake    =   0.17 sec*proc (1 test)\n'}
[0.809136] (turtle_brick_interfaces) StdoutLine: {'line': b'linter        =   0.48 sec*proc (2 tests)\n'}
[0.809325] (turtle_brick_interfaces) StdoutLine: {'line': b'xmllint       =   0.31 sec*proc (1 test)\n'}
[0.809507] (turtle_brick_interfaces) StdoutLine: {'line': b'\n'}
[0.809678] (turtle_brick_interfaces) StdoutLine: {'line': b'Total Test time (real) =   0.48 sec\n'}
[0.810339] (turtle_brick) StdoutLine: {'line': b'\x1b[1mcollecting ... \x1b[0m\x1b[1m\n'}
[0.810574] (turtle_brick) StdoutLine: {'line': b'collected 4 items                                                              \x1b[0m\n'}
[0.810903] (turtle_brick) StdoutLine: {'line': b'\n'}
[0.820133] (turtle_brick) StdoutLine: {'line': b'test/math_test.py \x1b[32m.\x1b[0m\x1b[32m                                                      [ 25%]\x1b[0m\n'}
[0.821512] (turtle_brick) StdoutLine: {'line': b'test/test_copyright.py \x1b[33ms\x1b[0m\x1b[32m                                                 [ 50%]\x1b[0m\n'}
[0.831325] (turtle_brick_interfaces) CommandEnded: {'returncode': 0}
[0.831911] (turtle_brick_interfaces) JobEnded: {'identifier': 'turtle_brick_interfaces', 'rc': 0}
[0.907112] (-) TimerEvent: {}
[1.007639] (-) TimerEvent: {}
[1.098067] (turtle_brick) StdoutLine: {'line': b'test/test_flake8.py \x1b[31mF\x1b[0m\x1b[31m                                                    [ 75%]\x1b[0m\n'}
[1.107736] (-) TimerEvent: {}
[1.195364] (turtle_brick) StdoutLine: {'line': b'test/test_pep257.py \x1b[31mF\x1b[0m\x1b[31m                                                    [100%]\x1b[0m\n'}
[1.196161] (turtle_brick) StdoutLine: {'line': b'\n'}
[1.196457] (turtle_brick) StdoutLine: {'line': b'=================================== FAILURES ===================================\n'}
[1.196698] (turtle_brick) StdoutLine: {'line': b'\x1b[31m\x1b[1m_________________________________ test_flake8 __________________________________\x1b[0m\n'}
[1.196904] (turtle_brick) StdoutLine: {'line': b'\x1b[1m\x1b[31mtest/test_flake8.py\x1b[0m:23: in test_flake8\n'}
[1.207841] (-) TimerEvent: {}
[1.268671] (turtle_brick) StdoutLine: {'line': b'    \x1b[94massert\x1b[39;49;00m rc == \x1b[94m0\x1b[39;49;00m, \\\n'}
[1.269026] (turtle_brick) StdoutLine: {'line': b'\x1b[1m\x1b[31mE   AssertionError: Found 1 code style errors / warnings:\x1b[0m\n'}
[1.269611] (turtle_brick) StdoutLine: {'line': b'\x1b[1m\x1b[31mE     ./turtle_brick/catcher.py:97:13: E129 visually indented line with same indent as next logical line\x1b[0m\n'}
[1.269854] (turtle_brick) StdoutLine: {'line': b'\x1b[1m\x1b[31mE   assert 1 == 0\x1b[0m\n'}
[1.270096] (turtle_brick) StdoutLine: {'line': b'----------------------------- Captured stdout call -----------------------------\n'}
[1.270299] (turtle_brick) StdoutLine: {'line': b'\n'}
[1.270475] (turtle_brick) StdoutLine: {'line': b'./turtle_brick/catcher.py:97:13: E129 visually indented line with same indent as next logical line\n'}
[1.270650] (turtle_brick) StdoutLine: {'line': b'            and abs(self.platformy) <= 0.05):\n'}
[1.270823] (turtle_brick) StdoutLine: {'line': b'            ^\n'}
[1.270997] (turtle_brick) StdoutLine: {'line': b'\n'}
[1.271170] (turtle_brick) StdoutLine: {'line': b'1     E129 visually indented line with same indent as next logical line\n'}
[1.271343] (turtle_brick) StdoutLine: {'line': b'\n'}
[1.271519] (turtle_brick) StdoutLine: {'line': b'13 files checked\n'}
[1.271724] (turtle_brick) StdoutLine: {'line': b'1 errors\n'}
[1.271927] (turtle_brick) StdoutLine: {'line': b'\n'}
[1.272166] (turtle_brick) StdoutLine: {'line': b"'E'-type errors: 1\n"}
[1.272359] (turtle_brick) StdoutLine: {'line': b'\n'}
[1.272548] (turtle_brick) StdoutLine: {'line': b'Checked files:\n'}
[1.272741] (turtle_brick) StdoutLine: {'line': b'\n'}
[1.272929] (turtle_brick) StdoutLine: {'line': b'* ./setup.py\n'}
[1.273112] (turtle_brick) StdoutLine: {'line': b'* ./turtle_brick/arena.py\n'}
[1.273290] (turtle_brick) StdoutLine: {'line': b'* ./turtle_brick/turtle_robot.py\n'}
[1.273479] (turtle_brick) StdoutLine: {'line': b'* ./turtle_brick/catcher.py\n'}
[1.273675] (turtle_brick) StdoutLine: {'line': b'* ./turtle_brick/__init__.py\n'}
[1.273866] (turtle_brick) StdoutLine: {'line': b'* ./test/math_test.py\n'}
[1.274055] (turtle_brick) StdoutLine: {'line': b'* ./test/test_flake8.py\n'}
[1.274242] (turtle_brick) StdoutLine: {'line': b'* ./test/test_copyright.py\n'}
[1.274431] (turtle_brick) StdoutLine: {'line': b'* ./test/test_pep257.py\n'}
[1.274619] (turtle_brick) StdoutLine: {'line': b'* ./test/brick.test.py\n'}
[1.274807] (turtle_brick) StdoutLine: {'line': b'* ./launch/show_turtle.launch.py\n'}
[1.274998] (turtle_brick) StdoutLine: {'line': b'* ./launch/run_turtle.launch.py\n'}
[1.275199] (turtle_brick) StdoutLine: {'line': b'* ./launch/turtle_arena.launch.py\n'}
[1.275398] (turtle_brick) StdoutLine: {'line': b'----------------------------- Captured stderr call -----------------------------\n'}
[1.275594] (turtle_brick) StdoutLine: {'line': b'option --max-complexity: please update from optparse string `type=` to argparse callable `type=` -- this will be an error in the future\n'}
[1.275792] (turtle_brick) StdoutLine: {'line': b'\x1b[31m\x1b[1m_________________________________ test_pep257 __________________________________\x1b[0m\n'}
[1.276004] (turtle_brick) StdoutLine: {'line': b'\x1b[1m\x1b[31mtest/test_pep257.py\x1b[0m:23: in test_pep257\n'}
[1.276220] (turtle_brick) StdoutLine: {'line': b"    \x1b[94massert\x1b[39;49;00m rc == \x1b[94m0\x1b[39;49;00m, \x1b[33m'\x1b[39;49;00m\x1b[33mFound code style errors / warnings\x1b[39;49;00m\x1b[33m'\x1b[39;49;00m\n"}
[1.276413] (turtle_brick) StdoutLine: {'line': b'\x1b[1m\x1b[31mE   AssertionError: Found code style errors / warnings\x1b[0m\n'}
[1.276600] (turtle_brick) StdoutLine: {'line': b'\x1b[1m\x1b[31mE   assert 1 == 0\x1b[0m\n'}
[1.276890] (turtle_brick) StdoutLine: {'line': b'----------------------------- Captured stdout call -----------------------------\n'}
[1.277244] (turtle_brick) StdoutLine: {'line': b'checking ./launch/run_turtle.launch.py\n'}
[1.277543] (turtle_brick) StdoutLine: {'line': b'checking ./launch/show_turtle.launch.py\n'}
[1.277831] (turtle_brick) StdoutLine: {'line': b'checking ./launch/turtle_arena.launch.py\n'}
[1.278139] (turtle_brick) StdoutLine: {'line': b'checking ./setup.py\n'}
[1.278448] (turtle_brick) StdoutLine: {'line': b'checking ./test/brick.test.py\n'}
[1.278751] (turtle_brick) StdoutLine: {'line': b'checking ./test/math_test.py\n'}
[1.279058] (turtle_brick) StdoutLine: {'line': b'checking ./test/test_copyright.py\n'}
[1.279358] (turtle_brick) StdoutLine: {'line': b'checking ./test/test_flake8.py\n'}
[1.279636] (turtle_brick) StdoutLine: {'line': b'checking ./test/test_pep257.py\n'}
[1.279910] (turtle_brick) StdoutLine: {'line': b'checking ./turtle_brick/__init__.py\n'}
[1.280304] (turtle_brick) StdoutLine: {'line': b'checking ./turtle_brick/arena.py\n'}
[1.280610] (turtle_brick) StdoutLine: {'line': b'./turtle_brick/arena.py:16 in public class `BState`: D204: 1 blank line required after class docstring (found 0)\n'}
[1.280912] (turtle_brick) StdoutLine: {'line': b'./turtle_brick/arena.py:16 in public class `BState`: D205: 1 blank line required between summary line and description (found 0)\n'}
[1.281136] (turtle_brick) StdoutLine: {'line': b'./turtle_brick/arena.py:16 in public class `BState`: D208: Docstring is over-indented\n'}
[1.281492] (turtle_brick) StdoutLine: {'line': b'./turtle_brick/arena.py:16 in public class `BState`: D210: No whitespaces allowed surrounding docstring text\n'}
[1.281792] (turtle_brick) StdoutLine: {'line': b'./turtle_brick/arena.py:16 in public class `BState`: D213: Multi-line docstring summary should start at the second line\n'}
[1.282029] (turtle_brick) StdoutLine: {'line': b'./turtle_brick/arena.py:29 in public class `Arena`: D204: 1 blank line required after class docstring (found 0)\n'}
[1.282373] (turtle_brick) StdoutLine: {'line': b'./turtle_brick/arena.py:29 in public class `Arena`: D205: 1 blank line required between summary line and description (found 0)\n'}
[1.282595] (turtle_brick) StdoutLine: {'line': b'checking ./turtle_brick/catcher.py\n'}
[1.282955] (turtle_brick) StdoutLine: {'line': b'./turtle_brick/catcher.py:13 in public class `State`: D204: 1 blank line required after class docstring (found 0)\n'}
[1.283212] (turtle_brick) StdoutLine: {'line': b'./turtle_brick/catcher.py:13 in public class `State`: D205: 1 blank line required between summary line and description (found 0)\n'}
[1.283436] (turtle_brick) StdoutLine: {'line': b"./turtle_brick/catcher.py:13 in public class `State`: D400: First line should end with a period (not 't')\n"}
[1.283635] (turtle_brick) StdoutLine: {'line': b"./turtle_brick/catcher.py:13 in public class `State`: D415: First line should end with a period, question mark, or exclamation point (not 't')\n"}
[1.283829] (turtle_brick) StdoutLine: {'line': b'./turtle_brick/catcher.py:23 in public class `Catcher`: D205: 1 blank line required between summary line and description (found 0)\n'}
[1.284018] (turtle_brick) StdoutLine: {'line': b"./turtle_brick/catcher.py:23 in public class `Catcher`: D400: First line should end with a period (not 't')\n"}
[1.284237] (turtle_brick) StdoutLine: {'line': b"./turtle_brick/catcher.py:23 in public class `Catcher`: D415: First line should end with a period, question mark, or exclamation point (not 't')\n"}
[1.284436] (turtle_brick) StdoutLine: {'line': b'checking ./turtle_brick/turtle_robot.py\n'}
[1.284622] (turtle_brick) StdoutLine: {'line': b'./turtle_brick/turtle_robot.py:14 in public class `Turtle_robot`: D204: 1 blank line required after class docstring (found 0)\n'}
[1.284804] (turtle_brick) StdoutLine: {'line': b'./turtle_brick/turtle_robot.py:14 in public class `Turtle_robot`: D205: 1 blank line required between summary line and description (found 0)\n'}
[1.284985] (turtle_brick) StdoutLine: {'line': b'checking test/brick.test.py\n'}
[1.285178] (turtle_brick) StdoutLine: {'line': b'checking test/math_test.py\n'}
[1.285352] (turtle_brick) StdoutLine: {'line': b'checking test/test_copyright.py\n'}
[1.285526] (turtle_brick) StdoutLine: {'line': b'checking test/test_flake8.py\n'}
[1.285698] (turtle_brick) StdoutLine: {'line': b'checking test/test_pep257.py\n'}
[1.285873] (turtle_brick) StdoutLine: {'line': b'16 errors\n'}
[1.286049] (turtle_brick) StderrLine: {'line': b'\x1b[33m=============================== warnings summary ===============================\x1b[0m\n'}
[1.286244] (turtle_brick) StderrLine: {'line': b'test/test_flake8.py::test_flake8\n'}
[1.286419] (turtle_brick) StderrLine: {'line': b'test/test_flake8.py::test_flake8\n'}
[1.286584] (turtle_brick) StderrLine: {'line': b'  Warning: SelectableGroups dict interface is deprecated. Use select.\n'}
[1.286755] (turtle_brick) StderrLine: {'line': b'\n'}
[1.286925] (turtle_brick) StderrLine: {'line': b'-- Docs: https://docs.pytest.org/en/stable/warnings.html\n'}
[1.287096] (turtle_brick) StdoutLine: {'line': b'- generated xml file: /home/alyssa/homework2-alyssa225/build/turtle_brick/pytest.xml -\n'}
[1.287293] (turtle_brick) StdoutLine: {'line': b'=========================== short test summary info ============================\n'}
[1.287472] (turtle_brick) StdoutLine: {'line': b'FAILED test/test_flake8.py::test_flake8 - AssertionError: Found 1 code style ...\n'}
[1.287651] (turtle_brick) StdoutLine: {'line': b'FAILED test/test_pep257.py::test_pep257 - AssertionError: Found code style er...\n'}
[1.287829] (turtle_brick) StdoutLine: {'line': b'\x1b[31m============== \x1b[31m\x1b[1m2 failed\x1b[0m, \x1b[32m1 passed\x1b[0m, \x1b[33m1 skipped\x1b[0m, \x1b[33m2 warnings\x1b[0m\x1b[31m in 0.56s\x1b[0m\x1b[31m ==============\x1b[0m\n'}
[1.307972] (-) TimerEvent: {}
[1.365635] (turtle_brick) CommandEnded: {'returncode': 1}
[1.366440] (turtle_brick) TestFailure: {'identifier': 'turtle_brick'}
[1.366554] (turtle_brick) JobEnded: {'identifier': 'turtle_brick', 'rc': 0}
[1.367066] (-) EventReactorShutdown: {}
