[0.250s] Invoking command in '/home/alyssa/homework2-alyssa225/src/turtle_brick': AMENT_PREFIX_PATH=/home/alyssa/homework2-alyssa225/install/turtle_brick:/home/alyssa/homework2-alyssa225/install/turtle_brick_interfaces:/opt/ros/humble PYTEST_ADDOPTS=--tb=short --junit-xml=/home/alyssa/homework2-alyssa225/build/turtle_brick/pytest.xml --junit-prefix=turtle_brick -o cache_dir=/home/alyssa/homework2-alyssa225/build/turtle_brick/.pytest_cache PYTHONPATH=/home/alyssa/homework2-alyssa225/install/turtle_brick/lib/python3.10/site-packages:/home/alyssa/homework2-alyssa225/install/turtle_brick_interfaces/local/lib/python3.10/dist-packages:/opt/ros/humble/lib/python3.10/site-packages:/opt/ros/humble/local/lib/python3.10/dist-packages /usr/bin/python3 -m pytest
[0.530s] [1m============================= test session starts ==============================[0m
[0.530s] platform linux -- Python 3.10.6, pytest-6.2.5, py-1.10.0, pluggy-0.13.0
[0.534s] cachedir: /home/alyssa/homework2-alyssa225/build/turtle_brick/.pytest_cache
[0.534s] rootdir: /home/alyssa/homework2-alyssa225/src/turtle_brick
[0.534s] plugins: ament-lint-0.12.4, ament-xmllint-0.12.4, launch-testing-ros-0.19.3, launch-testing-1.0.2, ament-flake8-0.12.4, ament-pep257-0.12.4, ament-copyright-0.12.4, colcon-core-0.10.0, cov-3.0.0
[0.638s] [1mcollecting ... [0m[1m
[0.639s] collected 4 items                                                              [0m
[0.639s] 
[0.651s] test/math_test.py [32m.[0m[32m                                                      [ 25%][0m
[0.652s] test/test_copyright.py [33ms[0m[32m                                                 [ 50%][0m
[0.887s] test/test_flake8.py [31mF[0m[31m                                                    [ 75%][0m
[0.953s] test/test_pep257.py [31mF[0m[31m                                                    [100%][0m
[0.953s] 
[0.953s] =================================== FAILURES ===================================
[0.954s] [31m[1m_________________________________ test_flake8 __________________________________[0m
[0.954s] [1m[31mtest/test_flake8.py[0m:23: in test_flake8
[0.991s]     [94massert[39;49;00m rc == [94m0[39;49;00m, \
[0.992s] [1m[31mE   AssertionError: Found 36 code style errors / warnings:[0m
[0.993s] [1m[31mE     ./test/brick.test.py:8:100: E501 line too long (129 > 99 characters)[0m
[0.993s] [1m[31mE     ./test/brick.test.py:21:9: W292 no newline at end of file[0m
[0.993s] [1m[31mE     ./launch/show_turtle.launch.py:12:90: W291 trailing whitespace[0m
[0.994s] [1m[31mE     ./launch/show_turtle.launch.py:15:14: W291 trailing whitespace[0m
[0.994s] [1m[31mE     ./launch/show_turtle.launch.py:25:22: E225 missing whitespace around operator[0m
[0.994s] [1m[31mE     ./launch/show_turtle.launch.py:27:51: E225 missing whitespace around operator[0m
[0.994s] [1m[31mE     ./launch/show_turtle.launch.py:28:5: F841 local variable 'use_sim_time' is assigned to but never used[0m
[0.994s] [1m[31mE     ./launch/show_turtle.launch.py:30:100: E501 line too long (115 > 99 characters)[0m
[0.994s] [1m[31mE     ./launch/show_turtle.launch.py:30:105: E231 missing whitespace after ','[0m
[0.994s] [1m[31mE     ./launch/show_turtle.launch.py:31:37: E128 continuation line under-indented for visual indent[0m
[0.995s] [1m[31mE     ./launch/show_turtle.launch.py:34:100: E501 line too long (100 > 99 characters)[0m
[0.995s] [1m[31mE     ./launch/show_turtle.launch.py:48:89: E231 missing whitespace after ','[0m
[0.995s] [1m[31mE     ./launch/show_turtle.launch.py:48:96: E231 missing whitespace after ','[0m
[0.995s] [1m[31mE     ./launch/show_turtle.launch.py:55:56: E231 missing whitespace after ','[0m
[0.995s] [1m[31mE     ./launch/show_turtle.launch.py:61:56: E231 missing whitespace after ','[0m
[0.995s] [1m[31mE     ./launch/show_turtle.launch.py:80:7: W292 no newline at end of file[0m
[0.995s] [1m[31mE     ./launch/run_turtle.launch.py:2:1: F401 'ament_index_python.packages.get_package_share_path' imported but unused[0m
[0.996s] [1m[31mE     ./launch/run_turtle.launch.py:5:1: F401 'launch.actions.DeclareLaunchArgument' imported but unused[0m
[0.996s] [1m[31mE     ./launch/run_turtle.launch.py:6:1: F401 'launch.conditions.IfCondition' imported but unused[0m
[0.996s] [1m[31mE     ./launch/run_turtle.launch.py:6:1: F401 'launch.conditions.UnlessCondition' imported but unused[0m
[0.996s] [1m[31mE     ./launch/run_turtle.launch.py:7:1: F401 'launch.substitutions.Command' imported but unused[0m
[0.996s] [1m[31mE     ./launch/run_turtle.launch.py:7:1: F401 'launch.substitutions.LaunchConfiguration' imported but unused[0m
[0.997s] [1m[31mE     ./launch/run_turtle.launch.py:10:1: F401 'launch_ros.parameter_descriptions.ParameterValue' imported but unused[0m
[0.997s] [1m[31mE     ./launch/run_turtle.launch.py:13:69: W291 trailing whitespace[0m
[0.997s] [1m[31mE     ./launch/run_turtle.launch.py:16:1: E302 expected 2 blank lines, found 0[0m
[0.997s] [1m[31mE     ./launch/run_turtle.launch.py:43:23: E251 unexpected spaces around keyword / parameter equals[0m
[0.997s] [1m[31mE     ./launch/run_turtle.launch.py:43:25: E251 unexpected spaces around keyword / parameter equals[0m
[0.997s] [1m[31mE     ./launch/run_turtle.launch.py:43:70: E231 missing whitespace after ','[0m
[0.998s] [1m[31mE     ./launch/run_turtle.launch.py:46:1: W293 blank line contains whitespace[0m
[0.998s] [1m[31mE     ./launch/run_turtle.launch.py:47:7: W292 no newline at end of file[0m
[0.998s] [1m[31mE     ./launch/turtle_arena.launch.py:5:27: E271 multiple spaces after keyword[0m
[0.998s] [1m[31mE     ./launch/turtle_arena.launch.py:10:61: W291 trailing whitespace[0m
[0.998s] [1m[31mE     ./launch/turtle_arena.launch.py:12:54: W291 trailing whitespace[0m
[0.998s] [1m[31mE     ./launch/turtle_arena.launch.py:15:1: E302 expected 2 blank lines, found 1[0m
[0.998s] [1m[31mE     ./launch/turtle_arena.launch.py:44:1: W293 blank line contains whitespace[0m
[0.999s] [1m[31mE     ./launch/turtle_arena.launch.py:45:7: W292 no newline at end of file[0m
[0.999s] [1m[31mE   assert 1 == 0[0m
[0.999s] ----------------------------- Captured stdout call -----------------------------
[0.999s] 
[0.999s] ./test/brick.test.py:8:100: E501 line too long (129 > 99 characters)
[0.999s] # found this example here https://github.com/ros2/launch/blob/humble/launch_pytest/test/launch_pytest/examples/check_node_msgs.py
[0.999s]                                                                                                    ^
[0.999s] 
[1.000s] ./test/brick.test.py:21:9: W292 no newline at end of file
[1.000s] #     ])        ^
[1.000s] 
[1.000s] ./launch/show_turtle.launch.py:12:90: W291 trailing whitespace
[1.000s] """
[1.000s] took bases from https://github.com/ros/urdf_tutorial/blob/ros2/launch/display.launch.py
[1.000s] launches the rviz, robot publisher, and choosen joint state publisher nodes and takes the 
[1.001s] turtle_robot.urdf.xacro file from the urdf folder
[1.001s] LAUNCH ARGUMENTS:
[1.001s]     -use_jsp: 
[1.001s]         default: '"gui"'
[1.001s]         arguments: ['"gui"', '"jsp"', '"none"']
[1.001s]             '"gui"': launches with joint_state_publisher_gui_node
[1.001s]             '"jsp"': launches with joint_state_publisher_node
[1.001s]             '"none"': does not use either joint state publisher
[1.001s] """
[1.002s]    
[1.002s]                                                                                      ^
[1.002s] 
[1.002s] ./launch/show_turtle.launch.py:15:14: W291 trailing whitespace
[1.002s] """
[1.002s] took bases from https://github.com/ros/urdf_tutorial/blob/ros2/launch/display.launch.py
[1.002s] launches the rviz, robot publisher, and choosen joint state publisher nodes and takes the 
[1.002s] turtle_robot.urdf.xacro file from the urdf folder
[1.002s] LAUNCH ARGUMENTS:
[1.003s]     -use_jsp: 
[1.003s]         default: '"gui"'
[1.003s]         arguments: ['"gui"', '"jsp"', '"none"']
[1.003s]             '"gui"': launches with joint_state_publisher_gui_node
[1.003s]             '"jsp"': launches with joint_state_publisher_node
[1.003s]             '"none"': does not use either joint state publisher
[1.003s] """
[1.003s]    
[1.003s]          ^
[1.004s] 
[1.004s] ./launch/show_turtle.launch.py:25:22: E225 missing whitespace around operator
[1.004s]     turtle_brick_path= 'src/turtle_brick'
[1.004s]                      ^
[1.004s] 
[1.004s] ./launch/show_turtle.launch.py:27:51: E225 missing whitespace around operator
[1.004s]     default_rviz_config_path = turtle_brick_path +'/config/turtle_urdf.rviz'
[1.004s]                                                   ^
[1.005s] 
[1.005s] ./launch/show_turtle.launch.py:28:5: F841 local variable 'use_sim_time' is assigned to but never used
[1.005s]     use_sim_time = LaunchConfiguration('use_sim_time', default='false')
[1.005s]     ^
[1.005s] 
[1.005s] ./launch/show_turtle.launch.py:30:100: E501 line too long (115 > 99 characters)
[1.005s]     use_jsp_arg = DeclareLaunchArgument(name='use_jsp', default_value='"gui"', choices=['"gui"', '"jsp"','"none"'],
[1.005s]                                                                                                    ^
[1.005s] 
[1.006s] ./launch/show_turtle.launch.py:30:105: E231 missing whitespace after ','
[1.006s]     use_jsp_arg = DeclareLaunchArgument(name='use_jsp', default_value='"gui"', choices=['"gui"', '"jsp"','"none"'],
[1.006s]                                                                                                         ^
[1.006s] 
[1.006s] ./launch/show_turtle.launch.py:31:37: E128 continuation line under-indented for visual indent
[1.006s]                                     description='choose which jointstate publisher to use or none')
[1.006s]                                     ^
[1.006s] 
[1.007s] ./launch/show_turtle.launch.py:34:100: E501 line too long (100 > 99 characters)
[1.007s]     rviz_arg = DeclareLaunchArgument(name='rvizconfig', default_value=str(default_rviz_config_path),
[1.007s]                                                                                                    ^
[1.007s] 
[1.007s] ./launch/show_turtle.launch.py:48:89: E231 missing whitespace after ','
[1.007s]         parameters=[{'robot_description': robot_description, 'publish_frequency': 100.0},config,]
[1.007s]                                                                                         ^
[1.007s] 
[1.008s] ./launch/show_turtle.launch.py:48:96: E231 missing whitespace after ','
[1.008s]         parameters=[{'robot_description': robot_description, 'publish_frequency': 100.0},config,]
[1.008s]                                                                                                ^
[1.008s] 
[1.008s] ./launch/show_turtle.launch.py:55:56: E231 missing whitespace after ','
[1.008s]         condition=IfCondition(PythonExpression([use_jsp,"=='jsp'"]))
[1.008s]                                                        ^
[1.008s] 
[1.008s] ./launch/show_turtle.launch.py:61:56: E231 missing whitespace after ','
[1.009s]         condition=IfCondition(PythonExpression([use_jsp,"=='gui'"]))
[1.009s]                                                        ^
[1.009s] 
[1.009s] ./launch/show_turtle.launch.py:80:7: W292 no newline at end of file
[1.009s]     ])      ^
[1.009s] 
[1.009s] ./launch/run_turtle.launch.py:2:1: F401 'ament_index_python.packages.get_package_share_path' imported but unused
[1.009s] from ament_index_python.packages import get_package_share_path, get_package_share_directory
[1.009s] ^
[1.010s] 
[1.010s] ./launch/run_turtle.launch.py:5:1: F401 'launch.actions.DeclareLaunchArgument' imported but unused
[1.010s] from launch.actions import DeclareLaunchArgument, IncludeLaunchDescription
[1.010s] ^
[1.010s] 
[1.010s] ./launch/run_turtle.launch.py:6:1: F401 'launch.conditions.IfCondition' imported but unused
[1.010s] from launch.conditions import IfCondition, UnlessCondition
[1.010s] ^
[1.010s] 
[1.011s] ./launch/run_turtle.launch.py:6:1: F401 'launch.conditions.UnlessCondition' imported but unused
[1.011s] from launch.conditions import IfCondition, UnlessCondition
[1.011s] ^
[1.011s] 
[1.011s] ./launch/run_turtle.launch.py:7:1: F401 'launch.substitutions.Command' imported but unused
[1.011s] from launch.substitutions import Command, LaunchConfiguration, PathJoinSubstitution
[1.011s] ^
[1.011s] 
[1.012s] ./launch/run_turtle.launch.py:7:1: F401 'launch.substitutions.LaunchConfiguration' imported but unused
[1.012s] from launch.substitutions import Command, LaunchConfiguration, PathJoinSubstitution
[1.012s] ^
[1.012s] 
[1.012s] ./launch/run_turtle.launch.py:10:1: F401 'launch_ros.parameter_descriptions.ParameterValue' imported but unused
[1.012s] from launch_ros.parameter_descriptions import ParameterValue
[1.012s] ^
[1.012s] 
[1.012s] ./launch/run_turtle.launch.py:13:69: W291 trailing whitespace
[1.013s] """
[1.013s] launches turtlesim and turtle_robot node along with all the nodes in 
[1.013s] show_turtle launch file. Also connects yaml file to turtle_robot
[1.013s] """
[1.013s]    
[1.013s]                                                                 ^
[1.013s] 
[1.013s] ./launch/run_turtle.launch.py:16:1: E302 expected 2 blank lines, found 0
[1.013s] def generate_launch_description():
[1.014s] ^
[1.014s] 
[1.014s] ./launch/run_turtle.launch.py:43:23: E251 unexpected spaces around keyword / parameter equals
[1.014s]             remappings = [('/cmd_vel', '/turtlesim1/turtle1/cmd_vel'),],
[1.014s]                       ^
[1.014s] 
[1.014s] ./launch/run_turtle.launch.py:43:25: E251 unexpected spaces around keyword / parameter equals
[1.014s]             remappings = [('/cmd_vel', '/turtlesim1/turtle1/cmd_vel'),],
[1.015s]                         ^
[1.015s] 
[1.015s] ./launch/run_turtle.launch.py:43:70: E231 missing whitespace after ','
[1.015s]             remappings = [('/cmd_vel', '/turtlesim1/turtle1/cmd_vel'),],
[1.015s]                                                                      ^
[1.015s] 
[1.015s] ./launch/run_turtle.launch.py:46:1: W293 blank line contains whitespace
[1.015s]         
[1.015s] ^
[1.016s] 
[1.016s] ./launch/run_turtle.launch.py:47:7: W292 no newline at end of file
[1.016s]     ])      ^
[1.016s] 
[1.016s] ./launch/turtle_arena.launch.py:5:27: E271 multiple spaces after keyword
[1.016s] from launch.actions import  IncludeLaunchDescription
[1.016s]                           ^
[1.016s] 
[1.016s] ./launch/turtle_arena.launch.py:10:61: W291 trailing whitespace
[1.017s] """
[1.017s] launches arena and catcher nodes along with all the nodes in 
[1.017s] show_turtle launch file.
[1.017s] Also connects to yaml files to arena and catcher node 
[1.017s] """
[1.017s]    
[1.017s]                                                         ^
[1.017s] 
[1.018s] ./launch/turtle_arena.launch.py:12:54: W291 trailing whitespace
[1.018s] """
[1.018s] launches arena and catcher nodes along with all the nodes in 
[1.018s] show_turtle launch file.
[1.018s] Also connects to yaml files to arena and catcher node 
[1.018s] """
[1.018s]    
[1.018s]                                                  ^
[1.019s] 
[1.019s] ./launch/turtle_arena.launch.py:15:1: E302 expected 2 blank lines, found 1
[1.019s] def generate_launch_description():
[1.019s] ^
[1.019s] 
[1.019s] ./launch/turtle_arena.launch.py:44:1: W293 blank line contains whitespace
[1.019s]         
[1.019s] ^
[1.019s] 
[1.020s] ./launch/turtle_arena.launch.py:45:7: W292 no newline at end of file
[1.020s]     ])      ^
[1.020s] 
[1.020s] 1     E128 continuation line under-indented for visual indent
[1.020s] 2     E225 missing whitespace around operator
[1.020s] 6     E231 missing whitespace after ','
[1.020s] 2     E251 unexpected spaces around keyword / parameter equals
[1.020s] 1     E271 multiple spaces after keyword
[1.020s] 2     E302 expected 2 blank lines, found 0
[1.021s] 3     E501 line too long (115 > 99 characters)
[1.021s] 7     F401 'ament_index_python.packages.get_package_share_path' imported but unused
[1.021s] 1     F841 local variable 'use_sim_time' is assigned to but never used
[1.021s] 5     W291 trailing whitespace
[1.021s] 4     W292 no newline at end of file
[1.021s] 2     W293 blank line contains whitespace
[1.021s] 
[1.021s] 13 files checked
[1.021s] 36 errors
[1.022s] 
[1.022s] 'E'-type errors: 17
[1.022s] 'F'-type errors: 8
[1.022s] 'W'-type errors: 11
[1.022s] 
[1.022s] Checked files:
[1.022s] 
[1.022s] * ./setup.py
[1.022s] * ./turtle_brick/arena.py
[1.023s] * ./turtle_brick/turtle_robot.py
[1.023s] * ./turtle_brick/catcher.py
[1.023s] * ./turtle_brick/__init__.py
[1.023s] * ./test/math_test.py
[1.023s] * ./test/test_flake8.py
[1.023s] * ./test/test_copyright.py
[1.023s] * ./test/test_pep257.py
[1.023s] * ./test/brick.test.py
[1.024s] * ./launch/show_turtle.launch.py
[1.024s] * ./launch/run_turtle.launch.py
[1.024s] * ./launch/turtle_arena.launch.py
[1.024s] ----------------------------- Captured stderr call -----------------------------
[1.024s] option --max-complexity: please update from optparse string `type=` to argparse callable `type=` -- this will be an error in the future
[1.024s] [31m[1m_________________________________ test_pep257 __________________________________[0m
[1.024s] [1m[31mtest/test_pep257.py[0m:23: in test_pep257
[1.024s]     [94massert[39;49;00m rc == [94m0[39;49;00m, [33m'[39;49;00m[33mFound code style errors / warnings[39;49;00m[33m'[39;49;00m
[1.024s] [1m[31mE   AssertionError: Found code style errors / warnings[0m
[1.025s] [1m[31mE   assert 1 == 0[0m
[1.025s] ----------------------------- Captured stdout call -----------------------------
[1.025s] checking ./launch/run_turtle.launch.py
[1.025s] checking ./launch/show_turtle.launch.py
[1.025s] checking ./launch/turtle_arena.launch.py
[1.025s] checking ./setup.py
[1.025s] checking ./test/brick.test.py
[1.025s] checking ./test/math_test.py
[1.025s] checking ./test/test_copyright.py
[1.026s] checking ./test/test_flake8.py
[1.026s] checking ./test/test_pep257.py
[1.026s] checking ./turtle_brick/__init__.py
[1.026s] checking ./turtle_brick/arena.py
[1.026s] ./turtle_brick/arena.py:16 in public class `BState`: D204: 1 blank line required after class docstring (found 0)
[1.026s] ./turtle_brick/arena.py:16 in public class `BState`: D205: 1 blank line required between summary line and description (found 0)
[1.026s] ./turtle_brick/arena.py:16 in public class `BState`: D208: Docstring is over-indented
[1.027s] ./turtle_brick/arena.py:16 in public class `BState`: D210: No whitespaces allowed surrounding docstring text
[1.027s] ./turtle_brick/arena.py:16 in public class `BState`: D213: Multi-line docstring summary should start at the second line
[1.027s] ./turtle_brick/arena.py:29 in public class `Arena`: D204: 1 blank line required after class docstring (found 0)
[1.027s] ./turtle_brick/arena.py:29 in public class `Arena`: D205: 1 blank line required between summary line and description (found 0)
[1.027s] checking ./turtle_brick/catcher.py
[1.027s] ./turtle_brick/catcher.py:13 in public class `State`: D204: 1 blank line required after class docstring (found 0)
[1.027s] ./turtle_brick/catcher.py:13 in public class `State`: D205: 1 blank line required between summary line and description (found 0)
[1.027s] ./turtle_brick/catcher.py:13 in public class `State`: D400: First line should end with a period (not 't')
[1.028s] ./turtle_brick/catcher.py:13 in public class `State`: D415: First line should end with a period, question mark, or exclamation point (not 't')
[1.028s] ./turtle_brick/catcher.py:23 in public class `Catcher`: D205: 1 blank line required between summary line and description (found 0)
[1.028s] ./turtle_brick/catcher.py:23 in public class `Catcher`: D400: First line should end with a period (not 't')
[1.028s] ./turtle_brick/catcher.py:23 in public class `Catcher`: D415: First line should end with a period, question mark, or exclamation point (not 't')
[1.028s] checking ./turtle_brick/turtle_robot.py
[1.028s] ./turtle_brick/turtle_robot.py:14 in public class `Turtle_robot`: D204: 1 blank line required after class docstring (found 0)
[1.028s] ./turtle_brick/turtle_robot.py:14 in public class `Turtle_robot`: D205: 1 blank line required between summary line and description (found 0)
[1.029s] checking test/brick.test.py
[1.029s] checking test/math_test.py
[1.029s] checking test/test_copyright.py
[1.029s] checking test/test_flake8.py
[1.029s] checking test/test_pep257.py
[1.029s] 16 errors
[1.029s] [33m=============================== warnings summary ===============================[0m
[1.029s] test/test_flake8.py::test_flake8
[1.030s] test/test_flake8.py::test_flake8
[1.030s]   Warning: SelectableGroups dict interface is deprecated. Use select.
[1.030s] 
[1.030s] -- Docs: https://docs.pytest.org/en/stable/warnings.html
[1.030s] - generated xml file: /home/alyssa/homework2-alyssa225/build/turtle_brick/pytest.xml -
[1.030s] =========================== short test summary info ============================
[1.030s] FAILED test/test_flake8.py::test_flake8 - AssertionError: Found 36 code style...
[1.030s] FAILED test/test_pep257.py::test_pep257 - AssertionError: Found code style er...
[1.030s] [31m============== [31m[1m2 failed[0m, [32m1 passed[0m, [33m1 skipped[0m, [33m2 warnings[0m[31m in 0.46s[0m[31m ==============[0m
[1.074s] Invoked command in '/home/alyssa/homework2-alyssa225/src/turtle_brick' returned '1': AMENT_PREFIX_PATH=/home/alyssa/homework2-alyssa225/install/turtle_brick:/home/alyssa/homework2-alyssa225/install/turtle_brick_interfaces:/opt/ros/humble PYTEST_ADDOPTS=--tb=short --junit-xml=/home/alyssa/homework2-alyssa225/build/turtle_brick/pytest.xml --junit-prefix=turtle_brick -o cache_dir=/home/alyssa/homework2-alyssa225/build/turtle_brick/.pytest_cache PYTHONPATH=/home/alyssa/homework2-alyssa225/install/turtle_brick/lib/python3.10/site-packages:/home/alyssa/homework2-alyssa225/install/turtle_brick_interfaces/local/lib/python3.10/dist-packages:/opt/ros/humble/lib/python3.10/site-packages:/opt/ros/humble/local/lib/python3.10/dist-packages /usr/bin/python3 -m pytest
