[0.249s] Invoking command in '/home/alyssa/homework2-alyssa225/src/turtle_brick': AMENT_PREFIX_PATH=/home/alyssa/homework2-alyssa225/install/turtle_brick:/home/alyssa/homework2-alyssa225/install/turtle_brick_interfaces:/opt/ros/humble PYTEST_ADDOPTS=--tb=short --junit-xml=/home/alyssa/homework2-alyssa225/build/turtle_brick/pytest.xml --junit-prefix=turtle_brick -o cache_dir=/home/alyssa/homework2-alyssa225/build/turtle_brick/.pytest_cache PYTHONPATH=/home/alyssa/homework2-alyssa225/install/turtle_brick/lib/python3.10/site-packages:/home/alyssa/homework2-alyssa225/install/turtle_brick_interfaces/local/lib/python3.10/dist-packages:/opt/ros/humble/lib/python3.10/site-packages:/opt/ros/humble/local/lib/python3.10/dist-packages /usr/bin/python3 -m pytest
[0.526s] [1m============================= test session starts ==============================[0m
[0.526s] platform linux -- Python 3.10.6, pytest-6.2.5, py-1.10.0, pluggy-0.13.0
[0.531s] cachedir: /home/alyssa/homework2-alyssa225/build/turtle_brick/.pytest_cache
[0.531s] rootdir: /home/alyssa/homework2-alyssa225/src/turtle_brick
[0.532s] plugins: ament-lint-0.12.4, ament-xmllint-0.12.4, launch-testing-ros-0.19.3, launch-testing-1.0.2, ament-flake8-0.12.4, ament-pep257-0.12.4, ament-copyright-0.12.4, colcon-core-0.10.0, cov-3.0.0
[0.601s] [1mcollecting ... [0m[1m
[0.601s] collected 4 items                                                              [0m
[0.601s] 
[0.608s] test/math_test.py [32m.[0m[32m                                                      [ 25%][0m
[0.609s] test/test_copyright.py [33ms[0m[32m                                                 [ 50%][0m
[0.804s] test/test_flake8.py [31mF[0m[31m                                                    [ 75%][0m
[0.866s] test/test_pep257.py [31mF[0m[31m                                                    [100%][0m
[0.866s] 
[0.866s] =================================== FAILURES ===================================
[0.866s] [31m[1m_________________________________ test_flake8 __________________________________[0m
[0.866s] [1m[31mtest/test_flake8.py[0m:23: in test_flake8
[0.903s]     [94massert[39;49;00m rc == [94m0[39;49;00m, \
[0.903s] [1m[31mE   AssertionError: Found 67 code style errors / warnings:[0m
[0.903s] [1m[31mE     ./turtle_brick/catcher.py:13:4: W291 trailing whitespace[0m
[0.904s] [1m[31mE     ./turtle_brick/catcher.py:25:69: W291 trailing whitespace[0m
[0.904s] [1m[31mE     ./turtle_brick/catcher.py:31:82: W291 trailing whitespace[0m
[0.904s] [1m[31mE     ./turtle_brick/catcher.py:42:33: W291 trailing whitespace[0m
[0.904s] [1m[31mE     ./turtle_brick/catcher.py:65:22: E225 missing whitespace around operator[0m
[0.904s] [1m[31mE     ./turtle_brick/catcher.py:66:22: E225 missing whitespace around operator[0m
[0.904s] [1m[31mE     ./turtle_brick/catcher.py:96:100: E501 line too long (100 > 99 characters)[0m
[0.904s] [1m[31mE     ./turtle_brick/catcher.py:102:1: W293 blank line contains whitespace[0m
[0.904s] [1m[31mE     ./turtle_brick/catcher.py:119:100: E501 line too long (103 > 99 characters)[0m
[0.905s] [1m[31mE     ./turtle_brick/catcher.py:119:104: W291 trailing whitespace[0m
[0.905s] [1m[31mE     ./turtle_brick/catcher.py:122:24: E128 continuation line under-indented for visual indent[0m
[0.905s] [1m[31mE     ./turtle_brick/catcher.py:123:43: E261 at least two spaces before inline comment[0m
[0.905s] [1m[31mE     ./turtle_brick/catcher.py:123:100: E501 line too long (111 > 99 characters)[0m
[0.905s] [1m[31mE     ./turtle_brick/catcher.py:138:21: W292 no newline at end of file[0m
[0.905s] [1m[31mE     ./test/math_test.py:4:1: W293 blank line contains whitespace[0m
[0.905s] [1m[31mE     ./test/math_test.py:4:9: W292 no newline at end of file[0m
[0.905s] [1m[31mE     ./test/brick.test.py:1:1: F401 'ament_copyright.main.main' imported but unused[0m
[0.905s] [1m[31mE     ./test/brick.test.py:2:1: F401 'pytest' imported but unused[0m
[0.905s] [1m[31mE     ./test/brick.test.py:3:1: F401 'launch' imported but unused[0m
[0.905s] [1m[31mE     ./test/brick.test.py:4:1: F401 'launch_pytest' imported but unused[0m
[0.905s] [1m[31mE     ./test/brick.test.py:5:1: F401 'sys' imported but unused[0m
[0.905s] [1m[31mE     ./test/brick.test.py:6:1: F401 'launch_ros' imported but unused[0m
[0.905s] [1m[31mE     ./test/brick.test.py:7:1: F401 'pathlib.Path' imported but unused[0m
[0.905s] [1m[31mE     ./test/brick.test.py:8:1: E265 block comment should start with '# '[0m
[0.906s] [1m[31mE     ./test/brick.test.py:8:100: E501 line too long (128 > 99 characters)[0m
[0.906s] [1m[31mE     ./test/brick.test.py:21:9: W292 no newline at end of file[0m
[0.906s] [1m[31mE     ./launch/show_turtle.launch.py:1:1: F401 'ament_index_python.packages.get_package_share_path' imported but unused[0m
[0.906s] [1m[31mE     ./launch/show_turtle.launch.py:1:63: E231 missing whitespace after ','[0m
[0.906s] [1m[31mE     ./launch/show_turtle.launch.py:5:1: F401 'launch.conditions.UnlessCondition' imported but unused[0m
[0.906s] [1m[31mE     ./launch/show_turtle.launch.py:12:90: W291 trailing whitespace[0m
[0.906s] [1m[31mE     ./launch/show_turtle.launch.py:15:14: W291 trailing whitespace[0m
[0.906s] [1m[31mE     ./launch/show_turtle.launch.py:23:1: E302 expected 2 blank lines, found 1[0m
[0.906s] [1m[31mE     ./launch/show_turtle.launch.py:24:22: E225 missing whitespace around operator[0m
[0.906s] [1m[31mE     ./launch/show_turtle.launch.py:26:51: E225 missing whitespace around operator[0m
[0.906s] [1m[31mE     ./launch/show_turtle.launch.py:27:1: W293 blank line contains whitespace[0m
[0.906s] [1m[31mE     ./launch/show_turtle.launch.py:28:5: F841 local variable 'use_sim_time' is assigned to but never used[0m
[0.906s] [1m[31mE     ./launch/show_turtle.launch.py:30:100: E501 line too long (115 > 99 characters)[0m
[0.906s] [1m[31mE     ./launch/show_turtle.launch.py:30:105: E231 missing whitespace after ','[0m
[0.906s] [1m[31mE     ./launch/show_turtle.launch.py:31:37: E128 continuation line under-indented for visual indent[0m
[0.907s] [1m[31mE     ./launch/show_turtle.launch.py:31:92: E261 at least two spaces before inline comment[0m
[0.907s] [1m[31mE     ./launch/show_turtle.launch.py:31:92: E262 inline comment should start with '# '[0m
[0.907s] [1m[31mE     ./launch/show_turtle.launch.py:34:100: E501 line too long (100 > 99 characters)[0m
[0.907s] [1m[31mE     ./launch/show_turtle.launch.py:48:89: E231 missing whitespace after ','[0m
[0.907s] [1m[31mE     ./launch/show_turtle.launch.py:48:96: E231 missing whitespace after ','[0m
[0.907s] [1m[31mE     ./launch/show_turtle.launch.py:55:56: E231 missing whitespace after ','[0m
[0.907s] [1m[31mE     ./launch/show_turtle.launch.py:61:56: E231 missing whitespace after ','[0m
[0.907s] [1m[31mE     ./launch/show_turtle.launch.py:80:7: W292 no newline at end of file[0m
[0.907s] [1m[31mE     ./launch/run_turtle.launch.py:2:1: F401 'ament_index_python.packages.get_package_share_path' imported but unused[0m
[0.907s] [1m[31mE     ./launch/run_turtle.launch.py:5:1: F401 'launch.actions.DeclareLaunchArgument' imported but unused[0m
[0.907s] [1m[31mE     ./launch/run_turtle.launch.py:6:1: F401 'launch.conditions.IfCondition' imported but unused[0m
[0.907s] [1m[31mE     ./launch/run_turtle.launch.py:6:1: F401 'launch.conditions.UnlessCondition' imported but unused[0m
[0.907s] [1m[31mE     ./launch/run_turtle.launch.py:7:1: F401 'launch.substitutions.Command' imported but unused[0m
[0.907s] [1m[31mE     ./launch/run_turtle.launch.py:7:1: F401 'launch.substitutions.LaunchConfiguration' imported but unused[0m
[0.907s] [1m[31mE     ./launch/run_turtle.launch.py:10:1: F401 'launch_ros.parameter_descriptions.ParameterValue' imported but unused[0m
[0.907s] [1m[31mE     ./launch/run_turtle.launch.py:13:69: W291 trailing whitespace[0m
[0.908s] [1m[31mE     ./launch/run_turtle.launch.py:16:1: E302 expected 2 blank lines, found 0[0m
[0.908s] [1m[31mE     ./launch/run_turtle.launch.py:43:23: E251 unexpected spaces around keyword / parameter equals[0m
[0.908s] [1m[31mE     ./launch/run_turtle.launch.py:43:25: E251 unexpected spaces around keyword / parameter equals[0m
[0.908s] [1m[31mE     ./launch/run_turtle.launch.py:43:70: E231 missing whitespace after ','[0m
[0.908s] [1m[31mE     ./launch/run_turtle.launch.py:46:1: W293 blank line contains whitespace[0m
[0.908s] [1m[31mE     ./launch/run_turtle.launch.py:47:7: W292 no newline at end of file[0m
[0.908s] [1m[31mE     ./launch/turtle_arena.launch.py:5:27: E271 multiple spaces after keyword[0m
[0.908s] [1m[31mE     ./launch/turtle_arena.launch.py:10:61: W291 trailing whitespace[0m
[0.908s] [1m[31mE     ./launch/turtle_arena.launch.py:12:54: W291 trailing whitespace[0m
[0.908s] [1m[31mE     ./launch/turtle_arena.launch.py:15:1: E302 expected 2 blank lines, found 1[0m
[0.908s] [1m[31mE     ./launch/turtle_arena.launch.py:44:1: W293 blank line contains whitespace[0m
[0.908s] [1m[31mE     ./launch/turtle_arena.launch.py:45:7: W292 no newline at end of file[0m
[0.908s] [1m[31mE   assert 1 == 0[0m
[0.908s] ----------------------------- Captured stdout call -----------------------------
[0.909s] 
[0.909s] ./turtle_brick/catcher.py:13:4: W291 trailing whitespace
[0.909s]     """ 
[0.909s]     Current state of the robot
[0.909s]         WAITING: waiting for robot
[0.909s]         TILT: tilt the platform
[0.909s]     """
[0.909s]    ^
[0.909s] 
[0.909s] ./turtle_brick/catcher.py:25:69: W291 trailing whitespace
[0.909s]     """
[0.909s]     calculates if robot can catch placed brick in time or not
[0.909s]     -If it can catch, robot travels to drop location, catches brick, 
[0.909s]         travels back to origin, and tilts brick off
[0.909s]     -If the robot can't reach brick in time, the screen publishes "UNREACHABLE",
[0.910s]         and lets brick fall to ground
[0.910s]     SUBSCRIPTIONS:
[0.910s]         -robot_sub:continuous robot position
[0.910s]         -drop_sub: gets placed brick position and sends if drop service is called 
[0.910s]         -catch_sub: gets True the brick is caught on the platform
[0.910s]     PUBLISHERS:
[0.910s]         -goal_pose: send pose to turtle robot
[0.910s]         -tilt: send tilt angle to platform on turtle robot
[0.910s]         -text marker: publishes "UNREACHABLE" if robot can't reach in time
[0.910s]     """
[0.910s]        
[0.910s]                                                             ^
[0.910s] 
[0.910s] ./turtle_brick/catcher.py:31:82: W291 trailing whitespace
[0.911s]     """
[0.911s]     calculates if robot can catch placed brick in time or not
[0.911s]     -If it can catch, robot travels to drop location, catches brick, 
[0.911s]         travels back to origin, and tilts brick off
[0.911s]     -If the robot can't reach brick in time, the screen publishes "UNREACHABLE",
[0.911s]         and lets brick fall to ground
[0.911s]     SUBSCRIPTIONS:
[0.911s]         -robot_sub:continuous robot position
[0.911s]         -drop_sub: gets placed brick position and sends if drop service is called 
[0.911s]         -catch_sub: gets True the brick is caught on the platform
[0.911s]     PUBLISHERS:
[0.911s]         -goal_pose: send pose to turtle robot
[0.912s]         -tilt: send tilt angle to platform on turtle robot
[0.912s]         -text marker: publishes "UNREACHABLE" if robot can't reach in time
[0.912s]     """
[0.912s]        
[0.912s]                                                              
[0.912s]            ^
[0.912s] 
[0.912s] ./turtle_brick/catcher.py:42:33: W291 trailing whitespace
[0.912s]         self.declare_parameters( 
[0.912s]                                 ^
[0.912s] 
[0.912s] ./turtle_brick/catcher.py:65:22: E225 missing whitespace around operator
[0.912s]         self.goal_pub= self.create_publisher(PoseStamped, '/goal_pose', 10)
[0.912s]                      ^
[0.913s] 
[0.913s] ./turtle_brick/catcher.py:66:22: E225 missing whitespace around operator
[0.913s]         self.tilt_pub= self.create_publisher(Tilt, '/tilt', 10)
[0.913s]                      ^
[0.913s] 
[0.913s] ./turtle_brick/catcher.py:96:100: E501 line too long (100 > 99 characters)
[0.913s]         if self.state == State.TILT and abs(self.platformx) <= 0.05 and abs(self.platformy) <= 0.05:
[0.913s]                                                                                                    ^
[0.913s] 
[0.913s] ./turtle_brick/catcher.py:102:1: W293 blank line contains whitespace
[0.913s]     
[0.914s] ^
[0.914s] 
[0.914s] ./turtle_brick/catcher.py:119:100: E501 line too long (103 > 99 characters)
[0.914s]             # calc time takes robot to move to x,y position from current position in max velocity speed 
[0.914s]                                                                                                    ^
[0.914s] 
[0.914s] ./turtle_brick/catcher.py:119:104: W291 trailing whitespace
[0.914s]             # calc time takes robot to move to x,y position from current position in max velocity speed 
[0.914s]                                                                                                        ^
[0.914s] 
[0.914s] ./turtle_brick/catcher.py:122:24: E128 continuation line under-indented for visual indent
[0.914s]                        + (abs(self.brick_pose.position.y - self.platformy) - 0.3)**2) / self.vmax
[0.915s]                        ^
[0.915s] 
[0.915s] ./turtle_brick/catcher.py:123:43: E261 at least two spaces before inline comment
[0.915s]             if timerobo + 1.0 <= timefall: # 1.0 is to give some time for message to be revieved and acted upon
[0.915s]                                           ^
[0.915s] 
[0.915s] ./turtle_brick/catcher.py:123:100: E501 line too long (111 > 99 characters)
[0.915s]             if timerobo + 1.0 <= timefall: # 1.0 is to give some time for message to be revieved and acted upon
[0.915s]                                                                                                    ^
[0.915s] 
[0.915s] ./turtle_brick/catcher.py:138:21: W292 no newline at end of file
[0.915s]     rclpy.shutdown()                    ^
[0.915s] 
[0.915s] ./test/math_test.py:4:1: W293 blank line contains whitespace
[0.915s]         ^
[0.915s] 
[0.916s] ./test/math_test.py:4:9: W292 no newline at end of file
[0.916s]                 ^
[0.916s] 
[0.916s] ./test/brick.test.py:1:1: F401 'ament_copyright.main.main' imported but unused
[0.916s] from ament_copyright.main import main
[0.916s] ^
[0.916s] 
[0.916s] ./test/brick.test.py:2:1: F401 'pytest' imported but unused
[0.916s] import pytest
[0.916s] ^
[0.916s] 
[0.916s] ./test/brick.test.py:3:1: F401 'launch' imported but unused
[0.916s] import launch
[0.917s] ^
[0.917s] 
[0.917s] ./test/brick.test.py:4:1: F401 'launch_pytest' imported but unused
[0.917s] import launch_pytest
[0.917s] ^
[0.917s] 
[0.917s] ./test/brick.test.py:5:1: F401 'sys' imported but unused
[0.917s] import sys
[0.917s] ^
[0.917s] 
[0.917s] ./test/brick.test.py:6:1: F401 'launch_ros' imported but unused
[0.917s] import launch_ros
[0.917s] ^
[0.918s] 
[0.918s] ./test/brick.test.py:7:1: F401 'pathlib.Path' imported but unused
[0.918s] from pathlib import Path
[0.918s] ^
[0.918s] 
[0.918s] ./test/brick.test.py:8:1: E265 block comment should start with '# '
[0.918s] #found this example here https://github.com/ros2/launch/blob/humble/launch_pytest/test/launch_pytest/examples/check_node_msgs.py
[0.918s] ^
[0.918s] 
[0.918s] ./test/brick.test.py:8:100: E501 line too long (128 > 99 characters)
[0.918s] #found this example here https://github.com/ros2/launch/blob/humble/launch_pytest/test/launch_pytest/examples/check_node_msgs.py
[0.918s]                                                                                                    ^
[0.918s] 
[0.918s] ./test/brick.test.py:21:9: W292 no newline at end of file
[0.918s] #     ])        ^
[0.919s] 
[0.919s] ./launch/show_turtle.launch.py:1:1: F401 'ament_index_python.packages.get_package_share_path' imported but unused
[0.919s] from ament_index_python.packages import get_package_share_path,get_package_share_directory
[0.919s] ^
[0.919s] 
[0.919s] ./launch/show_turtle.launch.py:1:63: E231 missing whitespace after ','
[0.919s] from ament_index_python.packages import get_package_share_path,get_package_share_directory
[0.919s]                                                               ^
[0.919s] 
[0.919s] ./launch/show_turtle.launch.py:5:1: F401 'launch.conditions.UnlessCondition' imported but unused
[0.919s] from launch.conditions import IfCondition, UnlessCondition
[0.919s] ^
[0.919s] 
[0.919s] ./launch/show_turtle.launch.py:12:90: W291 trailing whitespace
[0.919s] """
[0.920s] took bases from https://github.com/ros/urdf_tutorial/blob/ros2/launch/display.launch.py
[0.920s] launches the rviz, robot publisher, and choosen joint state publisher nodes and takes the 
[0.920s] turtle_robot.urdf.xacro file from the urdf folder
[0.920s] LAUNCH ARGUMENTS:
[0.920s]     -use_jsp: 
[0.920s]         default: '"gui"'
[0.920s]         arguments: ['"gui"', '"jsp"', '"none"']
[0.920s]             '"gui"': launches with joint_state_publisher_gui_node
[0.920s]             '"jsp"': launches with joint_state_publisher_node
[0.920s]             '"none"': does not use either joint state publisher
[0.920s] """
[0.920s]    
[0.920s]                                                                                      ^
[0.920s] 
[0.920s] ./launch/show_turtle.launch.py:15:14: W291 trailing whitespace
[0.921s] """
[0.921s] took bases from https://github.com/ros/urdf_tutorial/blob/ros2/launch/display.launch.py
[0.921s] launches the rviz, robot publisher, and choosen joint state publisher nodes and takes the 
[0.921s] turtle_robot.urdf.xacro file from the urdf folder
[0.921s] LAUNCH ARGUMENTS:
[0.921s]     -use_jsp: 
[0.921s]         default: '"gui"'
[0.921s]         arguments: ['"gui"', '"jsp"', '"none"']
[0.921s]             '"gui"': launches with joint_state_publisher_gui_node
[0.921s]             '"jsp"': launches with joint_state_publisher_node
[0.921s]             '"none"': does not use either joint state publisher
[0.921s] """
[0.921s]    
[0.921s]          ^
[0.921s] 
[0.921s] ./launch/show_turtle.launch.py:23:1: E302 expected 2 blank lines, found 1
[0.922s] def generate_launch_description():
[0.922s] ^
[0.922s] 
[0.922s] ./launch/show_turtle.launch.py:24:22: E225 missing whitespace around operator
[0.922s]     turtle_brick_path= 'src/turtle_brick'
[0.922s]                      ^
[0.922s] 
[0.922s] ./launch/show_turtle.launch.py:26:51: E225 missing whitespace around operator
[0.922s]     default_rviz_config_path = turtle_brick_path +'/config/turtle_urdf.rviz'
[0.922s]                                                   ^
[0.922s] 
[0.922s] ./launch/show_turtle.launch.py:27:1: W293 blank line contains whitespace
[0.922s]     
[0.922s] ^
[0.922s] 
[0.923s] ./launch/show_turtle.launch.py:28:5: F841 local variable 'use_sim_time' is assigned to but never used
[0.923s]     use_sim_time = LaunchConfiguration('use_sim_time', default='false')
[0.923s]     ^
[0.923s] 
[0.923s] ./launch/show_turtle.launch.py:30:100: E501 line too long (115 > 99 characters)
[0.923s]     use_jsp_arg = DeclareLaunchArgument(name='use_jsp', default_value='"gui"', choices=['"gui"', '"jsp"','"none"'],
[0.923s]                                                                                                    ^
[0.923s] 
[0.923s] ./launch/show_turtle.launch.py:30:105: E231 missing whitespace after ','
[0.923s] [33m=============================== warnings summary ===============================[0m
[0.923s] test/test_flake8.py::test_flake8
[0.923s] test/test_flake8.py::test_flake8
[0.923s]   Warning: SelectableGroups dict interface is deprecated. Use select.
[0.923s] 
[0.923s] -- Docs: https://docs.pytest.org/en/stable/warnings.html
[0.924s]     use_jsp_arg = DeclareLaunchArgument(name='use_jsp', default_value='"gui"', choices=['"gui"', '"jsp"','"none"'],
[0.924s]                                                                                                         ^
[0.924s] 
[0.924s] ./launch/show_turtle.launch.py:31:37: E128 continuation line under-indented for visual indent
[0.924s]                                     description='Flag to enable joint_state_publisher_gui')#change
[0.924s]                                     ^
[0.924s] 
[0.924s] ./launch/show_turtle.launch.py:31:92: E261 at least two spaces before inline comment
[0.924s]                                     description='Flag to enable joint_state_publisher_gui')#change
[0.924s]                                                                                            ^
[0.924s] 
[0.924s] ./launch/show_turtle.launch.py:31:92: E262 inline comment should start with '# '
[0.924s]                                     description='Flag to enable joint_state_publisher_gui')#change
[0.924s]                                                                                            ^
[0.924s] 
[0.925s] ./launch/show_turtle.launch.py:34:100: E501 line too long (100 > 99 characters)
[0.925s]     rviz_arg = DeclareLaunchArgument(name='rvizconfig', default_value=str(default_rviz_config_path),
[0.925s]                                                                                                    ^
[0.925s] 
[0.925s] ./launch/show_turtle.launch.py:48:89: E231 missing whitespace after ','
[0.925s]         parameters=[{'robot_description': robot_description, 'publish_frequency': 100.0},config,]
[0.925s]                                                                                         ^
[0.925s] 
[0.925s] ./launch/show_turtle.launch.py:48:96: E231 missing whitespace after ','
[0.925s]         parameters=[{'robot_description': robot_description, 'publish_frequency': 100.0},config,]
[0.925s]                                                                                                ^
[0.925s] 
[0.925s] ./launch/show_turtle.launch.py:55:56: E231 missing whitespace after ','
[0.925s]         condition=IfCondition(PythonExpression([use_jsp,"=='jsp'"]))
[0.926s]                                                        ^
[0.926s] 
[0.926s] ./launch/show_turtle.launch.py:61:56: E231 missing whitespace after ','
[0.926s]         condition=IfCondition(PythonExpression([use_jsp,"=='gui'"]))
[0.926s]                                                        ^
[0.926s] 
[0.926s] ./launch/show_turtle.launch.py:80:7: W292 no newline at end of file
[0.926s]     ])      ^
[0.926s] 
[0.926s] ./launch/run_turtle.launch.py:2:1: F401 'ament_index_python.packages.get_package_share_path' imported but unused
[0.926s] from ament_index_python.packages import get_package_share_path, get_package_share_directory
[0.926s] ^
[0.926s] 
[0.927s] ./launch/run_turtle.launch.py:5:1: F401 'launch.actions.DeclareLaunchArgument' imported but unused
[0.927s] from launch.actions import DeclareLaunchArgument, IncludeLaunchDescription
[0.927s] ^
[0.927s] 
[0.927s] ./launch/run_turtle.launch.py:6:1: F401 'launch.conditions.IfCondition' imported but unused
[0.927s] from launch.conditions import IfCondition, UnlessCondition
[0.928s] ^
[0.928s] 
[0.928s] ./launch/run_turtle.launch.py:6:1: F401 'launch.conditions.UnlessCondition' imported but unused
[0.928s] from launch.conditions import IfCondition, UnlessCondition
[0.928s] ^
[0.928s] 
[0.929s] ./launch/run_turtle.launch.py:7:1: F401 'launch.substitutions.Command' imported but unused
[0.929s] from launch.substitutions import Command, LaunchConfiguration, PathJoinSubstitution
[0.929s] ^
[0.929s] 
[0.929s] ./launch/run_turtle.launch.py:7:1: F401 'launch.substitutions.LaunchConfiguration' imported but unused
[0.929s] from launch.substitutions import Command, LaunchConfiguration, PathJoinSubstitution
[0.929s] ^
[0.929s] 
[0.929s] ./launch/run_turtle.launch.py:10:1: F401 'launch_ros.parameter_descriptions.ParameterValue' imported but unused
[0.930s] from launch_ros.parameter_descriptions import ParameterValue
[0.930s] ^
[0.930s] 
[0.930s] ./launch/run_turtle.launch.py:13:69: W291 trailing whitespace
[0.930s] """
[0.930s] launches turtlesim and turtle_robot node along with all the nodes in 
[0.930s] show_turtle launch file. Also connects yaml file to turtle_robot
[0.930s] """
[0.930s]    
[0.930s]                                                                 ^
[0.931s] 
[0.931s] ./launch/run_turtle.launch.py:16:1: E302 expected 2 blank lines, found 0
[0.931s] def generate_launch_description():
[0.931s] ^
[0.931s] 
[0.931s] ./launch/run_turtle.launch.py:43:23: E251 unexpected spaces around keyword / parameter equals
[0.931s]             remappings = [('/cmd_vel', '/turtlesim1/turtle1/cmd_vel'),],
[0.931s]                       ^
[0.931s] 
[0.931s] ./launch/run_turtle.launch.py:43:25: E251 unexpected spaces around keyword / parameter equals
[0.931s]             remappings = [('/cmd_vel', '/turtlesim1/turtle1/cmd_vel'),],
[0.931s]                         ^
[0.931s] 
[0.932s] ./launch/run_turtle.launch.py:43:70: E231 missing whitespace after ','
[0.932s]             remappings = [('/cmd_vel', '/turtlesim1/turtle1/cmd_vel'),],
[0.932s]                                                                      ^
[0.932s] 
[0.932s] ./launch/run_turtle.launch.py:46:1: W293 blank line contains whitespace
[0.932s]         
[0.932s] ^
[0.932s] 
[0.932s] ./launch/run_turtle.launch.py:47:7: W292 no newline at end of file
[0.932s]     ])      ^
[0.932s] 
[0.932s] ./launch/turtle_arena.launch.py:5:27: E271 multiple spaces after keyword
[0.932s] from launch.actions import  IncludeLaunchDescription
[0.932s]                           ^
[0.933s] 
[0.933s] ./launch/turtle_arena.launch.py:10:61: W291 trailing whitespace
[0.933s] """
[0.933s] launches arena and catcher nodes along with all the nodes in 
[0.933s] show_turtle launch file.
[0.933s] Also connects to yaml files to arena and catcher node 
[0.933s] """
[0.933s]    
[0.933s]                                                         ^
[0.933s] 
[0.933s] ./launch/turtle_arena.launch.py:12:54: W291 trailing whitespace
[0.934s] """
[0.934s] launches arena and catcher nodes along with all the nodes in 
[0.934s] show_turtle launch file.
[0.934s] Also connects to yaml files to arena and catcher node 
[0.934s] """
[0.934s]    
[0.934s]                                                  ^
[0.934s] 
[0.934s] ./launch/turtle_arena.launch.py:15:1: E302 expected 2 blank lines, found 1
[0.934s] def generate_launch_description():
[0.934s] ^
[0.934s] 
[0.934s] ./launch/turtle_arena.launch.py:44:1: W293 blank line contains whitespace
[0.934s]         
[0.935s] ^
[0.935s] 
[0.935s] ./launch/turtle_arena.launch.py:45:7: W292 no newline at end of file
[0.935s]     ])      ^
[0.935s] 
[0.935s] 2     E128 continuation line under-indented for visual indent
[0.935s] 4     E225 missing whitespace around operator
[0.935s] 7     E231 missing whitespace after ','
[0.935s] 2     E251 unexpected spaces around keyword / parameter equals
[0.935s] 2     E261 at least two spaces before inline comment
[0.935s] 1     E262 inline comment should start with '# '
[0.935s] 1     E265 block comment should start with '# '
[0.935s] 1     E271 multiple spaces after keyword
[0.935s] 3     E302 expected 2 blank lines, found 0
[0.935s] 6     E501 line too long (115 > 99 characters)
[0.936s] 16    F401 'ament_index_python.packages.get_package_share_path' imported but unused
[0.936s] 1     F841 local variable 'use_sim_time' is assigned to but never used
[0.936s] 10    W291 trailing whitespace
[0.936s] 6     W292 no newline at end of file
[0.936s] 5     W293 blank line contains whitespace
[0.936s] 
[0.936s] 13 files checked
[0.936s] 67 errors
[0.936s] 
[0.936s] 'E'-type errors: 29
[0.936s] 'F'-type errors: 17
[0.936s] 'W'-type errors: 21
[0.936s] 
[0.936s] Checked files:
[0.936s] 
[0.937s] * ./setup.py
[0.937s] * ./turtle_brick/arena.py
[0.937s] * ./turtle_brick/turtle_robot.py
[0.937s] * ./turtle_brick/catcher.py
[0.937s] * ./turtle_brick/__init__.py
[0.937s] * ./test/math_test.py
[0.937s] * ./test/test_flake8.py
[0.937s] * ./test/test_copyright.py
[0.937s] * ./test/test_pep257.py
[0.937s] * ./test/brick.test.py
[0.937s] * ./launch/show_turtle.launch.py
[0.937s] * ./launch/run_turtle.launch.py
[0.937s] * ./launch/turtle_arena.launch.py
[0.937s] ----------------------------- Captured stderr call -----------------------------
[0.937s] option --max-complexity: please update from optparse string `type=` to argparse callable `type=` -- this will be an error in the future
[0.938s] [31m[1m_________________________________ test_pep257 __________________________________[0m
[0.938s] [1m[31mtest/test_pep257.py[0m:23: in test_pep257
[0.938s]     [94massert[39;49;00m rc == [94m0[39;49;00m, [33m'[39;49;00m[33mFound code style errors / warnings[39;49;00m[33m'[39;49;00m
[0.938s] [1m[31mE   AssertionError: Found code style errors / warnings[0m
[0.938s] [1m[31mE   assert 1 == 0[0m
[0.938s] ----------------------------- Captured stdout call -----------------------------
[0.938s] checking ./launch/run_turtle.launch.py
[0.938s] checking ./launch/show_turtle.launch.py
[0.938s] checking ./launch/turtle_arena.launch.py
[0.938s] checking ./setup.py
[0.938s] checking ./test/brick.test.py
[0.938s] checking ./test/math_test.py
[0.938s] checking ./test/test_copyright.py
[0.938s] checking ./test/test_flake8.py
[0.938s] checking ./test/test_pep257.py
[0.938s] checking ./turtle_brick/__init__.py
[0.939s] checking ./turtle_brick/arena.py
[0.939s] ./turtle_brick/arena.py:16 in public class `BState`: D204: 1 blank line required after class docstring (found 0)
[0.939s] ./turtle_brick/arena.py:16 in public class `BState`: D205: 1 blank line required between summary line and description (found 0)
[0.939s] ./turtle_brick/arena.py:16 in public class `BState`: D208: Docstring is over-indented
[0.939s] ./turtle_brick/arena.py:16 in public class `BState`: D210: No whitespaces allowed surrounding docstring text
[0.939s] ./turtle_brick/arena.py:16 in public class `BState`: D213: Multi-line docstring summary should start at the second line
[0.939s] ./turtle_brick/arena.py:29 in public class `Arena`: D204: 1 blank line required after class docstring (found 0)
[0.939s] ./turtle_brick/arena.py:29 in public class `Arena`: D205: 1 blank line required between summary line and description (found 0)
[0.939s] checking ./turtle_brick/catcher.py
[0.939s] ./turtle_brick/catcher.py:13 in public class `State`: D204: 1 blank line required after class docstring (found 0)
[0.939s] ./turtle_brick/catcher.py:13 in public class `State`: D205: 1 blank line required between summary line and description (found 0)
[0.939s] ./turtle_brick/catcher.py:13 in public class `State`: D210: No whitespaces allowed surrounding docstring text
[0.939s] ./turtle_brick/catcher.py:13 in public class `State`: D400: First line should end with a period (not 't')
[0.939s] ./turtle_brick/catcher.py:13 in public class `State`: D415: First line should end with a period, question mark, or exclamation point (not 't')
[0.939s] ./turtle_brick/catcher.py:23 in public class `Catcher`: D205: 1 blank line required between summary line and description (found 0)
[0.940s] ./turtle_brick/catcher.py:23 in public class `Catcher`: D400: First line should end with a period (not 't')
[0.940s] ./turtle_brick/catcher.py:23 in public class `Catcher`: D415: First line should end with a period, question mark, or exclamation point (not 't')
[0.940s] checking ./turtle_brick/turtle_robot.py
[0.940s] ./turtle_brick/turtle_robot.py:14 in public class `Turtle_robot`: D204: 1 blank line required after class docstring (found 0)
[0.940s] ./turtle_brick/turtle_robot.py:14 in public class `Turtle_robot`: D205: 1 blank line required between summary line and description (found 0)
[0.940s] checking test/brick.test.py
[0.940s] checking test/math_test.py
[0.940s] checking test/test_copyright.py
[0.940s] checking test/test_flake8.py
[0.940s] checking test/test_pep257.py
[0.940s] 17 errors
[0.940s] - generated xml file: /home/alyssa/homework2-alyssa225/build/turtle_brick/pytest.xml -
[0.940s] =========================== short test summary info ============================
[0.940s] FAILED test/test_flake8.py::test_flake8 - AssertionError: Found 67 code style...
[0.940s] FAILED test/test_pep257.py::test_pep257 - AssertionError: Found code style er...
[0.940s] [31m============== [31m[1m2 failed[0m, [32m1 passed[0m, [33m1 skipped[0m, [33m2 warnings[0m[31m in 0.38s[0m[31m ==============[0m
[0.980s] Invoked command in '/home/alyssa/homework2-alyssa225/src/turtle_brick' returned '1': AMENT_PREFIX_PATH=/home/alyssa/homework2-alyssa225/install/turtle_brick:/home/alyssa/homework2-alyssa225/install/turtle_brick_interfaces:/opt/ros/humble PYTEST_ADDOPTS=--tb=short --junit-xml=/home/alyssa/homework2-alyssa225/build/turtle_brick/pytest.xml --junit-prefix=turtle_brick -o cache_dir=/home/alyssa/homework2-alyssa225/build/turtle_brick/.pytest_cache PYTHONPATH=/home/alyssa/homework2-alyssa225/install/turtle_brick/lib/python3.10/site-packages:/home/alyssa/homework2-alyssa225/install/turtle_brick_interfaces/local/lib/python3.10/dist-packages:/opt/ros/humble/lib/python3.10/site-packages:/opt/ros/humble/local/lib/python3.10/dist-packages /usr/bin/python3 -m pytest
