[0.250s] Invoking command in '/home/alyssa/homework2-alyssa225/src/turtle_brick': AMENT_PREFIX_PATH=/home/alyssa/homework2-alyssa225/install/turtle_brick:/home/alyssa/homework2-alyssa225/install/turtle_brick_interfaces:/opt/ros/humble PYTEST_ADDOPTS=--tb=short --junit-xml=/home/alyssa/homework2-alyssa225/build/turtle_brick/pytest.xml --junit-prefix=turtle_brick -o cache_dir=/home/alyssa/homework2-alyssa225/build/turtle_brick/.pytest_cache PYTHONPATH=/home/alyssa/homework2-alyssa225/install/turtle_brick/lib/python3.10/site-packages:/home/alyssa/homework2-alyssa225/install/turtle_brick_interfaces/local/lib/python3.10/dist-packages:/opt/ros/humble/lib/python3.10/site-packages:/opt/ros/humble/local/lib/python3.10/dist-packages /usr/bin/python3 -m pytest
[0.532s] [1m============================= test session starts ==============================[0m
[0.532s] platform linux -- Python 3.10.6, pytest-6.2.5, py-1.10.0, pluggy-0.13.0
[0.537s] cachedir: /home/alyssa/homework2-alyssa225/build/turtle_brick/.pytest_cache
[0.537s] rootdir: /home/alyssa/homework2-alyssa225/src/turtle_brick
[0.537s] plugins: ament-lint-0.12.4, ament-xmllint-0.12.4, launch-testing-ros-0.19.3, launch-testing-1.0.2, ament-flake8-0.12.4, ament-pep257-0.12.4, ament-copyright-0.12.4, colcon-core-0.10.0, cov-3.0.0
[0.616s] [1mcollecting ... [0m[1m
[0.616s] collected 4 items                                                              [0m
[0.617s] 
[0.624s] test/math_test.py [32m.[0m[32m                                                      [ 25%][0m
[0.625s] test/test_copyright.py [33ms[0m[32m                                                 [ 50%][0m
[0.818s] test/test_flake8.py [31mF[0m[31m                                                    [ 75%][0m
[0.879s] test/test_pep257.py [31mF[0m[31m                                                    [100%][0m
[0.879s] 
[0.879s] =================================== FAILURES ===================================
[0.879s] [31m[1m_________________________________ test_flake8 __________________________________[0m
[0.879s] [1m[31mtest/test_flake8.py[0m:23: in test_flake8
[0.912s]     [94massert[39;49;00m rc == [94m0[39;49;00m, \
[0.913s] [1m[31mE   AssertionError: Found 51 code style errors / warnings:[0m
[0.913s] [1m[31mE     ./test/brick.test.py:1:1: F401 'ament_copyright.main.main' imported but unused[0m
[0.914s] [1m[31mE     ./test/brick.test.py:2:1: F401 'pytest' imported but unused[0m
[0.914s] [1m[31mE     ./test/brick.test.py:3:1: F401 'launch' imported but unused[0m
[0.915s] [1m[31mE     ./test/brick.test.py:4:1: F401 'launch_pytest' imported but unused[0m
[0.915s] [1m[31mE     ./test/brick.test.py:5:1: F401 'sys' imported but unused[0m
[0.915s] [1m[31mE     ./test/brick.test.py:6:1: F401 'launch_ros' imported but unused[0m
[0.915s] [1m[31mE     ./test/brick.test.py:7:1: F401 'pathlib.Path' imported but unused[0m
[0.915s] [1m[31mE     ./test/brick.test.py:8:1: E265 block comment should start with '# '[0m
[0.915s] [1m[31mE     ./test/brick.test.py:8:100: E501 line too long (128 > 99 characters)[0m
[0.915s] [1m[31mE     ./test/brick.test.py:21:9: W292 no newline at end of file[0m
[0.915s] [1m[31mE     ./launch/show_turtle.launch.py:1:1: F401 'ament_index_python.packages.get_package_share_path' imported but unused[0m
[0.915s] [1m[31mE     ./launch/show_turtle.launch.py:1:63: E231 missing whitespace after ','[0m
[0.915s] [1m[31mE     ./launch/show_turtle.launch.py:5:1: F401 'launch.conditions.UnlessCondition' imported but unused[0m
[0.915s] [1m[31mE     ./launch/show_turtle.launch.py:12:90: W291 trailing whitespace[0m
[0.916s] [1m[31mE     ./launch/show_turtle.launch.py:15:14: W291 trailing whitespace[0m
[0.916s] [1m[31mE     ./launch/show_turtle.launch.py:23:1: E302 expected 2 blank lines, found 1[0m
[0.916s] [1m[31mE     ./launch/show_turtle.launch.py:24:22: E225 missing whitespace around operator[0m
[0.916s] [1m[31mE     ./launch/show_turtle.launch.py:26:51: E225 missing whitespace around operator[0m
[0.916s] [1m[31mE     ./launch/show_turtle.launch.py:27:1: W293 blank line contains whitespace[0m
[0.916s] [1m[31mE     ./launch/show_turtle.launch.py:28:5: F841 local variable 'use_sim_time' is assigned to but never used[0m
[0.916s] [1m[31mE     ./launch/show_turtle.launch.py:30:100: E501 line too long (115 > 99 characters)[0m
[0.916s] [1m[31mE     ./launch/show_turtle.launch.py:30:105: E231 missing whitespace after ','[0m
[0.916s] [1m[31mE     ./launch/show_turtle.launch.py:31:37: E128 continuation line under-indented for visual indent[0m
[0.916s] [1m[31mE     ./launch/show_turtle.launch.py:31:92: E261 at least two spaces before inline comment[0m
[0.916s] [1m[31mE     ./launch/show_turtle.launch.py:31:92: E262 inline comment should start with '# '[0m
[0.916s] [1m[31mE     ./launch/show_turtle.launch.py:34:100: E501 line too long (100 > 99 characters)[0m
[0.916s] [1m[31mE     ./launch/show_turtle.launch.py:48:89: E231 missing whitespace after ','[0m
[0.916s] [1m[31mE     ./launch/show_turtle.launch.py:48:96: E231 missing whitespace after ','[0m
[0.916s] [1m[31mE     ./launch/show_turtle.launch.py:55:56: E231 missing whitespace after ','[0m
[0.916s] [1m[31mE     ./launch/show_turtle.launch.py:61:56: E231 missing whitespace after ','[0m
[0.917s] [1m[31mE     ./launch/show_turtle.launch.py:80:7: W292 no newline at end of file[0m
[0.917s] [1m[31mE     ./launch/run_turtle.launch.py:2:1: F401 'ament_index_python.packages.get_package_share_path' imported but unused[0m
[0.917s] [1m[31mE     ./launch/run_turtle.launch.py:5:1: F401 'launch.actions.DeclareLaunchArgument' imported but unused[0m
[0.917s] [1m[31mE     ./launch/run_turtle.launch.py:6:1: F401 'launch.conditions.IfCondition' imported but unused[0m
[0.917s] [1m[31mE     ./launch/run_turtle.launch.py:6:1: F401 'launch.conditions.UnlessCondition' imported but unused[0m
[0.917s] [1m[31mE     ./launch/run_turtle.launch.py:7:1: F401 'launch.substitutions.Command' imported but unused[0m
[0.917s] [1m[31mE     ./launch/run_turtle.launch.py:7:1: F401 'launch.substitutions.LaunchConfiguration' imported but unused[0m
[0.917s] [1m[31mE     ./launch/run_turtle.launch.py:10:1: F401 'launch_ros.parameter_descriptions.ParameterValue' imported but unused[0m
[0.917s] [1m[31mE     ./launch/run_turtle.launch.py:13:69: W291 trailing whitespace[0m
[0.917s] [1m[31mE     ./launch/run_turtle.launch.py:16:1: E302 expected 2 blank lines, found 0[0m
[0.917s] [1m[31mE     ./launch/run_turtle.launch.py:43:23: E251 unexpected spaces around keyword / parameter equals[0m
[0.917s] [1m[31mE     ./launch/run_turtle.launch.py:43:25: E251 unexpected spaces around keyword / parameter equals[0m
[0.917s] [1m[31mE     ./launch/run_turtle.launch.py:43:70: E231 missing whitespace after ','[0m
[0.917s] [1m[31mE     ./launch/run_turtle.launch.py:46:1: W293 blank line contains whitespace[0m
[0.917s] [1m[31mE     ./launch/run_turtle.launch.py:47:7: W292 no newline at end of file[0m
[0.918s] [1m[31mE     ./launch/turtle_arena.launch.py:5:27: E271 multiple spaces after keyword[0m
[0.918s] [1m[31mE     ./launch/turtle_arena.launch.py:10:61: W291 trailing whitespace[0m
[0.918s] [1m[31mE     ./launch/turtle_arena.launch.py:12:54: W291 trailing whitespace[0m
[0.918s] [1m[31mE     ./launch/turtle_arena.launch.py:15:1: E302 expected 2 blank lines, found 1[0m
[0.918s] [1m[31mE     ./launch/turtle_arena.launch.py:44:1: W293 blank line contains whitespace[0m
[0.918s] [1m[31mE     ./launch/turtle_arena.launch.py:45:7: W292 no newline at end of file[0m
[0.918s] [1m[31mE   assert 1 == 0[0m
[0.918s] ----------------------------- Captured stdout call -----------------------------
[0.918s] 
[0.918s] ./test/brick.test.py:1:1: F401 'ament_copyright.main.main' imported but unused
[0.918s] from ament_copyright.main import main
[0.918s] ^
[0.918s] 
[0.918s] ./test/brick.test.py:2:1: F401 'pytest' imported but unused
[0.918s] import pytest
[0.919s] ^
[0.919s] 
[0.919s] ./test/brick.test.py:3:1: F401 'launch' imported but unused
[0.919s] import launch
[0.919s] ^
[0.919s] 
[0.919s] ./test/brick.test.py:4:1: F401 'launch_pytest' imported but unused
[0.919s] import launch_pytest
[0.919s] ^
[0.919s] 
[0.919s] ./test/brick.test.py:5:1: F401 'sys' imported but unused
[0.919s] import sys
[0.919s] ^
[0.919s] 
[0.919s] ./test/brick.test.py:6:1: F401 'launch_ros' imported but unused
[0.919s] import launch_ros
[0.919s] ^
[0.920s] 
[0.920s] ./test/brick.test.py:7:1: F401 'pathlib.Path' imported but unused
[0.920s] from pathlib import Path
[0.920s] ^
[0.920s] 
[0.920s] ./test/brick.test.py:8:1: E265 block comment should start with '# '
[0.920s] #found this example here https://github.com/ros2/launch/blob/humble/launch_pytest/test/launch_pytest/examples/check_node_msgs.py
[0.920s] ^
[0.920s] 
[0.920s] ./test/brick.test.py:8:100: E501 line too long (128 > 99 characters)
[0.920s] #found this example here https://github.com/ros2/launch/blob/humble/launch_pytest/test/launch_pytest/examples/check_node_msgs.py
[0.920s]                                                                                                    ^
[0.920s] 
[0.920s] ./test/brick.test.py:21:9: W292 no newline at end of file
[0.920s] #     ])        ^
[0.920s] 
[0.921s] ./launch/show_turtle.launch.py:1:1: F401 'ament_index_python.packages.get_package_share_path' imported but unused
[0.921s] from ament_index_python.packages import get_package_share_path,get_package_share_directory
[0.921s] ^
[0.921s] 
[0.921s] ./launch/show_turtle.launch.py:1:63: E231 missing whitespace after ','
[0.921s] from ament_index_python.packages import get_package_share_path,get_package_share_directory
[0.921s]                                                               ^
[0.921s] 
[0.921s] ./launch/show_turtle.launch.py:5:1: F401 'launch.conditions.UnlessCondition' imported but unused
[0.921s] from launch.conditions import IfCondition, UnlessCondition
[0.921s] ^
[0.921s] 
[0.921s] ./launch/show_turtle.launch.py:12:90: W291 trailing whitespace
[0.921s] """
[0.922s] took bases from https://github.com/ros/urdf_tutorial/blob/ros2/launch/display.launch.py
[0.922s] launches the rviz, robot publisher, and choosen joint state publisher nodes and takes the 
[0.922s] turtle_robot.urdf.xacro file from the urdf folder
[0.922s] LAUNCH ARGUMENTS:
[0.922s]     -use_jsp: 
[0.922s]         default: '"gui"'
[0.922s]         arguments: ['"gui"', '"jsp"', '"none"']
[0.922s]             '"gui"': launches with joint_state_publisher_gui_node
[0.922s]             '"jsp"': launches with joint_state_publisher_node
[0.922s]             '"none"': does not use either joint state publisher
[0.923s] """
[0.923s]    
[0.923s]                                                                                      ^
[0.923s] 
[0.923s] ./launch/show_turtle.launch.py:15:14: W291 trailing whitespace
[0.923s] """
[0.923s] took bases from https://github.com/ros/urdf_tutorial/blob/ros2/launch/display.launch.py
[0.924s] launches the rviz, robot publisher, and choosen joint state publisher nodes and takes the 
[0.924s] turtle_robot.urdf.xacro file from the urdf folder
[0.924s] LAUNCH ARGUMENTS:
[0.924s]     -use_jsp: 
[0.924s]         default: '"gui"'
[0.924s]         arguments: ['"gui"', '"jsp"', '"none"']
[0.924s]             '"gui"': launches with joint_state_publisher_gui_node
[0.924s]             '"jsp"': launches with joint_state_publisher_node
[0.924s]             '"none"': does not use either joint state publisher
[0.925s] """
[0.925s]    
[0.925s]          ^
[0.925s] 
[0.925s] ./launch/show_turtle.launch.py:23:1: E302 expected 2 blank lines, found 1
[0.925s] def generate_launch_description():
[0.925s] ^
[0.925s] 
[0.925s] ./launch/show_turtle.launch.py:24:22: E225 missing whitespace around operator
[0.926s]     turtle_brick_path= 'src/turtle_brick'
[0.926s]                      ^
[0.926s] 
[0.926s] ./launch/show_turtle.launch.py:26:51: E225 missing whitespace around operator
[0.926s]     default_rviz_config_path = turtle_brick_path +'/config/turtle_urdf.rviz'
[0.926s]                                                   ^
[0.926s] 
[0.926s] ./launch/show_turtle.launch.py:27:1: W293 blank line contains whitespace
[0.927s]     
[0.927s] ^
[0.927s] 
[0.927s] ./launch/show_turtle.launch.py:28:5: F841 local variable 'use_sim_time' is assigned to but never used
[0.927s]     use_sim_time = LaunchConfiguration('use_sim_time', default='false')
[0.927s]     ^
[0.927s] 
[0.928s] ./launch/show_turtle.launch.py:30:100: E501 line too long (115 > 99 characters)
[0.928s]     use_jsp_arg = DeclareLaunchArgument(name='use_jsp', default_value='"gui"', choices=['"gui"', '"jsp"','"none"'],
[0.928s]                                                                                                    ^
[0.928s] 
[0.928s] ./launch/show_turtle.launch.py:30:105: E231 missing whitespace after ','
[0.928s]     use_jsp_arg = DeclareLaunchArgument(name='use_jsp', default_value='"gui"', choices=['"gui"', '"jsp"','"none"'],
[0.928s]                                                                                                         ^
[0.928s] 
[0.929s] ./launch/show_turtle.launch.py:31:37: E128 continuation line under-indented for visual indent
[0.929s]                                     description='Flag to enable joint_state_publisher_gui')#change
[0.929s]                                     ^
[0.929s] 
[0.929s] ./launch/show_turtle.launch.py:31:92: E261 at least two spaces before inline comment
[0.929s]                                     description='Flag to enable joint_state_publisher_gui')#change
[0.929s]                                                                                            ^
[0.929s] 
[0.930s] ./launch/show_turtle.launch.py:31:92: E262 inline comment should start with '# '
[0.930s]                                     description='Flag to enable joint_state_publisher_gui')#change
[0.930s]                                                                                            ^
[0.930s] 
[0.930s] ./launch/show_turtle.launch.py:34:100: E501 line too long (100 > 99 characters)
[0.930s]     rviz_arg = DeclareLaunchArgument(name='rvizconfig', default_value=str(default_rviz_config_path),
[0.931s]                                                                                                    ^
[0.931s] 
[0.931s] ./launch/show_turtle.launch.py:48:89: E231 missing whitespace after ','
[0.931s]         parameters=[{'robot_description': robot_description, 'publish_frequency': 100.0},config,]
[0.931s]                                                                                         ^
[0.931s] 
[0.931s] ./launch/show_turtle.launch.py:48:96: E231 missing whitespace after ','
[0.932s]         parameters=[{'robot_description': robot_description, 'publish_frequency': 100.0},config,]
[0.932s]                                                                                                ^
[0.932s] 
[0.932s] ./launch/show_turtle.launch.py:55:56: E231 missing whitespace after ','
[0.932s]         condition=IfCondition(PythonExpression([use_jsp,"=='jsp'"]))
[0.932s]                                                        ^
[0.932s] 
[0.932s] ./launch/show_turtle.launch.py:61:56: E231 missing whitespace after ','
[0.933s]         condition=IfCondition(PythonExpression([use_jsp,"=='gui'"]))
[0.933s]                                                        ^
[0.933s] 
[0.933s] ./launch/show_turtle.launch.py:80:7: W292 no newline at end of file
[0.933s]     ])      ^
[0.933s] 
[0.933s] ./launch/run_turtle.launch.py:2:1: F401 'ament_index_python.packages.get_package_share_path' imported but unused
[0.933s] from ament_index_python.packages import get_package_share_path, get_package_share_directory
[0.934s] ^
[0.934s] 
[0.934s] ./launch/run_turtle.launch.py:5:1: F401 'launch.actions.DeclareLaunchArgument' imported but unused
[0.934s] from launch.actions import DeclareLaunchArgument, IncludeLaunchDescription
[0.934s] ^
[0.934s] 
[0.934s] ./launch/run_turtle.launch.py:6:1: F401 'launch.conditions.IfCondition' imported but unused
[0.934s] from launch.conditions import IfCondition, UnlessCondition
[0.934s] ^
[0.935s] 
[0.935s] ./launch/run_turtle.launch.py:6:1: F401 'launch.conditions.UnlessCondition' imported but unused
[0.935s] from launch.conditions import IfCondition, UnlessCondition
[0.935s] ^
[0.935s] 
[0.935s] ./launch/run_turtle.launch.py:7:1: F401 'launch.substitutions.Command' imported but unused
[0.935s] from launch.substitutions import Command, LaunchConfiguration, PathJoinSubstitution
[0.935s] ^
[0.935s] 
[0.936s] [33m=============================== warnings summary ===============================[0m
[0.936s] test/test_flake8.py::test_flake8
[0.936s] test/test_flake8.py::test_flake8
[0.936s]   Warning: SelectableGroups dict interface is deprecated. Use select.
[0.936s] 
[0.936s] -- Docs: https://docs.pytest.org/en/stable/warnings.html
[0.936s] ./launch/run_turtle.launch.py:7:1: F401 'launch.substitutions.LaunchConfiguration' imported but unused
[0.936s] from launch.substitutions import Command, LaunchConfiguration, PathJoinSubstitution
[0.936s] ^
[0.937s] 
[0.937s] ./launch/run_turtle.launch.py:10:1: F401 'launch_ros.parameter_descriptions.ParameterValue' imported but unused
[0.937s] from launch_ros.parameter_descriptions import ParameterValue
[0.937s] ^
[0.937s] 
[0.937s] ./launch/run_turtle.launch.py:13:69: W291 trailing whitespace
[0.938s] """
[0.938s] launches turtlesim and turtle_robot node along with all the nodes in 
[0.938s] show_turtle launch file. Also connects yaml file to turtle_robot
[0.938s] """
[0.938s]    
[0.938s]                                                                 ^
[0.938s] 
[0.939s] ./launch/run_turtle.launch.py:16:1: E302 expected 2 blank lines, found 0
[0.939s] def generate_launch_description():
[0.939s] ^
[0.939s] 
[0.939s] ./launch/run_turtle.launch.py:43:23: E251 unexpected spaces around keyword / parameter equals
[0.939s]             remappings = [('/cmd_vel', '/turtlesim1/turtle1/cmd_vel'),],
[0.939s]                       ^
[0.939s] 
[0.939s] ./launch/run_turtle.launch.py:43:25: E251 unexpected spaces around keyword / parameter equals
[0.940s]             remappings = [('/cmd_vel', '/turtlesim1/turtle1/cmd_vel'),],
[0.940s]                         ^
[0.940s] 
[0.940s] ./launch/run_turtle.launch.py:43:70: E231 missing whitespace after ','
[0.940s]             remappings = [('/cmd_vel', '/turtlesim1/turtle1/cmd_vel'),],
[0.940s]                                                                      ^
[0.940s] 
[0.940s] ./launch/run_turtle.launch.py:46:1: W293 blank line contains whitespace
[0.940s]         
[0.941s] ^
[0.941s] 
[0.941s] ./launch/run_turtle.launch.py:47:7: W292 no newline at end of file
[0.941s]     ])      ^
[0.941s] 
[0.941s] ./launch/turtle_arena.launch.py:5:27: E271 multiple spaces after keyword
[0.941s] from launch.actions import  IncludeLaunchDescription
[0.941s]                           ^
[0.942s] 
[0.942s] ./launch/turtle_arena.launch.py:10:61: W291 trailing whitespace
[0.942s] """
[0.942s] launches arena and catcher nodes along with all the nodes in 
[0.942s] show_turtle launch file.
[0.942s] Also connects to yaml files to arena and catcher node 
[0.942s] """
[0.942s]    
[0.942s]                                                         ^
[0.942s] 
[0.943s] ./launch/turtle_arena.launch.py:12:54: W291 trailing whitespace
[0.943s] """
[0.943s] launches arena and catcher nodes along with all the nodes in 
[0.943s] show_turtle launch file.
[0.943s] Also connects to yaml files to arena and catcher node 
[0.943s] """
[0.943s]    
[0.943s]                                                  ^
[0.943s] 
[0.943s] ./launch/turtle_arena.launch.py:15:1: E302 expected 2 blank lines, found 1
[0.943s] def generate_launch_description():
[0.943s] ^
[0.944s] 
[0.944s] ./launch/turtle_arena.launch.py:44:1: W293 blank line contains whitespace
[0.944s]         
[0.944s] ^
[0.944s] 
[0.944s] ./launch/turtle_arena.launch.py:45:7: W292 no newline at end of file
[0.944s]     ])      ^
[0.944s] 
[0.944s] 1     E128 continuation line under-indented for visual indent
[0.944s] 2     E225 missing whitespace around operator
[0.944s] 7     E231 missing whitespace after ','
[0.944s] 2     E251 unexpected spaces around keyword / parameter equals
[0.944s] 1     E261 at least two spaces before inline comment
[0.944s] 1     E262 inline comment should start with '# '
[0.945s] 1     E265 block comment should start with '# '
[0.945s] 1     E271 multiple spaces after keyword
[0.945s] 3     E302 expected 2 blank lines, found 0
[0.945s] 3     E501 line too long (115 > 99 characters)
[0.945s] 16    F401 'ament_index_python.packages.get_package_share_path' imported but unused
[0.945s] 1     F841 local variable 'use_sim_time' is assigned to but never used
[0.945s] 5     W291 trailing whitespace
[0.945s] 4     W292 no newline at end of file
[0.945s] 3     W293 blank line contains whitespace
[0.945s] 
[0.946s] 13 files checked
[0.946s] 51 errors
[0.946s] 
[0.946s] 'E'-type errors: 22
[0.946s] 'F'-type errors: 17
[0.946s] 'W'-type errors: 12
[0.946s] 
[0.946s] Checked files:
[0.946s] 
[0.946s] * ./setup.py
[0.946s] * ./turtle_brick/arena.py
[0.947s] * ./turtle_brick/turtle_robot.py
[0.947s] * ./turtle_brick/catcher.py
[0.947s] * ./turtle_brick/__init__.py
[0.947s] * ./test/math_test.py
[0.947s] * ./test/test_flake8.py
[0.947s] * ./test/test_copyright.py
[0.947s] * ./test/test_pep257.py
[0.947s] * ./test/brick.test.py
[0.947s] * ./launch/show_turtle.launch.py
[0.947s] * ./launch/run_turtle.launch.py
[0.947s] * ./launch/turtle_arena.launch.py
[0.947s] ----------------------------- Captured stderr call -----------------------------
[0.947s] option --max-complexity: please update from optparse string `type=` to argparse callable `type=` -- this will be an error in the future
[0.947s] [31m[1m_________________________________ test_pep257 __________________________________[0m
[0.947s] [1m[31mtest/test_pep257.py[0m:23: in test_pep257
[0.948s]     [94massert[39;49;00m rc == [94m0[39;49;00m, [33m'[39;49;00m[33mFound code style errors / warnings[39;49;00m[33m'[39;49;00m
[0.948s] [1m[31mE   AssertionError: Found code style errors / warnings[0m
[0.948s] [1m[31mE   assert 1 == 0[0m
[0.948s] ----------------------------- Captured stdout call -----------------------------
[0.948s] checking ./launch/run_turtle.launch.py
[0.948s] checking ./launch/show_turtle.launch.py
[0.948s] checking ./launch/turtle_arena.launch.py
[0.948s] checking ./setup.py
[0.948s] checking ./test/brick.test.py
[0.948s] checking ./test/math_test.py
[0.948s] checking ./test/test_copyright.py
[0.948s] checking ./test/test_flake8.py
[0.948s] checking ./test/test_pep257.py
[0.948s] checking ./turtle_brick/__init__.py
[0.948s] checking ./turtle_brick/arena.py
[0.948s] ./turtle_brick/arena.py:16 in public class `BState`: D204: 1 blank line required after class docstring (found 0)
[0.949s] ./turtle_brick/arena.py:16 in public class `BState`: D205: 1 blank line required between summary line and description (found 0)
[0.949s] ./turtle_brick/arena.py:16 in public class `BState`: D208: Docstring is over-indented
[0.949s] ./turtle_brick/arena.py:16 in public class `BState`: D210: No whitespaces allowed surrounding docstring text
[0.949s] ./turtle_brick/arena.py:16 in public class `BState`: D213: Multi-line docstring summary should start at the second line
[0.949s] ./turtle_brick/arena.py:29 in public class `Arena`: D204: 1 blank line required after class docstring (found 0)
[0.949s] ./turtle_brick/arena.py:29 in public class `Arena`: D205: 1 blank line required between summary line and description (found 0)
[0.949s] checking ./turtle_brick/catcher.py
[0.949s] ./turtle_brick/catcher.py:13 in public class `State`: D204: 1 blank line required after class docstring (found 0)
[0.949s] ./turtle_brick/catcher.py:13 in public class `State`: D205: 1 blank line required between summary line and description (found 0)
[0.949s] ./turtle_brick/catcher.py:13 in public class `State`: D400: First line should end with a period (not 't')
[0.949s] ./turtle_brick/catcher.py:13 in public class `State`: D415: First line should end with a period, question mark, or exclamation point (not 't')
[0.949s] ./turtle_brick/catcher.py:23 in public class `Catcher`: D205: 1 blank line required between summary line and description (found 0)
[0.949s] ./turtle_brick/catcher.py:23 in public class `Catcher`: D400: First line should end with a period (not 't')
[0.950s] ./turtle_brick/catcher.py:23 in public class `Catcher`: D415: First line should end with a period, question mark, or exclamation point (not 't')
[0.950s] checking ./turtle_brick/turtle_robot.py
[0.950s] ./turtle_brick/turtle_robot.py:14 in public class `Turtle_robot`: D204: 1 blank line required after class docstring (found 0)
[0.950s] ./turtle_brick/turtle_robot.py:14 in public class `Turtle_robot`: D205: 1 blank line required between summary line and description (found 0)
[0.950s] checking test/brick.test.py
[0.950s] checking test/math_test.py
[0.950s] checking test/test_copyright.py
[0.950s] checking test/test_flake8.py
[0.950s] checking test/test_pep257.py
[0.950s] 16 errors
[0.950s] - generated xml file: /home/alyssa/homework2-alyssa225/build/turtle_brick/pytest.xml -
[0.950s] =========================== short test summary info ============================
[0.950s] FAILED test/test_flake8.py::test_flake8 - AssertionError: Found 51 code style...
[0.950s] FAILED test/test_pep257.py::test_pep257 - AssertionError: Found code style er...
[0.951s] [31m============== [31m[1m2 failed[0m, [32m1 passed[0m, [33m1 skipped[0m, [33m2 warnings[0m[31m in 0.38s[0m[31m ==============[0m
[0.989s] Invoked command in '/home/alyssa/homework2-alyssa225/src/turtle_brick' returned '1': AMENT_PREFIX_PATH=/home/alyssa/homework2-alyssa225/install/turtle_brick:/home/alyssa/homework2-alyssa225/install/turtle_brick_interfaces:/opt/ros/humble PYTEST_ADDOPTS=--tb=short --junit-xml=/home/alyssa/homework2-alyssa225/build/turtle_brick/pytest.xml --junit-prefix=turtle_brick -o cache_dir=/home/alyssa/homework2-alyssa225/build/turtle_brick/.pytest_cache PYTHONPATH=/home/alyssa/homework2-alyssa225/install/turtle_brick/lib/python3.10/site-packages:/home/alyssa/homework2-alyssa225/install/turtle_brick_interfaces/local/lib/python3.10/dist-packages:/opt/ros/humble/lib/python3.10/site-packages:/opt/ros/humble/local/lib/python3.10/dist-packages /usr/bin/python3 -m pytest
