[0.283s] Invoking command in '/home/alyssa/homework2-alyssa225/src/turtle_brick': AMENT_PREFIX_PATH=/home/alyssa/homework2-alyssa225/install/turtle_brick:/home/alyssa/homework2-alyssa225/install/turtle_brick_interfaces:/opt/ros/humble PYTEST_ADDOPTS=--tb=short --junit-xml=/home/alyssa/homework2-alyssa225/build/turtle_brick/pytest.xml --junit-prefix=turtle_brick -o cache_dir=/home/alyssa/homework2-alyssa225/build/turtle_brick/.pytest_cache PYTHONPATH=/home/alyssa/homework2-alyssa225/install/turtle_brick/lib/python3.10/site-packages:/home/alyssa/homework2-alyssa225/install/turtle_brick_interfaces/local/lib/python3.10/dist-packages:/opt/ros/humble/lib/python3.10/site-packages:/opt/ros/humble/local/lib/python3.10/dist-packages /usr/bin/python3 -m pytest
[0.623s] [1m============================= test session starts ==============================[0m
[0.623s] platform linux -- Python 3.10.6, pytest-6.2.5, py-1.10.0, pluggy-0.13.0
[0.629s] cachedir: /home/alyssa/homework2-alyssa225/build/turtle_brick/.pytest_cache
[0.629s] rootdir: /home/alyssa/homework2-alyssa225/src/turtle_brick
[0.629s] plugins: ament-lint-0.12.4, ament-xmllint-0.12.4, launch-testing-ros-0.19.3, launch-testing-1.0.2, ament-flake8-0.12.4, ament-pep257-0.12.4, ament-copyright-0.12.4, colcon-core-0.10.0, cov-3.0.0
[0.726s] [1mcollecting ... [0m[1m
[0.726s] collected 4 items                                                              [0m
[0.726s] 
[0.736s] test/math_test.py [32m.[0m[32m                                                      [ 25%][0m
[0.737s] test/test_copyright.py [33ms[0m[32m                                                 [ 50%][0m
[0.949s] test/test_flake8.py [31mF[0m[31m                                                    [ 75%][0m
[1.026s] test/test_pep257.py [31mF[0m[31m                                                    [100%][0m
[1.026s] 
[1.026s] =================================== FAILURES ===================================
[1.026s] [31m[1m_________________________________ test_flake8 __________________________________[0m
[1.026s] [1m[31mtest/test_flake8.py[0m:23: in test_flake8
[1.065s]     [94massert[39;49;00m rc == [94m0[39;49;00m, \
[1.065s] [1m[31mE   AssertionError: Found 1 code style errors / warnings:[0m
[1.065s] [1m[31mE     ./turtle_brick/catcher.py:28:1: W293 blank line contains whitespace[0m
[1.065s] [1m[31mE   assert 1 == 0[0m
[1.066s] ----------------------------- Captured stdout call -----------------------------
[1.066s] 
[1.066s] ./turtle_brick/catcher.py:28:1: W293 blank line contains whitespace
[1.066s]     """
[1.066s]     Calculates if robot can catch placed brick in time or not.
[1.067s]     
[1.067s]     -If it can catch, robot travels to drop location, catches brick,
[1.067s]         travels back to origin, and tilts brick off
[1.067s]     -If the robot can't reach brick in time, the screen publishes "UNREACHABLE",
[1.067s]         and lets brick fall to ground
[1.067s] 
[1.067s]     SUBSCRIPTIONS:
[1.068s]         -robot_sub:continuous robot position
[1.068s]         -drop_sub: gets placed brick position and sends if drop service is called
[1.068s]         -catch_sub: gets True the brick is caught on the platform
[1.068s]     PUBLISHERS:
[1.068s]         -goal_pose: send pose to turtle robot
[1.068s]         -tilt: send tilt angle to platform on turtle robot
[1.069s]         -text marker: publishes "UNREACHABLE" if robot can't reach in time
[1.069s] 
[1.069s]     """
[1.069s] ^
[1.069s] 
[1.069s] 1     W293 blank line contains whitespace
[1.070s] 
[1.070s] 13 files checked
[1.070s] 1 errors
[1.070s] 
[1.070s] 'W'-type errors: 1
[1.070s] 
[1.070s] Checked files:
[1.071s] 
[1.071s] * ./setup.py
[1.071s] * ./turtle_brick/arena.py
[1.071s] * ./turtle_brick/turtle_robot.py
[1.071s] * ./turtle_brick/catcher.py
[1.071s] * ./turtle_brick/__init__.py
[1.071s] * ./test/math_test.py
[1.072s] * ./test/test_flake8.py
[1.072s] * ./test/test_copyright.py
[1.072s] * ./test/test_pep257.py
[1.072s] * ./test/brick.test.py
[1.072s] * ./launch/show_turtle.launch.py
[1.072s] * ./launch/run_turtle.launch.py
[1.073s] * ./launch/turtle_arena.launch.py
[1.073s] ----------------------------- Captured stderr call -----------------------------
[1.073s] option --max-complexity: please update from optparse string `type=` to argparse callable `type=` -- this will be an error in the future
[1.073s] [31m[1m_________________________________ test_pep257 __________________________________[0m
[1.073s] [1m[31mtest/test_pep257.py[0m:23: in test_pep257
[1.073s]     [94massert[39;49;00m rc == [94m0[39;49;00m, [33m'[39;49;00m[33mFound code style errors / warnings[39;49;00m[33m'[39;49;00m
[1.073s] [1m[31mE   AssertionError: Found code style errors / warnings[0m
[1.073s] [1m[31mE   assert 1 == 0[0m
[1.073s] ----------------------------- Captured stdout call -----------------------------
[1.073s] checking ./launch/run_turtle.launch.py
[1.074s] checking ./launch/show_turtle.launch.py
[1.074s] checking ./launch/turtle_arena.launch.py
[1.074s] checking ./setup.py
[1.074s] checking ./test/brick.test.py
[1.074s] checking ./test/math_test.py
[1.074s] checking ./test/test_copyright.py
[1.074s] checking ./test/test_flake8.py
[1.074s] checking ./test/test_pep257.py
[1.074s] checking ./turtle_brick/__init__.py
[1.075s] checking ./turtle_brick/arena.py
[1.075s] ./turtle_brick/arena.py:16 in public class `BState`: D204: 1 blank line required after class docstring (found 0)
[1.075s] ./turtle_brick/arena.py:33 in public class `Arena`: D204: 1 blank line required after class docstring (found 0)
[1.075s] checking ./turtle_brick/catcher.py
[1.075s] ./turtle_brick/catcher.py:13 in public class `State`: D204: 1 blank line required after class docstring (found 0)
[1.075s] ./turtle_brick/catcher.py:26 in public class `Catcher`: D204: 1 blank line required after class docstring (found 0)
[1.075s] checking ./turtle_brick/turtle_robot.py
[1.075s] checking test/brick.test.py
[1.076s] checking test/math_test.py
[1.076s] checking test/test_copyright.py
[1.076s] checking test/test_flake8.py
[1.076s] checking test/test_pep257.py
[1.076s] 4 errors
[1.076s] [33m=============================== warnings summary ===============================[0m
[1.076s] test/test_flake8.py::test_flake8
[1.076s] test/test_flake8.py::test_flake8
[1.077s]   Warning: SelectableGroups dict interface is deprecated. Use select.
[1.077s] 
[1.077s] -- Docs: https://docs.pytest.org/en/stable/warnings.html
[1.077s] - generated xml file: /home/alyssa/homework2-alyssa225/build/turtle_brick/pytest.xml -
[1.077s] =========================== short test summary info ============================
[1.077s] FAILED test/test_flake8.py::test_flake8 - AssertionError: Found 1 code style ...
[1.077s] FAILED test/test_pep257.py::test_pep257 - AssertionError: Found code style er...
[1.078s] [31m============== [31m[1m2 failed[0m, [32m1 passed[0m, [33m1 skipped[0m, [33m2 warnings[0m[31m in 0.44s[0m[31m ==============[0m
[1.138s] Invoked command in '/home/alyssa/homework2-alyssa225/src/turtle_brick' returned '1': AMENT_PREFIX_PATH=/home/alyssa/homework2-alyssa225/install/turtle_brick:/home/alyssa/homework2-alyssa225/install/turtle_brick_interfaces:/opt/ros/humble PYTEST_ADDOPTS=--tb=short --junit-xml=/home/alyssa/homework2-alyssa225/build/turtle_brick/pytest.xml --junit-prefix=turtle_brick -o cache_dir=/home/alyssa/homework2-alyssa225/build/turtle_brick/.pytest_cache PYTHONPATH=/home/alyssa/homework2-alyssa225/install/turtle_brick/lib/python3.10/site-packages:/home/alyssa/homework2-alyssa225/install/turtle_brick_interfaces/local/lib/python3.10/dist-packages:/opt/ros/humble/lib/python3.10/site-packages:/opt/ros/humble/local/lib/python3.10/dist-packages /usr/bin/python3 -m pytest
