<?xml version="1.0" encoding="UTF-8"?>
<Site BuildName="(empty)"
	BuildStamp="20221020-2004-Experimental"
	Name="alyssa-Galago-Pro"
	Generator="ctest-3.22.1"
	CompilerName="/usr/bin/c++"
	CompilerVersion="11.2.0"
	OSName="Linux"
	Hostname="alyssa-Galago-Pro"
	OSRelease="5.15.0-50-generic"
	OSVersion="#56-Ubuntu SMP Tue Sep 20 13:23:26 UTC 2022"
	OSPlatform="x86_64"
	Is64Bits="1"
	VendorString="GenuineIntel"
	VendorID="Intel Corporation"
	FamilyID="6"
	ModelID="142"
	ProcessorCacheSize="8192"
	NumberOfLogicalCPU="8"
	NumberOfPhysicalCPU="4"
	TotalVirtualMemory="2047"
	TotalPhysicalMemory="31816"
	LogicalProcessorsPerPhysical="2"
	ProcessorClockFrequency="2829.84"
	>
	<Testing>
		<StartDateTime>Oct 20 15:04 CDT</StartDateTime>
		<StartTestTime>1666296279</StartTestTime>
		<TestList>
			<Test>./lint_cmake</Test>
			<Test>./xmllint</Test>
		</TestList>
		<Test Status="failed">
			<Name>lint_cmake</Name>
			<Path>.</Path>
			<FullName>./lint_cmake</FullName>
			<FullCommandLine>/usr/bin/python3.10 "-u" "/opt/ros/humble/share/ament_cmake_test/cmake/run_test.py" "/home/alyssa/homework2-alyssa225/build/turtle_brick_interfaces/test_results/turtle_brick_interfaces/lint_cmake.xunit.xml" "--package-name" "turtle_brick_interfaces" "--output-file" "/home/alyssa/homework2-alyssa225/build/turtle_brick_interfaces/ament_lint_cmake/lint_cmake.txt" "--command" "/opt/ros/humble/bin/ament_lint_cmake" "--xunit-file" "/home/alyssa/homework2-alyssa225/build/turtle_brick_interfaces/test_results/turtle_brick_interfaces/lint_cmake.xunit.xml"</FullCommandLine>
			<Results>
				<NamedMeasurement type="text/string" name="Exit Code">
					<Value>Failed</Value>
				</NamedMeasurement>
				<NamedMeasurement type="text/string" name="Exit Value">
					<Value>1</Value>
				</NamedMeasurement>
				<NamedMeasurement type="numeric/double" name="Execution Time">
					<Value>0.15054</Value>
				</NamedMeasurement>
				<NamedMeasurement type="numeric/double" name="Processors">
					<Value>1</Value>
				</NamedMeasurement>
				<NamedMeasurement type="text/string" name="Completion Status">
					<Value>Completed</Value>
				</NamedMeasurement>
				<NamedMeasurement type="text/string" name="Command Line">
					<Value>/usr/bin/python3.10 "-u" "/opt/ros/humble/share/ament_cmake_test/cmake/run_test.py" "/home/alyssa/homework2-alyssa225/build/turtle_brick_interfaces/test_results/turtle_brick_interfaces/lint_cmake.xunit.xml" "--package-name" "turtle_brick_interfaces" "--output-file" "/home/alyssa/homework2-alyssa225/build/turtle_brick_interfaces/ament_lint_cmake/lint_cmake.txt" "--command" "/opt/ros/humble/bin/ament_lint_cmake" "--xunit-file" "/home/alyssa/homework2-alyssa225/build/turtle_brick_interfaces/test_results/turtle_brick_interfaces/lint_cmake.xunit.xml"</Value>
				</NamedMeasurement>
				<NamedMeasurement type="text/string" name="Environment">
					<Value>#CTEST_RESOURCE_GROUP_COUNT=</Value>
				</NamedMeasurement>
				<Measurement>
					<Value>-- run_test.py: invoking following command in '/home/alyssa/homework2-alyssa225/src/turtle_brick_interfaces':
 - /opt/ros/humble/bin/ament_lint_cmake --xunit-file /home/alyssa/homework2-alyssa225/build/turtle_brick_interfaces/test_results/turtle_brick_interfaces/lint_cmake.xunit.xml
CMakeLists.txt:15: Mismatching spaces inside () after command [whitespace/mismatch]


1 errors
-- run_test.py: return code 1
-- run_test.py: verify result file '/home/alyssa/homework2-alyssa225/build/turtle_brick_interfaces/test_results/turtle_brick_interfaces/lint_cmake.xunit.xml'
</Value>
				</Measurement>
			</Results>
			<Labels>
				<Label>lint_cmake</Label>
				<Label>linter</Label>
			</Labels>
		</Test>
		<Test Status="passed">
			<Name>xmllint</Name>
			<Path>.</Path>
			<FullName>./xmllint</FullName>
			<FullCommandLine>/usr/bin/python3.10 "-u" "/opt/ros/humble/share/ament_cmake_test/cmake/run_test.py" "/home/alyssa/homework2-alyssa225/build/turtle_brick_interfaces/test_results/turtle_brick_interfaces/xmllint.xunit.xml" "--package-name" "turtle_brick_interfaces" "--output-file" "/home/alyssa/homework2-alyssa225/build/turtle_brick_interfaces/ament_xmllint/xmllint.txt" "--command" "/opt/ros/humble/bin/ament_xmllint" "--xunit-file" "/home/alyssa/homework2-alyssa225/build/turtle_brick_interfaces/test_results/turtle_brick_interfaces/xmllint.xunit.xml"</FullCommandLine>
			<Results>
				<NamedMeasurement type="numeric/double" name="Execution Time">
					<Value>0.2691</Value>
				</NamedMeasurement>
				<NamedMeasurement type="numeric/double" name="Processors">
					<Value>1</Value>
				</NamedMeasurement>
				<NamedMeasurement type="text/string" name="Completion Status">
					<Value>Completed</Value>
				</NamedMeasurement>
				<NamedMeasurement type="text/string" name="Command Line">
					<Value>/usr/bin/python3.10 "-u" "/opt/ros/humble/share/ament_cmake_test/cmake/run_test.py" "/home/alyssa/homework2-alyssa225/build/turtle_brick_interfaces/test_results/turtle_brick_interfaces/xmllint.xunit.xml" "--package-name" "turtle_brick_interfaces" "--output-file" "/home/alyssa/homework2-alyssa225/build/turtle_brick_interfaces/ament_xmllint/xmllint.txt" "--command" "/opt/ros/humble/bin/ament_xmllint" "--xunit-file" "/home/alyssa/homework2-alyssa225/build/turtle_brick_interfaces/test_results/turtle_brick_interfaces/xmllint.xunit.xml"</Value>
				</NamedMeasurement>
				<NamedMeasurement type="text/string" name="Environment">
					<Value>#CTEST_RESOURCE_GROUP_COUNT=</Value>
				</NamedMeasurement>
				<Measurement>
					<Value>-- run_test.py: invoking following command in '/home/alyssa/homework2-alyssa225/src/turtle_brick_interfaces':
 - /opt/ros/humble/bin/ament_xmllint --xunit-file /home/alyssa/homework2-alyssa225/build/turtle_brick_interfaces/test_results/turtle_brick_interfaces/xmllint.xunit.xml
File 'package.xml' is valid

No problems found
-- run_test.py: return code 0
-- run_test.py: verify result file '/home/alyssa/homework2-alyssa225/build/turtle_brick_interfaces/test_results/turtle_brick_interfaces/xmllint.xunit.xml'
</Value>
				</Measurement>
			</Results>
			<Labels>
				<Label>linter</Label>
				<Label>xmllint</Label>
			</Labels>
		</Test>
		<EndDateTime>Oct 20 15:04 CDT</EndDateTime>
		<EndTestTime>1666296279</EndTestTime>
		<ElapsedMinutes>0</ElapsedMinutes>
	</Testing>
</Site>
