[1m============================= test session starts ==============================[0m
platform linux -- Python 3.10.6, pytest-6.2.5, py-1.10.0, pluggy-0.13.0
cachedir: /home/alyssa/homework2-alyssa225/build/turtle_brick/.pytest_cache
rootdir: /home/alyssa/homework2-alyssa225/src/turtle_brick
plugins: ament-lint-0.12.4, ament-xmllint-0.12.4, launch-testing-ros-0.19.3, launch-testing-1.0.2, ament-flake8-0.12.4, ament-pep257-0.12.4, ament-copyright-0.12.4, colcon-core-0.10.0, cov-3.0.0
[1mcollecting ... [0m[1m
collected 4 items                                                              [0m

test/math_test.py [32m.[0m[32m                                                      [ 25%][0m
test/test_copyright.py [33ms[0m[32m                                                 [ 50%][0m
test/test_flake8.py [31mF[0m[31m                                                    [ 75%][0m
test/test_pep257.py [31mF[0m[31m                                                    [100%][0m

=================================== FAILURES ===================================
[31m[1m_________________________________ test_flake8 __________________________________[0m
[1m[31mtest/test_flake8.py[0m:23: in test_flake8
    [94massert[39;49;00m rc == [94m0[39;49;00m, \
[1m[31mE   AssertionError: Found 10 code style errors / warnings:[0m
[1m[31mE     ./test/brick.test.py:10:1: E302 expected 2 blank lines, found 1[0m
[1m[31mE     ./test/brick.test.py:13:26: E128 continuation line under-indented for visual indent[0m
[1m[31mE     ./test/brick.test.py:14:26: E124 closing bracket does not match visual indentation[0m
[1m[31mE     ./test/brick.test.py:25:1: E302 expected 2 blank lines, found 1[0m
[1m[31mE     ./test/brick.test.py:42:9: F841 local variable 'tilt_sub' is assigned to but never used[0m
[1m[31mE     ./test/brick.test.py:45:1: W293 blank line contains whitespace[0m
[1m[31mE     ./test/brick.test.py:53:24: E127 continuation line over-indented for visual indent[0m
[1m[31mE     ./test/brick.test.py:62:43: W291 trailing whitespace[0m
[1m[31mE     ./test/brick.test.py:63:20: E127 continuation line over-indented for visual indent[0m
[1m[31mE     ./test/brick.test.py:68:1: W293 blank line contains whitespace[0m
[1m[31mE   assert 1 == 0[0m
----------------------------- Captured stdout call -----------------------------

./test/brick.test.py:10:1: E302 expected 2 blank lines, found 1
@pytest.mark.rostest
^

./test/brick.test.py:13:26: E128 continuation line under-indented for visual indent
                         executable="turtle_robot",
                         ^

./test/brick.test.py:14:26: E124 closing bracket does not match visual indentation
                         )
                         ^

./test/brick.test.py:25:1: E302 expected 2 blank lines, found 1
class TestTurtleRobot(unittest.TestCase):
^

./test/brick.test.py:42:9: F841 local variable 'tilt_sub' is assigned to but never used
        tilt_sub = self.create_subscription(Twist, '/cmd_vel', self.test_callback, 10)
        ^

./test/brick.test.py:45:1: W293 blank line contains whitespace
    
^

./test/brick.test.py:53:24: E127 continuation line over-indented for visual indent
                       + float(self.timestart.header.stamp.nanosec) / 1000000000.0)
                       ^

./test/brick.test.py:62:43: W291 trailing whitespace
        tf = (float(time.header.stamp.sec) 
                                          ^

./test/brick.test.py:63:20: E127 continuation line over-indented for visual indent
                   + float(time.header.stamp.nanosec) / 1000000000.0)
                   ^

./test/brick.test.py:68:1: W293 blank line contains whitespace
            
^

1     E124 closing bracket does not match visual indentation
2     E127 continuation line over-indented for visual indent
1     E128 continuation line under-indented for visual indent
2     E302 expected 2 blank lines, found 1
1     F841 local variable 'tilt_sub' is assigned to but never used
1     W291 trailing whitespace
2     W293 blank line contains whitespace

13 files checked
10 errors

'E'-type errors: 6
'F'-type errors: 1
'W'-type errors: 3

Checked files:

* ./setup.py
* ./turtle_brick/arena.py
* ./turtle_brick/turtle_robot.py
* ./turtle_brick/catcher.py
* ./turtle_brick/__init__.py
* ./test/math_test.py
* ./test/test_flake8.py
* ./test/test_copyright.py
* ./test/test_pep257.py
* ./test/brick.test.py
* ./launch/show_turtle.launch.py
* ./launch/run_turtle.launch.py
* ./launch/turtle_arena.launch.py
----------------------------- Captured stderr call -----------------------------
option --max-complexity: please update from optparse string `type=` to argparse callable `type=` -- this will be an error in the future
[31m[1m_________________________________ test_pep257 __________________________________[0m
[1m[31mtest/test_pep257.py[0m:23: in test_pep257
    [94massert[39;49;00m rc == [94m0[39;49;00m, [33m'[39;49;00m[33mFound code style errors / warnings[39;49;00m[33m'[39;49;00m
[1m[31mE   AssertionError: Found code style errors / warnings[0m
[1m[31mE   assert 1 == 0[0m
----------------------------- Captured stdout call -----------------------------
checking ./launch/run_turtle.launch.py
checking ./launch/show_turtle.launch.py
checking ./launch/turtle_arena.launch.py
checking ./setup.py
checking ./test/brick.test.py
checking ./test/math_test.py
checking ./test/test_copyright.py
checking ./test/test_flake8.py
checking ./test/test_pep257.py
checking ./turtle_brick/__init__.py
checking ./turtle_brick/arena.py
./turtle_brick/arena.py:16 in public class `BState`: D204: 1 blank line required after class docstring (found 0)
./turtle_brick/arena.py:16 in public class `BState`: D205: 1 blank line required between summary line and description (found 0)
./turtle_brick/arena.py:16 in public class `BState`: D208: Docstring is over-indented
./turtle_brick/arena.py:16 in public class `BState`: D210: No whitespaces allowed surrounding docstring text
./turtle_brick/arena.py:16 in public class `BState`: D213: Multi-line docstring summary should start at the second line
./turtle_brick/arena.py:29 in public class `Arena`: D204: 1 blank line required after class docstring (found 0)
./turtle_brick/arena.py:29 in public class `Arena`: D205: 1 blank line required between summary line and description (found 0)
checking ./turtle_brick/catcher.py
./turtle_brick/catcher.py:13 in public class `State`: D204: 1 blank line required after class docstring (found 0)
./turtle_brick/catcher.py:13 in public class `State`: D205: 1 blank line required between summary line and description (found 0)
./turtle_brick/catcher.py:13 in public class `State`: D400: First line should end with a period (not 't')
./turtle_brick/catcher.py:13 in public class `State`: D415: First line should end with a period, question mark, or exclamation point (not 't')
./turtle_brick/catcher.py:23 in public class `Catcher`: D205: 1 blank line required between summary line and description (found 0)
./turtle_brick/catcher.py:23 in public class `Catcher`: D400: First line should end with a period (not 't')
./turtle_brick/catcher.py:23 in public class `Catcher`: D415: First line should end with a period, question mark, or exclamation point (not 't')
checking ./turtle_brick/turtle_robot.py
./turtle_brick/turtle_robot.py:14 in public class `Turtle_robot`: D204: 1 blank line required after class docstring (found 0)
./turtle_brick/turtle_robot.py:14 in public class `Turtle_robot`: D205: 1 blank line required between summary line and description (found 0)
checking test/brick.test.py
checking test/math_test.py
checking test/test_copyright.py
checking test/test_flake8.py
checking test/test_pep257.py
16 errors
- generated xml file: /home/alyssa/homework2-alyssa225/build/turtle_brick/pytest.xml -
=========================== short test summary info ============================
FAILED test/test_flake8.py::test_flake8 - AssertionError: Found 10 code style...
FAILED test/test_pep257.py::test_pep257 - AssertionError: Found code style er...
[31m============== [31m[1m2 failed[0m, [32m1 passed[0m, [33m1 skipped[0m, [33m2 warnings[0m[31m in 0.41s[0m[31m ==============[0m
