[0.250s] Invoking command in '/home/alyssa/homework2-alyssa225/src/turtle_brick': AMENT_PREFIX_PATH=/home/alyssa/homework2-alyssa225/install/turtle_brick:/home/alyssa/homework2-alyssa225/install/turtle_brick_interfaces:/opt/ros/humble PYTEST_ADDOPTS=--tb=short --junit-xml=/home/alyssa/homework2-alyssa225/build/turtle_brick/pytest.xml --junit-prefix=turtle_brick -o cache_dir=/home/alyssa/homework2-alyssa225/build/turtle_brick/.pytest_cache PYTHONPATH=/home/alyssa/homework2-alyssa225/install/turtle_brick/lib/python3.10/site-packages:/home/alyssa/homework2-alyssa225/install/turtle_brick_interfaces/local/lib/python3.10/dist-packages:/opt/ros/humble/lib/python3.10/site-packages:/opt/ros/humble/local/lib/python3.10/dist-packages /usr/bin/python3 -m pytest
[0.532s] [1m============================= test session starts ==============================[0m
[0.532s] platform linux -- Python 3.10.6, pytest-6.2.5, py-1.10.0, pluggy-0.13.0
[0.537s] cachedir: /home/alyssa/homework2-alyssa225/build/turtle_brick/.pytest_cache
[0.537s] rootdir: /home/alyssa/homework2-alyssa225/src/turtle_brick
[0.537s] plugins: ament-lint-0.12.4, ament-xmllint-0.12.4, launch-testing-ros-0.19.3, launch-testing-1.0.2, ament-flake8-0.12.4, ament-pep257-0.12.4, ament-copyright-0.12.4, colcon-core-0.10.0, cov-3.0.0
[0.615s] [1mcollecting ... [0m[1m
[0.615s] collected 4 items                                                              [0m
[0.615s] 
[0.622s] test/math_test.py [32m.[0m[32m                                                      [ 25%][0m
[0.623s] test/test_copyright.py [33ms[0m[32m                                                 [ 50%][0m
[0.832s] test/test_flake8.py [31mF[0m[31m                                                    [ 75%][0m
[0.898s] test/test_pep257.py [31mF[0m[31m                                                    [100%][0m
[0.898s] 
[0.899s] =================================== FAILURES ===================================
[0.899s] [31m[1m_________________________________ test_flake8 __________________________________[0m
[0.899s] [1m[31mtest/test_flake8.py[0m:23: in test_flake8
[0.937s]     [94massert[39;49;00m rc == [94m0[39;49;00m, \
[0.938s] [1m[31mE   AssertionError: Found 10 code style errors / warnings:[0m
[0.938s] [1m[31mE     ./test/brick.test.py:10:1: E302 expected 2 blank lines, found 1[0m
[0.938s] [1m[31mE     ./test/brick.test.py:13:26: E128 continuation line under-indented for visual indent[0m
[0.938s] [1m[31mE     ./test/brick.test.py:14:26: E124 closing bracket does not match visual indentation[0m
[0.939s] [1m[31mE     ./test/brick.test.py:25:1: E302 expected 2 blank lines, found 1[0m
[0.939s] [1m[31mE     ./test/brick.test.py:42:9: F841 local variable 'tilt_sub' is assigned to but never used[0m
[0.939s] [1m[31mE     ./test/brick.test.py:45:1: W293 blank line contains whitespace[0m
[0.939s] [1m[31mE     ./test/brick.test.py:53:24: E127 continuation line over-indented for visual indent[0m
[0.939s] [1m[31mE     ./test/brick.test.py:62:43: W291 trailing whitespace[0m
[0.939s] [1m[31mE     ./test/brick.test.py:63:20: E127 continuation line over-indented for visual indent[0m
[0.939s] [1m[31mE     ./test/brick.test.py:68:1: W293 blank line contains whitespace[0m
[0.939s] [1m[31mE   assert 1 == 0[0m
[0.939s] ----------------------------- Captured stdout call -----------------------------
[0.940s] 
[0.940s] ./test/brick.test.py:10:1: E302 expected 2 blank lines, found 1
[0.940s] @pytest.mark.rostest
[0.940s] ^
[0.940s] 
[0.940s] ./test/brick.test.py:13:26: E128 continuation line under-indented for visual indent
[0.941s]                          executable="turtle_robot",
[0.941s]                          ^
[0.941s] 
[0.941s] ./test/brick.test.py:14:26: E124 closing bracket does not match visual indentation
[0.941s]                          )
[0.941s]                          ^
[0.941s] 
[0.941s] ./test/brick.test.py:25:1: E302 expected 2 blank lines, found 1
[0.941s] class TestTurtleRobot(unittest.TestCase):
[0.942s] ^
[0.942s] 
[0.942s] ./test/brick.test.py:42:9: F841 local variable 'tilt_sub' is assigned to but never used
[0.942s]         tilt_sub = self.create_subscription(Twist, '/cmd_vel', self.test_callback, 10)
[0.942s]         ^
[0.942s] 
[0.942s] ./test/brick.test.py:45:1: W293 blank line contains whitespace
[0.942s]     
[0.942s] ^
[0.943s] 
[0.943s] ./test/brick.test.py:53:24: E127 continuation line over-indented for visual indent
[0.943s]                        + float(self.timestart.header.stamp.nanosec) / 1000000000.0)
[0.943s]                        ^
[0.943s] 
[0.943s] ./test/brick.test.py:62:43: W291 trailing whitespace
[0.943s]         tf = (float(time.header.stamp.sec) 
[0.943s]                                           ^
[0.944s] 
[0.944s] ./test/brick.test.py:63:20: E127 continuation line over-indented for visual indent
[0.944s]                    + float(time.header.stamp.nanosec) / 1000000000.0)
[0.944s]                    ^
[0.944s] 
[0.944s] ./test/brick.test.py:68:1: W293 blank line contains whitespace
[0.944s]             
[0.945s] ^
[0.945s] 
[0.945s] 1     E124 closing bracket does not match visual indentation
[0.945s] 2     E127 continuation line over-indented for visual indent
[0.945s] 1     E128 continuation line under-indented for visual indent
[0.945s] 2     E302 expected 2 blank lines, found 1
[0.945s] 1     F841 local variable 'tilt_sub' is assigned to but never used
[0.945s] 1     W291 trailing whitespace
[0.946s] 2     W293 blank line contains whitespace
[0.946s] 
[0.946s] 13 files checked
[0.946s] 10 errors
[0.946s] 
[0.946s] 'E'-type errors: 6
[0.946s] 'F'-type errors: 1
[0.946s] 'W'-type errors: 3
[0.947s] 
[0.947s] Checked files:
[0.947s] 
[0.947s] * ./setup.py
[0.947s] * ./turtle_brick/arena.py
[0.947s] * ./turtle_brick/turtle_robot.py
[0.947s] * ./turtle_brick/catcher.py
[0.948s] * ./turtle_brick/__init__.py
[0.948s] * ./test/math_test.py
[0.948s] * ./test/test_flake8.py
[0.948s] * ./test/test_copyright.py
[0.948s] * ./test/test_pep257.py
[0.948s] * ./test/brick.test.py
[0.948s] * ./launch/show_turtle.launch.py
[0.948s] * ./launch/run_turtle.launch.py
[0.949s] * ./launch/turtle_arena.launch.py
[0.949s] ----------------------------- Captured stderr call -----------------------------
[0.949s] option --max-complexity: please update from optparse string `type=` to argparse callable `type=` -- this will be an error in the future
[0.949s] [31m[1m_________________________________ test_pep257 __________________________________[0m
[0.949s] [1m[31mtest/test_pep257.py[0m:23: in test_pep257
[0.949s]     [94massert[39;49;00m rc == [94m0[39;49;00m, [33m'[39;49;00m[33mFound code style errors / warnings[39;49;00m[33m'[39;49;00m
[0.949s] [1m[31mE   AssertionError: Found code style errors / warnings[0m
[0.949s] [1m[31mE   assert 1 == 0[0m
[0.950s] ----------------------------- Captured stdout call -----------------------------
[0.950s] checking ./launch/run_turtle.launch.py
[0.950s] checking ./launch/show_turtle.launch.py
[0.950s] checking ./launch/turtle_arena.launch.py
[0.950s] checking ./setup.py
[0.950s] checking ./test/brick.test.py
[0.950s] checking ./test/math_test.py
[0.950s] checking ./test/test_copyright.py
[0.950s] checking ./test/test_flake8.py
[0.950s] checking ./test/test_pep257.py
[0.950s] checking ./turtle_brick/__init__.py
[0.950s] checking ./turtle_brick/arena.py
[0.951s] ./turtle_brick/arena.py:16 in public class `BState`: D204: 1 blank line required after class docstring (found 0)
[0.951s] ./turtle_brick/arena.py:16 in public class `BState`: D205: 1 blank line required between summary line and description (found 0)
[0.951s] ./turtle_brick/arena.py:16 in public class `BState`: D208: Docstring is over-indented
[0.951s] ./turtle_brick/arena.py:16 in public class `BState`: D210: No whitespaces allowed surrounding docstring text
[0.951s] ./turtle_brick/arena.py:16 in public class `BState`: D213: Multi-line docstring summary should start at the second line
[0.951s] ./turtle_brick/arena.py:29 in public class `Arena`: D204: 1 blank line required after class docstring (found 0)
[0.951s] ./turtle_brick/arena.py:29 in public class `Arena`: D205: 1 blank line required between summary line and description (found 0)
[0.951s] checking ./turtle_brick/catcher.py
[0.951s] ./turtle_brick/catcher.py:13 in public class `State`: D204: 1 blank line required after class docstring (found 0)
[0.951s] ./turtle_brick/catcher.py:13 in public class `State`: D205: 1 blank line required between summary line and description (found 0)
[0.951s] ./turtle_brick/catcher.py:13 in public class `State`: D400: First line should end with a period (not 't')
[0.951s] ./turtle_brick/catcher.py:13 in public class `State`: D415: First line should end with a period, question mark, or exclamation point (not 't')
[0.951s] ./turtle_brick/catcher.py:23 in public class `Catcher`: D205: 1 blank line required between summary line and description (found 0)
[0.951s] ./turtle_brick/catcher.py:23 in public class `Catcher`: D400: First line should end with a period (not 't')
[0.952s] ./turtle_brick/catcher.py:23 in public class `Catcher`: D415: First line should end with a period, question mark, or exclamation point (not 't')
[0.952s] checking ./turtle_brick/turtle_robot.py
[0.952s] ./turtle_brick/turtle_robot.py:14 in public class `Turtle_robot`: D204: 1 blank line required after class docstring (found 0)
[0.952s] ./turtle_brick/turtle_robot.py:14 in public class `Turtle_robot`: D205: 1 blank line required between summary line and description (found 0)
[0.952s] checking test/brick.test.py
[0.952s] checking test/math_test.py
[0.952s] checking test/test_copyright.py
[0.952s] checking test/test_flake8.py
[0.952s] checking test/test_pep257.py
[0.952s] 16 errors
[0.952s] - generated xml file: /home/alyssa/homework2-alyssa225/build/turtle_brick/pytest.xml -
[0.953s] [33m=============================== warnings summary ===============================[0m
[0.953s] test/test_flake8.py::test_flake8
[0.953s] test/test_flake8.py::test_flake8
[0.953s]   Warning: SelectableGroups dict interface is deprecated. Use select.
[0.953s] 
[0.953s] -- Docs: https://docs.pytest.org/en/stable/warnings.html
[0.953s] =========================== short test summary info ============================
[0.953s] FAILED test/test_flake8.py::test_flake8 - AssertionError: Found 10 code style...
[0.953s] FAILED test/test_pep257.py::test_pep257 - AssertionError: Found code style er...
[0.953s] [31m============== [31m[1m2 failed[0m, [32m1 passed[0m, [33m1 skipped[0m, [33m2 warnings[0m[31m in 0.41s[0m[31m ==============[0m
[1.008s] Invoked command in '/home/alyssa/homework2-alyssa225/src/turtle_brick' returned '1': AMENT_PREFIX_PATH=/home/alyssa/homework2-alyssa225/install/turtle_brick:/home/alyssa/homework2-alyssa225/install/turtle_brick_interfaces:/opt/ros/humble PYTEST_ADDOPTS=--tb=short --junit-xml=/home/alyssa/homework2-alyssa225/build/turtle_brick/pytest.xml --junit-prefix=turtle_brick -o cache_dir=/home/alyssa/homework2-alyssa225/build/turtle_brick/.pytest_cache PYTHONPATH=/home/alyssa/homework2-alyssa225/install/turtle_brick/lib/python3.10/site-packages:/home/alyssa/homework2-alyssa225/install/turtle_brick_interfaces/local/lib/python3.10/dist-packages:/opt/ros/humble/lib/python3.10/site-packages:/opt/ros/humble/local/lib/python3.10/dist-packages /usr/bin/python3 -m pytest
