[0.265s] Invoking command in '/home/alyssa/homework2-alyssa225/src/turtle_brick': AMENT_PREFIX_PATH=/home/alyssa/homework2-alyssa225/install/turtle_brick:/home/alyssa/homework2-alyssa225/install/turtle_brick_interfaces:/opt/ros/humble PYTEST_ADDOPTS=--tb=short --junit-xml=/home/alyssa/homework2-alyssa225/build/turtle_brick/pytest.xml --junit-prefix=turtle_brick -o cache_dir=/home/alyssa/homework2-alyssa225/build/turtle_brick/.pytest_cache PYTHONPATH=/home/alyssa/homework2-alyssa225/install/turtle_brick/lib/python3.10/site-packages:/home/alyssa/homework2-alyssa225/install/turtle_brick_interfaces/local/lib/python3.10/dist-packages:/opt/ros/humble/lib/python3.10/site-packages:/opt/ros/humble/local/lib/python3.10/dist-packages /usr/bin/python3 -m pytest
[0.566s] [1m============================= test session starts ==============================[0m
[0.566s] platform linux -- Python 3.10.6, pytest-6.2.5, py-1.10.0, pluggy-0.13.0
[0.572s] cachedir: /home/alyssa/homework2-alyssa225/build/turtle_brick/.pytest_cache
[0.572s] rootdir: /home/alyssa/homework2-alyssa225/src/turtle_brick
[0.572s] plugins: ament-lint-0.12.4, ament-xmllint-0.12.4, launch-testing-ros-0.19.3, launch-testing-1.0.2, ament-flake8-0.12.4, ament-pep257-0.12.4, ament-copyright-0.12.4, colcon-core-0.10.0, cov-3.0.0
[0.673s] [1mcollecting ... [0m[1m
[0.673s] collected 4 items                                                              [0m
[0.673s] 
[0.680s] test/math_test.py [32m.[0m[32m                                                      [ 25%][0m
[0.682s] test/test_copyright.py [33ms[0m[32m                                                 [ 50%][0m
[0.875s] test/test_flake8.py [31mF[0m[31m                                                    [ 75%][0m
[0.944s] test/test_pep257.py [31mF[0m[31m                                                    [100%][0m
[0.944s] 
[0.944s] =================================== FAILURES ===================================
[0.944s] [31m[1m_________________________________ test_flake8 __________________________________[0m
[0.945s] [1m[31mtest/test_flake8.py[0m:23: in test_flake8
[0.981s]     [94massert[39;49;00m rc == [94m0[39;49;00m, \
[0.981s] [1m[31mE   AssertionError: Found 4 code style errors / warnings:[0m
[0.982s] [1m[31mE     ./test/brick.test.py:54:25: E127 continuation line over-indented for visual indent[0m
[0.982s] [1m[31mE     ./test/brick.test.py:63:43: W291 trailing whitespace[0m
[0.982s] [1m[31mE     ./test/brick.test.py:64:21: E127 continuation line over-indented for visual indent[0m
[0.982s] [1m[31mE     ./test/brick.test.py:69:1: W293 blank line contains whitespace[0m
[0.982s] [1m[31mE   assert 1 == 0[0m
[0.983s] ----------------------------- Captured stdout call -----------------------------
[0.983s] 
[0.983s] ./test/brick.test.py:54:25: E127 continuation line over-indented for visual indent
[0.983s]                         + float(self.timestart.header.stamp.nanosec) / 1000000000.0)
[0.983s]                         ^
[0.983s] 
[0.983s] ./test/brick.test.py:63:43: W291 trailing whitespace
[0.984s]         tf = (float(time.header.stamp.sec) 
[0.984s]                                           ^
[0.984s] 
[0.984s] ./test/brick.test.py:64:21: E127 continuation line over-indented for visual indent
[0.984s]                     + float(time.header.stamp.nanosec) / 1000000000.0)
[0.984s]                     ^
[0.984s] 
[0.985s] ./test/brick.test.py:69:1: W293 blank line contains whitespace
[0.985s]  
[0.985s] ^
[0.985s] 
[0.985s] 2     E127 continuation line over-indented for visual indent
[0.985s] 1     W291 trailing whitespace
[0.985s] 1     W293 blank line contains whitespace
[0.986s] 
[0.986s] 13 files checked
[0.986s] 4 errors
[0.986s] 
[0.986s] 'E'-type errors: 2
[0.986s] 'W'-type errors: 2
[0.986s] 
[0.987s] Checked files:
[0.987s] 
[0.987s] * ./setup.py
[0.987s] * ./turtle_brick/arena.py
[0.987s] * ./turtle_brick/turtle_robot.py
[0.987s] * ./turtle_brick/catcher.py
[0.987s] * ./turtle_brick/__init__.py
[0.988s] * ./test/math_test.py
[0.988s] * ./test/test_flake8.py
[0.988s] * ./test/test_copyright.py
[0.988s] * ./test/test_pep257.py
[0.988s] * ./test/brick.test.py
[0.988s] * ./launch/show_turtle.launch.py
[0.989s] * ./launch/run_turtle.launch.py
[0.989s] * ./launch/turtle_arena.launch.py
[0.989s] ----------------------------- Captured stderr call -----------------------------
[0.989s] option --max-complexity: please update from optparse string `type=` to argparse callable `type=` -- this will be an error in the future
[0.989s] [31m[1m_________________________________ test_pep257 __________________________________[0m
[0.989s] [1m[31mtest/test_pep257.py[0m:23: in test_pep257
[0.989s]     [94massert[39;49;00m rc == [94m0[39;49;00m, [33m'[39;49;00m[33mFound code style errors / warnings[39;49;00m[33m'[39;49;00m
[0.990s] [1m[31mE   AssertionError: Found code style errors / warnings[0m
[0.990s] [1m[31mE   assert 1 == 0[0m
[0.990s] ----------------------------- Captured stdout call -----------------------------
[0.990s] checking ./launch/run_turtle.launch.py
[0.990s] checking ./launch/show_turtle.launch.py
[0.990s] checking ./launch/turtle_arena.launch.py
[0.990s] checking ./setup.py
[0.991s] checking ./test/brick.test.py
[0.991s] checking ./test/math_test.py
[0.991s] checking ./test/test_copyright.py
[0.991s] checking ./test/test_flake8.py
[0.991s] checking ./test/test_pep257.py
[0.991s] checking ./turtle_brick/__init__.py
[0.992s] checking ./turtle_brick/arena.py
[0.992s] ./turtle_brick/arena.py:16 in public class `BState`: D204: 1 blank line required after class docstring (found 0)
[0.992s] ./turtle_brick/arena.py:16 in public class `BState`: D205: 1 blank line required between summary line and description (found 0)
[0.992s] ./turtle_brick/arena.py:16 in public class `BState`: D208: Docstring is over-indented
[0.992s] ./turtle_brick/arena.py:16 in public class `BState`: D210: No whitespaces allowed surrounding docstring text
[0.992s] ./turtle_brick/arena.py:16 in public class `BState`: D213: Multi-line docstring summary should start at the second line
[0.993s] ./turtle_brick/arena.py:29 in public class `Arena`: D204: 1 blank line required after class docstring (found 0)
[0.993s] ./turtle_brick/arena.py:29 in public class `Arena`: D205: 1 blank line required between summary line and description (found 0)
[0.993s] checking ./turtle_brick/catcher.py
[0.993s] ./turtle_brick/catcher.py:13 in public class `State`: D204: 1 blank line required after class docstring (found 0)
[0.993s] ./turtle_brick/catcher.py:13 in public class `State`: D205: 1 blank line required between summary line and description (found 0)
[0.993s] ./turtle_brick/catcher.py:13 in public class `State`: D400: First line should end with a period (not 't')
[0.993s] ./turtle_brick/catcher.py:13 in public class `State`: D415: First line should end with a period, question mark, or exclamation point (not 't')
[0.994s] ./turtle_brick/catcher.py:23 in public class `Catcher`: D205: 1 blank line required between summary line and description (found 0)
[0.994s] ./turtle_brick/catcher.py:23 in public class `Catcher`: D400: First line should end with a period (not 't')
[0.994s] ./turtle_brick/catcher.py:23 in public class `Catcher`: D415: First line should end with a period, question mark, or exclamation point (not 't')
[0.994s] checking ./turtle_brick/turtle_robot.py
[0.994s] ./turtle_brick/turtle_robot.py:14 in public class `Turtle_robot`: D204: 1 blank line required after class docstring (found 0)
[0.994s] ./turtle_brick/turtle_robot.py:14 in public class `Turtle_robot`: D205: 1 blank line required between summary line and description (found 0)
[0.994s] checking test/brick.test.py
[0.995s] checking test/math_test.py
[0.995s] checking test/test_copyright.py
[0.995s] checking test/test_flake8.py
[0.995s] checking test/test_pep257.py
[0.995s] 16 errors
[0.995s] [33m=============================== warnings summary ===============================[0m
[0.995s] test/test_flake8.py::test_flake8
[0.996s] test/test_flake8.py::test_flake8
[0.996s]   Warning: SelectableGroups dict interface is deprecated. Use select.
[0.996s] 
[0.996s] -- Docs: https://docs.pytest.org/en/stable/warnings.html
[0.996s] - generated xml file: /home/alyssa/homework2-alyssa225/build/turtle_brick/pytest.xml -
[0.996s] =========================== short test summary info ============================
[0.996s] FAILED test/test_flake8.py::test_flake8 - AssertionError: Found 4 code style ...
[0.997s] FAILED test/test_pep257.py::test_pep257 - AssertionError: Found code style er...
[0.997s] [31m============== [31m[1m2 failed[0m, [32m1 passed[0m, [33m1 skipped[0m, [33m2 warnings[0m[31m in 0.42s[0m[31m ==============[0m
[1.058s] Invoked command in '/home/alyssa/homework2-alyssa225/src/turtle_brick' returned '1': AMENT_PREFIX_PATH=/home/alyssa/homework2-alyssa225/install/turtle_brick:/home/alyssa/homework2-alyssa225/install/turtle_brick_interfaces:/opt/ros/humble PYTEST_ADDOPTS=--tb=short --junit-xml=/home/alyssa/homework2-alyssa225/build/turtle_brick/pytest.xml --junit-prefix=turtle_brick -o cache_dir=/home/alyssa/homework2-alyssa225/build/turtle_brick/.pytest_cache PYTHONPATH=/home/alyssa/homework2-alyssa225/install/turtle_brick/lib/python3.10/site-packages:/home/alyssa/homework2-alyssa225/install/turtle_brick_interfaces/local/lib/python3.10/dist-packages:/opt/ros/humble/lib/python3.10/site-packages:/opt/ros/humble/local/lib/python3.10/dist-packages /usr/bin/python3 -m pytest
