[0.249s] Invoking command in '/home/alyssa/homework2-alyssa225/src/turtle_brick': AMENT_PREFIX_PATH=/home/alyssa/homework2-alyssa225/install/turtle_brick:/home/alyssa/homework2-alyssa225/install/turtle_brick_interfaces:/opt/ros/humble PYTEST_ADDOPTS=--tb=short --junit-xml=/home/alyssa/homework2-alyssa225/build/turtle_brick/pytest.xml --junit-prefix=turtle_brick -o cache_dir=/home/alyssa/homework2-alyssa225/build/turtle_brick/.pytest_cache PYTHONPATH=/home/alyssa/homework2-alyssa225/install/turtle_brick/lib/python3.10/site-packages:/home/alyssa/homework2-alyssa225/install/turtle_brick_interfaces/local/lib/python3.10/dist-packages:/opt/ros/humble/lib/python3.10/site-packages:/opt/ros/humble/local/lib/python3.10/dist-packages /usr/bin/python3 -m pytest
[0.520s] [1m============================= test session starts ==============================[0m
[0.520s] platform linux -- Python 3.10.6, pytest-6.2.5, py-1.10.0, pluggy-0.13.0
[0.525s] cachedir: /home/alyssa/homework2-alyssa225/build/turtle_brick/.pytest_cache
[0.525s] rootdir: /home/alyssa/homework2-alyssa225/src/turtle_brick
[0.525s] plugins: ament-lint-0.12.4, ament-xmllint-0.12.4, launch-testing-ros-0.19.3, launch-testing-1.0.2, ament-flake8-0.12.4, ament-pep257-0.12.4, ament-copyright-0.12.4, colcon-core-0.10.0, cov-3.0.0
[0.597s] [1mcollecting ... [0m[1m
[0.597s] collected 4 items                                                              [0m
[0.598s] 
[0.611s] test/math_test.py [32m.[0m[32m                                                      [ 25%][0m
[0.612s] test/test_copyright.py [33ms[0m[32m                                                 [ 50%][0m
[0.816s] test/test_flake8.py [31mF[0m[31m                                                    [ 75%][0m
[0.877s] test/test_pep257.py [31mF[0m[31m                                                    [100%][0m
[0.877s] 
[0.877s] =================================== FAILURES ===================================
[0.878s] [31m[1m_________________________________ test_flake8 __________________________________[0m
[0.878s] [1m[31mtest/test_flake8.py[0m:23: in test_flake8
[0.912s]     [94massert[39;49;00m rc == [94m0[39;49;00m, \
[0.912s] [1m[31mE   AssertionError: Found 35 code style errors / warnings:[0m
[0.912s] [1m[31mE     ./test/brick.test.py:8:26: W291 trailing whitespace[0m
[0.913s] [1m[31mE     ./launch/show_turtle.launch.py:12:90: W291 trailing whitespace[0m
[0.913s] [1m[31mE     ./launch/show_turtle.launch.py:15:14: W291 trailing whitespace[0m
[0.913s] [1m[31mE     ./launch/show_turtle.launch.py:25:22: E225 missing whitespace around operator[0m
[0.913s] [1m[31mE     ./launch/show_turtle.launch.py:27:51: E225 missing whitespace around operator[0m
[0.913s] [1m[31mE     ./launch/show_turtle.launch.py:28:5: F841 local variable 'use_sim_time' is assigned to but never used[0m
[0.914s] [1m[31mE     ./launch/show_turtle.launch.py:30:100: E501 line too long (115 > 99 characters)[0m
[0.914s] [1m[31mE     ./launch/show_turtle.launch.py:30:105: E231 missing whitespace after ','[0m
[0.914s] [1m[31mE     ./launch/show_turtle.launch.py:31:37: E128 continuation line under-indented for visual indent[0m
[0.914s] [1m[31mE     ./launch/show_turtle.launch.py:34:100: E501 line too long (100 > 99 characters)[0m
[0.914s] [1m[31mE     ./launch/show_turtle.launch.py:48:89: E231 missing whitespace after ','[0m
[0.914s] [1m[31mE     ./launch/show_turtle.launch.py:48:96: E231 missing whitespace after ','[0m
[0.914s] [1m[31mE     ./launch/show_turtle.launch.py:55:56: E231 missing whitespace after ','[0m
[0.914s] [1m[31mE     ./launch/show_turtle.launch.py:61:56: E231 missing whitespace after ','[0m
[0.915s] [1m[31mE     ./launch/show_turtle.launch.py:80:7: W292 no newline at end of file[0m
[0.915s] [1m[31mE     ./launch/run_turtle.launch.py:2:1: F401 'ament_index_python.packages.get_package_share_path' imported but unused[0m
[0.915s] [1m[31mE     ./launch/run_turtle.launch.py:5:1: F401 'launch.actions.DeclareLaunchArgument' imported but unused[0m
[0.915s] [1m[31mE     ./launch/run_turtle.launch.py:6:1: F401 'launch.conditions.IfCondition' imported but unused[0m
[0.915s] [1m[31mE     ./launch/run_turtle.launch.py:6:1: F401 'launch.conditions.UnlessCondition' imported but unused[0m
[0.915s] [1m[31mE     ./launch/run_turtle.launch.py:7:1: F401 'launch.substitutions.Command' imported but unused[0m
[0.915s] [1m[31mE     ./launch/run_turtle.launch.py:7:1: F401 'launch.substitutions.LaunchConfiguration' imported but unused[0m
[0.915s] [1m[31mE     ./launch/run_turtle.launch.py:10:1: F401 'launch_ros.parameter_descriptions.ParameterValue' imported but unused[0m
[0.916s] [1m[31mE     ./launch/run_turtle.launch.py:13:69: W291 trailing whitespace[0m
[0.916s] [1m[31mE     ./launch/run_turtle.launch.py:16:1: E302 expected 2 blank lines, found 0[0m
[0.916s] [1m[31mE     ./launch/run_turtle.launch.py:43:23: E251 unexpected spaces around keyword / parameter equals[0m
[0.916s] [1m[31mE     ./launch/run_turtle.launch.py:43:25: E251 unexpected spaces around keyword / parameter equals[0m
[0.916s] [1m[31mE     ./launch/run_turtle.launch.py:43:70: E231 missing whitespace after ','[0m
[0.916s] [1m[31mE     ./launch/run_turtle.launch.py:46:1: W293 blank line contains whitespace[0m
[0.916s] [1m[31mE     ./launch/run_turtle.launch.py:47:7: W292 no newline at end of file[0m
[0.916s] [1m[31mE     ./launch/turtle_arena.launch.py:5:27: E271 multiple spaces after keyword[0m
[0.917s] [1m[31mE     ./launch/turtle_arena.launch.py:10:61: W291 trailing whitespace[0m
[0.917s] [1m[31mE     ./launch/turtle_arena.launch.py:12:54: W291 trailing whitespace[0m
[0.917s] [1m[31mE     ./launch/turtle_arena.launch.py:15:1: E302 expected 2 blank lines, found 1[0m
[0.917s] [1m[31mE     ./launch/turtle_arena.launch.py:44:1: W293 blank line contains whitespace[0m
[0.917s] [1m[31mE     ./launch/turtle_arena.launch.py:45:7: W292 no newline at end of file[0m
[0.917s] [1m[31mE   assert 1 == 0[0m
[0.917s] ----------------------------- Captured stdout call -----------------------------
[0.917s] 
[0.918s] ./test/brick.test.py:8:26: W291 trailing whitespace
[0.918s] # found this example here 
[0.918s]                          ^
[0.918s] 
[0.918s] ./launch/show_turtle.launch.py:12:90: W291 trailing whitespace
[0.918s] """
[0.918s] took bases from https://github.com/ros/urdf_tutorial/blob/ros2/launch/display.launch.py
[0.918s] launches the rviz, robot publisher, and choosen joint state publisher nodes and takes the 
[0.918s] turtle_robot.urdf.xacro file from the urdf folder
[0.919s] LAUNCH ARGUMENTS:
[0.919s]     -use_jsp: 
[0.919s]         default: '"gui"'
[0.919s]         arguments: ['"gui"', '"jsp"', '"none"']
[0.919s]             '"gui"': launches with joint_state_publisher_gui_node
[0.919s]             '"jsp"': launches with joint_state_publisher_node
[0.919s]             '"none"': does not use either joint state publisher
[0.919s] """
[0.920s]    
[0.920s]                                                                                      ^
[0.920s] 
[0.920s] ./launch/show_turtle.launch.py:15:14: W291 trailing whitespace
[0.920s] """
[0.920s] took bases from https://github.com/ros/urdf_tutorial/blob/ros2/launch/display.launch.py
[0.920s] launches the rviz, robot publisher, and choosen joint state publisher nodes and takes the 
[0.920s] turtle_robot.urdf.xacro file from the urdf folder
[0.920s] LAUNCH ARGUMENTS:
[0.921s]     -use_jsp: 
[0.921s]         default: '"gui"'
[0.921s]         arguments: ['"gui"', '"jsp"', '"none"']
[0.921s]             '"gui"': launches with joint_state_publisher_gui_node
[0.921s]             '"jsp"': launches with joint_state_publisher_node
[0.921s]             '"none"': does not use either joint state publisher
[0.921s] """
[0.921s]    
[0.922s]          ^
[0.922s] 
[0.922s] ./launch/show_turtle.launch.py:25:22: E225 missing whitespace around operator
[0.922s]     turtle_brick_path= 'src/turtle_brick'
[0.922s]                      ^
[0.922s] 
[0.922s] ./launch/show_turtle.launch.py:27:51: E225 missing whitespace around operator
[0.922s]     default_rviz_config_path = turtle_brick_path +'/config/turtle_urdf.rviz'
[0.923s]                                                   ^
[0.923s] 
[0.923s] ./launch/show_turtle.launch.py:28:5: F841 local variable 'use_sim_time' is assigned to but never used
[0.923s]     use_sim_time = LaunchConfiguration('use_sim_time', default='false')
[0.923s]     ^
[0.923s] 
[0.923s] ./launch/show_turtle.launch.py:30:100: E501 line too long (115 > 99 characters)
[0.923s]     use_jsp_arg = DeclareLaunchArgument(name='use_jsp', default_value='"gui"', choices=['"gui"', '"jsp"','"none"'],
[0.924s]                                                                                                    ^
[0.924s] 
[0.924s] ./launch/show_turtle.launch.py:30:105: E231 missing whitespace after ','
[0.924s]     use_jsp_arg = DeclareLaunchArgument(name='use_jsp', default_value='"gui"', choices=['"gui"', '"jsp"','"none"'],
[0.924s]                                                                                                         ^
[0.924s] 
[0.924s] ./launch/show_turtle.launch.py:31:37: E128 continuation line under-indented for visual indent
[0.924s]                                     description='choose which jointstate publisher to use or none')
[0.925s]                                     ^
[0.925s] 
[0.925s] ./launch/show_turtle.launch.py:34:100: E501 line too long (100 > 99 characters)
[0.925s]     rviz_arg = DeclareLaunchArgument(name='rvizconfig', default_value=str(default_rviz_config_path),
[0.925s]                                                                                                    ^
[0.925s] 
[0.925s] ./launch/show_turtle.launch.py:48:89: E231 missing whitespace after ','
[0.925s]         parameters=[{'robot_description': robot_description, 'publish_frequency': 100.0},config,]
[0.926s]                                                                                         ^
[0.926s] 
[0.926s] ./launch/show_turtle.launch.py:48:96: E231 missing whitespace after ','
[0.926s]         parameters=[{'robot_description': robot_description, 'publish_frequency': 100.0},config,]
[0.926s]                                                                                                ^
[0.926s] 
[0.927s] ./launch/show_turtle.launch.py:55:56: E231 missing whitespace after ','
[0.927s]         condition=IfCondition(PythonExpression([use_jsp,"=='jsp'"]))
[0.927s]                                                        ^
[0.928s] 
[0.928s] ./launch/show_turtle.launch.py:61:56: E231 missing whitespace after ','
[0.928s]         condition=IfCondition(PythonExpression([use_jsp,"=='gui'"]))
[0.928s]                                                        ^
[0.928s] 
[0.928s] ./launch/show_turtle.launch.py:80:7: W292 no newline at end of file
[0.928s]     ])      ^
[0.928s] 
[0.929s] ./launch/run_turtle.launch.py:2:1: F401 'ament_index_python.packages.get_package_share_path' imported but unused
[0.929s] from ament_index_python.packages import get_package_share_path, get_package_share_directory
[0.929s] ^
[0.929s] 
[0.929s] ./launch/run_turtle.launch.py:5:1: F401 'launch.actions.DeclareLaunchArgument' imported but unused
[0.929s] from launch.actions import DeclareLaunchArgument, IncludeLaunchDescription
[0.929s] ^
[0.929s] 
[0.929s] ./launch/run_turtle.launch.py:6:1: F401 'launch.conditions.IfCondition' imported but unused
[0.929s] from launch.conditions import IfCondition, UnlessCondition
[0.930s] ^
[0.930s] 
[0.930s] ./launch/run_turtle.launch.py:6:1: F401 'launch.conditions.UnlessCondition' imported but unused
[0.930s] from launch.conditions import IfCondition, UnlessCondition
[0.930s] ^
[0.930s] 
[0.930s] ./launch/run_turtle.launch.py:7:1: F401 'launch.substitutions.Command' imported but unused
[0.930s] from launch.substitutions import Command, LaunchConfiguration, PathJoinSubstitution
[0.930s] ^
[0.931s] 
[0.931s] ./launch/run_turtle.launch.py:7:1: F401 'launch.substitutions.LaunchConfiguration' imported but unused
[0.931s] from launch.substitutions import Command, LaunchConfiguration, PathJoinSubstitution
[0.931s] ^
[0.931s] 
[0.931s] ./launch/run_turtle.launch.py:10:1: F401 'launch_ros.parameter_descriptions.ParameterValue' imported but unused
[0.931s] from launch_ros.parameter_descriptions import ParameterValue
[0.931s] ^
[0.932s] 
[0.932s] ./launch/run_turtle.launch.py:13:69: W291 trailing whitespace
[0.932s] """
[0.932s] launches turtlesim and turtle_robot node along with all the nodes in 
[0.932s] show_turtle launch file. Also connects yaml file to turtle_robot
[0.932s] """
[0.932s]    
[0.932s]                                                                 ^
[0.932s] 
[0.933s] ./launch/run_turtle.launch.py:16:1: E302 expected 2 blank lines, found 0
[0.933s] def generate_launch_description():
[0.933s] ^
[0.933s] 
[0.933s] ./launch/run_turtle.launch.py:43:23: E251 unexpected spaces around keyword / parameter equals
[0.933s]             remappings = [('/cmd_vel', '/turtlesim1/turtle1/cmd_vel'),],
[0.933s]                       ^
[0.933s] 
[0.933s] ./launch/run_turtle.launch.py:43:25: E251 unexpected spaces around keyword / parameter equals
[0.933s]             remappings = [('/cmd_vel', '/turtlesim1/turtle1/cmd_vel'),],
[0.933s]                         ^
[0.934s] 
[0.934s] ./launch/run_turtle.launch.py:43:70: E231 missing whitespace after ','
[0.934s]             remappings = [('/cmd_vel', '/turtlesim1/turtle1/cmd_vel'),],
[0.934s]                                                                      ^
[0.934s] 
[0.934s] ./launch/run_turtle.launch.py:46:1: W293 blank line contains whitespace
[0.934s]         
[0.934s] ^
[0.934s] 
[0.934s] ./launch/run_turtle.launch.py:47:7: W292 no newline at end of file
[0.934s]     ])      ^
[0.934s] 
[0.934s] ./launch/turtle_arena.launch.py:5:27: E271 multiple spaces after keyword
[0.934s] from launch.actions import  IncludeLaunchDescription
[0.934s]                           ^
[0.935s] 
[0.935s] ./launch/turtle_arena.launch.py:10:61: W291 trailing whitespace
[0.935s] """
[0.935s] launches arena and catcher nodes along with all the nodes in 
[0.935s] show_turtle launch file.
[0.935s] Also connects to yaml files to arena and catcher node 
[0.935s] """
[0.935s]    
[0.935s]                                                         ^
[0.935s] 
[0.936s] [33m=============================== warnings summary ===============================[0m
[0.936s] test/test_flake8.py::test_flake8
[0.936s] test/test_flake8.py::test_flake8
[0.936s]   Warning: SelectableGroups dict interface is deprecated. Use select.
[0.936s] 
[0.936s] -- Docs: https://docs.pytest.org/en/stable/warnings.html
[0.936s] ./launch/turtle_arena.launch.py:12:54: W291 trailing whitespace
[0.936s] """
[0.936s] launches arena and catcher nodes along with all the nodes in 
[0.936s] show_turtle launch file.
[0.936s] Also connects to yaml files to arena and catcher node 
[0.936s] """
[0.936s]    
[0.936s]                                                  ^
[0.936s] 
[0.937s] ./launch/turtle_arena.launch.py:15:1: E302 expected 2 blank lines, found 1
[0.937s] def generate_launch_description():
[0.937s] ^
[0.937s] 
[0.937s] ./launch/turtle_arena.launch.py:44:1: W293 blank line contains whitespace
[0.937s]         
[0.937s] ^
[0.937s] 
[0.937s] ./launch/turtle_arena.launch.py:45:7: W292 no newline at end of file
[0.937s]     ])      ^
[0.937s] 
[0.937s] 1     E128 continuation line under-indented for visual indent
[0.937s] 2     E225 missing whitespace around operator
[0.937s] 6     E231 missing whitespace after ','
[0.937s] 2     E251 unexpected spaces around keyword / parameter equals
[0.937s] 1     E271 multiple spaces after keyword
[0.938s] 2     E302 expected 2 blank lines, found 0
[0.938s] 2     E501 line too long (115 > 99 characters)
[0.938s] 7     F401 'ament_index_python.packages.get_package_share_path' imported but unused
[0.938s] 1     F841 local variable 'use_sim_time' is assigned to but never used
[0.938s] 6     W291 trailing whitespace
[0.938s] 3     W292 no newline at end of file
[0.938s] 2     W293 blank line contains whitespace
[0.938s] 
[0.938s] 13 files checked
[0.938s] 35 errors
[0.938s] 
[0.938s] 'E'-type errors: 16
[0.938s] 'F'-type errors: 8
[0.938s] 'W'-type errors: 11
[0.938s] 
[0.938s] Checked files:
[0.939s] 
[0.939s] * ./setup.py
[0.939s] * ./turtle_brick/arena.py
[0.939s] * ./turtle_brick/turtle_robot.py
[0.939s] * ./turtle_brick/catcher.py
[0.939s] * ./turtle_brick/__init__.py
[0.939s] * ./test/math_test.py
[0.939s] * ./test/test_flake8.py
[0.939s] * ./test/test_copyright.py
[0.939s] * ./test/test_pep257.py
[0.939s] * ./test/brick.test.py
[0.939s] * ./launch/show_turtle.launch.py
[0.939s] * ./launch/run_turtle.launch.py
[0.939s] * ./launch/turtle_arena.launch.py
[0.939s] ----------------------------- Captured stderr call -----------------------------
[0.940s] option --max-complexity: please update from optparse string `type=` to argparse callable `type=` -- this will be an error in the future
[0.940s] [31m[1m_________________________________ test_pep257 __________________________________[0m
[0.940s] [1m[31mtest/test_pep257.py[0m:23: in test_pep257
[0.940s]     [94massert[39;49;00m rc == [94m0[39;49;00m, [33m'[39;49;00m[33mFound code style errors / warnings[39;49;00m[33m'[39;49;00m
[0.940s] [1m[31mE   AssertionError: Found code style errors / warnings[0m
[0.940s] [1m[31mE   assert 1 == 0[0m
[0.940s] ----------------------------- Captured stdout call -----------------------------
[0.940s] checking ./launch/run_turtle.launch.py
[0.940s] checking ./launch/show_turtle.launch.py
[0.940s] checking ./launch/turtle_arena.launch.py
[0.940s] checking ./setup.py
[0.940s] checking ./test/brick.test.py
[0.940s] checking ./test/math_test.py
[0.940s] checking ./test/test_copyright.py
[0.941s] checking ./test/test_flake8.py
[0.941s] checking ./test/test_pep257.py
[0.941s] checking ./turtle_brick/__init__.py
[0.941s] checking ./turtle_brick/arena.py
[0.941s] ./turtle_brick/arena.py:16 in public class `BState`: D204: 1 blank line required after class docstring (found 0)
[0.941s] ./turtle_brick/arena.py:16 in public class `BState`: D205: 1 blank line required between summary line and description (found 0)
[0.941s] ./turtle_brick/arena.py:16 in public class `BState`: D208: Docstring is over-indented
[0.941s] ./turtle_brick/arena.py:16 in public class `BState`: D210: No whitespaces allowed surrounding docstring text
[0.941s] ./turtle_brick/arena.py:16 in public class `BState`: D213: Multi-line docstring summary should start at the second line
[0.941s] ./turtle_brick/arena.py:29 in public class `Arena`: D204: 1 blank line required after class docstring (found 0)
[0.941s] ./turtle_brick/arena.py:29 in public class `Arena`: D205: 1 blank line required between summary line and description (found 0)
[0.941s] checking ./turtle_brick/catcher.py
[0.941s] ./turtle_brick/catcher.py:13 in public class `State`: D204: 1 blank line required after class docstring (found 0)
[0.941s] ./turtle_brick/catcher.py:13 in public class `State`: D205: 1 blank line required between summary line and description (found 0)
[0.942s] ./turtle_brick/catcher.py:13 in public class `State`: D400: First line should end with a period (not 't')
[0.942s] ./turtle_brick/catcher.py:13 in public class `State`: D415: First line should end with a period, question mark, or exclamation point (not 't')
[0.942s] ./turtle_brick/catcher.py:23 in public class `Catcher`: D205: 1 blank line required between summary line and description (found 0)
[0.942s] ./turtle_brick/catcher.py:23 in public class `Catcher`: D400: First line should end with a period (not 't')
[0.942s] ./turtle_brick/catcher.py:23 in public class `Catcher`: D415: First line should end with a period, question mark, or exclamation point (not 't')
[0.942s] checking ./turtle_brick/turtle_robot.py
[0.942s] ./turtle_brick/turtle_robot.py:14 in public class `Turtle_robot`: D204: 1 blank line required after class docstring (found 0)
[0.942s] ./turtle_brick/turtle_robot.py:14 in public class `Turtle_robot`: D205: 1 blank line required between summary line and description (found 0)
[0.942s] checking test/brick.test.py
[0.942s] checking test/math_test.py
[0.942s] checking test/test_copyright.py
[0.942s] checking test/test_flake8.py
[0.942s] checking test/test_pep257.py
[0.942s] 16 errors
[0.942s] - generated xml file: /home/alyssa/homework2-alyssa225/build/turtle_brick/pytest.xml -
[0.942s] =========================== short test summary info ============================
[0.943s] FAILED test/test_flake8.py::test_flake8 - AssertionError: Found 35 code style...
[0.943s] FAILED test/test_pep257.py::test_pep257 - AssertionError: Found code style er...
[0.943s] [31m============== [31m[1m2 failed[0m, [32m1 passed[0m, [33m1 skipped[0m, [33m2 warnings[0m[31m in 0.39s[0m[31m ==============[0m
[0.986s] Invoked command in '/home/alyssa/homework2-alyssa225/src/turtle_brick' returned '1': AMENT_PREFIX_PATH=/home/alyssa/homework2-alyssa225/install/turtle_brick:/home/alyssa/homework2-alyssa225/install/turtle_brick_interfaces:/opt/ros/humble PYTEST_ADDOPTS=--tb=short --junit-xml=/home/alyssa/homework2-alyssa225/build/turtle_brick/pytest.xml --junit-prefix=turtle_brick -o cache_dir=/home/alyssa/homework2-alyssa225/build/turtle_brick/.pytest_cache PYTHONPATH=/home/alyssa/homework2-alyssa225/install/turtle_brick/lib/python3.10/site-packages:/home/alyssa/homework2-alyssa225/install/turtle_brick_interfaces/local/lib/python3.10/dist-packages:/opt/ros/humble/lib/python3.10/site-packages:/opt/ros/humble/local/lib/python3.10/dist-packages /usr/bin/python3 -m pytest
