[1m============================= test session starts ==============================[0m
platform linux -- Python 3.10.6, pytest-6.2.5, py-1.10.0, pluggy-0.13.0
cachedir: /home/alyssa/homework2-alyssa225/build/turtle_brick/.pytest_cache
rootdir: /home/alyssa/homework2-alyssa225/src/turtle_brick
plugins: ament-lint-0.12.4, ament-xmllint-0.12.4, launch-testing-ros-0.19.3, launch-testing-1.0.2, ament-flake8-0.12.4, ament-pep257-0.12.4, ament-copyright-0.12.4, colcon-core-0.10.0, cov-3.0.0
[1mcollecting ... [0m[1m
collected 4 items / 3 deselected / 1 selected                                  [0m

test/math_test.py [31mF[0m[31m                                                      [100%][0m

=================================== FAILURES ===================================
[31m[1m______________________________ test_math_sucsses _______________________________[0m
[1m[31mtest/math_test.py[0m:2: in test_math_sucsses
    [94massert[39;49;00m [94m3[39;49;00m**[94m2[39;49;00m == [94m8[39;49;00m
[1m[31mE   assert (3 ** 2) == 8[0m
- generated xml file: /home/alyssa/homework2-alyssa225/build/turtle_brick/pytest.xml -
=========================== short test summary info ============================
FAILED test/math_test.py::test_math_sucsses - assert (3 ** 2) == 8
[31m======================= [31m[1m1 failed[0m, [33m3 deselected[0m[31m in 0.18s[0m[31m ========================[0m
