[0.290s] Invoking command in '/home/alyssa/homework2-alyssa225/src/turtle_brick': AMENT_PREFIX_PATH=/home/alyssa/homework2-alyssa225/install/turtle_brick:/home/alyssa/homework2-alyssa225/install/turtle_brick_interfaces:/opt/ros/humble PYTEST_ADDOPTS=--tb=short --junit-xml=/home/alyssa/homework2-alyssa225/build/turtle_brick/pytest.xml --junit-prefix=turtle_brick -o cache_dir=/home/alyssa/homework2-alyssa225/build/turtle_brick/.pytest_cache -k test_math_sucsses PYTHONPATH=/home/alyssa/homework2-alyssa225/install/turtle_brick/lib/python3.10/site-packages:/home/alyssa/homework2-alyssa225/install/turtle_brick_interfaces/local/lib/python3.10/dist-packages:/opt/ros/humble/lib/python3.10/site-packages:/opt/ros/humble/local/lib/python3.10/dist-packages /usr/bin/python3 -m pytest
[0.657s] [1m============================= test session starts ==============================[0m
[0.657s] platform linux -- Python 3.10.6, pytest-6.2.5, py-1.10.0, pluggy-0.13.0
[0.666s] cachedir: /home/alyssa/homework2-alyssa225/build/turtle_brick/.pytest_cache
[0.666s] rootdir: /home/alyssa/homework2-alyssa225/src/turtle_brick
[0.666s] plugins: ament-lint-0.12.4, ament-xmllint-0.12.4, launch-testing-ros-0.19.3, launch-testing-1.0.2, ament-flake8-0.12.4, ament-pep257-0.12.4, ament-copyright-0.12.4, colcon-core-0.10.0, cov-3.0.0
[0.756s] [1mcollecting ... [0m[1m
[0.756s] collected 4 items / 3 deselected / 1 selected                                  [0m
[0.756s] 
[0.790s] test/math_test.py [31mF[0m[31m                                                      [100%][0m
[0.790s] 
[0.790s] =================================== FAILURES ===================================
[0.791s] [31m[1m______________________________ test_math_sucsses _______________________________[0m
[0.791s] [1m[31mtest/math_test.py[0m:2: in test_math_sucsses
[0.838s]     [94massert[39;49;00m [94m3[39;49;00m**[94m2[39;49;00m == [94m8[39;49;00m
[0.839s] [1m[31mE   assert (3 ** 2) == 8[0m
[0.839s] - generated xml file: /home/alyssa/homework2-alyssa225/build/turtle_brick/pytest.xml -
[0.839s] =========================== short test summary info ============================
[0.839s] FAILED test/math_test.py::test_math_sucsses - assert (3 ** 2) == 8
[0.839s] [31m======================= [31m[1m1 failed[0m, [33m3 deselected[0m[31m in 0.18s[0m[31m ========================[0m
[0.898s] Invoked command in '/home/alyssa/homework2-alyssa225/src/turtle_brick' returned '1': AMENT_PREFIX_PATH=/home/alyssa/homework2-alyssa225/install/turtle_brick:/home/alyssa/homework2-alyssa225/install/turtle_brick_interfaces:/opt/ros/humble PYTEST_ADDOPTS=--tb=short --junit-xml=/home/alyssa/homework2-alyssa225/build/turtle_brick/pytest.xml --junit-prefix=turtle_brick -o cache_dir=/home/alyssa/homework2-alyssa225/build/turtle_brick/.pytest_cache -k test_math_sucsses PYTHONPATH=/home/alyssa/homework2-alyssa225/install/turtle_brick/lib/python3.10/site-packages:/home/alyssa/homework2-alyssa225/install/turtle_brick_interfaces/local/lib/python3.10/dist-packages:/opt/ros/humble/lib/python3.10/site-packages:/opt/ros/humble/local/lib/python3.10/dist-packages /usr/bin/python3 -m pytest
