[0.235s] Invoking command in '/home/alyssa/homework2-alyssa225/build/turtle_brick_interfaces': CMAKE_PREFIX_PATH=${CMAKE_PREFIX_PATH}:/home/alyssa/homework2-alyssa225/install/turtle_brick:/home/alyssa/ros2_ws/src/crazy_turtle/install/crazy_turtle:/home/alyssa/homework2-alyssa225/src/install/turtle_brick:/opt/ros/humble /usr/bin/cmake --build /home/alyssa/homework2-alyssa225/build/turtle_brick_interfaces -- -j8 -l8
[0.268s] [35m[1mConsolidate compiler generated dependencies of target turtle_brick_interfaces__rosidl_generator_c[0m
[0.277s] [  2%] Built target turtle_brick_interfaces__cpp
[0.281s] [  4%] [32mBuilding C object CMakeFiles/turtle_brick_interfaces__rosidl_generator_c.dir/rosidl_generator_c/turtle_brick_interfaces/srv/detail/drop__functions.c.o[0m
[0.290s] [35m[1mConsolidate compiler generated dependencies of target turtle_brick_interfaces__rosidl_typesupport_introspection_cpp[0m
[0.290s] [  4%] Built target ament_cmake_python_copy_turtle_brick_interfaces
[0.292s] [35m[1mConsolidate compiler generated dependencies of target turtle_brick_interfaces__rosidl_typesupport_cpp[0m
[0.296s] [35m[1mConsolidate compiler generated dependencies of target turtle_brick_interfaces__rosidl_typesupport_fastrtps_cpp[0m
[0.306s] In file included from [01m[K/home/alyssa/homework2-alyssa225/build/turtle_brick_interfaces/rosidl_generator_c/turtle_brick_interfaces/srv/detail/drop__functions.h:19[m[K,
[0.306s]                  from [01m[K/home/alyssa/homework2-alyssa225/build/turtle_brick_interfaces/rosidl_generator_c/turtle_brick_interfaces/srv/detail/drop__functions.c:4[m[K:
[0.307s] [01m[K/home/alyssa/homework2-alyssa225/build/turtle_brick_interfaces/rosidl_generator_c/turtle_brick_interfaces/srv/detail/drop__struct.h:41:10:[m[K [01;31m[Kfatal error: [m[Kturtle_brick_interfaces/msg/detail/string__struct.h: No such file or directory
[0.307s]    41 | #include [01;31m[K"turtle_brick_interfaces/msg/detail/string__struct.h"[m[K
[0.308s]       |          [01;31m[K^~~~~~~~~~~~~~~~~~~~~~~~~~~~~~~~~~~~~~~~~~~~~~~~~~~~~[m[K
[0.308s] compilation terminated.
[0.308s] gmake[2]: *** [CMakeFiles/turtle_brick_interfaces__rosidl_generator_c.dir/build.make:165: CMakeFiles/turtle_brick_interfaces__rosidl_generator_c.dir/rosidl_generator_c/turtle_brick_interfaces/srv/detail/drop__functions.c.o] Error 1
[0.308s] gmake[1]: *** [CMakeFiles/Makefile2:213: CMakeFiles/turtle_brick_interfaces__rosidl_generator_c.dir/all] Error 2
[0.308s] gmake[1]: *** Waiting for unfinished jobs....
[0.309s] [  6%] [32mBuilding CXX object CMakeFiles/turtle_brick_interfaces__rosidl_typesupport_introspection_cpp.dir/rosidl_typesupport_introspection_cpp/turtle_brick_interfaces/srv/detail/drop__type_support.cpp.o[0m
[0.315s] [  8%] [32mBuilding CXX object CMakeFiles/turtle_brick_interfaces__rosidl_typesupport_cpp.dir/rosidl_typesupport_cpp/turtle_brick_interfaces/srv/drop__type_support.cpp.o[0m
[0.319s] [ 10%] [32mBuilding CXX object CMakeFiles/turtle_brick_interfaces__rosidl_typesupport_fastrtps_cpp.dir/rosidl_typesupport_fastrtps_cpp/turtle_brick_interfaces/srv/detail/dds_fastrtps/drop__type_support.cpp.o[0m
[0.384s] In file included from [01m[K/home/alyssa/homework2-alyssa225/build/turtle_brick_interfaces/rosidl_typesupport_introspection_cpp/turtle_brick_interfaces/srv/detail/drop__type_support.cpp:12[m[K:
[0.384s] [01m[K/home/alyssa/homework2-alyssa225/build/turtle_brick_interfaces/rosidl_generator_cpp/turtle_brick_interfaces/srv/detail/drop__struct.hpp:134:10:[m[K [01;31m[Kfatal error: [m[Kturtle_brick_interfaces/msg/detail/string__struct.hpp: No such file or directory
[0.384s]   134 | #include [01;31m[K"turtle_brick_interfaces/msg/detail/string__struct.hpp"[m[K
[0.385s]       |          [01;31m[K^~~~~~~~~~~~~~~~~~~~~~~~~~~~~~~~~~~~~~~~~~~~~~~~~~~~~~~[m[K
[0.385s] compilation terminated.
[0.386s] gmake[2]: *** [CMakeFiles/turtle_brick_interfaces__rosidl_typesupport_introspection_cpp.dir/build.make:133: CMakeFiles/turtle_brick_interfaces__rosidl_typesupport_introspection_cpp.dir/rosidl_typesupport_introspection_cpp/turtle_brick_interfaces/srv/detail/drop__type_support.cpp.o] Error 1
[0.386s] gmake[1]: *** [CMakeFiles/Makefile2:369: CMakeFiles/turtle_brick_interfaces__rosidl_typesupport_introspection_cpp.dir/all] Error 2
[0.388s] In file included from [01m[K/home/alyssa/homework2-alyssa225/build/turtle_brick_interfaces/rosidl_typesupport_fastrtps_cpp/turtle_brick_interfaces/srv/detail/drop__rosidl_typesupport_fastrtps_cpp.hpp:11[m[K,
[0.388s]                  from [01m[K/home/alyssa/homework2-alyssa225/build/turtle_brick_interfaces/rosidl_typesupport_fastrtps_cpp/turtle_brick_interfaces/srv/detail/dds_fastrtps/drop__type_support.cpp:4[m[K:
[0.388s] [01m[K/home/alyssa/homework2-alyssa225/build/turtle_brick_interfaces/rosidl_generator_cpp/turtle_brick_interfaces/srv/detail/drop__struct.hpp:134:10:[m[K [01;31m[Kfatal error: [m[Kturtle_brick_interfaces/msg/detail/string__struct.hpp: No such file or directory
[0.388s]   134 | #include [01;31m[K"turtle_brick_interfaces/msg/detail/string__struct.hpp"[m[K
[0.389s]       |          [01;31m[K^~~~~~~~~~~~~~~~~~~~~~~~~~~~~~~~~~~~~~~~~~~~~~~~~~~~~~~[m[K
[0.389s] compilation terminated.
[0.389s] gmake[2]: *** [CMakeFiles/turtle_brick_interfaces__rosidl_typesupport_fastrtps_cpp.dir/build.make:133: CMakeFiles/turtle_brick_interfaces__rosidl_typesupport_fastrtps_cpp.dir/rosidl_typesupport_fastrtps_cpp/turtle_brick_interfaces/srv/detail/dds_fastrtps/drop__type_support.cpp.o] Error 1
[0.389s] gmake[1]: *** [CMakeFiles/Makefile2:343: CMakeFiles/turtle_brick_interfaces__rosidl_typesupport_fastrtps_cpp.dir/all] Error 2
[0.411s] In file included from [01m[K/home/alyssa/homework2-alyssa225/build/turtle_brick_interfaces/rosidl_typesupport_cpp/turtle_brick_interfaces/srv/drop__type_support.cpp:7[m[K:
[0.411s] [01m[K/home/alyssa/homework2-alyssa225/build/turtle_brick_interfaces/rosidl_generator_cpp/turtle_brick_interfaces/srv/detail/drop__struct.hpp:134:10:[m[K [01;31m[Kfatal error: [m[Kturtle_brick_interfaces/msg/detail/string__struct.hpp: No such file or directory
[0.411s]   134 | #include [01;31m[K"turtle_brick_interfaces/msg/detail/string__struct.hpp"[m[K
[0.412s]       |          [01;31m[K^~~~~~~~~~~~~~~~~~~~~~~~~~~~~~~~~~~~~~~~~~~~~~~~~~~~~~~[m[K
[0.412s] compilation terminated.
[0.413s] gmake[2]: *** [CMakeFiles/turtle_brick_interfaces__rosidl_typesupport_cpp.dir/build.make:122: CMakeFiles/turtle_brick_interfaces__rosidl_typesupport_cpp.dir/rosidl_typesupport_cpp/turtle_brick_interfaces/srv/drop__type_support.cpp.o] Error 1
[0.413s] gmake[1]: *** [CMakeFiles/Makefile2:395: CMakeFiles/turtle_brick_interfaces__rosidl_typesupport_cpp.dir/all] Error 2
[0.591s] running egg_info
[0.592s] writing turtle_brick_interfaces.egg-info/PKG-INFO
[0.592s] writing dependency_links to turtle_brick_interfaces.egg-info/dependency_links.txt
[0.592s] writing top-level names to turtle_brick_interfaces.egg-info/top_level.txt
[0.595s] reading manifest file 'turtle_brick_interfaces.egg-info/SOURCES.txt'
[0.595s] writing manifest file 'turtle_brick_interfaces.egg-info/SOURCES.txt'
[0.624s] [ 10%] Built target ament_cmake_python_build_turtle_brick_interfaces_egg
[0.626s] gmake: *** [Makefile:146: all] Error 2
[0.628s] Invoked command in '/home/alyssa/homework2-alyssa225/build/turtle_brick_interfaces' returned '2': CMAKE_PREFIX_PATH=${CMAKE_PREFIX_PATH}:/home/alyssa/homework2-alyssa225/install/turtle_brick:/home/alyssa/ros2_ws/src/crazy_turtle/install/crazy_turtle:/home/alyssa/homework2-alyssa225/src/install/turtle_brick:/opt/ros/humble /usr/bin/cmake --build /home/alyssa/homework2-alyssa225/build/turtle_brick_interfaces -- -j8 -l8
