[0.273s] Invoking command in '/home/alyssa/homework2-alyssa225/src/turtle_brick': AMENT_PREFIX_PATH=/home/alyssa/homework2-alyssa225/install/turtle_brick:/home/alyssa/homework2-alyssa225/install/turtle_brick_interfaces:/opt/ros/humble PYTEST_ADDOPTS=--tb=short --junit-xml=/home/alyssa/homework2-alyssa225/build/turtle_brick/pytest.xml --junit-prefix=turtle_brick -o cache_dir=/home/alyssa/homework2-alyssa225/build/turtle_brick/.pytest_cache PYTHONPATH=/home/alyssa/homework2-alyssa225/install/turtle_brick/lib/python3.10/site-packages:/home/alyssa/homework2-alyssa225/install/turtle_brick_interfaces/local/lib/python3.10/dist-packages:/opt/ros/humble/lib/python3.10/site-packages:/opt/ros/humble/local/lib/python3.10/dist-packages /usr/bin/python3 -m pytest
[0.549s] [1m============================= test session starts ==============================[0m
[0.549s] platform linux -- Python 3.10.6, pytest-6.2.5, py-1.10.0, pluggy-0.13.0
[0.553s] cachedir: /home/alyssa/homework2-alyssa225/build/turtle_brick/.pytest_cache
[0.553s] rootdir: /home/alyssa/homework2-alyssa225/src/turtle_brick
[0.553s] plugins: ament-lint-0.12.4, ament-xmllint-0.12.4, launch-testing-ros-0.19.3, launch-testing-1.0.2, ament-flake8-0.12.4, ament-pep257-0.12.4, ament-copyright-0.12.4, colcon-core-0.10.0, cov-3.0.0
[0.657s] [1mcollecting ... [0m[1m
[0.657s] collected 4 items                                                              [0m
[0.657s] 
[0.665s] test/math_test.py [32m.[0m[32m                                                      [ 25%][0m
[0.666s] test/test_copyright.py [33ms[0m[32m                                                 [ 50%][0m
[0.912s] test/test_flake8.py [31mF[0m[31m                                                    [ 75%][0m
[0.979s] test/test_pep257.py [31mF[0m[31m                                                    [100%][0m
[0.979s] 
[0.979s] =================================== FAILURES ===================================
[0.979s] [31m[1m_________________________________ test_flake8 __________________________________[0m
[0.979s] [1m[31mtest/test_flake8.py[0m:23: in test_flake8
[1.018s]     [94massert[39;49;00m rc == [94m0[39;49;00m, \
[1.019s] [1m[31mE   AssertionError: Found 56 code style errors / warnings:[0m
[1.020s] [1m[31mE     ./turtle_brick/catcher.py:123:34: E128 continuation line under-indented for visual indent[0m
[1.020s] [1m[31mE     ./turtle_brick/catcher.py:123:96: W291 trailing whitespace[0m
[1.020s] [1m[31mE     ./turtle_brick/catcher.py:124:34: E127 continuation line over-indented for visual indent[0m
[1.020s] [1m[31mE     ./test/math_test.py:4:1: W293 blank line contains whitespace[0m
[1.020s] [1m[31mE     ./test/math_test.py:4:9: W292 no newline at end of file[0m
[1.020s] [1m[31mE     ./test/brick.test.py:1:1: F401 'ament_copyright.main.main' imported but unused[0m
[1.020s] [1m[31mE     ./test/brick.test.py:2:1: F401 'pytest' imported but unused[0m
[1.020s] [1m[31mE     ./test/brick.test.py:3:1: F401 'launch' imported but unused[0m
[1.020s] [1m[31mE     ./test/brick.test.py:4:1: F401 'launch_pytest' imported but unused[0m
[1.020s] [1m[31mE     ./test/brick.test.py:5:1: F401 'sys' imported but unused[0m
[1.021s] [1m[31mE     ./test/brick.test.py:6:1: F401 'launch_ros' imported but unused[0m
[1.021s] [1m[31mE     ./test/brick.test.py:7:1: F401 'pathlib.Path' imported but unused[0m
[1.021s] [1m[31mE     ./test/brick.test.py:8:1: E265 block comment should start with '# '[0m
[1.021s] [1m[31mE     ./test/brick.test.py:8:100: E501 line too long (128 > 99 characters)[0m
[1.021s] [1m[31mE     ./test/brick.test.py:21:9: W292 no newline at end of file[0m
[1.021s] [1m[31mE     ./launch/show_turtle.launch.py:1:1: F401 'ament_index_python.packages.get_package_share_path' imported but unused[0m
[1.021s] [1m[31mE     ./launch/show_turtle.launch.py:1:63: E231 missing whitespace after ','[0m
[1.021s] [1m[31mE     ./launch/show_turtle.launch.py:5:1: F401 'launch.conditions.UnlessCondition' imported but unused[0m
[1.021s] [1m[31mE     ./launch/show_turtle.launch.py:12:90: W291 trailing whitespace[0m
[1.021s] [1m[31mE     ./launch/show_turtle.launch.py:15:14: W291 trailing whitespace[0m
[1.021s] [1m[31mE     ./launch/show_turtle.launch.py:23:1: E302 expected 2 blank lines, found 1[0m
[1.021s] [1m[31mE     ./launch/show_turtle.launch.py:24:22: E225 missing whitespace around operator[0m
[1.021s] [1m[31mE     ./launch/show_turtle.launch.py:26:51: E225 missing whitespace around operator[0m
[1.021s] [1m[31mE     ./launch/show_turtle.launch.py:27:1: W293 blank line contains whitespace[0m
[1.021s] [1m[31mE     ./launch/show_turtle.launch.py:28:5: F841 local variable 'use_sim_time' is assigned to but never used[0m
[1.021s] [1m[31mE     ./launch/show_turtle.launch.py:30:100: E501 line too long (115 > 99 characters)[0m
[1.022s] [1m[31mE     ./launch/show_turtle.launch.py:30:105: E231 missing whitespace after ','[0m
[1.022s] [1m[31mE     ./launch/show_turtle.launch.py:31:37: E128 continuation line under-indented for visual indent[0m
[1.022s] [1m[31mE     ./launch/show_turtle.launch.py:31:92: E261 at least two spaces before inline comment[0m
[1.022s] [1m[31mE     ./launch/show_turtle.launch.py:31:92: E262 inline comment should start with '# '[0m
[1.022s] [1m[31mE     ./launch/show_turtle.launch.py:34:100: E501 line too long (100 > 99 characters)[0m
[1.022s] [1m[31mE     ./launch/show_turtle.launch.py:48:89: E231 missing whitespace after ','[0m
[1.022s] [1m[31mE     ./launch/show_turtle.launch.py:48:96: E231 missing whitespace after ','[0m
[1.022s] [1m[31mE     ./launch/show_turtle.launch.py:55:56: E231 missing whitespace after ','[0m
[1.022s] [1m[31mE     ./launch/show_turtle.launch.py:61:56: E231 missing whitespace after ','[0m
[1.022s] [1m[31mE     ./launch/show_turtle.launch.py:80:7: W292 no newline at end of file[0m
[1.022s] [1m[31mE     ./launch/run_turtle.launch.py:2:1: F401 'ament_index_python.packages.get_package_share_path' imported but unused[0m
[1.022s] [1m[31mE     ./launch/run_turtle.launch.py:5:1: F401 'launch.actions.DeclareLaunchArgument' imported but unused[0m
[1.023s] [1m[31mE     ./launch/run_turtle.launch.py:6:1: F401 'launch.conditions.IfCondition' imported but unused[0m
[1.023s] [1m[31mE     ./launch/run_turtle.launch.py:6:1: F401 'launch.conditions.UnlessCondition' imported but unused[0m
[1.023s] [1m[31mE     ./launch/run_turtle.launch.py:7:1: F401 'launch.substitutions.Command' imported but unused[0m
[1.023s] [1m[31mE     ./launch/run_turtle.launch.py:7:1: F401 'launch.substitutions.LaunchConfiguration' imported but unused[0m
[1.023s] [1m[31mE     ./launch/run_turtle.launch.py:10:1: F401 'launch_ros.parameter_descriptions.ParameterValue' imported but unused[0m
[1.023s] [1m[31mE     ./launch/run_turtle.launch.py:13:69: W291 trailing whitespace[0m
[1.023s] [1m[31mE     ./launch/run_turtle.launch.py:16:1: E302 expected 2 blank lines, found 0[0m
[1.023s] [1m[31mE     ./launch/run_turtle.launch.py:43:23: E251 unexpected spaces around keyword / parameter equals[0m
[1.023s] [1m[31mE     ./launch/run_turtle.launch.py:43:25: E251 unexpected spaces around keyword / parameter equals[0m
[1.023s] [1m[31mE     ./launch/run_turtle.launch.py:43:70: E231 missing whitespace after ','[0m
[1.023s] [1m[31mE     ./launch/run_turtle.launch.py:46:1: W293 blank line contains whitespace[0m
[1.023s] [1m[31mE     ./launch/run_turtle.launch.py:47:7: W292 no newline at end of file[0m
[1.023s] [1m[31mE     ./launch/turtle_arena.launch.py:5:27: E271 multiple spaces after keyword[0m
[1.023s] [1m[31mE     ./launch/turtle_arena.launch.py:10:61: W291 trailing whitespace[0m
[1.023s] [1m[31mE     ./launch/turtle_arena.launch.py:12:54: W291 trailing whitespace[0m
[1.024s] [1m[31mE     ./launch/turtle_arena.launch.py:15:1: E302 expected 2 blank lines, found 1[0m
[1.024s] [1m[31mE     ./launch/turtle_arena.launch.py:44:1: W293 blank line contains whitespace[0m
[1.024s] [1m[31mE     ./launch/turtle_arena.launch.py:45:7: W292 no newline at end of file[0m
[1.024s] [1m[31mE   assert 1 == 0[0m
[1.024s] ----------------------------- Captured stdout call -----------------------------
[1.024s] 
[1.024s] ./turtle_brick/catcher.py:123:34: E128 continuation line under-indented for visual indent
[1.024s]                                  + (abs(self.brick_pose.position.y - self.platformy) - 0.3)**2) 
[1.024s]                                  ^
[1.024s] 
[1.024s] ./turtle_brick/catcher.py:123:96: W291 trailing whitespace
[1.024s]                                  + (abs(self.brick_pose.position.y - self.platformy) - 0.3)**2) 
[1.024s]                                                                                                ^
[1.024s] 
[1.025s] ./turtle_brick/catcher.py:124:34: E127 continuation line over-indented for visual indent
[1.025s]                                  / self.vmax)
[1.025s]                                  ^
[1.025s] 
[1.025s] ./test/math_test.py:4:1: W293 blank line contains whitespace
[1.025s]         ^
[1.025s] 
[1.025s] ./test/math_test.py:4:9: W292 no newline at end of file
[1.025s]                 ^
[1.025s] 
[1.025s] ./test/brick.test.py:1:1: F401 'ament_copyright.main.main' imported but unused
[1.025s] from ament_copyright.main import main
[1.026s] ^
[1.026s] 
[1.026s] ./test/brick.test.py:2:1: F401 'pytest' imported but unused
[1.026s] import pytest
[1.026s] ^
[1.026s] 
[1.026s] ./test/brick.test.py:3:1: F401 'launch' imported but unused
[1.026s] import launch
[1.026s] ^
[1.026s] 
[1.026s] ./test/brick.test.py:4:1: F401 'launch_pytest' imported but unused
[1.026s] import launch_pytest
[1.026s] ^
[1.026s] 
[1.027s] ./test/brick.test.py:5:1: F401 'sys' imported but unused
[1.027s] import sys
[1.027s] ^
[1.027s] 
[1.027s] ./test/brick.test.py:6:1: F401 'launch_ros' imported but unused
[1.027s] import launch_ros
[1.027s] ^
[1.027s] 
[1.027s] ./test/brick.test.py:7:1: F401 'pathlib.Path' imported but unused
[1.028s] from pathlib import Path
[1.028s] ^
[1.028s] 
[1.028s] ./test/brick.test.py:8:1: E265 block comment should start with '# '
[1.028s] #found this example here https://github.com/ros2/launch/blob/humble/launch_pytest/test/launch_pytest/examples/check_node_msgs.py
[1.028s] ^
[1.029s] 
[1.029s] ./test/brick.test.py:8:100: E501 line too long (128 > 99 characters)
[1.029s] #found this example here https://github.com/ros2/launch/blob/humble/launch_pytest/test/launch_pytest/examples/check_node_msgs.py
[1.029s]                                                                                                    ^
[1.029s] 
[1.029s] ./test/brick.test.py:21:9: W292 no newline at end of file
[1.029s] #     ])        ^
[1.030s] 
[1.030s] ./launch/show_turtle.launch.py:1:1: F401 'ament_index_python.packages.get_package_share_path' imported but unused
[1.030s] from ament_index_python.packages import get_package_share_path,get_package_share_directory
[1.030s] ^
[1.030s] 
[1.030s] ./launch/show_turtle.launch.py:1:63: E231 missing whitespace after ','
[1.030s] from ament_index_python.packages import get_package_share_path,get_package_share_directory
[1.030s]                                                               ^
[1.030s] 
[1.031s] ./launch/show_turtle.launch.py:5:1: F401 'launch.conditions.UnlessCondition' imported but unused
[1.031s] from launch.conditions import IfCondition, UnlessCondition
[1.031s] ^
[1.031s] 
[1.031s] ./launch/show_turtle.launch.py:12:90: W291 trailing whitespace
[1.031s] """
[1.031s] took bases from https://github.com/ros/urdf_tutorial/blob/ros2/launch/display.launch.py
[1.031s] launches the rviz, robot publisher, and choosen joint state publisher nodes and takes the 
[1.031s] turtle_robot.urdf.xacro file from the urdf folder
[1.032s] LAUNCH ARGUMENTS:
[1.032s]     -use_jsp: 
[1.032s]         default: '"gui"'
[1.032s]         arguments: ['"gui"', '"jsp"', '"none"']
[1.032s]             '"gui"': launches with joint_state_publisher_gui_node
[1.032s]             '"jsp"': launches with joint_state_publisher_node
[1.032s]             '"none"': does not use either joint state publisher
[1.033s] """
[1.033s]    
[1.033s]                                                                                      ^
[1.033s] 
[1.033s] ./launch/show_turtle.launch.py:15:14: W291 trailing whitespace
[1.033s] """
[1.033s] took bases from https://github.com/ros/urdf_tutorial/blob/ros2/launch/display.launch.py
[1.034s] launches the rviz, robot publisher, and choosen joint state publisher nodes and takes the 
[1.034s] turtle_robot.urdf.xacro file from the urdf folder
[1.034s] LAUNCH ARGUMENTS:
[1.034s]     -use_jsp: 
[1.034s]         default: '"gui"'
[1.034s]         arguments: ['"gui"', '"jsp"', '"none"']
[1.034s]             '"gui"': launches with joint_state_publisher_gui_node
[1.034s]             '"jsp"': launches with joint_state_publisher_node
[1.035s]             '"none"': does not use either joint state publisher
[1.035s] """
[1.035s]    
[1.035s]          ^
[1.035s] 
[1.035s] ./launch/show_turtle.launch.py:23:1: E302 expected 2 blank lines, found 1
[1.035s] def generate_launch_description():
[1.035s] ^
[1.036s] 
[1.036s] ./launch/show_turtle.launch.py:24:22: E225 missing whitespace around operator
[1.036s]     turtle_brick_path= 'src/turtle_brick'
[1.036s]                      ^
[1.036s] 
[1.036s] ./launch/show_turtle.launch.py:26:51: E225 missing whitespace around operator
[1.037s]     default_rviz_config_path = turtle_brick_path +'/config/turtle_urdf.rviz'
[1.037s]                                                   ^
[1.037s] 
[1.037s] ./launch/show_turtle.launch.py:27:1: W293 blank line contains whitespace
[1.037s]     
[1.037s] ^
[1.037s] 
[1.038s] ./launch/show_turtle.launch.py:28:5: F841 local variable 'use_sim_time' is assigned to but never used
[1.038s]     use_sim_time = LaunchConfiguration('use_sim_time', default='false')
[1.038s]     ^
[1.038s] 
[1.038s] ./launch/show_turtle.launch.py:30:100: E501 line too long (115 > 99 characters)
[1.038s]     use_jsp_arg = DeclareLaunchArgument(name='use_jsp', default_value='"gui"', choices=['"gui"', '"jsp"','"none"'],
[1.038s]                                                                                                    ^
[1.039s] 
[1.039s] ./launch/show_turtle.launch.py:30:105: E231 missing whitespace after ','
[1.039s]     use_jsp_arg = DeclareLaunchArgument(name='use_jsp', default_value='"gui"', choices=['"gui"', '"jsp"','"none"'],
[1.039s]                                                                                                         ^
[1.039s] 
[1.039s] ./launch/show_turtle.launch.py:31:37: E128 continuation line under-indented for visual indent
[1.040s]                                     description='Flag to enable joint_state_publisher_gui')#change
[1.040s]                                     ^
[1.040s] 
[1.040s] ./launch/show_turtle.launch.py:31:92: E261 at least two spaces before inline comment
[1.040s]                                     description='Flag to enable joint_state_publisher_gui')#change
[1.040s]                                                                                            ^
[1.040s] 
[1.041s] ./launch/show_turtle.launch.py:31:92: E262 inline comment should start with '# '
[1.041s]                                     description='Flag to enable joint_state_publisher_gui')#change
[1.041s]                                                                                            ^
[1.041s] 
[1.041s] ./launch/show_turtle.launch.py:34:100: E501 line too long (100 > 99 characters)
[1.041s]     rviz_arg = DeclareLaunchArgument(name='rvizconfig', default_value=str(default_rviz_config_path),
[1.042s]                                                                                                    ^
[1.042s] 
[1.042s] ./launch/show_turtle.launch.py:48:89: E231 missing whitespace after ','
[1.042s]         parameters=[{'robot_description': robot_description, 'publish_frequency': 100.0},config,]
[1.042s]                                                                                         ^
[1.042s] 
[1.042s] ./launch/show_turtle.launch.py:48:96: E231 missing whitespace after ','
[1.042s]         parameters=[{'robot_description': robot_description, 'publish_frequency': 100.0},config,]
[1.043s]                                                                                                ^
[1.043s] 
[1.043s] ./launch/show_turtle.launch.py:55:56: E231 missing whitespace after ','
[1.043s]         condition=IfCondition(PythonExpression([use_jsp,"=='jsp'"]))
[1.043s]                                                        ^
[1.043s] 
[1.043s] ./launch/show_turtle.launch.py:61:56: E231 missing whitespace after ','
[1.044s]         condition=IfCondition(PythonExpression([use_jsp,"=='gui'"]))
[1.044s]                                                        ^
[1.044s] 
[1.044s] ./launch/show_turtle.launch.py:80:7: W292 no newline at end of file
[1.044s]     ])      ^
[1.044s] 
[1.045s] ./launch/run_turtle.launch.py:2:1: F401 'ament_index_python.packages.get_package_share_path' imported but unused
[1.045s] from ament_index_python.packages import get_package_share_path, get_package_share_directory
[1.045s] ^
[1.045s] 
[1.045s] ./launch/run_turtle.launch.py:5:1: F401 'launch.actions.DeclareLaunchArgument' imported but unused
[1.045s] from launch.actions import DeclareLaunchArgument, IncludeLaunchDescription
[1.045s] ^
[1.046s] 
[1.046s] ./launch/run_turtle.launch.py:6:1: F401 'launch.conditions.IfCondition' imported but unused
[1.046s] from launch.conditions import IfCondition, UnlessCondition
[1.046s] ^
[1.046s] 
[1.046s] ./launch/run_turtle.launch.py:6:1: F401 'launch.conditions.UnlessCondition' imported but unused
[1.046s] [33m=============================== warnings summary ===============================[0m
[1.047s] test/test_flake8.py::test_flake8
[1.047s] test/test_flake8.py::test_flake8
[1.047s]   Warning: SelectableGroups dict interface is deprecated. Use select.
[1.047s] 
[1.047s] -- Docs: https://docs.pytest.org/en/stable/warnings.html
[1.047s] from launch.conditions import IfCondition, UnlessCondition
[1.048s] ^
[1.048s] 
[1.048s] ./launch/run_turtle.launch.py:7:1: F401 'launch.substitutions.Command' imported but unused
[1.048s] from launch.substitutions import Command, LaunchConfiguration, PathJoinSubstitution
[1.048s] ^
[1.048s] 
[1.048s] ./launch/run_turtle.launch.py:7:1: F401 'launch.substitutions.LaunchConfiguration' imported but unused
[1.049s] from launch.substitutions import Command, LaunchConfiguration, PathJoinSubstitution
[1.049s] ^
[1.049s] 
[1.049s] ./launch/run_turtle.launch.py:10:1: F401 'launch_ros.parameter_descriptions.ParameterValue' imported but unused
[1.049s] from launch_ros.parameter_descriptions import ParameterValue
[1.049s] ^
[1.049s] 
[1.050s] ./launch/run_turtle.launch.py:13:69: W291 trailing whitespace
[1.050s] """
[1.050s] launches turtlesim and turtle_robot node along with all the nodes in 
[1.050s] show_turtle launch file. Also connects yaml file to turtle_robot
[1.050s] """
[1.050s]    
[1.051s]                                                                 ^
[1.051s] 
[1.051s] ./launch/run_turtle.launch.py:16:1: E302 expected 2 blank lines, found 0
[1.051s] def generate_launch_description():
[1.051s] ^
[1.051s] 
[1.051s] ./launch/run_turtle.launch.py:43:23: E251 unexpected spaces around keyword / parameter equals
[1.052s]             remappings = [('/cmd_vel', '/turtlesim1/turtle1/cmd_vel'),],
[1.052s]                       ^
[1.052s] 
[1.052s] ./launch/run_turtle.launch.py:43:25: E251 unexpected spaces around keyword / parameter equals
[1.052s]             remappings = [('/cmd_vel', '/turtlesim1/turtle1/cmd_vel'),],
[1.052s]                         ^
[1.053s] 
[1.053s] ./launch/run_turtle.launch.py:43:70: E231 missing whitespace after ','
[1.053s]             remappings = [('/cmd_vel', '/turtlesim1/turtle1/cmd_vel'),],
[1.053s]                                                                      ^
[1.053s] 
[1.053s] ./launch/run_turtle.launch.py:46:1: W293 blank line contains whitespace
[1.053s]         
[1.054s] ^
[1.054s] 
[1.054s] ./launch/run_turtle.launch.py:47:7: W292 no newline at end of file
[1.054s]     ])      ^
[1.054s] 
[1.054s] ./launch/turtle_arena.launch.py:5:27: E271 multiple spaces after keyword
[1.054s] from launch.actions import  IncludeLaunchDescription
[1.054s]                           ^
[1.055s] 
[1.055s] ./launch/turtle_arena.launch.py:10:61: W291 trailing whitespace
[1.055s] """
[1.055s] launches arena and catcher nodes along with all the nodes in 
[1.055s] show_turtle launch file.
[1.055s] Also connects to yaml files to arena and catcher node 
[1.055s] """
[1.056s]    
[1.056s]                                                         ^
[1.056s] 
[1.056s] ./launch/turtle_arena.launch.py:12:54: W291 trailing whitespace
[1.056s] """
[1.056s] launches arena and catcher nodes along with all the nodes in 
[1.057s] show_turtle launch file.
[1.057s] Also connects to yaml files to arena and catcher node 
[1.057s] """
[1.057s]    
[1.057s]                                                  ^
[1.057s] 
[1.057s] ./launch/turtle_arena.launch.py:15:1: E302 expected 2 blank lines, found 1
[1.058s] def generate_launch_description():
[1.058s] ^
[1.058s] 
[1.058s] ./launch/turtle_arena.launch.py:44:1: W293 blank line contains whitespace
[1.058s]         
[1.058s] ^
[1.058s] 
[1.059s] ./launch/turtle_arena.launch.py:45:7: W292 no newline at end of file
[1.059s]     ])      ^
[1.059s] 
[1.059s] 1     E127 continuation line over-indented for visual indent
[1.059s] 2     E128 continuation line under-indented for visual indent
[1.059s] 2     E225 missing whitespace around operator
[1.059s] 7     E231 missing whitespace after ','
[1.060s] 2     E251 unexpected spaces around keyword / parameter equals
[1.060s] 1     E261 at least two spaces before inline comment
[1.060s] 1     E262 inline comment should start with '# '
[1.060s] 1     E265 block comment should start with '# '
[1.060s] 1     E271 multiple spaces after keyword
[1.060s] 3     E302 expected 2 blank lines, found 0
[1.060s] 3     E501 line too long (115 > 99 characters)
[1.061s] 16    F401 'ament_index_python.packages.get_package_share_path' imported but unused
[1.061s] 1     F841 local variable 'use_sim_time' is assigned to but never used
[1.061s] 6     W291 trailing whitespace
[1.061s] 5     W292 no newline at end of file
[1.061s] 4     W293 blank line contains whitespace
[1.061s] 
[1.062s] 13 files checked
[1.062s] 56 errors
[1.062s] 
[1.062s] 'E'-type errors: 24
[1.062s] 'F'-type errors: 17
[1.062s] 'W'-type errors: 15
[1.062s] 
[1.063s] Checked files:
[1.063s] 
[1.063s] * ./setup.py
[1.063s] * ./turtle_brick/arena.py
[1.063s] * ./turtle_brick/turtle_robot.py
[1.063s] * ./turtle_brick/catcher.py
[1.063s] * ./turtle_brick/__init__.py
[1.063s] * ./test/math_test.py
[1.064s] * ./test/test_flake8.py
[1.064s] * ./test/test_copyright.py
[1.064s] * ./test/test_pep257.py
[1.064s] * ./test/brick.test.py
[1.064s] * ./launch/show_turtle.launch.py
[1.064s] * ./launch/run_turtle.launch.py
[1.065s] * ./launch/turtle_arena.launch.py
[1.065s] ----------------------------- Captured stderr call -----------------------------
[1.065s] option --max-complexity: please update from optparse string `type=` to argparse callable `type=` -- this will be an error in the future
[1.065s] [31m[1m_________________________________ test_pep257 __________________________________[0m
[1.065s] [1m[31mtest/test_pep257.py[0m:23: in test_pep257
[1.065s]     [94massert[39;49;00m rc == [94m0[39;49;00m, [33m'[39;49;00m[33mFound code style errors / warnings[39;49;00m[33m'[39;49;00m
[1.065s] [1m[31mE   AssertionError: Found code style errors / warnings[0m
[1.066s] [1m[31mE   assert 1 == 0[0m
[1.066s] ----------------------------- Captured stdout call -----------------------------
[1.066s] checking ./launch/run_turtle.launch.py
[1.066s] checking ./launch/show_turtle.launch.py
[1.066s] checking ./launch/turtle_arena.launch.py
[1.066s] checking ./setup.py
[1.066s] checking ./test/brick.test.py
[1.067s] checking ./test/math_test.py
[1.067s] checking ./test/test_copyright.py
[1.067s] checking ./test/test_flake8.py
[1.067s] checking ./test/test_pep257.py
[1.067s] checking ./turtle_brick/__init__.py
[1.067s] checking ./turtle_brick/arena.py
[1.067s] ./turtle_brick/arena.py:16 in public class `BState`: D204: 1 blank line required after class docstring (found 0)
[1.068s] ./turtle_brick/arena.py:16 in public class `BState`: D205: 1 blank line required between summary line and description (found 0)
[1.068s] ./turtle_brick/arena.py:16 in public class `BState`: D208: Docstring is over-indented
[1.068s] ./turtle_brick/arena.py:16 in public class `BState`: D210: No whitespaces allowed surrounding docstring text
[1.068s] ./turtle_brick/arena.py:16 in public class `BState`: D213: Multi-line docstring summary should start at the second line
[1.068s] ./turtle_brick/arena.py:29 in public class `Arena`: D204: 1 blank line required after class docstring (found 0)
[1.068s] ./turtle_brick/arena.py:29 in public class `Arena`: D205: 1 blank line required between summary line and description (found 0)
[1.069s] checking ./turtle_brick/catcher.py
[1.069s] ./turtle_brick/catcher.py:13 in public class `State`: D204: 1 blank line required after class docstring (found 0)
[1.069s] ./turtle_brick/catcher.py:13 in public class `State`: D205: 1 blank line required between summary line and description (found 0)
[1.069s] ./turtle_brick/catcher.py:13 in public class `State`: D400: First line should end with a period (not 't')
[1.069s] ./turtle_brick/catcher.py:13 in public class `State`: D415: First line should end with a period, question mark, or exclamation point (not 't')
[1.069s] ./turtle_brick/catcher.py:23 in public class `Catcher`: D205: 1 blank line required between summary line and description (found 0)
[1.069s] ./turtle_brick/catcher.py:23 in public class `Catcher`: D400: First line should end with a period (not 't')
[1.070s] ./turtle_brick/catcher.py:23 in public class `Catcher`: D415: First line should end with a period, question mark, or exclamation point (not 't')
[1.070s] checking ./turtle_brick/turtle_robot.py
[1.070s] ./turtle_brick/turtle_robot.py:14 in public class `Turtle_robot`: D204: 1 blank line required after class docstring (found 0)
[1.070s] ./turtle_brick/turtle_robot.py:14 in public class `Turtle_robot`: D205: 1 blank line required between summary line and description (found 0)
[1.070s] checking test/brick.test.py
[1.070s] checking test/math_test.py
[1.070s] checking test/test_copyright.py
[1.071s] checking test/test_flake8.py
[1.071s] checking test/test_pep257.py
[1.071s] 16 errors
[1.071s] - generated xml file: /home/alyssa/homework2-alyssa225/build/turtle_brick/pytest.xml -
[1.071s] =========================== short test summary info ============================
[1.071s] FAILED test/test_flake8.py::test_flake8 - AssertionError: Found 56 code style...
[1.071s] FAILED test/test_pep257.py::test_pep257 - AssertionError: Found code style er...
[1.072s] [31m============== [31m[1m2 failed[0m, [32m1 passed[0m, [33m1 skipped[0m, [33m2 warnings[0m[31m in 0.47s[0m[31m ==============[0m
[1.095s] Invoked command in '/home/alyssa/homework2-alyssa225/src/turtle_brick' returned '1': AMENT_PREFIX_PATH=/home/alyssa/homework2-alyssa225/install/turtle_brick:/home/alyssa/homework2-alyssa225/install/turtle_brick_interfaces:/opt/ros/humble PYTEST_ADDOPTS=--tb=short --junit-xml=/home/alyssa/homework2-alyssa225/build/turtle_brick/pytest.xml --junit-prefix=turtle_brick -o cache_dir=/home/alyssa/homework2-alyssa225/build/turtle_brick/.pytest_cache PYTHONPATH=/home/alyssa/homework2-alyssa225/install/turtle_brick/lib/python3.10/site-packages:/home/alyssa/homework2-alyssa225/install/turtle_brick_interfaces/local/lib/python3.10/dist-packages:/opt/ros/humble/lib/python3.10/site-packages:/opt/ros/humble/local/lib/python3.10/dist-packages /usr/bin/python3 -m pytest
