[0.251s] Invoking command in '/home/alyssa/homework2-alyssa225/src/turtle_brick': AMENT_PREFIX_PATH=/home/alyssa/homework2-alyssa225/install/turtle_brick:/home/alyssa/homework2-alyssa225/install/turtle_brick_interfaces:/opt/ros/humble PYTEST_ADDOPTS=--tb=short --junit-xml=/home/alyssa/homework2-alyssa225/build/turtle_brick/pytest.xml --junit-prefix=turtle_brick -o cache_dir=/home/alyssa/homework2-alyssa225/build/turtle_brick/.pytest_cache PYTHONPATH=/home/alyssa/homework2-alyssa225/install/turtle_brick/lib/python3.10/site-packages:/home/alyssa/homework2-alyssa225/install/turtle_brick_interfaces/local/lib/python3.10/dist-packages:/opt/ros/humble/lib/python3.10/site-packages:/opt/ros/humble/local/lib/python3.10/dist-packages /usr/bin/python3 -m pytest
[0.537s] [1m============================= test session starts ==============================[0m
[0.538s] platform linux -- Python 3.10.6, pytest-6.2.5, py-1.10.0, pluggy-0.13.0
[0.545s] cachedir: /home/alyssa/homework2-alyssa225/build/turtle_brick/.pytest_cache
[0.545s] rootdir: /home/alyssa/homework2-alyssa225/src/turtle_brick
[0.545s] plugins: ament-lint-0.12.4, ament-xmllint-0.12.4, launch-testing-ros-0.19.3, launch-testing-1.0.2, ament-flake8-0.12.4, ament-pep257-0.12.4, ament-copyright-0.12.4, colcon-core-0.10.0, cov-3.0.0
[0.639s] [1mcollecting ... [0m[1m
[0.639s] collected 4 items                                                              [0m
[0.639s] 
[0.649s] test/math_test.py [32m.[0m[32m                                                      [ 25%][0m
[0.650s] test/test_copyright.py [33ms[0m[32m                                                 [ 50%][0m
[0.854s] test/test_flake8.py [31mF[0m[31m                                                    [ 75%][0m
[0.921s] test/test_pep257.py [31mF[0m[31m                                                    [100%][0m
[0.921s] 
[0.921s] =================================== FAILURES ===================================
[0.921s] [31m[1m_________________________________ test_flake8 __________________________________[0m
[0.921s] [1m[31mtest/test_flake8.py[0m:23: in test_flake8
[0.959s]     [94massert[39;49;00m rc == [94m0[39;49;00m, \
[0.960s] [1m[31mE   AssertionError: Found 4 code style errors / warnings:[0m
[0.960s] [1m[31mE     ./turtle_brick/arena.py:32:1: W293 blank line contains whitespace[0m
[0.961s] [1m[31mE     ./turtle_brick/arena.py:36:1: W293 blank line contains whitespace[0m
[0.961s] [1m[31mE     ./turtle_brick/turtle_robot.py:17:1: W293 blank line contains whitespace[0m
[0.961s] [1m[31mE     ./turtle_brick/catcher.py:30:1: W293 blank line contains whitespace[0m
[0.961s] [1m[31mE   assert 1 == 0[0m
[0.961s] ----------------------------- Captured stdout call -----------------------------
[0.961s] 
[0.961s] ./turtle_brick/arena.py:32:1: W293 blank line contains whitespace
[0.962s]     """Creates the arena and places brick when called in command line.
[0.962s]     
[0.962s]     Will drop the robot when called in command line.
[0.962s]         -if robot is underneath the brick, the brick will land on the robot
[0.962s]         -if nothing is under brick, brick will land on ground
[0.962s]     
[0.963s]     SUBSCRIPTIONS:
[0.963s]         -robot_sub: continuous robot position
[0.963s]     PUBLISHERS:
[0.963s]         -marker_pub: publishes walls and brick
[0.963s]         -drop_pub: sends placement, drop coordinates
[0.963s]         -platform_pub: sends true if platform is under brick
[0.963s]     SERVICES:
[0.964s]         -Place: place brick at x, y, z location
[0.964s]         -Drop: Empty drops brick
[0.964s]     TRANSFORMS:
[0.964s]         -world_brick: connects brick to world
[0.964s]     """
[0.964s] ^
[0.964s] 
[0.965s] ./turtle_brick/arena.py:36:1: W293 blank line contains whitespace
[0.965s]     """Creates the arena and places brick when called in command line.
[0.965s]     
[0.965s]     Will drop the robot when called in command line.
[0.965s]         -if robot is underneath the brick, the brick will land on the robot
[0.965s]         -if nothing is under brick, brick will land on ground
[0.965s]     
[0.966s]     SUBSCRIPTIONS:
[0.966s]         -robot_sub: continuous robot position
[0.966s]     PUBLISHERS:
[0.966s]         -marker_pub: publishes walls and brick
[0.966s]         -drop_pub: sends placement, drop coordinates
[0.966s]         -platform_pub: sends true if platform is under brick
[0.967s]     SERVICES:
[0.967s]         -Place: place brick at x, y, z location
[0.967s]         -Drop: Empty drops brick
[0.967s]     TRANSFORMS:
[0.967s]         -world_brick: connects brick to world
[0.967s]     """
[0.968s] ^
[0.968s] 
[0.968s] ./turtle_brick/turtle_robot.py:17:1: W293 blank line contains whitespace
[0.968s]     """
[0.968s]     Creates the turtle_robot and controls joint and translation movements.
[0.968s]     Additionally, places it in the world and connects to turtlesim.
[0.968s]     
[0.969s]     SUBSCRIPTIONS:
[0.969s]         -goal_sub: subscribes to goal_sub and
[0.969s]             recieves the positions that will
[0.969s]             calculate movement towards goal_pose
[0.969s]         -tilt_sub: subscribes to tilt and will
[0.969s]             recieve the angle that the robot platform will tilt to
[0.969s]     PUBLISHERS:
[0.969s]         -joint_state: publishes joint angles of the turtle_robot
[0.970s]         -odom_pub: sends positions and twists
[0.970s]         -vel_pub: sends twist to cmd_vel
[0.970s]         -robot_pub: sends continuous robot pose
[0.970s]             # also just relized I could have potentially taken from odom publisher
[0.970s]             # instead of creating a whole new object and publisher, but too late now
[0.970s]     TRANSFORMS:
[0.970s]         -world_odom: connects odom frame to world frame
[0.971s]         -odom_base_link: connects base_link frame to odom frame
[0.971s]     """
[0.971s] ^
[0.971s] 
[0.971s] ./turtle_brick/catcher.py:30:1: W293 blank line contains whitespace
[0.971s]     """
[0.971s]     Calculates if robot can catch placed brick in time or not.
[0.972s]     -If it can catch, robot travels to drop location, catches brick,
[0.972s]         travels back to origin, and tilts brick off
[0.972s]     -If the robot can't reach brick in time, the screen publishes "UNREACHABLE",
[0.972s]         and lets brick fall to ground
[0.972s]     
[0.972s]     SUBSCRIPTIONS:
[0.972s]         -robot_sub:continuous robot position
[0.972s]         -drop_sub: gets placed brick position and sends if drop service is called
[0.973s]         -catch_sub: gets True the brick is caught on the platform
[0.973s]     PUBLISHERS:
[0.973s]         -goal_pose: send pose to turtle robot
[0.973s]         -tilt: send tilt angle to platform on turtle robot
[0.973s]         -text marker: publishes "UNREACHABLE" if robot can't reach in time
[0.973s]     """
[0.973s] ^
[0.973s] 
[0.973s] 4     W293 blank line contains whitespace
[0.973s] 
[0.973s] 13 files checked
[0.974s] 4 errors
[0.974s] 
[0.974s] 'W'-type errors: 4
[0.974s] 
[0.974s] Checked files:
[0.974s] 
[0.974s] * ./setup.py
[0.974s] * ./turtle_brick/arena.py
[0.974s] * ./turtle_brick/turtle_robot.py
[0.974s] * ./turtle_brick/catcher.py
[0.974s] * ./turtle_brick/__init__.py
[0.974s] * ./test/math_test.py
[0.974s] * ./test/test_flake8.py
[0.975s] * ./test/test_copyright.py
[0.975s] * ./test/test_pep257.py
[0.975s] * ./test/brick.test.py
[0.975s] * ./launch/show_turtle.launch.py
[0.975s] * ./launch/run_turtle.launch.py
[0.975s] * ./launch/turtle_arena.launch.py
[0.975s] ----------------------------- Captured stderr call -----------------------------
[0.975s] option --max-complexity: please update from optparse string `type=` to argparse callable `type=` -- this will be an error in the future
[0.975s] [31m[1m_________________________________ test_pep257 __________________________________[0m
[0.975s] [1m[31mtest/test_pep257.py[0m:23: in test_pep257
[0.975s]     [94massert[39;49;00m rc == [94m0[39;49;00m, [33m'[39;49;00m[33mFound code style errors / warnings[39;49;00m[33m'[39;49;00m
[0.975s] [1m[31mE   AssertionError: Found code style errors / warnings[0m
[0.975s] [1m[31mE   assert 1 == 0[0m
[0.975s] [33m=============================== warnings summary ===============================[0m
[0.976s] test/test_flake8.py::test_flake8
[0.976s] test/test_flake8.py::test_flake8
[0.976s]   Warning: SelectableGroups dict interface is deprecated. Use select.
[0.976s] 
[0.976s] -- Docs: https://docs.pytest.org/en/stable/warnings.html
[0.976s] ----------------------------- Captured stdout call -----------------------------
[0.976s] checking ./launch/run_turtle.launch.py
[0.976s] checking ./launch/show_turtle.launch.py
[0.976s] checking ./launch/turtle_arena.launch.py
[0.976s] checking ./setup.py
[0.976s] checking ./test/brick.test.py
[0.976s] checking ./test/math_test.py
[0.976s] checking ./test/test_copyright.py
[0.977s] checking ./test/test_flake8.py
[0.977s] checking ./test/test_pep257.py
[0.977s] checking ./turtle_brick/__init__.py
[0.977s] checking ./turtle_brick/arena.py
[0.977s] ./turtle_brick/arena.py:16 in public class `BState`: D204: 1 blank line required after class docstring (found 0)
[0.977s] ./turtle_brick/arena.py:16 in public class `BState`: D213: Multi-line docstring summary should start at the second line
[0.977s] ./turtle_brick/arena.py:31 in public class `Arena`: D204: 1 blank line required after class docstring (found 0)
[0.977s] ./turtle_brick/arena.py:31 in public class `Arena`: D213: Multi-line docstring summary should start at the second line
[0.977s] checking ./turtle_brick/catcher.py
[0.977s] ./turtle_brick/catcher.py:13 in public class `State`: D204: 1 blank line required after class docstring (found 0)
[0.977s] ./turtle_brick/catcher.py:24 in public class `Catcher`: D205: 1 blank line required between summary line and description (found 0)
[0.977s] checking ./turtle_brick/turtle_robot.py
[0.977s] ./turtle_brick/turtle_robot.py:14 in public class `Turtle_robot`: D204: 1 blank line required after class docstring (found 0)
[0.978s] ./turtle_brick/turtle_robot.py:14 in public class `Turtle_robot`: D205: 1 blank line required between summary line and description (found 0)
[0.978s] checking test/brick.test.py
[0.978s] checking test/math_test.py
[0.978s] checking test/test_copyright.py
[0.978s] checking test/test_flake8.py
[0.978s] checking test/test_pep257.py
[0.978s] 8 errors
[0.978s] - generated xml file: /home/alyssa/homework2-alyssa225/build/turtle_brick/pytest.xml -
[0.978s] =========================== short test summary info ============================
[0.978s] FAILED test/test_flake8.py::test_flake8 - AssertionError: Found 4 code style ...
[0.978s] FAILED test/test_pep257.py::test_pep257 - AssertionError: Found code style er...
[0.979s] [31m============== [31m[1m2 failed[0m, [32m1 passed[0m, [33m1 skipped[0m, [33m2 warnings[0m[31m in 0.42s[0m[31m ==============[0m
[1.029s] Invoked command in '/home/alyssa/homework2-alyssa225/src/turtle_brick' returned '1': AMENT_PREFIX_PATH=/home/alyssa/homework2-alyssa225/install/turtle_brick:/home/alyssa/homework2-alyssa225/install/turtle_brick_interfaces:/opt/ros/humble PYTEST_ADDOPTS=--tb=short --junit-xml=/home/alyssa/homework2-alyssa225/build/turtle_brick/pytest.xml --junit-prefix=turtle_brick -o cache_dir=/home/alyssa/homework2-alyssa225/build/turtle_brick/.pytest_cache PYTHONPATH=/home/alyssa/homework2-alyssa225/install/turtle_brick/lib/python3.10/site-packages:/home/alyssa/homework2-alyssa225/install/turtle_brick_interfaces/local/lib/python3.10/dist-packages:/opt/ros/humble/lib/python3.10/site-packages:/opt/ros/humble/local/lib/python3.10/dist-packages /usr/bin/python3 -m pytest
