[0.000000] (-) TimerEvent: {}
[0.000164] (turtle_brick) JobQueued: {'identifier': 'turtle_brick', 'dependencies': OrderedDict([('turtle_brick', '/home/alyssa/homework2-alyssa225/install/turtle_brick')])}
[0.000213] (turtle_brick_interfaces) JobQueued: {'identifier': 'turtle_brick_interfaces', 'dependencies': OrderedDict([('turtle_brick_interfaces', '/home/alyssa/homework2-alyssa225/install/turtle_brick_interfaces')])}
[0.000664] (turtle_brick) JobStarted: {'identifier': 'turtle_brick'}
[0.009777] (turtle_brick_interfaces) JobStarted: {'identifier': 'turtle_brick_interfaces'}
[0.099236] (-) TimerEvent: {}
[0.199516] (-) TimerEvent: {}
[0.249587] (turtle_brick) Command: {'cmd': ['/usr/bin/python3', '-m', 'pytest'], 'cwd': '/home/alyssa/homework2-alyssa225/src/turtle_brick', 'env': {'LESSOPEN': '| /usr/bin/lesspipe %s', 'USER': 'alyssa', 'XDG_SESSION_TYPE': 'wayland', 'SHLVL': '1', 'LD_LIBRARY_PATH': '/home/alyssa/homework2-alyssa225/install/turtle_brick_interfaces/lib:/opt/ros/humble/opt/rviz_ogre_vendor/lib:/opt/ros/humble/lib/x86_64-linux-gnu:/opt/ros/humble/lib', 'HOME': '/home/alyssa', 'OLDPWD': '/home/alyssa', 'DESKTOP_SESSION': 'ubuntu', 'ROS_PYTHON_VERSION': '3', 'GNOME_SHELL_SESSION_MODE': 'ubuntu', 'GTK_MODULES': 'gail:atk-bridge', 'SYSTEMD_EXEC_PID': '418763', 'DBUS_SESSION_BUS_ADDRESS': 'unix:path=/run/user/1000/bus', 'COLORTERM': 'truecolor', 'IM_CONFIG_PHASE': '1', 'WAYLAND_DISPLAY': 'wayland-0', 'COLCON_PREFIX_PATH': '/home/alyssa/homework2-alyssa225/install', 'ROS_DISTRO': 'humble', 'LOGNAME': 'alyssa', '_': '/usr/bin/colcon', 'ROS_VERSION': '2', 'XDG_SESSION_CLASS': 'user', 'USERNAME': 'alyssa', 'TERM': 'xterm-256color', 'GNOME_DESKTOP_SESSION_ID': 'this-is-deprecated', 'ROS_LOCALHOST_ONLY': '0', 'PATH': '/opt/ros/humble/bin:/usr/local/sbin:/usr/local/bin:/usr/sbin:/usr/bin:/sbin:/bin:/usr/games:/usr/local/games:/snap/bin:/snap/bin', 'SESSION_MANAGER': 'local/alyssa-Galago-Pro:@/tmp/.ICE-unix/1005,unix/alyssa-Galago-Pro:/tmp/.ICE-unix/1005', 'XDG_MENU_PREFIX': 'gnome-', 'GNOME_TERMINAL_SCREEN': '/org/gnome/Terminal/screen/6d4b914e_9fd7_45b5_b317_afa2fd1ab6a4', 'GNOME_SETUP_DISPLAY': ':1', 'XDG_RUNTIME_DIR': '/run/user/1000', 'DISPLAY': ':0', 'LANG': 'en_US.UTF-8', 'XDG_CURRENT_DESKTOP': 'ubuntu:GNOME', 'XMODIFIERS': '@im=ibus', 'XDG_SESSION_DESKTOP': 'ubuntu', 'XAUTHORITY': '/run/user/1000/.mutter-Xwaylandauth.BJT0T1', 'LS_COLORS': 'rs=0:di=01;34:ln=01;36:mh=00:pi=40;33:so=01;35:do=01;35:bd=40;33;01:cd=40;33;01:or=40;31;01:mi=00:su=37;41:sg=30;43:ca=30;41:tw=30;42:ow=34;42:st=37;44:ex=01;32:*.tar=01;31:*.tgz=01;31:*.arc=01;31:*.arj=01;31:*.taz=01;31:*.lha=01;31:*.lz4=01;31:*.lzh=01;31:*.lzma=01;31:*.tlz=01;31:*.txz=01;31:*.tzo=01;31:*.t7z=01;31:*.zip=01;31:*.z=01;31:*.dz=01;31:*.gz=01;31:*.lrz=01;31:*.lz=01;31:*.lzo=01;31:*.xz=01;31:*.zst=01;31:*.tzst=01;31:*.bz2=01;31:*.bz=01;31:*.tbz=01;31:*.tbz2=01;31:*.tz=01;31:*.deb=01;31:*.rpm=01;31:*.jar=01;31:*.war=01;31:*.ear=01;31:*.sar=01;31:*.rar=01;31:*.alz=01;31:*.ace=01;31:*.zoo=01;31:*.cpio=01;31:*.7z=01;31:*.rz=01;31:*.cab=01;31:*.wim=01;31:*.swm=01;31:*.dwm=01;31:*.esd=01;31:*.jpg=01;35:*.jpeg=01;35:*.mjpg=01;35:*.mjpeg=01;35:*.gif=01;35:*.bmp=01;35:*.pbm=01;35:*.pgm=01;35:*.ppm=01;35:*.tga=01;35:*.xbm=01;35:*.xpm=01;35:*.tif=01;35:*.tiff=01;35:*.png=01;35:*.svg=01;35:*.svgz=01;35:*.mng=01;35:*.pcx=01;35:*.mov=01;35:*.mpg=01;35:*.mpeg=01;35:*.m2v=01;35:*.mkv=01;35:*.webm=01;35:*.webp=01;35:*.ogm=01;35:*.mp4=01;35:*.m4v=01;35:*.mp4v=01;35:*.vob=01;35:*.qt=01;35:*.nuv=01;35:*.wmv=01;35:*.asf=01;35:*.rm=01;35:*.rmvb=01;35:*.flc=01;35:*.avi=01;35:*.fli=01;35:*.flv=01;35:*.gl=01;35:*.dl=01;35:*.xcf=01;35:*.xwd=01;35:*.yuv=01;35:*.cgm=01;35:*.emf=01;35:*.ogv=01;35:*.ogx=01;35:*.aac=00;36:*.au=00;36:*.flac=00;36:*.m4a=00;36:*.mid=00;36:*.midi=00;36:*.mka=00;36:*.mp3=00;36:*.mpc=00;36:*.ogg=00;36:*.ra=00;36:*.wav=00;36:*.oga=00;36:*.opus=00;36:*.spx=00;36:*.xspf=00;36:', 'GNOME_TERMINAL_SERVICE': ':1.10137', 'SSH_AGENT_LAUNCHER': 'gnome-keyring', 'SSH_AUTH_SOCK': '/run/user/1000/keyring/ssh', 'AMENT_PREFIX_PATH': '/home/alyssa/homework2-alyssa225/install/turtle_brick:/home/alyssa/homework2-alyssa225/install/turtle_brick_interfaces:/opt/ros/humble', 'SHELL': '/bin/bash', 'QT_ACCESSIBILITY': '1', 'GDMSESSION': 'ubuntu', 'LESSCLOSE': '/usr/bin/lesspipe %s %s', 'QT_IM_MODULE': 'ibus', 'PWD': '/home/alyssa/homework2-alyssa225/build/turtle_brick', 'XDG_CONFIG_DIRS': '/etc/xdg/xdg-ubuntu:/etc/xdg', 'XDG_DATA_DIRS': '/usr/share/ubuntu:/usr/local/share/:/usr/share/:/var/lib/snapd/desktop', 'PYTHONPATH': '/home/alyssa/homework2-alyssa225/install/turtle_brick/lib/python3.10/site-packages:/home/alyssa/homework2-alyssa225/install/turtle_brick_interfaces/local/lib/python3.10/dist-packages:/opt/ros/humble/lib/python3.10/site-packages:/opt/ros/humble/local/lib/python3.10/dist-packages', 'COLCON': '1', 'VTE_VERSION': '6800', 'CMAKE_PREFIX_PATH': '/home/alyssa/homework2-alyssa225/install/turtle_brick_interfaces:/home/alyssa/homework2-alyssa225/install/turtle_brick_interface', 'PYTEST_ADDOPTS': '--tb=short --junit-xml=/home/alyssa/homework2-alyssa225/build/turtle_brick/pytest.xml --junit-prefix=turtle_brick -o cache_dir=/home/alyssa/homework2-alyssa225/build/turtle_brick/.pytest_cache'}, 'shell': False}
[0.261334] (turtle_brick_interfaces) Command: {'cmd': ['/usr/bin/ctest', '-C', 'Release', '-D', 'ExperimentalTest', '--no-compress-output', '-V', '--force-new-ctest-process'], 'cwd': '/home/alyssa/homework2-alyssa225/build/turtle_brick_interfaces', 'env': OrderedDict([('LESSOPEN', '| /usr/bin/lesspipe %s'), ('USER', 'alyssa'), ('XDG_SESSION_TYPE', 'wayland'), ('SHLVL', '1'), ('LD_LIBRARY_PATH', '/home/alyssa/homework2-alyssa225/install/turtle_brick_interfaces/lib:/opt/ros/humble/opt/rviz_ogre_vendor/lib:/opt/ros/humble/lib/x86_64-linux-gnu:/opt/ros/humble/lib'), ('HOME', '/home/alyssa'), ('OLDPWD', '/home/alyssa'), ('DESKTOP_SESSION', 'ubuntu'), ('ROS_PYTHON_VERSION', '3'), ('GNOME_SHELL_SESSION_MODE', 'ubuntu'), ('GTK_MODULES', 'gail:atk-bridge'), ('SYSTEMD_EXEC_PID', '418763'), ('DBUS_SESSION_BUS_ADDRESS', 'unix:path=/run/user/1000/bus'), ('COLORTERM', 'truecolor'), ('IM_CONFIG_PHASE', '1'), ('WAYLAND_DISPLAY', 'wayland-0'), ('COLCON_PREFIX_PATH', '/home/alyssa/homework2-alyssa225/install'), ('ROS_DISTRO', 'humble'), ('LOGNAME', 'alyssa'), ('_', '/usr/bin/colcon'), ('ROS_VERSION', '2'), ('XDG_SESSION_CLASS', 'user'), ('USERNAME', 'alyssa'), ('TERM', 'xterm-256color'), ('GNOME_DESKTOP_SESSION_ID', 'this-is-deprecated'), ('ROS_LOCALHOST_ONLY', '0'), ('PATH', '/opt/ros/humble/bin:/usr/local/sbin:/usr/local/bin:/usr/sbin:/usr/bin:/sbin:/bin:/usr/games:/usr/local/games:/snap/bin:/snap/bin'), ('SESSION_MANAGER', 'local/alyssa-Galago-Pro:@/tmp/.ICE-unix/1005,unix/alyssa-Galago-Pro:/tmp/.ICE-unix/1005'), ('XDG_MENU_PREFIX', 'gnome-'), ('GNOME_TERMINAL_SCREEN', '/org/gnome/Terminal/screen/6d4b914e_9fd7_45b5_b317_afa2fd1ab6a4'), ('GNOME_SETUP_DISPLAY', ':1'), ('XDG_RUNTIME_DIR', '/run/user/1000'), ('DISPLAY', ':0'), ('LANG', 'en_US.UTF-8'), ('XDG_CURRENT_DESKTOP', 'ubuntu:GNOME'), ('XMODIFIERS', '@im=ibus'), ('XDG_SESSION_DESKTOP', 'ubuntu'), ('XAUTHORITY', '/run/user/1000/.mutter-Xwaylandauth.BJT0T1'), ('LS_COLORS', 'rs=0:di=01;34:ln=01;36:mh=00:pi=40;33:so=01;35:do=01;35:bd=40;33;01:cd=40;33;01:or=40;31;01:mi=00:su=37;41:sg=30;43:ca=30;41:tw=30;42:ow=34;42:st=37;44:ex=01;32:*.tar=01;31:*.tgz=01;31:*.arc=01;31:*.arj=01;31:*.taz=01;31:*.lha=01;31:*.lz4=01;31:*.lzh=01;31:*.lzma=01;31:*.tlz=01;31:*.txz=01;31:*.tzo=01;31:*.t7z=01;31:*.zip=01;31:*.z=01;31:*.dz=01;31:*.gz=01;31:*.lrz=01;31:*.lz=01;31:*.lzo=01;31:*.xz=01;31:*.zst=01;31:*.tzst=01;31:*.bz2=01;31:*.bz=01;31:*.tbz=01;31:*.tbz2=01;31:*.tz=01;31:*.deb=01;31:*.rpm=01;31:*.jar=01;31:*.war=01;31:*.ear=01;31:*.sar=01;31:*.rar=01;31:*.alz=01;31:*.ace=01;31:*.zoo=01;31:*.cpio=01;31:*.7z=01;31:*.rz=01;31:*.cab=01;31:*.wim=01;31:*.swm=01;31:*.dwm=01;31:*.esd=01;31:*.jpg=01;35:*.jpeg=01;35:*.mjpg=01;35:*.mjpeg=01;35:*.gif=01;35:*.bmp=01;35:*.pbm=01;35:*.pgm=01;35:*.ppm=01;35:*.tga=01;35:*.xbm=01;35:*.xpm=01;35:*.tif=01;35:*.tiff=01;35:*.png=01;35:*.svg=01;35:*.svgz=01;35:*.mng=01;35:*.pcx=01;35:*.mov=01;35:*.mpg=01;35:*.mpeg=01;35:*.m2v=01;35:*.mkv=01;35:*.webm=01;35:*.webp=01;35:*.ogm=01;35:*.mp4=01;35:*.m4v=01;35:*.mp4v=01;35:*.vob=01;35:*.qt=01;35:*.nuv=01;35:*.wmv=01;35:*.asf=01;35:*.rm=01;35:*.rmvb=01;35:*.flc=01;35:*.avi=01;35:*.fli=01;35:*.flv=01;35:*.gl=01;35:*.dl=01;35:*.xcf=01;35:*.xwd=01;35:*.yuv=01;35:*.cgm=01;35:*.emf=01;35:*.ogv=01;35:*.ogx=01;35:*.aac=00;36:*.au=00;36:*.flac=00;36:*.m4a=00;36:*.mid=00;36:*.midi=00;36:*.mka=00;36:*.mp3=00;36:*.mpc=00;36:*.ogg=00;36:*.ra=00;36:*.wav=00;36:*.oga=00;36:*.opus=00;36:*.spx=00;36:*.xspf=00;36:'), ('GNOME_TERMINAL_SERVICE', ':1.10137'), ('SSH_AGENT_LAUNCHER', 'gnome-keyring'), ('SSH_AUTH_SOCK', '/run/user/1000/keyring/ssh'), ('AMENT_PREFIX_PATH', '/home/alyssa/homework2-alyssa225/install/turtle_brick_interfaces:/home/alyssa/homework2-alyssa225/install/turtle_brick:/opt/ros/humble'), ('SHELL', '/bin/bash'), ('QT_ACCESSIBILITY', '1'), ('GDMSESSION', 'ubuntu'), ('LESSCLOSE', '/usr/bin/lesspipe %s %s'), ('QT_IM_MODULE', 'ibus'), ('PWD', '/home/alyssa/homework2-alyssa225/build/turtle_brick_interfaces'), ('XDG_CONFIG_DIRS', '/etc/xdg/xdg-ubuntu:/etc/xdg'), ('XDG_DATA_DIRS', '/usr/share/ubuntu:/usr/local/share/:/usr/share/:/var/lib/snapd/desktop'), ('PYTHONPATH', '/home/alyssa/homework2-alyssa225/install/turtle_brick_interfaces/local/lib/python3.10/dist-packages:/home/alyssa/homework2-alyssa225/install/turtle_brick/lib/python3.10/site-packages:/opt/ros/humble/lib/python3.10/site-packages:/opt/ros/humble/local/lib/python3.10/dist-packages'), ('COLCON', '1'), ('VTE_VERSION', '6800'), ('CMAKE_PREFIX_PATH', '/home/alyssa/homework2-alyssa225/install/turtle_brick_interfaces:/home/alyssa/homework2-alyssa225/install/turtle_brick_interface')]), 'shell': False}
[0.268301] (turtle_brick_interfaces) StdoutLine: {'line': b'UpdateCTestConfiguration  from :/home/alyssa/homework2-alyssa225/build/turtle_brick_interfaces/CTestConfiguration.ini\n'}
[0.268513] (turtle_brick_interfaces) StdoutLine: {'line': b'Parse Config file:/home/alyssa/homework2-alyssa225/build/turtle_brick_interfaces/CTestConfiguration.ini\n'}
[0.268752] (turtle_brick_interfaces) StdoutLine: {'line': b'   Site: alyssa-Galago-Pro\n'}
[0.268902] (turtle_brick_interfaces) StdoutLine: {'line': b'   Build name: (empty)\n'}
[0.269070] (turtle_brick_interfaces) StdoutLine: {'line': b' Add coverage exclude regular expressions.\n'}
[0.269301] (turtle_brick_interfaces) StdoutLine: {'line': b'Create new tag: 20221020-2333 - Experimental\n'}
[0.269437] (turtle_brick_interfaces) StdoutLine: {'line': b'UpdateCTestConfiguration  from :/home/alyssa/homework2-alyssa225/build/turtle_brick_interfaces/CTestConfiguration.ini\n'}
[0.269570] (turtle_brick_interfaces) StdoutLine: {'line': b'Parse Config file:/home/alyssa/homework2-alyssa225/build/turtle_brick_interfaces/CTestConfiguration.ini\n'}
[0.269690] (turtle_brick_interfaces) StdoutLine: {'line': b'Test project /home/alyssa/homework2-alyssa225/build/turtle_brick_interfaces\n'}
[0.269795] (turtle_brick_interfaces) StdoutLine: {'line': b'Constructing a list of tests\n'}
[0.269920] (turtle_brick_interfaces) StdoutLine: {'line': b'Done constructing a list of tests\n'}
[0.270044] (turtle_brick_interfaces) StdoutLine: {'line': b'Updating test list for fixtures\n'}
[0.270177] (turtle_brick_interfaces) StdoutLine: {'line': b'Added 0 tests to meet fixture requirements\n'}
[0.270281] (turtle_brick_interfaces) StdoutLine: {'line': b'Checking test dependency graph...\n'}
[0.270386] (turtle_brick_interfaces) StdoutLine: {'line': b'Checking test dependency graph end\n'}
[0.270491] (turtle_brick_interfaces) StdoutLine: {'line': b'test 1\n'}
[0.270596] (turtle_brick_interfaces) StdoutLine: {'line': b'    Start 1: lint_cmake\n'}
[0.270701] (turtle_brick_interfaces) StdoutLine: {'line': b'\n'}
[0.270806] (turtle_brick_interfaces) StdoutLine: {'line': b'1: Test command: /usr/bin/python3.10 "-u" "/opt/ros/humble/share/ament_cmake_test/cmake/run_test.py" "/home/alyssa/homework2-alyssa225/build/turtle_brick_interfaces/test_results/turtle_brick_interfaces/lint_cmake.xunit.xml" "--package-name" "turtle_brick_interfaces" "--output-file" "/home/alyssa/homework2-alyssa225/build/turtle_brick_interfaces/ament_lint_cmake/lint_cmake.txt" "--command" "/opt/ros/humble/bin/ament_lint_cmake" "--xunit-file" "/home/alyssa/homework2-alyssa225/build/turtle_brick_interfaces/test_results/turtle_brick_interfaces/lint_cmake.xunit.xml"\n'}
[0.270924] (turtle_brick_interfaces) StdoutLine: {'line': b'1: Test timeout computed to be: 60\n'}
[0.299638] (-) TimerEvent: {}
[0.324159] (turtle_brick_interfaces) StdoutLine: {'line': b"1: -- run_test.py: invoking following command in '/home/alyssa/homework2-alyssa225/src/turtle_brick_interfaces':\n"}
[0.324314] (turtle_brick_interfaces) StdoutLine: {'line': b'1:  - /opt/ros/humble/bin/ament_lint_cmake --xunit-file /home/alyssa/homework2-alyssa225/build/turtle_brick_interfaces/test_results/turtle_brick_interfaces/lint_cmake.xunit.xml\n'}
[0.385134] (turtle_brick_interfaces) StdoutLine: {'line': b'1: \n'}
[0.385365] (turtle_brick_interfaces) StdoutLine: {'line': b'1: No problems found\n'}
[0.393235] (turtle_brick_interfaces) StdoutLine: {'line': b'1: -- run_test.py: return code 0\n'}
[0.393478] (turtle_brick_interfaces) StdoutLine: {'line': b"1: -- run_test.py: verify result file '/home/alyssa/homework2-alyssa225/build/turtle_brick_interfaces/test_results/turtle_brick_interfaces/lint_cmake.xunit.xml'\n"}
[0.399751] (-) TimerEvent: {}
[0.400792] (turtle_brick_interfaces) StdoutLine: {'line': b'1/2 Test #1: lint_cmake .......................   Passed    0.13 sec\n'}
[0.401108] (turtle_brick_interfaces) StdoutLine: {'line': b'test 2\n'}
[0.401214] (turtle_brick_interfaces) StdoutLine: {'line': b'    Start 2: xmllint\n'}
[0.401327] (turtle_brick_interfaces) StdoutLine: {'line': b'\n'}
[0.401519] (turtle_brick_interfaces) StdoutLine: {'line': b'2: Test command: /usr/bin/python3.10 "-u" "/opt/ros/humble/share/ament_cmake_test/cmake/run_test.py" "/home/alyssa/homework2-alyssa225/build/turtle_brick_interfaces/test_results/turtle_brick_interfaces/xmllint.xunit.xml" "--package-name" "turtle_brick_interfaces" "--output-file" "/home/alyssa/homework2-alyssa225/build/turtle_brick_interfaces/ament_xmllint/xmllint.txt" "--command" "/opt/ros/humble/bin/ament_xmllint" "--xunit-file" "/home/alyssa/homework2-alyssa225/build/turtle_brick_interfaces/test_results/turtle_brick_interfaces/xmllint.xunit.xml"\n'}
[0.401693] (turtle_brick_interfaces) StdoutLine: {'line': b'2: Test timeout computed to be: 60\n'}
[0.457840] (turtle_brick_interfaces) StdoutLine: {'line': b"2: -- run_test.py: invoking following command in '/home/alyssa/homework2-alyssa225/src/turtle_brick_interfaces':\n"}
[0.458056] (turtle_brick_interfaces) StdoutLine: {'line': b'2:  - /opt/ros/humble/bin/ament_xmllint --xunit-file /home/alyssa/homework2-alyssa225/build/turtle_brick_interfaces/test_results/turtle_brick_interfaces/xmllint.xunit.xml\n'}
[0.499872] (-) TimerEvent: {}
[0.532711] (turtle_brick) StdoutLine: {'line': b'\x1b[1m============================= test session starts ==============================\x1b[0m\n'}
[0.532951] (turtle_brick) StdoutLine: {'line': b'platform linux -- Python 3.10.6, pytest-6.2.5, py-1.10.0, pluggy-0.13.0\n'}
[0.537112] (turtle_brick) StdoutLine: {'line': b'cachedir: /home/alyssa/homework2-alyssa225/build/turtle_brick/.pytest_cache\n'}
[0.537223] (turtle_brick) StdoutLine: {'line': b'rootdir: /home/alyssa/homework2-alyssa225/src/turtle_brick\n'}
[0.537294] (turtle_brick) StdoutLine: {'line': b'plugins: ament-lint-0.12.4, ament-xmllint-0.12.4, launch-testing-ros-0.19.3, launch-testing-1.0.2, ament-flake8-0.12.4, ament-pep257-0.12.4, ament-copyright-0.12.4, colcon-core-0.10.0, cov-3.0.0\n'}
[0.599956] (-) TimerEvent: {}
[0.615546] (turtle_brick) StdoutLine: {'line': b'\x1b[1mcollecting ... \x1b[0m\x1b[1m\n'}
[0.615724] (turtle_brick) StdoutLine: {'line': b'collected 4 items                                                              \x1b[0m\n'}
[0.615981] (turtle_brick) StdoutLine: {'line': b'\n'}
[0.622356] (turtle_brick) StdoutLine: {'line': b'test/math_test.py \x1b[32m.\x1b[0m\x1b[32m                                                      [ 25%]\x1b[0m\n'}
[0.623359] (turtle_brick) StdoutLine: {'line': b'test/test_copyright.py \x1b[33ms\x1b[0m\x1b[32m                                                 [ 50%]\x1b[0m\n'}
[0.636367] (turtle_brick_interfaces) StdoutLine: {'line': b"2: File 'package.xml' is valid\n"}
[0.636791] (turtle_brick_interfaces) StdoutLine: {'line': b'2: \n'}
[0.637014] (turtle_brick_interfaces) StdoutLine: {'line': b'2: No problems found\n'}
[0.648277] (turtle_brick_interfaces) StdoutLine: {'line': b'2: -- run_test.py: return code 0\n'}
[0.648632] (turtle_brick_interfaces) StdoutLine: {'line': b"2: -- run_test.py: verify result file '/home/alyssa/homework2-alyssa225/build/turtle_brick_interfaces/test_results/turtle_brick_interfaces/xmllint.xunit.xml'\n"}
[0.658371] (turtle_brick_interfaces) StdoutLine: {'line': b'2/2 Test #2: xmllint ..........................   Passed    0.26 sec\n'}
[0.658888] (turtle_brick_interfaces) StdoutLine: {'line': b'\n'}
[0.659104] (turtle_brick_interfaces) StdoutLine: {'line': b'\x1b[0;32m100% tests passed\x1b[0;0m, 0 tests failed\x1b[0;0m out of 2\n'}
[0.659298] (turtle_brick_interfaces) StdoutLine: {'line': b'\n'}
[0.659468] (turtle_brick_interfaces) StdoutLine: {'line': b'Label Time Summary:\n'}
[0.659634] (turtle_brick_interfaces) StdoutLine: {'line': b'lint_cmake    =   0.13 sec*proc (1 test)\n'}
[0.659837] (turtle_brick_interfaces) StdoutLine: {'line': b'linter        =   0.39 sec*proc (2 tests)\n'}
[0.660002] (turtle_brick_interfaces) StdoutLine: {'line': b'xmllint       =   0.26 sec*proc (1 test)\n'}
[0.660172] (turtle_brick_interfaces) StdoutLine: {'line': b'\n'}
[0.660301] (turtle_brick_interfaces) StdoutLine: {'line': b'Total Test time (real) =   0.39 sec\n'}
[0.680634] (turtle_brick_interfaces) CommandEnded: {'returncode': 0}
[0.681473] (turtle_brick_interfaces) JobEnded: {'identifier': 'turtle_brick_interfaces', 'rc': 0}
[0.700059] (-) TimerEvent: {}
[0.800384] (-) TimerEvent: {}
[0.832452] (turtle_brick) StdoutLine: {'line': b'test/test_flake8.py \x1b[31mF\x1b[0m\x1b[31m                                                    [ 75%]\x1b[0m\n'}
[0.898751] (turtle_brick) StdoutLine: {'line': b'test/test_pep257.py \x1b[31mF\x1b[0m\x1b[31m                                                    [100%]\x1b[0m\n'}
[0.899068] (turtle_brick) StdoutLine: {'line': b'\n'}
[0.899181] (turtle_brick) StdoutLine: {'line': b'=================================== FAILURES ===================================\n'}
[0.899271] (turtle_brick) StdoutLine: {'line': b'\x1b[31m\x1b[1m_________________________________ test_flake8 __________________________________\x1b[0m\n'}
[0.899336] (turtle_brick) StdoutLine: {'line': b'\x1b[1m\x1b[31mtest/test_flake8.py\x1b[0m:23: in test_flake8\n'}
[0.900470] (-) TimerEvent: {}
[0.936980] (turtle_brick) StdoutLine: {'line': b'    \x1b[94massert\x1b[39;49;00m rc == \x1b[94m0\x1b[39;49;00m, \\\n'}
[0.937673] (turtle_brick) StdoutLine: {'line': b'\x1b[1m\x1b[31mE   AssertionError: Found 10 code style errors / warnings:\x1b[0m\n'}
[0.938381] (turtle_brick) StdoutLine: {'line': b'\x1b[1m\x1b[31mE     ./test/brick.test.py:10:1: E302 expected 2 blank lines, found 1\x1b[0m\n'}
[0.938556] (turtle_brick) StdoutLine: {'line': b'\x1b[1m\x1b[31mE     ./test/brick.test.py:13:26: E128 continuation line under-indented for visual indent\x1b[0m\n'}
[0.938726] (turtle_brick) StdoutLine: {'line': b'\x1b[1m\x1b[31mE     ./test/brick.test.py:14:26: E124 closing bracket does not match visual indentation\x1b[0m\n'}
[0.938902] (turtle_brick) StdoutLine: {'line': b'\x1b[1m\x1b[31mE     ./test/brick.test.py:25:1: E302 expected 2 blank lines, found 1\x1b[0m\n'}
[0.939233] (turtle_brick) StdoutLine: {'line': b"\x1b[1m\x1b[31mE     ./test/brick.test.py:42:9: F841 local variable 'tilt_sub' is assigned to but never used\x1b[0m\n"}
[0.939428] (turtle_brick) StdoutLine: {'line': b'\x1b[1m\x1b[31mE     ./test/brick.test.py:45:1: W293 blank line contains whitespace\x1b[0m\n'}
[0.939541] (turtle_brick) StdoutLine: {'line': b'\x1b[1m\x1b[31mE     ./test/brick.test.py:53:24: E127 continuation line over-indented for visual indent\x1b[0m\n'}
[0.939632] (turtle_brick) StdoutLine: {'line': b'\x1b[1m\x1b[31mE     ./test/brick.test.py:62:43: W291 trailing whitespace\x1b[0m\n'}
[0.939739] (turtle_brick) StdoutLine: {'line': b'\x1b[1m\x1b[31mE     ./test/brick.test.py:63:20: E127 continuation line over-indented for visual indent\x1b[0m\n'}
[0.939843] (turtle_brick) StdoutLine: {'line': b'\x1b[1m\x1b[31mE     ./test/brick.test.py:68:1: W293 blank line contains whitespace\x1b[0m\n'}
[0.939943] (turtle_brick) StdoutLine: {'line': b'\x1b[1m\x1b[31mE   assert 1 == 0\x1b[0m\n'}
[0.940028] (turtle_brick) StdoutLine: {'line': b'----------------------------- Captured stdout call -----------------------------\n'}
[0.940129] (turtle_brick) StdoutLine: {'line': b'\n'}
[0.940274] (turtle_brick) StdoutLine: {'line': b'./test/brick.test.py:10:1: E302 expected 2 blank lines, found 1\n'}
[0.940486] (turtle_brick) StdoutLine: {'line': b'@pytest.mark.rostest\n'}
[0.940619] (turtle_brick) StdoutLine: {'line': b'^\n'}
[0.940782] (turtle_brick) StdoutLine: {'line': b'\n'}
[0.940937] (turtle_brick) StdoutLine: {'line': b'./test/brick.test.py:13:26: E128 continuation line under-indented for visual indent\n'}
[0.941092] (turtle_brick) StdoutLine: {'line': b'                         executable="turtle_robot",\n'}
[0.941242] (turtle_brick) StdoutLine: {'line': b'                         ^\n'}
[0.941370] (turtle_brick) StdoutLine: {'line': b'\n'}
[0.941484] (turtle_brick) StdoutLine: {'line': b'./test/brick.test.py:14:26: E124 closing bracket does not match visual indentation\n'}
[0.941596] (turtle_brick) StdoutLine: {'line': b'                         )\n'}
[0.941708] (turtle_brick) StdoutLine: {'line': b'                         ^\n'}
[0.941819] (turtle_brick) StdoutLine: {'line': b'\n'}
[0.941931] (turtle_brick) StdoutLine: {'line': b'./test/brick.test.py:25:1: E302 expected 2 blank lines, found 1\n'}
[0.942043] (turtle_brick) StdoutLine: {'line': b'class TestTurtleRobot(unittest.TestCase):\n'}
[0.942154] (turtle_brick) StdoutLine: {'line': b'^\n'}
[0.942267] (turtle_brick) StdoutLine: {'line': b'\n'}
[0.942379] (turtle_brick) StdoutLine: {'line': b"./test/brick.test.py:42:9: F841 local variable 'tilt_sub' is assigned to but never used\n"}
[0.942499] (turtle_brick) StdoutLine: {'line': b"        tilt_sub = self.create_subscription(Twist, '/cmd_vel', self.test_callback, 10)\n"}
[0.942612] (turtle_brick) StdoutLine: {'line': b'        ^\n'}
[0.942723] (turtle_brick) StdoutLine: {'line': b'\n'}
[0.942835] (turtle_brick) StdoutLine: {'line': b'./test/brick.test.py:45:1: W293 blank line contains whitespace\n'}
[0.942946] (turtle_brick) StdoutLine: {'line': b'    \n'}
[0.943057] (turtle_brick) StdoutLine: {'line': b'^\n'}
[0.943186] (turtle_brick) StdoutLine: {'line': b'\n'}
[0.943313] (turtle_brick) StdoutLine: {'line': b'./test/brick.test.py:53:24: E127 continuation line over-indented for visual indent\n'}
[0.943440] (turtle_brick) StdoutLine: {'line': b'                       + float(self.timestart.header.stamp.nanosec) / 1000000000.0)\n'}
[0.943567] (turtle_brick) StdoutLine: {'line': b'                       ^\n'}
[0.943693] (turtle_brick) StdoutLine: {'line': b'\n'}
[0.943819] (turtle_brick) StdoutLine: {'line': b'./test/brick.test.py:62:43: W291 trailing whitespace\n'}
[0.943945] (turtle_brick) StdoutLine: {'line': b'        tf = (float(time.header.stamp.sec) \n'}
[0.944072] (turtle_brick) StdoutLine: {'line': b'                                          ^\n'}
[0.944199] (turtle_brick) StdoutLine: {'line': b'\n'}
[0.944324] (turtle_brick) StdoutLine: {'line': b'./test/brick.test.py:63:20: E127 continuation line over-indented for visual indent\n'}
[0.944468] (turtle_brick) StdoutLine: {'line': b'                   + float(time.header.stamp.nanosec) / 1000000000.0)\n'}
[0.944602] (turtle_brick) StdoutLine: {'line': b'                   ^\n'}
[0.944725] (turtle_brick) StdoutLine: {'line': b'\n'}
[0.944846] (turtle_brick) StdoutLine: {'line': b'./test/brick.test.py:68:1: W293 blank line contains whitespace\n'}
[0.944968] (turtle_brick) StdoutLine: {'line': b'            \n'}
[0.945090] (turtle_brick) StdoutLine: {'line': b'^\n'}
[0.945212] (turtle_brick) StdoutLine: {'line': b'\n'}
[0.945356] (turtle_brick) StdoutLine: {'line': b'1     E124 closing bracket does not match visual indentation\n'}
[0.945481] (turtle_brick) StdoutLine: {'line': b'2     E127 continuation line over-indented for visual indent\n'}
[0.945603] (turtle_brick) StdoutLine: {'line': b'1     E128 continuation line under-indented for visual indent\n'}
[0.945724] (turtle_brick) StdoutLine: {'line': b'2     E302 expected 2 blank lines, found 1\n'}
[0.945847] (turtle_brick) StdoutLine: {'line': b"1     F841 local variable 'tilt_sub' is assigned to but never used\n"}
[0.945968] (turtle_brick) StdoutLine: {'line': b'1     W291 trailing whitespace\n'}
[0.946089] (turtle_brick) StdoutLine: {'line': b'2     W293 blank line contains whitespace\n'}
[0.946209] (turtle_brick) StdoutLine: {'line': b'\n'}
[0.946348] (turtle_brick) StdoutLine: {'line': b'13 files checked\n'}
[0.946505] (turtle_brick) StdoutLine: {'line': b'10 errors\n'}
[0.946637] (turtle_brick) StdoutLine: {'line': b'\n'}
[0.946767] (turtle_brick) StdoutLine: {'line': b"'E'-type errors: 6\n"}
[0.946899] (turtle_brick) StdoutLine: {'line': b"'F'-type errors: 1\n"}
[0.947030] (turtle_brick) StdoutLine: {'line': b"'W'-type errors: 3\n"}
[0.947163] (turtle_brick) StdoutLine: {'line': b'\n'}
[0.947293] (turtle_brick) StdoutLine: {'line': b'Checked files:\n'}
[0.947424] (turtle_brick) StdoutLine: {'line': b'\n'}
[0.947565] (turtle_brick) StdoutLine: {'line': b'* ./setup.py\n'}
[0.947689] (turtle_brick) StdoutLine: {'line': b'* ./turtle_brick/arena.py\n'}
[0.947861] (turtle_brick) StdoutLine: {'line': b'* ./turtle_brick/turtle_robot.py\n'}
[0.947989] (turtle_brick) StdoutLine: {'line': b'* ./turtle_brick/catcher.py\n'}
[0.948117] (turtle_brick) StdoutLine: {'line': b'* ./turtle_brick/__init__.py\n'}
[0.948245] (turtle_brick) StdoutLine: {'line': b'* ./test/math_test.py\n'}
[0.948372] (turtle_brick) StdoutLine: {'line': b'* ./test/test_flake8.py\n'}
[0.948512] (turtle_brick) StdoutLine: {'line': b'* ./test/test_copyright.py\n'}
[0.948631] (turtle_brick) StdoutLine: {'line': b'* ./test/test_pep257.py\n'}
[0.948761] (turtle_brick) StdoutLine: {'line': b'* ./test/brick.test.py\n'}
[0.948877] (turtle_brick) StdoutLine: {'line': b'* ./launch/show_turtle.launch.py\n'}
[0.948993] (turtle_brick) StdoutLine: {'line': b'* ./launch/run_turtle.launch.py\n'}
[0.949110] (turtle_brick) StdoutLine: {'line': b'* ./launch/turtle_arena.launch.py\n'}
[0.949225] (turtle_brick) StdoutLine: {'line': b'----------------------------- Captured stderr call -----------------------------\n'}
[0.949352] (turtle_brick) StdoutLine: {'line': b'option --max-complexity: please update from optparse string `type=` to argparse callable `type=` -- this will be an error in the future\n'}
[0.949473] (turtle_brick) StdoutLine: {'line': b'\x1b[31m\x1b[1m_________________________________ test_pep257 __________________________________\x1b[0m\n'}
[0.949590] (turtle_brick) StdoutLine: {'line': b'\x1b[1m\x1b[31mtest/test_pep257.py\x1b[0m:23: in test_pep257\n'}
[0.949706] (turtle_brick) StdoutLine: {'line': b"    \x1b[94massert\x1b[39;49;00m rc == \x1b[94m0\x1b[39;49;00m, \x1b[33m'\x1b[39;49;00m\x1b[33mFound code style errors / warnings\x1b[39;49;00m\x1b[33m'\x1b[39;49;00m\n"}
[0.949826] (turtle_brick) StdoutLine: {'line': b'\x1b[1m\x1b[31mE   AssertionError: Found code style errors / warnings\x1b[0m\n'}
[0.949995] (turtle_brick) StdoutLine: {'line': b'\x1b[1m\x1b[31mE   assert 1 == 0\x1b[0m\n'}
[0.950150] (turtle_brick) StdoutLine: {'line': b'----------------------------- Captured stdout call -----------------------------\n'}
[0.950240] (turtle_brick) StdoutLine: {'line': b'checking ./launch/run_turtle.launch.py\n'}
[0.950325] (turtle_brick) StdoutLine: {'line': b'checking ./launch/show_turtle.launch.py\n'}
[0.950405] (turtle_brick) StdoutLine: {'line': b'checking ./launch/turtle_arena.launch.py\n'}
[0.950487] (turtle_brick) StdoutLine: {'line': b'checking ./setup.py\n'}
[0.950554] (turtle_brick) StdoutLine: {'line': b'checking ./test/brick.test.py\n'}
[0.950648] (turtle_brick) StdoutLine: {'line': b'checking ./test/math_test.py\n'}
[0.950757] (turtle_brick) StdoutLine: {'line': b'checking ./test/test_copyright.py\n'}
[0.950825] (turtle_brick) StdoutLine: {'line': b'checking ./test/test_flake8.py\n'}
[0.950892] (turtle_brick) StdoutLine: {'line': b'checking ./test/test_pep257.py\n'}
[0.950985] (turtle_brick) StdoutLine: {'line': b'checking ./turtle_brick/__init__.py\n'}
[0.951079] (turtle_brick) StdoutLine: {'line': b'checking ./turtle_brick/arena.py\n'}
[0.951142] (turtle_brick) StdoutLine: {'line': b'./turtle_brick/arena.py:16 in public class `BState`: D204: 1 blank line required after class docstring (found 0)\n'}
[0.951239] (turtle_brick) StdoutLine: {'line': b'./turtle_brick/arena.py:16 in public class `BState`: D205: 1 blank line required between summary line and description (found 0)\n'}
[0.951306] (turtle_brick) StdoutLine: {'line': b'./turtle_brick/arena.py:16 in public class `BState`: D208: Docstring is over-indented\n'}
[0.951389] (turtle_brick) StdoutLine: {'line': b'./turtle_brick/arena.py:16 in public class `BState`: D210: No whitespaces allowed surrounding docstring text\n'}
[0.951471] (turtle_brick) StdoutLine: {'line': b'./turtle_brick/arena.py:16 in public class `BState`: D213: Multi-line docstring summary should start at the second line\n'}
[0.951548] (turtle_brick) StdoutLine: {'line': b'./turtle_brick/arena.py:29 in public class `Arena`: D204: 1 blank line required after class docstring (found 0)\n'}
[0.951617] (turtle_brick) StdoutLine: {'line': b'./turtle_brick/arena.py:29 in public class `Arena`: D205: 1 blank line required between summary line and description (found 0)\n'}
[0.951699] (turtle_brick) StdoutLine: {'line': b'checking ./turtle_brick/catcher.py\n'}
[0.951769] (turtle_brick) StdoutLine: {'line': b'./turtle_brick/catcher.py:13 in public class `State`: D204: 1 blank line required after class docstring (found 0)\n'}
[0.951839] (turtle_brick) StdoutLine: {'line': b'./turtle_brick/catcher.py:13 in public class `State`: D205: 1 blank line required between summary line and description (found 0)\n'}
[0.951909] (turtle_brick) StdoutLine: {'line': b"./turtle_brick/catcher.py:13 in public class `State`: D400: First line should end with a period (not 't')\n"}
[0.951979] (turtle_brick) StdoutLine: {'line': b"./turtle_brick/catcher.py:13 in public class `State`: D415: First line should end with a period, question mark, or exclamation point (not 't')\n"}
[0.952049] (turtle_brick) StdoutLine: {'line': b'./turtle_brick/catcher.py:23 in public class `Catcher`: D205: 1 blank line required between summary line and description (found 0)\n'}
[0.952119] (turtle_brick) StdoutLine: {'line': b"./turtle_brick/catcher.py:23 in public class `Catcher`: D400: First line should end with a period (not 't')\n"}
[0.952189] (turtle_brick) StdoutLine: {'line': b"./turtle_brick/catcher.py:23 in public class `Catcher`: D415: First line should end with a period, question mark, or exclamation point (not 't')\n"}
[0.952258] (turtle_brick) StdoutLine: {'line': b'checking ./turtle_brick/turtle_robot.py\n'}
[0.952338] (turtle_brick) StdoutLine: {'line': b'./turtle_brick/turtle_robot.py:14 in public class `Turtle_robot`: D204: 1 blank line required after class docstring (found 0)\n'}
[0.952409] (turtle_brick) StdoutLine: {'line': b'./turtle_brick/turtle_robot.py:14 in public class `Turtle_robot`: D205: 1 blank line required between summary line and description (found 0)\n'}
[0.952551] (turtle_brick) StdoutLine: {'line': b'checking test/brick.test.py\n'}
[0.952629] (turtle_brick) StdoutLine: {'line': b'checking test/math_test.py\n'}
[0.952701] (turtle_brick) StdoutLine: {'line': b'checking test/test_copyright.py\n'}
[0.952771] (turtle_brick) StdoutLine: {'line': b'checking test/test_flake8.py\n'}
[0.952841] (turtle_brick) StdoutLine: {'line': b'checking test/test_pep257.py\n'}
[0.952911] (turtle_brick) StdoutLine: {'line': b'16 errors\n'}
[0.952981] (turtle_brick) StdoutLine: {'line': b'- generated xml file: /home/alyssa/homework2-alyssa225/build/turtle_brick/pytest.xml -\n'}
[0.953108] (turtle_brick) StderrLine: {'line': b'\x1b[33m=============================== warnings summary ===============================\x1b[0m\n'}
[0.953223] (turtle_brick) StderrLine: {'line': b'test/test_flake8.py::test_flake8\n'}
[0.953292] (turtle_brick) StderrLine: {'line': b'test/test_flake8.py::test_flake8\n'}
[0.953376] (turtle_brick) StderrLine: {'line': b'  Warning: SelectableGroups dict interface is deprecated. Use select.\n'}
[0.953443] (turtle_brick) StderrLine: {'line': b'\n'}
[0.953508] (turtle_brick) StderrLine: {'line': b'-- Docs: https://docs.pytest.org/en/stable/warnings.html\n'}
[0.953572] (turtle_brick) StdoutLine: {'line': b'=========================== short test summary info ============================\n'}
[0.953649] (turtle_brick) StdoutLine: {'line': b'FAILED test/test_flake8.py::test_flake8 - AssertionError: Found 10 code style...\n'}
[0.953717] (turtle_brick) StdoutLine: {'line': b'FAILED test/test_pep257.py::test_pep257 - AssertionError: Found code style er...\n'}
[0.953783] (turtle_brick) StdoutLine: {'line': b'\x1b[31m============== \x1b[31m\x1b[1m2 failed\x1b[0m, \x1b[32m1 passed\x1b[0m, \x1b[33m1 skipped\x1b[0m, \x1b[33m2 warnings\x1b[0m\x1b[31m in 0.41s\x1b[0m\x1b[31m ==============\x1b[0m\n'}
[1.000617] (-) TimerEvent: {}
[1.008818] (turtle_brick) CommandEnded: {'returncode': 1}
[1.009233] (turtle_brick) TestFailure: {'identifier': 'turtle_brick'}
[1.009588] (turtle_brick) JobEnded: {'identifier': 'turtle_brick', 'rc': 0}
[1.010188] (-) EventReactorShutdown: {}
