Start testing: Oct 18 20:25 CDT
----------------------------------------------------------
1/2 Testing: lint_cmake
1/2 Test: lint_cmake
Command: "/usr/bin/python3.10" "-u" "/opt/ros/humble/share/ament_cmake_test/cmake/run_test.py" "/home/alyssa/homework2-alyssa225/build/turtle_brick_interfaces/test_results/turtle_brick_interfaces/lint_cmake.xunit.xml" "--package-name" "turtle_brick_interfaces" "--output-file" "/home/alyssa/homework2-alyssa225/build/turtle_brick_interfaces/ament_lint_cmake/lint_cmake.txt" "--command" "/opt/ros/humble/bin/ament_lint_cmake" "--xunit-file" "/home/alyssa/homework2-alyssa225/build/turtle_brick_interfaces/test_results/turtle_brick_interfaces/lint_cmake.xunit.xml"
Directory: /home/alyssa/homework2-alyssa225/src/turtle_brick_interfaces
"lint_cmake" start time: Oct 18 20:25 CDT
Output:
----------------------------------------------------------
-- run_test.py: invoking following command in '/home/alyssa/homework2-alyssa225/src/turtle_brick_interfaces':
 - /opt/ros/humble/bin/ament_lint_cmake --xunit-file /home/alyssa/homework2-alyssa225/build/turtle_brick_interfaces/test_results/turtle_brick_interfaces/lint_cmake.xunit.xml
CMakeLists.txt:15: Mismatching spaces inside () after command [whitespace/mismatch]


1 errors
-- run_test.py: return code 1
-- run_test.py: verify result file '/home/alyssa/homework2-alyssa225/build/turtle_brick_interfaces/test_results/turtle_brick_interfaces/lint_cmake.xunit.xml'
<end of output>
Test time =   0.17 sec
----------------------------------------------------------
Test Failed.
"lint_cmake" end time: Oct 18 20:25 CDT
"lint_cmake" time elapsed: 00:00:00
----------------------------------------------------------

2/2 Testing: xmllint
2/2 Test: xmllint
Command: "/usr/bin/python3.10" "-u" "/opt/ros/humble/share/ament_cmake_test/cmake/run_test.py" "/home/alyssa/homework2-alyssa225/build/turtle_brick_interfaces/test_results/turtle_brick_interfaces/xmllint.xunit.xml" "--package-name" "turtle_brick_interfaces" "--output-file" "/home/alyssa/homework2-alyssa225/build/turtle_brick_interfaces/ament_xmllint/xmllint.txt" "--command" "/opt/ros/humble/bin/ament_xmllint" "--xunit-file" "/home/alyssa/homework2-alyssa225/build/turtle_brick_interfaces/test_results/turtle_brick_interfaces/xmllint.xunit.xml"
Directory: /home/alyssa/homework2-alyssa225/src/turtle_brick_interfaces
"xmllint" start time: Oct 18 20:25 CDT
Output:
----------------------------------------------------------
-- run_test.py: invoking following command in '/home/alyssa/homework2-alyssa225/src/turtle_brick_interfaces':
 - /opt/ros/humble/bin/ament_xmllint --xunit-file /home/alyssa/homework2-alyssa225/build/turtle_brick_interfaces/test_results/turtle_brick_interfaces/xmllint.xunit.xml
File 'package.xml' is valid

No problems found
-- run_test.py: return code 0
-- run_test.py: verify result file '/home/alyssa/homework2-alyssa225/build/turtle_brick_interfaces/test_results/turtle_brick_interfaces/xmllint.xunit.xml'
<end of output>
Test time =   0.47 sec
----------------------------------------------------------
Test Passed.
"xmllint" end time: Oct 18 20:25 CDT
"xmllint" time elapsed: 00:00:00
----------------------------------------------------------

End testing: Oct 18 20:25 CDT

lint_cmake =   0.17 sec*proc

linter =   0.64 sec*proc

xmllint =   0.47 sec*proc

