[0.257s] Invoking command in '/home/alyssa/homework2-alyssa225/src/turtle_brick': AMENT_PREFIX_PATH=/home/alyssa/homework2-alyssa225/install/turtle_brick:/home/alyssa/homework2-alyssa225/install/turtle_brick_interfaces:/opt/ros/humble PYTEST_ADDOPTS=--tb=short --junit-xml=/home/alyssa/homework2-alyssa225/build/turtle_brick/pytest.xml --junit-prefix=turtle_brick -o cache_dir=/home/alyssa/homework2-alyssa225/build/turtle_brick/.pytest_cache PYTHONPATH=/home/alyssa/homework2-alyssa225/install/turtle_brick/lib/python3.10/site-packages:/home/alyssa/homework2-alyssa225/install/turtle_brick_interfaces/local/lib/python3.10/dist-packages:/opt/ros/humble/lib/python3.10/site-packages:/opt/ros/humble/local/lib/python3.10/dist-packages /usr/bin/python3 -m pytest
[0.539s] [1m============================= test session starts ==============================[0m
[0.539s] platform linux -- Python 3.10.6, pytest-6.2.5, py-1.10.0, pluggy-0.13.0
[0.544s] cachedir: /home/alyssa/homework2-alyssa225/build/turtle_brick/.pytest_cache
[0.544s] rootdir: /home/alyssa/homework2-alyssa225/src/turtle_brick
[0.544s] plugins: ament-lint-0.12.4, ament-xmllint-0.12.4, launch-testing-ros-0.19.3, launch-testing-1.0.2, ament-flake8-0.12.4, ament-pep257-0.12.4, ament-copyright-0.12.4, colcon-core-0.10.0, cov-3.0.0
[0.648s] [1mcollecting ... [0m[1m
[0.648s] collected 4 items                                                              [0m
[0.648s] 
[0.664s] test/math_test.py [32m.[0m[32m                                                      [ 25%][0m
[0.665s] test/test_copyright.py [33ms[0m[32m                                                 [ 50%][0m
[0.886s] test/test_flake8.py [31mF[0m[31m                                                    [ 75%][0m
[0.953s] test/test_pep257.py [31mF[0m[31m                                                    [100%][0m
[0.953s] 
[0.953s] =================================== FAILURES ===================================
[0.953s] [31m[1m_________________________________ test_flake8 __________________________________[0m
[0.953s] [1m[31mtest/test_flake8.py[0m:23: in test_flake8
[0.989s]     [94massert[39;49;00m rc == [94m0[39;49;00m, \
[0.989s] [1m[31mE   AssertionError: Found 6 code style errors / warnings:[0m
[0.990s] [1m[31mE     ./turtle_brick/arena.py:18:1: W293 blank line contains whitespace[0m
[0.990s] [1m[31mE     ./turtle_brick/arena.py:19:26: W291 trailing whitespace[0m
[0.990s] [1m[31mE     ./turtle_brick/arena.py:39:1: W293 blank line contains whitespace[0m
[0.990s] [1m[31mE     ./turtle_brick/arena.py:52:1: W293 blank line contains whitespace[0m
[0.990s] [1m[31mE     ./turtle_brick/turtle_robot.py:17:1: W293 blank line contains whitespace[0m
[0.990s] [1m[31mE     ./turtle_brick/catcher.py:30:1: W293 blank line contains whitespace[0m
[0.990s] [1m[31mE   assert 1 == 0[0m
[0.991s] ----------------------------- Captured stdout call -----------------------------
[0.991s] 
[0.991s] ./turtle_brick/arena.py:18:1: W293 blank line contains whitespace
[0.991s]     """
[0.991s]     Current state of the brick.
[0.991s]     
[0.991s]     Four states of brick. 
[0.991s]         - PLACED: brick is placed
[0.992s]         - DROPPING: brick is dropping with accelleraction od gravity
[0.992s]         - PLATFORM: The platfom of turtle robot is below the brick
[0.992s]         - FLOOR: The turtle robot is not below the brick
[0.992s]     """
[0.992s] ^
[0.992s] 
[0.992s] ./turtle_brick/arena.py:19:26: W291 trailing whitespace
[0.993s]     """
[0.993s]     Current state of the brick.
[0.993s]     
[0.993s]     Four states of brick. 
[0.993s]         - PLACED: brick is placed
[0.993s]         - DROPPING: brick is dropping with accelleraction od gravity
[0.993s]         - PLATFORM: The platfom of turtle robot is below the brick
[0.993s]         - FLOOR: The turtle robot is not below the brick
[0.994s]     """
[0.994s]        
[0.994s]                  ^
[0.994s] 
[0.994s] ./turtle_brick/arena.py:39:1: W293 blank line contains whitespace
[0.994s]     """
[0.994s] 
[0.994s]     Creates the arena and places brick when called in command line.
[0.995s]     Will drop the robot when called in command line.
[0.995s]         -if robot is underneath the brick, the brick will land on the robot
[0.995s]         -if nothing is under brick, brick will land on ground
[0.995s]     
[0.995s]     SUBSCRIPTIONS:
[0.995s]         -robot_sub: continuous robot position
[0.995s]     PUBLISHERS:
[0.996s]         -marker_pub: publishes walls and brick
[0.996s]         -drop_pub: sends placement, drop coordinates
[0.996s]         -platform_pub: sends true if platform is under brick
[0.996s]     SERVICES:
[0.996s]         -Place: place brick at x, y, z location
[0.996s]         -Drop: Empty drops brick
[0.996s]     TRANSFORMS:
[0.997s]         -world_brick: connects brick to world
[0.997s]     """
[0.997s] ^
[0.997s] 
[0.997s] ./turtle_brick/arena.py:52:1: W293 blank line contains whitespace
[0.997s]     
[0.997s] ^
[0.998s] 
[0.998s] ./turtle_brick/turtle_robot.py:17:1: W293 blank line contains whitespace
[0.998s]     """
[0.998s]     Creates the turtle_robot and controls joint and translation movements.
[0.998s]     Additionally, places it in the world and connects to turtlesim.
[0.998s]     
[0.998s]     SUBSCRIPTIONS:
[0.998s]         -goal_sub: subscribes to goal_sub and
[0.999s]             recieves the positions that will
[0.999s]             calculate movement towards goal_pose
[0.999s]         -tilt_sub: subscribes to tilt and will
[0.999s]             recieve the angle that the robot platform will tilt to
[0.999s]     PUBLISHERS:
[0.999s]         -joint_state: publishes joint angles of the turtle_robot
[0.999s]         -odom_pub: sends positions and twists
[1.000s]         -vel_pub: sends twist to cmd_vel
[1.000s]         -robot_pub: sends continuous robot pose
[1.000s]             # also just relized I could have potentially taken from odom publisher
[1.000s]             # instead of creating a whole new object and publisher, but too late now
[1.000s]     TRANSFORMS:
[1.000s]         -world_odom: connects odom frame to world frame
[1.000s]         -odom_base_link: connects base_link frame to odom frame
[1.001s]     """
[1.001s] ^
[1.001s] 
[1.001s] ./turtle_brick/catcher.py:30:1: W293 blank line contains whitespace
[1.001s]     """
[1.001s]     Calculates if robot can catch placed brick in time or not.
[1.001s]     -If it can catch, robot travels to drop location, catches brick,
[1.002s]         travels back to origin, and tilts brick off
[1.002s]     -If the robot can't reach brick in time, the screen publishes "UNREACHABLE",
[1.002s]         and lets brick fall to ground
[1.002s]     
[1.002s]     SUBSCRIPTIONS:
[1.002s]         -robot_sub:continuous robot position
[1.002s]         -drop_sub: gets placed brick position and sends if drop service is called
[1.003s]         -catch_sub: gets True the brick is caught on the platform
[1.003s]     PUBLISHERS:
[1.003s]         -goal_pose: send pose to turtle robot
[1.003s]         -tilt: send tilt angle to platform on turtle robot
[1.003s]         -text marker: publishes "UNREACHABLE" if robot can't reach in time
[1.003s]     """
[1.003s] ^
[1.003s] 
[1.004s] 1     W291 trailing whitespace
[1.004s] 5     W293 blank line contains whitespace
[1.004s] 
[1.004s] 13 files checked
[1.004s] 6 errors
[1.004s] 
[1.004s] 'W'-type errors: 6
[1.005s] 
[1.005s] Checked files:
[1.005s] 
[1.005s] * ./setup.py
[1.005s] * ./turtle_brick/arena.py
[1.005s] * ./turtle_brick/turtle_robot.py
[1.006s] * ./turtle_brick/catcher.py
[1.006s] * ./turtle_brick/__init__.py
[1.006s] * ./test/math_test.py
[1.006s] * ./test/test_flake8.py
[1.006s] * ./test/test_copyright.py
[1.006s] * ./test/test_pep257.py
[1.006s] * ./test/brick.test.py
[1.007s] * ./launch/show_turtle.launch.py
[1.007s] * ./launch/run_turtle.launch.py
[1.007s] * ./launch/turtle_arena.launch.py
[1.007s] ----------------------------- Captured stderr call -----------------------------
[1.007s] option --max-complexity: please update from optparse string `type=` to argparse callable `type=` -- this will be an error in the future
[1.007s] [31m[1m_________________________________ test_pep257 __________________________________[0m
[1.007s] [1m[31mtest/test_pep257.py[0m:23: in test_pep257
[1.008s]     [94massert[39;49;00m rc == [94m0[39;49;00m, [33m'[39;49;00m[33mFound code style errors / warnings[39;49;00m[33m'[39;49;00m
[1.008s] [1m[31mE   AssertionError: Found code style errors / warnings[0m
[1.008s] [1m[31mE   assert 1 == 0[0m
[1.008s] ----------------------------- Captured stdout call -----------------------------
[1.008s] checking ./launch/run_turtle.launch.py
[1.008s] checking ./launch/show_turtle.launch.py
[1.008s] checking ./launch/turtle_arena.launch.py
[1.009s] checking ./setup.py
[1.009s] checking ./test/brick.test.py
[1.009s] checking ./test/math_test.py
[1.009s] checking ./test/test_copyright.py
[1.009s] checking ./test/test_flake8.py
[1.009s] checking ./test/test_pep257.py
[1.009s] checking ./turtle_brick/__init__.py
[1.010s] checking ./turtle_brick/arena.py
[1.010s] ./turtle_brick/arena.py:33 in public class `Arena`: D205: 1 blank line required between summary line and description (found 0)
[1.010s] checking ./turtle_brick/catcher.py
[1.010s] ./turtle_brick/catcher.py:13 in public class `State`: D204: 1 blank line required after class docstring (found 0)
[1.010s] ./turtle_brick/catcher.py:24 in public class `Catcher`: D205: 1 blank line required between summary line and description (found 0)
[1.010s] checking ./turtle_brick/turtle_robot.py
[1.010s] ./turtle_brick/turtle_robot.py:14 in public class `Turtle_robot`: D204: 1 blank line required after class docstring (found 0)
[1.011s] ./turtle_brick/turtle_robot.py:14 in public class `Turtle_robot`: D205: 1 blank line required between summary line and description (found 0)
[1.011s] checking test/brick.test.py
[1.011s] checking test/math_test.py
[1.011s] checking test/test_copyright.py
[1.011s] checking test/test_flake8.py
[1.011s] checking test/test_pep257.py
[1.012s] 5 errors
[1.012s] - generated xml file: /home/alyssa/homework2-alyssa225/build/turtle_brick/pytest.xml -
[1.012s] [33m=============================== warnings summary ===============================[0m
[1.012s] test/test_flake8.py::test_flake8
[1.012s] test/test_flake8.py::test_flake8
[1.012s]   Warning: SelectableGroups dict interface is deprecated. Use select.
[1.013s] 
[1.013s] -- Docs: https://docs.pytest.org/en/stable/warnings.html
[1.013s] =========================== short test summary info ============================
[1.013s] FAILED test/test_flake8.py::test_flake8 - AssertionError: Found 6 code style ...
[1.013s] FAILED test/test_pep257.py::test_pep257 - AssertionError: Found code style er...
[1.013s] [31m============== [31m[1m2 failed[0m, [32m1 passed[0m, [33m1 skipped[0m, [33m2 warnings[0m[31m in 0.45s[0m[31m ==============[0m
[1.060s] Invoked command in '/home/alyssa/homework2-alyssa225/src/turtle_brick' returned '1': AMENT_PREFIX_PATH=/home/alyssa/homework2-alyssa225/install/turtle_brick:/home/alyssa/homework2-alyssa225/install/turtle_brick_interfaces:/opt/ros/humble PYTEST_ADDOPTS=--tb=short --junit-xml=/home/alyssa/homework2-alyssa225/build/turtle_brick/pytest.xml --junit-prefix=turtle_brick -o cache_dir=/home/alyssa/homework2-alyssa225/build/turtle_brick/.pytest_cache PYTHONPATH=/home/alyssa/homework2-alyssa225/install/turtle_brick/lib/python3.10/site-packages:/home/alyssa/homework2-alyssa225/install/turtle_brick_interfaces/local/lib/python3.10/dist-packages:/opt/ros/humble/lib/python3.10/site-packages:/opt/ros/humble/local/lib/python3.10/dist-packages /usr/bin/python3 -m pytest
