[0.263s] Invoking command in '/home/alyssa/homework2-alyssa225/src/turtle_brick': AMENT_PREFIX_PATH=/home/alyssa/homework2-alyssa225/install/turtle_brick:/home/alyssa/homework2-alyssa225/install/turtle_brick_interfaces:/home/alyssa/homework2-alyssa225/src/install/turtle_brick_interfaces:/home/alyssa/homework2-alyssa225/src/install/turtle_brick:/opt/ros/humble PYTEST_ADDOPTS=--tb=short --junit-xml=/home/alyssa/homework2-alyssa225/build/turtle_brick/pytest.xml --junit-prefix=turtle_brick -o cache_dir=/home/alyssa/homework2-alyssa225/build/turtle_brick/.pytest_cache PYTHONPATH=/home/alyssa/homework2-alyssa225/install/turtle_brick/lib/python3.10/site-packages:/home/alyssa/homework2-alyssa225/install/turtle_brick_interfaces/local/lib/python3.10/dist-packages:/home/alyssa/homework2-alyssa225/src/install/turtle_brick_interfaces/local/lib/python3.10/dist-packages:/home/alyssa/homework2-alyssa225/src/install/turtle_brick/lib/python3.10/site-packages:/opt/ros/humble/lib/python3.10/site-packages:/opt/ros/humble/local/lib/python3.10/dist-packages /usr/bin/python3 -m pytest
[0.565s] [1m============================= test session starts ==============================[0m
[0.565s] platform linux -- Python 3.10.6, pytest-6.2.5, py-1.10.0, pluggy-0.13.0
[0.570s] cachedir: /home/alyssa/homework2-alyssa225/build/turtle_brick/.pytest_cache
[0.571s] rootdir: /home/alyssa/homework2-alyssa225/src/turtle_brick
[0.571s] plugins: ament-lint-0.12.4, ament-xmllint-0.12.4, launch-testing-ros-0.19.3, launch-testing-1.0.2, ament-flake8-0.12.4, ament-pep257-0.12.4, ament-copyright-0.12.4, colcon-core-0.10.0, cov-3.0.0
[0.648s] [1mcollecting ... [0m[1m
[0.648s] collected 3 items                                                              [0m
[0.649s] 
[0.656s] test/test_copyright.py [33ms[0m[32m                                                 [ 33%][0m
[0.863s] test/test_flake8.py [31mF[0m[31m                                                    [ 66%][0m
[0.922s] test/test_pep257.py [31mF[0m[31m                                                    [100%][0m
[0.922s] 
[0.923s] =================================== FAILURES ===================================
[0.923s] [31m[1m_________________________________ test_flake8 __________________________________[0m
[0.923s] [1m[31mtest/test_flake8.py[0m:23: in test_flake8
[0.959s]     [94massert[39;49;00m rc == [94m0[39;49;00m, \
[0.959s] [1m[31mE   AssertionError: Found 221 code style errors / warnings:[0m
[0.960s] [1m[31mE     ./setup.py:3:1: F401 'setuptools.find_packages' imported but unused[0m
[0.960s] [1m[31mE     ./setup.py:14:100: E501 line too long (174 > 99 characters)[0m
[0.961s] [1m[31mE     ./setup.py:18:43: E231 missing whitespace after ','[0m
[0.961s] [1m[31mE     ./setup.py:24:28: E231 missing whitespace after ','[0m
[0.961s] [1m[31mE     ./turtle_brick/arena.py:18:1: F401 'tf2_ros.static_transform_broadcaster.StaticTransformBroadcaster' imported but unused[0m
[0.963s] [1m[31mE     ./turtle_brick/arena.py:22:1: F401 'math.pi' imported but unused[0m
[0.965s] [1m[31mE     ./turtle_brick/arena.py:23:1: F401 'turtle_brick_interfaces.srv.Drop' imported but unused[0m
[0.966s] [1m[31mE     ./turtle_brick/arena.py:25:42: W291 trailing whitespace[0m
[0.966s] [1m[31mE     ./turtle_brick/arena.py:27:1: F401 'visualization_msgs.msg.MarkerArray' imported but unused[0m
[0.967s] [1m[31mE     ./turtle_brick/arena.py:28:1: F401 'math' imported but unused[0m
[0.967s] [1m[31mE     ./turtle_brick/arena.py:30:1: E265 block comment should start with '# '[0m
[0.967s] [1m[31mE     ./turtle_brick/arena.py:33:1: E302 expected 2 blank lines, found 1[0m
[0.967s] [1m[31mE     ./turtle_brick/arena.py:40:1: E302 expected 2 blank lines, found 1[0m
[0.967s] [1m[31mE     ./turtle_brick/arena.py:46:9: E265 block comment should start with '# '[0m
[0.967s] [1m[31mE     ./turtle_brick/arena.py:47:33: W291 trailing whitespace[0m
[0.967s] [1m[31mE     ./turtle_brick/arena.py:52:32: E231 missing whitespace after ','[0m
[0.967s] [1m[31mE     ./turtle_brick/arena.py:53:27: E231 missing whitespace after ','[0m
[0.967s] [1m[31mE     ./turtle_brick/arena.py:60:9: E265 block comment should start with '# '[0m
[0.967s] [1m[31mE     ./turtle_brick/arena.py:67:9: E265 block comment should start with '# '[0m
[0.967s] [1m[31mE     ./turtle_brick/arena.py:68:55: E231 missing whitespace after ','[0m
[0.967s] [1m[31mE     ./turtle_brick/arena.py:68:63: E231 missing whitespace after ','[0m
[0.967s] [1m[31mE     ./turtle_brick/arena.py:68:82: E231 missing whitespace after ','[0m
[0.967s] [1m[31mE     ./turtle_brick/arena.py:69:54: E231 missing whitespace after ','[0m
[0.967s] [1m[31mE     ./turtle_brick/arena.py:69:61: E231 missing whitespace after ','[0m
[0.967s] [1m[31mE     ./turtle_brick/arena.py:69:80: E231 missing whitespace after ','[0m
[0.968s] [1m[31mE     ./turtle_brick/arena.py:77:1: W293 blank line contains whitespace[0m
[0.968s] [1m[31mE     ./turtle_brick/arena.py:78:9: E265 block comment should start with '# '[0m
[0.968s] [1m[31mE     ./turtle_brick/arena.py:79:47: E231 missing whitespace after ','[0m
[0.968s] [1m[31mE     ./turtle_brick/arena.py:79:55: E231 missing whitespace after ','[0m
[0.968s] [1m[31mE     ./turtle_brick/arena.py:80:46: E231 missing whitespace after ','[0m
[0.968s] [1m[31mE     ./turtle_brick/arena.py:80:53: E231 missing whitespace after ','[0m
[0.968s] [1m[31mE     ./turtle_brick/arena.py:83:55: E231 missing whitespace after ','[0m
[0.968s] [1m[31mE     ./turtle_brick/arena.py:83:64: E231 missing whitespace after ','[0m
[0.968s] [1m[31mE     ./turtle_brick/arena.py:90:9: F841 local variable 'count' is assigned to but never used[0m
[0.968s] [1m[31mE     ./turtle_brick/arena.py:93:9: E265 block comment should start with '# '[0m
[0.968s] [1m[31mE     ./turtle_brick/arena.py:110:9: E265 block comment should start with '# '[0m
[0.968s] [1m[31mE     ./turtle_brick/arena.py:196:9: E303 too many blank lines (2)[0m
[0.969s] [1m[31mE     ./turtle_brick/arena.py:196:9: E265 block comment should start with '# '[0m
[0.969s] [1m[31mE     ./turtle_brick/arena.py:199:26: W291 trailing whitespace[0m
[0.969s] [1m[31mE     ./turtle_brick/arena.py:208:44: E231 missing whitespace after ','[0m
[0.969s] [1m[31mE     ./turtle_brick/arena.py:210:37: E231 missing whitespace after ','[0m
[0.969s] [1m[31mE     ./turtle_brick/arena.py:217:1: W293 blank line contains whitespace[0m
[0.969s] [1m[31mE     ./turtle_brick/arena.py:222:27: E231 missing whitespace after ','[0m
[0.969s] [1m[31mE     ./turtle_brick/arena.py:226:36: E231 missing whitespace after ','[0m
[0.969s] [1m[31mE     ./turtle_brick/arena.py:230:27: E231 missing whitespace after ','[0m
[0.970s] [1m[31mE     ./turtle_brick/arena.py:231:100: E501 line too long (117 > 99 characters)[0m
[0.970s] [1m[31mE     ./turtle_brick/arena.py:237:9: E265 block comment should start with '# '[0m
[0.970s] [1m[31mE     ./turtle_brick/arena.py:244:5: E303 too many blank lines (2)[0m
[0.970s] [1m[31mE     ./turtle_brick/arena.py:245:9: E265 block comment should start with '# '[0m
[0.970s] [1m[31mE     ./turtle_brick/arena.py:247:1: W293 blank line contains whitespace[0m
[0.970s] [1m[31mE     ./turtle_brick/arena.py:248:9: E265 block comment should start with '# '[0m
[0.970s] [1m[31mE     ./turtle_brick/arena.py:250:63: W291 trailing whitespace[0m
[0.970s] [1m[31mE     ./turtle_brick/arena.py:251:1: W293 blank line contains whitespace[0m
[0.970s] [1m[31mE     ./turtle_brick/arena.py:252:9: E265 block comment should start with '# '[0m
[0.971s] [1m[31mE     ./turtle_brick/arena.py:252:30: W291 trailing whitespace[0m
[0.971s] [1m[31mE     ./turtle_brick/arena.py:255:67: E225 missing whitespace around operator[0m
[0.971s] [1m[31mE     ./turtle_brick/arena.py:258:62: E225 missing whitespace around operator[0m
[0.971s] [1m[31mE     ./turtle_brick/arena.py:259:42: E225 missing whitespace around operator[0m
[0.971s] [1m[31mE     ./turtle_brick/arena.py:260:65: E261 at least two spaces before inline comment[0m
[0.971s] [1m[31mE     ./turtle_brick/arena.py:260:66: E262 inline comment should start with '# '[0m
[0.971s] [1m[31mE     ./turtle_brick/arena.py:260:100: E501 line too long (100 > 99 characters)[0m
[0.972s] [1m[31mE     ./turtle_brick/arena.py:261:44: E261 at least two spaces before inline comment[0m
[0.972s] [1m[31mE     ./turtle_brick/arena.py:261:45: E262 inline comment should start with '# '[0m
[0.972s] [1m[31mE     ./turtle_brick/arena.py:261:83: W291 trailing whitespace[0m
[0.972s] [1m[31mE     ./turtle_brick/arena.py:262:43: W291 trailing whitespace[0m
[0.972s] [1m[31mE     ./turtle_brick/arena.py:272:1: W293 blank line contains whitespace[0m
[0.972s] [1m[31mE     ./turtle_brick/arena.py:274:9: E303 too many blank lines (2)[0m
[0.972s] [1m[31mE     ./turtle_brick/arena.py:277:1: W293 blank line contains whitespace[0m
[0.973s] [1m[31mE     ./turtle_brick/arena.py:278:9: E303 too many blank lines (2)[0m
[0.973s] [1m[31mE     ./turtle_brick/arena.py:283:9: E225 missing whitespace around operator[0m
[0.973s] [1m[31mE     ./turtle_brick/arena.py:285:19: W291 trailing whitespace[0m
[0.973s] [1m[31mE     ./turtle_brick/arena.py:286:1: W391 blank line at end of file[0m
[0.973s] [1m[31mE     ./turtle_brick/turtle_robot.py:5:1: F401 'tokenize.Double' imported but unused[0m
[0.973s] [1m[31mE     ./turtle_brick/turtle_robot.py:5:1: F401 'tokenize.String' imported but unused[0m
[0.973s] [1m[31mE     ./turtle_brick/turtle_robot.py:12:34: W291 trailing whitespace[0m
[0.974s] [1m[31mE     ./turtle_brick/turtle_robot.py:13:1: F401 'geometry_msgs.msg.Vector3' imported but unused[0m
[0.974s] [1m[31mE     ./turtle_brick/turtle_robot.py:14:1: F401 'visualization_msgs.msg.Marker' imported but unused[0m
[0.974s] [1m[31mE     ./turtle_brick/turtle_robot.py:14:42: W291 trailing whitespace[0m
[0.974s] [1m[31mE     ./turtle_brick/turtle_robot.py:15:45: W291 trailing whitespace[0m
[0.974s] [1m[31mE     ./turtle_brick/turtle_robot.py:16:12: W291 trailing whitespace[0m
[0.974s] [1m[31mE     ./turtle_brick/turtle_robot.py:17:1: E265 block comment should start with '# '[0m
[0.974s] [1m[31mE     ./turtle_brick/turtle_robot.py:19:1: E302 expected 2 blank lines, found 1[0m
[0.974s] [1m[31mE     ./turtle_brick/turtle_robot.py:24:9: E265 block comment should start with '# '[0m
[0.974s] [1m[31mE     ./turtle_brick/turtle_robot.py:25:33: W291 trailing whitespace[0m
[0.975s] [1m[31mE     ./turtle_brick/turtle_robot.py:30:32: E231 missing whitespace after ','[0m
[0.975s] [1m[31mE     ./turtle_brick/turtle_robot.py:31:27: E231 missing whitespace after ','[0m
[0.975s] [1m[31mE     ./turtle_brick/turtle_robot.py:41:65: E231 missing whitespace after ','[0m
[0.975s] [1m[31mE     ./turtle_brick/turtle_robot.py:41:81: E231 missing whitespace after ','[0m
[0.975s] [1m[31mE     ./turtle_brick/turtle_robot.py:42:55: E231 missing whitespace after ','[0m
[0.975s] [1m[31mE     ./turtle_brick/turtle_robot.py:42:63: E231 missing whitespace after ','[0m
[0.975s] [1m[31mE     ./turtle_brick/turtle_robot.py:43:51: E231 missing whitespace after ','[0m
[0.975s] [1m[31mE     ./turtle_brick/turtle_robot.py:43:62: E231 missing whitespace after ','[0m
[0.975s] [1m[31mE     ./turtle_brick/turtle_robot.py:44:52: E231 missing whitespace after ','[0m
[0.975s] [1m[31mE     ./turtle_brick/turtle_robot.py:44:61: E231 missing whitespace after ','[0m
[0.976s] [1m[31mE     ./turtle_brick/turtle_robot.py:46:61: E231 missing whitespace after ','[0m
[0.976s] [1m[31mE     ./turtle_brick/turtle_robot.py:46:74: E231 missing whitespace after ','[0m
[0.976s] [1m[31mE     ./turtle_brick/turtle_robot.py:46:93: E231 missing whitespace after ','[0m
[0.976s] [1m[31mE     ./turtle_brick/turtle_robot.py:47:54: E231 missing whitespace after ','[0m
[0.976s] [1m[31mE     ./turtle_brick/turtle_robot.py:47:61: E231 missing whitespace after ','[0m
[0.976s] [1m[31mE     ./turtle_brick/turtle_robot.py:47:80: E231 missing whitespace after ','[0m
[0.976s] [1m[31mE     ./turtle_brick/turtle_robot.py:49:53: W291 trailing whitespace[0m
[0.976s] [1m[31mE     ./turtle_brick/turtle_robot.py:53:1: W293 blank line contains whitespace[0m
[0.977s] [1m[31mE     ./turtle_brick/turtle_robot.py:62:9: E265 block comment should start with '# '[0m
[0.977s] [1m[31mE     ./turtle_brick/turtle_robot.py:62:19: W291 trailing whitespace[0m
[0.977s] [1m[31mE     ./turtle_brick/turtle_robot.py:63:28: W291 trailing whitespace[0m
[0.977s] [1m[31mE     ./turtle_brick/turtle_robot.py:82:9: E265 block comment should start with '# '[0m
[0.977s] [1m[31mE     ./turtle_brick/turtle_robot.py:88:23: E225 missing whitespace around operator[0m
[0.977s] [1m[31mE     ./turtle_brick/turtle_robot.py:95:9: E265 block comment should start with '# '[0m
[0.977s] [1m[31mE     ./turtle_brick/turtle_robot.py:98:9: E265 block comment should start with '# '[0m
[0.978s] [1m[31mE     ./turtle_brick/turtle_robot.py:105:1: W293 blank line contains whitespace[0m
[0.978s] [1m[31mE     ./turtle_brick/turtle_robot.py:106:27: E231 missing whitespace after ','[0m
[0.978s] [1m[31mE     ./turtle_brick/turtle_robot.py:107:83: E231 missing whitespace after ','[0m
[0.978s] [1m[31mE     ./turtle_brick/turtle_robot.py:107:100: E501 line too long (128 > 99 characters)[0m
[0.978s] [1m[31mE     ./turtle_brick/turtle_robot.py:107:103: E231 missing whitespace after ','[0m
[0.978s] [1m[31mE     ./turtle_brick/turtle_robot.py:107:127: E202 whitespace before ')'[0m
[0.978s] [1m[31mE     ./turtle_brick/turtle_robot.py:119:27: E231 missing whitespace after ','[0m
[0.979s] [1m[31mE     ./turtle_brick/turtle_robot.py:125:1: W293 blank line contains whitespace[0m
[0.979s] [1m[31mE     ./turtle_brick/turtle_robot.py:126:9: E265 block comment should start with '# '[0m
[0.979s] [1m[31mE     ./turtle_brick/turtle_robot.py:136:1: W293 blank line contains whitespace[0m
[0.979s] [1m[31mE     ./turtle_brick/turtle_robot.py:137:9: E265 block comment should start with '# '[0m
[0.979s] [1m[31mE     ./turtle_brick/turtle_robot.py:139:46: E231 missing whitespace after ','[0m
[0.979s] [1m[31mE     ./turtle_brick/turtle_robot.py:139:58: E231 missing whitespace after ','[0m
[0.979s] [1m[31mE     ./turtle_brick/turtle_robot.py:141:9: E265 block comment should start with '# '[0m
[0.979s] [1m[31mE     ./turtle_brick/turtle_robot.py:148:1: W293 blank line contains whitespace[0m
[0.980s] [1m[31mE     ./turtle_brick/turtle_robot.py:149:9: E265 block comment should start with '# '[0m
[0.980s] [1m[31mE     ./turtle_brick/turtle_robot.py:150:34: E225 missing whitespace around operator[0m
[0.980s] [1m[31mE     ./turtle_brick/turtle_robot.py:151:34: E225 missing whitespace around operator[0m
[0.980s] [1m[31mE     ./turtle_brick/turtle_robot.py:152:34: E225 missing whitespace around operator[0m
[0.980s] [1m[31mE     ./turtle_brick/turtle_robot.py:154:9: E265 block comment should start with '# '[0m
[0.980s] [1m[31mE     ./turtle_brick/turtle_robot.py:155:68: W291 trailing whitespace[0m
[0.980s] [1m[31mE     ./turtle_brick/turtle_robot.py:156:68: W291 trailing whitespace[0m
[0.980s] [1m[31mE     ./turtle_brick/turtle_robot.py:157:48: W291 trailing whitespace[0m
[0.981s] [1m[31mE     ./turtle_brick/turtle_robot.py:159:9: E265 block comment should start with '# '[0m
[0.981s] [1m[31mE     ./turtle_brick/turtle_robot.py:160:56: W291 trailing whitespace[0m
[0.981s] [1m[31mE     ./turtle_brick/turtle_robot.py:165:9: E265 block comment should start with '# '[0m
[0.981s] [1m[31mE     ./turtle_brick/turtle_robot.py:184:9: E265 block comment should start with '# '[0m
[0.981s] [1m[31mE     ./turtle_brick/turtle_robot.py:185:48: E225 missing whitespace around operator[0m
[0.981s] [1m[31mE     ./turtle_brick/turtle_robot.py:185:53: W291 trailing whitespace[0m
[0.981s] [1m[31mE     ./turtle_brick/turtle_robot.py:187:30: E225 missing whitespace around operator[0m
[0.981s] [1m[31mE     ./turtle_brick/turtle_robot.py:189:30: E225 missing whitespace around operator[0m
[0.981s] [1m[31mE     ./turtle_brick/turtle_robot.py:191:1: W293 blank line contains whitespace[0m
[0.982s] [1m[31mE     ./turtle_brick/turtle_robot.py:192:1: W293 blank line contains whitespace[0m
[0.982s] [1m[31mE     ./turtle_brick/turtle_robot.py:194:1: E303 too many blank lines (4)[0m
[0.982s] [1m[31mE     ./turtle_brick/turtle_robot.py:196:16: E225 missing whitespace around operator[0m
[0.982s] [1m[31mE     ./turtle_brick/turtle_robot.py:198:19: W291 trailing whitespace[0m
[0.982s] [1m[31mE     ./turtle_brick/turtle_robot.py:200:1: W391 blank line at end of file[0m
[0.982s] [1m[31mE     ./turtle_brick/catcher.py:15:1: F401 'cmath.sqrt' imported but unused[0m
[0.982s] [1m[31mE     ./turtle_brick/catcher.py:18:1: F401 'tf2_ros.static_transform_broadcaster.StaticTransformBroadcaster' imported but unused[0m
[0.982s] [1m[31mE     ./turtle_brick/catcher.py:19:1: F401 'tf2_ros.TransformBroadcaster' imported but unused[0m
[0.982s] [1m[31mE     ./turtle_brick/catcher.py:20:1: F401 'geometry_msgs.msg.TransformStamped' imported but unused[0m
[0.982s] [1m[31mE     ./turtle_brick/catcher.py:20:1: F401 'geometry_msgs.msg.Pose' imported but unused[0m
[0.982s] [1m[31mE     ./turtle_brick/catcher.py:20:1: F401 'geometry_msgs.msg.PoseStamped' imported but unused[0m
[0.982s] [1m[31mE     ./turtle_brick/catcher.py:21:1: F401 'turtle_brick_interfaces.srv.Place' imported but unused[0m
[0.983s] [1m[31mE     ./turtle_brick/catcher.py:21:1: F401 'turtle_brick_interfaces.srv.Drop' imported but unused[0m
[0.983s] [1m[31mE     ./turtle_brick/catcher.py:22:1: F401 'math' imported but unused[0m
[0.983s] [1m[31mE     ./turtle_brick/catcher.py:22:12: W291 trailing whitespace[0m
[0.983s] [1m[31mE     ./turtle_brick/catcher.py:23:1: F401 '.quaternion.angle_axis_to_quaternion' imported but unused[0m
[0.983s] [1m[31mE     ./turtle_brick/catcher.py:26:1: E302 expected 2 blank lines, found 1[0m
[0.983s] [1m[31mE     ./turtle_brick/catcher.py:33:1: E302 expected 2 blank lines, found 1[0m
[0.983s] [1m[31mE     ./turtle_brick/catcher.py:45:9: E265 block comment should start with '# '[0m
[0.983s] [1m[31mE     ./turtle_brick/catcher.py:46:33: W291 trailing whitespace[0m
[0.983s] [1m[31mE     ./turtle_brick/catcher.py:51:32: E231 missing whitespace after ','[0m
[0.983s] [1m[31mE     ./turtle_brick/catcher.py:52:27: E231 missing whitespace after ','[0m
[0.983s] [1m[31mE     ./turtle_brick/catcher.py:87:1: W293 blank line contains whitespace[0m
[0.983s] [1m[31mE     ./turtle_brick/catcher.py:88:5: E303 too many blank lines (2)[0m
[0.983s] [1m[31mE     ./turtle_brick/catcher.py:89:100: E501 line too long (103 > 99 characters)[0m
[0.983s] [1m[31mE     ./turtle_brick/catcher.py:94:44: W291 trailing whitespace[0m
[0.983s] [1m[31mE     ./turtle_brick/catcher.py:95:100: E501 line too long (107 > 99 characters)[0m
[0.983s] [1m[31mE     ./turtle_brick/catcher.py:97:100: E501 line too long (106 > 99 characters)[0m
[0.984s] [1m[31mE     ./turtle_brick/catcher.py:97:107: W291 trailing whitespace[0m
[0.984s] [1m[31mE     ./turtle_brick/catcher.py:98:100: E501 line too long (101 > 99 characters)[0m
[0.984s] [1m[31mE     ./turtle_brick/catcher.py:98:102: W291 trailing whitespace[0m
[0.984s] [1m[31mE     ./turtle_brick/catcher.py:99:21: W291 trailing whitespace[0m
[0.984s] [1m[31mE     ./turtle_brick/catcher.py:110:100: E501 line too long (114 > 99 characters)[0m
[0.984s] [1m[31mE     ./turtle_brick/catcher.py:111:100: E501 line too long (121 > 99 characters)[0m
[0.984s] [1m[31mE     ./turtle_brick/catcher.py:128:100: E501 line too long (113 > 99 characters)[0m
[0.984s] [1m[31mE     ./turtle_brick/catcher.py:133:42: W291 trailing whitespace[0m
[0.984s] [1m[31mE     ./turtle_brick/catcher.py:134:48: W291 trailing whitespace[0m
[0.984s] [1m[31mE     ./turtle_brick/catcher.py:144:5: E303 too many blank lines (2)[0m
[0.984s] [1m[31mE     ./turtle_brick/catcher.py:144:55: W291 trailing whitespace[0m
[0.984s] [1m[31mE     ./turtle_brick/catcher.py:152:21: W292 no newline at end of file[0m
[0.984s] [1m[31mE     ./launch/show_turtle.launch.py:1:1: F401 'ament_index_python.packages.get_package_share_path' imported but unused[0m
[0.984s] [1m[31mE     ./launch/show_turtle.launch.py:1:63: E231 missing whitespace after ','[0m
[0.985s] [1m[31mE     ./launch/show_turtle.launch.py:5:1: F401 'launch.conditions.UnlessCondition' imported but unused[0m
[0.985s] [1m[31mE     ./launch/show_turtle.launch.py:11:1: E302 expected 2 blank lines, found 1[0m
[0.985s] [1m[31mE     ./launch/show_turtle.launch.py:12:22: E225 missing whitespace around operator[0m
[0.985s] [1m[31mE     ./launch/show_turtle.launch.py:14:51: E225 missing whitespace around operator[0m
[0.985s] [1m[31mE     ./launch/show_turtle.launch.py:15:1: W293 blank line contains whitespace[0m
[0.985s] [1m[31mE     ./launch/show_turtle.launch.py:16:5: F841 local variable 'use_sim_time' is assigned to but never used[0m
[0.985s] [1m[31mE     ./launch/show_turtle.launch.py:18:100: E501 line too long (115 > 99 characters)[0m
[0.985s] [1m[31mE     ./launch/show_turtle.launch.py:18:105: E231 missing whitespace after ','[0m
[0.985s] [1m[31mE     ./launch/show_turtle.launch.py:19:37: E128 continuation line under-indented for visual indent[0m
[0.985s] [1m[31mE     ./launch/show_turtle.launch.py:19:92: E261 at least two spaces before inline comment[0m
[0.985s] [1m[31mE     ./launch/show_turtle.launch.py:19:92: E262 inline comment should start with '# '[0m
[0.985s] [1m[31mE     ./launch/show_turtle.launch.py:22:100: E501 line too long (100 > 99 characters)[0m
[0.985s] [1m[31mE     ./launch/show_turtle.launch.py:36:89: E231 missing whitespace after ','[0m
[0.985s] [1m[31mE     ./launch/show_turtle.launch.py:36:96: E231 missing whitespace after ','[0m
[0.985s] [1m[31mE     ./launch/show_turtle.launch.py:43:56: E231 missing whitespace after ','[0m
[0.985s] [1m[31mE     ./launch/show_turtle.launch.py:49:56: E231 missing whitespace after ','[0m
[0.986s] [1m[31mE     ./launch/show_turtle.launch.py:68:7: W292 no newline at end of file[0m
[0.986s] [1m[31mE     ./launch/run_turtle.launch.py:2:1: F401 'ament_index_python.packages.get_package_share_path' imported but unused[0m
[0.986s] [1m[31mE     ./launch/run_turtle.launch.py:5:1: F401 'launch.actions.DeclareLaunchArgument' imported but unused[0m
[0.986s] [1m[31mE     ./launch/run_turtle.launch.py:6:1: F401 'launch.conditions.IfCondition' imported but unused[0m
[0.986s] [1m[31mE     ./launch/run_turtle.launch.py:6:1: F401 'launch.conditions.UnlessCondition' imported but unused[0m
[0.986s] [1m[31mE     ./launch/run_turtle.launch.py:7:1: F401 'launch.substitutions.Command' imported but unused[0m
[0.986s] [1m[31mE     ./launch/run_turtle.launch.py:7:1: F401 'launch.substitutions.LaunchConfiguration' imported but unused[0m
[0.986s] [1m[31mE     ./launch/run_turtle.launch.py:10:1: F401 'launch_ros.parameter_descriptions.ParameterValue' imported but unused[0m
[0.986s] [1m[31mE     ./launch/run_turtle.launch.py:40:23: E251 unexpected spaces around keyword / parameter equals[0m
[0.986s] [1m[31mE     ./launch/run_turtle.launch.py:40:25: E251 unexpected spaces around keyword / parameter equals[0m
[0.986s] [1m[31mE     ./launch/run_turtle.launch.py:40:70: E231 missing whitespace after ','[0m
[0.987s] [1m[31mE     ./launch/run_turtle.launch.py:43:1: W293 blank line contains whitespace[0m
[0.987s] [1m[31mE     ./launch/run_turtle.launch.py:44:7: W292 no newline at end of file[0m
[0.987s] [1m[31mE     ./launch/turtle_arena.launch.py:2:1: F401 'ament_index_python.packages.get_package_share_path' imported but unused[0m
[0.987s] [1m[31mE     ./launch/turtle_arena.launch.py:5:1: F401 'launch.actions.DeclareLaunchArgument' imported but unused[0m
[0.987s] [1m[31mE     ./launch/turtle_arena.launch.py:6:1: F401 'launch.conditions.IfCondition' imported but unused[0m
[0.987s] [1m[31mE     ./launch/turtle_arena.launch.py:6:1: F401 'launch.conditions.UnlessCondition' imported but unused[0m
[0.987s] [1m[31mE     ./launch/turtle_arena.launch.py:7:1: F401 'launch.substitutions.Command' imported but unused[0m
[0.987s] [1m[31mE     ./launch/turtle_arena.launch.py:7:1: F401 'launch.substitutions.LaunchConfiguration' imported but unused[0m
[0.987s] [1m[31mE     ./launch/turtle_arena.launch.py:10:1: F401 'launch_ros.parameter_descriptions.ParameterValue' imported but unused[0m
[0.987s] [1m[31mE     ./launch/turtle_arena.launch.py:42:1: W293 blank line contains whitespace[0m
[0.987s] [1m[31mE     ./launch/turtle_arena.launch.py:43:7: W292 no newline at end of file[0m
[0.987s] [1m[31mE   assert 1 == 0[0m
[0.987s] ----------------------------- Captured stdout call -----------------------------
[0.987s] 
[0.988s] ./setup.py:3:1: F401 'setuptools.find_packages' imported but unused
[0.988s] from setuptools import setup, find_packages
[0.988s] ^
[0.988s] 
[0.988s] ./setup.py:14:100: E501 line too long (174 > 99 characters)
[0.988s]         ('share/' + package_name, ['package.xml', 'launch/show_turtle.launch.py', 'config/turtle_urdf.rviz', 'launch/run_turtle.launch.py', 'launch/turtle_arena.launch.py']),
[0.988s]                                                                                                    ^
[0.988s] 
[0.988s] ./setup.py:18:43: E231 missing whitespace after ','
[0.989s]     install_requires=['setuptools', 'urdf','rviz'],
[0.989s]                                           ^
[0.989s] 
[0.989s] ./setup.py:24:28: E231 missing whitespace after ','
[0.989s]     tests_require=['pytest','ament_lint_auto'],
[0.989s]                            ^
[0.989s] 
[0.989s] ./turtle_brick/arena.py:18:1: F401 'tf2_ros.static_transform_broadcaster.StaticTransformBroadcaster' imported but unused
[0.989s] from tf2_ros.static_transform_broadcaster import StaticTransformBroadcaster
[0.989s] ^
[0.989s] 
[0.989s] ./turtle_brick/arena.py:22:1: F401 'math.pi' imported but unused
[0.989s] from math import pi
[0.989s] ^
[0.990s] 
[0.990s] ./turtle_brick/arena.py:23:1: F401 'turtle_brick_interfaces.srv.Drop' imported but unused
[0.990s] from turtle_brick_interfaces.srv import Place, Drop
[0.990s] ^
[0.990s] 
[0.990s] ./turtle_brick/arena.py:25:42: W291 trailing whitespace
[0.990s] from visualization_msgs.msg import Marker 
[0.990s]                                          ^
[0.990s] 
[0.990s] ./turtle_brick/arena.py:27:1: F401 'visualization_msgs.msg.MarkerArray' imported but unused
[0.990s] from visualization_msgs.msg import MarkerArray
[0.990s] ^
[0.990s] 
[0.991s] ./turtle_brick/arena.py:28:1: F401 'math' imported but unused
[0.991s] import math
[0.991s] ^
[0.991s] 
[0.991s] ./turtle_brick/arena.py:30:1: E265 block comment should start with '# '
[0.991s] #from .quaternion import angle_axis_to_quaternion
[0.991s] ^
[0.991s] 
[0.991s] ./turtle_brick/arena.py:33:1: E302 expected 2 blank lines, found 1
[0.991s] class BState(Enum):
[0.991s] ^
[0.991s] 
[0.991s] ./turtle_brick/arena.py:40:1: E302 expected 2 blank lines, found 1
[0.991s] class Arena(Node):
[0.991s] ^
[0.992s] 
[0.992s] ./turtle_brick/arena.py:46:9: E265 block comment should start with '# '
[0.992s]         #params
[0.992s]         ^
[0.992s] 
[0.992s] ./turtle_brick/arena.py:47:33: W291 trailing whitespace
[0.992s]         self.declare_parameters( 
[0.992s]                                 ^
[0.992s] 
[0.992s] ./turtle_brick/arena.py:52:32: E231 missing whitespace after ','
[0.992s]                 ('max_velocity',3.0),
[0.992s]                                ^
[0.992s] 
[0.992s] ./turtle_brick/arena.py:53:27: E231 missing whitespace after ','
[0.992s]                 ('gravity',9.8)
[0.992s]                           ^
[0.993s] 
[0.993s] ./turtle_brick/arena.py:60:9: E265 block comment should start with '# '
[0.993s]         #setting state of brick
[0.993s]         ^
[0.993s] 
[0.993s] ./turtle_brick/arena.py:67:9: E265 block comment should start with '# '
[0.993s]         #set up subscribers
[0.993s]         ^
[0.993s] 
[0.993s] ./turtle_brick/arena.py:68:55: E231 missing whitespace after ','
[0.993s]         self.land_spot = self.create_subscription(Pose,'/land',self.land_callback,10)
[0.993s]                                                       ^
[0.993s] 
[0.993s] ./turtle_brick/arena.py:68:63: E231 missing whitespace after ','
[0.993s]         self.land_spot = self.create_subscription(Pose,'/land',self.land_callback,10)
[0.993s]                                                               ^
[0.994s] 
[0.994s] ./turtle_brick/arena.py:68:82: E231 missing whitespace after ','
[0.994s]         self.land_spot = self.create_subscription(Pose,'/land',self.land_callback,10)
[0.994s]                                                                                  ^
[0.994s] 
[0.994s] ./turtle_brick/arena.py:69:54: E231 missing whitespace after ','
[0.994s]         self.tilt_sub = self.create_subscription(Tilt,'tilt',self.tilt_callback,10)
[0.994s]                                                      ^
[0.994s] 
[0.994s] ./turtle_brick/arena.py:69:61: E231 missing whitespace after ','
[0.994s]         self.tilt_sub = self.create_subscription(Tilt,'tilt',self.tilt_callback,10)
[0.994s]                                                             ^
[0.994s] 
[0.994s] ./turtle_brick/arena.py:69:80: E231 missing whitespace after ','
[0.994s]         self.tilt_sub = self.create_subscription(Tilt,'tilt',self.tilt_callback,10)
[0.995s]                                                                                ^
[0.995s] 
[0.995s] ./turtle_brick/arena.py:77:1: W293 blank line contains whitespace
[0.995s]         
[0.995s] ^
[0.995s] 
[0.995s] ./turtle_brick/arena.py:78:9: E265 block comment should start with '# '
[0.995s]         #initialize services
[0.995s]         ^
[0.996s] 
[0.996s] ./turtle_brick/arena.py:79:47: E231 missing whitespace after ','
[0.996s]         self.place = self.create_service(Place,"place",self.place_callback)
[0.996s]                                               ^
[0.996s] 
[0.996s] ./turtle_brick/arena.py:79:55: E231 missing whitespace after ','
[0.996s]         self.place = self.create_service(Place,"place",self.place_callback)
[0.996s]                                                       ^
[0.997s] 
[0.997s] ./turtle_brick/arena.py:80:46: E231 missing whitespace after ','
[0.997s]         self.drop = self.create_service(Empty,"drop",self.drop_callback)
[0.997s]                                              ^
[0.997s] 
[0.997s] ./turtle_brick/arena.py:80:53: E231 missing whitespace after ','
[0.997s]         self.drop = self.create_service(Empty,"drop",self.drop_callback)
[0.997s]                                                     ^
[0.997s] 
[0.997s] ./turtle_brick/arena.py:83:55: E231 missing whitespace after ','
[0.997s]         self.marker_pub = self.create_publisher(Marker,'marker',10)
[0.997s]                                                       ^
[0.998s] 
[0.998s] ./turtle_brick/arena.py:83:64: E231 missing whitespace after ','
[0.998s]         self.marker_pub = self.create_publisher(Marker,'marker',10)
[0.998s]                                                                ^
[0.998s] 
[0.998s] ./turtle_brick/arena.py:90:9: F841 local variable 'count' is assigned to but never used
[0.998s]         count = 0
[0.998s]         ^
[0.998s] 
[0.998s] ./turtle_brick/arena.py:93:9: E265 block comment should start with '# '
[0.998s]         #creating brick marker
[0.998s]         ^
[0.998s] 
[0.998s] ./turtle_brick/arena.py:110:9: E265 block comment should start with '# '
[0.998s]         #creating wall markers
[0.999s]         ^
[0.999s] 
[0.999s] ./turtle_brick/arena.py:196:9: E303 too many blank lines (2)
[0.999s]         #initializing brick variables
[0.999s]         ^
[0.999s] 
[0.999s] ./turtle_brick/arena.py:196:9: E265 block comment should start with '# '
[0.999s]         #initializing brick variables
[0.999s]         ^
[0.999s] 
[0.999s] ./turtle_brick/arena.py:199:26: W291 trailing whitespace
[0.999s]         self.brickz = 0.0 
[0.999s]                          ^
[0.999s] 
[0.999s] ./turtle_brick/arena.py:208:44: E231 missing whitespace after ','
[0.999s]         self.wall = self.create_timer(0.001,self.wall_callback)
[1.000s]                                            ^
[1.000s] 
[1.000s] ./turtle_brick/arena.py:210:37: E231 missing whitespace after ','
[1.000s]     def place_callback(self, request,response):
[1.000s]                                     ^
[1.000s] 
[1.000s] ./turtle_brick/arena.py:217:1: W293 blank line contains whitespace
[1.000s]         
[1.000s] ^
[1.000s] 
[1.000s] ./turtle_brick/arena.py:222:27: E231 missing whitespace after ','
[1.000s]     def tilt_callback(self,msg):
[1.001s]                           ^
[1.001s] 
[1.001s] ./turtle_brick/arena.py:226:36: E231 missing whitespace after ','
[1.001s]     def drop_callback(self, request,response):
[1.001s]                                    ^
[1.001s] 
[1.001s] ./turtle_brick/arena.py:230:27: E231 missing whitespace after ','
[1.001s]     def land_callback(self,msg):
[1.001s]                           ^
[1.001s] 
[1.001s] ./turtle_brick/arena.py:231:100: E501 line too long (117 > 99 characters)
[1.001s]         self.get_logger().info('message recieved: "%s" "%s" "%s"' % (msg.position.x, msg.position.y, msg.position.z))
[1.001s]                                                                                                    ^
[1.001s] 
[1.002s] ./turtle_brick/arena.py:237:9: E265 block comment should start with '# '
[1.002s]         #publishing wall markers
[1.002s]         ^
[1.002s] 
[1.002s] ./turtle_brick/arena.py:244:5: E303 too many blank lines (2)
[1.002s]     def timer_callback(self):
[1.002s]     ^
[1.002s] 
[1.002s] ./turtle_brick/arena.py:245:9: E265 block comment should start with '# '
[1.002s]         #creating the brick marker
[1.002s]         ^
[1.002s] 
[1.002s] ./turtle_brick/arena.py:247:1: W293 blank line contains whitespace
[1.002s]         
[1.003s] ^
[1.003s] 
[1.003s] ./turtle_brick/arena.py:248:9: E265 block comment should start with '# '
[1.003s]         #update transform
[1.003s]         ^
[1.003s] 
[1.003s] ./turtle_brick/arena.py:250:63: W291 trailing whitespace
[1.003s]         self.world_brick.transform.translation.y = self.bricky 
[1.003s]                                                               ^
[1.003s] 
[1.003s] ./turtle_brick/arena.py:251:1: W293 blank line contains whitespace
[1.004s]         
[1.004s] ^
[1.004s] 
[1.004s] ./turtle_brick/arena.py:252:9: E265 block comment should start with '# '
[1.004s]         #updating brick frame 
[1.004s]         ^
[1.004s] 
[1.004s] ./turtle_brick/arena.py:252:30: W291 trailing whitespace
[1.004s]         #updating brick frame 
[1.004s]                              ^
[1.004s] 
[1.004s] ./turtle_brick/arena.py:255:67: E225 missing whitespace around operator
[1.004s]             self.brick_marker.pose.position.z = self.brickzplace +0.1
[1.004s]                                                                   ^
[1.004s] 
[1.004s] ./turtle_brick/arena.py:258:62: E225 missing whitespace around operator
[1.005s]             self.brick_marker.pose.position.z = self.brickz +0.1
[1.005s]                                                              ^
[1.005s] 
[1.005s] ./turtle_brick/arena.py:259:42: E225 missing whitespace around operator
[1.005s]             self.seconds = self.seconds +0.004
[1.005s]                                          ^
[1.005s] 
[1.005s] ./turtle_brick/arena.py:260:65: E261 at least two spaces before inline comment
[1.005s]             self.brickz = self.brickz-0.5*self.g*self.seconds**2 #has to grab gravity this from yaml
[1.005s]                                                                 ^
[1.005s] 
[1.005s] ./turtle_brick/arena.py:260:66: E262 inline comment should start with '# '
[1.005s]             self.brickz = self.brickz-0.5*self.g*self.seconds**2 #has to grab gravity this from yaml
[1.005s]                                                                  ^
[1.005s] 
[1.005s] ./turtle_brick/arena.py:260:100: E501 line too long (100 > 99 characters)
[1.006s]             self.brickz = self.brickz-0.5*self.g*self.seconds**2 #has to grab gravity this from yaml
[1.006s]                                                                                                    ^
[1.006s] 
[1.006s] ./turtle_brick/arena.py:261:44: E261 at least two spaces before inline comment
[1.006s]             if self.brickz <= self.landing: #change the 0 to height of platform or 
[1.006s]                                            ^
[1.006s] 
[1.006s] ./turtle_brick/arena.py:261:45: E262 inline comment should start with '# '
[1.006s]             if self.brickz <= self.landing: #change the 0 to height of platform or 
[1.006s]                                             ^
[1.006s] 
[1.006s] ./turtle_brick/arena.py:261:83: W291 trailing whitespace
[1.006s]             if self.brickz <= self.landing: #change the 0 to height of platform or 
[1.006s]                                                                                   ^
[1.007s] 
[1.007s] ./turtle_brick/arena.py:262:43: W291 trailing whitespace
[1.007s]                 self.brickz = self.landing 
[1.007s]                                           ^
[1.007s] 
[1.007s] ./turtle_brick/arena.py:272:1: W293 blank line contains whitespace
[1.007s]                 
[1.007s] ^
[1.007s] 
[1.007s] ./turtle_brick/arena.py:274:9: E303 too many blank lines (2)
[1.007s]         time = self.get_clock().now().to_msg()
[1.007s]         ^
[1.007s] 
[1.007s] ./turtle_brick/arena.py:277:1: W293 blank line contains whitespace
[1.007s]         
[1.007s] ^
[1.008s] 
[1.008s] ./turtle_brick/arena.py:278:9: E303 too many blank lines (2)
[1.008s]         self.broadcaster.sendTransform(self.world_brick)
[1.008s]         ^
[1.008s] 
[1.008s] ./turtle_brick/arena.py:283:9: E225 missing whitespace around operator
[1.008s]     node= Arena()
[1.008s]         ^
[1.008s] 
[1.008s] ./turtle_brick/arena.py:285:19: W291 trailing whitespace
[1.009s]     rclpy.shutdown 
[1.009s]                   ^
[1.009s] 
[1.009s] ./turtle_brick/arena.py:286:1: W391 blank line at end of file
[1.009s] 
[1.009s] ^
[1.009s] 
[1.009s] ./turtle_brick/turtle_robot.py:5:1: F401 'tokenize.Double' imported but unused
[1.009s] from tokenize import Double, String
[1.009s] ^
[1.009s] 
[1.009s] ./turtle_brick/turtle_robot.py:5:1: F401 'tokenize.String' imported but unused
[1.009s] from tokenize import Double, String
[1.009s] ^
[1.010s] 
[1.010s] ./turtle_brick/turtle_robot.py:12:34: W291 trailing whitespace
[1.010s] from nav_msgs.msg import Odometry 
[1.010s]                                  ^
[1.010s] 
[1.010s] ./turtle_brick/turtle_robot.py:13:1: F401 'geometry_msgs.msg.Vector3' imported but unused
[1.010s] from geometry_msgs.msg import Twist, Vector3, TransformStamped, PoseStamped, Pose
[1.010s] ^
[1.010s] 
[1.010s] ./turtle_brick/turtle_robot.py:14:1: F401 'visualization_msgs.msg.Marker' imported but unused
[1.010s] from visualization_msgs.msg import Marker 
[1.011s] ^
[1.011s] 
[1.011s] ./turtle_brick/turtle_robot.py:14:42: W291 trailing whitespace
[1.011s] from visualization_msgs.msg import Marker 
[1.011s]                                          ^
[1.011s] 
[1.011s] ./turtle_brick/turtle_robot.py:15:45: W291 trailing whitespace
[1.011s] from turtle_brick_interfaces.msg import Tilt 
[1.011s]                                             ^
[1.011s] 
[1.011s] ./turtle_brick/turtle_robot.py:16:12: W291 trailing whitespace
[1.011s] import math 
[1.012s]            ^
[1.012s] 
[1.012s] ./turtle_brick/turtle_robot.py:17:1: E265 block comment should start with '# '
[1.012s] #from .quaternion import angle_axis_to_quaternion
[1.012s] ^
[1.012s] 
[1.012s] ./turtle_brick/turtle_robot.py:19:1: E302 expected 2 blank lines, found 1
[1.012s] class Turtle_robot(Node):
[1.013s] ^
[1.013s] 
[1.013s] ./turtle_brick/turtle_robot.py:24:9: E265 block comment should start with '# '
[1.013s]         #params
[1.013s]         ^
[1.013s] 
[1.013s] ./turtle_brick/turtle_robot.py:25:33: W291 trailing whitespace
[1.013s]         self.declare_parameters( 
[1.014s]                                 ^
[1.014s] 
[1.014s] ./turtle_brick/turtle_robot.py:30:32: E231 missing whitespace after ','
[1.014s]                 ('max_velocity',3.0),
[1.014s]                                ^
[1.014s] 
[1.014s] ./turtle_brick/turtle_robot.py:31:27: E231 missing whitespace after ','
[1.014s]                 ('gravity',9.8)
[1.014s]                           ^
[1.014s] 
[1.014s] ./turtle_brick/turtle_robot.py:41:65: E231 missing whitespace after ','
[1.015s]         self.joint_publisher_ = self.create_publisher(JointState,'/joint_states',qos_profile)
[1.015s]                                                                 ^
[1.015s] 
[1.015s] ./turtle_brick/turtle_robot.py:41:81: E231 missing whitespace after ','
[1.015s]         self.joint_publisher_ = self.create_publisher(JointState,'/joint_states',qos_profile)
[1.015s]                                                                                 ^
[1.015s] 
[1.015s] ./turtle_brick/turtle_robot.py:42:55: E231 missing whitespace after ','
[1.015s]         self.odom_pub = self.create_publisher(Odometry,'/odom',10)
[1.015s]                                                       ^
[1.015s] 
[1.015s] ./turtle_brick/turtle_robot.py:42:63: E231 missing whitespace after ','
[1.016s]         self.odom_pub = self.create_publisher(Odometry,'/odom',10)
[1.016s]                                                               ^
[1.016s] 
[1.016s] ./turtle_brick/turtle_robot.py:43:51: E231 missing whitespace after ','
[1.016s]         self.vel_pub = self.create_publisher(Twist,'/cmd_vel',10)
[1.016s]                                                   ^
[1.016s] 
[1.016s] ./turtle_brick/turtle_robot.py:43:62: E231 missing whitespace after ','
[1.016s]         self.vel_pub = self.create_publisher(Twist,'/cmd_vel',10)
[1.016s]                                                              ^
[1.016s] 
[1.016s] ./turtle_brick/turtle_robot.py:44:52: E231 missing whitespace after ','
[1.017s]         self.robot_pub = self.create_publisher(Pose,'/robot',10)
[1.017s]                                                    ^
[1.017s] 
[1.017s] ./turtle_brick/turtle_robot.py:44:61: E231 missing whitespace after ','
[1.017s]         self.robot_pub = self.create_publisher(Pose,'/robot',10)
[1.017s]                                                             ^
[1.017s] 
[1.017s] ./turtle_brick/turtle_robot.py:46:61: E231 missing whitespace after ','
[1.017s]         self.goal_sub = self.create_subscription(PoseStamped,'/goal_pose',self.pose_callback,10)
[1.017s]                                                             ^
[1.017s] 
[1.017s] ./turtle_brick/turtle_robot.py:46:74: E231 missing whitespace after ','
[1.017s]         self.goal_sub = self.create_subscription(PoseStamped,'/goal_pose',self.pose_callback,10)
[1.017s]                                                                          ^
[1.017s] 
[1.018s] ./turtle_brick/turtle_robot.py:46:93: E231 missing whitespace after ','
[1.018s]         self.goal_sub = self.create_subscription(PoseStamped,'/goal_pose',self.pose_callback,10)
[1.018s]                                                                                             ^
[1.018s] 
[1.018s] ./turtle_brick/turtle_robot.py:47:54: E231 missing whitespace after ','
[1.018s]         self.tilt_sub = self.create_subscription(Tilt,'tilt',self.tilt_callback,10)
[1.018s]                                                      ^
[1.018s] 
[1.018s] ./turtle_brick/turtle_robot.py:47:61: E231 missing whitespace after ','
[1.018s]         self.tilt_sub = self.create_subscription(Tilt,'tilt',self.tilt_callback,10)
[1.018s]                                                             ^
[1.018s] 
[1.018s] ./turtle_brick/turtle_robot.py:47:80: E231 missing whitespace after ','
[1.019s]         self.tilt_sub = self.create_subscription(Tilt,'tilt',self.tilt_callback,10)
[1.019s]                                                                                ^
[1.019s] 
[1.019s] ./turtle_brick/turtle_robot.py:49:53: W291 trailing whitespace
[1.019s]         # Static broadcasters publish on /tf_static.        
[1.019s]                                                     ^
[1.019s] 
[1.019s] ./turtle_brick/turtle_robot.py:53:1: W293 blank line contains whitespace
[1.019s]         
[1.019s] ^
[1.019s] 
[1.019s] ./turtle_brick/turtle_robot.py:62:9: E265 block comment should start with '# '
[1.019s]         #positions 
[1.019s]         ^
[1.019s] 
[1.019s] ./turtle_brick/turtle_robot.py:62:19: W291 trailing whitespace
[1.020s]         #positions 
[1.020s]                   ^
[1.020s] 
[1.020s] ./turtle_brick/turtle_robot.py:63:28: W291 trailing whitespace
[1.020s]         self.currentx = 0.0 
[1.020s]                            ^
[1.020s] 
[1.020s] ./turtle_brick/turtle_robot.py:82:9: E265 block comment should start with '# '
[1.020s]         #joint state publisher
[1.020s]         ^
[1.020s] 
[1.020s] ./turtle_brick/turtle_robot.py:88:23: E225 missing whitespace around operator
[1.020s]         self.tilt_angf= 0.0
[1.021s]                       ^
[1.021s] 
[1.021s] ./turtle_brick/turtle_robot.py:95:9: E265 block comment should start with '# '
[1.021s]         #cmd_vel publisher
[1.021s]         ^
[1.021s] 
[1.021s] ./turtle_brick/turtle_robot.py:98:9: E265 block comment should start with '# '
[1.021s]         #create pose publisher
[1.021s]         ^
[1.021s] 
[1.021s] ./turtle_brick/turtle_robot.py:105:1: W293 blank line contains whitespace
[1.021s]     
[1.021s] ^
[1.021s] 
[1.022s] ./turtle_brick/turtle_robot.py:106:27: E231 missing whitespace after ','
[1.022s]     def pose_callback(self,msg):
[1.022s]                           ^
[1.022s] 
[1.022s] ./turtle_brick/turtle_robot.py:107:83: E231 missing whitespace after ','
[1.022s]         self.get_logger().info('message recieved: %f %f %f' % (msg.pose.position.x,msg.pose.position.y,msg.pose.orientation.z) )
[1.022s]                                                                                   ^
[1.022s] 
[1.022s] ./turtle_brick/turtle_robot.py:107:100: E501 line too long (128 > 99 characters)
[1.022s]         self.get_logger().info('message recieved: %f %f %f' % (msg.pose.position.x,msg.pose.position.y,msg.pose.orientation.z) )
[1.022s]                                                                                                    ^
[1.022s] 
[1.022s] ./turtle_brick/turtle_robot.py:107:103: E231 missing whitespace after ','
[1.023s]         self.get_logger().info('message recieved: %f %f %f' % (msg.pose.position.x,msg.pose.position.y,msg.pose.orientation.z) )
[1.023s]                                                                                                       ^
[1.023s] 
[1.023s] ./turtle_brick/turtle_robot.py:107:127: E202 whitespace before ')'
[1.023s]         self.get_logger().info('message recieved: %f %f %f' % (msg.pose.position.x,msg.pose.position.y,msg.pose.orientation.z) )
[1.023s]                                                                                                                               ^
[1.023s] 
[1.023s] ./turtle_brick/turtle_robot.py:119:27: E231 missing whitespace after ','
[1.023s]     def tilt_callback(self,msg):
[1.023s]                           ^
[1.023s] 
[1.023s] ./turtle_brick/turtle_robot.py:125:1: W293 blank line contains whitespace
[1.023s]         
[1.023s] ^
[1.023s] 
[1.024s] ./turtle_brick/turtle_robot.py:126:9: E265 block comment should start with '# '
[1.024s]         #update odom
[1.024s]         ^
[1.024s] 
[1.024s] ./turtle_brick/turtle_robot.py:136:1: W293 blank line contains whitespace
[1.024s]         
[1.024s] ^
[1.024s] 
[1.024s] ./turtle_brick/turtle_robot.py:137:9: E265 block comment should start with '# '
[1.024s]         #updating joint states
[1.024s]         ^
[1.024s] 
[1.024s] ./turtle_brick/turtle_robot.py:139:46: E231 missing whitespace after ','
[1.024s]         self.joint_state.name = ['stem_wheel','base_stem','link_platform1']
[1.024s]                                              ^
[1.024s] 
[1.025s] ./turtle_brick/turtle_robot.py:139:58: E231 missing whitespace after ','
[1.025s]         self.joint_state.name = ['stem_wheel','base_stem','link_platform1']
[1.025s]                                                          ^
[1.025s] 
[1.025s] ./turtle_brick/turtle_robot.py:141:9: E265 block comment should start with '# '
[1.025s]         #update twist
[1.025s]         ^
[1.025s] 
[1.025s] ./turtle_brick/turtle_robot.py:148:1: W293 blank line contains whitespace
[1.025s]         
[1.025s] ^
[1.025s] 
[1.025s] ./turtle_brick/turtle_robot.py:149:9: E265 block comment should start with '# '
[1.025s]         #update robot pose
[1.025s]         ^
[1.025s] 
[1.026s] ./turtle_brick/turtle_robot.py:150:34: E225 missing whitespace around operator
[1.026s]         self.robo_pose.position.x=self.currentx
[1.026s]                                  ^
[1.026s] 
[1.026s] ./turtle_brick/turtle_robot.py:151:34: E225 missing whitespace around operator
[1.026s]         self.robo_pose.position.y=self.currenty
[1.026s]                                  ^
[1.026s] 
[1.026s] ./turtle_brick/turtle_robot.py:152:34: E225 missing whitespace around operator
[1.026s]         self.robo_pose.position.z=self.height
[1.026s]                                  ^
[1.026s] 
[1.026s] ./turtle_brick/turtle_robot.py:154:9: E265 block comment should start with '# '
[1.026s]         #update transforms
[1.026s]         ^
[1.027s] 
[1.027s] ./turtle_brick/turtle_robot.py:155:68: W291 trailing whitespace
[1.027s]         self.odom_base_link.transform.translation.x = self.currentx 
[1.027s]                                                                    ^
[1.027s] 
[1.027s] ./turtle_brick/turtle_robot.py:156:68: W291 trailing whitespace
[1.027s]         self.odom_base_link.transform.translation.y = self.currenty 
[1.027s]                                                                    ^
[1.027s] 
[1.028s] ./turtle_brick/turtle_robot.py:157:48: W291 trailing whitespace
[1.028s]         self.odom_base_link.header.stamp = time 
[1.028s]                                                ^
[1.028s] 
[1.028s] ./turtle_brick/turtle_robot.py:159:9: E265 block comment should start with '# '
[1.028s]         #broadcasting and publishing
[1.028s]         ^
[1.028s] 
[1.028s] ./turtle_brick/turtle_robot.py:160:56: W291 trailing whitespace
[1.028s]         self.joint_publisher_.publish(self.joint_state) 
[1.028s]                                                        ^
[1.028s] 
[1.028s] ./turtle_brick/turtle_robot.py:165:9: E265 block comment should start with '# '
[1.029s]         #moving the robot to goal pose
[1.029s]         ^
[1.029s] 
[1.029s] ./turtle_brick/turtle_robot.py:184:9: E265 block comment should start with '# '
[1.029s]         #tilt if tilt is called
[1.029s]         ^
[1.029s] 
[1.029s] ./turtle_brick/turtle_robot.py:185:48: E225 missing whitespace around operator
[1.029s]         if abs(self.tilt_ang-self.tilt_angf) >=0.01:       
[1.029s]                                                ^
[1.029s] 
[1.029s] ./turtle_brick/turtle_robot.py:185:53: W291 trailing whitespace
[1.029s]         if abs(self.tilt_ang-self.tilt_angf) >=0.01:       
[1.029s]                                                     ^
[1.029s] 
[1.029s] ./turtle_brick/turtle_robot.py:187:30: E225 missing whitespace around operator
[1.030s]                 self.tilt_ang-=0.005
[1.030s]                              ^
[1.030s] 
[1.030s] ./turtle_brick/turtle_robot.py:189:30: E225 missing whitespace around operator
[1.030s]                 self.tilt_ang+=0.005
[1.030s]                              ^
[1.030s] 
[1.030s] ./turtle_brick/turtle_robot.py:191:1: W293 blank line contains whitespace
[1.030s]         
[1.030s] ^
[1.030s] 
[1.030s] ./turtle_brick/turtle_robot.py:192:1: W293 blank line contains whitespace
[1.031s]         
[1.031s] ^
[1.031s] 
[1.031s] ./turtle_brick/turtle_robot.py:194:1: E303 too many blank lines (4)
[1.031s] def main(args=None):
[1.031s] ^
[1.031s] 
[1.031s] ./turtle_brick/turtle_robot.py:196:16: E225 missing whitespace around operator
[1.031s]     turtleRobot= Turtle_robot()
[1.031s]                ^
[1.031s] 
[1.031s] ./turtle_brick/turtle_robot.py:198:19: W291 trailing whitespace
[1.031s]     rclpy.shutdown 
[1.032s]                   ^
[1.032s] 
[1.032s] ./turtle_brick/turtle_robot.py:200:1: W391 blank line at end of file
[1.032s] 
[1.032s] ^
[1.032s] 
[1.032s] ./turtle_brick/catcher.py:15:1: F401 'cmath.sqrt' imported but unused
[1.032s] from cmath import sqrt
[1.032s] ^
[1.032s] 
[1.032s] ./turtle_brick/catcher.py:18:1: F401 'tf2_ros.static_transform_broadcaster.StaticTransformBroadcaster' imported but unused
[1.032s] from tf2_ros.static_transform_broadcaster import StaticTransformBroadcaster
[1.032s] ^
[1.033s] 
[1.033s] ./turtle_brick/catcher.py:19:1: F401 'tf2_ros.TransformBroadcaster' imported but unused
[1.033s] from tf2_ros import TransformBroadcaster
[1.033s] ^
[1.033s] 
[1.033s] ./turtle_brick/catcher.py:20:1: F401 'geometry_msgs.msg.TransformStamped' imported but unused
[1.033s] from geometry_msgs.msg import TransformStamped, Pose, PoseStamped
[1.033s] ^
[1.033s] 
[1.033s] ./turtle_brick/catcher.py:20:1: F401 'geometry_msgs.msg.Pose' imported but unused
[1.033s] from geometry_msgs.msg import TransformStamped, Pose, PoseStamped
[1.033s] ^
[1.033s] 
[1.033s] ./turtle_brick/catcher.py:20:1: F401 'geometry_msgs.msg.PoseStamped' imported but unused
[1.033s] from geometry_msgs.msg import TransformStamped, Pose, PoseStamped
[1.033s] ^
[1.034s] 
[1.034s] ./turtle_brick/catcher.py:21:1: F401 'turtle_brick_interfaces.srv.Place' imported but unused
[1.034s] from turtle_brick_interfaces.srv import Place, Drop
[1.034s] ^
[1.034s] 
[1.034s] ./turtle_brick/catcher.py:21:1: F401 'turtle_brick_interfaces.srv.Drop' imported but unused
[1.034s] from turtle_brick_interfaces.srv import Place, Drop
[1.034s] ^
[1.034s] 
[1.034s] ./turtle_brick/catcher.py:22:1: F401 'math' imported but unused
[1.034s] import math 
[1.034s] ^
[1.034s] 
[1.035s] ./turtle_brick/catcher.py:22:12: W291 trailing whitespace
[1.035s] import math 
[1.035s]            ^
[1.035s] 
[1.035s] ./turtle_brick/catcher.py:23:1: F401 '.quaternion.angle_axis_to_quaternion' imported but unused
[1.035s] from .quaternion import angle_axis_to_quaternion
[1.035s] ^
[1.035s] 
[1.036s] ./turtle_brick/catcher.py:26:1: E302 expected 2 blank lines, found 1
[1.036s] class State(Enum):
[1.036s] ^
[1.036s] 
[1.036s] ./turtle_brick/catcher.py:33:1: E302 expected 2 blank lines, found 1
[1.036s] class Catcher(Node):
[1.036s] ^
[1.036s] 
[1.036s] ./turtle_brick/catcher.py:45:9: E265 block comment should start with '# '
[1.037s]         #params
[1.037s]         ^
[1.037s] 
[1.037s] ./turtle_brick/catcher.py:46:33: W291 trailing whitespace
[1.037s]         self.declare_parameters( 
[1.037s]                                 ^
[1.037s] 
[1.037s] ./turtle_brick/catcher.py:51:32: E231 missing whitespace after ','
[1.038s]                 ('max_velocity',3.0),
[1.038s]                                ^
[1.038s] 
[1.038s] ./turtle_brick/catcher.py:52:27: E231 missing whitespace after ','
[1.038s]                 ('gravity',9.8)
[1.038s]                           ^
[1.038s] 
[1.038s] ./turtle_brick/catcher.py:87:1: W293 blank line contains whitespace
[1.039s]     
[1.039s] ^
[1.039s] 
[1.039s] ./turtle_brick/catcher.py:88:5: E303 too many blank lines (2)
[1.039s]     # def robot_callback(self,msg):
[1.039s]     ^
[1.039s] 
[1.039s] ./turtle_brick/catcher.py:89:100: E501 line too long (103 > 99 characters)
[1.040s]     #     self.get_logger().info('message recieved: "%s" "%s" "%s"' % (msg.position.x, msg.position.y))
[1.040s]                                                                                                    ^
[1.040s] 
[1.040s] ./turtle_brick/catcher.py:94:44: W291 trailing whitespace
[1.040s]     # #place callback grabs x,y,z placement 
[1.040s]                                            ^
[1.040s] 
[1.040s] ./turtle_brick/catcher.py:95:100: E501 line too long (107 > 99 characters)
[1.041s]     #     #calc time takes robot to move to x,y position from current position in max velocity speed (0.22)
[1.041s]                                                                                                    ^
[1.041s] 
[1.041s] ./turtle_brick/catcher.py:97:100: E501 line too long (106 > 99 characters)
[1.041s]     #     #if time robot < time fall --> CATCH --> pose pose to tutle robot is published to pose for arena 
[1.041s]                                                                                                    ^
[1.041s] 
[1.041s] ./turtle_brick/catcher.py:97:107: W291 trailing whitespace
[1.042s]     #     #if time robot < time fall --> CATCH --> pose pose to tutle robot is published to pose for arena 
[1.042s]                                                                                                           ^
[1.042s] 
[1.042s] ./turtle_brick/catcher.py:98:100: E501 line too long (101 > 99 characters)
[1.042s]     #     #if time robot > time fall --> FAIL --> publish to pose arena 0 for height and x y of place 
[1.042s]                                                                                                    ^
[1.042s] 
[1.042s] [33m=============================== warnings summary ===============================[0m
[1.043s] test/test_flake8.py::test_flake8
[1.043s] test/test_flake8.py::test_flake8
[1.043s]   Warning: SelectableGroups dict interface is deprecated. Use select.
[1.043s] 
[1.043s] -- Docs: https://docs.pytest.org/en/stable/warnings.html
[1.043s] ./turtle_brick/catcher.py:98:102: W291 trailing whitespace
[1.043s]     #     #if time robot > time fall --> FAIL --> publish to pose arena 0 for height and x y of place 
[1.043s]                                                                                                      ^
[1.043s] 
[1.044s] ./turtle_brick/catcher.py:99:21: W291 trailing whitespace
[1.044s]     # #drop callback 
[1.044s]                     ^
[1.044s] 
[1.044s] ./turtle_brick/catcher.py:110:100: E501 line too long (114 > 99 characters)
[1.044s]     #         #calc time takes robot to move to x,y position from current position in max velocity speed (3.0 m/s)
[1.044s]                                                                                                    ^
[1.044s] 
[1.045s] ./turtle_brick/catcher.py:111:100: E501 line too long (121 > 99 characters)
[1.045s]     #         self.timerobo = math.sqrt((self.brick.x-self.platformx+0.35)**2+(self.brick.y-self.platformy)**2)/self.vmax
[1.045s]                                                                                                    ^
[1.045s] 
[1.045s] ./turtle_brick/catcher.py:128:100: E501 line too long (113 > 99 characters)
[1.045s]     #                 if abs(self.goal_pos.pose.position.x)<= 0.05 and abs(self.goal_pos.pose.position.y)<= 0.05:
[1.045s]                                                                                                    ^
[1.045s] 
[1.046s] ./turtle_brick/catcher.py:133:42: W291 trailing whitespace
[1.046s]     #                         #wait 2 sec 
[1.046s]                                          ^
[1.046s] 
[1.046s] ./turtle_brick/catcher.py:134:48: W291 trailing whitespace
[1.046s]     #                         #tilt.angle = 0.0 
[1.046s]                                                ^
[1.046s] 
[1.046s] ./turtle_brick/catcher.py:144:5: E303 too many blank lines (2)
[1.047s]     #     self.brick_land_pub.publish(self.brick_pose) 
[1.047s]     ^
[1.047s] 
[1.047s] ./turtle_brick/catcher.py:144:55: W291 trailing whitespace
[1.047s]     #     self.brick_land_pub.publish(self.brick_pose) 
[1.047s]                                                       ^
[1.047s] 
[1.047s] ./turtle_brick/catcher.py:152:21: W292 no newline at end of file
[1.048s]     rclpy.shutdown()                    ^
[1.048s] 
[1.048s] ./launch/show_turtle.launch.py:1:1: F401 'ament_index_python.packages.get_package_share_path' imported but unused
[1.048s] from ament_index_python.packages import get_package_share_path,get_package_share_directory
[1.048s] ^
[1.048s] 
[1.049s] ./launch/show_turtle.launch.py:1:63: E231 missing whitespace after ','
[1.049s] from ament_index_python.packages import get_package_share_path,get_package_share_directory
[1.049s]                                                               ^
[1.049s] 
[1.049s] ./launch/show_turtle.launch.py:5:1: F401 'launch.conditions.UnlessCondition' imported but unused
[1.049s] from launch.conditions import IfCondition, UnlessCondition
[1.049s] ^
[1.049s] 
[1.050s] ./launch/show_turtle.launch.py:11:1: E302 expected 2 blank lines, found 1
[1.050s] def generate_launch_description():
[1.050s] ^
[1.050s] 
[1.050s] ./launch/show_turtle.launch.py:12:22: E225 missing whitespace around operator
[1.050s]     turtle_brick_path= 'src/turtle_brick'
[1.050s]                      ^
[1.050s] 
[1.050s] ./launch/show_turtle.launch.py:14:51: E225 missing whitespace around operator
[1.051s]     default_rviz_config_path = turtle_brick_path +'/config/turtle_urdf.rviz'
[1.051s]                                                   ^
[1.052s] 
[1.052s] ./launch/show_turtle.launch.py:15:1: W293 blank line contains whitespace
[1.052s]     
[1.052s] ^
[1.052s] 
[1.052s] ./launch/show_turtle.launch.py:16:5: F841 local variable 'use_sim_time' is assigned to but never used
[1.052s]     use_sim_time = LaunchConfiguration('use_sim_time', default='false')
[1.052s]     ^
[1.052s] 
[1.052s] ./launch/show_turtle.launch.py:18:100: E501 line too long (115 > 99 characters)
[1.052s]     use_jsp_arg = DeclareLaunchArgument(name='use_jsp', default_value='"gui"', choices=['"gui"', '"jsp"','"none"'],
[1.052s]                                                                                                    ^
[1.053s] 
[1.053s] ./launch/show_turtle.launch.py:18:105: E231 missing whitespace after ','
[1.053s]     use_jsp_arg = DeclareLaunchArgument(name='use_jsp', default_value='"gui"', choices=['"gui"', '"jsp"','"none"'],
[1.053s]                                                                                                         ^
[1.053s] 
[1.053s] ./launch/show_turtle.launch.py:19:37: E128 continuation line under-indented for visual indent
[1.053s]                                     description='Flag to enable joint_state_publisher_gui')#change
[1.053s]                                     ^
[1.053s] 
[1.053s] ./launch/show_turtle.launch.py:19:92: E261 at least two spaces before inline comment
[1.053s]                                     description='Flag to enable joint_state_publisher_gui')#change
[1.053s]                                                                                            ^
[1.053s] 
[1.054s] ./launch/show_turtle.launch.py:19:92: E262 inline comment should start with '# '
[1.054s]                                     description='Flag to enable joint_state_publisher_gui')#change
[1.054s]                                                                                            ^
[1.054s] 
[1.054s] ./launch/show_turtle.launch.py:22:100: E501 line too long (100 > 99 characters)
[1.054s]     rviz_arg = DeclareLaunchArgument(name='rvizconfig', default_value=str(default_rviz_config_path),
[1.054s]                                                                                                    ^
[1.054s] 
[1.054s] ./launch/show_turtle.launch.py:36:89: E231 missing whitespace after ','
[1.054s]         parameters=[{'robot_description': robot_description, 'publish_frequency': 100.0},config,]
[1.054s]                                                                                         ^
[1.054s] 
[1.054s] ./launch/show_turtle.launch.py:36:96: E231 missing whitespace after ','
[1.055s]         parameters=[{'robot_description': robot_description, 'publish_frequency': 100.0},config,]
[1.055s]                                                                                                ^
[1.055s] 
[1.055s] ./launch/show_turtle.launch.py:43:56: E231 missing whitespace after ','
[1.055s]         condition=IfCondition(PythonExpression([use_jsp,"=='jsp'"]))
[1.055s]                                                        ^
[1.055s] 
[1.055s] ./launch/show_turtle.launch.py:49:56: E231 missing whitespace after ','
[1.055s]         condition=IfCondition(PythonExpression([use_jsp,"=='gui'"]))
[1.055s]                                                        ^
[1.055s] 
[1.055s] ./launch/show_turtle.launch.py:68:7: W292 no newline at end of file
[1.055s]     ])      ^
[1.056s] 
[1.056s] ./launch/run_turtle.launch.py:2:1: F401 'ament_index_python.packages.get_package_share_path' imported but unused
[1.056s] from ament_index_python.packages import get_package_share_path, get_package_share_directory
[1.056s] ^
[1.056s] 
[1.056s] ./launch/run_turtle.launch.py:5:1: F401 'launch.actions.DeclareLaunchArgument' imported but unused
[1.056s] from launch.actions import DeclareLaunchArgument, IncludeLaunchDescription
[1.056s] ^
[1.056s] 
[1.056s] ./launch/run_turtle.launch.py:6:1: F401 'launch.conditions.IfCondition' imported but unused
[1.056s] from launch.conditions import IfCondition, UnlessCondition
[1.056s] ^
[1.056s] 
[1.056s] ./launch/run_turtle.launch.py:6:1: F401 'launch.conditions.UnlessCondition' imported but unused
[1.056s] from launch.conditions import IfCondition, UnlessCondition
[1.057s] ^
[1.057s] 
[1.057s] ./launch/run_turtle.launch.py:7:1: F401 'launch.substitutions.Command' imported but unused
[1.057s] from launch.substitutions import Command, LaunchConfiguration, PathJoinSubstitution
[1.057s] ^
[1.057s] 
[1.057s] ./launch/run_turtle.launch.py:7:1: F401 'launch.substitutions.LaunchConfiguration' imported but unused
[1.057s] from launch.substitutions import Command, LaunchConfiguration, PathJoinSubstitution
[1.057s] ^
[1.057s] 
[1.057s] ./launch/run_turtle.launch.py:10:1: F401 'launch_ros.parameter_descriptions.ParameterValue' imported but unused
[1.057s] from launch_ros.parameter_descriptions import ParameterValue
[1.057s] ^
[1.057s] 
[1.057s] ./launch/run_turtle.launch.py:40:23: E251 unexpected spaces around keyword / parameter equals
[1.058s]             remappings = [('/cmd_vel', '/turtlesim1/turtle1/cmd_vel'),],
[1.058s]                       ^
[1.058s] 
[1.058s] ./launch/run_turtle.launch.py:40:25: E251 unexpected spaces around keyword / parameter equals
[1.058s]             remappings = [('/cmd_vel', '/turtlesim1/turtle1/cmd_vel'),],
[1.058s]                         ^
[1.058s] 
[1.058s] ./launch/run_turtle.launch.py:40:70: E231 missing whitespace after ','
[1.058s]             remappings = [('/cmd_vel', '/turtlesim1/turtle1/cmd_vel'),],
[1.058s]                                                                      ^
[1.058s] 
[1.058s] ./launch/run_turtle.launch.py:43:1: W293 blank line contains whitespace
[1.058s]         
[1.058s] ^
[1.058s] 
[1.058s] ./launch/run_turtle.launch.py:44:7: W292 no newline at end of file
[1.058s]     ])      ^
[1.059s] 
[1.059s] ./launch/turtle_arena.launch.py:2:1: F401 'ament_index_python.packages.get_package_share_path' imported but unused
[1.059s] from ament_index_python.packages import get_package_share_path, get_package_share_directory
[1.059s] ^
[1.059s] 
[1.059s] ./launch/turtle_arena.launch.py:5:1: F401 'launch.actions.DeclareLaunchArgument' imported but unused
[1.059s] from launch.actions import DeclareLaunchArgument, IncludeLaunchDescription
[1.059s] ^
[1.059s] 
[1.059s] ./launch/turtle_arena.launch.py:6:1: F401 'launch.conditions.IfCondition' imported but unused
[1.059s] from launch.conditions import IfCondition, UnlessCondition
[1.059s] ^
[1.059s] 
[1.059s] ./launch/turtle_arena.launch.py:6:1: F401 'launch.conditions.UnlessCondition' imported but unused
[1.059s] from launch.conditions import IfCondition, UnlessCondition
[1.059s] ^
[1.060s] 
[1.060s] ./launch/turtle_arena.launch.py:7:1: F401 'launch.substitutions.Command' imported but unused
[1.060s] from launch.substitutions import Command, LaunchConfiguration, PathJoinSubstitution
[1.060s] ^
[1.060s] 
[1.060s] ./launch/turtle_arena.launch.py:7:1: F401 'launch.substitutions.LaunchConfiguration' imported but unused
[1.060s] from launch.substitutions import Command, LaunchConfiguration, PathJoinSubstitution
[1.060s] ^
[1.060s] 
[1.060s] ./launch/turtle_arena.launch.py:10:1: F401 'launch_ros.parameter_descriptions.ParameterValue' imported but unused
[1.060s] from launch_ros.parameter_descriptions import ParameterValue
[1.060s] ^
[1.060s] 
[1.060s] ./launch/turtle_arena.launch.py:42:1: W293 blank line contains whitespace
[1.060s]         
[1.060s] ^
[1.061s] 
[1.061s] ./launch/turtle_arena.launch.py:43:7: W292 no newline at end of file
[1.061s]     ])      ^
[1.061s] 
[1.061s] 1     E128 continuation line under-indented for visual indent
[1.061s] 1     E202 whitespace before ')'
[1.061s] 14    E225 missing whitespace around operator
[1.061s] 52    E231 missing whitespace after ','
[1.061s] 2     E251 unexpected spaces around keyword / parameter equals
[1.061s] 3     E261 at least two spaces before inline comment
[1.061s] 3     E262 inline comment should start with '# '
[1.061s] 27    E265 block comment should start with '# '
[1.061s] 6     E302 expected 2 blank lines, found 1
[1.061s] 7     E303 too many blank lines (2)
[1.062s] 13    E501 line too long (115 > 99 characters)
[1.062s] 36    F401 'ament_index_python.packages.get_package_share_path' imported but unused
[1.062s] 2     F841 local variable 'use_sim_time' is assigned to but never used
[1.062s] 31    W291 trailing whitespace
[1.062s] 4     W292 no newline at end of file
[1.062s] 17    W293 blank line contains whitespace
[1.062s] 2     W391 blank line at end of file
[1.062s] 
[1.062s] 11 files checked
[1.062s] 221 errors
[1.062s] 
[1.062s] 'E'-type errors: 129
[1.062s] 'F'-type errors: 38
[1.062s] 'W'-type errors: 54
[1.063s] 
[1.063s] Checked files:
[1.063s] 
[1.063s] * ./setup.py
[1.063s] * ./turtle_brick/arena.py
[1.063s] * ./turtle_brick/turtle_robot.py
[1.063s] * ./turtle_brick/catcher.py
[1.063s] * ./turtle_brick/__init__.py
[1.064s] * ./test/test_flake8.py
[1.064s] * ./test/test_copyright.py
[1.064s] * ./test/test_pep257.py
[1.064s] * ./launch/show_turtle.launch.py
[1.064s] * ./launch/run_turtle.launch.py
[1.064s] * ./launch/turtle_arena.launch.py
[1.064s] ----------------------------- Captured stderr call -----------------------------
[1.065s] option --max-complexity: please update from optparse string `type=` to argparse callable `type=` -- this will be an error in the future
[1.065s] [31m[1m_________________________________ test_pep257 __________________________________[0m
[1.065s] [1m[31mtest/test_pep257.py[0m:23: in test_pep257
[1.065s]     [94massert[39;49;00m rc == [94m0[39;49;00m, [33m'[39;49;00m[33mFound code style errors / warnings[39;49;00m[33m'[39;49;00m
[1.065s] [1m[31mE   AssertionError: Found code style errors / warnings[0m
[1.065s] [1m[31mE   assert 1 == 0[0m
[1.065s] ----------------------------- Captured stdout call -----------------------------
[1.065s] checking ./launch/run_turtle.launch.py
[1.066s] checking ./launch/show_turtle.launch.py
[1.066s] checking ./launch/turtle_arena.launch.py
[1.066s] checking ./setup.py
[1.066s] checking ./test/test_copyright.py
[1.066s] checking ./test/test_flake8.py
[1.066s] checking ./test/test_pep257.py
[1.066s] checking ./turtle_brick/__init__.py
[1.066s] checking ./turtle_brick/arena.py
[1.066s] ./turtle_brick/arena.py:34 in public class `BState`: D200: One-line docstring should fit on one line with quotes (found 2)
[1.067s] ./turtle_brick/arena.py:34 in public class `BState`: D204: 1 blank line required after class docstring (found 0)
[1.067s] ./turtle_brick/arena.py:34 in public class `BState`: D210: No whitespaces allowed surrounding docstring text
[1.067s] ./turtle_brick/arena.py:34 in public class `BState`: D213: Multi-line docstring summary should start at the second line
[1.067s] ./turtle_brick/arena.py:41 in public class `Arena`: D200: One-line docstring should fit on one line with quotes (found 3)
[1.067s] ./turtle_brick/arena.py:41 in public class `Arena`: D204: 1 blank line required after class docstring (found 0)
[1.067s] ./turtle_brick/arena.py:41 in public class `Arena`: D400: First line should end with a period (not 's')
[1.067s] ./turtle_brick/arena.py:41 in public class `Arena`: D415: First line should end with a period, question mark, or exclamation point (not 's')
[1.067s] checking ./turtle_brick/catcher.py
[1.067s] ./turtle_brick/catcher.py:27 in public class `State`: D200: One-line docstring should fit on one line with quotes (found 2)
[1.067s] ./turtle_brick/catcher.py:27 in public class `State`: D204: 1 blank line required after class docstring (found 0)
[1.067s] ./turtle_brick/catcher.py:27 in public class `State`: D210: No whitespaces allowed surrounding docstring text
[1.067s] ./turtle_brick/catcher.py:27 in public class `State`: D213: Multi-line docstring summary should start at the second line
[1.067s] checking ./turtle_brick/turtle_robot.py
[1.067s] ./turtle_brick/turtle_robot.py:1 at module level: D200: One-line docstring should fit on one line with quotes (found 4)
[1.067s] ./turtle_brick/turtle_robot.py:1 at module level: D400: First line should end with a period (not 'e')
[1.068s] ./turtle_brick/turtle_robot.py:1 at module level: D415: First line should end with a period, question mark, or exclamation point (not 'e')
[1.068s] ./turtle_brick/turtle_robot.py:20 in public class `Turtle_robot`: D200: One-line docstring should fit on one line with quotes (found 2)
[1.068s] ./turtle_brick/turtle_robot.py:20 in public class `Turtle_robot`: D204: 1 blank line required after class docstring (found 0)
[1.068s] ./turtle_brick/turtle_robot.py:20 in public class `Turtle_robot`: D210: No whitespaces allowed surrounding docstring text
[1.068s] ./turtle_brick/turtle_robot.py:20 in public class `Turtle_robot`: D213: Multi-line docstring summary should start at the second line
[1.068s] ./turtle_brick/turtle_robot.py:20 in public class `Turtle_robot`: D400: First line should end with a period (not 'e')
[1.068s] ./turtle_brick/turtle_robot.py:20 in public class `Turtle_robot`: D415: First line should end with a period, question mark, or exclamation point (not 'e')
[1.068s] checking test/test_copyright.py
[1.068s] checking test/test_flake8.py
[1.068s] checking test/test_pep257.py
[1.068s] 21 errors
[1.068s] - generated xml file: /home/alyssa/homework2-alyssa225/build/turtle_brick/pytest.xml -
[1.068s] =========================== short test summary info ============================
[1.068s] FAILED test/test_flake8.py::test_flake8 - AssertionError: Found 221 code styl...
[1.068s] FAILED test/test_pep257.py::test_pep257 - AssertionError: Found code style er...
[1.068s] [31m=================== [31m[1m2 failed[0m, [33m1 skipped[0m, [33m2 warnings[0m[31m in 0.40s[0m[31m ===================[0m
[1.069s] Invoked command in '/home/alyssa/homework2-alyssa225/src/turtle_brick' returned '1': AMENT_PREFIX_PATH=/home/alyssa/homework2-alyssa225/install/turtle_brick:/home/alyssa/homework2-alyssa225/install/turtle_brick_interfaces:/home/alyssa/homework2-alyssa225/src/install/turtle_brick_interfaces:/home/alyssa/homework2-alyssa225/src/install/turtle_brick:/opt/ros/humble PYTEST_ADDOPTS=--tb=short --junit-xml=/home/alyssa/homework2-alyssa225/build/turtle_brick/pytest.xml --junit-prefix=turtle_brick -o cache_dir=/home/alyssa/homework2-alyssa225/build/turtle_brick/.pytest_cache PYTHONPATH=/home/alyssa/homework2-alyssa225/install/turtle_brick/lib/python3.10/site-packages:/home/alyssa/homework2-alyssa225/install/turtle_brick_interfaces/local/lib/python3.10/dist-packages:/home/alyssa/homework2-alyssa225/src/install/turtle_brick_interfaces/local/lib/python3.10/dist-packages:/home/alyssa/homework2-alyssa225/src/install/turtle_brick/lib/python3.10/site-packages:/opt/ros/humble/lib/python3.10/site-packages:/opt/ros/humble/local/lib/python3.10/dist-packages /usr/bin/python3 -m pytest
