[0.292s] Invoking command in '/home/alyssa/homework2-alyssa225/src/turtle_brick': AMENT_PREFIX_PATH=/home/alyssa/homework2-alyssa225/install/turtle_brick:/home/alyssa/homework2-alyssa225/install/turtle_brick_interfaces:/home/alyssa/homework2-alyssa225/src/install/turtle_brick_interfaces:/home/alyssa/homework2-alyssa225/src/install/turtle_brick:/opt/ros/humble PYTEST_ADDOPTS=--tb=short --junit-xml=/home/alyssa/homework2-alyssa225/build/turtle_brick/pytest.xml --junit-prefix=turtle_brick -o cache_dir=/home/alyssa/homework2-alyssa225/build/turtle_brick/.pytest_cache PYTHONPATH=/home/alyssa/homework2-alyssa225/install/turtle_brick/lib/python3.10/site-packages:/home/alyssa/homework2-alyssa225/install/turtle_brick_interfaces/local/lib/python3.10/dist-packages:/home/alyssa/homework2-alyssa225/src/install/turtle_brick_interfaces/local/lib/python3.10/dist-packages:/home/alyssa/homework2-alyssa225/src/install/turtle_brick/lib/python3.10/site-packages:/opt/ros/humble/lib/python3.10/site-packages:/opt/ros/humble/local/lib/python3.10/dist-packages /usr/bin/python3 -m pytest
[0.647s] [1m============================= test session starts ==============================[0m
[0.647s] platform linux -- Python 3.10.6, pytest-6.2.5, py-1.10.0, pluggy-0.13.0
[0.656s] cachedir: /home/alyssa/homework2-alyssa225/build/turtle_brick/.pytest_cache
[0.656s] rootdir: /home/alyssa/homework2-alyssa225/src/turtle_brick
[0.656s] plugins: ament-lint-0.12.4, ament-xmllint-0.12.4, launch-testing-ros-0.19.3, launch-testing-1.0.2, ament-flake8-0.12.4, ament-pep257-0.12.4, ament-copyright-0.12.4, colcon-core-0.10.0, cov-3.0.0
[0.741s] [1mcollecting ... [0m[1m
[0.741s] collected 3 items                                                              [0m
[0.742s] 
[0.749s] test/test_copyright.py [33ms[0m[32m                                                 [ 33%][0m
[0.968s] test/test_flake8.py [31mF[0m[31m                                                    [ 66%][0m
[1.047s] test/test_pep257.py [31mF[0m[31m                                                    [100%][0m
[1.047s] 
[1.048s] =================================== FAILURES ===================================
[1.048s] [31m[1m_________________________________ test_flake8 __________________________________[0m
[1.048s] [1m[31mtest/test_flake8.py[0m:23: in test_flake8
[1.097s]     [94massert[39;49;00m rc == [94m0[39;49;00m, \
[1.097s] [1m[31mE   AssertionError: Found 198 code style errors / warnings:[0m
[1.097s] [1m[31mE     ./setup.py:3:1: F401 'setuptools.find_packages' imported but unused[0m
[1.098s] [1m[31mE     ./setup.py:14:100: E501 line too long (141 > 99 characters)[0m
[1.098s] [1m[31mE     ./setup.py:18:43: E231 missing whitespace after ','[0m
[1.099s] [1m[31mE     ./setup.py:24:28: E231 missing whitespace after ','[0m
[1.104s] [1m[31mE     ./turtle_brick/arena.py:18:1: F401 'tf2_ros.static_transform_broadcaster.StaticTransformBroadcaster' imported but unused[0m
[1.104s] [1m[31mE     ./turtle_brick/arena.py:22:1: F401 'math.pi' imported but unused[0m
[1.104s] [1m[31mE     ./turtle_brick/arena.py:23:1: F401 'turtle_brick_interfaces.srv.Drop' imported but unused[0m
[1.104s] [1m[31mE     ./turtle_brick/arena.py:24:42: W291 trailing whitespace[0m
[1.104s] [1m[31mE     ./turtle_brick/arena.py:26:1: F401 'visualization_msgs.msg.MarkerArray' imported but unused[0m
[1.105s] [1m[31mE     ./turtle_brick/arena.py:27:1: F401 'math' imported but unused[0m
[1.105s] [1m[31mE     ./turtle_brick/arena.py:29:1: E265 block comment should start with '# '[0m
[1.105s] [1m[31mE     ./turtle_brick/arena.py:32:1: E302 expected 2 blank lines, found 1[0m
[1.105s] [1m[31mE     ./turtle_brick/arena.py:39:1: E302 expected 2 blank lines, found 1[0m
[1.105s] [1m[31mE     ./turtle_brick/arena.py:45:9: E265 block comment should start with '# '[0m
[1.105s] [1m[31mE     ./turtle_brick/arena.py:46:33: W291 trailing whitespace[0m
[1.106s] [1m[31mE     ./turtle_brick/arena.py:51:32: E231 missing whitespace after ','[0m
[1.106s] [1m[31mE     ./turtle_brick/arena.py:52:27: E231 missing whitespace after ','[0m
[1.106s] [1m[31mE     ./turtle_brick/arena.py:59:9: E265 block comment should start with '# '[0m
[1.106s] [1m[31mE     ./turtle_brick/arena.py:68:1: W293 blank line contains whitespace[0m
[1.106s] [1m[31mE     ./turtle_brick/arena.py:69:9: E265 block comment should start with '# '[0m
[1.106s] [1m[31mE     ./turtle_brick/arena.py:70:47: E231 missing whitespace after ','[0m
[1.106s] [1m[31mE     ./turtle_brick/arena.py:70:55: E231 missing whitespace after ','[0m
[1.106s] [1m[31mE     ./turtle_brick/arena.py:71:46: E231 missing whitespace after ','[0m
[1.107s] [1m[31mE     ./turtle_brick/arena.py:71:53: E231 missing whitespace after ','[0m
[1.107s] [1m[31mE     ./turtle_brick/arena.py:74:55: E231 missing whitespace after ','[0m
[1.107s] [1m[31mE     ./turtle_brick/arena.py:74:64: E231 missing whitespace after ','[0m
[1.107s] [1m[31mE     ./turtle_brick/arena.py:81:9: F841 local variable 'count' is assigned to but never used[0m
[1.107s] [1m[31mE     ./turtle_brick/arena.py:84:9: E265 block comment should start with '# '[0m
[1.107s] [1m[31mE     ./turtle_brick/arena.py:101:9: E265 block comment should start with '# '[0m
[1.107s] [1m[31mE     ./turtle_brick/arena.py:195:9: E303 too many blank lines (2)[0m
[1.108s] [1m[31mE     ./turtle_brick/arena.py:195:9: E265 block comment should start with '# '[0m
[1.108s] [1m[31mE     ./turtle_brick/arena.py:198:26: W291 trailing whitespace[0m
[1.108s] [1m[31mE     ./turtle_brick/arena.py:206:37: E231 missing whitespace after ','[0m
[1.108s] [1m[31mE     ./turtle_brick/arena.py:212:56: W291 trailing whitespace[0m
[1.108s] [1m[31mE     ./turtle_brick/arena.py:217:36: E231 missing whitespace after ','[0m
[1.108s] [1m[31mE     ./turtle_brick/arena.py:222:9: E265 block comment should start with '# '[0m
[1.109s] [1m[31mE     ./turtle_brick/arena.py:224:1: W293 blank line contains whitespace[0m
[1.109s] [1m[31mE     ./turtle_brick/arena.py:225:9: E265 block comment should start with '# '[0m
[1.109s] [1m[31mE     ./turtle_brick/arena.py:231:9: E265 block comment should start with '# '[0m
[1.109s] [1m[31mE     ./turtle_brick/arena.py:233:63: W291 trailing whitespace[0m
[1.109s] [1m[31mE     ./turtle_brick/arena.py:234:1: W293 blank line contains whitespace[0m
[1.109s] [1m[31mE     ./turtle_brick/arena.py:236:9: E303 too many blank lines (2)[0m
[1.109s] [1m[31mE     ./turtle_brick/arena.py:236:9: E265 block comment should start with '# '[0m
[1.109s] [1m[31mE     ./turtle_brick/arena.py:236:30: W291 trailing whitespace[0m
[1.110s] [1m[31mE     ./turtle_brick/arena.py:241:42: E225 missing whitespace around operator[0m
[1.110s] [1m[31mE     ./turtle_brick/arena.py:242:65: E261 at least two spaces before inline comment[0m
[1.110s] [1m[31mE     ./turtle_brick/arena.py:242:66: E262 inline comment should start with '# '[0m
[1.110s] [1m[31mE     ./turtle_brick/arena.py:242:100: E501 line too long (100 > 99 characters)[0m
[1.110s] [1m[31mE     ./turtle_brick/arena.py:243:36: E261 at least two spaces before inline comment[0m
[1.110s] [1m[31mE     ./turtle_brick/arena.py:243:37: E262 inline comment should start with '# '[0m
[1.110s] [1m[31mE     ./turtle_brick/arena.py:243:75: W291 trailing whitespace[0m
[1.110s] [1m[31mE     ./turtle_brick/arena.py:244:35: W291 trailing whitespace[0m
[1.111s] [1m[31mE     ./turtle_brick/arena.py:248:13: E265 block comment should start with '# '[0m
[1.111s] [1m[31mE     ./turtle_brick/arena.py:249:13: E265 block comment should start with '# '[0m
[1.111s] [1m[31mE     ./turtle_brick/arena.py:250:13: E265 block comment should start with '# '[0m
[1.111s] [1m[31mE     ./turtle_brick/arena.py:250:42: W291 trailing whitespace[0m
[1.111s] [1m[31mE     ./turtle_brick/arena.py:255:1: W293 blank line contains whitespace[0m
[1.111s] [1m[31mE     ./turtle_brick/arena.py:256:9: E303 too many blank lines (2)[0m
[1.111s] [1m[31mE     ./turtle_brick/arena.py:266:9: E225 missing whitespace around operator[0m
[1.111s] [1m[31mE     ./turtle_brick/arena.py:268:19: W291 trailing whitespace[0m
[1.112s] [1m[31mE     ./turtle_brick/arena.py:269:1: W391 blank line at end of file[0m
[1.112s] [1m[31mE     ./turtle_brick/turtle_robot.py:5:1: F401 'tokenize.Double' imported but unused[0m
[1.112s] [1m[31mE     ./turtle_brick/turtle_robot.py:5:1: F401 'tokenize.String' imported but unused[0m
[1.112s] [1m[31mE     ./turtle_brick/turtle_robot.py:12:34: W291 trailing whitespace[0m
[1.112s] [1m[31mE     ./turtle_brick/turtle_robot.py:14:1: F401 'turtlesim.msg.Pose' imported but unused[0m
[1.112s] [1m[31mE     ./turtle_brick/turtle_robot.py:15:1: F401 'visualization_msgs.msg.Marker' imported but unused[0m
[1.112s] [1m[31mE     ./turtle_brick/turtle_robot.py:15:42: W291 trailing whitespace[0m
[1.113s] [1m[31mE     ./turtle_brick/turtle_robot.py:16:45: W291 trailing whitespace[0m
[1.113s] [1m[31mE     ./turtle_brick/turtle_robot.py:17:12: W291 trailing whitespace[0m
[1.113s] [1m[31mE     ./turtle_brick/turtle_robot.py:18:1: E265 block comment should start with '# '[0m
[1.113s] [1m[31mE     ./turtle_brick/turtle_robot.py:21:19: E261 at least two spaces before inline comment[0m
[1.113s] [1m[31mE     ./turtle_brick/turtle_robot.py:21:19: E262 inline comment should start with '# '[0m
[1.113s] [1m[31mE     ./turtle_brick/turtle_robot.py:22:1: W293 blank line contains whitespace[0m
[1.113s] [1m[31mE     ./turtle_brick/turtle_robot.py:23:5: E265 block comment should start with '# '[0m
[1.114s] [1m[31mE     ./turtle_brick/turtle_robot.py:24:5: E265 block comment should start with '# '[0m
[1.114s] [1m[31mE     ./turtle_brick/turtle_robot.py:26:1: W293 blank line contains whitespace[0m
[1.114s] [1m[31mE     ./turtle_brick/turtle_robot.py:27:1: E302 expected 2 blank lines, found 1[0m
[1.114s] [1m[31mE     ./turtle_brick/turtle_robot.py:37:24: E251 unexpected spaces around keyword / parameter equals[0m
[1.114s] [1m[31mE     ./turtle_brick/turtle_robot.py:37:26: E251 unexpected spaces around keyword / parameter equals[0m
[1.114s] [1m[31mE     ./turtle_brick/turtle_robot.py:37:36: E251 unexpected spaces around keyword / parameter equals[0m
[1.114s] [1m[31mE     ./turtle_brick/turtle_robot.py:37:38: E251 unexpected spaces around keyword / parameter equals[0m
[1.114s] [1m[31mE     ./turtle_brick/turtle_robot.py:37:46: E251 unexpected spaces around keyword / parameter equals[0m
[1.115s] [1m[31mE     ./turtle_brick/turtle_robot.py:37:48: E251 unexpected spaces around keyword / parameter equals[0m
[1.115s] [1m[31mE     ./turtle_brick/turtle_robot.py:37:56: E251 unexpected spaces around keyword / parameter equals[0m
[1.115s] [1m[31mE     ./turtle_brick/turtle_robot.py:37:58: E251 unexpected spaces around keyword / parameter equals[0m
[1.115s] [1m[31mE     ./turtle_brick/turtle_robot.py:38:17: E128 continuation line under-indented for visual indent[0m
[1.115s] [1m[31mE     ./turtle_brick/turtle_robot.py:38:24: E251 unexpected spaces around keyword / parameter equals[0m
[1.115s] [1m[31mE     ./turtle_brick/turtle_robot.py:38:26: E251 unexpected spaces around keyword / parameter equals[0m
[1.115s] [1m[31mE     ./turtle_brick/turtle_robot.py:38:36: E251 unexpected spaces around keyword / parameter equals[0m
[1.115s] [1m[31mE     ./turtle_brick/turtle_robot.py:38:38: E251 unexpected spaces around keyword / parameter equals[0m
[1.116s] [1m[31mE     ./turtle_brick/turtle_robot.py:38:45: E251 unexpected spaces around keyword / parameter equals[0m
[1.116s] [1m[31mE     ./turtle_brick/turtle_robot.py:38:47: E251 unexpected spaces around keyword / parameter equals[0m
[1.116s] [1m[31mE     ./turtle_brick/turtle_robot.py:38:54: E251 unexpected spaces around keyword / parameter equals[0m
[1.116s] [1m[31mE     ./turtle_brick/turtle_robot.py:38:56: E251 unexpected spaces around keyword / parameter equals[0m
[1.116s] [1m[31mE     ./turtle_brick/turtle_robot.py:40:1: E302 expected 2 blank lines, found 1[0m
[1.116s] [1m[31mE     ./turtle_brick/turtle_robot.py:45:9: E265 block comment should start with '# '[0m
[1.116s] [1m[31mE     ./turtle_brick/turtle_robot.py:46:33: W291 trailing whitespace[0m
[1.117s] [1m[31mE     ./turtle_brick/turtle_robot.py:51:32: E231 missing whitespace after ','[0m
[1.117s] [1m[31mE     ./turtle_brick/turtle_robot.py:52:27: E231 missing whitespace after ','[0m
[1.117s] [1m[31mE     ./turtle_brick/turtle_robot.py:62:65: E231 missing whitespace after ','[0m
[1.117s] [1m[31mE     ./turtle_brick/turtle_robot.py:62:81: E231 missing whitespace after ','[0m
[1.117s] [1m[31mE     ./turtle_brick/turtle_robot.py:63:55: E231 missing whitespace after ','[0m
[1.117s] [1m[31mE     ./turtle_brick/turtle_robot.py:63:62: E231 missing whitespace after ','[0m
[1.117s] [1m[31mE     ./turtle_brick/turtle_robot.py:64:51: E231 missing whitespace after ','[0m
[1.118s] [1m[31mE     ./turtle_brick/turtle_robot.py:64:62: E231 missing whitespace after ','[0m
[1.118s] [1m[31mE     ./turtle_brick/turtle_robot.py:66:61: E231 missing whitespace after ','[0m
[1.118s] [1m[31mE     ./turtle_brick/turtle_robot.py:66:74: E231 missing whitespace after ','[0m
[1.118s] [1m[31mE     ./turtle_brick/turtle_robot.py:66:93: E231 missing whitespace after ','[0m
[1.118s] [1m[31mE     ./turtle_brick/turtle_robot.py:67:54: E231 missing whitespace after ','[0m
[1.118s] [1m[31mE     ./turtle_brick/turtle_robot.py:67:61: E231 missing whitespace after ','[0m
[1.118s] [1m[31mE     ./turtle_brick/turtle_robot.py:67:80: E231 missing whitespace after ','[0m
[1.118s] [1m[31mE     ./turtle_brick/turtle_robot.py:69:53: W291 trailing whitespace[0m
[1.118s] [1m[31mE     ./turtle_brick/turtle_robot.py:73:1: W293 blank line contains whitespace[0m
[1.119s] [1m[31mE     ./turtle_brick/turtle_robot.py:82:9: E265 block comment should start with '# '[0m
[1.119s] [1m[31mE     ./turtle_brick/turtle_robot.py:82:19: W291 trailing whitespace[0m
[1.119s] [1m[31mE     ./turtle_brick/turtle_robot.py:83:28: W291 trailing whitespace[0m
[1.119s] [1m[31mE     ./turtle_brick/turtle_robot.py:100:9: E265 block comment should start with '# '[0m
[1.119s] [1m[31mE     ./turtle_brick/turtle_robot.py:110:1: W293 blank line contains whitespace[0m
[1.119s] [1m[31mE     ./turtle_brick/turtle_robot.py:111:27: E231 missing whitespace after ','[0m
[1.120s] [1m[31mE     ./turtle_brick/turtle_robot.py:112:83: E231 missing whitespace after ','[0m
[1.120s] [1m[31mE     ./turtle_brick/turtle_robot.py:112:100: E501 line too long (128 > 99 characters)[0m
[1.120s] [1m[31mE     ./turtle_brick/turtle_robot.py:112:103: E231 missing whitespace after ','[0m
[1.120s] [1m[31mE     ./turtle_brick/turtle_robot.py:112:127: E202 whitespace before ')'[0m
[1.120s] [1m[31mE     ./turtle_brick/turtle_robot.py:122:27: E231 missing whitespace after ','[0m
[1.120s] [1m[31mE     ./turtle_brick/turtle_robot.py:123:88: E202 whitespace before ')'[0m
[1.120s] [1m[31mE     ./turtle_brick/turtle_robot.py:126:5: E303 too many blank lines (2)[0m
[1.120s] [1m[31mE     ./turtle_brick/turtle_robot.py:130:46: E231 missing whitespace after ','[0m
[1.121s] [1m[31mE     ./turtle_brick/turtle_robot.py:130:58: E231 missing whitespace after ','[0m
[1.121s] [1m[31mE     ./turtle_brick/turtle_robot.py:132:68: W291 trailing whitespace[0m
[1.121s] [1m[31mE     ./turtle_brick/turtle_robot.py:133:68: W291 trailing whitespace[0m
[1.121s] [1m[31mE     ./turtle_brick/turtle_robot.py:134:1: W293 blank line contains whitespace[0m
[1.121s] [1m[31mE     ./turtle_brick/turtle_robot.py:140:9: E265 block comment should start with '# '[0m
[1.121s] [1m[31mE     ./turtle_brick/turtle_robot.py:141:1: W293 blank line contains whitespace[0m
[1.121s] [1m[31mE     ./turtle_brick/turtle_robot.py:142:42: W291 trailing whitespace[0m
[1.121s] [1m[31mE     ./turtle_brick/turtle_robot.py:143:38: W291 trailing whitespace[0m
[1.122s] [1m[31mE     ./turtle_brick/turtle_robot.py:145:9: E265 block comment should start with '# '[0m
[1.122s] [1m[31mE     ./turtle_brick/turtle_robot.py:145:22: W291 trailing whitespace[0m
[1.122s] [1m[31mE     ./turtle_brick/turtle_robot.py:146:56: W291 trailing whitespace[0m
[1.122s] [1m[31mE     ./turtle_brick/turtle_robot.py:169:1: W293 blank line contains whitespace[0m
[1.122s] [1m[31mE     ./turtle_brick/turtle_robot.py:170:1: W293 blank line contains whitespace[0m
[1.122s] [1m[31mE     ./turtle_brick/turtle_robot.py:172:1: E303 too many blank lines (4)[0m
[1.122s] [1m[31mE     ./turtle_brick/turtle_robot.py:174:16: E225 missing whitespace around operator[0m
[1.122s] [1m[31mE     ./turtle_brick/turtle_robot.py:176:19: W291 trailing whitespace[0m
[1.123s] [1m[31mE     ./turtle_brick/turtle_robot.py:178:1: W391 blank line at end of file[0m
[1.123s] [1m[31mE     ./turtle_brick/catcher.py:17:1: F401 'tf2_ros.static_transform_broadcaster.StaticTransformBroadcaster' imported but unused[0m
[1.123s] [1m[31mE     ./turtle_brick/catcher.py:18:1: F401 'tf2_ros.TransformBroadcaster' imported but unused[0m
[1.123s] [1m[31mE     ./turtle_brick/catcher.py:19:1: F401 'geometry_msgs.msg.TransformStamped' imported but unused[0m
[1.123s] [1m[31mE     ./turtle_brick/catcher.py:20:1: F401 'math.pi' imported but unused[0m
[1.123s] [1m[31mE     ./turtle_brick/catcher.py:21:1: F401 '.quaternion.angle_axis_to_quaternion' imported but unused[0m
[1.123s] [1m[31mE     ./turtle_brick/catcher.py:23:1: E265 block comment should start with '# '[0m
[1.123s] [1m[31mE     ./turtle_brick/catcher.py:24:1: E265 block comment should start with '# '[0m
[1.124s] [1m[31mE     ./turtle_brick/catcher.py:25:1: E265 block comment should start with '# '[0m
[1.124s] [1m[31mE     ./turtle_brick/catcher.py:26:1: E265 block comment should start with '# '[0m
[1.124s] [1m[31mE     ./turtle_brick/catcher.py:27:1: E302 expected 2 blank lines, found 1[0m
[1.124s] [1m[31mE     ./turtle_brick/catcher.py:39:9: E265 block comment should start with '# '[0m
[1.124s] [1m[31mE     ./turtle_brick/catcher.py:40:9: E265 block comment should start with '# '[0m
[1.124s] [1m[31mE     ./turtle_brick/catcher.py:41:9: E265 block comment should start with '# '[0m
[1.124s] [1m[31mE     ./turtle_brick/catcher.py:43:1: W293 blank line contains whitespace[0m
[1.124s] [1m[31mE     ./turtle_brick/catcher.py:44:5: E265 block comment should start with '# '[0m
[1.125s] [1m[31mE     ./turtle_brick/catcher.py:44:42: W291 trailing whitespace[0m
[1.125s] [1m[31mE     ./turtle_brick/catcher.py:45:9: E265 block comment should start with '# '[0m
[1.125s] [1m[31mE     ./turtle_brick/catcher.py:45:100: E501 line too long (105 > 99 characters)[0m
[1.125s] [1m[31mE     ./turtle_brick/catcher.py:46:9: E265 block comment should start with '# '[0m
[1.125s] [1m[31mE     ./turtle_brick/catcher.py:47:9: E265 block comment should start with '# '[0m
[1.125s] [1m[31mE     ./turtle_brick/catcher.py:48:9: E265 block comment should start with '# '[0m
[1.125s] [1m[31mE     ./turtle_brick/catcher.py:49:5: E265 block comment should start with '# '[0m
[1.125s] [1m[31mE     ./turtle_brick/catcher.py:49:19: W291 trailing whitespace[0m
[1.126s] [1m[31mE     ./turtle_brick/catcher.py:51:27: W291 trailing whitespace[0m
[1.126s] [1m[31mE     ./turtle_brick/catcher.py:53:1: W293 blank line contains whitespace[0m
[1.126s] [1m[31mE     ./turtle_brick/catcher.py:64:21: W292 no newline at end of file[0m
[1.126s] [1m[31mE     ./launch/show_turtle.launch.py:1:1: F401 'ament_index_python.packages.get_package_share_path' imported but unused[0m
[1.126s] [1m[31mE     ./launch/show_turtle.launch.py:1:63: E231 missing whitespace after ','[0m
[1.126s] [1m[31mE     ./launch/show_turtle.launch.py:5:1: F401 'launch.conditions.UnlessCondition' imported but unused[0m
[1.126s] [1m[31mE     ./launch/show_turtle.launch.py:11:1: E302 expected 2 blank lines, found 1[0m
[1.126s] [1m[31mE     ./launch/show_turtle.launch.py:12:22: E225 missing whitespace around operator[0m
[1.127s] [1m[31mE     ./launch/show_turtle.launch.py:14:51: E225 missing whitespace around operator[0m
[1.127s] [1m[31mE     ./launch/show_turtle.launch.py:15:1: W293 blank line contains whitespace[0m
[1.127s] [1m[31mE     ./launch/show_turtle.launch.py:16:5: F841 local variable 'use_sim_time' is assigned to but never used[0m
[1.127s] [1m[31mE     ./launch/show_turtle.launch.py:18:100: E501 line too long (115 > 99 characters)[0m
[1.127s] [1m[31mE     ./launch/show_turtle.launch.py:18:105: E231 missing whitespace after ','[0m
[1.127s] [1m[31mE     ./launch/show_turtle.launch.py:19:37: E128 continuation line under-indented for visual indent[0m
[1.127s] [1m[31mE     ./launch/show_turtle.launch.py:19:92: E261 at least two spaces before inline comment[0m
[1.127s] [1m[31mE     ./launch/show_turtle.launch.py:19:92: E262 inline comment should start with '# '[0m
[1.128s] [1m[31mE     ./launch/show_turtle.launch.py:22:100: E501 line too long (100 > 99 characters)[0m
[1.128s] [1m[31mE     ./launch/show_turtle.launch.py:36:89: E231 missing whitespace after ','[0m
[1.128s] [1m[31mE     ./launch/show_turtle.launch.py:36:96: E231 missing whitespace after ','[0m
[1.128s] [1m[31mE     ./launch/show_turtle.launch.py:43:56: E231 missing whitespace after ','[0m
[1.128s] [1m[31mE     ./launch/show_turtle.launch.py:49:56: E231 missing whitespace after ','[0m
[1.128s] [1m[31mE     ./launch/show_turtle.launch.py:68:7: W292 no newline at end of file[0m
[1.128s] [1m[31mE     ./launch/run_turtle.launch.py:2:1: F401 'ament_index_python.packages.get_package_share_path' imported but unused[0m
[1.129s] [1m[31mE     ./launch/run_turtle.launch.py:5:1: F401 'launch.actions.DeclareLaunchArgument' imported but unused[0m
[1.129s] [1m[31mE     ./launch/run_turtle.launch.py:6:1: F401 'launch.conditions.IfCondition' imported but unused[0m
[1.129s] [1m[31mE     ./launch/run_turtle.launch.py:6:1: F401 'launch.conditions.UnlessCondition' imported but unused[0m
[1.129s] [1m[31mE     ./launch/run_turtle.launch.py:7:1: F401 'launch.substitutions.Command' imported but unused[0m
[1.129s] [1m[31mE     ./launch/run_turtle.launch.py:7:1: F401 'launch.substitutions.LaunchConfiguration' imported but unused[0m
[1.129s] [1m[31mE     ./launch/run_turtle.launch.py:10:1: F401 'launch_ros.parameter_descriptions.ParameterValue' imported but unused[0m
[1.129s] [1m[31mE     ./launch/run_turtle.launch.py:43:1: W293 blank line contains whitespace[0m
[1.129s] [1m[31mE     ./launch/run_turtle.launch.py:44:7: W292 no newline at end of file[0m
[1.130s] [1m[31mE   assert 1 == 0[0m
[1.130s] ----------------------------- Captured stdout call -----------------------------
[1.130s] 
[1.130s] ./setup.py:3:1: F401 'setuptools.find_packages' imported but unused
[1.130s] from setuptools import setup, find_packages
[1.130s] ^
[1.130s] 
[1.130s] ./setup.py:14:100: E501 line too long (141 > 99 characters)
[1.131s]         ('share/' + package_name, ['package.xml', 'launch/show_turtle.launch.py', 'config/turtle_urdf.rviz', 'launch/run_turtle.launch.py']),
[1.131s]                                                                                                    ^
[1.131s] 
[1.131s] ./setup.py:18:43: E231 missing whitespace after ','
[1.131s]     install_requires=['setuptools', 'urdf','rviz'],
[1.131s]                                           ^
[1.131s] 
[1.132s] ./setup.py:24:28: E231 missing whitespace after ','
[1.132s]     tests_require=['pytest','ament_lint_auto'],
[1.132s]                            ^
[1.132s] 
[1.132s] ./turtle_brick/arena.py:18:1: F401 'tf2_ros.static_transform_broadcaster.StaticTransformBroadcaster' imported but unused
[1.132s] from tf2_ros.static_transform_broadcaster import StaticTransformBroadcaster
[1.133s] ^
[1.133s] 
[1.133s] ./turtle_brick/arena.py:22:1: F401 'math.pi' imported but unused
[1.133s] from math import pi
[1.133s] ^
[1.133s] 
[1.133s] ./turtle_brick/arena.py:23:1: F401 'turtle_brick_interfaces.srv.Drop' imported but unused
[1.134s] from turtle_brick_interfaces.srv import Place, Drop
[1.134s] ^
[1.134s] 
[1.134s] ./turtle_brick/arena.py:24:42: W291 trailing whitespace
[1.134s] from visualization_msgs.msg import Marker 
[1.134s]                                          ^
[1.134s] 
[1.134s] ./turtle_brick/arena.py:26:1: F401 'visualization_msgs.msg.MarkerArray' imported but unused
[1.135s] from visualization_msgs.msg import MarkerArray
[1.135s] ^
[1.135s] 
[1.135s] ./turtle_brick/arena.py:27:1: F401 'math' imported but unused
[1.135s] import math
[1.135s] ^
[1.135s] 
[1.136s] ./turtle_brick/arena.py:29:1: E265 block comment should start with '# '
[1.136s] #from .quaternion import angle_axis_to_quaternion
[1.136s] ^
[1.136s] 
[1.136s] ./turtle_brick/arena.py:32:1: E302 expected 2 blank lines, found 1
[1.136s] class BState(Enum):
[1.136s] ^
[1.136s] 
[1.137s] ./turtle_brick/arena.py:39:1: E302 expected 2 blank lines, found 1
[1.137s] class Arena(Node):
[1.137s] ^
[1.137s] 
[1.137s] ./turtle_brick/arena.py:45:9: E265 block comment should start with '# '
[1.137s]         #params
[1.137s]         ^
[1.137s] 
[1.138s] ./turtle_brick/arena.py:46:33: W291 trailing whitespace
[1.138s]         self.declare_parameters( 
[1.138s]                                 ^
[1.138s] 
[1.138s] ./turtle_brick/arena.py:51:32: E231 missing whitespace after ','
[1.138s]                 ('max_velocity',0.0),
[1.138s]                                ^
[1.138s] 
[1.139s] ./turtle_brick/arena.py:52:27: E231 missing whitespace after ','
[1.139s]                 ('gravity',0.0)
[1.139s]                           ^
[1.139s] 
[1.139s] ./turtle_brick/arena.py:59:9: E265 block comment should start with '# '
[1.139s]         #setting state of brick
[1.139s]         ^
[1.139s] 
[1.140s] ./turtle_brick/arena.py:68:1: W293 blank line contains whitespace
[1.140s]         
[1.140s] ^
[1.140s] 
[1.140s] ./turtle_brick/arena.py:69:9: E265 block comment should start with '# '
[1.140s]         #initialize services
[1.140s]         ^
[1.140s] 
[1.141s] ./turtle_brick/arena.py:70:47: E231 missing whitespace after ','
[1.141s]         self.place = self.create_service(Place,"place",self.place_callback)
[1.141s]                                               ^
[1.141s] 
[1.141s] ./turtle_brick/arena.py:70:55: E231 missing whitespace after ','
[1.141s]         self.place = self.create_service(Place,"place",self.place_callback)
[1.141s]                                                       ^
[1.141s] 
[1.142s] ./turtle_brick/arena.py:71:46: E231 missing whitespace after ','
[1.142s]         self.drop = self.create_service(Empty,"drop",self.drop_callback)
[1.142s]                                              ^
[1.142s] 
[1.142s] ./turtle_brick/arena.py:71:53: E231 missing whitespace after ','
[1.142s]         self.drop = self.create_service(Empty,"drop",self.drop_callback)
[1.142s]                                                     ^
[1.142s] 
[1.143s] ./turtle_brick/arena.py:74:55: E231 missing whitespace after ','
[1.143s]         self.marker_pub = self.create_publisher(Marker,'marker',10)
[1.143s]                                                       ^
[1.143s] 
[1.143s] ./turtle_brick/arena.py:74:64: E231 missing whitespace after ','
[1.143s]         self.marker_pub = self.create_publisher(Marker,'marker',10)
[1.143s]                                                                ^
[1.143s] 
[1.144s] ./turtle_brick/arena.py:81:9: F841 local variable 'count' is assigned to but never used
[1.144s]         count = 0
[1.144s]         ^
[1.144s] 
[1.144s] ./turtle_brick/arena.py:84:9: E265 block comment should start with '# '
[1.144s]         #creating brick marker
[1.144s]         ^
[1.144s] 
[1.145s] ./turtle_brick/arena.py:101:9: E265 block comment should start with '# '
[1.145s]         #creating wall markers
[1.145s]         ^
[1.145s] 
[1.145s] ./turtle_brick/arena.py:195:9: E303 too many blank lines (2)
[1.145s]         #initializing brick variables
[1.145s]         ^
[1.145s] 
[1.145s] ./turtle_brick/arena.py:195:9: E265 block comment should start with '# '
[1.146s]         #initializing brick variables
[1.146s]         ^
[1.146s] 
[1.146s] ./turtle_brick/arena.py:198:26: W291 trailing whitespace
[1.146s]         self.brickz = 0.0 
[1.146s]                          ^
[1.146s] 
[1.146s] ./turtle_brick/arena.py:206:37: E231 missing whitespace after ','
[1.147s]     def place_callback(self, request,response):
[1.147s]                                     ^
[1.147s] 
[1.147s] ./turtle_brick/arena.py:212:56: W291 trailing whitespace
[1.147s]         self.brick_marker.pose.position.z = self.brickz 
[1.147s]                                                        ^
[1.147s] 
[1.147s] ./turtle_brick/arena.py:217:36: E231 missing whitespace after ','
[1.148s]     def drop_callback(self, request,response):
[1.148s]                                    ^
[1.148s] 
[1.148s] ./turtle_brick/arena.py:222:9: E265 block comment should start with '# '
[1.148s]         #creating the brick marker
[1.148s]         ^
[1.148s] 
[1.148s] ./turtle_brick/arena.py:224:1: W293 blank line contains whitespace
[1.149s]         
[1.149s] ^
[1.149s] 
[1.149s] ./turtle_brick/arena.py:225:9: E265 block comment should start with '# '
[1.149s]         #publishing wall markers
[1.149s]         ^
[1.150s] 
[1.150s] ./turtle_brick/arena.py:231:9: E265 block comment should start with '# '
[1.150s]         #update transform
[1.150s]         ^
[1.150s] 
[1.150s] ./turtle_brick/arena.py:233:63: W291 trailing whitespace
[1.150s]         self.world_brick.transform.translation.y = self.bricky 
[1.150s]                                                               ^
[1.151s] 
[1.151s] ./turtle_brick/arena.py:234:1: W293 blank line contains whitespace
[1.151s]         
[1.151s] ^
[1.151s] 
[1.151s] ./turtle_brick/arena.py:236:9: E303 too many blank lines (2)
[1.151s]         #updating brick frame 
[1.152s]         ^
[1.152s] 
[1.152s] ./turtle_brick/arena.py:236:9: E265 block comment should start with '# '
[1.152s]         #updating brick frame 
[1.152s]         ^
[1.152s] 
[1.152s] ./turtle_brick/arena.py:236:30: W291 trailing whitespace
[1.152s]         #updating brick frame 
[1.153s]                              ^
[1.153s] 
[1.153s] ./turtle_brick/arena.py:241:42: E225 missing whitespace around operator
[1.153s]             self.seconds = self.seconds +0.004
[1.153s]                                          ^
[1.153s] 
[1.153s] ./turtle_brick/arena.py:242:65: E261 at least two spaces before inline comment
[1.153s]             self.brickz = self.brickz-0.5*self.g*self.seconds**2 #has to grab gravity this from yaml
[1.154s]                                                                 ^
[1.154s] 
[1.154s] ./turtle_brick/arena.py:242:66: E262 inline comment should start with '# '
[1.154s]             self.brickz = self.brickz-0.5*self.g*self.seconds**2 #has to grab gravity this from yaml
[1.154s]                                                                  ^
[1.154s] 
[1.154s] ./turtle_brick/arena.py:242:100: E501 line too long (100 > 99 characters)
[1.154s]             self.brickz = self.brickz-0.5*self.g*self.seconds**2 #has to grab gravity this from yaml
[1.155s]                                                                                                    ^
[1.155s] 
[1.155s] ./turtle_brick/arena.py:243:36: E261 at least two spaces before inline comment
[1.155s]             if self.brickz <= 0.05: #change the 0 to height of platform or 
[1.155s]                                    ^
[1.155s] 
[1.155s] ./turtle_brick/arena.py:243:37: E262 inline comment should start with '# '
[1.156s]             if self.brickz <= 0.05: #change the 0 to height of platform or 
[1.156s]                                     ^
[1.156s] 
[1.156s] ./turtle_brick/arena.py:243:75: W291 trailing whitespace
[1.156s]             if self.brickz <= 0.05: #change the 0 to height of platform or 
[1.156s]                                                                           ^
[1.156s] 
[1.157s] ./turtle_brick/arena.py:244:35: W291 trailing whitespace
[1.157s]                 self.brickz = 0.05 
[1.157s]                                   ^
[1.157s] 
[1.157s] ./turtle_brick/arena.py:248:13: E265 block comment should start with '# '
[1.157s]             #self.world_brick.transform.translation.x = platform.x
[1.157s]             ^
[1.157s] 
[1.158s] ./turtle_brick/arena.py:249:13: E265 block comment should start with '# '
[1.158s]             #self.world_brick.transform.translation.y = platform.y
[1.158s]             ^
[1.158s] 
[1.158s] ./turtle_brick/arena.py:250:13: E265 block comment should start with '# '
[1.158s]             #if tilt subscriber not = 0.0 
[1.158s]             ^
[1.158s] 
[1.159s] ./turtle_brick/arena.py:250:42: W291 trailing whitespace
[1.159s]             #if tilt subscriber not = 0.0 
[1.159s]                                          ^
[1.159s] 
[1.159s] ./turtle_brick/arena.py:255:1: W293 blank line contains whitespace
[1.159s]         
[1.159s] ^
[1.159s] 
[1.159s] ./turtle_brick/arena.py:256:9: E303 too many blank lines (2)
[1.160s]         self.broadcaster.sendTransform(self.world_brick)
[1.160s]         ^
[1.160s] 
[1.160s] ./turtle_brick/arena.py:266:9: E225 missing whitespace around operator
[1.160s]     node= Arena()
[1.160s]         ^
[1.160s] 
[1.160s] ./turtle_brick/arena.py:268:19: W291 trailing whitespace
[1.161s]     rclpy.shutdown 
[1.161s]                   ^
[1.161s] 
[1.161s] ./turtle_brick/arena.py:269:1: W391 blank line at end of file
[1.161s] 
[1.161s] ^
[1.161s] 
[1.161s] ./turtle_brick/turtle_robot.py:5:1: F401 'tokenize.Double' imported but unused
[1.162s] from tokenize import Double, String
[1.162s] ^
[1.162s] 
[1.162s] ./turtle_brick/turtle_robot.py:5:1: F401 'tokenize.String' imported but unused
[1.162s] from tokenize import Double, String
[1.162s] ^
[1.162s] 
[1.162s] ./turtle_brick/turtle_robot.py:12:34: W291 trailing whitespace
[1.162s] from nav_msgs.msg import Odometry 
[1.163s]                                  ^
[1.163s] 
[1.163s] ./turtle_brick/turtle_robot.py:14:1: F401 'turtlesim.msg.Pose' imported but unused
[1.163s] from turtlesim.msg import Pose
[1.163s] ^
[1.163s] 
[1.163s] ./turtle_brick/turtle_robot.py:15:1: F401 'visualization_msgs.msg.Marker' imported but unused
[1.163s] from visualization_msgs.msg import Marker 
[1.164s] ^
[1.164s] 
[1.164s] ./turtle_brick/turtle_robot.py:15:42: W291 trailing whitespace
[1.164s] from visualization_msgs.msg import Marker 
[1.164s]                                          ^
[1.164s] 
[1.164s] ./turtle_brick/turtle_robot.py:16:45: W291 trailing whitespace
[1.164s] from turtle_brick_interfaces.msg import Tilt 
[1.165s]                                             ^
[1.165s] 
[1.165s] ./turtle_brick/turtle_robot.py:17:12: W291 trailing whitespace
[1.165s] import math 
[1.165s]            ^
[1.165s] 
[1.165s] ./turtle_brick/turtle_robot.py:18:1: E265 block comment should start with '# '
[1.165s] #from .quaternion import angle_axis_to_quaternion
[1.166s] ^
[1.166s] 
[1.166s] ./turtle_brick/turtle_robot.py:21:19: E261 at least two spaces before inline comment
[1.166s] def turtle_odom():#, child_id, x,y,z,):
[1.166s]                   ^
[1.166s] 
[1.167s] ./turtle_brick/turtle_robot.py:21:19: E262 inline comment should start with '# '
[1.167s] def turtle_odom():#, child_id, x,y,z,):
[1.167s]                   ^
[1.167s] 
[1.167s] ./turtle_brick/turtle_robot.py:22:1: W293 blank line contains whitespace
[1.167s]     
[1.167s] ^
[1.167s] 
[1.168s] ./turtle_brick/turtle_robot.py:23:5: E265 block comment should start with '# '
[1.168s]     ##and how to write the return
[1.168s]     ^
[1.168s] 
[1.168s] ./turtle_brick/turtle_robot.py:24:5: E265 block comment should start with '# '
[1.168s]     #returns the joint state of the robot
[1.168s]     ^
[1.168s] 
[1.169s] ./turtle_brick/turtle_robot.py:26:1: W293 blank line contains whitespace
[1.169s]     
[1.169s] ^
[1.169s] 
[1.169s] ./turtle_brick/turtle_robot.py:27:1: E302 expected 2 blank lines, found 1
[1.169s] def turtle_twist(xdot, ydot, omega):
[1.169s] ^
[1.169s] 
[1.170s] ./turtle_brick/turtle_robot.py:37:24: E251 unexpected spaces around keyword / parameter equals
[1.170s]     return Twist(linear = Vector3(x = xdot, y = ydot, z = 0.0),
[1.170s]                        ^
[1.170s] 
[1.170s] ./turtle_brick/turtle_robot.py:37:26: E251 unexpected spaces around keyword / parameter equals
[1.170s]     return Twist(linear = Vector3(x = xdot, y = ydot, z = 0.0),
[1.170s]                          ^
[1.170s] 
[1.171s] ./turtle_brick/turtle_robot.py:37:36: E251 unexpected spaces around keyword / parameter equals
[1.171s]     return Twist(linear = Vector3(x = xdot, y = ydot, z = 0.0),
[1.171s]                                    ^
[1.171s] 
[1.171s] ./turtle_brick/turtle_robot.py:37:38: E251 unexpected spaces around keyword / parameter equals
[1.171s]     return Twist(linear = Vector3(x = xdot, y = ydot, z = 0.0),
[1.172s]                                      ^
[1.172s] 
[1.172s] ./turtle_brick/turtle_robot.py:37:46: E251 unexpected spaces around keyword / parameter equals
[1.172s]     return Twist(linear = Vector3(x = xdot, y = ydot, z = 0.0),
[1.172s]                                              ^
[1.172s] 
[1.172s] ./turtle_brick/turtle_robot.py:37:48: E251 unexpected spaces around keyword / parameter equals
[1.173s]     return Twist(linear = Vector3(x = xdot, y = ydot, z = 0.0),
[1.173s]                                                ^
[1.173s] 
[1.173s] ./turtle_brick/turtle_robot.py:37:56: E251 unexpected spaces around keyword / parameter equals
[1.173s]     return Twist(linear = Vector3(x = xdot, y = ydot, z = 0.0),
[1.173s]                                                        ^
[1.173s] 
[1.173s] ./turtle_brick/turtle_robot.py:37:58: E251 unexpected spaces around keyword / parameter equals
[1.174s]     return Twist(linear = Vector3(x = xdot, y = ydot, z = 0.0),
[1.174s]                                                          ^
[1.174s] 
[1.174s] ./turtle_brick/turtle_robot.py:38:17: E128 continuation line under-indented for visual indent
[1.174s]                 angular = Vector3(x = 0.0, y = 0.0, z = omega))
[1.174s]                 ^
[1.174s] 
[1.174s] ./turtle_brick/turtle_robot.py:38:24: E251 unexpected spaces around keyword / parameter equals
[1.174s]                 angular = Vector3(x = 0.0, y = 0.0, z = omega))
[1.175s]                        ^
[1.175s] 
[1.175s] ./turtle_brick/turtle_robot.py:38:26: E251 unexpected spaces around keyword / parameter equals
[1.175s]                 angular = Vector3(x = 0.0, y = 0.0, z = omega))
[1.175s]                          ^
[1.175s] 
[1.175s] ./turtle_brick/turtle_robot.py:38:36: E251 unexpected spaces around keyword / parameter equals
[1.175s]                 angular = Vector3(x = 0.0, y = 0.0, z = omega))
[1.176s]                                    ^
[1.176s] 
[1.176s] ./turtle_brick/turtle_robot.py:38:38: E251 unexpected spaces around keyword / parameter equals
[1.176s]                 angular = Vector3(x = 0.0, y = 0.0, z = omega))
[1.176s]                                      ^
[1.176s] 
[1.176s] ./turtle_brick/turtle_robot.py:38:45: E251 unexpected spaces around keyword / parameter equals
[1.176s]                 angular = Vector3(x = 0.0, y = 0.0, z = omega))
[1.177s]                                             ^
[1.177s] 
[1.177s] ./turtle_brick/turtle_robot.py:38:47: E251 unexpected spaces around keyword / parameter equals
[1.177s]                 angular = Vector3(x = 0.0, y = 0.0, z = omega))
[1.177s]                                               ^
[1.177s] 
[1.177s] ./turtle_brick/turtle_robot.py:38:54: E251 unexpected spaces around keyword / parameter equals
[1.177s]                 angular = Vector3(x = 0.0, y = 0.0, z = omega))
[1.178s]                                                      ^
[1.178s] 
[1.178s] ./turtle_brick/turtle_robot.py:38:56: E251 unexpected spaces around keyword / parameter equals
[1.178s]                 angular = Vector3(x = 0.0, y = 0.0, z = omega))
[1.178s]                                                        ^
[1.178s] 
[1.178s] ./turtle_brick/turtle_robot.py:40:1: E302 expected 2 blank lines, found 1
[1.178s] class Turtle_robot(Node):
[1.178s] ^
[1.179s] 
[1.179s] ./turtle_brick/turtle_robot.py:45:9: E265 block comment should start with '# '
[1.179s]         #params
[1.179s]         ^
[1.179s] 
[1.179s] ./turtle_brick/turtle_robot.py:46:33: W291 trailing whitespace
[1.179s]         self.declare_parameters( 
[1.179s]                                 ^
[1.180s] 
[1.180s] ./turtle_brick/turtle_robot.py:51:32: E231 missing whitespace after ','
[1.180s]                 ('max_velocity',0.0),
[1.180s]                                ^
[1.180s] 
[1.180s] ./turtle_brick/turtle_robot.py:52:27: E231 missing whitespace after ','
[1.180s]                 ('gravity',0.0)
[1.180s]                           ^
[1.181s] 
[1.181s] ./turtle_brick/turtle_robot.py:62:65: E231 missing whitespace after ','
[1.181s]         self.joint_publisher_ = self.create_publisher(JointState,'/joint_states',qos_profile)
[1.181s]                                                                 ^
[1.181s] 
[1.181s] ./turtle_brick/turtle_robot.py:62:81: E231 missing whitespace after ','
[1.181s]         self.joint_publisher_ = self.create_publisher(JointState,'/joint_states',qos_profile)
[1.181s]                                                                                 ^
[1.182s] 
[1.182s] ./turtle_brick/turtle_robot.py:63:55: E231 missing whitespace after ','
[1.182s]         self.odom_pub = self.create_publisher(Odometry,'odom',10)
[1.182s]                                                       ^
[1.182s] 
[1.182s] ./turtle_brick/turtle_robot.py:63:62: E231 missing whitespace after ','
[1.182s]         self.odom_pub = self.create_publisher(Odometry,'odom',10)
[1.183s]                                                              ^
[1.183s] 
[1.183s] ./turtle_brick/turtle_robot.py:64:51: E231 missing whitespace after ','
[1.183s]         self.vel_pub = self.create_publisher(Twist,'/cmd_vel',10)
[1.183s]                                                   ^
[1.183s] 
[1.183s] ./turtle_brick/turtle_robot.py:64:62: E231 missing whitespace after ','
[1.184s]         self.vel_pub = self.create_publisher(Twist,'/cmd_vel',10)
[1.184s]                                                              ^
[1.184s] 
[1.184s] ./turtle_brick/turtle_robot.py:66:61: E231 missing whitespace after ','
[1.184s]         self.goal_sub = self.create_subscription(PoseStamped,'/goal_pose',self.pose_callback,10)
[1.184s]                                                             ^
[1.184s] 
[1.184s] ./turtle_brick/turtle_robot.py:66:74: E231 missing whitespace after ','
[1.185s]         self.goal_sub = self.create_subscription(PoseStamped,'/goal_pose',self.pose_callback,10)
[1.185s]                                                                          ^
[1.185s] 
[1.185s] ./turtle_brick/turtle_robot.py:66:93: E231 missing whitespace after ','
[1.185s]         self.goal_sub = self.create_subscription(PoseStamped,'/goal_pose',self.pose_callback,10)
[1.185s]                                                                                             ^
[1.185s] 
[1.185s] ./turtle_brick/turtle_robot.py:67:54: E231 missing whitespace after ','
[1.186s]         self.tilt_sub = self.create_subscription(Tilt,'tilt',self.tilt_callback,10)
[1.186s]                                                      ^
[1.186s] 
[1.186s] ./turtle_brick/turtle_robot.py:67:61: E231 missing whitespace after ','
[1.186s]         self.tilt_sub = self.create_subscription(Tilt,'tilt',self.tilt_callback,10)
[1.186s]                                                             ^
[1.186s] 
[1.186s] ./turtle_brick/turtle_robot.py:67:80: E231 missing whitespace after ','
[1.187s]         self.tilt_sub = self.create_subscription(Tilt,'tilt',self.tilt_callback,10)
[1.187s]                                                                                ^
[1.187s] 
[1.187s] ./turtle_brick/turtle_robot.py:69:53: W291 trailing whitespace
[1.187s]         # Static broadcasters publish on /tf_static.        
[1.187s]                                                     ^
[1.187s] 
[1.187s] ./turtle_brick/turtle_robot.py:73:1: W293 blank line contains whitespace
[1.188s]         
[1.188s] ^
[1.188s] 
[1.188s] ./turtle_brick/turtle_robot.py:82:9: E265 block comment should start with '# '
[1.188s]         #positions 
[1.188s]         ^
[1.188s] 
[1.188s] ./turtle_brick/turtle_robot.py:82:19: W291 trailing whitespace
[1.189s]         #positions 
[1.189s]                   ^
[1.189s] 
[1.189s] ./turtle_brick/turtle_robot.py:83:28: W291 trailing whitespace
[1.189s]         self.currentx = 0.0 
[1.189s]                            ^
[1.189s] 
[1.190s] ./turtle_brick/turtle_robot.py:100:9: E265 block comment should start with '# '
[1.190s]         #joint state publisher
[1.190s]         ^
[1.190s] 
[1.190s] ./turtle_brick/turtle_robot.py:110:1: W293 blank line contains whitespace
[1.190s]     
[1.190s] ^
[1.190s] 
[1.191s] ./turtle_brick/turtle_robot.py:111:27: E231 missing whitespace after ','
[1.191s]     def pose_callback(self,msg):
[1.191s]                           ^
[1.191s] 
[1.191s] ./turtle_brick/turtle_robot.py:112:83: E231 missing whitespace after ','
[1.191s]         self.get_logger().info('message recieved: %f %f %f' % (msg.pose.position.x,msg.pose.position.y,msg.pose.orientation.z) )
[1.192s]                                                                                   ^
[1.192s] 
[1.192s] ./turtle_brick/turtle_robot.py:112:100: E501 line too long (128 > 99 characters)
[1.192s]         self.get_logger().info('message recieved: %f %f %f' % (msg.pose.position.x,msg.pose.position.y,msg.pose.orientation.z) )
[1.192s]                                                                                                    ^
[1.192s] 
[1.192s] ./turtle_brick/turtle_robot.py:112:103: E231 missing whitespace after ','
[1.192s]         self.get_logger().info('message recieved: %f %f %f' % (msg.pose.position.x,msg.pose.position.y,msg.pose.orientation.z) )
[1.192s]                                                                                                       ^
[1.193s] 
[1.193s] ./turtle_brick/turtle_robot.py:112:127: E202 whitespace before ')'
[1.193s]         self.get_logger().info('message recieved: %f %f %f' % (msg.pose.position.x,msg.pose.position.y,msg.pose.orientation.z) )
[1.193s]                                                                                                                               ^
[1.193s] 
[1.193s] ./turtle_brick/turtle_robot.py:122:27: E231 missing whitespace after ','
[1.193s]     def tilt_callback(self,msg):
[1.194s]                           ^
[1.194s] 
[1.194s] ./turtle_brick/turtle_robot.py:123:88: E202 whitespace before ')'
[1.194s]         self.get_logger().info('message recieved: "%s %s"' % (msg.alpha, type(msg.alpha )))
[1.194s]                                                                                        ^
[1.194s] 
[1.194s] ./turtle_brick/turtle_robot.py:126:5: E303 too many blank lines (2)
[1.195s]     def timer_callback(self):
[1.195s]     ^
[1.195s] 
[1.195s] ./turtle_brick/turtle_robot.py:130:46: E231 missing whitespace after ','
[1.195s]         self.joint_state.name = ['stem_wheel','base_stem','link_platform1']
[1.195s]                                              ^
[1.195s] 
[1.195s] ./turtle_brick/turtle_robot.py:130:58: E231 missing whitespace after ','
[1.196s]         self.joint_state.name = ['stem_wheel','base_stem','link_platform1']
[1.196s]                                                          ^
[1.196s] 
[1.196s] ./turtle_brick/turtle_robot.py:132:68: W291 trailing whitespace
[1.196s]         self.odom_base_link.transform.translation.x = self.currentx 
[1.197s]                                                                    ^
[1.197s] 
[1.198s] ./turtle_brick/turtle_robot.py:133:68: W291 trailing whitespace
[1.198s]         self.odom_base_link.transform.translation.y = self.currenty 
[1.198s]                                                                    ^
[1.198s] 
[1.198s] ./turtle_brick/turtle_robot.py:134:1: W293 blank line contains whitespace
[1.198s]         
[1.199s] ^
[1.199s] 
[1.199s] ./turtle_brick/turtle_robot.py:140:9: E265 block comment should start with '# '
[1.199s]         #publisher and broadcaster
[1.199s]         ^
[1.199s] 
[1.200s] ./turtle_brick/turtle_robot.py:141:1: W293 blank line contains whitespace
[1.200s]                
[1.200s] ^
[1.200s] 
[1.200s] ./turtle_brick/turtle_robot.py:142:42: W291 trailing whitespace
[1.200s]         # self.odom_pub.publish(odometry)  
[1.200s]                                          ^
[1.201s] 
[1.201s] ./turtle_brick/turtle_robot.py:143:38: W291 trailing whitespace
[1.201s]         # self.vel_pub.publish(twist)  
[1.201s]                                      ^
[1.201s] 
[1.201s] ./turtle_brick/turtle_robot.py:145:9: E265 block comment should start with '# '
[1.201s]         #broadcasting 
[1.202s]         ^
[1.202s] 
[1.202s] ./turtle_brick/turtle_robot.py:145:22: W291 trailing whitespace
[1.202s]         #broadcasting 
[1.202s]                      ^
[1.202s] 
[1.202s] ./turtle_brick/turtle_robot.py:146:56: W291 trailing whitespace
[1.202s]         self.joint_publisher_.publish(self.joint_state) 
[1.202s]                                                        ^
[1.203s] 
[1.203s] ./turtle_brick/turtle_robot.py:169:1: W293 blank line contains whitespace
[1.203s]         
[1.203s] ^
[1.203s] 
[1.203s] ./turtle_brick/turtle_robot.py:170:1: W293 blank line contains whitespace
[1.203s]         
[1.203s] ^
[1.204s] 
[1.204s] ./turtle_brick/turtle_robot.py:172:1: E303 too many blank lines (4)
[1.204s] def main(args=None):
[1.204s] ^
[1.204s] 
[1.204s] ./turtle_brick/turtle_robot.py:174:16: E225 missing whitespace around operator
[1.204s]     turtleRobot= Turtle_robot()
[1.204s]                ^
[1.204s] 
[1.204s] ./turtle_brick/turtle_robot.py:176:19: W291 trailing whitespace
[1.204s]     rclpy.shutdown 
[1.204s]                   ^
[1.205s] 
[1.205s] ./turtle_brick/turtle_robot.py:178:1: W391 blank line at end of file
[1.205s] 
[1.205s] ^
[1.205s] 
[1.205s] ./turtle_brick/catcher.py:17:1: F401 'tf2_ros.static_transform_broadcaster.StaticTransformBroadcaster' imported but unused
[1.205s] from tf2_ros.static_transform_broadcaster import StaticTransformBroadcaster
[1.205s] ^
[1.205s] 
[1.205s] ./turtle_brick/catcher.py:18:1: F401 'tf2_ros.TransformBroadcaster' imported but unused
[1.205s] from tf2_ros import TransformBroadcaster
[1.205s] ^
[1.205s] 
[1.205s] ./turtle_brick/catcher.py:19:1: F401 'geometry_msgs.msg.TransformStamped' imported but unused
[1.206s] from geometry_msgs.msg import TransformStamped
[1.206s] ^
[1.206s] 
[1.206s] ./turtle_brick/catcher.py:20:1: F401 'math.pi' imported but unused
[1.206s] from math import pi
[1.206s] ^
[1.206s] 
[1.206s] ./turtle_brick/catcher.py:21:1: F401 '.quaternion.angle_axis_to_quaternion' imported but unused
[1.206s] from .quaternion import angle_axis_to_quaternion
[1.206s] ^
[1.206s] 
[1.206s] ./turtle_brick/catcher.py:23:1: E265 block comment should start with '# '
[1.206s] #states
[1.206s] ^
[1.206s] 
[1.207s] ./turtle_brick/catcher.py:24:1: E265 block comment should start with '# '
[1.207s] #WAIT
[1.207s] ^
[1.207s] 
[1.207s] ./turtle_brick/catcher.py:25:1: E265 block comment should start with '# '
[1.207s] #FAIL
[1.207s] ^
[1.207s] 
[1.207s] ./turtle_brick/catcher.py:26:1: E265 block comment should start with '# '
[1.207s] #CATCH
[1.207s] ^
[1.207s] 
[1.207s] ./turtle_brick/catcher.py:27:1: E302 expected 2 blank lines, found 1
[1.207s] class Catcher(Node):
[1.207s] ^
[1.208s] 
[1.208s] ./turtle_brick/catcher.py:39:9: E265 block comment should start with '# '
[1.208s]         #client to place topic and place callback
[1.208s]         ^
[1.208s] 
[1.208s] ./turtle_brick/catcher.py:40:9: E265 block comment should start with '# '
[1.208s]         #client to drop topic and drop callback
[1.208s]         ^
[1.208s] 
[1.208s] ./turtle_brick/catcher.py:41:9: E265 block comment should start with '# '
[1.208s]         #publish to goal_pose
[1.208s]         ^
[1.208s] 
[1.208s] ./turtle_brick/catcher.py:43:1: W293 blank line contains whitespace
[1.208s]     
[1.209s] ^
[1.209s] 
[1.209s] ./turtle_brick/catcher.py:44:5: E265 block comment should start with '# '
[1.209s]     #place callback grabs x,y,z placement 
[1.209s]     ^
[1.209s] 
[1.209s] ./turtle_brick/catcher.py:44:42: W291 trailing whitespace
[1.209s]     #place callback grabs x,y,z placement 
[1.209s]                                          ^
[1.209s] 
[1.209s] ./turtle_brick/catcher.py:45:9: E265 block comment should start with '# '
[1.210s]         #calc time takes robot to move to x,y position from current position in max velocity speed (0.22)
[1.210s]         ^
[1.210s] 
[1.210s] ./turtle_brick/catcher.py:45:100: E501 line too long (105 > 99 characters)
[1.210s]         #calc time takes robot to move to x,y position from current position in max velocity speed (0.22)
[1.210s]                                                                                                    ^
[1.210s] 
[1.210s] ./turtle_brick/catcher.py:46:9: E265 block comment should start with '# '
[1.210s]         #calc time it takes for brick to fall from placed height to platform height
[1.210s]         ^
[1.210s] 
[1.210s] ./turtle_brick/catcher.py:47:9: E265 block comment should start with '# '
[1.211s]         #if time robot < time fall --> CATCH
[1.211s]         ^
[1.211s] 
[1.211s] ./turtle_brick/catcher.py:48:9: E265 block comment should start with '# '
[1.211s]         #if time robot > time fall --> FAIL
[1.211s]         ^
[1.211s] 
[1.211s] ./turtle_brick/catcher.py:49:5: E265 block comment should start with '# '
[1.211s]     #drop callback 
[1.211s]     ^
[1.211s] 
[1.211s] ./turtle_brick/catcher.py:49:19: W291 trailing whitespace
[1.211s]     #drop callback 
[1.212s]                   ^
[1.212s] 
[1.212s] ./turtle_brick/catcher.py:51:27: W291 trailing whitespace
[1.212s]         # if state = catch 
[1.212s]                           ^
[1.212s] 
[1.212s] ./turtle_brick/catcher.py:53:1: W293 blank line contains whitespace
[1.212s]         
[1.212s] ^
[1.212s] 
[1.212s] ./turtle_brick/catcher.py:64:21: W292 no newline at end of file
[1.212s]     rclpy.shutdown()                    ^
[1.212s] 
[1.212s] ./launch/show_turtle.launch.py:1:1: F401 'ament_index_python.packages.get_package_share_path' imported but unused
[1.212s] from ament_index_python.packages import get_package_share_path,get_package_share_directory
[1.213s] ^
[1.213s] 
[1.213s] ./launch/show_turtle.launch.py:1:63: E231 missing whitespace after ','
[1.213s] from ament_index_python.packages import get_package_share_path,get_package_share_directory
[1.213s]                                                               ^
[1.213s] 
[1.213s] ./launch/show_turtle.launch.py:5:1: F401 'launch.conditions.UnlessCondition' imported but unused
[1.213s] from launch.conditions import IfCondition, UnlessCondition
[1.213s] ^
[1.213s] 
[1.213s] ./launch/show_turtle.launch.py:11:1: E302 expected 2 blank lines, found 1
[1.213s] def generate_launch_description():
[1.214s] ^
[1.214s] 
[1.214s] ./launch/show_turtle.launch.py:12:22: E225 missing whitespace around operator
[1.214s]     turtle_brick_path= 'src/turtle_brick'
[1.214s]                      ^
[1.214s] 
[1.214s] ./launch/show_turtle.launch.py:14:51: E225 missing whitespace around operator
[1.214s]     default_rviz_config_path = turtle_brick_path +'/config/turtle_urdf.rviz'
[1.215s]                                                   ^
[1.215s] 
[1.215s] ./launch/show_turtle.launch.py:15:1: W293 blank line contains whitespace
[1.215s]     
[1.215s] ^
[1.215s] 
[1.215s] ./launch/show_turtle.launch.py:16:5: F841 local variable 'use_sim_time' is assigned to but never used
[1.215s]     use_sim_time = LaunchConfiguration('use_sim_time', default='false')
[1.216s]     ^
[1.216s] 
[1.216s] ./launch/show_turtle.launch.py:18:100: E501 line too long (115 > 99 characters)
[1.216s]     use_jsp_arg = DeclareLaunchArgument(name='use_jsp', default_value='"gui"', choices=['"gui"', '"jsp"','"none"'],
[1.216s]                                                                                                    ^
[1.216s] 
[1.216s] ./launch/show_turtle.launch.py:18:105: E231 missing whitespace after ','
[1.216s]     use_jsp_arg = DeclareLaunchArgument(name='use_jsp', default_value='"gui"', choices=['"gui"', '"jsp"','"none"'],
[1.216s]                                                                                                         ^
[1.216s] 
[1.216s] ./launch/show_turtle.launch.py:19:37: E128 continuation line under-indented for visual indent
[1.216s]                                     description='Flag to enable joint_state_publisher_gui')#change
[1.217s]                                     ^
[1.217s] 
[1.217s] ./launch/show_turtle.launch.py:19:92: E261 at least two spaces before inline comment
[1.217s]                                     description='Flag to enable joint_state_publisher_gui')#change
[1.217s]                                                                                            ^
[1.217s] 
[1.217s] ./launch/show_turtle.launch.py:19:92: E262 inline comment should start with '# '
[1.217s]                                     description='Flag to enable joint_state_publisher_gui')#change
[1.217s]                                                                                            ^
[1.217s] 
[1.217s] ./launch/show_turtle.launch.py:22:100: E501 line too long (100 > 99 characters)
[1.217s]     rviz_arg = DeclareLaunchArgument(name='rvizconfig', default_value=str(default_rviz_config_path),
[1.218s]                                                                                                    ^
[1.218s] 
[1.218s] ./launch/show_turtle.launch.py:36:89: E231 missing whitespace after ','
[1.218s]         parameters=[{'robot_description': robot_description, 'publish_frequency': 100.0},config,]
[1.218s]                                                                                         ^
[1.218s] 
[1.218s] ./launch/show_turtle.launch.py:36:96: E231 missing whitespace after ','
[1.218s]         parameters=[{'robot_description': robot_description, 'publish_frequency': 100.0},config,]
[1.218s]                                                                                                ^
[1.218s] 
[1.218s] ./launch/show_turtle.launch.py:43:56: E231 missing whitespace after ','
[1.218s]         condition=IfCondition(PythonExpression([use_jsp,"=='jsp'"]))
[1.218s]                                                        ^
[1.218s] 
[1.218s] ./launch/show_turtle.launch.py:49:56: E231 missing whitespace after ','
[1.219s]         condition=IfCondition(PythonExpression([use_jsp,"=='gui'"]))
[1.219s]                                                        ^
[1.219s] 
[1.219s] ./launch/show_turtle.launch.py:68:7: W292 no newline at end of file
[1.219s]     ])      ^
[1.219s] 
[1.219s] [33m=============================== warnings summary ===============================[0m
[1.219s] ./launch/run_turtle.launch.py:2:1: F401 'ament_index_python.packages.get_package_share_path' imported but unused
[1.219s] from ament_index_python.packages import get_package_share_path, get_package_share_directory
[1.219s] ^
[1.219s] 
[1.220s] ./launch/run_turtle.launch.py:5:1: F401 'launch.actions.DeclareLaunchArgument' imported but unused
[1.220s] from launch.actions import DeclareLaunchArgument, IncludeLaunchDescription
[1.220s] ^
[1.220s] 
[1.220s] ./launch/run_turtle.launch.py:6:1: F401 'launch.conditions.IfCondition' imported but unused
[1.220s] from launch.conditions import IfCondition, UnlessCondition
[1.220s] ^
[1.220s] 
[1.221s] ./launch/run_turtle.launch.py:6:1: F401 'launch.conditions.UnlessCondition' imported but unused
[1.221s] from launch.conditions import IfCondition, UnlessCondition
[1.221s] ^
[1.221s] 
[1.221s] ./launch/run_turtle.launch.py:7:1: F401 'launch.substitutions.Command' imported but unused
[1.221s] from launch.substitutions import Command, LaunchConfiguration, PathJoinSubstitution
[1.221s] ^
[1.221s] 
[1.222s] ./launch/run_turtle.launch.py:7:1: F401 'launch.substitutions.LaunchConfiguration' imported but unused
[1.222s] from launch.substitutions import Command, LaunchConfiguration, PathJoinSubstitution
[1.222s] ^
[1.222s] 
[1.222s] ./launch/run_turtle.launch.py:10:1: F401 'launch_ros.parameter_descriptions.ParameterValue' imported but unused
[1.222s] from launch_ros.parameter_descriptions import ParameterValue
[1.222s] ^
[1.222s] 
[1.222s] ./launch/run_turtle.launch.py:43:1: W293 blank line contains whitespace
[1.222s]         
[1.222s] ^
[1.223s] 
[1.223s] ./launch/run_turtle.launch.py:44:7: W292 no newline at end of file
[1.223s]     ])      ^
[1.223s] 
[1.223s] 2     E128 continuation line under-indented for visual indent
[1.223s] 2     E202 whitespace before ')'
[1.223s] 5     E225 missing whitespace around operator
[1.223s] 38    E231 missing whitespace after ','
[1.224s] 16    E251 unexpected spaces around keyword / parameter equals
[1.224s] 4     E261 at least two spaces before inline comment
[1.224s] 4     E262 inline comment should start with '# '
[1.224s] 35    E265 block comment should start with '# '
[1.224s] 6     E302 expected 2 blank lines, found 1
[1.224s] 5     E303 too many blank lines (2)
[1.224s] 6     E501 line too long (115 > 99 characters)
[1.224s] 24    F401 'ament_index_python.packages.get_package_share_path' imported but unused
[1.224s] 2     F841 local variable 'use_sim_time' is assigned to but never used
[1.225s] 28    W291 trailing whitespace
[1.225s] 3     W292 no newline at end of file
[1.225s] 16    W293 blank line contains whitespace
[1.225s] 2     W391 blank line at end of file
[1.225s] 
[1.225s] 10 files checked
[1.225s] 198 errors
[1.225s] 
[1.226s] 'E'-type errors: 123
[1.226s] 'F'-type errors: 26
[1.226s] 'W'-type errors: 49
[1.226s] 
[1.226s] Checked files:
[1.226s] 
[1.226s] * ./setup.py
[1.226s] * ./turtle_brick/arena.py
[1.226s] * ./turtle_brick/turtle_robot.py
[1.227s] * ./turtle_brick/catcher.py
[1.227s] * ./turtle_brick/__init__.py
[1.227s] * ./test/test_flake8.py
[1.227s] * ./test/test_copyright.py
[1.227s] * ./test/test_pep257.py
[1.227s] * ./launch/show_turtle.launch.py
[1.227s] * ./launch/run_turtle.launch.py
[1.227s] ----------------------------- Captured stderr call -----------------------------
[1.228s] option --max-complexity: please update from optparse string `type=` to argparse callable `type=` -- this will be an error in the future
[1.228s] [31m[1m_________________________________ test_pep257 __________________________________[0m
[1.228s] [1m[31mtest/test_pep257.py[0m:23: in test_pep257
[1.228s]     [94massert[39;49;00m rc == [94m0[39;49;00m, [33m'[39;49;00m[33mFound code style errors / warnings[39;49;00m[33m'[39;49;00m
[1.228s] [1m[31mE   AssertionError: Found code style errors / warnings[0m
[1.228s] [1m[31mE   assert 1 == 0[0m
[1.228s] ----------------------------- Captured stdout call -----------------------------
[1.228s] checking ./launch/run_turtle.launch.py
[1.228s] checking ./launch/show_turtle.launch.py
[1.228s] checking ./setup.py
[1.229s] checking ./test/test_copyright.py
[1.229s] checking ./test/test_flake8.py
[1.229s] checking ./test/test_pep257.py
[1.229s] checking ./turtle_brick/__init__.py
[1.229s] checking ./turtle_brick/arena.py
[1.229s] ./turtle_brick/arena.py:33 in public class `BState`: D200: One-line docstring should fit on one line with quotes (found 2)
[1.229s] ./turtle_brick/arena.py:33 in public class `BState`: D204: 1 blank line required after class docstring (found 0)
[1.229s] ./turtle_brick/arena.py:33 in public class `BState`: D210: No whitespaces allowed surrounding docstring text
[1.229s] ./turtle_brick/arena.py:33 in public class `BState`: D213: Multi-line docstring summary should start at the second line
[1.229s] test/test_flake8.py::test_flake8
[1.230s] test/test_flake8.py::test_flake8
[1.230s]   Warning: SelectableGroups dict interface is deprecated. Use select.
[1.230s] 
[1.230s] -- Docs: https://docs.pytest.org/en/stable/warnings.html
[1.230s] ./turtle_brick/arena.py:40 in public class `Arena`: D200: One-line docstring should fit on one line with quotes (found 3)
[1.230s] ./turtle_brick/arena.py:40 in public class `Arena`: D204: 1 blank line required after class docstring (found 0)
[1.230s] ./turtle_brick/arena.py:40 in public class `Arena`: D400: First line should end with a period (not 's')
[1.231s] ./turtle_brick/arena.py:40 in public class `Arena`: D415: First line should end with a period, question mark, or exclamation point (not 's')
[1.231s] checking ./turtle_brick/catcher.py
[1.231s] checking ./turtle_brick/turtle_robot.py
[1.231s] ./turtle_brick/turtle_robot.py:1 at module level: D200: One-line docstring should fit on one line with quotes (found 4)
[1.231s] ./turtle_brick/turtle_robot.py:1 at module level: D400: First line should end with a period (not 'e')
[1.231s] ./turtle_brick/turtle_robot.py:1 at module level: D415: First line should end with a period, question mark, or exclamation point (not 'e')
[1.231s] ./turtle_brick/turtle_robot.py:28 in public function `turtle_twist`: D210: No whitespaces allowed surrounding docstring text
[1.232s] ./turtle_brick/turtle_robot.py:28 in public function `turtle_twist`: D213: Multi-line docstring summary should start at the second line
[1.232s] ./turtle_brick/turtle_robot.py:28 in public function `turtle_twist`: D400: First line should end with a period (not 'e')
[1.232s] ./turtle_brick/turtle_robot.py:28 in public function `turtle_twist`: D415: First line should end with a period, question mark, or exclamation point (not 'e')
[1.232s] ./turtle_brick/turtle_robot.py:28 in public function `turtle_twist`: D413: Missing blank line after last section ('Returns')
[1.232s] ./turtle_brick/turtle_robot.py:28 in public function `turtle_twist`: D407: Missing dashed underline after section ('Returns')
[1.232s] ./turtle_brick/turtle_robot.py:28 in public function `turtle_twist`: D406: Section name should end with a newline ('Returns', not 'Returns:')
[1.232s] ./turtle_brick/turtle_robot.py:41 in public class `Turtle_robot`: D200: One-line docstring should fit on one line with quotes (found 2)
[1.233s] ./turtle_brick/turtle_robot.py:41 in public class `Turtle_robot`: D204: 1 blank line required after class docstring (found 0)
[1.233s] ./turtle_brick/turtle_robot.py:41 in public class `Turtle_robot`: D210: No whitespaces allowed surrounding docstring text
[1.233s] ./turtle_brick/turtle_robot.py:41 in public class `Turtle_robot`: D213: Multi-line docstring summary should start at the second line
[1.233s] ./turtle_brick/turtle_robot.py:41 in public class `Turtle_robot`: D400: First line should end with a period (not 'e')
[1.233s] ./turtle_brick/turtle_robot.py:41 in public class `Turtle_robot`: D415: First line should end with a period, question mark, or exclamation point (not 'e')
[1.233s] checking test/test_copyright.py
[1.233s] checking test/test_flake8.py
[1.234s] checking test/test_pep257.py
[1.234s] 24 errors
[1.234s] - generated xml file: /home/alyssa/homework2-alyssa225/build/turtle_brick/pytest.xml -
[1.234s] =========================== short test summary info ============================
[1.234s] FAILED test/test_flake8.py::test_flake8 - AssertionError: Found 198 code styl...
[1.234s] FAILED test/test_pep257.py::test_pep257 - AssertionError: Found code style er...
[1.234s] [31m=================== [31m[1m2 failed[0m, [33m1 skipped[0m, [33m2 warnings[0m[31m in 0.46s[0m[31m ===================[0m
[1.235s] Invoked command in '/home/alyssa/homework2-alyssa225/src/turtle_brick' returned '1': AMENT_PREFIX_PATH=/home/alyssa/homework2-alyssa225/install/turtle_brick:/home/alyssa/homework2-alyssa225/install/turtle_brick_interfaces:/home/alyssa/homework2-alyssa225/src/install/turtle_brick_interfaces:/home/alyssa/homework2-alyssa225/src/install/turtle_brick:/opt/ros/humble PYTEST_ADDOPTS=--tb=short --junit-xml=/home/alyssa/homework2-alyssa225/build/turtle_brick/pytest.xml --junit-prefix=turtle_brick -o cache_dir=/home/alyssa/homework2-alyssa225/build/turtle_brick/.pytest_cache PYTHONPATH=/home/alyssa/homework2-alyssa225/install/turtle_brick/lib/python3.10/site-packages:/home/alyssa/homework2-alyssa225/install/turtle_brick_interfaces/local/lib/python3.10/dist-packages:/home/alyssa/homework2-alyssa225/src/install/turtle_brick_interfaces/local/lib/python3.10/dist-packages:/home/alyssa/homework2-alyssa225/src/install/turtle_brick/lib/python3.10/site-packages:/opt/ros/humble/lib/python3.10/site-packages:/opt/ros/humble/local/lib/python3.10/dist-packages /usr/bin/python3 -m pytest
