[  2%] Built target turtle_brick_interfaces__cpp
[  4%] [32mBuilding C object CMakeFiles/turtle_brick_interfaces__rosidl_generator_c.dir/rosidl_generator_c/turtle_brick_interfaces/srv/detail/drop__functions.c.o[0m
[  4%] Built target ament_cmake_python_copy_turtle_brick_interfaces
In file included from [01m[K/home/alyssa/homework2-alyssa225/build/turtle_brick_interfaces/rosidl_generator_c/turtle_brick_interfaces/srv/detail/drop__functions.h:19[m[K,
                 from [01m[K/home/alyssa/homework2-alyssa225/build/turtle_brick_interfaces/rosidl_generator_c/turtle_brick_interfaces/srv/detail/drop__functions.c:4[m[K:
[01m[K/home/alyssa/homework2-alyssa225/build/turtle_brick_interfaces/rosidl_generator_c/turtle_brick_interfaces/srv/detail/drop__struct.h:41:10:[m[K [01;31m[Kfatal error: [m[Kturtle_brick_interfaces/msg/detail/string__struct.h: No such file or directory
   41 | #include [01;31m[K"turtle_brick_interfaces/msg/detail/string__struct.h"[m[K
      |          [01;31m[K^~~~~~~~~~~~~~~~~~~~~~~~~~~~~~~~~~~~~~~~~~~~~~~~~~~~~[m[K
compilation terminated.
[  6%] [32mBuilding CXX object CMakeFiles/turtle_brick_interfaces__rosidl_typesupport_introspection_cpp.dir/rosidl_typesupport_introspection_cpp/turtle_brick_interfaces/srv/detail/drop__type_support.cpp.o[0m
gmake[2]: *** [CMakeFiles/turtle_brick_interfaces__rosidl_generator_c.dir/build.make:165: CMakeFiles/turtle_brick_interfaces__rosidl_generator_c.dir/rosidl_generator_c/turtle_brick_interfaces/srv/detail/drop__functions.c.o] Error 1
gmake[1]: *** [CMakeFiles/Makefile2:213: CMakeFiles/turtle_brick_interfaces__rosidl_generator_c.dir/all] Error 2
gmake[1]: *** Waiting for unfinished jobs....
[  8%] [32mBuilding CXX object CMakeFiles/turtle_brick_interfaces__rosidl_typesupport_cpp.dir/rosidl_typesupport_cpp/turtle_brick_interfaces/srv/drop__type_support.cpp.o[0m
[ 10%] [32mBuilding CXX object CMakeFiles/turtle_brick_interfaces__rosidl_typesupport_fastrtps_cpp.dir/rosidl_typesupport_fastrtps_cpp/turtle_brick_interfaces/srv/detail/dds_fastrtps/drop__type_support.cpp.o[0m
In file included from [01m[K/home/alyssa/homework2-alyssa225/build/turtle_brick_interfaces/rosidl_typesupport_introspection_cpp/turtle_brick_interfaces/srv/detail/drop__type_support.cpp:12[m[K:
[01m[K/home/alyssa/homework2-alyssa225/build/turtle_brick_interfaces/rosidl_generator_cpp/turtle_brick_interfaces/srv/detail/drop__struct.hpp:134:10:[m[K [01;31m[Kfatal error: [m[Kturtle_brick_interfaces/msg/detail/string__struct.hpp: No such file or directory
  134 | #include [01;31m[K"turtle_brick_interfaces/msg/detail/string__struct.hpp"[m[K
      |          [01;31m[K^~~~~~~~~~~~~~~~~~~~~~~~~~~~~~~~~~~~~~~~~~~~~~~~~~~~~~~[m[K
compilation terminated.
gmake[2]: *** [CMakeFiles/turtle_brick_interfaces__rosidl_typesupport_introspection_cpp.dir/build.make:133: CMakeFiles/turtle_brick_interfaces__rosidl_typesupport_introspection_cpp.dir/rosidl_typesupport_introspection_cpp/turtle_brick_interfaces/srv/detail/drop__type_support.cpp.o] Error 1
gmake[1]: *** [CMakeFiles/Makefile2:369: CMakeFiles/turtle_brick_interfaces__rosidl_typesupport_introspection_cpp.dir/all] Error 2
In file included from [01m[K/home/alyssa/homework2-alyssa225/build/turtle_brick_interfaces/rosidl_typesupport_fastrtps_cpp/turtle_brick_interfaces/srv/detail/drop__rosidl_typesupport_fastrtps_cpp.hpp:11[m[K,
                 from [01m[K/home/alyssa/homework2-alyssa225/build/turtle_brick_interfaces/rosidl_typesupport_fastrtps_cpp/turtle_brick_interfaces/srv/detail/dds_fastrtps/drop__type_support.cpp:4[m[K:
[01m[K/home/alyssa/homework2-alyssa225/build/turtle_brick_interfaces/rosidl_generator_cpp/turtle_brick_interfaces/srv/detail/drop__struct.hpp:134:10:[m[K [01;31m[Kfatal error: [m[Kturtle_brick_interfaces/msg/detail/string__struct.hpp: No such file or directory
  134 | #include [01;31m[K"turtle_brick_interfaces/msg/detail/string__struct.hpp"[m[K
      |          [01;31m[K^~~~~~~~~~~~~~~~~~~~~~~~~~~~~~~~~~~~~~~~~~~~~~~~~~~~~~~[m[K
compilation terminated.
gmake[2]: *** [CMakeFiles/turtle_brick_interfaces__rosidl_typesupport_fastrtps_cpp.dir/build.make:133: CMakeFiles/turtle_brick_interfaces__rosidl_typesupport_fastrtps_cpp.dir/rosidl_typesupport_fastrtps_cpp/turtle_brick_interfaces/srv/detail/dds_fastrtps/drop__type_support.cpp.o] Error 1
gmake[1]: *** [CMakeFiles/Makefile2:343: CMakeFiles/turtle_brick_interfaces__rosidl_typesupport_fastrtps_cpp.dir/all] Error 2
In file included from [01m[K/home/alyssa/homework2-alyssa225/build/turtle_brick_interfaces/rosidl_typesupport_cpp/turtle_brick_interfaces/srv/drop__type_support.cpp:7[m[K:
[01m[K/home/alyssa/homework2-alyssa225/build/turtle_brick_interfaces/rosidl_generator_cpp/turtle_brick_interfaces/srv/detail/drop__struct.hpp:134:10:[m[K [01;31m[Kfatal error: [m[Kturtle_brick_interfaces/msg/detail/string__struct.hpp: No such file or directory
  134 | #include [01;31m[K"turtle_brick_interfaces/msg/detail/string__struct.hpp"[m[K
      |          [01;31m[K^~~~~~~~~~~~~~~~~~~~~~~~~~~~~~~~~~~~~~~~~~~~~~~~~~~~~~~[m[K
compilation terminated.
gmake[2]: *** [CMakeFiles/turtle_brick_interfaces__rosidl_typesupport_cpp.dir/build.make:122: CMakeFiles/turtle_brick_interfaces__rosidl_typesupport_cpp.dir/rosidl_typesupport_cpp/turtle_brick_interfaces/srv/drop__type_support.cpp.o] Error 1
gmake[1]: *** [CMakeFiles/Makefile2:395: CMakeFiles/turtle_brick_interfaces__rosidl_typesupport_cpp.dir/all] Error 2
running egg_info
writing turtle_brick_interfaces.egg-info/PKG-INFO
writing dependency_links to turtle_brick_interfaces.egg-info/dependency_links.txt
writing top-level names to turtle_brick_interfaces.egg-info/top_level.txt
reading manifest file 'turtle_brick_interfaces.egg-info/SOURCES.txt'
writing manifest file 'turtle_brick_interfaces.egg-info/SOURCES.txt'
[ 10%] Built target ament_cmake_python_build_turtle_brick_interfaces_egg
gmake: *** [Makefile:146: all] Error 2
