[0.234s] Invoking command in '/home/alyssa/homework2-alyssa225/build/turtle_brick_interfaces': CMAKE_PREFIX_PATH=${CMAKE_PREFIX_PATH}:/home/alyssa/homework2-alyssa225/install/turtle_brick:/home/alyssa/ros2_ws/src/crazy_turtle/install/crazy_turtle:/home/alyssa/homework2-alyssa225/src/install/turtle_brick:/opt/ros/humble /usr/bin/cmake --build /home/alyssa/homework2-alyssa225/build/turtle_brick_interfaces -- -j8 -l8
[0.278s] [  2%] Built target turtle_brick_interfaces__cpp
[0.278s] [  4%] [32mBuilding C object CMakeFiles/turtle_brick_interfaces__rosidl_generator_c.dir/rosidl_generator_c/turtle_brick_interfaces/srv/detail/drop__functions.c.o[0m
[0.292s] [  4%] Built target ament_cmake_python_copy_turtle_brick_interfaces
[0.303s] In file included from [01m[K/home/alyssa/homework2-alyssa225/build/turtle_brick_interfaces/rosidl_generator_c/turtle_brick_interfaces/srv/detail/drop__functions.h:19[m[K,
[0.303s]                  from [01m[K/home/alyssa/homework2-alyssa225/build/turtle_brick_interfaces/rosidl_generator_c/turtle_brick_interfaces/srv/detail/drop__functions.c:4[m[K:
[0.303s] [01m[K/home/alyssa/homework2-alyssa225/build/turtle_brick_interfaces/rosidl_generator_c/turtle_brick_interfaces/srv/detail/drop__struct.h:41:10:[m[K [01;31m[Kfatal error: [m[Kturtle_brick_interfaces/msg/detail/string__struct.h: No such file or directory
[0.303s]    41 | #include [01;31m[K"turtle_brick_interfaces/msg/detail/string__struct.h"[m[K
[0.304s]       |          [01;31m[K^~~~~~~~~~~~~~~~~~~~~~~~~~~~~~~~~~~~~~~~~~~~~~~~~~~~~[m[K
[0.304s] compilation terminated.
[0.304s] [  6%] [32mBuilding CXX object CMakeFiles/turtle_brick_interfaces__rosidl_typesupport_introspection_cpp.dir/rosidl_typesupport_introspection_cpp/turtle_brick_interfaces/srv/detail/drop__type_support.cpp.o[0m
[0.304s] gmake[2]: *** [CMakeFiles/turtle_brick_interfaces__rosidl_generator_c.dir/build.make:165: CMakeFiles/turtle_brick_interfaces__rosidl_generator_c.dir/rosidl_generator_c/turtle_brick_interfaces/srv/detail/drop__functions.c.o] Error 1
[0.305s] gmake[1]: *** [CMakeFiles/Makefile2:213: CMakeFiles/turtle_brick_interfaces__rosidl_generator_c.dir/all] Error 2
[0.305s] gmake[1]: *** Waiting for unfinished jobs....
[0.306s] [  8%] [32mBuilding CXX object CMakeFiles/turtle_brick_interfaces__rosidl_typesupport_cpp.dir/rosidl_typesupport_cpp/turtle_brick_interfaces/srv/drop__type_support.cpp.o[0m
[0.313s] [ 10%] [32mBuilding CXX object CMakeFiles/turtle_brick_interfaces__rosidl_typesupport_fastrtps_cpp.dir/rosidl_typesupport_fastrtps_cpp/turtle_brick_interfaces/srv/detail/dds_fastrtps/drop__type_support.cpp.o[0m
[0.377s] In file included from [01m[K/home/alyssa/homework2-alyssa225/build/turtle_brick_interfaces/rosidl_typesupport_introspection_cpp/turtle_brick_interfaces/srv/detail/drop__type_support.cpp:12[m[K:
[0.377s] [01m[K/home/alyssa/homework2-alyssa225/build/turtle_brick_interfaces/rosidl_generator_cpp/turtle_brick_interfaces/srv/detail/drop__struct.hpp:134:10:[m[K [01;31m[Kfatal error: [m[Kturtle_brick_interfaces/msg/detail/string__struct.hpp: No such file or directory
[0.378s]   134 | #include [01;31m[K"turtle_brick_interfaces/msg/detail/string__struct.hpp"[m[K
[0.378s]       |          [01;31m[K^~~~~~~~~~~~~~~~~~~~~~~~~~~~~~~~~~~~~~~~~~~~~~~~~~~~~~~[m[K
[0.378s] compilation terminated.
[0.379s] gmake[2]: *** [CMakeFiles/turtle_brick_interfaces__rosidl_typesupport_introspection_cpp.dir/build.make:133: CMakeFiles/turtle_brick_interfaces__rosidl_typesupport_introspection_cpp.dir/rosidl_typesupport_introspection_cpp/turtle_brick_interfaces/srv/detail/drop__type_support.cpp.o] Error 1
[0.379s] gmake[1]: *** [CMakeFiles/Makefile2:369: CMakeFiles/turtle_brick_interfaces__rosidl_typesupport_introspection_cpp.dir/all] Error 2
[0.381s] In file included from [01m[K/home/alyssa/homework2-alyssa225/build/turtle_brick_interfaces/rosidl_typesupport_fastrtps_cpp/turtle_brick_interfaces/srv/detail/drop__rosidl_typesupport_fastrtps_cpp.hpp:11[m[K,
[0.381s]                  from [01m[K/home/alyssa/homework2-alyssa225/build/turtle_brick_interfaces/rosidl_typesupport_fastrtps_cpp/turtle_brick_interfaces/srv/detail/dds_fastrtps/drop__type_support.cpp:4[m[K:
[0.382s] [01m[K/home/alyssa/homework2-alyssa225/build/turtle_brick_interfaces/rosidl_generator_cpp/turtle_brick_interfaces/srv/detail/drop__struct.hpp:134:10:[m[K [01;31m[Kfatal error: [m[Kturtle_brick_interfaces/msg/detail/string__struct.hpp: No such file or directory
[0.382s]   134 | #include [01;31m[K"turtle_brick_interfaces/msg/detail/string__struct.hpp"[m[K
[0.382s]       |          [01;31m[K^~~~~~~~~~~~~~~~~~~~~~~~~~~~~~~~~~~~~~~~~~~~~~~~~~~~~~~[m[K
[0.382s] compilation terminated.
[0.382s] gmake[2]: *** [CMakeFiles/turtle_brick_interfaces__rosidl_typesupport_fastrtps_cpp.dir/build.make:133: CMakeFiles/turtle_brick_interfaces__rosidl_typesupport_fastrtps_cpp.dir/rosidl_typesupport_fastrtps_cpp/turtle_brick_interfaces/srv/detail/dds_fastrtps/drop__type_support.cpp.o] Error 1
[0.383s] gmake[1]: *** [CMakeFiles/Makefile2:343: CMakeFiles/turtle_brick_interfaces__rosidl_typesupport_fastrtps_cpp.dir/all] Error 2
[0.392s] In file included from [01m[K/home/alyssa/homework2-alyssa225/build/turtle_brick_interfaces/rosidl_typesupport_cpp/turtle_brick_interfaces/srv/drop__type_support.cpp:7[m[K:
[0.392s] [01m[K/home/alyssa/homework2-alyssa225/build/turtle_brick_interfaces/rosidl_generator_cpp/turtle_brick_interfaces/srv/detail/drop__struct.hpp:134:10:[m[K [01;31m[Kfatal error: [m[Kturtle_brick_interfaces/msg/detail/string__struct.hpp: No such file or directory
[0.393s]   134 | #include [01;31m[K"turtle_brick_interfaces/msg/detail/string__struct.hpp"[m[K
[0.393s]       |          [01;31m[K^~~~~~~~~~~~~~~~~~~~~~~~~~~~~~~~~~~~~~~~~~~~~~~~~~~~~~~[m[K
[0.393s] compilation terminated.
[0.394s] gmake[2]: *** [CMakeFiles/turtle_brick_interfaces__rosidl_typesupport_cpp.dir/build.make:122: CMakeFiles/turtle_brick_interfaces__rosidl_typesupport_cpp.dir/rosidl_typesupport_cpp/turtle_brick_interfaces/srv/drop__type_support.cpp.o] Error 1
[0.394s] gmake[1]: *** [CMakeFiles/Makefile2:395: CMakeFiles/turtle_brick_interfaces__rosidl_typesupport_cpp.dir/all] Error 2
[0.588s] running egg_info
[0.589s] writing turtle_brick_interfaces.egg-info/PKG-INFO
[0.589s] writing dependency_links to turtle_brick_interfaces.egg-info/dependency_links.txt
[0.589s] writing top-level names to turtle_brick_interfaces.egg-info/top_level.txt
[0.592s] reading manifest file 'turtle_brick_interfaces.egg-info/SOURCES.txt'
[0.593s] writing manifest file 'turtle_brick_interfaces.egg-info/SOURCES.txt'
[0.619s] [ 10%] Built target ament_cmake_python_build_turtle_brick_interfaces_egg
[0.620s] gmake: *** [Makefile:146: all] Error 2
[0.623s] Invoked command in '/home/alyssa/homework2-alyssa225/build/turtle_brick_interfaces' returned '2': CMAKE_PREFIX_PATH=${CMAKE_PREFIX_PATH}:/home/alyssa/homework2-alyssa225/install/turtle_brick:/home/alyssa/ros2_ws/src/crazy_turtle/install/crazy_turtle:/home/alyssa/homework2-alyssa225/src/install/turtle_brick:/opt/ros/humble /usr/bin/cmake --build /home/alyssa/homework2-alyssa225/build/turtle_brick_interfaces -- -j8 -l8
