[0.000000] (-) TimerEvent: {}
[0.000128] (turtle_brick) JobQueued: {'identifier': 'turtle_brick', 'dependencies': OrderedDict([('turtle_brick', '/home/alyssa/homework2-alyssa225/install/turtle_brick')])}
[0.000186] (turtle_brick_interfaces) JobQueued: {'identifier': 'turtle_brick_interfaces', 'dependencies': OrderedDict([('turtle_brick_interfaces', '/home/alyssa/homework2-alyssa225/install/turtle_brick_interfaces')])}
[0.000236] (turtle_brick) JobStarted: {'identifier': 'turtle_brick'}
[0.011581] (turtle_brick_interfaces) JobStarted: {'identifier': 'turtle_brick_interfaces'}
[0.099417] (-) TimerEvent: {}
[0.199767] (-) TimerEvent: {}
[0.263859] (turtle_brick) Command: {'cmd': ['/usr/bin/python3', '-m', 'pytest'], 'cwd': '/home/alyssa/homework2-alyssa225/src/turtle_brick', 'env': {'LESSOPEN': '| /usr/bin/lesspipe %s', 'USER': 'alyssa', 'XDG_SESSION_TYPE': 'wayland', 'SHLVL': '1', 'LD_LIBRARY_PATH': '/home/alyssa/homework2-alyssa225/install/turtle_brick_interfaces/lib:/opt/ros/humble/opt/rviz_ogre_vendor/lib:/opt/ros/humble/lib/x86_64-linux-gnu:/opt/ros/humble/lib', 'HOME': '/home/alyssa', 'OLDPWD': '/home/alyssa', 'DESKTOP_SESSION': 'ubuntu', 'ROS_PYTHON_VERSION': '3', 'GNOME_SHELL_SESSION_MODE': 'ubuntu', 'GTK_MODULES': 'gail:atk-bridge', 'SYSTEMD_EXEC_PID': '418763', 'DBUS_SESSION_BUS_ADDRESS': 'unix:path=/run/user/1000/bus', 'COLORTERM': 'truecolor', 'IM_CONFIG_PHASE': '1', 'WAYLAND_DISPLAY': 'wayland-0', 'COLCON_PREFIX_PATH': '/home/alyssa/homework2-alyssa225/install', 'ROS_DISTRO': 'humble', 'LOGNAME': 'alyssa', '_': '/usr/bin/colcon', 'ROS_VERSION': '2', 'XDG_SESSION_CLASS': 'user', 'USERNAME': 'alyssa', 'TERM': 'xterm-256color', 'GNOME_DESKTOP_SESSION_ID': 'this-is-deprecated', 'ROS_LOCALHOST_ONLY': '0', 'PATH': '/opt/ros/humble/bin:/usr/local/sbin:/usr/local/bin:/usr/sbin:/usr/bin:/sbin:/bin:/usr/games:/usr/local/games:/snap/bin:/snap/bin', 'SESSION_MANAGER': 'local/alyssa-Galago-Pro:@/tmp/.ICE-unix/1005,unix/alyssa-Galago-Pro:/tmp/.ICE-unix/1005', 'XDG_MENU_PREFIX': 'gnome-', 'GNOME_TERMINAL_SCREEN': '/org/gnome/Terminal/screen/6d4b914e_9fd7_45b5_b317_afa2fd1ab6a4', 'GNOME_SETUP_DISPLAY': ':1', 'XDG_RUNTIME_DIR': '/run/user/1000', 'DISPLAY': ':0', 'LANG': 'en_US.UTF-8', 'XDG_CURRENT_DESKTOP': 'ubuntu:GNOME', 'XMODIFIERS': '@im=ibus', 'XDG_SESSION_DESKTOP': 'ubuntu', 'XAUTHORITY': '/run/user/1000/.mutter-Xwaylandauth.BJT0T1', 'LS_COLORS': 'rs=0:di=01;34:ln=01;36:mh=00:pi=40;33:so=01;35:do=01;35:bd=40;33;01:cd=40;33;01:or=40;31;01:mi=00:su=37;41:sg=30;43:ca=30;41:tw=30;42:ow=34;42:st=37;44:ex=01;32:*.tar=01;31:*.tgz=01;31:*.arc=01;31:*.arj=01;31:*.taz=01;31:*.lha=01;31:*.lz4=01;31:*.lzh=01;31:*.lzma=01;31:*.tlz=01;31:*.txz=01;31:*.tzo=01;31:*.t7z=01;31:*.zip=01;31:*.z=01;31:*.dz=01;31:*.gz=01;31:*.lrz=01;31:*.lz=01;31:*.lzo=01;31:*.xz=01;31:*.zst=01;31:*.tzst=01;31:*.bz2=01;31:*.bz=01;31:*.tbz=01;31:*.tbz2=01;31:*.tz=01;31:*.deb=01;31:*.rpm=01;31:*.jar=01;31:*.war=01;31:*.ear=01;31:*.sar=01;31:*.rar=01;31:*.alz=01;31:*.ace=01;31:*.zoo=01;31:*.cpio=01;31:*.7z=01;31:*.rz=01;31:*.cab=01;31:*.wim=01;31:*.swm=01;31:*.dwm=01;31:*.esd=01;31:*.jpg=01;35:*.jpeg=01;35:*.mjpg=01;35:*.mjpeg=01;35:*.gif=01;35:*.bmp=01;35:*.pbm=01;35:*.pgm=01;35:*.ppm=01;35:*.tga=01;35:*.xbm=01;35:*.xpm=01;35:*.tif=01;35:*.tiff=01;35:*.png=01;35:*.svg=01;35:*.svgz=01;35:*.mng=01;35:*.pcx=01;35:*.mov=01;35:*.mpg=01;35:*.mpeg=01;35:*.m2v=01;35:*.mkv=01;35:*.webm=01;35:*.webp=01;35:*.ogm=01;35:*.mp4=01;35:*.m4v=01;35:*.mp4v=01;35:*.vob=01;35:*.qt=01;35:*.nuv=01;35:*.wmv=01;35:*.asf=01;35:*.rm=01;35:*.rmvb=01;35:*.flc=01;35:*.avi=01;35:*.fli=01;35:*.flv=01;35:*.gl=01;35:*.dl=01;35:*.xcf=01;35:*.xwd=01;35:*.yuv=01;35:*.cgm=01;35:*.emf=01;35:*.ogv=01;35:*.ogx=01;35:*.aac=00;36:*.au=00;36:*.flac=00;36:*.m4a=00;36:*.mid=00;36:*.midi=00;36:*.mka=00;36:*.mp3=00;36:*.mpc=00;36:*.ogg=00;36:*.ra=00;36:*.wav=00;36:*.oga=00;36:*.opus=00;36:*.spx=00;36:*.xspf=00;36:', 'GNOME_TERMINAL_SERVICE': ':1.10137', 'SSH_AGENT_LAUNCHER': 'gnome-keyring', 'SSH_AUTH_SOCK': '/run/user/1000/keyring/ssh', 'AMENT_PREFIX_PATH': '/home/alyssa/homework2-alyssa225/install/turtle_brick:/home/alyssa/homework2-alyssa225/install/turtle_brick_interfaces:/opt/ros/humble', 'SHELL': '/bin/bash', 'QT_ACCESSIBILITY': '1', 'GDMSESSION': 'ubuntu', 'LESSCLOSE': '/usr/bin/lesspipe %s %s', 'QT_IM_MODULE': 'ibus', 'PWD': '/home/alyssa/homework2-alyssa225/build/turtle_brick', 'XDG_CONFIG_DIRS': '/etc/xdg/xdg-ubuntu:/etc/xdg', 'XDG_DATA_DIRS': '/usr/share/ubuntu:/usr/local/share/:/usr/share/:/var/lib/snapd/desktop', 'PYTHONPATH': '/home/alyssa/homework2-alyssa225/install/turtle_brick/lib/python3.10/site-packages:/home/alyssa/homework2-alyssa225/install/turtle_brick_interfaces/local/lib/python3.10/dist-packages:/opt/ros/humble/lib/python3.10/site-packages:/opt/ros/humble/local/lib/python3.10/dist-packages', 'COLCON': '1', 'VTE_VERSION': '6800', 'CMAKE_PREFIX_PATH': '/home/alyssa/homework2-alyssa225/install/turtle_brick_interfaces:/home/alyssa/homework2-alyssa225/install/turtle_brick_interface', 'PYTEST_ADDOPTS': '--tb=short --junit-xml=/home/alyssa/homework2-alyssa225/build/turtle_brick/pytest.xml --junit-prefix=turtle_brick -o cache_dir=/home/alyssa/homework2-alyssa225/build/turtle_brick/.pytest_cache'}, 'shell': False}
[0.277560] (turtle_brick_interfaces) Command: {'cmd': ['/usr/bin/ctest', '-C', 'Release', '-D', 'ExperimentalTest', '--no-compress-output', '-V', '--force-new-ctest-process'], 'cwd': '/home/alyssa/homework2-alyssa225/build/turtle_brick_interfaces', 'env': OrderedDict([('LESSOPEN', '| /usr/bin/lesspipe %s'), ('USER', 'alyssa'), ('XDG_SESSION_TYPE', 'wayland'), ('SHLVL', '1'), ('LD_LIBRARY_PATH', '/home/alyssa/homework2-alyssa225/install/turtle_brick_interfaces/lib:/opt/ros/humble/opt/rviz_ogre_vendor/lib:/opt/ros/humble/lib/x86_64-linux-gnu:/opt/ros/humble/lib'), ('HOME', '/home/alyssa'), ('OLDPWD', '/home/alyssa'), ('DESKTOP_SESSION', 'ubuntu'), ('ROS_PYTHON_VERSION', '3'), ('GNOME_SHELL_SESSION_MODE', 'ubuntu'), ('GTK_MODULES', 'gail:atk-bridge'), ('SYSTEMD_EXEC_PID', '418763'), ('DBUS_SESSION_BUS_ADDRESS', 'unix:path=/run/user/1000/bus'), ('COLORTERM', 'truecolor'), ('IM_CONFIG_PHASE', '1'), ('WAYLAND_DISPLAY', 'wayland-0'), ('COLCON_PREFIX_PATH', '/home/alyssa/homework2-alyssa225/install'), ('ROS_DISTRO', 'humble'), ('LOGNAME', 'alyssa'), ('_', '/usr/bin/colcon'), ('ROS_VERSION', '2'), ('XDG_SESSION_CLASS', 'user'), ('USERNAME', 'alyssa'), ('TERM', 'xterm-256color'), ('GNOME_DESKTOP_SESSION_ID', 'this-is-deprecated'), ('ROS_LOCALHOST_ONLY', '0'), ('PATH', '/opt/ros/humble/bin:/usr/local/sbin:/usr/local/bin:/usr/sbin:/usr/bin:/sbin:/bin:/usr/games:/usr/local/games:/snap/bin:/snap/bin'), ('SESSION_MANAGER', 'local/alyssa-Galago-Pro:@/tmp/.ICE-unix/1005,unix/alyssa-Galago-Pro:/tmp/.ICE-unix/1005'), ('XDG_MENU_PREFIX', 'gnome-'), ('GNOME_TERMINAL_SCREEN', '/org/gnome/Terminal/screen/6d4b914e_9fd7_45b5_b317_afa2fd1ab6a4'), ('GNOME_SETUP_DISPLAY', ':1'), ('XDG_RUNTIME_DIR', '/run/user/1000'), ('DISPLAY', ':0'), ('LANG', 'en_US.UTF-8'), ('XDG_CURRENT_DESKTOP', 'ubuntu:GNOME'), ('XMODIFIERS', '@im=ibus'), ('XDG_SESSION_DESKTOP', 'ubuntu'), ('XAUTHORITY', '/run/user/1000/.mutter-Xwaylandauth.BJT0T1'), ('LS_COLORS', 'rs=0:di=01;34:ln=01;36:mh=00:pi=40;33:so=01;35:do=01;35:bd=40;33;01:cd=40;33;01:or=40;31;01:mi=00:su=37;41:sg=30;43:ca=30;41:tw=30;42:ow=34;42:st=37;44:ex=01;32:*.tar=01;31:*.tgz=01;31:*.arc=01;31:*.arj=01;31:*.taz=01;31:*.lha=01;31:*.lz4=01;31:*.lzh=01;31:*.lzma=01;31:*.tlz=01;31:*.txz=01;31:*.tzo=01;31:*.t7z=01;31:*.zip=01;31:*.z=01;31:*.dz=01;31:*.gz=01;31:*.lrz=01;31:*.lz=01;31:*.lzo=01;31:*.xz=01;31:*.zst=01;31:*.tzst=01;31:*.bz2=01;31:*.bz=01;31:*.tbz=01;31:*.tbz2=01;31:*.tz=01;31:*.deb=01;31:*.rpm=01;31:*.jar=01;31:*.war=01;31:*.ear=01;31:*.sar=01;31:*.rar=01;31:*.alz=01;31:*.ace=01;31:*.zoo=01;31:*.cpio=01;31:*.7z=01;31:*.rz=01;31:*.cab=01;31:*.wim=01;31:*.swm=01;31:*.dwm=01;31:*.esd=01;31:*.jpg=01;35:*.jpeg=01;35:*.mjpg=01;35:*.mjpeg=01;35:*.gif=01;35:*.bmp=01;35:*.pbm=01;35:*.pgm=01;35:*.ppm=01;35:*.tga=01;35:*.xbm=01;35:*.xpm=01;35:*.tif=01;35:*.tiff=01;35:*.png=01;35:*.svg=01;35:*.svgz=01;35:*.mng=01;35:*.pcx=01;35:*.mov=01;35:*.mpg=01;35:*.mpeg=01;35:*.m2v=01;35:*.mkv=01;35:*.webm=01;35:*.webp=01;35:*.ogm=01;35:*.mp4=01;35:*.m4v=01;35:*.mp4v=01;35:*.vob=01;35:*.qt=01;35:*.nuv=01;35:*.wmv=01;35:*.asf=01;35:*.rm=01;35:*.rmvb=01;35:*.flc=01;35:*.avi=01;35:*.fli=01;35:*.flv=01;35:*.gl=01;35:*.dl=01;35:*.xcf=01;35:*.xwd=01;35:*.yuv=01;35:*.cgm=01;35:*.emf=01;35:*.ogv=01;35:*.ogx=01;35:*.aac=00;36:*.au=00;36:*.flac=00;36:*.m4a=00;36:*.mid=00;36:*.midi=00;36:*.mka=00;36:*.mp3=00;36:*.mpc=00;36:*.ogg=00;36:*.ra=00;36:*.wav=00;36:*.oga=00;36:*.opus=00;36:*.spx=00;36:*.xspf=00;36:'), ('GNOME_TERMINAL_SERVICE', ':1.10137'), ('SSH_AGENT_LAUNCHER', 'gnome-keyring'), ('SSH_AUTH_SOCK', '/run/user/1000/keyring/ssh'), ('AMENT_PREFIX_PATH', '/home/alyssa/homework2-alyssa225/install/turtle_brick_interfaces:/home/alyssa/homework2-alyssa225/install/turtle_brick:/opt/ros/humble'), ('SHELL', '/bin/bash'), ('QT_ACCESSIBILITY', '1'), ('GDMSESSION', 'ubuntu'), ('LESSCLOSE', '/usr/bin/lesspipe %s %s'), ('QT_IM_MODULE', 'ibus'), ('PWD', '/home/alyssa/homework2-alyssa225/build/turtle_brick_interfaces'), ('XDG_CONFIG_DIRS', '/etc/xdg/xdg-ubuntu:/etc/xdg'), ('XDG_DATA_DIRS', '/usr/share/ubuntu:/usr/local/share/:/usr/share/:/var/lib/snapd/desktop'), ('PYTHONPATH', '/home/alyssa/homework2-alyssa225/install/turtle_brick_interfaces/local/lib/python3.10/dist-packages:/home/alyssa/homework2-alyssa225/install/turtle_brick/lib/python3.10/site-packages:/opt/ros/humble/lib/python3.10/site-packages:/opt/ros/humble/local/lib/python3.10/dist-packages'), ('COLCON', '1'), ('VTE_VERSION', '6800'), ('CMAKE_PREFIX_PATH', '/home/alyssa/homework2-alyssa225/install/turtle_brick_interfaces:/home/alyssa/homework2-alyssa225/install/turtle_brick_interface')]), 'shell': False}
[0.284922] (turtle_brick_interfaces) StdoutLine: {'line': b'UpdateCTestConfiguration  from :/home/alyssa/homework2-alyssa225/build/turtle_brick_interfaces/CTestConfiguration.ini\n'}
[0.285257] (turtle_brick_interfaces) StdoutLine: {'line': b'Parse Config file:/home/alyssa/homework2-alyssa225/build/turtle_brick_interfaces/CTestConfiguration.ini\n'}
[0.285519] (turtle_brick_interfaces) StdoutLine: {'line': b'   Site: alyssa-Galago-Pro\n'}
[0.285718] (turtle_brick_interfaces) StdoutLine: {'line': b'   Build name: (empty)\n'}
[0.285878] (turtle_brick_interfaces) StdoutLine: {'line': b' Add coverage exclude regular expressions.\n'}
[0.286194] (turtle_brick_interfaces) StdoutLine: {'line': b'Create new tag: 20221020-2341 - Experimental\n'}
[0.286357] (turtle_brick_interfaces) StdoutLine: {'line': b'UpdateCTestConfiguration  from :/home/alyssa/homework2-alyssa225/build/turtle_brick_interfaces/CTestConfiguration.ini\n'}
[0.286519] (turtle_brick_interfaces) StdoutLine: {'line': b'Parse Config file:/home/alyssa/homework2-alyssa225/build/turtle_brick_interfaces/CTestConfiguration.ini\n'}
[0.286721] (turtle_brick_interfaces) StdoutLine: {'line': b'Test project /home/alyssa/homework2-alyssa225/build/turtle_brick_interfaces\n'}
[0.286892] (turtle_brick_interfaces) StdoutLine: {'line': b'Constructing a list of tests\n'}
[0.287048] (turtle_brick_interfaces) StdoutLine: {'line': b'Done constructing a list of tests\n'}
[0.287208] (turtle_brick_interfaces) StdoutLine: {'line': b'Updating test list for fixtures\n'}
[0.287369] (turtle_brick_interfaces) StdoutLine: {'line': b'Added 0 tests to meet fixture requirements\n'}
[0.287516] (turtle_brick_interfaces) StdoutLine: {'line': b'Checking test dependency graph...\n'}
[0.287724] (turtle_brick_interfaces) StdoutLine: {'line': b'Checking test dependency graph end\n'}
[0.287908] (turtle_brick_interfaces) StdoutLine: {'line': b'test 1\n'}
[0.288073] (turtle_brick_interfaces) StdoutLine: {'line': b'    Start 1: lint_cmake\n'}
[0.288261] (turtle_brick_interfaces) StdoutLine: {'line': b'\n'}
[0.288418] (turtle_brick_interfaces) StdoutLine: {'line': b'1: Test command: /usr/bin/python3.10 "-u" "/opt/ros/humble/share/ament_cmake_test/cmake/run_test.py" "/home/alyssa/homework2-alyssa225/build/turtle_brick_interfaces/test_results/turtle_brick_interfaces/lint_cmake.xunit.xml" "--package-name" "turtle_brick_interfaces" "--output-file" "/home/alyssa/homework2-alyssa225/build/turtle_brick_interfaces/ament_lint_cmake/lint_cmake.txt" "--command" "/opt/ros/humble/bin/ament_lint_cmake" "--xunit-file" "/home/alyssa/homework2-alyssa225/build/turtle_brick_interfaces/test_results/turtle_brick_interfaces/lint_cmake.xunit.xml"\n'}
[0.288589] (turtle_brick_interfaces) StdoutLine: {'line': b'1: Test timeout computed to be: 60\n'}
[0.299886] (-) TimerEvent: {}
[0.347423] (turtle_brick_interfaces) StdoutLine: {'line': b"1: -- run_test.py: invoking following command in '/home/alyssa/homework2-alyssa225/src/turtle_brick_interfaces':\n"}
[0.347650] (turtle_brick_interfaces) StdoutLine: {'line': b'1:  - /opt/ros/humble/bin/ament_lint_cmake --xunit-file /home/alyssa/homework2-alyssa225/build/turtle_brick_interfaces/test_results/turtle_brick_interfaces/lint_cmake.xunit.xml\n'}
[0.399989] (-) TimerEvent: {}
[0.411874] (turtle_brick_interfaces) StdoutLine: {'line': b'1: \n'}
[0.412070] (turtle_brick_interfaces) StdoutLine: {'line': b'1: No problems found\n'}
[0.421033] (turtle_brick_interfaces) StdoutLine: {'line': b'1: -- run_test.py: return code 0\n'}
[0.421355] (turtle_brick_interfaces) StdoutLine: {'line': b"1: -- run_test.py: verify result file '/home/alyssa/homework2-alyssa225/build/turtle_brick_interfaces/test_results/turtle_brick_interfaces/lint_cmake.xunit.xml'\n"}
[0.431472] (turtle_brick_interfaces) StdoutLine: {'line': b'1/2 Test #1: lint_cmake .......................   Passed    0.15 sec\n'}
[0.431879] (turtle_brick_interfaces) StdoutLine: {'line': b'test 2\n'}
[0.432086] (turtle_brick_interfaces) StdoutLine: {'line': b'    Start 2: xmllint\n'}
[0.432257] (turtle_brick_interfaces) StdoutLine: {'line': b'\n'}
[0.432448] (turtle_brick_interfaces) StdoutLine: {'line': b'2: Test command: /usr/bin/python3.10 "-u" "/opt/ros/humble/share/ament_cmake_test/cmake/run_test.py" "/home/alyssa/homework2-alyssa225/build/turtle_brick_interfaces/test_results/turtle_brick_interfaces/xmllint.xunit.xml" "--package-name" "turtle_brick_interfaces" "--output-file" "/home/alyssa/homework2-alyssa225/build/turtle_brick_interfaces/ament_xmllint/xmllint.txt" "--command" "/opt/ros/humble/bin/ament_xmllint" "--xunit-file" "/home/alyssa/homework2-alyssa225/build/turtle_brick_interfaces/test_results/turtle_brick_interfaces/xmllint.xunit.xml"\n'}
[0.432626] (turtle_brick_interfaces) StdoutLine: {'line': b'2: Test timeout computed to be: 60\n'}
[0.488642] (turtle_brick_interfaces) StdoutLine: {'line': b"2: -- run_test.py: invoking following command in '/home/alyssa/homework2-alyssa225/src/turtle_brick_interfaces':\n"}
[0.488894] (turtle_brick_interfaces) StdoutLine: {'line': b'2:  - /opt/ros/humble/bin/ament_xmllint --xunit-file /home/alyssa/homework2-alyssa225/build/turtle_brick_interfaces/test_results/turtle_brick_interfaces/xmllint.xunit.xml\n'}
[0.500098] (-) TimerEvent: {}
[0.565741] (turtle_brick) StdoutLine: {'line': b'\x1b[1m============================= test session starts ==============================\x1b[0m\n'}
[0.566072] (turtle_brick) StdoutLine: {'line': b'platform linux -- Python 3.10.6, pytest-6.2.5, py-1.10.0, pluggy-0.13.0\n'}
[0.571818] (turtle_brick) StdoutLine: {'line': b'cachedir: /home/alyssa/homework2-alyssa225/build/turtle_brick/.pytest_cache\n'}
[0.572084] (turtle_brick) StdoutLine: {'line': b'rootdir: /home/alyssa/homework2-alyssa225/src/turtle_brick\n'}
[0.572268] (turtle_brick) StdoutLine: {'line': b'plugins: ament-lint-0.12.4, ament-xmllint-0.12.4, launch-testing-ros-0.19.3, launch-testing-1.0.2, ament-flake8-0.12.4, ament-pep257-0.12.4, ament-copyright-0.12.4, colcon-core-0.10.0, cov-3.0.0\n'}
[0.573437] (turtle_brick_interfaces) StdoutLine: {'line': b"2: File 'package.xml' is valid\n"}
[0.573838] (turtle_brick_interfaces) StdoutLine: {'line': b'2: \n'}
[0.574133] (turtle_brick_interfaces) StdoutLine: {'line': b'2: No problems found\n'}
[0.590380] (turtle_brick_interfaces) StdoutLine: {'line': b'2: -- run_test.py: return code 0\n'}
[0.590631] (turtle_brick_interfaces) StdoutLine: {'line': b"2: -- run_test.py: verify result file '/home/alyssa/homework2-alyssa225/build/turtle_brick_interfaces/test_results/turtle_brick_interfaces/xmllint.xunit.xml'\n"}
[0.600200] (-) TimerEvent: {}
[0.603571] (turtle_brick_interfaces) StdoutLine: {'line': b'2/2 Test #2: xmllint ..........................   Passed    0.17 sec\n'}
[0.603926] (turtle_brick_interfaces) StdoutLine: {'line': b'\n'}
[0.604214] (turtle_brick_interfaces) StdoutLine: {'line': b'\x1b[0;32m100% tests passed\x1b[0;0m, 0 tests failed\x1b[0;0m out of 2\n'}
[0.604383] (turtle_brick_interfaces) StdoutLine: {'line': b'\n'}
[0.604543] (turtle_brick_interfaces) StdoutLine: {'line': b'Label Time Summary:\n'}
[0.604703] (turtle_brick_interfaces) StdoutLine: {'line': b'lint_cmake    =   0.15 sec*proc (1 test)\n'}
[0.604980] (turtle_brick_interfaces) StdoutLine: {'line': b'linter        =   0.32 sec*proc (2 tests)\n'}
[0.605220] (turtle_brick_interfaces) StdoutLine: {'line': b'xmllint       =   0.17 sec*proc (1 test)\n'}
[0.605544] (turtle_brick_interfaces) StdoutLine: {'line': b'\n'}
[0.605810] (turtle_brick_interfaces) StdoutLine: {'line': b'Total Test time (real) =   0.32 sec\n'}
[0.629027] (turtle_brick_interfaces) CommandEnded: {'returncode': 0}
[0.630773] (turtle_brick_interfaces) JobEnded: {'identifier': 'turtle_brick_interfaces', 'rc': 0}
[0.672768] (turtle_brick) StdoutLine: {'line': b'\x1b[1mcollecting ... \x1b[0m\x1b[1m\n'}
[0.673081] (turtle_brick) StdoutLine: {'line': b'collected 4 items                                                              \x1b[0m\n'}
[0.673337] (turtle_brick) StdoutLine: {'line': b'\n'}
[0.680562] (turtle_brick) StdoutLine: {'line': b'test/math_test.py \x1b[32m.\x1b[0m\x1b[32m                                                      [ 25%]\x1b[0m\n'}
[0.681759] (turtle_brick) StdoutLine: {'line': b'test/test_copyright.py \x1b[33ms\x1b[0m\x1b[32m                                                 [ 50%]\x1b[0m\n'}
[0.700336] (-) TimerEvent: {}
[0.800719] (-) TimerEvent: {}
[0.875517] (turtle_brick) StdoutLine: {'line': b'test/test_flake8.py \x1b[31mF\x1b[0m\x1b[31m                                                    [ 75%]\x1b[0m\n'}
[0.900856] (-) TimerEvent: {}
[0.943987] (turtle_brick) StdoutLine: {'line': b'test/test_pep257.py \x1b[31mF\x1b[0m\x1b[31m                                                    [100%]\x1b[0m\n'}
[0.944391] (turtle_brick) StdoutLine: {'line': b'\n'}
[0.944569] (turtle_brick) StdoutLine: {'line': b'=================================== FAILURES ===================================\n'}
[0.944734] (turtle_brick) StdoutLine: {'line': b'\x1b[31m\x1b[1m_________________________________ test_flake8 __________________________________\x1b[0m\n'}
[0.944901] (turtle_brick) StdoutLine: {'line': b'\x1b[1m\x1b[31mtest/test_flake8.py\x1b[0m:23: in test_flake8\n'}
[0.981077] (turtle_brick) StdoutLine: {'line': b'    \x1b[94massert\x1b[39;49;00m rc == \x1b[94m0\x1b[39;49;00m, \\\n'}
[0.981560] (turtle_brick) StdoutLine: {'line': b'\x1b[1m\x1b[31mE   AssertionError: Found 4 code style errors / warnings:\x1b[0m\n'}
[0.981843] (turtle_brick) StdoutLine: {'line': b'\x1b[1m\x1b[31mE     ./test/brick.test.py:54:25: E127 continuation line over-indented for visual indent\x1b[0m\n'}
[0.982234] (turtle_brick) StdoutLine: {'line': b'\x1b[1m\x1b[31mE     ./test/brick.test.py:63:43: W291 trailing whitespace\x1b[0m\n'}
[0.982376] (turtle_brick) StdoutLine: {'line': b'\x1b[1m\x1b[31mE     ./test/brick.test.py:64:21: E127 continuation line over-indented for visual indent\x1b[0m\n'}
[0.982523] (turtle_brick) StdoutLine: {'line': b'\x1b[1m\x1b[31mE     ./test/brick.test.py:69:1: W293 blank line contains whitespace\x1b[0m\n'}
[0.982703] (turtle_brick) StdoutLine: {'line': b'\x1b[1m\x1b[31mE   assert 1 == 0\x1b[0m\n'}
[0.982865] (turtle_brick) StdoutLine: {'line': b'----------------------------- Captured stdout call -----------------------------\n'}
[0.983008] (turtle_brick) StdoutLine: {'line': b'\n'}
[0.983149] (turtle_brick) StdoutLine: {'line': b'./test/brick.test.py:54:25: E127 continuation line over-indented for visual indent\n'}
[0.983289] (turtle_brick) StdoutLine: {'line': b'                        + float(self.timestart.header.stamp.nanosec) / 1000000000.0)\n'}
[0.983437] (turtle_brick) StdoutLine: {'line': b'                        ^\n'}
[0.983576] (turtle_brick) StdoutLine: {'line': b'\n'}
[0.983714] (turtle_brick) StdoutLine: {'line': b'./test/brick.test.py:63:43: W291 trailing whitespace\n'}
[0.983852] (turtle_brick) StdoutLine: {'line': b'        tf = (float(time.header.stamp.sec) \n'}
[0.983990] (turtle_brick) StdoutLine: {'line': b'                                          ^\n'}
[0.984129] (turtle_brick) StdoutLine: {'line': b'\n'}
[0.984267] (turtle_brick) StdoutLine: {'line': b'./test/brick.test.py:64:21: E127 continuation line over-indented for visual indent\n'}
[0.984406] (turtle_brick) StdoutLine: {'line': b'                    + float(time.header.stamp.nanosec) / 1000000000.0)\n'}
[0.984545] (turtle_brick) StdoutLine: {'line': b'                    ^\n'}
[0.984683] (turtle_brick) StdoutLine: {'line': b'\n'}
[0.984821] (turtle_brick) StdoutLine: {'line': b'./test/brick.test.py:69:1: W293 blank line contains whitespace\n'}
[0.984974] (turtle_brick) StdoutLine: {'line': b' \n'}
[0.985113] (turtle_brick) StdoutLine: {'line': b'^\n'}
[0.985251] (turtle_brick) StdoutLine: {'line': b'\n'}
[0.985399] (turtle_brick) StdoutLine: {'line': b'2     E127 continuation line over-indented for visual indent\n'}
[0.985548] (turtle_brick) StdoutLine: {'line': b'1     W291 trailing whitespace\n'}
[0.985700] (turtle_brick) StdoutLine: {'line': b'1     W293 blank line contains whitespace\n'}
[0.985841] (turtle_brick) StdoutLine: {'line': b'\n'}
[0.985980] (turtle_brick) StdoutLine: {'line': b'13 files checked\n'}
[0.986118] (turtle_brick) StdoutLine: {'line': b'4 errors\n'}
[0.986257] (turtle_brick) StdoutLine: {'line': b'\n'}
[0.986396] (turtle_brick) StdoutLine: {'line': b"'E'-type errors: 2\n"}
[0.986534] (turtle_brick) StdoutLine: {'line': b"'W'-type errors: 2\n"}
[0.986672] (turtle_brick) StdoutLine: {'line': b'\n'}
[0.986810] (turtle_brick) StdoutLine: {'line': b'Checked files:\n'}
[0.986970] (turtle_brick) StdoutLine: {'line': b'\n'}
[0.987117] (turtle_brick) StdoutLine: {'line': b'* ./setup.py\n'}
[0.987264] (turtle_brick) StdoutLine: {'line': b'* ./turtle_brick/arena.py\n'}
[0.987410] (turtle_brick) StdoutLine: {'line': b'* ./turtle_brick/turtle_robot.py\n'}
[0.987559] (turtle_brick) StdoutLine: {'line': b'* ./turtle_brick/catcher.py\n'}
[0.987710] (turtle_brick) StdoutLine: {'line': b'* ./turtle_brick/__init__.py\n'}
[0.987860] (turtle_brick) StdoutLine: {'line': b'* ./test/math_test.py\n'}
[0.988008] (turtle_brick) StdoutLine: {'line': b'* ./test/test_flake8.py\n'}
[0.988154] (turtle_brick) StdoutLine: {'line': b'* ./test/test_copyright.py\n'}
[0.988322] (turtle_brick) StdoutLine: {'line': b'* ./test/test_pep257.py\n'}
[0.988473] (turtle_brick) StdoutLine: {'line': b'* ./test/brick.test.py\n'}
[0.988620] (turtle_brick) StdoutLine: {'line': b'* ./launch/show_turtle.launch.py\n'}
[0.988767] (turtle_brick) StdoutLine: {'line': b'* ./launch/run_turtle.launch.py\n'}
[0.988924] (turtle_brick) StdoutLine: {'line': b'* ./launch/turtle_arena.launch.py\n'}
[0.989071] (turtle_brick) StdoutLine: {'line': b'----------------------------- Captured stderr call -----------------------------\n'}
[0.989218] (turtle_brick) StdoutLine: {'line': b'option --max-complexity: please update from optparse string `type=` to argparse callable `type=` -- this will be an error in the future\n'}
[0.989367] (turtle_brick) StdoutLine: {'line': b'\x1b[31m\x1b[1m_________________________________ test_pep257 __________________________________\x1b[0m\n'}
[0.989516] (turtle_brick) StdoutLine: {'line': b'\x1b[1m\x1b[31mtest/test_pep257.py\x1b[0m:23: in test_pep257\n'}
[0.989680] (turtle_brick) StdoutLine: {'line': b"    \x1b[94massert\x1b[39;49;00m rc == \x1b[94m0\x1b[39;49;00m, \x1b[33m'\x1b[39;49;00m\x1b[33mFound code style errors / warnings\x1b[39;49;00m\x1b[33m'\x1b[39;49;00m\n"}
[0.989830] (turtle_brick) StdoutLine: {'line': b'\x1b[1m\x1b[31mE   AssertionError: Found code style errors / warnings\x1b[0m\n'}
[0.989978] (turtle_brick) StdoutLine: {'line': b'\x1b[1m\x1b[31mE   assert 1 == 0\x1b[0m\n'}
[0.990133] (turtle_brick) StdoutLine: {'line': b'----------------------------- Captured stdout call -----------------------------\n'}
[0.990280] (turtle_brick) StdoutLine: {'line': b'checking ./launch/run_turtle.launch.py\n'}
[0.990430] (turtle_brick) StdoutLine: {'line': b'checking ./launch/show_turtle.launch.py\n'}
[0.990576] (turtle_brick) StdoutLine: {'line': b'checking ./launch/turtle_arena.launch.py\n'}
[0.990723] (turtle_brick) StdoutLine: {'line': b'checking ./setup.py\n'}
[0.990869] (turtle_brick) StdoutLine: {'line': b'checking ./test/brick.test.py\n'}
[0.991015] (turtle_brick) StdoutLine: {'line': b'checking ./test/math_test.py\n'}
[0.991160] (turtle_brick) StdoutLine: {'line': b'checking ./test/test_copyright.py\n'}
[0.991319] (turtle_brick) StdoutLine: {'line': b'checking ./test/test_flake8.py\n'}
[0.991464] (turtle_brick) StdoutLine: {'line': b'checking ./test/test_pep257.py\n'}
[0.991608] (turtle_brick) StdoutLine: {'line': b'checking ./turtle_brick/__init__.py\n'}
[0.991752] (turtle_brick) StdoutLine: {'line': b'checking ./turtle_brick/arena.py\n'}
[0.991909] (turtle_brick) StdoutLine: {'line': b'./turtle_brick/arena.py:16 in public class `BState`: D204: 1 blank line required after class docstring (found 0)\n'}
[0.992218] (turtle_brick) StdoutLine: {'line': b'./turtle_brick/arena.py:16 in public class `BState`: D205: 1 blank line required between summary line and description (found 0)\n'}
[0.992367] (turtle_brick) StdoutLine: {'line': b'./turtle_brick/arena.py:16 in public class `BState`: D208: Docstring is over-indented\n'}
[0.992511] (turtle_brick) StdoutLine: {'line': b'./turtle_brick/arena.py:16 in public class `BState`: D210: No whitespaces allowed surrounding docstring text\n'}
[0.992653] (turtle_brick) StdoutLine: {'line': b'./turtle_brick/arena.py:16 in public class `BState`: D213: Multi-line docstring summary should start at the second line\n'}
[0.992796] (turtle_brick) StdoutLine: {'line': b'./turtle_brick/arena.py:29 in public class `Arena`: D204: 1 blank line required after class docstring (found 0)\n'}
[0.992945] (turtle_brick) StdoutLine: {'line': b'./turtle_brick/arena.py:29 in public class `Arena`: D205: 1 blank line required between summary line and description (found 0)\n'}
[0.993088] (turtle_brick) StdoutLine: {'line': b'checking ./turtle_brick/catcher.py\n'}
[0.993242] (turtle_brick) StdoutLine: {'line': b'./turtle_brick/catcher.py:13 in public class `State`: D204: 1 blank line required after class docstring (found 0)\n'}
[0.993380] (turtle_brick) StdoutLine: {'line': b'./turtle_brick/catcher.py:13 in public class `State`: D205: 1 blank line required between summary line and description (found 0)\n'}
[0.993518] (turtle_brick) StdoutLine: {'line': b"./turtle_brick/catcher.py:13 in public class `State`: D400: First line should end with a period (not 't')\n"}
[0.993669] (turtle_brick) StdoutLine: {'line': b"./turtle_brick/catcher.py:13 in public class `State`: D415: First line should end with a period, question mark, or exclamation point (not 't')\n"}
[0.993809] (turtle_brick) StdoutLine: {'line': b'./turtle_brick/catcher.py:23 in public class `Catcher`: D205: 1 blank line required between summary line and description (found 0)\n'}
[0.993946] (turtle_brick) StdoutLine: {'line': b"./turtle_brick/catcher.py:23 in public class `Catcher`: D400: First line should end with a period (not 't')\n"}
[0.994084] (turtle_brick) StdoutLine: {'line': b"./turtle_brick/catcher.py:23 in public class `Catcher`: D415: First line should end with a period, question mark, or exclamation point (not 't')\n"}
[0.994224] (turtle_brick) StdoutLine: {'line': b'checking ./turtle_brick/turtle_robot.py\n'}
[0.994362] (turtle_brick) StdoutLine: {'line': b'./turtle_brick/turtle_robot.py:14 in public class `Turtle_robot`: D204: 1 blank line required after class docstring (found 0)\n'}
[0.994500] (turtle_brick) StdoutLine: {'line': b'./turtle_brick/turtle_robot.py:14 in public class `Turtle_robot`: D205: 1 blank line required between summary line and description (found 0)\n'}
[0.994638] (turtle_brick) StdoutLine: {'line': b'checking test/brick.test.py\n'}
[0.994782] (turtle_brick) StdoutLine: {'line': b'checking test/math_test.py\n'}
[0.994919] (turtle_brick) StdoutLine: {'line': b'checking test/test_copyright.py\n'}
[0.995056] (turtle_brick) StdoutLine: {'line': b'checking test/test_flake8.py\n'}
[0.995206] (turtle_brick) StdoutLine: {'line': b'checking test/test_pep257.py\n'}
[0.995348] (turtle_brick) StdoutLine: {'line': b'16 errors\n'}
[0.995489] (turtle_brick) StderrLine: {'line': b'\x1b[33m=============================== warnings summary ===============================\x1b[0m\n'}
[0.995645] (turtle_brick) StderrLine: {'line': b'test/test_flake8.py::test_flake8\n'}
[0.995792] (turtle_brick) StderrLine: {'line': b'test/test_flake8.py::test_flake8\n'}
[0.995935] (turtle_brick) StderrLine: {'line': b'  Warning: SelectableGroups dict interface is deprecated. Use select.\n'}
[0.996075] (turtle_brick) StderrLine: {'line': b'\n'}
[0.996214] (turtle_brick) StderrLine: {'line': b'-- Docs: https://docs.pytest.org/en/stable/warnings.html\n'}
[0.996370] (turtle_brick) StdoutLine: {'line': b'- generated xml file: /home/alyssa/homework2-alyssa225/build/turtle_brick/pytest.xml -\n'}
[0.996508] (turtle_brick) StdoutLine: {'line': b'=========================== short test summary info ============================\n'}
[0.996646] (turtle_brick) StdoutLine: {'line': b'FAILED test/test_flake8.py::test_flake8 - AssertionError: Found 4 code style ...\n'}
[0.996784] (turtle_brick) StdoutLine: {'line': b'FAILED test/test_pep257.py::test_pep257 - AssertionError: Found code style er...\n'}
[0.996952] (turtle_brick) StdoutLine: {'line': b'\x1b[31m============== \x1b[31m\x1b[1m2 failed\x1b[0m, \x1b[32m1 passed\x1b[0m, \x1b[33m1 skipped\x1b[0m, \x1b[33m2 warnings\x1b[0m\x1b[31m in 0.42s\x1b[0m\x1b[31m ==============\x1b[0m\n'}
[1.000943] (-) TimerEvent: {}
[1.057999] (turtle_brick) CommandEnded: {'returncode': 1}
[1.058440] (turtle_brick) TestFailure: {'identifier': 'turtle_brick'}
[1.058499] (turtle_brick) JobEnded: {'identifier': 'turtle_brick', 'rc': 0}
[1.059434] (-) EventReactorShutdown: {}
