[0.253s] Invoking command in '/home/alyssa/homework2-alyssa225/src/turtle_brick': AMENT_PREFIX_PATH=/home/alyssa/homework2-alyssa225/install/turtle_brick:/home/alyssa/homework2-alyssa225/install/turtle_brick_interfaces:/opt/ros/humble PYTEST_ADDOPTS=--tb=short --junit-xml=/home/alyssa/homework2-alyssa225/build/turtle_brick/pytest.xml --junit-prefix=turtle_brick -o cache_dir=/home/alyssa/homework2-alyssa225/build/turtle_brick/.pytest_cache PYTHONPATH=/home/alyssa/homework2-alyssa225/install/turtle_brick/lib/python3.10/site-packages:/home/alyssa/homework2-alyssa225/install/turtle_brick_interfaces/local/lib/python3.10/dist-packages:/opt/ros/humble/lib/python3.10/site-packages:/opt/ros/humble/local/lib/python3.10/dist-packages /usr/bin/python3 -m pytest
[0.544s] [1m============================= test session starts ==============================[0m
[0.544s] platform linux -- Python 3.10.6, pytest-6.2.5, py-1.10.0, pluggy-0.13.0
[0.550s] cachedir: /home/alyssa/homework2-alyssa225/build/turtle_brick/.pytest_cache
[0.550s] rootdir: /home/alyssa/homework2-alyssa225/src/turtle_brick
[0.550s] plugins: ament-lint-0.12.4, ament-xmllint-0.12.4, launch-testing-ros-0.19.3, launch-testing-1.0.2, ament-flake8-0.12.4, ament-pep257-0.12.4, ament-copyright-0.12.4, colcon-core-0.10.0, cov-3.0.0
[0.640s] [1mcollecting ... [0m[1m
[0.640s] collected 4 items                                                              [0m
[0.640s] 
[0.650s] test/math_test.py [32m.[0m[32m                                                      [ 25%][0m
[0.651s] test/test_copyright.py [33ms[0m[32m                                                 [ 50%][0m
[1.027s] test/test_flake8.py [31mF[0m[31m                                                    [ 75%][0m
[1.174s] test/test_pep257.py [31mF[0m[31m                                                    [100%][0m
[1.174s] 
[1.175s] =================================== FAILURES ===================================
[1.175s] [31m[1m_________________________________ test_flake8 __________________________________[0m
[1.175s] [1m[31mtest/test_flake8.py[0m:23: in test_flake8
[1.237s]     [94massert[39;49;00m rc == [94m0[39;49;00m, \
[1.238s] [1m[31mE   AssertionError: Found 6 code style errors / warnings:[0m
[1.238s] [1m[31mE     ./test/brick.test.py:15:31: E124 closing bracket does not match visual indentation[0m
[1.238s] [1m[31mE     ./test/brick.test.py:47:1: W293 blank line contains whitespace[0m
[1.239s] [1m[31mE     ./test/brick.test.py:55:24: E127 continuation line over-indented for visual indent[0m
[1.239s] [1m[31mE     ./test/brick.test.py:64:43: W291 trailing whitespace[0m
[1.239s] [1m[31mE     ./test/brick.test.py:65:20: E127 continuation line over-indented for visual indent[0m
[1.239s] [1m[31mE     ./test/brick.test.py:70:1: W293 blank line contains whitespace[0m
[1.240s] [1m[31mE   assert 1 == 0[0m
[1.240s] ----------------------------- Captured stdout call -----------------------------
[1.240s] 
[1.240s] ./test/brick.test.py:15:31: E124 closing bracket does not match visual indentation
[1.240s]                               )
[1.241s]                               ^
[1.241s] 
[1.241s] ./test/brick.test.py:47:1: W293 blank line contains whitespace
[1.241s]     
[1.241s] ^
[1.242s] 
[1.242s] ./test/brick.test.py:55:24: E127 continuation line over-indented for visual indent
[1.242s]                        + float(self.timestart.header.stamp.nanosec) / 1000000000.0)
[1.242s]                        ^
[1.242s] 
[1.243s] ./test/brick.test.py:64:43: W291 trailing whitespace
[1.243s]         tf = (float(time.header.stamp.sec) 
[1.243s]                                           ^
[1.243s] 
[1.243s] ./test/brick.test.py:65:20: E127 continuation line over-indented for visual indent
[1.244s]                    + float(time.header.stamp.nanosec) / 1000000000.0)
[1.244s]                    ^
[1.244s] 
[1.244s] ./test/brick.test.py:70:1: W293 blank line contains whitespace
[1.244s]             
[1.244s] ^
[1.244s] 
[1.245s] 1     E124 closing bracket does not match visual indentation
[1.245s] 2     E127 continuation line over-indented for visual indent
[1.245s] 1     W291 trailing whitespace
[1.245s] 2     W293 blank line contains whitespace
[1.245s] 
[1.245s] 13 files checked
[1.246s] 6 errors
[1.246s] 
[1.246s] 'E'-type errors: 3
[1.246s] 'W'-type errors: 3
[1.246s] 
[1.246s] Checked files:
[1.246s] 
[1.247s] * ./setup.py
[1.247s] * ./turtle_brick/arena.py
[1.247s] * ./turtle_brick/turtle_robot.py
[1.247s] * ./turtle_brick/catcher.py
[1.248s] * ./turtle_brick/__init__.py
[1.248s] * ./test/math_test.py
[1.249s] * ./test/test_flake8.py
[1.249s] * ./test/test_copyright.py
[1.249s] * ./test/test_pep257.py
[1.249s] * ./test/brick.test.py
[1.249s] * ./launch/show_turtle.launch.py
[1.249s] * ./launch/run_turtle.launch.py
[1.250s] * ./launch/turtle_arena.launch.py
[1.250s] ----------------------------- Captured stderr call -----------------------------
[1.250s] option --max-complexity: please update from optparse string `type=` to argparse callable `type=` -- this will be an error in the future
[1.250s] [31m[1m_________________________________ test_pep257 __________________________________[0m
[1.250s] [1m[31mtest/test_pep257.py[0m:23: in test_pep257
[1.250s]     [94massert[39;49;00m rc == [94m0[39;49;00m, [33m'[39;49;00m[33mFound code style errors / warnings[39;49;00m[33m'[39;49;00m
[1.251s] [1m[31mE   AssertionError: Found code style errors / warnings[0m
[1.251s] [1m[31mE   assert 1 == 0[0m
[1.251s] ----------------------------- Captured stdout call -----------------------------
[1.251s] checking ./launch/run_turtle.launch.py
[1.251s] checking ./launch/show_turtle.launch.py
[1.252s] checking ./launch/turtle_arena.launch.py
[1.252s] checking ./setup.py
[1.252s] checking ./test/brick.test.py
[1.252s] checking ./test/math_test.py
[1.252s] checking ./test/test_copyright.py
[1.252s] checking ./test/test_flake8.py
[1.255s] checking ./test/test_pep257.py
[1.255s] checking ./turtle_brick/__init__.py
[1.255s] checking ./turtle_brick/arena.py
[1.255s] ./turtle_brick/arena.py:16 in public class `BState`: D204: 1 blank line required after class docstring (found 0)
[1.256s] ./turtle_brick/arena.py:16 in public class `BState`: D205: 1 blank line required between summary line and description (found 0)
[1.256s] ./turtle_brick/arena.py:16 in public class `BState`: D208: Docstring is over-indented
[1.256s] ./turtle_brick/arena.py:16 in public class `BState`: D210: No whitespaces allowed surrounding docstring text
[1.256s] ./turtle_brick/arena.py:16 in public class `BState`: D213: Multi-line docstring summary should start at the second line
[1.256s] ./turtle_brick/arena.py:29 in public class `Arena`: D204: 1 blank line required after class docstring (found 0)
[1.256s] ./turtle_brick/arena.py:29 in public class `Arena`: D205: 1 blank line required between summary line and description (found 0)
[1.257s] checking ./turtle_brick/catcher.py
[1.257s] ./turtle_brick/catcher.py:13 in public class `State`: D204: 1 blank line required after class docstring (found 0)
[1.257s] ./turtle_brick/catcher.py:13 in public class `State`: D205: 1 blank line required between summary line and description (found 0)
[1.257s] ./turtle_brick/catcher.py:13 in public class `State`: D400: First line should end with a period (not 't')
[1.257s] ./turtle_brick/catcher.py:13 in public class `State`: D415: First line should end with a period, question mark, or exclamation point (not 't')
[1.257s] ./turtle_brick/catcher.py:23 in public class `Catcher`: D205: 1 blank line required between summary line and description (found 0)
[1.257s] ./turtle_brick/catcher.py:23 in public class `Catcher`: D400: First line should end with a period (not 't')
[1.258s] ./turtle_brick/catcher.py:23 in public class `Catcher`: D415: First line should end with a period, question mark, or exclamation point (not 't')
[1.258s] checking ./turtle_brick/turtle_robot.py
[1.258s] ./turtle_brick/turtle_robot.py:14 in public class `Turtle_robot`: D204: 1 blank line required after class docstring (found 0)
[1.258s] ./turtle_brick/turtle_robot.py:14 in public class `Turtle_robot`: D205: 1 blank line required between summary line and description (found 0)
[1.259s] checking test/brick.test.py
[1.259s] checking test/math_test.py
[1.259s] checking test/test_copyright.py
[1.259s] checking test/test_flake8.py
[1.259s] checking test/test_pep257.py
[1.260s] 16 errors
[1.260s] [33m=============================== warnings summary ===============================[0m
[1.260s] test/test_flake8.py::test_flake8
[1.260s] test/test_flake8.py::test_flake8
[1.261s]   Warning: SelectableGroups dict interface is deprecated. Use select.
[1.261s] 
[1.261s] -- Docs: https://docs.pytest.org/en/stable/warnings.html
[1.261s] - generated xml file: /home/alyssa/homework2-alyssa225/build/turtle_brick/pytest.xml -
[1.262s] =========================== short test summary info ============================
[1.262s] FAILED test/test_flake8.py::test_flake8 - AssertionError: Found 6 code style ...
[1.262s] FAILED test/test_pep257.py::test_pep257 - AssertionError: Found code style er...
[1.262s] [31m============== [31m[1m2 failed[0m, [32m1 passed[0m, [33m1 skipped[0m, [33m2 warnings[0m[31m in 0.69s[0m[31m ==============[0m
[1.340s] Invoked command in '/home/alyssa/homework2-alyssa225/src/turtle_brick' returned '1': AMENT_PREFIX_PATH=/home/alyssa/homework2-alyssa225/install/turtle_brick:/home/alyssa/homework2-alyssa225/install/turtle_brick_interfaces:/opt/ros/humble PYTEST_ADDOPTS=--tb=short --junit-xml=/home/alyssa/homework2-alyssa225/build/turtle_brick/pytest.xml --junit-prefix=turtle_brick -o cache_dir=/home/alyssa/homework2-alyssa225/build/turtle_brick/.pytest_cache PYTHONPATH=/home/alyssa/homework2-alyssa225/install/turtle_brick/lib/python3.10/site-packages:/home/alyssa/homework2-alyssa225/install/turtle_brick_interfaces/local/lib/python3.10/dist-packages:/opt/ros/humble/lib/python3.10/site-packages:/opt/ros/humble/local/lib/python3.10/dist-packages /usr/bin/python3 -m pytest
