<?xml version="1.0" encoding="utf-8"?><testsuites><testsuite name="pytest" errors="0" failures="4" skipped="1" tests="5" time="0.477" timestamp="2022-10-20T09:34:16.847789" hostname="alyssa-Galago-Pro"><testcase classname="turtle_brick.test.math_test.TestMath" name="test_math_sucsses" time="0.001"><failure message="TypeError: TestMath.test_math_sucsses() takes 0 positional arguments but 1 was given">/usr/lib/python3/dist-packages/_pytest/runner.py:311: in from_call
    result: Optional[TResult] = func()
/usr/lib/python3/dist-packages/_pytest/runner.py:255: in &lt;lambda&gt;
    lambda: ihook(item=item, **kwds), when=when, reraise=reraise
/usr/lib/python3/dist-packages/pluggy/hooks.py:286: in __call__
    return self._hookexec(self, self.get_hookimpls(), kwargs)
/usr/lib/python3/dist-packages/pluggy/manager.py:92: in _hookexec
    return self._inner_hookexec(hook, methods, kwargs)
/usr/lib/python3/dist-packages/pluggy/manager.py:83: in &lt;lambda&gt;
    self._inner_hookexec = lambda hook, methods, kwargs: hook.multicall(
/usr/lib/python3/dist-packages/_pytest/runner.py:170: in pytest_runtest_call
    raise e
/usr/lib/python3/dist-packages/_pytest/runner.py:162: in pytest_runtest_call
    item.runtest()
/usr/lib/python3/dist-packages/_pytest/python.py:1641: in runtest
    self.ihook.pytest_pyfunc_call(pyfuncitem=self)
/usr/lib/python3/dist-packages/pluggy/hooks.py:286: in __call__
    return self._hookexec(self, self.get_hookimpls(), kwargs)
/usr/lib/python3/dist-packages/pluggy/manager.py:92: in _hookexec
    return self._inner_hookexec(hook, methods, kwargs)
/usr/lib/python3/dist-packages/pluggy/manager.py:83: in &lt;lambda&gt;
    self._inner_hookexec = lambda hook, methods, kwargs: hook.multicall(
/usr/lib/python3/dist-packages/_pytest/python.py:183: in pytest_pyfunc_call
    result = testfunction(**testargs)
E   TypeError: TestMath.test_math_sucsses() takes 0 positional arguments but 1 was given</failure></testcase><testcase classname="turtle_brick.test.math_test.TestMath" name="test_math_fail" time="0.001"><failure message="TypeError: TestMath.test_math_fail() takes 0 positional arguments but 1 was given">/usr/lib/python3/dist-packages/_pytest/runner.py:311: in from_call
    result: Optional[TResult] = func()
/usr/lib/python3/dist-packages/_pytest/runner.py:255: in &lt;lambda&gt;
    lambda: ihook(item=item, **kwds), when=when, reraise=reraise
/usr/lib/python3/dist-packages/pluggy/hooks.py:286: in __call__
    return self._hookexec(self, self.get_hookimpls(), kwargs)
/usr/lib/python3/dist-packages/pluggy/manager.py:92: in _hookexec
    return self._inner_hookexec(hook, methods, kwargs)
/usr/lib/python3/dist-packages/pluggy/manager.py:83: in &lt;lambda&gt;
    self._inner_hookexec = lambda hook, methods, kwargs: hook.multicall(
/usr/lib/python3/dist-packages/_pytest/runner.py:170: in pytest_runtest_call
    raise e
/usr/lib/python3/dist-packages/_pytest/runner.py:162: in pytest_runtest_call
    item.runtest()
/usr/lib/python3/dist-packages/_pytest/python.py:1641: in runtest
    self.ihook.pytest_pyfunc_call(pyfuncitem=self)
/usr/lib/python3/dist-packages/pluggy/hooks.py:286: in __call__
    return self._hookexec(self, self.get_hookimpls(), kwargs)
/usr/lib/python3/dist-packages/pluggy/manager.py:92: in _hookexec
    return self._inner_hookexec(hook, methods, kwargs)
/usr/lib/python3/dist-packages/pluggy/manager.py:83: in &lt;lambda&gt;
    self._inner_hookexec = lambda hook, methods, kwargs: hook.multicall(
/usr/lib/python3/dist-packages/_pytest/python.py:183: in pytest_pyfunc_call
    result = testfunction(**testargs)
E   TypeError: TestMath.test_math_fail() takes 0 positional arguments but 1 was given</failure></testcase><testcase classname="turtle_brick.test.test_copyright" name="test_copyright" time="0.000"><skipped type="pytest.skip" message="No copyright header has been placed in the generated source file.">/home/alyssa/homework2-alyssa225/src/turtle_brick/test/test_copyright.py:20: No copyright header has been placed in the generated source file.</skipped></testcase><testcase classname="turtle_brick.test.test_flake8" name="test_flake8" time="0.169"><failure message="AssertionError: Found 275 code style errors / warnings:&#10;  ./setup.py:3:1: F401 'setuptools.find_packages' imported but unused&#10;  ./setup.py:14:100: E501 line too long (174 &gt; 99 characters)&#10;  ./setup.py:18:43: E231 missing whitespace after ','&#10;  ./setup.py:24:28: E231 missing whitespace after ','&#10;  ./turtle_brick/arena.py:1:1: F401 'xmlrpc.client.Boolean' imported but unused&#10;  ./turtle_brick/arena.py:5:1: F401 'tf2_ros.static_transform_broadcaster.StaticTransformBroadcaster' imported but unused&#10;  ./turtle_brick/arena.py:9:1: F401 'math.pi' imported but unused&#10;  ./turtle_brick/arena.py:10:1: F401 'turtle_brick_interfaces.srv.Drop' imported but unused&#10;  ./turtle_brick/arena.py:11:1: F401 'turtle_brick_interfaces.msg.Tilt' imported but unused&#10;  ./turtle_brick/arena.py:12:42: W291 trailing whitespace&#10;  ./turtle_brick/arena.py:14:1: F401 'visualization_msgs.msg.MarkerArray' imported but unused&#10;  ./turtle_brick/arena.py:18:1: E265 block comment should start with '# '&#10;  ./turtle_brick/arena.py:21:1: E302 expected 2 blank lines, found 1&#10;  ./turtle_brick/arena.py:29:1: E302 expected 2 blank lines, found 1&#10;  ./turtle_brick/arena.py:35:9: E265 block comment should start with '# '&#10;  ./turtle_brick/arena.py:36:33: W291 trailing whitespace&#10;  ./turtle_brick/arena.py:41:32: E231 missing whitespace after ','&#10;  ./turtle_brick/arena.py:42:27: E231 missing whitespace after ','&#10;  ./turtle_brick/arena.py:49:9: E265 block comment should start with '# '&#10;  ./turtle_brick/arena.py:56:9: E265 block comment should start with '# '&#10;  ./turtle_brick/arena.py:57:55: E231 missing whitespace after ','&#10;  ./turtle_brick/arena.py:57:64: E231 missing whitespace after ','&#10;  ./turtle_brick/arena.py:57:84: E231 missing whitespace after ','&#10;  ./turtle_brick/arena.py:58:9: E265 block comment should start with '# '&#10;  ./turtle_brick/arena.py:59:55: E231 missing whitespace after ','&#10;  ./turtle_brick/arena.py:59:65: E231 missing whitespace after ','&#10;  ./turtle_brick/arena.py:60:54: E231 missing whitespace after ','&#10;  ./turtle_brick/arena.py:60:62: E231 missing whitespace after ','&#10;  ./turtle_brick/arena.py:61:55: E231 missing whitespace after ','&#10;  ./turtle_brick/arena.py:61:64: E231 missing whitespace after ','&#10;  ./turtle_brick/arena.py:64:1: W293 blank line contains whitespace&#10;  ./turtle_brick/arena.py:67:1: W293 blank line contains whitespace&#10;  ./turtle_brick/arena.py:68:9: E265 block comment should start with '# '&#10;  ./turtle_brick/arena.py:69:47: E231 missing whitespace after ','&#10;  ./turtle_brick/arena.py:69:56: E231 missing whitespace after ','&#10;  ./turtle_brick/arena.py:70:46: E231 missing whitespace after ','&#10;  ./turtle_brick/arena.py:70:54: E231 missing whitespace after ','&#10;  ./turtle_brick/arena.py:71:1: W293 blank line contains whitespace&#10;  ./turtle_brick/arena.py:72:9: E265 block comment should start with '# '&#10;  ./turtle_brick/arena.py:89:9: E265 block comment should start with '# '&#10;  ./turtle_brick/arena.py:175:9: E303 too many blank lines (2)&#10;  ./turtle_brick/arena.py:175:9: E265 block comment should start with '# '&#10;  ./turtle_brick/arena.py:178:26: W291 trailing whitespace&#10;  ./turtle_brick/arena.py:191:42: E231 missing whitespace after ','&#10;  ./turtle_brick/arena.py:193:37: E231 missing whitespace after ','&#10;  ./turtle_brick/arena.py:194:35: E231 missing whitespace after ','&#10;  ./turtle_brick/arena.py:194:45: E231 missing whitespace after ','&#10;  ./turtle_brick/arena.py:197:1: W293 blank line contains whitespace&#10;  ./turtle_brick/arena.py:198:28: E231 missing whitespace after ','&#10;  ./turtle_brick/arena.py:205:24: E225 missing whitespace around operator&#10;  ./turtle_brick/arena.py:207:48: E231 missing whitespace after ','&#10;  ./turtle_brick/arena.py:207:65: E231 missing whitespace after ','&#10;  ./turtle_brick/arena.py:209:46: E231 missing whitespace after ','&#10;  ./turtle_brick/arena.py:209:61: E231 missing whitespace after ','&#10;  ./turtle_brick/arena.py:211:36: E231 missing whitespace after ','&#10;  ./turtle_brick/arena.py:212:13: E225 missing whitespace around operator&#10;  ./turtle_brick/arena.py:222:9: E265 block comment should start with '# '&#10;  ./turtle_brick/arena.py:239:58: E225 missing whitespace around operator&#10;  ./turtle_brick/arena.py:242:1: W293 blank line contains whitespace&#10;  ./turtle_brick/arena.py:243:1: W293 blank line contains whitespace&#10;  ./turtle_brick/arena.py:244:5: E303 too many blank lines (2)&#10;  ./turtle_brick/arena.py:244:23: E231 missing whitespace after ','&#10;  ./turtle_brick/arena.py:244:25: E231 missing whitespace after ','&#10;  ./turtle_brick/arena.py:244:27: E231 missing whitespace after ','&#10;  ./turtle_brick/arena.py:249:1: W293 blank line contains whitespace&#10;  ./turtle_brick/arena.py:256:25: E231 missing whitespace after ','&#10;  ./turtle_brick/arena.py:256:27: E231 missing whitespace after ','&#10;  ./turtle_brick/arena.py:258:30: W291 trailing whitespace&#10;  ./turtle_brick/arena.py:260:42: E225 missing whitespace around operator&#10;  ./turtle_brick/arena.py:261:65: E261 at least two spaces before inline comment&#10;  ./turtle_brick/arena.py:261:66: E262 inline comment should start with '# '&#10;  ./turtle_brick/arena.py:261:100: E501 line too long (100 &gt; 99 characters)&#10;  ./turtle_brick/arena.py:278:9: E225 missing whitespace around operator&#10;  ./turtle_brick/arena.py:280:19: W291 trailing whitespace&#10;  ./turtle_brick/arena.py:281:1: W391 blank line at end of file&#10;  ./turtle_brick/turtle_robot.py:2:1: F401 'tokenize.Double' imported but unused&#10;  ./turtle_brick/turtle_robot.py:2:1: F401 'tokenize.String' imported but unused&#10;  ./turtle_brick/turtle_robot.py:9:34: W291 trailing whitespace&#10;  ./turtle_brick/turtle_robot.py:10:1: F401 'geometry_msgs.msg.Vector3' imported but unused&#10;  ./turtle_brick/turtle_robot.py:11:1: F401 'visualization_msgs.msg.Marker' imported but unused&#10;  ./turtle_brick/turtle_robot.py:11:42: W291 trailing whitespace&#10;  ./turtle_brick/turtle_robot.py:12:45: W291 trailing whitespace&#10;  ./turtle_brick/turtle_robot.py:13:12: W291 trailing whitespace&#10;  ./turtle_brick/turtle_robot.py:14:1: E265 block comment should start with '# '&#10;  ./turtle_brick/turtle_robot.py:16:1: E302 expected 2 blank lines, found 1&#10;  ./turtle_brick/turtle_robot.py:21:9: E265 block comment should start with '# '&#10;  ./turtle_brick/turtle_robot.py:22:33: W291 trailing whitespace&#10;  ./turtle_brick/turtle_robot.py:27:32: E231 missing whitespace after ','&#10;  ./turtle_brick/turtle_robot.py:28:27: E231 missing whitespace after ','&#10;  ./turtle_brick/turtle_robot.py:38:65: E231 missing whitespace after ','&#10;  ./turtle_brick/turtle_robot.py:38:81: E231 missing whitespace after ','&#10;  ./turtle_brick/turtle_robot.py:39:55: E231 missing whitespace after ','&#10;  ./turtle_brick/turtle_robot.py:39:63: E231 missing whitespace after ','&#10;  ./turtle_brick/turtle_robot.py:40:51: E231 missing whitespace after ','&#10;  ./turtle_brick/turtle_robot.py:40:62: E231 missing whitespace after ','&#10;  ./turtle_brick/turtle_robot.py:41:52: E231 missing whitespace after ','&#10;  ./turtle_brick/turtle_robot.py:41:61: E231 missing whitespace after ','&#10;  ./turtle_brick/turtle_robot.py:43:61: E231 missing whitespace after ','&#10;  ./turtle_brick/turtle_robot.py:43:74: E231 missing whitespace after ','&#10;  ./turtle_brick/turtle_robot.py:43:93: E231 missing whitespace after ','&#10;  ./turtle_brick/turtle_robot.py:44:54: E231 missing whitespace after ','&#10;  ./turtle_brick/turtle_robot.py:44:62: E231 missing whitespace after ','&#10;  ./turtle_brick/turtle_robot.py:44:81: E231 missing whitespace after ','&#10;  ./turtle_brick/turtle_robot.py:46:53: W291 trailing whitespace&#10;  ./turtle_brick/turtle_robot.py:50:1: W293 blank line contains whitespace&#10;  ./turtle_brick/turtle_robot.py:59:9: E265 block comment should start with '# '&#10;  ./turtle_brick/turtle_robot.py:59:19: W291 trailing whitespace&#10;  ./turtle_brick/turtle_robot.py:60:28: W291 trailing whitespace&#10;  ./turtle_brick/turtle_robot.py:81:9: E265 block comment should start with '# '&#10;  ./turtle_brick/turtle_robot.py:87:23: E225 missing whitespace around operator&#10;  ./turtle_brick/turtle_robot.py:94:9: E265 block comment should start with '# '&#10;  ./turtle_brick/turtle_robot.py:97:9: E265 block comment should start with '# '&#10;  ./turtle_brick/turtle_robot.py:104:1: W293 blank line contains whitespace&#10;  ./turtle_brick/turtle_robot.py:105:27: E231 missing whitespace after ','&#10;  ./turtle_brick/turtle_robot.py:106:76: E231 missing whitespace after ','&#10;  ./turtle_brick/turtle_robot.py:106:96: E231 missing whitespace after ','&#10;  ./turtle_brick/turtle_robot.py:106:100: E501 line too long (121 &gt; 99 characters)&#10;  ./turtle_brick/turtle_robot.py:106:120: E202 whitespace before ')'&#10;  ./turtle_brick/turtle_robot.py:115:15: E225 missing whitespace around operator&#10;  ./turtle_brick/turtle_robot.py:115:24: E225 missing whitespace around operator&#10;  ./turtle_brick/turtle_robot.py:115:34: E225 missing whitespace around operator&#10;  ./turtle_brick/turtle_robot.py:115:43: E225 missing whitespace around operator&#10;  ./turtle_brick/turtle_robot.py:125:27: E231 missing whitespace after ','&#10;  ./turtle_brick/turtle_robot.py:131:1: W293 blank line contains whitespace&#10;  ./turtle_brick/turtle_robot.py:132:9: E265 block comment should start with '# '&#10;  ./turtle_brick/turtle_robot.py:139:1: W293 blank line contains whitespace&#10;  ./turtle_brick/turtle_robot.py:140:9: E303 too many blank lines (2)&#10;  ./turtle_brick/turtle_robot.py:140:9: E265 block comment should start with '# '&#10;  ./turtle_brick/turtle_robot.py:142:46: E231 missing whitespace after ','&#10;  ./turtle_brick/turtle_robot.py:142:58: E231 missing whitespace after ','&#10;  ./turtle_brick/turtle_robot.py:144:1: W293 blank line contains whitespace&#10;  ./turtle_brick/turtle_robot.py:145:9: E265 block comment should start with '# '&#10;  ./turtle_brick/turtle_robot.py:148:1: W293 blank line contains whitespace&#10;  ./turtle_brick/turtle_robot.py:149:9: E265 block comment should start with '# '&#10;  ./turtle_brick/turtle_robot.py:150:34: E225 missing whitespace around operator&#10;  ./turtle_brick/turtle_robot.py:151:34: E225 missing whitespace around operator&#10;  ./turtle_brick/turtle_robot.py:152:34: E225 missing whitespace around operator&#10;  ./turtle_brick/turtle_robot.py:155:9: E265 block comment should start with '# '&#10;  ./turtle_brick/turtle_robot.py:156:68: W291 trailing whitespace&#10;  ./turtle_brick/turtle_robot.py:157:68: W291 trailing whitespace&#10;  ./turtle_brick/turtle_robot.py:158:48: W291 trailing whitespace&#10;  ./turtle_brick/turtle_robot.py:160:9: E265 block comment should start with '# '&#10;  ./turtle_brick/turtle_robot.py:161:56: W291 trailing whitespace&#10;  ./turtle_brick/turtle_robot.py:166:9: E265 block comment should start with '# '&#10;  ./turtle_brick/turtle_robot.py:172:41: E225 missing whitespace around operator&#10;  ./turtle_brick/turtle_robot.py:175:1: W293 blank line contains whitespace&#10;  ./turtle_brick/turtle_robot.py:176:9: E265 block comment should start with '# '&#10;  ./turtle_brick/turtle_robot.py:177:38: E225 missing whitespace around operator&#10;  ./turtle_brick/turtle_robot.py:179:49: E225 missing whitespace around operator&#10;  ./turtle_brick/turtle_robot.py:180:51: E225 missing whitespace around operator&#10;  ./turtle_brick/turtle_robot.py:182:80: E202 whitespace before ')'&#10;  ./turtle_brick/turtle_robot.py:186:9: E265 block comment should start with '# '&#10;  ./turtle_brick/turtle_robot.py:188:52: E225 missing whitespace around operator&#10;  ./turtle_brick/turtle_robot.py:188:57: W291 trailing whitespace&#10;  ./turtle_brick/turtle_robot.py:190:34: E225 missing whitespace around operator&#10;  ./turtle_brick/turtle_robot.py:192:34: E225 missing whitespace around operator&#10;  ./turtle_brick/turtle_robot.py:197:1: W293 blank line contains whitespace&#10;  ./turtle_brick/turtle_robot.py:198:1: W293 blank line contains whitespace&#10;  ./turtle_brick/turtle_robot.py:200:1: E303 too many blank lines (3)&#10;  ./turtle_brick/turtle_robot.py:202:16: E225 missing whitespace around operator&#10;  ./turtle_brick/turtle_robot.py:204:19: W291 trailing whitespace&#10;  ./turtle_brick/turtle_robot.py:206:1: W391 blank line at end of file&#10;  ./turtle_brick/catcher.py:2:1: F401 'cmath.sqrt' imported but unused&#10;  ./turtle_brick/catcher.py:6:1: F401 'tf2_ros.static_transform_broadcaster.StaticTransformBroadcaster' imported but unused&#10;  ./turtle_brick/catcher.py:7:1: F401 'tf2_ros.TransformBroadcaster' imported but unused&#10;  ./turtle_brick/catcher.py:8:1: F401 'geometry_msgs.msg.TransformStamped' imported but unused&#10;  ./turtle_brick/catcher.py:9:1: F401 'turtle_brick_interfaces.srv.Place' imported but unused&#10;  ./turtle_brick/catcher.py:9:1: F401 'turtle_brick_interfaces.srv.Drop' imported but unused&#10;  ./turtle_brick/catcher.py:11:42: W291 trailing whitespace&#10;  ./turtle_brick/catcher.py:12:12: W291 trailing whitespace&#10;  ./turtle_brick/catcher.py:14:1: F401 '.quaternion.angle_axis_to_quaternion' imported but unused&#10;  ./turtle_brick/catcher.py:17:1: E302 expected 2 blank lines, found 1&#10;  ./turtle_brick/catcher.py:23:1: E302 expected 2 blank lines, found 1&#10;  ./turtle_brick/catcher.py:29:9: E265 block comment should start with '# '&#10;  ./turtle_brick/catcher.py:30:33: W291 trailing whitespace&#10;  ./turtle_brick/catcher.py:35:32: E231 missing whitespace after ','&#10;  ./turtle_brick/catcher.py:36:27: E231 missing whitespace after ','&#10;  ./turtle_brick/catcher.py:43:9: E265 block comment should start with '# '&#10;  ./turtle_brick/catcher.py:46:9: E265 block comment should start with '# '&#10;  ./turtle_brick/catcher.py:48:9: E265 block comment should start with '# '&#10;  ./turtle_brick/catcher.py:49:55: E231 missing whitespace after ','&#10;  ./turtle_brick/catcher.py:49:64: E231 missing whitespace after ','&#10;  ./turtle_brick/catcher.py:49:84: E231 missing whitespace after ','&#10;  ./turtle_brick/catcher.py:50:57: E231 missing whitespace after ','&#10;  ./turtle_brick/catcher.py:50:85: E231 missing whitespace after ','&#10;  ./turtle_brick/catcher.py:51:55: E231 missing whitespace after ','&#10;  ./turtle_brick/catcher.py:51:85: E231 missing whitespace after ','&#10;  ./turtle_brick/catcher.py:52:9: E265 block comment should start with '# '&#10;  ./turtle_brick/catcher.py:53:28: E225 missing whitespace around operator&#10;  ./turtle_brick/catcher.py:53:56: E231 missing whitespace after ','&#10;  ./turtle_brick/catcher.py:53:64: E231 missing whitespace after ','&#10;  ./turtle_brick/catcher.py:54:22: E225 missing whitespace around operator&#10;  ./turtle_brick/catcher.py:54:57: E231 missing whitespace after ','&#10;  ./turtle_brick/catcher.py:54:70: E231 missing whitespace after ','&#10;  ./turtle_brick/catcher.py:55:22: E225 missing whitespace around operator&#10;  ./turtle_brick/catcher.py:55:50: E231 missing whitespace after ','&#10;  ./turtle_brick/catcher.py:55:58: E231 missing whitespace after ','&#10;  ./turtle_brick/catcher.py:56:55: E231 missing whitespace after ','&#10;  ./turtle_brick/catcher.py:56:65: E231 missing whitespace after ','&#10;  ./turtle_brick/catcher.py:57:9: E265 block comment should start with '# '&#10;  ./turtle_brick/catcher.py:59:1: W293 blank line contains whitespace&#10;  ./turtle_brick/catcher.py:60:9: E265 block comment should start with '# '&#10;  ./turtle_brick/catcher.py:83:1: W293 blank line contains whitespace&#10;  ./turtle_brick/catcher.py:84:5: E303 too many blank lines (3)&#10;  ./turtle_brick/catcher.py:84:28: E231 missing whitespace after ','&#10;  ./turtle_brick/catcher.py:88:100: E501 line too long (100 &gt; 99 characters)&#10;  ./turtle_brick/catcher.py:94:1: W293 blank line contains whitespace&#10;  ./turtle_brick/catcher.py:95:28: E231 missing whitespace after ','&#10;  ./turtle_brick/catcher.py:105:5: E303 too many blank lines (2)&#10;  ./turtle_brick/catcher.py:105:27: E231 missing whitespace after ','&#10;  ./turtle_brick/catcher.py:110:40: E225 missing whitespace around operator&#10;  ./turtle_brick/catcher.py:112:13: E265 block comment should start with '# '&#10;  ./turtle_brick/catcher.py:112:100: E501 line too long (142 &gt; 99 characters)&#10;  ./turtle_brick/catcher.py:113:100: E501 line too long (155 &gt; 99 characters)&#10;  ./turtle_brick/catcher.py:114:28: E225 missing whitespace around operator&#10;  ./turtle_brick/catcher.py:114:39: E261 at least two spaces before inline comment&#10;  ./turtle_brick/catcher.py:114:40: E262 inline comment should start with '# '&#10;  ./turtle_brick/catcher.py:114:100: E501 line too long (106 &gt; 99 characters)&#10;  ./turtle_brick/catcher.py:122:1: W293 blank line contains whitespace&#10;  ./turtle_brick/catcher.py:123:1: W293 blank line contains whitespace&#10;  ./turtle_brick/catcher.py:124:1: W293 blank line contains whitespace&#10;  ./turtle_brick/catcher.py:127:1: E303 too many blank lines (6)&#10;  ./turtle_brick/catcher.py:131:21: W292 no newline at end of file&#10;  ./test/math_test.py:4:1: W293 blank line contains whitespace&#10;  ./test/math_test.py:6:25: W292 no newline at end of file&#10;  ./test/brick.test.py:1:1: F401 'ament_copyright.main.main' imported but unused&#10;  ./test/brick.test.py:2:1: F401 'pytest' imported but unused&#10;  ./test/brick.test.py:3:1: F401 'launch' imported but unused&#10;  ./test/brick.test.py:4:1: F401 'launch_pytest' imported but unused&#10;  ./test/brick.test.py:5:1: F401 'sys' imported but unused&#10;  ./test/brick.test.py:6:1: F401 'launch_ros' imported but unused&#10;  ./test/brick.test.py:7:1: F401 'pathlib.Path' imported but unused&#10;  ./test/brick.test.py:8:1: E265 block comment should start with '# '&#10;  ./test/brick.test.py:8:100: E501 line too long (128 &gt; 99 characters)&#10;  ./test/brick.test.py:21:9: W292 no newline at end of file&#10;  ./launch/show_turtle.launch.py:1:1: F401 'ament_index_python.packages.get_package_share_path' imported but unused&#10;  ./launch/show_turtle.launch.py:1:63: E231 missing whitespace after ','&#10;  ./launch/show_turtle.launch.py:5:1: F401 'launch.conditions.UnlessCondition' imported but unused&#10;  ./launch/show_turtle.launch.py:11:1: E302 expected 2 blank lines, found 1&#10;  ./launch/show_turtle.launch.py:12:22: E225 missing whitespace around operator&#10;  ./launch/show_turtle.launch.py:14:51: E225 missing whitespace around operator&#10;  ./launch/show_turtle.launch.py:15:1: W293 blank line contains whitespace&#10;  ./launch/show_turtle.launch.py:16:5: F841 local variable 'use_sim_time' is assigned to but never used&#10;  ./launch/show_turtle.launch.py:18:100: E501 line too long (115 &gt; 99 characters)&#10;  ./launch/show_turtle.launch.py:18:105: E231 missing whitespace after ','&#10;  ./launch/show_turtle.launch.py:19:37: E128 continuation line under-indented for visual indent&#10;  ./launch/show_turtle.launch.py:19:92: E261 at least two spaces before inline comment&#10;  ./launch/show_turtle.launch.py:19:92: E262 inline comment should start with '# '&#10;  ./launch/show_turtle.launch.py:22:100: E501 line too long (100 &gt; 99 characters)&#10;  ./launch/show_turtle.launch.py:36:89: E231 missing whitespace after ','&#10;  ./launch/show_turtle.launch.py:36:96: E231 missing whitespace after ','&#10;  ./launch/show_turtle.launch.py:43:56: E231 missing whitespace after ','&#10;  ./launch/show_turtle.launch.py:49:56: E231 missing whitespace after ','&#10;  ./launch/show_turtle.launch.py:68:7: W292 no newline at end of file&#10;  ./launch/run_turtle.launch.py:2:1: F401 'ament_index_python.packages.get_package_share_path' imported but unused&#10;  ./launch/run_turtle.launch.py:5:1: F401 'launch.actions.DeclareLaunchArgument' imported but unused&#10;  ./launch/run_turtle.launch.py:6:1: F401 'launch.conditions.IfCondition' imported but unused&#10;  ./launch/run_turtle.launch.py:6:1: F401 'launch.conditions.UnlessCondition' imported but unused&#10;  ./launch/run_turtle.launch.py:7:1: F401 'launch.substitutions.Command' imported but unused&#10;  ./launch/run_turtle.launch.py:7:1: F401 'launch.substitutions.LaunchConfiguration' imported but unused&#10;  ./launch/run_turtle.launch.py:10:1: F401 'launch_ros.parameter_descriptions.ParameterValue' imported but unused&#10;  ./launch/run_turtle.launch.py:40:23: E251 unexpected spaces around keyword / parameter equals&#10;  ./launch/run_turtle.launch.py:40:25: E251 unexpected spaces around keyword / parameter equals&#10;  ./launch/run_turtle.launch.py:40:70: E231 missing whitespace after ','&#10;  ./launch/run_turtle.launch.py:43:1: W293 blank line contains whitespace&#10;  ./launch/run_turtle.launch.py:44:7: W292 no newline at end of file&#10;  ./launch/turtle_arena.launch.py:2:1: F401 'ament_index_python.packages.get_package_share_path' imported but unused&#10;  ./launch/turtle_arena.launch.py:5:1: F401 'launch.actions.DeclareLaunchArgument' imported but unused&#10;  ./launch/turtle_arena.launch.py:6:1: F401 'launch.conditions.IfCondition' imported but unused&#10;  ./launch/turtle_arena.launch.py:6:1: F401 'launch.conditions.UnlessCondition' imported but unused&#10;  ./launch/turtle_arena.launch.py:7:1: F401 'launch.substitutions.Command' imported but unused&#10;  ./launch/turtle_arena.launch.py:7:1: F401 'launch.substitutions.LaunchConfiguration' imported but unused&#10;  ./launch/turtle_arena.launch.py:10:1: F401 'launch_ros.parameter_descriptions.ParameterValue' imported but unused&#10;  ./launch/turtle_arena.launch.py:42:1: W293 blank line contains whitespace&#10;  ./launch/turtle_arena.launch.py:43:7: W292 no newline at end of file&#10;assert 1 == 0">test/test_flake8.py:23: in test_flake8
    assert rc == 0, \
E   AssertionError: Found 275 code style errors / warnings:
E     ./setup.py:3:1: F401 'setuptools.find_packages' imported but unused
E     ./setup.py:14:100: E501 line too long (174 &gt; 99 characters)
E     ./setup.py:18:43: E231 missing whitespace after ','
E     ./setup.py:24:28: E231 missing whitespace after ','
E     ./turtle_brick/arena.py:1:1: F401 'xmlrpc.client.Boolean' imported but unused
E     ./turtle_brick/arena.py:5:1: F401 'tf2_ros.static_transform_broadcaster.StaticTransformBroadcaster' imported but unused
E     ./turtle_brick/arena.py:9:1: F401 'math.pi' imported but unused
E     ./turtle_brick/arena.py:10:1: F401 'turtle_brick_interfaces.srv.Drop' imported but unused
E     ./turtle_brick/arena.py:11:1: F401 'turtle_brick_interfaces.msg.Tilt' imported but unused
E     ./turtle_brick/arena.py:12:42: W291 trailing whitespace
E     ./turtle_brick/arena.py:14:1: F401 'visualization_msgs.msg.MarkerArray' imported but unused
E     ./turtle_brick/arena.py:18:1: E265 block comment should start with '# '
E     ./turtle_brick/arena.py:21:1: E302 expected 2 blank lines, found 1
E     ./turtle_brick/arena.py:29:1: E302 expected 2 blank lines, found 1
E     ./turtle_brick/arena.py:35:9: E265 block comment should start with '# '
E     ./turtle_brick/arena.py:36:33: W291 trailing whitespace
E     ./turtle_brick/arena.py:41:32: E231 missing whitespace after ','
E     ./turtle_brick/arena.py:42:27: E231 missing whitespace after ','
E     ./turtle_brick/arena.py:49:9: E265 block comment should start with '# '
E     ./turtle_brick/arena.py:56:9: E265 block comment should start with '# '
E     ./turtle_brick/arena.py:57:55: E231 missing whitespace after ','
E     ./turtle_brick/arena.py:57:64: E231 missing whitespace after ','
E     ./turtle_brick/arena.py:57:84: E231 missing whitespace after ','
E     ./turtle_brick/arena.py:58:9: E265 block comment should start with '# '
E     ./turtle_brick/arena.py:59:55: E231 missing whitespace after ','
E     ./turtle_brick/arena.py:59:65: E231 missing whitespace after ','
E     ./turtle_brick/arena.py:60:54: E231 missing whitespace after ','
E     ./turtle_brick/arena.py:60:62: E231 missing whitespace after ','
E     ./turtle_brick/arena.py:61:55: E231 missing whitespace after ','
E     ./turtle_brick/arena.py:61:64: E231 missing whitespace after ','
E     ./turtle_brick/arena.py:64:1: W293 blank line contains whitespace
E     ./turtle_brick/arena.py:67:1: W293 blank line contains whitespace
E     ./turtle_brick/arena.py:68:9: E265 block comment should start with '# '
E     ./turtle_brick/arena.py:69:47: E231 missing whitespace after ','
E     ./turtle_brick/arena.py:69:56: E231 missing whitespace after ','
E     ./turtle_brick/arena.py:70:46: E231 missing whitespace after ','
E     ./turtle_brick/arena.py:70:54: E231 missing whitespace after ','
E     ./turtle_brick/arena.py:71:1: W293 blank line contains whitespace
E     ./turtle_brick/arena.py:72:9: E265 block comment should start with '# '
E     ./turtle_brick/arena.py:89:9: E265 block comment should start with '# '
E     ./turtle_brick/arena.py:175:9: E303 too many blank lines (2)
E     ./turtle_brick/arena.py:175:9: E265 block comment should start with '# '
E     ./turtle_brick/arena.py:178:26: W291 trailing whitespace
E     ./turtle_brick/arena.py:191:42: E231 missing whitespace after ','
E     ./turtle_brick/arena.py:193:37: E231 missing whitespace after ','
E     ./turtle_brick/arena.py:194:35: E231 missing whitespace after ','
E     ./turtle_brick/arena.py:194:45: E231 missing whitespace after ','
E     ./turtle_brick/arena.py:197:1: W293 blank line contains whitespace
E     ./turtle_brick/arena.py:198:28: E231 missing whitespace after ','
E     ./turtle_brick/arena.py:205:24: E225 missing whitespace around operator
E     ./turtle_brick/arena.py:207:48: E231 missing whitespace after ','
E     ./turtle_brick/arena.py:207:65: E231 missing whitespace after ','
E     ./turtle_brick/arena.py:209:46: E231 missing whitespace after ','
E     ./turtle_brick/arena.py:209:61: E231 missing whitespace after ','
E     ./turtle_brick/arena.py:211:36: E231 missing whitespace after ','
E     ./turtle_brick/arena.py:212:13: E225 missing whitespace around operator
E     ./turtle_brick/arena.py:222:9: E265 block comment should start with '# '
E     ./turtle_brick/arena.py:239:58: E225 missing whitespace around operator
E     ./turtle_brick/arena.py:242:1: W293 blank line contains whitespace
E     ./turtle_brick/arena.py:243:1: W293 blank line contains whitespace
E     ./turtle_brick/arena.py:244:5: E303 too many blank lines (2)
E     ./turtle_brick/arena.py:244:23: E231 missing whitespace after ','
E     ./turtle_brick/arena.py:244:25: E231 missing whitespace after ','
E     ./turtle_brick/arena.py:244:27: E231 missing whitespace after ','
E     ./turtle_brick/arena.py:249:1: W293 blank line contains whitespace
E     ./turtle_brick/arena.py:256:25: E231 missing whitespace after ','
E     ./turtle_brick/arena.py:256:27: E231 missing whitespace after ','
E     ./turtle_brick/arena.py:258:30: W291 trailing whitespace
E     ./turtle_brick/arena.py:260:42: E225 missing whitespace around operator
E     ./turtle_brick/arena.py:261:65: E261 at least two spaces before inline comment
E     ./turtle_brick/arena.py:261:66: E262 inline comment should start with '# '
E     ./turtle_brick/arena.py:261:100: E501 line too long (100 &gt; 99 characters)
E     ./turtle_brick/arena.py:278:9: E225 missing whitespace around operator
E     ./turtle_brick/arena.py:280:19: W291 trailing whitespace
E     ./turtle_brick/arena.py:281:1: W391 blank line at end of file
E     ./turtle_brick/turtle_robot.py:2:1: F401 'tokenize.Double' imported but unused
E     ./turtle_brick/turtle_robot.py:2:1: F401 'tokenize.String' imported but unused
E     ./turtle_brick/turtle_robot.py:9:34: W291 trailing whitespace
E     ./turtle_brick/turtle_robot.py:10:1: F401 'geometry_msgs.msg.Vector3' imported but unused
E     ./turtle_brick/turtle_robot.py:11:1: F401 'visualization_msgs.msg.Marker' imported but unused
E     ./turtle_brick/turtle_robot.py:11:42: W291 trailing whitespace
E     ./turtle_brick/turtle_robot.py:12:45: W291 trailing whitespace
E     ./turtle_brick/turtle_robot.py:13:12: W291 trailing whitespace
E     ./turtle_brick/turtle_robot.py:14:1: E265 block comment should start with '# '
E     ./turtle_brick/turtle_robot.py:16:1: E302 expected 2 blank lines, found 1
E     ./turtle_brick/turtle_robot.py:21:9: E265 block comment should start with '# '
E     ./turtle_brick/turtle_robot.py:22:33: W291 trailing whitespace
E     ./turtle_brick/turtle_robot.py:27:32: E231 missing whitespace after ','
E     ./turtle_brick/turtle_robot.py:28:27: E231 missing whitespace after ','
E     ./turtle_brick/turtle_robot.py:38:65: E231 missing whitespace after ','
E     ./turtle_brick/turtle_robot.py:38:81: E231 missing whitespace after ','
E     ./turtle_brick/turtle_robot.py:39:55: E231 missing whitespace after ','
E     ./turtle_brick/turtle_robot.py:39:63: E231 missing whitespace after ','
E     ./turtle_brick/turtle_robot.py:40:51: E231 missing whitespace after ','
E     ./turtle_brick/turtle_robot.py:40:62: E231 missing whitespace after ','
E     ./turtle_brick/turtle_robot.py:41:52: E231 missing whitespace after ','
E     ./turtle_brick/turtle_robot.py:41:61: E231 missing whitespace after ','
E     ./turtle_brick/turtle_robot.py:43:61: E231 missing whitespace after ','
E     ./turtle_brick/turtle_robot.py:43:74: E231 missing whitespace after ','
E     ./turtle_brick/turtle_robot.py:43:93: E231 missing whitespace after ','
E     ./turtle_brick/turtle_robot.py:44:54: E231 missing whitespace after ','
E     ./turtle_brick/turtle_robot.py:44:62: E231 missing whitespace after ','
E     ./turtle_brick/turtle_robot.py:44:81: E231 missing whitespace after ','
E     ./turtle_brick/turtle_robot.py:46:53: W291 trailing whitespace
E     ./turtle_brick/turtle_robot.py:50:1: W293 blank line contains whitespace
E     ./turtle_brick/turtle_robot.py:59:9: E265 block comment should start with '# '
E     ./turtle_brick/turtle_robot.py:59:19: W291 trailing whitespace
E     ./turtle_brick/turtle_robot.py:60:28: W291 trailing whitespace
E     ./turtle_brick/turtle_robot.py:81:9: E265 block comment should start with '# '
E     ./turtle_brick/turtle_robot.py:87:23: E225 missing whitespace around operator
E     ./turtle_brick/turtle_robot.py:94:9: E265 block comment should start with '# '
E     ./turtle_brick/turtle_robot.py:97:9: E265 block comment should start with '# '
E     ./turtle_brick/turtle_robot.py:104:1: W293 blank line contains whitespace
E     ./turtle_brick/turtle_robot.py:105:27: E231 missing whitespace after ','
E     ./turtle_brick/turtle_robot.py:106:76: E231 missing whitespace after ','
E     ./turtle_brick/turtle_robot.py:106:96: E231 missing whitespace after ','
E     ./turtle_brick/turtle_robot.py:106:100: E501 line too long (121 &gt; 99 characters)
E     ./turtle_brick/turtle_robot.py:106:120: E202 whitespace before ')'
E     ./turtle_brick/turtle_robot.py:115:15: E225 missing whitespace around operator
E     ./turtle_brick/turtle_robot.py:115:24: E225 missing whitespace around operator
E     ./turtle_brick/turtle_robot.py:115:34: E225 missing whitespace around operator
E     ./turtle_brick/turtle_robot.py:115:43: E225 missing whitespace around operator
E     ./turtle_brick/turtle_robot.py:125:27: E231 missing whitespace after ','
E     ./turtle_brick/turtle_robot.py:131:1: W293 blank line contains whitespace
E     ./turtle_brick/turtle_robot.py:132:9: E265 block comment should start with '# '
E     ./turtle_brick/turtle_robot.py:139:1: W293 blank line contains whitespace
E     ./turtle_brick/turtle_robot.py:140:9: E303 too many blank lines (2)
E     ./turtle_brick/turtle_robot.py:140:9: E265 block comment should start with '# '
E     ./turtle_brick/turtle_robot.py:142:46: E231 missing whitespace after ','
E     ./turtle_brick/turtle_robot.py:142:58: E231 missing whitespace after ','
E     ./turtle_brick/turtle_robot.py:144:1: W293 blank line contains whitespace
E     ./turtle_brick/turtle_robot.py:145:9: E265 block comment should start with '# '
E     ./turtle_brick/turtle_robot.py:148:1: W293 blank line contains whitespace
E     ./turtle_brick/turtle_robot.py:149:9: E265 block comment should start with '# '
E     ./turtle_brick/turtle_robot.py:150:34: E225 missing whitespace around operator
E     ./turtle_brick/turtle_robot.py:151:34: E225 missing whitespace around operator
E     ./turtle_brick/turtle_robot.py:152:34: E225 missing whitespace around operator
E     ./turtle_brick/turtle_robot.py:155:9: E265 block comment should start with '# '
E     ./turtle_brick/turtle_robot.py:156:68: W291 trailing whitespace
E     ./turtle_brick/turtle_robot.py:157:68: W291 trailing whitespace
E     ./turtle_brick/turtle_robot.py:158:48: W291 trailing whitespace
E     ./turtle_brick/turtle_robot.py:160:9: E265 block comment should start with '# '
E     ./turtle_brick/turtle_robot.py:161:56: W291 trailing whitespace
E     ./turtle_brick/turtle_robot.py:166:9: E265 block comment should start with '# '
E     ./turtle_brick/turtle_robot.py:172:41: E225 missing whitespace around operator
E     ./turtle_brick/turtle_robot.py:175:1: W293 blank line contains whitespace
E     ./turtle_brick/turtle_robot.py:176:9: E265 block comment should start with '# '
E     ./turtle_brick/turtle_robot.py:177:38: E225 missing whitespace around operator
E     ./turtle_brick/turtle_robot.py:179:49: E225 missing whitespace around operator
E     ./turtle_brick/turtle_robot.py:180:51: E225 missing whitespace around operator
E     ./turtle_brick/turtle_robot.py:182:80: E202 whitespace before ')'
E     ./turtle_brick/turtle_robot.py:186:9: E265 block comment should start with '# '
E     ./turtle_brick/turtle_robot.py:188:52: E225 missing whitespace around operator
E     ./turtle_brick/turtle_robot.py:188:57: W291 trailing whitespace
E     ./turtle_brick/turtle_robot.py:190:34: E225 missing whitespace around operator
E     ./turtle_brick/turtle_robot.py:192:34: E225 missing whitespace around operator
E     ./turtle_brick/turtle_robot.py:197:1: W293 blank line contains whitespace
E     ./turtle_brick/turtle_robot.py:198:1: W293 blank line contains whitespace
E     ./turtle_brick/turtle_robot.py:200:1: E303 too many blank lines (3)
E     ./turtle_brick/turtle_robot.py:202:16: E225 missing whitespace around operator
E     ./turtle_brick/turtle_robot.py:204:19: W291 trailing whitespace
E     ./turtle_brick/turtle_robot.py:206:1: W391 blank line at end of file
E     ./turtle_brick/catcher.py:2:1: F401 'cmath.sqrt' imported but unused
E     ./turtle_brick/catcher.py:6:1: F401 'tf2_ros.static_transform_broadcaster.StaticTransformBroadcaster' imported but unused
E     ./turtle_brick/catcher.py:7:1: F401 'tf2_ros.TransformBroadcaster' imported but unused
E     ./turtle_brick/catcher.py:8:1: F401 'geometry_msgs.msg.TransformStamped' imported but unused
E     ./turtle_brick/catcher.py:9:1: F401 'turtle_brick_interfaces.srv.Place' imported but unused
E     ./turtle_brick/catcher.py:9:1: F401 'turtle_brick_interfaces.srv.Drop' imported but unused
E     ./turtle_brick/catcher.py:11:42: W291 trailing whitespace
E     ./turtle_brick/catcher.py:12:12: W291 trailing whitespace
E     ./turtle_brick/catcher.py:14:1: F401 '.quaternion.angle_axis_to_quaternion' imported but unused
E     ./turtle_brick/catcher.py:17:1: E302 expected 2 blank lines, found 1
E     ./turtle_brick/catcher.py:23:1: E302 expected 2 blank lines, found 1
E     ./turtle_brick/catcher.py:29:9: E265 block comment should start with '# '
E     ./turtle_brick/catcher.py:30:33: W291 trailing whitespace
E     ./turtle_brick/catcher.py:35:32: E231 missing whitespace after ','
E     ./turtle_brick/catcher.py:36:27: E231 missing whitespace after ','
E     ./turtle_brick/catcher.py:43:9: E265 block comment should start with '# '
E     ./turtle_brick/catcher.py:46:9: E265 block comment should start with '# '
E     ./turtle_brick/catcher.py:48:9: E265 block comment should start with '# '
E     ./turtle_brick/catcher.py:49:55: E231 missing whitespace after ','
E     ./turtle_brick/catcher.py:49:64: E231 missing whitespace after ','
E     ./turtle_brick/catcher.py:49:84: E231 missing whitespace after ','
E     ./turtle_brick/catcher.py:50:57: E231 missing whitespace after ','
E     ./turtle_brick/catcher.py:50:85: E231 missing whitespace after ','
E     ./turtle_brick/catcher.py:51:55: E231 missing whitespace after ','
E     ./turtle_brick/catcher.py:51:85: E231 missing whitespace after ','
E     ./turtle_brick/catcher.py:52:9: E265 block comment should start with '# '
E     ./turtle_brick/catcher.py:53:28: E225 missing whitespace around operator
E     ./turtle_brick/catcher.py:53:56: E231 missing whitespace after ','
E     ./turtle_brick/catcher.py:53:64: E231 missing whitespace after ','
E     ./turtle_brick/catcher.py:54:22: E225 missing whitespace around operator
E     ./turtle_brick/catcher.py:54:57: E231 missing whitespace after ','
E     ./turtle_brick/catcher.py:54:70: E231 missing whitespace after ','
E     ./turtle_brick/catcher.py:55:22: E225 missing whitespace around operator
E     ./turtle_brick/catcher.py:55:50: E231 missing whitespace after ','
E     ./turtle_brick/catcher.py:55:58: E231 missing whitespace after ','
E     ./turtle_brick/catcher.py:56:55: E231 missing whitespace after ','
E     ./turtle_brick/catcher.py:56:65: E231 missing whitespace after ','
E     ./turtle_brick/catcher.py:57:9: E265 block comment should start with '# '
E     ./turtle_brick/catcher.py:59:1: W293 blank line contains whitespace
E     ./turtle_brick/catcher.py:60:9: E265 block comment should start with '# '
E     ./turtle_brick/catcher.py:83:1: W293 blank line contains whitespace
E     ./turtle_brick/catcher.py:84:5: E303 too many blank lines (3)
E     ./turtle_brick/catcher.py:84:28: E231 missing whitespace after ','
E     ./turtle_brick/catcher.py:88:100: E501 line too long (100 &gt; 99 characters)
E     ./turtle_brick/catcher.py:94:1: W293 blank line contains whitespace
E     ./turtle_brick/catcher.py:95:28: E231 missing whitespace after ','
E     ./turtle_brick/catcher.py:105:5: E303 too many blank lines (2)
E     ./turtle_brick/catcher.py:105:27: E231 missing whitespace after ','
E     ./turtle_brick/catcher.py:110:40: E225 missing whitespace around operator
E     ./turtle_brick/catcher.py:112:13: E265 block comment should start with '# '
E     ./turtle_brick/catcher.py:112:100: E501 line too long (142 &gt; 99 characters)
E     ./turtle_brick/catcher.py:113:100: E501 line too long (155 &gt; 99 characters)
E     ./turtle_brick/catcher.py:114:28: E225 missing whitespace around operator
E     ./turtle_brick/catcher.py:114:39: E261 at least two spaces before inline comment
E     ./turtle_brick/catcher.py:114:40: E262 inline comment should start with '# '
E     ./turtle_brick/catcher.py:114:100: E501 line too long (106 &gt; 99 characters)
E     ./turtle_brick/catcher.py:122:1: W293 blank line contains whitespace
E     ./turtle_brick/catcher.py:123:1: W293 blank line contains whitespace
E     ./turtle_brick/catcher.py:124:1: W293 blank line contains whitespace
E     ./turtle_brick/catcher.py:127:1: E303 too many blank lines (6)
E     ./turtle_brick/catcher.py:131:21: W292 no newline at end of file
E     ./test/math_test.py:4:1: W293 blank line contains whitespace
E     ./test/math_test.py:6:25: W292 no newline at end of file
E     ./test/brick.test.py:1:1: F401 'ament_copyright.main.main' imported but unused
E     ./test/brick.test.py:2:1: F401 'pytest' imported but unused
E     ./test/brick.test.py:3:1: F401 'launch' imported but unused
E     ./test/brick.test.py:4:1: F401 'launch_pytest' imported but unused
E     ./test/brick.test.py:5:1: F401 'sys' imported but unused
E     ./test/brick.test.py:6:1: F401 'launch_ros' imported but unused
E     ./test/brick.test.py:7:1: F401 'pathlib.Path' imported but unused
E     ./test/brick.test.py:8:1: E265 block comment should start with '# '
E     ./test/brick.test.py:8:100: E501 line too long (128 &gt; 99 characters)
E     ./test/brick.test.py:21:9: W292 no newline at end of file
E     ./launch/show_turtle.launch.py:1:1: F401 'ament_index_python.packages.get_package_share_path' imported but unused
E     ./launch/show_turtle.launch.py:1:63: E231 missing whitespace after ','
E     ./launch/show_turtle.launch.py:5:1: F401 'launch.conditions.UnlessCondition' imported but unused
E     ./launch/show_turtle.launch.py:11:1: E302 expected 2 blank lines, found 1
E     ./launch/show_turtle.launch.py:12:22: E225 missing whitespace around operator
E     ./launch/show_turtle.launch.py:14:51: E225 missing whitespace around operator
E     ./launch/show_turtle.launch.py:15:1: W293 blank line contains whitespace
E     ./launch/show_turtle.launch.py:16:5: F841 local variable 'use_sim_time' is assigned to but never used
E     ./launch/show_turtle.launch.py:18:100: E501 line too long (115 &gt; 99 characters)
E     ./launch/show_turtle.launch.py:18:105: E231 missing whitespace after ','
E     ./launch/show_turtle.launch.py:19:37: E128 continuation line under-indented for visual indent
E     ./launch/show_turtle.launch.py:19:92: E261 at least two spaces before inline comment
E     ./launch/show_turtle.launch.py:19:92: E262 inline comment should start with '# '
E     ./launch/show_turtle.launch.py:22:100: E501 line too long (100 &gt; 99 characters)
E     ./launch/show_turtle.launch.py:36:89: E231 missing whitespace after ','
E     ./launch/show_turtle.launch.py:36:96: E231 missing whitespace after ','
E     ./launch/show_turtle.launch.py:43:56: E231 missing whitespace after ','
E     ./launch/show_turtle.launch.py:49:56: E231 missing whitespace after ','
E     ./launch/show_turtle.launch.py:68:7: W292 no newline at end of file
E     ./launch/run_turtle.launch.py:2:1: F401 'ament_index_python.packages.get_package_share_path' imported but unused
E     ./launch/run_turtle.launch.py:5:1: F401 'launch.actions.DeclareLaunchArgument' imported but unused
E     ./launch/run_turtle.launch.py:6:1: F401 'launch.conditions.IfCondition' imported but unused
E     ./launch/run_turtle.launch.py:6:1: F401 'launch.conditions.UnlessCondition' imported but unused
E     ./launch/run_turtle.launch.py:7:1: F401 'launch.substitutions.Command' imported but unused
E     ./launch/run_turtle.launch.py:7:1: F401 'launch.substitutions.LaunchConfiguration' imported but unused
E     ./launch/run_turtle.launch.py:10:1: F401 'launch_ros.parameter_descriptions.ParameterValue' imported but unused
E     ./launch/run_turtle.launch.py:40:23: E251 unexpected spaces around keyword / parameter equals
E     ./launch/run_turtle.launch.py:40:25: E251 unexpected spaces around keyword / parameter equals
E     ./launch/run_turtle.launch.py:40:70: E231 missing whitespace after ','
E     ./launch/run_turtle.launch.py:43:1: W293 blank line contains whitespace
E     ./launch/run_turtle.launch.py:44:7: W292 no newline at end of file
E     ./launch/turtle_arena.launch.py:2:1: F401 'ament_index_python.packages.get_package_share_path' imported but unused
E     ./launch/turtle_arena.launch.py:5:1: F401 'launch.actions.DeclareLaunchArgument' imported but unused
E     ./launch/turtle_arena.launch.py:6:1: F401 'launch.conditions.IfCondition' imported but unused
E     ./launch/turtle_arena.launch.py:6:1: F401 'launch.conditions.UnlessCondition' imported but unused
E     ./launch/turtle_arena.launch.py:7:1: F401 'launch.substitutions.Command' imported but unused
E     ./launch/turtle_arena.launch.py:7:1: F401 'launch.substitutions.LaunchConfiguration' imported but unused
E     ./launch/turtle_arena.launch.py:10:1: F401 'launch_ros.parameter_descriptions.ParameterValue' imported but unused
E     ./launch/turtle_arena.launch.py:42:1: W293 blank line contains whitespace
E     ./launch/turtle_arena.launch.py:43:7: W292 no newline at end of file
E   assert 1 == 0</failure></testcase><testcase classname="turtle_brick.test.test_pep257" name="test_pep257" time="0.059"><failure message="AssertionError: Found code style errors / warnings&#10;assert 1 == 0">test/test_pep257.py:23: in test_pep257
    assert rc == 0, 'Found code style errors / warnings'
E   AssertionError: Found code style errors / warnings
E   assert 1 == 0</failure></testcase></testsuite></testsuites>