[0.248s] Invoking command in '/home/alyssa/homework2-alyssa225/src/turtle_brick': AMENT_PREFIX_PATH=/home/alyssa/homework2-alyssa225/install/turtle_brick:/home/alyssa/homework2-alyssa225/install/turtle_brick_interfaces:/opt/ros/humble PYTEST_ADDOPTS=--tb=short --junit-xml=/home/alyssa/homework2-alyssa225/build/turtle_brick/pytest.xml --junit-prefix=turtle_brick -o cache_dir=/home/alyssa/homework2-alyssa225/build/turtle_brick/.pytest_cache PYTHONPATH=/home/alyssa/homework2-alyssa225/install/turtle_brick/lib/python3.10/site-packages:/home/alyssa/homework2-alyssa225/install/turtle_brick_interfaces/local/lib/python3.10/dist-packages:/opt/ros/humble/lib/python3.10/site-packages:/opt/ros/humble/local/lib/python3.10/dist-packages /usr/bin/python3 -m pytest
[0.531s] [1m============================= test session starts ==============================[0m
[0.532s] platform linux -- Python 3.10.6, pytest-6.2.5, py-1.10.0, pluggy-0.13.0
[0.536s] cachedir: /home/alyssa/homework2-alyssa225/build/turtle_brick/.pytest_cache
[0.536s] rootdir: /home/alyssa/homework2-alyssa225/src/turtle_brick
[0.536s] plugins: ament-lint-0.12.4, ament-xmllint-0.12.4, launch-testing-ros-0.19.3, launch-testing-1.0.2, ament-flake8-0.12.4, ament-pep257-0.12.4, ament-copyright-0.12.4, colcon-core-0.10.0, cov-3.0.0
[0.615s] [1mcollecting ... [0m[1m
[0.615s] collected 4 items                                                              [0m
[0.616s] 
[0.623s] test/math_test.py [32m.[0m[32m                                                      [ 25%][0m
[0.624s] test/test_copyright.py [33ms[0m[32m                                                 [ 50%][0m
[0.831s] test/test_flake8.py [31mF[0m[31m                                                    [ 75%][0m
[0.904s] test/test_pep257.py [31mF[0m[31m                                                    [100%][0m
[0.904s] 
[0.905s] =================================== FAILURES ===================================
[0.905s] [31m[1m_________________________________ test_flake8 __________________________________[0m
[0.905s] [1m[31mtest/test_flake8.py[0m:23: in test_flake8
[0.942s]     [94massert[39;49;00m rc == [94m0[39;49;00m, \
[0.942s] [1m[31mE   AssertionError: Found 4 code style errors / warnings:[0m
[0.942s] [1m[31mE     ./turtle_brick/arena.py:32:1: W293 blank line contains whitespace[0m
[0.943s] [1m[31mE     ./turtle_brick/arena.py:37:1: W293 blank line contains whitespace[0m
[0.943s] [1m[31mE     ./turtle_brick/turtle_robot.py:17:1: W293 blank line contains whitespace[0m
[0.943s] [1m[31mE     ./turtle_brick/catcher.py:30:1: W293 blank line contains whitespace[0m
[0.943s] [1m[31mE   assert 1 == 0[0m
[0.943s] ----------------------------- Captured stdout call -----------------------------
[0.943s] 
[0.943s] ./turtle_brick/arena.py:32:1: W293 blank line contains whitespace
[0.943s]     """
[0.944s]     
[0.944s]     Creates the arena and places brick when called in command line.
[0.944s]     Will drop the robot when called in command line.
[0.944s]         -if robot is underneath the brick, the brick will land on the robot
[0.944s]         -if nothing is under brick, brick will land on ground
[0.944s]     
[0.944s]     SUBSCRIPTIONS:
[0.945s]         -robot_sub: continuous robot position
[0.945s]     PUBLISHERS:
[0.945s]         -marker_pub: publishes walls and brick
[0.945s]         -drop_pub: sends placement, drop coordinates
[0.945s]         -platform_pub: sends true if platform is under brick
[0.945s]     SERVICES:
[0.945s]         -Place: place brick at x, y, z location
[0.945s]         -Drop: Empty drops brick
[0.946s]     TRANSFORMS:
[0.946s]         -world_brick: connects brick to world
[0.946s]     """
[0.946s] ^
[0.946s] 
[0.946s] ./turtle_brick/arena.py:37:1: W293 blank line contains whitespace
[0.946s]     """
[0.947s]     
[0.947s]     Creates the arena and places brick when called in command line.
[0.947s]     Will drop the robot when called in command line.
[0.947s]         -if robot is underneath the brick, the brick will land on the robot
[0.947s]         -if nothing is under brick, brick will land on ground
[0.947s]     
[0.947s]     SUBSCRIPTIONS:
[0.948s]         -robot_sub: continuous robot position
[0.948s]     PUBLISHERS:
[0.948s]         -marker_pub: publishes walls and brick
[0.948s]         -drop_pub: sends placement, drop coordinates
[0.948s]         -platform_pub: sends true if platform is under brick
[0.948s]     SERVICES:
[0.949s]         -Place: place brick at x, y, z location
[0.949s]         -Drop: Empty drops brick
[0.949s]     TRANSFORMS:
[0.949s]         -world_brick: connects brick to world
[0.949s]     """
[0.949s] ^
[0.950s] 
[0.950s] ./turtle_brick/turtle_robot.py:17:1: W293 blank line contains whitespace
[0.950s]     """
[0.950s]     Creates the turtle_robot and controls joint and translation movements.
[0.950s]     Additionally, places it in the world and connects to turtlesim.
[0.950s]     
[0.951s]     SUBSCRIPTIONS:
[0.951s]         -goal_sub: subscribes to goal_sub and
[0.951s]             recieves the positions that will
[0.951s]             calculate movement towards goal_pose
[0.951s]         -tilt_sub: subscribes to tilt and will
[0.951s]             recieve the angle that the robot platform will tilt to
[0.951s]     PUBLISHERS:
[0.951s]         -joint_state: publishes joint angles of the turtle_robot
[0.952s]         -odom_pub: sends positions and twists
[0.952s]         -vel_pub: sends twist to cmd_vel
[0.952s]         -robot_pub: sends continuous robot pose
[0.952s]             # also just relized I could have potentially taken from odom publisher
[0.952s]             # instead of creating a whole new object and publisher, but too late now
[0.952s]     TRANSFORMS:
[0.952s]         -world_odom: connects odom frame to world frame
[0.953s]         -odom_base_link: connects base_link frame to odom frame
[0.953s]     """
[0.953s] ^
[0.953s] 
[0.953s] ./turtle_brick/catcher.py:30:1: W293 blank line contains whitespace
[0.953s]     """
[0.953s]     Calculates if robot can catch placed brick in time or not.
[0.953s]     -If it can catch, robot travels to drop location, catches brick,
[0.954s]         travels back to origin, and tilts brick off
[0.954s]     -If the robot can't reach brick in time, the screen publishes "UNREACHABLE",
[0.954s]         and lets brick fall to ground
[0.954s]     
[0.954s]     SUBSCRIPTIONS:
[0.954s]         -robot_sub:continuous robot position
[0.955s]         -drop_sub: gets placed brick position and sends if drop service is called
[0.955s]         -catch_sub: gets True the brick is caught on the platform
[0.955s]     PUBLISHERS:
[0.955s]         -goal_pose: send pose to turtle robot
[0.955s]         -tilt: send tilt angle to platform on turtle robot
[0.955s]         -text marker: publishes "UNREACHABLE" if robot can't reach in time
[0.955s]     """
[0.955s] ^
[0.956s] 
[0.956s] 4     W293 blank line contains whitespace
[0.956s] 
[0.956s] 13 files checked
[0.956s] 4 errors
[0.956s] 
[0.956s] 'W'-type errors: 4
[0.956s] 
[0.956s] Checked files:
[0.957s] 
[0.957s] * ./setup.py
[0.957s] * ./turtle_brick/arena.py
[0.957s] * ./turtle_brick/turtle_robot.py
[0.957s] * ./turtle_brick/catcher.py
[0.957s] * ./turtle_brick/__init__.py
[0.957s] * ./test/math_test.py
[0.958s] * ./test/test_flake8.py
[0.958s] * ./test/test_copyright.py
[0.958s] * ./test/test_pep257.py
[0.958s] * ./test/brick.test.py
[0.958s] * ./launch/show_turtle.launch.py
[0.958s] * ./launch/run_turtle.launch.py
[0.959s] * ./launch/turtle_arena.launch.py
[0.959s] ----------------------------- Captured stderr call -----------------------------
[0.959s] option --max-complexity: please update from optparse string `type=` to argparse callable `type=` -- this will be an error in the future
[0.959s] [31m[1m_________________________________ test_pep257 __________________________________[0m
[0.959s] [1m[31mtest/test_pep257.py[0m:23: in test_pep257
[0.959s]     [94massert[39;49;00m rc == [94m0[39;49;00m, [33m'[39;49;00m[33mFound code style errors / warnings[39;49;00m[33m'[39;49;00m
[0.959s] [1m[31mE   AssertionError: Found code style errors / warnings[0m
[0.960s] [1m[31mE   assert 1 == 0[0m
[0.960s] ----------------------------- Captured stdout call -----------------------------
[0.960s] checking ./launch/run_turtle.launch.py
[0.960s] checking ./launch/show_turtle.launch.py
[0.960s] checking ./launch/turtle_arena.launch.py
[0.960s] checking ./setup.py
[0.961s] checking ./test/brick.test.py
[0.961s] checking ./test/math_test.py
[0.961s] checking ./test/test_copyright.py
[0.961s] checking ./test/test_flake8.py
[0.961s] checking ./test/test_pep257.py
[0.961s] checking ./turtle_brick/__init__.py
[0.961s] checking ./turtle_brick/arena.py
[0.962s] ./turtle_brick/arena.py:16 in public class `BState`: D204: 1 blank line required after class docstring (found 0)
[0.962s] ./turtle_brick/arena.py:16 in public class `BState`: D205: 1 blank line required between summary line and description (found 0)
[0.962s] ./turtle_brick/arena.py:31 in public class `Arena`: D204: 1 blank line required after class docstring (found 0)
[0.962s] ./turtle_brick/arena.py:31 in public class `Arena`: D205: 1 blank line required between summary line and description (found 0)
[0.962s] checking ./turtle_brick/catcher.py
[0.962s] ./turtle_brick/catcher.py:13 in public class `State`: D204: 1 blank line required after class docstring (found 0)
[0.963s] ./turtle_brick/catcher.py:24 in public class `Catcher`: D205: 1 blank line required between summary line and description (found 0)
[0.963s] checking ./turtle_brick/turtle_robot.py
[0.963s] ./turtle_brick/turtle_robot.py:14 in public class `Turtle_robot`: D204: 1 blank line required after class docstring (found 0)
[0.963s] ./turtle_brick/turtle_robot.py:14 in public class `Turtle_robot`: D205: 1 blank line required between summary line and description (found 0)
[0.963s] checking test/brick.test.py
[0.963s] checking test/math_test.py
[0.964s] checking test/test_copyright.py
[0.964s] checking test/test_flake8.py
[0.964s] checking test/test_pep257.py
[0.964s] 8 errors
[0.964s] [33m=============================== warnings summary ===============================[0m
[0.964s] test/test_flake8.py::test_flake8
[0.965s] test/test_flake8.py::test_flake8
[0.965s]   Warning: SelectableGroups dict interface is deprecated. Use select.
[0.965s] 
[0.965s] -- Docs: https://docs.pytest.org/en/stable/warnings.html
[0.965s] - generated xml file: /home/alyssa/homework2-alyssa225/build/turtle_brick/pytest.xml -
[0.965s] =========================== short test summary info ============================
[0.965s] FAILED test/test_flake8.py::test_flake8 - AssertionError: Found 4 code style ...
[0.966s] FAILED test/test_pep257.py::test_pep257 - AssertionError: Found code style er...
[0.966s] [31m============== [31m[1m2 failed[0m, [32m1 passed[0m, [33m1 skipped[0m, [33m2 warnings[0m[31m in 0.41s[0m[31m ==============[0m
[1.013s] Invoked command in '/home/alyssa/homework2-alyssa225/src/turtle_brick' returned '1': AMENT_PREFIX_PATH=/home/alyssa/homework2-alyssa225/install/turtle_brick:/home/alyssa/homework2-alyssa225/install/turtle_brick_interfaces:/opt/ros/humble PYTEST_ADDOPTS=--tb=short --junit-xml=/home/alyssa/homework2-alyssa225/build/turtle_brick/pytest.xml --junit-prefix=turtle_brick -o cache_dir=/home/alyssa/homework2-alyssa225/build/turtle_brick/.pytest_cache PYTHONPATH=/home/alyssa/homework2-alyssa225/install/turtle_brick/lib/python3.10/site-packages:/home/alyssa/homework2-alyssa225/install/turtle_brick_interfaces/local/lib/python3.10/dist-packages:/opt/ros/humble/lib/python3.10/site-packages:/opt/ros/humble/local/lib/python3.10/dist-packages /usr/bin/python3 -m pytest
