[0.251s] Invoking command in '/home/alyssa/homework2-alyssa225/src/turtle_brick': AMENT_PREFIX_PATH=/home/alyssa/homework2-alyssa225/install/turtle_brick:/home/alyssa/homework2-alyssa225/install/turtle_brick_interfaces:/opt/ros/humble PYTEST_ADDOPTS=--tb=short --junit-xml=/home/alyssa/homework2-alyssa225/build/turtle_brick/pytest.xml --junit-prefix=turtle_brick -o cache_dir=/home/alyssa/homework2-alyssa225/build/turtle_brick/.pytest_cache PYTHONPATH=/home/alyssa/homework2-alyssa225/install/turtle_brick/lib/python3.10/site-packages:/home/alyssa/homework2-alyssa225/install/turtle_brick_interfaces/local/lib/python3.10/dist-packages:/opt/ros/humble/lib/python3.10/site-packages:/opt/ros/humble/local/lib/python3.10/dist-packages /usr/bin/python3 -m pytest
[0.525s] [1m============================= test session starts ==============================[0m
[0.525s] platform linux -- Python 3.10.6, pytest-6.2.5, py-1.10.0, pluggy-0.13.0
[0.530s] cachedir: /home/alyssa/homework2-alyssa225/build/turtle_brick/.pytest_cache
[0.531s] rootdir: /home/alyssa/homework2-alyssa225/src/turtle_brick
[0.531s] plugins: ament-lint-0.12.4, ament-xmllint-0.12.4, launch-testing-ros-0.19.3, launch-testing-1.0.2, ament-flake8-0.12.4, ament-pep257-0.12.4, ament-copyright-0.12.4, colcon-core-0.10.0, cov-3.0.0
[0.608s] [1mcollecting ... [0m[1m
[0.608s] collected 4 items                                                              [0m
[0.608s] 
[0.615s] test/math_test.py [32m.[0m[32m                                                      [ 25%][0m
[0.616s] test/test_copyright.py [33ms[0m[32m                                                 [ 50%][0m
[0.803s] test/test_flake8.py [31mF[0m[31m                                                    [ 75%][0m
[0.863s] test/test_pep257.py [31mF[0m[31m                                                    [100%][0m
[0.863s] 
[0.863s] =================================== FAILURES ===================================
[0.863s] [31m[1m_________________________________ test_flake8 __________________________________[0m
[0.863s] [1m[31mtest/test_flake8.py[0m:23: in test_flake8
[0.900s]     [94massert[39;49;00m rc == [94m0[39;49;00m, \
[0.901s] [1m[31mE   AssertionError: Found 59 code style errors / warnings:[0m
[0.901s] [1m[31mE     ./turtle_brick/catcher.py:120:86: W291 trailing whitespace[0m
[0.902s] [1m[31mE     ./turtle_brick/catcher.py:123:24: E128 continuation line under-indented for visual indent[0m
[0.902s] [1m[31mE     ./turtle_brick/catcher.py:124:43: E261 at least two spaces before inline comment[0m
[0.902s] [1m[31mE     ./turtle_brick/catcher.py:124:100: E501 line too long (111 > 99 characters)[0m
[0.902s] [1m[31mE     ./turtle_brick/catcher.py:140:1: W293 blank line contains whitespace[0m
[0.903s] [1m[31mE     ./turtle_brick/catcher.py:140:5: W292 no newline at end of file[0m
[0.903s] [1m[31mE     ./test/math_test.py:4:1: W293 blank line contains whitespace[0m
[0.903s] [1m[31mE     ./test/math_test.py:4:9: W292 no newline at end of file[0m
[0.903s] [1m[31mE     ./test/brick.test.py:1:1: F401 'ament_copyright.main.main' imported but unused[0m
[0.903s] [1m[31mE     ./test/brick.test.py:2:1: F401 'pytest' imported but unused[0m
[0.903s] [1m[31mE     ./test/brick.test.py:3:1: F401 'launch' imported but unused[0m
[0.903s] [1m[31mE     ./test/brick.test.py:4:1: F401 'launch_pytest' imported but unused[0m
[0.903s] [1m[31mE     ./test/brick.test.py:5:1: F401 'sys' imported but unused[0m
[0.903s] [1m[31mE     ./test/brick.test.py:6:1: F401 'launch_ros' imported but unused[0m
[0.903s] [1m[31mE     ./test/brick.test.py:7:1: F401 'pathlib.Path' imported but unused[0m
[0.903s] [1m[31mE     ./test/brick.test.py:8:1: E265 block comment should start with '# '[0m
[0.903s] [1m[31mE     ./test/brick.test.py:8:100: E501 line too long (128 > 99 characters)[0m
[0.903s] [1m[31mE     ./test/brick.test.py:21:9: W292 no newline at end of file[0m
[0.903s] [1m[31mE     ./launch/show_turtle.launch.py:1:1: F401 'ament_index_python.packages.get_package_share_path' imported but unused[0m
[0.904s] [1m[31mE     ./launch/show_turtle.launch.py:1:63: E231 missing whitespace after ','[0m
[0.904s] [1m[31mE     ./launch/show_turtle.launch.py:5:1: F401 'launch.conditions.UnlessCondition' imported but unused[0m
[0.904s] [1m[31mE     ./launch/show_turtle.launch.py:12:90: W291 trailing whitespace[0m
[0.904s] [1m[31mE     ./launch/show_turtle.launch.py:15:14: W291 trailing whitespace[0m
[0.904s] [1m[31mE     ./launch/show_turtle.launch.py:23:1: E302 expected 2 blank lines, found 1[0m
[0.904s] [1m[31mE     ./launch/show_turtle.launch.py:24:22: E225 missing whitespace around operator[0m
[0.904s] [1m[31mE     ./launch/show_turtle.launch.py:26:51: E225 missing whitespace around operator[0m
[0.904s] [1m[31mE     ./launch/show_turtle.launch.py:27:1: W293 blank line contains whitespace[0m
[0.904s] [1m[31mE     ./launch/show_turtle.launch.py:28:5: F841 local variable 'use_sim_time' is assigned to but never used[0m
[0.904s] [1m[31mE     ./launch/show_turtle.launch.py:30:100: E501 line too long (115 > 99 characters)[0m
[0.904s] [1m[31mE     ./launch/show_turtle.launch.py:30:105: E231 missing whitespace after ','[0m
[0.904s] [1m[31mE     ./launch/show_turtle.launch.py:31:37: E128 continuation line under-indented for visual indent[0m
[0.904s] [1m[31mE     ./launch/show_turtle.launch.py:31:92: E261 at least two spaces before inline comment[0m
[0.904s] [1m[31mE     ./launch/show_turtle.launch.py:31:92: E262 inline comment should start with '# '[0m
[0.904s] [1m[31mE     ./launch/show_turtle.launch.py:34:100: E501 line too long (100 > 99 characters)[0m
[0.905s] [1m[31mE     ./launch/show_turtle.launch.py:48:89: E231 missing whitespace after ','[0m
[0.905s] [1m[31mE     ./launch/show_turtle.launch.py:48:96: E231 missing whitespace after ','[0m
[0.905s] [1m[31mE     ./launch/show_turtle.launch.py:55:56: E231 missing whitespace after ','[0m
[0.905s] [1m[31mE     ./launch/show_turtle.launch.py:61:56: E231 missing whitespace after ','[0m
[0.905s] [1m[31mE     ./launch/show_turtle.launch.py:80:7: W292 no newline at end of file[0m
[0.905s] [1m[31mE     ./launch/run_turtle.launch.py:2:1: F401 'ament_index_python.packages.get_package_share_path' imported but unused[0m
[0.905s] [1m[31mE     ./launch/run_turtle.launch.py:5:1: F401 'launch.actions.DeclareLaunchArgument' imported but unused[0m
[0.905s] [1m[31mE     ./launch/run_turtle.launch.py:6:1: F401 'launch.conditions.IfCondition' imported but unused[0m
[0.905s] [1m[31mE     ./launch/run_turtle.launch.py:6:1: F401 'launch.conditions.UnlessCondition' imported but unused[0m
[0.905s] [1m[31mE     ./launch/run_turtle.launch.py:7:1: F401 'launch.substitutions.Command' imported but unused[0m
[0.905s] [1m[31mE     ./launch/run_turtle.launch.py:7:1: F401 'launch.substitutions.LaunchConfiguration' imported but unused[0m
[0.905s] [1m[31mE     ./launch/run_turtle.launch.py:10:1: F401 'launch_ros.parameter_descriptions.ParameterValue' imported but unused[0m
[0.905s] [1m[31mE     ./launch/run_turtle.launch.py:13:69: W291 trailing whitespace[0m
[0.905s] [1m[31mE     ./launch/run_turtle.launch.py:16:1: E302 expected 2 blank lines, found 0[0m
[0.905s] [1m[31mE     ./launch/run_turtle.launch.py:43:23: E251 unexpected spaces around keyword / parameter equals[0m
[0.906s] [1m[31mE     ./launch/run_turtle.launch.py:43:25: E251 unexpected spaces around keyword / parameter equals[0m
[0.906s] [1m[31mE     ./launch/run_turtle.launch.py:43:70: E231 missing whitespace after ','[0m
[0.906s] [1m[31mE     ./launch/run_turtle.launch.py:46:1: W293 blank line contains whitespace[0m
[0.906s] [1m[31mE     ./launch/run_turtle.launch.py:47:7: W292 no newline at end of file[0m
[0.906s] [1m[31mE     ./launch/turtle_arena.launch.py:5:27: E271 multiple spaces after keyword[0m
[0.906s] [1m[31mE     ./launch/turtle_arena.launch.py:10:61: W291 trailing whitespace[0m
[0.906s] [1m[31mE     ./launch/turtle_arena.launch.py:12:54: W291 trailing whitespace[0m
[0.906s] [1m[31mE     ./launch/turtle_arena.launch.py:15:1: E302 expected 2 blank lines, found 1[0m
[0.906s] [1m[31mE     ./launch/turtle_arena.launch.py:44:1: W293 blank line contains whitespace[0m
[0.906s] [1m[31mE     ./launch/turtle_arena.launch.py:45:7: W292 no newline at end of file[0m
[0.906s] [1m[31mE   assert 1 == 0[0m
[0.906s] ----------------------------- Captured stdout call -----------------------------
[0.906s] 
[0.906s] ./turtle_brick/catcher.py:120:86: W291 trailing whitespace
[0.906s]             # calc time takes robot to move to x, y position from current position in 
[0.907s]                                                                                      ^
[0.907s] 
[0.907s] ./turtle_brick/catcher.py:123:24: E128 continuation line under-indented for visual indent
[0.907s]                        + (abs(self.brick_pose.position.y - self.platformy) - 0.3)**2) / self.vmax
[0.907s]                        ^
[0.907s] 
[0.907s] ./turtle_brick/catcher.py:124:43: E261 at least two spaces before inline comment
[0.907s]             if timerobo + 1.0 <= timefall: # 1.0 is to give some time for message to be revieved and acted upon
[0.907s]                                           ^
[0.907s] 
[0.907s] ./turtle_brick/catcher.py:124:100: E501 line too long (111 > 99 characters)
[0.907s]             if timerobo + 1.0 <= timefall: # 1.0 is to give some time for message to be revieved and acted upon
[0.907s]                                                                                                    ^
[0.907s] 
[0.907s] ./turtle_brick/catcher.py:140:1: W293 blank line contains whitespace
[0.907s]     ^
[0.908s] 
[0.908s] ./turtle_brick/catcher.py:140:5: W292 no newline at end of file
[0.908s]         ^
[0.908s] 
[0.908s] ./test/math_test.py:4:1: W293 blank line contains whitespace
[0.908s]         ^
[0.908s] 
[0.908s] ./test/math_test.py:4:9: W292 no newline at end of file
[0.908s]                 ^
[0.908s] 
[0.908s] ./test/brick.test.py:1:1: F401 'ament_copyright.main.main' imported but unused
[0.908s] from ament_copyright.main import main
[0.908s] ^
[0.908s] 
[0.908s] ./test/brick.test.py:2:1: F401 'pytest' imported but unused
[0.909s] import pytest
[0.909s] ^
[0.909s] 
[0.909s] ./test/brick.test.py:3:1: F401 'launch' imported but unused
[0.909s] import launch
[0.909s] ^
[0.909s] 
[0.909s] ./test/brick.test.py:4:1: F401 'launch_pytest' imported but unused
[0.909s] import launch_pytest
[0.909s] ^
[0.909s] 
[0.909s] ./test/brick.test.py:5:1: F401 'sys' imported but unused
[0.909s] import sys
[0.909s] ^
[0.909s] 
[0.909s] ./test/brick.test.py:6:1: F401 'launch_ros' imported but unused
[0.909s] import launch_ros
[0.909s] ^
[0.910s] 
[0.910s] ./test/brick.test.py:7:1: F401 'pathlib.Path' imported but unused
[0.910s] from pathlib import Path
[0.910s] ^
[0.910s] 
[0.910s] ./test/brick.test.py:8:1: E265 block comment should start with '# '
[0.910s] #found this example here https://github.com/ros2/launch/blob/humble/launch_pytest/test/launch_pytest/examples/check_node_msgs.py
[0.910s] ^
[0.910s] 
[0.910s] ./test/brick.test.py:8:100: E501 line too long (128 > 99 characters)
[0.910s] #found this example here https://github.com/ros2/launch/blob/humble/launch_pytest/test/launch_pytest/examples/check_node_msgs.py
[0.910s]                                                                                                    ^
[0.910s] 
[0.911s] ./test/brick.test.py:21:9: W292 no newline at end of file
[0.911s] #     ])        ^
[0.911s] 
[0.911s] ./launch/show_turtle.launch.py:1:1: F401 'ament_index_python.packages.get_package_share_path' imported but unused
[0.911s] from ament_index_python.packages import get_package_share_path,get_package_share_directory
[0.911s] ^
[0.911s] 
[0.911s] ./launch/show_turtle.launch.py:1:63: E231 missing whitespace after ','
[0.912s] from ament_index_python.packages import get_package_share_path,get_package_share_directory
[0.912s]                                                               ^
[0.912s] 
[0.912s] ./launch/show_turtle.launch.py:5:1: F401 'launch.conditions.UnlessCondition' imported but unused
[0.912s] from launch.conditions import IfCondition, UnlessCondition
[0.912s] ^
[0.912s] 
[0.912s] ./launch/show_turtle.launch.py:12:90: W291 trailing whitespace
[0.912s] """
[0.912s] took bases from https://github.com/ros/urdf_tutorial/blob/ros2/launch/display.launch.py
[0.912s] launches the rviz, robot publisher, and choosen joint state publisher nodes and takes the 
[0.912s] turtle_robot.urdf.xacro file from the urdf folder
[0.913s] LAUNCH ARGUMENTS:
[0.913s]     -use_jsp: 
[0.913s]         default: '"gui"'
[0.913s]         arguments: ['"gui"', '"jsp"', '"none"']
[0.913s]             '"gui"': launches with joint_state_publisher_gui_node
[0.913s]             '"jsp"': launches with joint_state_publisher_node
[0.913s]             '"none"': does not use either joint state publisher
[0.913s] """
[0.913s]    
[0.913s]                                                                                      ^
[0.913s] 
[0.913s] ./launch/show_turtle.launch.py:15:14: W291 trailing whitespace
[0.913s] """
[0.913s] took bases from https://github.com/ros/urdf_tutorial/blob/ros2/launch/display.launch.py
[0.913s] launches the rviz, robot publisher, and choosen joint state publisher nodes and takes the 
[0.914s] turtle_robot.urdf.xacro file from the urdf folder
[0.914s] LAUNCH ARGUMENTS:
[0.914s]     -use_jsp: 
[0.914s]         default: '"gui"'
[0.914s]         arguments: ['"gui"', '"jsp"', '"none"']
[0.914s]             '"gui"': launches with joint_state_publisher_gui_node
[0.914s]             '"jsp"': launches with joint_state_publisher_node
[0.914s]             '"none"': does not use either joint state publisher
[0.914s] """
[0.914s]    
[0.914s]          ^
[0.914s] 
[0.914s] ./launch/show_turtle.launch.py:23:1: E302 expected 2 blank lines, found 1
[0.914s] def generate_launch_description():
[0.914s] ^
[0.914s] 
[0.915s] ./launch/show_turtle.launch.py:24:22: E225 missing whitespace around operator
[0.915s]     turtle_brick_path= 'src/turtle_brick'
[0.915s]                      ^
[0.915s] 
[0.915s] ./launch/show_turtle.launch.py:26:51: E225 missing whitespace around operator
[0.915s]     default_rviz_config_path = turtle_brick_path +'/config/turtle_urdf.rviz'
[0.915s]                                                   ^
[0.915s] 
[0.915s] ./launch/show_turtle.launch.py:27:1: W293 blank line contains whitespace
[0.915s]     
[0.915s] ^
[0.915s] 
[0.915s] ./launch/show_turtle.launch.py:28:5: F841 local variable 'use_sim_time' is assigned to but never used
[0.915s]     use_sim_time = LaunchConfiguration('use_sim_time', default='false')
[0.915s]     ^
[0.916s] 
[0.916s] ./launch/show_turtle.launch.py:30:100: E501 line too long (115 > 99 characters)
[0.916s]     use_jsp_arg = DeclareLaunchArgument(name='use_jsp', default_value='"gui"', choices=['"gui"', '"jsp"','"none"'],
[0.916s]                                                                                                    ^
[0.916s] 
[0.916s] ./launch/show_turtle.launch.py:30:105: E231 missing whitespace after ','
[0.916s]     use_jsp_arg = DeclareLaunchArgument(name='use_jsp', default_value='"gui"', choices=['"gui"', '"jsp"','"none"'],
[0.916s]                                                                                                         ^
[0.916s] 
[0.916s] ./launch/show_turtle.launch.py:31:37: E128 continuation line under-indented for visual indent
[0.916s]                                     description='Flag to enable joint_state_publisher_gui')#change
[0.916s]                                     ^
[0.917s] 
[0.917s] ./launch/show_turtle.launch.py:31:92: E261 at least two spaces before inline comment
[0.917s]                                     description='Flag to enable joint_state_publisher_gui')#change
[0.917s]                                                                                            ^
[0.917s] 
[0.917s] ./launch/show_turtle.launch.py:31:92: E262 inline comment should start with '# '
[0.917s]                                     description='Flag to enable joint_state_publisher_gui')#change
[0.917s]                                                                                            ^
[0.917s] 
[0.917s] ./launch/show_turtle.launch.py:34:100: E501 line too long (100 > 99 characters)
[0.918s]     rviz_arg = DeclareLaunchArgument(name='rvizconfig', default_value=str(default_rviz_config_path),
[0.918s]                                                                                                    ^
[0.918s] 
[0.918s] ./launch/show_turtle.launch.py:48:89: E231 missing whitespace after ','
[0.918s]         parameters=[{'robot_description': robot_description, 'publish_frequency': 100.0},config,]
[0.918s]                                                                                         ^
[0.918s] 
[0.918s] ./launch/show_turtle.launch.py:48:96: E231 missing whitespace after ','
[0.919s]         parameters=[{'robot_description': robot_description, 'publish_frequency': 100.0},config,]
[0.919s]                                                                                                ^
[0.919s] 
[0.919s] ./launch/show_turtle.launch.py:55:56: E231 missing whitespace after ','
[0.919s]         condition=IfCondition(PythonExpression([use_jsp,"=='jsp'"]))
[0.919s]                                                        ^
[0.919s] 
[0.919s] ./launch/show_turtle.launch.py:61:56: E231 missing whitespace after ','
[0.920s]         condition=IfCondition(PythonExpression([use_jsp,"=='gui'"]))
[0.920s]                                                        ^
[0.920s] 
[0.920s] ./launch/show_turtle.launch.py:80:7: W292 no newline at end of file
[0.920s]     ])      ^
[0.920s] 
[0.920s] ./launch/run_turtle.launch.py:2:1: F401 'ament_index_python.packages.get_package_share_path' imported but unused
[0.920s] from ament_index_python.packages import get_package_share_path, get_package_share_directory
[0.921s] ^
[0.921s] 
[0.921s] ./launch/run_turtle.launch.py:5:1: F401 'launch.actions.DeclareLaunchArgument' imported but unused
[0.921s] from launch.actions import DeclareLaunchArgument, IncludeLaunchDescription
[0.921s] ^
[0.921s] 
[0.921s] ./launch/run_turtle.launch.py:6:1: F401 'launch.conditions.IfCondition' imported but unused
[0.921s] from launch.conditions import IfCondition, UnlessCondition
[0.921s] ^
[0.922s] 
[0.922s] ./launch/run_turtle.launch.py:6:1: F401 'launch.conditions.UnlessCondition' imported but unused
[0.922s] from launch.conditions import IfCondition, UnlessCondition
[0.922s] ^
[0.922s] 
[0.922s] ./launch/run_turtle.launch.py:7:1: F401 'launch.substitutions.Command' imported but unused
[0.922s] from launch.substitutions import Command, LaunchConfiguration, PathJoinSubstitution
[0.922s] ^
[0.922s] 
[0.923s] ./launch/run_turtle.launch.py:7:1: F401 'launch.substitutions.LaunchConfiguration' imported but unused
[0.923s] from launch.substitutions import Command, LaunchConfiguration, PathJoinSubstitution
[0.923s] ^
[0.923s] 
[0.923s] ./launch/run_turtle.launch.py:10:1: F401 'launch_ros.parameter_descriptions.ParameterValue' imported but unused
[0.923s] from launch_ros.parameter_descriptions import ParameterValue
[0.923s] ^
[0.923s] 
[0.923s] ./launch/run_turtle.launch.py:13:69: W291 trailing whitespace
[0.924s] """
[0.924s] launches turtlesim and turtle_robot node along with all the nodes in 
[0.924s] show_turtle launch file. Also connects yaml file to turtle_robot
[0.924s] """
[0.924s]    
[0.924s]                                                                 ^
[0.924s] 
[0.924s] ./launch/run_turtle.launch.py:16:1: E302 expected 2 blank lines, found 0
[0.924s] def generate_launch_description():
[0.925s] ^
[0.925s] 
[0.925s] ./launch/run_turtle.launch.py:43:23: E251 unexpected spaces around keyword / parameter equals
[0.925s]             remappings = [('/cmd_vel', '/turtlesim1/turtle1/cmd_vel'),],
[0.925s]                       ^
[0.925s] 
[0.925s] ./launch/run_turtle.launch.py:43:25: E251 unexpected spaces around keyword / parameter equals
[0.925s]             remappings = [('/cmd_vel', '/turtlesim1/turtle1/cmd_vel'),],
[0.925s]                         ^
[0.926s] 
[0.926s] ./launch/run_turtle.launch.py:43:70: E231 missing whitespace after ','
[0.926s]             remappings = [('/cmd_vel', '/turtlesim1/turtle1/cmd_vel'),],
[0.926s]                                                                      ^
[0.926s] 
[0.926s] ./launch/run_turtle.launch.py:46:1: W293 blank line contains whitespace
[0.926s]         
[0.926s] ^
[0.926s] 
[0.927s] ./launch/run_turtle.launch.py:47:7: W292 no newline at end of file
[0.927s]     ])      ^
[0.927s] 
[0.927s] ./launch/turtle_arena.launch.py:5:27: E271 multiple spaces after keyword
[0.927s] from launch.actions import  IncludeLaunchDescription
[0.928s]                           ^
[0.928s] 
[0.928s] ./launch/turtle_arena.launch.py:10:61: W291 trailing whitespace
[0.928s] """
[0.928s] launches arena and catcher nodes along with all the nodes in 
[0.928s] show_turtle launch file.
[0.928s] Also connects to yaml files to arena and catcher node 
[0.929s] """
[0.929s]    
[0.929s]                                                         ^
[0.929s] 
[0.929s] ./launch/turtle_arena.launch.py:12:54: W291 trailing whitespace
[0.929s] """
[0.929s] launches arena and catcher nodes along with all the nodes in 
[0.929s] show_turtle launch file.
[0.930s] Also connects to yaml files to arena and catcher node 
[0.930s] """
[0.930s]    
[0.930s]                                                  ^
[0.930s] 
[0.930s] ./launch/turtle_arena.launch.py:15:1: E302 expected 2 blank lines, found 1
[0.930s] def generate_launch_description():
[0.930s] ^
[0.930s] 
[0.931s] ./launch/turtle_arena.launch.py:44:1: W293 blank line contains whitespace
[0.931s]         
[0.931s] ^
[0.931s] 
[0.931s] ./launch/turtle_arena.launch.py:45:7: W292 no newline at end of file
[0.931s]     ])      ^
[0.931s] 
[0.931s] 2     E128 continuation line under-indented for visual indent
[0.931s] 2     E225 missing whitespace around operator
[0.931s] 7     E231 missing whitespace after ','
[0.932s] 2     E251 unexpected spaces around keyword / parameter equals
[0.932s] 2     E261 at least two spaces before inline comment
[0.932s] 1     E262 inline comment should start with '# '
[0.932s] 1     E265 block comment should start with '# '
[0.932s] 1     E271 multiple spaces after keyword
[0.932s] 3     E302 expected 2 blank lines, found 0
[0.932s] 4     E501 line too long (115 > 99 characters)
[0.932s] 16    F401 'ament_index_python.packages.get_package_share_path' imported but unused
[0.932s] 1     F841 local variable 'use_sim_time' is assigned to but never used
[0.933s] 6     W291 trailing whitespace
[0.933s] 6     W292 no newline at end of file
[0.933s] 5     W293 blank line contains whitespace
[0.933s] 
[0.933s] 13 files checked
[0.933s] 59 errors
[0.933s] 
[0.933s] 'E'-type errors: 25
[0.934s] 'F'-type errors: 17
[0.934s] 'W'-type errors: 17
[0.934s] 
[0.934s] Checked files:
[0.934s] 
[0.934s] * ./setup.py
[0.934s] * ./turtle_brick/arena.py
[0.934s] * ./turtle_brick/turtle_robot.py
[0.934s] * ./turtle_brick/catcher.py
[0.934s] * ./turtle_brick/__init__.py
[0.934s] * ./test/math_test.py
[0.934s] * ./test/test_flake8.py
[0.934s] * ./test/test_copyright.py
[0.935s] * ./test/test_pep257.py
[0.935s] * ./test/brick.test.py
[0.935s] * ./launch/show_turtle.launch.py
[0.935s] * ./launch/run_turtle.launch.py
[0.935s] * ./launch/turtle_arena.launch.py
[0.935s] ----------------------------- Captured stderr call -----------------------------
[0.935s] option --max-complexity: please update from optparse string `type=` to argparse callable `type=` -- this will be an error in the future
[0.935s] [31m[1m_________________________________ test_pep257 __________________________________[0m
[0.935s] [1m[31mtest/test_pep257.py[0m:23: in test_pep257
[0.935s]     [94massert[39;49;00m rc == [94m0[39;49;00m, [33m'[39;49;00m[33mFound code style errors / warnings[39;49;00m[33m'[39;49;00m
[0.935s] [1m[31mE   AssertionError: Found code style errors / warnings[0m
[0.935s] [1m[31mE   assert 1 == 0[0m
[0.935s] ----------------------------- Captured stdout call -----------------------------
[0.935s] checking ./launch/run_turtle.launch.py
[0.935s] checking ./launch/show_turtle.launch.py
[0.936s] checking ./launch/turtle_arena.launch.py
[0.936s] checking ./setup.py
[0.936s] checking ./test/brick.test.py
[0.936s] checking ./test/math_test.py
[0.936s] checking ./test/test_copyright.py
[0.936s] checking ./test/test_flake8.py
[0.936s] checking ./test/test_pep257.py
[0.936s] checking ./turtle_brick/__init__.py
[0.936s] checking ./turtle_brick/arena.py
[0.936s] ./turtle_brick/arena.py:16 in public class `BState`: D204: 1 blank line required after class docstring (found 0)
[0.936s] ./turtle_brick/arena.py:16 in public class `BState`: D205: 1 blank line required between summary line and description (found 0)
[0.936s] ./turtle_brick/arena.py:16 in public class `BState`: D208: Docstring is over-indented
[0.937s] ./turtle_brick/arena.py:16 in public class `BState`: D210: No whitespaces allowed surrounding docstring text
[0.937s] ./turtle_brick/arena.py:16 in public class `BState`: D213: Multi-line docstring summary should start at the second line
[0.937s] ./turtle_brick/arena.py:29 in public class `Arena`: D204: 1 blank line required after class docstring (found 0)
[0.937s] ./turtle_brick/arena.py:29 in public class `Arena`: D205: 1 blank line required between summary line and description (found 0)
[0.937s] checking ./turtle_brick/catcher.py
[0.937s] ./turtle_brick/catcher.py:13 in public class `State`: D204: 1 blank line required after class docstring (found 0)
[0.937s] ./turtle_brick/catcher.py:13 in public class `State`: D205: 1 blank line required between summary line and description (found 0)
[0.937s] ./turtle_brick/catcher.py:13 in public class `State`: D400: First line should end with a period (not 't')
[0.937s] ./turtle_brick/catcher.py:13 in public class `State`: D415: First line should end with a period, question mark, or exclamation point (not 't')
[0.937s] ./turtle_brick/catcher.py:23 in public class `Catcher`: D205: 1 blank line required between summary line and description (found 0)
[0.937s] ./turtle_brick/catcher.py:23 in public class `Catcher`: D400: First line should end with a period (not 't')
[0.937s] ./turtle_brick/catcher.py:23 in public class `Catcher`: D415: First line should end with a period, question mark, or exclamation point (not 't')
[0.937s] checking ./turtle_brick/turtle_robot.py
[0.937s] ./turtle_brick/turtle_robot.py:14 in public class `Turtle_robot`: D204: 1 blank line required after class docstring (found 0)
[0.938s] ./turtle_brick/turtle_robot.py:14 in public class `Turtle_robot`: D205: 1 blank line required between summary line and description (found 0)
[0.938s] checking test/brick.test.py
[0.938s] checking test/math_test.py
[0.938s] checking test/test_copyright.py
[0.938s] checking test/test_flake8.py
[0.938s] checking test/test_pep257.py
[0.938s] 16 errors
[0.938s] [33m=============================== warnings summary ===============================[0m
[0.938s] test/test_flake8.py::test_flake8
[0.938s] test/test_flake8.py::test_flake8
[0.938s]   Warning: SelectableGroups dict interface is deprecated. Use select.
[0.938s] 
[0.938s] -- Docs: https://docs.pytest.org/en/stable/warnings.html
[0.938s] - generated xml file: /home/alyssa/homework2-alyssa225/build/turtle_brick/pytest.xml -
[0.939s] =========================== short test summary info ============================
[0.939s] FAILED test/test_flake8.py::test_flake8 - AssertionError: Found 59 code style...
[0.939s] FAILED test/test_pep257.py::test_pep257 - AssertionError: Found code style er...
[0.939s] [31m============== [31m[1m2 failed[0m, [32m1 passed[0m, [33m1 skipped[0m, [33m2 warnings[0m[31m in 0.38s[0m[31m ==============[0m
[0.979s] Invoked command in '/home/alyssa/homework2-alyssa225/src/turtle_brick' returned '1': AMENT_PREFIX_PATH=/home/alyssa/homework2-alyssa225/install/turtle_brick:/home/alyssa/homework2-alyssa225/install/turtle_brick_interfaces:/opt/ros/humble PYTEST_ADDOPTS=--tb=short --junit-xml=/home/alyssa/homework2-alyssa225/build/turtle_brick/pytest.xml --junit-prefix=turtle_brick -o cache_dir=/home/alyssa/homework2-alyssa225/build/turtle_brick/.pytest_cache PYTHONPATH=/home/alyssa/homework2-alyssa225/install/turtle_brick/lib/python3.10/site-packages:/home/alyssa/homework2-alyssa225/install/turtle_brick_interfaces/local/lib/python3.10/dist-packages:/opt/ros/humble/lib/python3.10/site-packages:/opt/ros/humble/local/lib/python3.10/dist-packages /usr/bin/python3 -m pytest
