[0.000000] (-) TimerEvent: {}
[0.000159] (turtle_brick) JobQueued: {'identifier': 'turtle_brick', 'dependencies': OrderedDict([('turtle_brick', '/home/alyssa/homework2-alyssa225/install/turtle_brick')])}
[0.000329] (turtle_brick_interfaces) JobQueued: {'identifier': 'turtle_brick_interfaces', 'dependencies': OrderedDict([('turtle_brick_interfaces', '/home/alyssa/homework2-alyssa225/install/turtle_brick_interfaces')])}
[0.000390] (turtle_brick) JobStarted: {'identifier': 'turtle_brick'}
[0.010057] (turtle_brick_interfaces) JobStarted: {'identifier': 'turtle_brick_interfaces'}
[0.098765] (-) TimerEvent: {}
[0.199076] (-) TimerEvent: {}
[0.252837] (turtle_brick) Command: {'cmd': ['/usr/bin/python3', '-m', 'pytest'], 'cwd': '/home/alyssa/homework2-alyssa225/src/turtle_brick', 'env': {'LESSOPEN': '| /usr/bin/lesspipe %s', 'USER': 'alyssa', 'XDG_SESSION_TYPE': 'wayland', 'SHLVL': '1', 'LD_LIBRARY_PATH': '/home/alyssa/homework2-alyssa225/install/turtle_brick_interfaces/lib:/opt/ros/humble/opt/rviz_ogre_vendor/lib:/opt/ros/humble/lib/x86_64-linux-gnu:/opt/ros/humble/lib', 'HOME': '/home/alyssa', 'OLDPWD': '/home/alyssa/homework2-alyssa225/src', 'DESKTOP_SESSION': 'ubuntu', 'ROS_PYTHON_VERSION': '3', 'GNOME_SHELL_SESSION_MODE': 'ubuntu', 'GTK_MODULES': 'gail:atk-bridge', 'SYSTEMD_EXEC_PID': '418763', 'DBUS_SESSION_BUS_ADDRESS': 'unix:path=/run/user/1000/bus', 'COLORTERM': 'truecolor', 'IM_CONFIG_PHASE': '1', 'WAYLAND_DISPLAY': 'wayland-0', 'COLCON_PREFIX_PATH': '/home/alyssa/homework2-alyssa225/install', 'ROS_DISTRO': 'humble', 'LOGNAME': 'alyssa', '_': '/usr/bin/colcon', 'ROS_VERSION': '2', 'XDG_SESSION_CLASS': 'user', 'USERNAME': 'alyssa', 'TERM': 'xterm-256color', 'GNOME_DESKTOP_SESSION_ID': 'this-is-deprecated', 'ROS_LOCALHOST_ONLY': '0', 'PATH': '/opt/ros/humble/bin:/usr/local/sbin:/usr/local/bin:/usr/sbin:/usr/bin:/sbin:/bin:/usr/games:/usr/local/games:/snap/bin:/snap/bin', 'SESSION_MANAGER': 'local/alyssa-Galago-Pro:@/tmp/.ICE-unix/1005,unix/alyssa-Galago-Pro:/tmp/.ICE-unix/1005', 'XDG_MENU_PREFIX': 'gnome-', 'GNOME_TERMINAL_SCREEN': '/org/gnome/Terminal/screen/6d4b914e_9fd7_45b5_b317_afa2fd1ab6a4', 'GNOME_SETUP_DISPLAY': ':1', 'XDG_RUNTIME_DIR': '/run/user/1000', 'DISPLAY': ':0', 'LANG': 'en_US.UTF-8', 'XDG_CURRENT_DESKTOP': 'ubuntu:GNOME', 'XMODIFIERS': '@im=ibus', 'XDG_SESSION_DESKTOP': 'ubuntu', 'XAUTHORITY': '/run/user/1000/.mutter-Xwaylandauth.BJT0T1', 'LS_COLORS': 'rs=0:di=01;34:ln=01;36:mh=00:pi=40;33:so=01;35:do=01;35:bd=40;33;01:cd=40;33;01:or=40;31;01:mi=00:su=37;41:sg=30;43:ca=30;41:tw=30;42:ow=34;42:st=37;44:ex=01;32:*.tar=01;31:*.tgz=01;31:*.arc=01;31:*.arj=01;31:*.taz=01;31:*.lha=01;31:*.lz4=01;31:*.lzh=01;31:*.lzma=01;31:*.tlz=01;31:*.txz=01;31:*.tzo=01;31:*.t7z=01;31:*.zip=01;31:*.z=01;31:*.dz=01;31:*.gz=01;31:*.lrz=01;31:*.lz=01;31:*.lzo=01;31:*.xz=01;31:*.zst=01;31:*.tzst=01;31:*.bz2=01;31:*.bz=01;31:*.tbz=01;31:*.tbz2=01;31:*.tz=01;31:*.deb=01;31:*.rpm=01;31:*.jar=01;31:*.war=01;31:*.ear=01;31:*.sar=01;31:*.rar=01;31:*.alz=01;31:*.ace=01;31:*.zoo=01;31:*.cpio=01;31:*.7z=01;31:*.rz=01;31:*.cab=01;31:*.wim=01;31:*.swm=01;31:*.dwm=01;31:*.esd=01;31:*.jpg=01;35:*.jpeg=01;35:*.mjpg=01;35:*.mjpeg=01;35:*.gif=01;35:*.bmp=01;35:*.pbm=01;35:*.pgm=01;35:*.ppm=01;35:*.tga=01;35:*.xbm=01;35:*.xpm=01;35:*.tif=01;35:*.tiff=01;35:*.png=01;35:*.svg=01;35:*.svgz=01;35:*.mng=01;35:*.pcx=01;35:*.mov=01;35:*.mpg=01;35:*.mpeg=01;35:*.m2v=01;35:*.mkv=01;35:*.webm=01;35:*.webp=01;35:*.ogm=01;35:*.mp4=01;35:*.m4v=01;35:*.mp4v=01;35:*.vob=01;35:*.qt=01;35:*.nuv=01;35:*.wmv=01;35:*.asf=01;35:*.rm=01;35:*.rmvb=01;35:*.flc=01;35:*.avi=01;35:*.fli=01;35:*.flv=01;35:*.gl=01;35:*.dl=01;35:*.xcf=01;35:*.xwd=01;35:*.yuv=01;35:*.cgm=01;35:*.emf=01;35:*.ogv=01;35:*.ogx=01;35:*.aac=00;36:*.au=00;36:*.flac=00;36:*.m4a=00;36:*.mid=00;36:*.midi=00;36:*.mka=00;36:*.mp3=00;36:*.mpc=00;36:*.ogg=00;36:*.ra=00;36:*.wav=00;36:*.oga=00;36:*.opus=00;36:*.spx=00;36:*.xspf=00;36:', 'GNOME_TERMINAL_SERVICE': ':1.10137', 'SSH_AGENT_LAUNCHER': 'gnome-keyring', 'SSH_AUTH_SOCK': '/run/user/1000/keyring/ssh', 'AMENT_PREFIX_PATH': '/home/alyssa/homework2-alyssa225/install/turtle_brick:/home/alyssa/homework2-alyssa225/install/turtle_brick_interfaces:/opt/ros/humble', 'SHELL': '/bin/bash', 'QT_ACCESSIBILITY': '1', 'GDMSESSION': 'ubuntu', 'LESSCLOSE': '/usr/bin/lesspipe %s %s', 'QT_IM_MODULE': 'ibus', 'PWD': '/home/alyssa/homework2-alyssa225/build/turtle_brick', 'XDG_CONFIG_DIRS': '/etc/xdg/xdg-ubuntu:/etc/xdg', 'XDG_DATA_DIRS': '/usr/share/ubuntu:/usr/local/share/:/usr/share/:/var/lib/snapd/desktop', 'PYTHONPATH': '/home/alyssa/homework2-alyssa225/install/turtle_brick/lib/python3.10/site-packages:/home/alyssa/homework2-alyssa225/install/turtle_brick_interfaces/local/lib/python3.10/dist-packages:/opt/ros/humble/lib/python3.10/site-packages:/opt/ros/humble/local/lib/python3.10/dist-packages', 'COLCON': '1', 'VTE_VERSION': '6800', 'CMAKE_PREFIX_PATH': '/home/alyssa/homework2-alyssa225/install/turtle_brick_interfaces:/home/alyssa/homework2-alyssa225/install/turtle_brick_interface', 'PYTEST_ADDOPTS': '--tb=short --junit-xml=/home/alyssa/homework2-alyssa225/build/turtle_brick/pytest.xml --junit-prefix=turtle_brick -o cache_dir=/home/alyssa/homework2-alyssa225/build/turtle_brick/.pytest_cache'}, 'shell': False}
[0.265782] (turtle_brick_interfaces) Command: {'cmd': ['/usr/bin/ctest', '-C', 'Release', '-D', 'ExperimentalTest', '--no-compress-output', '-V', '--force-new-ctest-process'], 'cwd': '/home/alyssa/homework2-alyssa225/build/turtle_brick_interfaces', 'env': OrderedDict([('LESSOPEN', '| /usr/bin/lesspipe %s'), ('USER', 'alyssa'), ('XDG_SESSION_TYPE', 'wayland'), ('SHLVL', '1'), ('LD_LIBRARY_PATH', '/home/alyssa/homework2-alyssa225/install/turtle_brick_interfaces/lib:/opt/ros/humble/opt/rviz_ogre_vendor/lib:/opt/ros/humble/lib/x86_64-linux-gnu:/opt/ros/humble/lib'), ('HOME', '/home/alyssa'), ('OLDPWD', '/home/alyssa/homework2-alyssa225/src'), ('DESKTOP_SESSION', 'ubuntu'), ('ROS_PYTHON_VERSION', '3'), ('GNOME_SHELL_SESSION_MODE', 'ubuntu'), ('GTK_MODULES', 'gail:atk-bridge'), ('SYSTEMD_EXEC_PID', '418763'), ('DBUS_SESSION_BUS_ADDRESS', 'unix:path=/run/user/1000/bus'), ('COLORTERM', 'truecolor'), ('IM_CONFIG_PHASE', '1'), ('WAYLAND_DISPLAY', 'wayland-0'), ('COLCON_PREFIX_PATH', '/home/alyssa/homework2-alyssa225/install'), ('ROS_DISTRO', 'humble'), ('LOGNAME', 'alyssa'), ('_', '/usr/bin/colcon'), ('ROS_VERSION', '2'), ('XDG_SESSION_CLASS', 'user'), ('USERNAME', 'alyssa'), ('TERM', 'xterm-256color'), ('GNOME_DESKTOP_SESSION_ID', 'this-is-deprecated'), ('ROS_LOCALHOST_ONLY', '0'), ('PATH', '/opt/ros/humble/bin:/usr/local/sbin:/usr/local/bin:/usr/sbin:/usr/bin:/sbin:/bin:/usr/games:/usr/local/games:/snap/bin:/snap/bin'), ('SESSION_MANAGER', 'local/alyssa-Galago-Pro:@/tmp/.ICE-unix/1005,unix/alyssa-Galago-Pro:/tmp/.ICE-unix/1005'), ('XDG_MENU_PREFIX', 'gnome-'), ('GNOME_TERMINAL_SCREEN', '/org/gnome/Terminal/screen/6d4b914e_9fd7_45b5_b317_afa2fd1ab6a4'), ('GNOME_SETUP_DISPLAY', ':1'), ('XDG_RUNTIME_DIR', '/run/user/1000'), ('DISPLAY', ':0'), ('LANG', 'en_US.UTF-8'), ('XDG_CURRENT_DESKTOP', 'ubuntu:GNOME'), ('XMODIFIERS', '@im=ibus'), ('XDG_SESSION_DESKTOP', 'ubuntu'), ('XAUTHORITY', '/run/user/1000/.mutter-Xwaylandauth.BJT0T1'), ('LS_COLORS', 'rs=0:di=01;34:ln=01;36:mh=00:pi=40;33:so=01;35:do=01;35:bd=40;33;01:cd=40;33;01:or=40;31;01:mi=00:su=37;41:sg=30;43:ca=30;41:tw=30;42:ow=34;42:st=37;44:ex=01;32:*.tar=01;31:*.tgz=01;31:*.arc=01;31:*.arj=01;31:*.taz=01;31:*.lha=01;31:*.lz4=01;31:*.lzh=01;31:*.lzma=01;31:*.tlz=01;31:*.txz=01;31:*.tzo=01;31:*.t7z=01;31:*.zip=01;31:*.z=01;31:*.dz=01;31:*.gz=01;31:*.lrz=01;31:*.lz=01;31:*.lzo=01;31:*.xz=01;31:*.zst=01;31:*.tzst=01;31:*.bz2=01;31:*.bz=01;31:*.tbz=01;31:*.tbz2=01;31:*.tz=01;31:*.deb=01;31:*.rpm=01;31:*.jar=01;31:*.war=01;31:*.ear=01;31:*.sar=01;31:*.rar=01;31:*.alz=01;31:*.ace=01;31:*.zoo=01;31:*.cpio=01;31:*.7z=01;31:*.rz=01;31:*.cab=01;31:*.wim=01;31:*.swm=01;31:*.dwm=01;31:*.esd=01;31:*.jpg=01;35:*.jpeg=01;35:*.mjpg=01;35:*.mjpeg=01;35:*.gif=01;35:*.bmp=01;35:*.pbm=01;35:*.pgm=01;35:*.ppm=01;35:*.tga=01;35:*.xbm=01;35:*.xpm=01;35:*.tif=01;35:*.tiff=01;35:*.png=01;35:*.svg=01;35:*.svgz=01;35:*.mng=01;35:*.pcx=01;35:*.mov=01;35:*.mpg=01;35:*.mpeg=01;35:*.m2v=01;35:*.mkv=01;35:*.webm=01;35:*.webp=01;35:*.ogm=01;35:*.mp4=01;35:*.m4v=01;35:*.mp4v=01;35:*.vob=01;35:*.qt=01;35:*.nuv=01;35:*.wmv=01;35:*.asf=01;35:*.rm=01;35:*.rmvb=01;35:*.flc=01;35:*.avi=01;35:*.fli=01;35:*.flv=01;35:*.gl=01;35:*.dl=01;35:*.xcf=01;35:*.xwd=01;35:*.yuv=01;35:*.cgm=01;35:*.emf=01;35:*.ogv=01;35:*.ogx=01;35:*.aac=00;36:*.au=00;36:*.flac=00;36:*.m4a=00;36:*.mid=00;36:*.midi=00;36:*.mka=00;36:*.mp3=00;36:*.mpc=00;36:*.ogg=00;36:*.ra=00;36:*.wav=00;36:*.oga=00;36:*.opus=00;36:*.spx=00;36:*.xspf=00;36:'), ('GNOME_TERMINAL_SERVICE', ':1.10137'), ('SSH_AGENT_LAUNCHER', 'gnome-keyring'), ('SSH_AUTH_SOCK', '/run/user/1000/keyring/ssh'), ('AMENT_PREFIX_PATH', '/home/alyssa/homework2-alyssa225/install/turtle_brick_interfaces:/home/alyssa/homework2-alyssa225/install/turtle_brick:/opt/ros/humble'), ('SHELL', '/bin/bash'), ('QT_ACCESSIBILITY', '1'), ('GDMSESSION', 'ubuntu'), ('LESSCLOSE', '/usr/bin/lesspipe %s %s'), ('QT_IM_MODULE', 'ibus'), ('PWD', '/home/alyssa/homework2-alyssa225/build/turtle_brick_interfaces'), ('XDG_CONFIG_DIRS', '/etc/xdg/xdg-ubuntu:/etc/xdg'), ('XDG_DATA_DIRS', '/usr/share/ubuntu:/usr/local/share/:/usr/share/:/var/lib/snapd/desktop'), ('PYTHONPATH', '/home/alyssa/homework2-alyssa225/install/turtle_brick_interfaces/local/lib/python3.10/dist-packages:/home/alyssa/homework2-alyssa225/install/turtle_brick/lib/python3.10/site-packages:/opt/ros/humble/lib/python3.10/site-packages:/opt/ros/humble/local/lib/python3.10/dist-packages'), ('COLCON', '1'), ('VTE_VERSION', '6800'), ('CMAKE_PREFIX_PATH', '/home/alyssa/homework2-alyssa225/install/turtle_brick_interfaces:/home/alyssa/homework2-alyssa225/install/turtle_brick_interface')]), 'shell': False}
[0.272367] (turtle_brick_interfaces) StdoutLine: {'line': b'UpdateCTestConfiguration  from :/home/alyssa/homework2-alyssa225/build/turtle_brick_interfaces/CTestConfiguration.ini\n'}
[0.272719] (turtle_brick_interfaces) StdoutLine: {'line': b'Parse Config file:/home/alyssa/homework2-alyssa225/build/turtle_brick_interfaces/CTestConfiguration.ini\n'}
[0.273070] (turtle_brick_interfaces) StdoutLine: {'line': b'   Site: alyssa-Galago-Pro\n'}
[0.273334] (turtle_brick_interfaces) StdoutLine: {'line': b'   Build name: (empty)\n'}
[0.273521] (turtle_brick_interfaces) StdoutLine: {'line': b' Add coverage exclude regular expressions.\n'}
[0.273669] (turtle_brick_interfaces) StdoutLine: {'line': b'Create new tag: 20221020-2030 - Experimental\n'}
[0.273882] (turtle_brick_interfaces) StdoutLine: {'line': b'UpdateCTestConfiguration  from :/home/alyssa/homework2-alyssa225/build/turtle_brick_interfaces/CTestConfiguration.ini\n'}
[0.274079] (turtle_brick_interfaces) StdoutLine: {'line': b'Parse Config file:/home/alyssa/homework2-alyssa225/build/turtle_brick_interfaces/CTestConfiguration.ini\n'}
[0.274249] (turtle_brick_interfaces) StdoutLine: {'line': b'Test project /home/alyssa/homework2-alyssa225/build/turtle_brick_interfaces\n'}
[0.274407] (turtle_brick_interfaces) StdoutLine: {'line': b'Constructing a list of tests\n'}
[0.274501] (turtle_brick_interfaces) StdoutLine: {'line': b'Done constructing a list of tests\n'}
[0.274575] (turtle_brick_interfaces) StdoutLine: {'line': b'Updating test list for fixtures\n'}
[0.274646] (turtle_brick_interfaces) StdoutLine: {'line': b'Added 0 tests to meet fixture requirements\n'}
[0.274715] (turtle_brick_interfaces) StdoutLine: {'line': b'Checking test dependency graph...\n'}
[0.274786] (turtle_brick_interfaces) StdoutLine: {'line': b'Checking test dependency graph end\n'}
[0.274856] (turtle_brick_interfaces) StdoutLine: {'line': b'test 1\n'}
[0.274935] (turtle_brick_interfaces) StdoutLine: {'line': b'    Start 1: lint_cmake\n'}
[0.274999] (turtle_brick_interfaces) StdoutLine: {'line': b'\n'}
[0.275114] (turtle_brick_interfaces) StdoutLine: {'line': b'1: Test command: /usr/bin/python3.10 "-u" "/opt/ros/humble/share/ament_cmake_test/cmake/run_test.py" "/home/alyssa/homework2-alyssa225/build/turtle_brick_interfaces/test_results/turtle_brick_interfaces/lint_cmake.xunit.xml" "--package-name" "turtle_brick_interfaces" "--output-file" "/home/alyssa/homework2-alyssa225/build/turtle_brick_interfaces/ament_lint_cmake/lint_cmake.txt" "--command" "/opt/ros/humble/bin/ament_lint_cmake" "--xunit-file" "/home/alyssa/homework2-alyssa225/build/turtle_brick_interfaces/test_results/turtle_brick_interfaces/lint_cmake.xunit.xml"\n'}
[0.275243] (turtle_brick_interfaces) StdoutLine: {'line': b'1: Test timeout computed to be: 60\n'}
[0.299201] (-) TimerEvent: {}
[0.328582] (turtle_brick_interfaces) StdoutLine: {'line': b"1: -- run_test.py: invoking following command in '/home/alyssa/homework2-alyssa225/src/turtle_brick_interfaces':\n"}
[0.328751] (turtle_brick_interfaces) StdoutLine: {'line': b'1:  - /opt/ros/humble/bin/ament_lint_cmake --xunit-file /home/alyssa/homework2-alyssa225/build/turtle_brick_interfaces/test_results/turtle_brick_interfaces/lint_cmake.xunit.xml\n'}
[0.388687] (turtle_brick_interfaces) StdoutLine: {'line': b'1: CMakeLists.txt:15: Mismatching spaces inside () after command [whitespace/mismatch]\n'}
[0.388842] (turtle_brick_interfaces) StdoutLine: {'line': b'1: \n'}
[0.388921] (turtle_brick_interfaces) StdoutLine: {'line': b'1: \n'}
[0.388996] (turtle_brick_interfaces) StdoutLine: {'line': b'1: 1 errors\n'}
[0.397011] (turtle_brick_interfaces) StdoutLine: {'line': b'1: -- run_test.py: return code 1\n'}
[0.397225] (turtle_brick_interfaces) StdoutLine: {'line': b"1: -- run_test.py: verify result file '/home/alyssa/homework2-alyssa225/build/turtle_brick_interfaces/test_results/turtle_brick_interfaces/lint_cmake.xunit.xml'\n"}
[0.399290] (-) TimerEvent: {}
[0.405187] (turtle_brick_interfaces) StdoutLine: {'line': b'1/2 Test #1: lint_cmake .......................***Failed    0.13 sec\n'}
[0.405544] (turtle_brick_interfaces) StdoutLine: {'line': b'test 2\n'}
[0.405803] (turtle_brick_interfaces) StdoutLine: {'line': b'    Start 2: xmllint\n'}
[0.405995] (turtle_brick_interfaces) StdoutLine: {'line': b'\n'}
[0.406155] (turtle_brick_interfaces) StdoutLine: {'line': b'2: Test command: /usr/bin/python3.10 "-u" "/opt/ros/humble/share/ament_cmake_test/cmake/run_test.py" "/home/alyssa/homework2-alyssa225/build/turtle_brick_interfaces/test_results/turtle_brick_interfaces/xmllint.xunit.xml" "--package-name" "turtle_brick_interfaces" "--output-file" "/home/alyssa/homework2-alyssa225/build/turtle_brick_interfaces/ament_xmllint/xmllint.txt" "--command" "/opt/ros/humble/bin/ament_xmllint" "--xunit-file" "/home/alyssa/homework2-alyssa225/build/turtle_brick_interfaces/test_results/turtle_brick_interfaces/xmllint.xunit.xml"\n'}
[0.406350] (turtle_brick_interfaces) StdoutLine: {'line': b'2: Test timeout computed to be: 60\n'}
[0.460785] (turtle_brick_interfaces) StdoutLine: {'line': b"2: -- run_test.py: invoking following command in '/home/alyssa/homework2-alyssa225/src/turtle_brick_interfaces':\n"}
[0.460997] (turtle_brick_interfaces) StdoutLine: {'line': b'2:  - /opt/ros/humble/bin/ament_xmllint --xunit-file /home/alyssa/homework2-alyssa225/build/turtle_brick_interfaces/test_results/turtle_brick_interfaces/xmllint.xunit.xml\n'}
[0.499398] (-) TimerEvent: {}
[0.533452] (turtle_brick) StdoutLine: {'line': b'\x1b[1m============================= test session starts ==============================\x1b[0m\n'}
[0.533720] (turtle_brick) StdoutLine: {'line': b'platform linux -- Python 3.10.6, pytest-6.2.5, py-1.10.0, pluggy-0.13.0\n'}
[0.538028] (turtle_brick) StdoutLine: {'line': b'cachedir: /home/alyssa/homework2-alyssa225/build/turtle_brick/.pytest_cache\n'}
[0.538193] (turtle_brick) StdoutLine: {'line': b'rootdir: /home/alyssa/homework2-alyssa225/src/turtle_brick\n'}
[0.538341] (turtle_brick) StdoutLine: {'line': b'plugins: ament-lint-0.12.4, ament-xmllint-0.12.4, launch-testing-ros-0.19.3, launch-testing-1.0.2, ament-flake8-0.12.4, ament-pep257-0.12.4, ament-copyright-0.12.4, colcon-core-0.10.0, cov-3.0.0\n'}
[0.545633] (turtle_brick_interfaces) StdoutLine: {'line': b"2: File 'package.xml' is valid\n"}
[0.545945] (turtle_brick_interfaces) StdoutLine: {'line': b'2: \n'}
[0.546148] (turtle_brick_interfaces) StdoutLine: {'line': b'2: No problems found\n'}
[0.555330] (turtle_brick_interfaces) StdoutLine: {'line': b'2: -- run_test.py: return code 0\n'}
[0.555618] (turtle_brick_interfaces) StdoutLine: {'line': b"2: -- run_test.py: verify result file '/home/alyssa/homework2-alyssa225/build/turtle_brick_interfaces/test_results/turtle_brick_interfaces/xmllint.xunit.xml'\n"}
[0.565544] (turtle_brick_interfaces) StdoutLine: {'line': b'2/2 Test #2: xmllint ..........................   Passed    0.16 sec\n'}
[0.565864] (turtle_brick_interfaces) StdoutLine: {'line': b'\n'}
[0.566035] (turtle_brick_interfaces) StdoutLine: {'line': b'50% tests passed\x1b[0;0m, \x1b[0;31m1 tests failed\x1b[0;0m out of 2\n'}
[0.566158] (turtle_brick_interfaces) StdoutLine: {'line': b'\n'}
[0.566290] (turtle_brick_interfaces) StdoutLine: {'line': b'Label Time Summary:\n'}
[0.566419] (turtle_brick_interfaces) StdoutLine: {'line': b'lint_cmake    =   0.13 sec*proc (1 test)\n'}
[0.566552] (turtle_brick_interfaces) StdoutLine: {'line': b'linter        =   0.29 sec*proc (2 tests)\n'}
[0.566678] (turtle_brick_interfaces) StdoutLine: {'line': b'xmllint       =   0.16 sec*proc (1 test)\n'}
[0.566801] (turtle_brick_interfaces) StdoutLine: {'line': b'\n'}
[0.566925] (turtle_brick_interfaces) StdoutLine: {'line': b'Total Test time (real) =   0.29 sec\n'}
[0.567049] (turtle_brick_interfaces) StdoutLine: {'line': b'\n'}
[0.567172] (turtle_brick_interfaces) StdoutLine: {'line': b'The following tests FAILED:\n'}
[0.567297] (turtle_brick_interfaces) StdoutLine: {'line': b'\t\x1b[0;31m  1 - lint_cmake (Failed)\x1b[0;0m\n'}
[0.583609] (turtle_brick_interfaces) StderrLine: {'line': b'Errors while running CTest\n'}
[0.583879] (turtle_brick_interfaces) StderrLine: {'line': b'Output from these tests are in: /home/alyssa/homework2-alyssa225/build/turtle_brick_interfaces/Testing/Temporary/LastTest.log\n'}
[0.584024] (turtle_brick_interfaces) StderrLine: {'line': b'Use "--rerun-failed --output-on-failure" to re-run the failed cases verbosely.\n'}
[0.585783] (turtle_brick_interfaces) CommandEnded: {'returncode': 8}
[0.586287] (turtle_brick_interfaces) TestFailure: {'identifier': 'turtle_brick_interfaces'}
[0.586336] (turtle_brick_interfaces) JobEnded: {'identifier': 'turtle_brick_interfaces', 'rc': 0}
[0.599490] (-) TimerEvent: {}
[0.619079] (turtle_brick) StdoutLine: {'line': b'\x1b[1mcollecting ... \x1b[0m\x1b[1m\n'}
[0.619292] (turtle_brick) StdoutLine: {'line': b'collected 4 items                                                              \x1b[0m\n'}
[0.619628] (turtle_brick) StdoutLine: {'line': b'\n'}
[0.628075] (turtle_brick) StdoutLine: {'line': b'test/math_test.py \x1b[32m.\x1b[0m\x1b[32m                                                      [ 25%]\x1b[0m\n'}
[0.629568] (turtle_brick) StdoutLine: {'line': b'test/test_copyright.py \x1b[33ms\x1b[0m\x1b[32m                                                 [ 50%]\x1b[0m\n'}
[0.699593] (-) TimerEvent: {}
[0.799955] (-) TimerEvent: {}
[0.825217] (turtle_brick) StdoutLine: {'line': b'test/test_flake8.py \x1b[31mF\x1b[0m\x1b[31m                                                    [ 75%]\x1b[0m\n'}
[0.885680] (turtle_brick) StdoutLine: {'line': b'test/test_pep257.py \x1b[31mF\x1b[0m\x1b[31m                                                    [100%]\x1b[0m\n'}
[0.886027] (turtle_brick) StdoutLine: {'line': b'\n'}
[0.886235] (turtle_brick) StdoutLine: {'line': b'=================================== FAILURES ===================================\n'}
[0.886419] (turtle_brick) StdoutLine: {'line': b'\x1b[31m\x1b[1m_________________________________ test_flake8 __________________________________\x1b[0m\n'}
[0.886580] (turtle_brick) StdoutLine: {'line': b'\x1b[1m\x1b[31mtest/test_flake8.py\x1b[0m:23: in test_flake8\n'}
[0.900034] (-) TimerEvent: {}
[0.921582] (turtle_brick) StdoutLine: {'line': b'    \x1b[94massert\x1b[39;49;00m rc == \x1b[94m0\x1b[39;49;00m, \\\n'}
[0.921940] (turtle_brick) StdoutLine: {'line': b'\x1b[1m\x1b[31mE   AssertionError: Found 13 code style errors / warnings:\x1b[0m\n'}
[0.922461] (turtle_brick) StdoutLine: {'line': b'\x1b[1m\x1b[31mE     ./launch/run_turtle.launch.py:11:69: W291 trailing whitespace\x1b[0m\n'}
[0.922740] (turtle_brick) StdoutLine: {'line': b'\x1b[1m\x1b[31mE     ./launch/run_turtle.launch.py:15:1: E302 expected 2 blank lines, found 1\x1b[0m\n'}
[0.922947] (turtle_brick) StdoutLine: {'line': b'\x1b[1m\x1b[31mE     ./launch/run_turtle.launch.py:42:23: E251 unexpected spaces around keyword / parameter equals\x1b[0m\n'}
[0.923444] (turtle_brick) StdoutLine: {'line': b'\x1b[1m\x1b[31mE     ./launch/run_turtle.launch.py:42:25: E251 unexpected spaces around keyword / parameter equals\x1b[0m\n'}
[0.923655] (turtle_brick) StdoutLine: {'line': b"\x1b[1m\x1b[31mE     ./launch/run_turtle.launch.py:42:70: E231 missing whitespace after ','\x1b[0m\n"}
[0.923829] (turtle_brick) StdoutLine: {'line': b'\x1b[1m\x1b[31mE     ./launch/run_turtle.launch.py:45:1: W293 blank line contains whitespace\x1b[0m\n'}
[0.924000] (turtle_brick) StdoutLine: {'line': b'\x1b[1m\x1b[31mE     ./launch/run_turtle.launch.py:46:7: W292 no newline at end of file\x1b[0m\n'}
[0.924155] (turtle_brick) StdoutLine: {'line': b'\x1b[1m\x1b[31mE     ./launch/turtle_arena.launch.py:5:27: E271 multiple spaces after keyword\x1b[0m\n'}
[0.924336] (turtle_brick) StdoutLine: {'line': b'\x1b[1m\x1b[31mE     ./launch/turtle_arena.launch.py:10:61: W291 trailing whitespace\x1b[0m\n'}
[0.924480] (turtle_brick) StdoutLine: {'line': b'\x1b[1m\x1b[31mE     ./launch/turtle_arena.launch.py:12:54: W291 trailing whitespace\x1b[0m\n'}
[0.924614] (turtle_brick) StdoutLine: {'line': b'\x1b[1m\x1b[31mE     ./launch/turtle_arena.launch.py:15:1: E302 expected 2 blank lines, found 1\x1b[0m\n'}
[0.924758] (turtle_brick) StdoutLine: {'line': b'\x1b[1m\x1b[31mE     ./launch/turtle_arena.launch.py:44:1: W293 blank line contains whitespace\x1b[0m\n'}
[0.924890] (turtle_brick) StdoutLine: {'line': b'\x1b[1m\x1b[31mE     ./launch/turtle_arena.launch.py:45:7: W292 no newline at end of file\x1b[0m\n'}
[0.925022] (turtle_brick) StdoutLine: {'line': b'\x1b[1m\x1b[31mE   assert 1 == 0\x1b[0m\n'}
[0.925149] (turtle_brick) StdoutLine: {'line': b'----------------------------- Captured stdout call -----------------------------\n'}
[0.925279] (turtle_brick) StdoutLine: {'line': b'\n'}
[0.925406] (turtle_brick) StdoutLine: {'line': b'./launch/run_turtle.launch.py:11:69: W291 trailing whitespace\n'}
[0.925535] (turtle_brick) StdoutLine: {'line': b'"""\n'}
[0.925662] (turtle_brick) StdoutLine: {'line': b'launches turtlesim and turtle_robot node along with all the nodes in \n'}
[0.925790] (turtle_brick) StdoutLine: {'line': b'show_turtle launch file. Also connects yaml file to turtle_robot\n'}
[0.925922] (turtle_brick) StdoutLine: {'line': b'"""\n'}
[0.926056] (turtle_brick) StdoutLine: {'line': b'   \n'}
[0.926220] (turtle_brick) StdoutLine: {'line': b'                                                                ^\n'}
[0.926374] (turtle_brick) StdoutLine: {'line': b'\n'}
[0.926501] (turtle_brick) StdoutLine: {'line': b'./launch/run_turtle.launch.py:15:1: E302 expected 2 blank lines, found 1\n'}
[0.926648] (turtle_brick) StdoutLine: {'line': b'def generate_launch_description():\n'}
[0.926772] (turtle_brick) StdoutLine: {'line': b'^\n'}
[0.926899] (turtle_brick) StdoutLine: {'line': b'\n'}
[0.927027] (turtle_brick) StdoutLine: {'line': b'./launch/run_turtle.launch.py:42:23: E251 unexpected spaces around keyword / parameter equals\n'}
[0.927156] (turtle_brick) StdoutLine: {'line': b"            remappings = [('/cmd_vel', '/turtlesim1/turtle1/cmd_vel'),],\n"}
[0.927282] (turtle_brick) StdoutLine: {'line': b'                      ^\n'}
[0.927411] (turtle_brick) StdoutLine: {'line': b'\n'}
[0.927535] (turtle_brick) StdoutLine: {'line': b'./launch/run_turtle.launch.py:42:25: E251 unexpected spaces around keyword / parameter equals\n'}
[0.927651] (turtle_brick) StdoutLine: {'line': b"            remappings = [('/cmd_vel', '/turtlesim1/turtle1/cmd_vel'),],\n"}
[0.927778] (turtle_brick) StdoutLine: {'line': b'                        ^\n'}
[0.927910] (turtle_brick) StdoutLine: {'line': b'\n'}
[0.928079] (turtle_brick) StdoutLine: {'line': b"./launch/run_turtle.launch.py:42:70: E231 missing whitespace after ','\n"}
[0.928267] (turtle_brick) StdoutLine: {'line': b"            remappings = [('/cmd_vel', '/turtlesim1/turtle1/cmd_vel'),],\n"}
[0.928428] (turtle_brick) StdoutLine: {'line': b'                                                                     ^\n'}
[0.928567] (turtle_brick) StdoutLine: {'line': b'\n'}
[0.928697] (turtle_brick) StdoutLine: {'line': b'./launch/run_turtle.launch.py:45:1: W293 blank line contains whitespace\n'}
[0.928818] (turtle_brick) StdoutLine: {'line': b'        \n'}
[0.928945] (turtle_brick) StdoutLine: {'line': b'^\n'}
[0.929070] (turtle_brick) StdoutLine: {'line': b'\n'}
[0.929198] (turtle_brick) StdoutLine: {'line': b'./launch/run_turtle.launch.py:46:7: W292 no newline at end of file\n'}
[0.929324] (turtle_brick) StdoutLine: {'line': b'    ])      ^\n'}
[0.929458] (turtle_brick) StdoutLine: {'line': b'\n'}
[0.929585] (turtle_brick) StdoutLine: {'line': b'./launch/turtle_arena.launch.py:5:27: E271 multiple spaces after keyword\n'}
[0.929715] (turtle_brick) StdoutLine: {'line': b'from launch.actions import  IncludeLaunchDescription\n'}
[0.929855] (turtle_brick) StdoutLine: {'line': b'                          ^\n'}
[0.929977] (turtle_brick) StdoutLine: {'line': b'\n'}
[0.930099] (turtle_brick) StdoutLine: {'line': b'./launch/turtle_arena.launch.py:10:61: W291 trailing whitespace\n'}
[0.930229] (turtle_brick) StdoutLine: {'line': b'"""\n'}
[0.930359] (turtle_brick) StdoutLine: {'line': b'launches arena and catcher nodes along with all the nodes in \n'}
[0.930504] (turtle_brick) StdoutLine: {'line': b'show_turtle launch file.\n'}
[0.930625] (turtle_brick) StdoutLine: {'line': b'Also connects to yaml files to arena and catcher node \n'}
[0.930743] (turtle_brick) StdoutLine: {'line': b'"""\n'}
[0.930862] (turtle_brick) StdoutLine: {'line': b'   \n'}
[0.930978] (turtle_brick) StdoutLine: {'line': b'                                                        ^\n'}
[0.931100] (turtle_brick) StdoutLine: {'line': b'\n'}
[0.931218] (turtle_brick) StdoutLine: {'line': b'./launch/turtle_arena.launch.py:12:54: W291 trailing whitespace\n'}
[0.931336] (turtle_brick) StdoutLine: {'line': b'"""\n'}
[0.931432] (turtle_brick) StdoutLine: {'line': b'launches arena and catcher nodes along with all the nodes in \n'}
[0.931529] (turtle_brick) StdoutLine: {'line': b'show_turtle launch file.\n'}
[0.931627] (turtle_brick) StdoutLine: {'line': b'Also connects to yaml files to arena and catcher node \n'}
[0.931725] (turtle_brick) StdoutLine: {'line': b'"""\n'}
[0.931823] (turtle_brick) StdoutLine: {'line': b'   \n'}
[0.931922] (turtle_brick) StdoutLine: {'line': b'                                                 ^\n'}
[0.932021] (turtle_brick) StdoutLine: {'line': b'\n'}
[0.932120] (turtle_brick) StdoutLine: {'line': b'./launch/turtle_arena.launch.py:15:1: E302 expected 2 blank lines, found 1\n'}
[0.932231] (turtle_brick) StdoutLine: {'line': b'def generate_launch_description():\n'}
[0.932347] (turtle_brick) StdoutLine: {'line': b'^\n'}
[0.932464] (turtle_brick) StdoutLine: {'line': b'\n'}
[0.932586] (turtle_brick) StdoutLine: {'line': b'./launch/turtle_arena.launch.py:44:1: W293 blank line contains whitespace\n'}
[0.932686] (turtle_brick) StdoutLine: {'line': b'        \n'}
[0.932783] (turtle_brick) StdoutLine: {'line': b'^\n'}
[0.932880] (turtle_brick) StdoutLine: {'line': b'\n'}
[0.932976] (turtle_brick) StdoutLine: {'line': b'./launch/turtle_arena.launch.py:45:7: W292 no newline at end of file\n'}
[0.933072] (turtle_brick) StdoutLine: {'line': b'    ])      ^\n'}
[0.933167] (turtle_brick) StdoutLine: {'line': b'\n'}
[0.933264] (turtle_brick) StdoutLine: {'line': b"1     E231 missing whitespace after ','\n"}
[0.933361] (turtle_brick) StdoutLine: {'line': b'2     E251 unexpected spaces around keyword / parameter equals\n'}
[0.933461] (turtle_brick) StdoutLine: {'line': b'1     E271 multiple spaces after keyword\n'}
[0.933559] (turtle_brick) StdoutLine: {'line': b'2     E302 expected 2 blank lines, found 1\n'}
[0.933656] (turtle_brick) StdoutLine: {'line': b'3     W291 trailing whitespace\n'}
[0.933764] (turtle_brick) StdoutLine: {'line': b'2     W292 no newline at end of file\n'}
[0.933865] (turtle_brick) StdoutLine: {'line': b'2     W293 blank line contains whitespace\n'}
[0.933965] (turtle_brick) StdoutLine: {'line': b'\n'}
[0.934062] (turtle_brick) StdoutLine: {'line': b'13 files checked\n'}
[0.934158] (turtle_brick) StdoutLine: {'line': b'13 errors\n'}
[0.934343] (turtle_brick) StdoutLine: {'line': b'\n'}
[0.934492] (turtle_brick) StdoutLine: {'line': b"'E'-type errors: 6\n"}
[0.934640] (turtle_brick) StdoutLine: {'line': b"'W'-type errors: 7\n"}
[0.934785] (turtle_brick) StdoutLine: {'line': b'\n'}
[0.934944] (turtle_brick) StdoutLine: {'line': b'Checked files:\n'}
[0.935091] (turtle_brick) StdoutLine: {'line': b'\n'}
[0.935233] (turtle_brick) StdoutLine: {'line': b'* ./setup.py\n'}
[0.935386] (turtle_brick) StdoutLine: {'line': b'* ./turtle_brick/arena.py\n'}
[0.935517] (turtle_brick) StdoutLine: {'line': b'* ./turtle_brick/turtle_robot.py\n'}
[0.935630] (turtle_brick) StdoutLine: {'line': b'* ./turtle_brick/catcher.py\n'}
[0.935743] (turtle_brick) StdoutLine: {'line': b'* ./turtle_brick/__init__.py\n'}
[0.935858] (turtle_brick) StdoutLine: {'line': b'* ./test/math_test.py\n'}
[0.935973] (turtle_brick) StdoutLine: {'line': b'* ./test/test_flake8.py\n'}
[0.936088] (turtle_brick) StdoutLine: {'line': b'* ./test/test_copyright.py\n'}
[0.936203] (turtle_brick) StdoutLine: {'line': b'* ./test/test_pep257.py\n'}
[0.936317] (turtle_brick) StdoutLine: {'line': b'* ./test/brick.test.py\n'}
[0.936430] (turtle_brick) StdoutLine: {'line': b'* ./launch/show_turtle.launch.py\n'}
[0.936542] (turtle_brick) StdoutLine: {'line': b'* ./launch/run_turtle.launch.py\n'}
[0.936655] (turtle_brick) StdoutLine: {'line': b'* ./launch/turtle_arena.launch.py\n'}
[0.936784] (turtle_brick) StdoutLine: {'line': b'----------------------------- Captured stderr call -----------------------------\n'}
[0.936899] (turtle_brick) StdoutLine: {'line': b'option --max-complexity: please update from optparse string `type=` to argparse callable `type=` -- this will be an error in the future\n'}
[0.937014] (turtle_brick) StdoutLine: {'line': b'\x1b[31m\x1b[1m_________________________________ test_pep257 __________________________________\x1b[0m\n'}
[0.937132] (turtle_brick) StdoutLine: {'line': b'\x1b[1m\x1b[31mtest/test_pep257.py\x1b[0m:23: in test_pep257\n'}
[0.937250] (turtle_brick) StdoutLine: {'line': b"    \x1b[94massert\x1b[39;49;00m rc == \x1b[94m0\x1b[39;49;00m, \x1b[33m'\x1b[39;49;00m\x1b[33mFound code style errors / warnings\x1b[39;49;00m\x1b[33m'\x1b[39;49;00m\n"}
[0.937368] (turtle_brick) StdoutLine: {'line': b'\x1b[1m\x1b[31mE   AssertionError: Found code style errors / warnings\x1b[0m\n'}
[0.937501] (turtle_brick) StdoutLine: {'line': b'\x1b[1m\x1b[31mE   assert 1 == 0\x1b[0m\n'}
[0.937616] (turtle_brick) StdoutLine: {'line': b'----------------------------- Captured stdout call -----------------------------\n'}
[0.937730] (turtle_brick) StderrLine: {'line': b'\x1b[33m=============================== warnings summary ===============================\x1b[0m\n'}
[0.938069] (turtle_brick) StderrLine: {'line': b'test/test_flake8.py::test_flake8\n'}
[0.938198] (turtle_brick) StderrLine: {'line': b'test/test_flake8.py::test_flake8\n'}
[0.938321] (turtle_brick) StderrLine: {'line': b'  Warning: SelectableGroups dict interface is deprecated. Use select.\n'}
[0.938449] (turtle_brick) StderrLine: {'line': b'\n'}
[0.938582] (turtle_brick) StderrLine: {'line': b'-- Docs: https://docs.pytest.org/en/stable/warnings.html\n'}
[0.938705] (turtle_brick) StdoutLine: {'line': b'checking ./launch/run_turtle.launch.py\n'}
[0.938829] (turtle_brick) StdoutLine: {'line': b'checking ./launch/show_turtle.launch.py\n'}
[0.938952] (turtle_brick) StdoutLine: {'line': b'checking ./launch/turtle_arena.launch.py\n'}
[0.939070] (turtle_brick) StdoutLine: {'line': b'checking ./setup.py\n'}
[0.939188] (turtle_brick) StdoutLine: {'line': b'checking ./test/brick.test.py\n'}
[0.939321] (turtle_brick) StdoutLine: {'line': b'checking ./test/math_test.py\n'}
[0.939431] (turtle_brick) StdoutLine: {'line': b'checking ./test/test_copyright.py\n'}
[0.939555] (turtle_brick) StdoutLine: {'line': b'checking ./test/test_flake8.py\n'}
[0.939671] (turtle_brick) StdoutLine: {'line': b'checking ./test/test_pep257.py\n'}
[0.939784] (turtle_brick) StdoutLine: {'line': b'checking ./turtle_brick/__init__.py\n'}
[0.939897] (turtle_brick) StdoutLine: {'line': b'checking ./turtle_brick/arena.py\n'}
[0.940016] (turtle_brick) StdoutLine: {'line': b'./turtle_brick/arena.py:16 in public class `BState`: D204: 1 blank line required after class docstring (found 0)\n'}
[0.940135] (turtle_brick) StdoutLine: {'line': b'./turtle_brick/arena.py:16 in public class `BState`: D205: 1 blank line required between summary line and description (found 0)\n'}
[0.940250] (turtle_brick) StdoutLine: {'line': b'./turtle_brick/arena.py:16 in public class `BState`: D208: Docstring is over-indented\n'}
[0.940372] (turtle_brick) StdoutLine: {'line': b'./turtle_brick/arena.py:16 in public class `BState`: D210: No whitespaces allowed surrounding docstring text\n'}
[0.940491] (turtle_brick) StdoutLine: {'line': b'./turtle_brick/arena.py:16 in public class `BState`: D213: Multi-line docstring summary should start at the second line\n'}
[0.940608] (turtle_brick) StdoutLine: {'line': b'./turtle_brick/arena.py:29 in public class `Arena`: D204: 1 blank line required after class docstring (found 0)\n'}
[0.940724] (turtle_brick) StdoutLine: {'line': b'./turtle_brick/arena.py:29 in public class `Arena`: D205: 1 blank line required between summary line and description (found 0)\n'}
[0.940839] (turtle_brick) StdoutLine: {'line': b'checking ./turtle_brick/catcher.py\n'}
[0.940956] (turtle_brick) StdoutLine: {'line': b'./turtle_brick/catcher.py:13 in public class `State`: D204: 1 blank line required after class docstring (found 0)\n'}
[0.941074] (turtle_brick) StdoutLine: {'line': b'./turtle_brick/catcher.py:13 in public class `State`: D205: 1 blank line required between summary line and description (found 0)\n'}
[0.941189] (turtle_brick) StdoutLine: {'line': b"./turtle_brick/catcher.py:13 in public class `State`: D400: First line should end with a period (not 't')\n"}
[0.941304] (turtle_brick) StdoutLine: {'line': b"./turtle_brick/catcher.py:13 in public class `State`: D415: First line should end with a period, question mark, or exclamation point (not 't')\n"}
[0.941421] (turtle_brick) StdoutLine: {'line': b'./turtle_brick/catcher.py:23 in public class `Catcher`: D205: 1 blank line required between summary line and description (found 0)\n'}
[0.941546] (turtle_brick) StdoutLine: {'line': b"./turtle_brick/catcher.py:23 in public class `Catcher`: D400: First line should end with a period (not 't')\n"}
[0.941666] (turtle_brick) StdoutLine: {'line': b"./turtle_brick/catcher.py:23 in public class `Catcher`: D415: First line should end with a period, question mark, or exclamation point (not 't')\n"}
[0.941789] (turtle_brick) StdoutLine: {'line': b'checking ./turtle_brick/turtle_robot.py\n'}
[0.941905] (turtle_brick) StdoutLine: {'line': b'./turtle_brick/turtle_robot.py:14 in public class `Turtle_robot`: D204: 1 blank line required after class docstring (found 0)\n'}
[0.942020] (turtle_brick) StdoutLine: {'line': b'./turtle_brick/turtle_robot.py:14 in public class `Turtle_robot`: D205: 1 blank line required between summary line and description (found 0)\n'}
[0.942136] (turtle_brick) StdoutLine: {'line': b'checking test/brick.test.py\n'}
[0.942270] (turtle_brick) StdoutLine: {'line': b'checking test/math_test.py\n'}
[0.942390] (turtle_brick) StdoutLine: {'line': b'checking test/test_copyright.py\n'}
[0.942508] (turtle_brick) StdoutLine: {'line': b'checking test/test_flake8.py\n'}
[0.942626] (turtle_brick) StdoutLine: {'line': b'checking test/test_pep257.py\n'}
[0.942742] (turtle_brick) StdoutLine: {'line': b'16 errors\n'}
[0.942857] (turtle_brick) StdoutLine: {'line': b'- generated xml file: /home/alyssa/homework2-alyssa225/build/turtle_brick/pytest.xml -\n'}
[0.942973] (turtle_brick) StdoutLine: {'line': b'=========================== short test summary info ============================\n'}
[0.943097] (turtle_brick) StdoutLine: {'line': b'FAILED test/test_flake8.py::test_flake8 - AssertionError: Found 13 code style...\n'}
[0.943213] (turtle_brick) StdoutLine: {'line': b'FAILED test/test_pep257.py::test_pep257 - AssertionError: Found code style er...\n'}
[0.943332] (turtle_brick) StdoutLine: {'line': b'\x1b[31m============== \x1b[31m\x1b[1m2 failed\x1b[0m, \x1b[32m1 passed\x1b[0m, \x1b[33m1 skipped\x1b[0m, \x1b[33m2 warnings\x1b[0m\x1b[31m in 0.39s\x1b[0m\x1b[31m ==============\x1b[0m\n'}
[1.000250] (turtle_brick) CommandEnded: {'returncode': 1}
[1.001114] (-) TimerEvent: {}
[1.001291] (turtle_brick) TestFailure: {'identifier': 'turtle_brick'}
[1.001328] (turtle_brick) JobEnded: {'identifier': 'turtle_brick', 'rc': 0}
[1.001695] (-) EventReactorShutdown: {}
