[0.260s] Invoking command in '/home/alyssa/homework2-alyssa225/src/turtle_brick': AMENT_PREFIX_PATH=/home/alyssa/homework2-alyssa225/install/turtle_brick:/home/alyssa/homework2-alyssa225/install/turtle_brick_interfaces:/opt/ros/humble PYTEST_ADDOPTS=--tb=short --junit-xml=/home/alyssa/homework2-alyssa225/build/turtle_brick/pytest.xml --junit-prefix=turtle_brick -o cache_dir=/home/alyssa/homework2-alyssa225/build/turtle_brick/.pytest_cache PYTHONPATH=/home/alyssa/homework2-alyssa225/install/turtle_brick/lib/python3.10/site-packages:/home/alyssa/homework2-alyssa225/install/turtle_brick_interfaces/local/lib/python3.10/dist-packages:/opt/ros/humble/lib/python3.10/site-packages:/opt/ros/humble/local/lib/python3.10/dist-packages /usr/bin/python3 -m pytest
[0.548s] [1m============================= test session starts ==============================[0m
[0.549s] platform linux -- Python 3.10.6, pytest-6.2.5, py-1.10.0, pluggy-0.13.0
[0.553s] cachedir: /home/alyssa/homework2-alyssa225/build/turtle_brick/.pytest_cache
[0.553s] rootdir: /home/alyssa/homework2-alyssa225/src/turtle_brick
[0.553s] plugins: ament-lint-0.12.4, ament-xmllint-0.12.4, launch-testing-ros-0.19.3, launch-testing-1.0.2, ament-flake8-0.12.4, ament-pep257-0.12.4, ament-copyright-0.12.4, colcon-core-0.10.0, cov-3.0.0
[0.645s] [1mcollecting ... [0m[1m
[0.645s] collected 4 items                                                              [0m
[0.645s] 
[0.657s] test/math_test.py [32m.[0m[32m                                                      [ 25%][0m
[0.659s] test/test_copyright.py [33ms[0m[32m                                                 [ 50%][0m
[0.894s] test/test_flake8.py [31mF[0m[31m                                                    [ 75%][0m
[0.982s] test/test_pep257.py [31mF[0m[31m                                                    [100%][0m
[0.983s] 
[0.983s] =================================== FAILURES ===================================
[0.983s] [31m[1m_________________________________ test_flake8 __________________________________[0m
[0.983s] [1m[31mtest/test_flake8.py[0m:23: in test_flake8
[1.027s]     [94massert[39;49;00m rc == [94m0[39;49;00m, \
[1.028s] [1m[31mE   AssertionError: Found 9 code style errors / warnings:[0m
[1.028s] [1m[31mE     ./test/brick.test.py:14:26: E128 continuation line under-indented for visual indent[0m
[1.029s] [1m[31mE     ./test/brick.test.py:15:26: E124 closing bracket does not match visual indentation[0m
[1.029s] [1m[31mE     ./test/brick.test.py:26:1: E302 expected 2 blank lines, found 1[0m
[1.029s] [1m[31mE     ./test/brick.test.py:43:9: F841 local variable 'tilt_sub' is assigned to but never used[0m
[1.029s] [1m[31mE     ./test/brick.test.py:46:1: W293 blank line contains whitespace[0m
[1.030s] [1m[31mE     ./test/brick.test.py:54:24: E127 continuation line over-indented for visual indent[0m
[1.030s] [1m[31mE     ./test/brick.test.py:63:43: W291 trailing whitespace[0m
[1.030s] [1m[31mE     ./test/brick.test.py:64:20: E127 continuation line over-indented for visual indent[0m
[1.031s] [1m[31mE     ./test/brick.test.py:69:1: W293 blank line contains whitespace[0m
[1.031s] [1m[31mE   assert 1 == 0[0m
[1.031s] ----------------------------- Captured stdout call -----------------------------
[1.031s] 
[1.032s] ./test/brick.test.py:14:26: E128 continuation line under-indented for visual indent
[1.032s]                          executable="turtle_robot",
[1.032s]                          ^
[1.032s] 
[1.032s] ./test/brick.test.py:15:26: E124 closing bracket does not match visual indentation
[1.033s]                          )
[1.033s]                          ^
[1.033s] 
[1.033s] ./test/brick.test.py:26:1: E302 expected 2 blank lines, found 1
[1.033s] class TestTurtleRobot(unittest.TestCase):
[1.034s] ^
[1.034s] 
[1.034s] ./test/brick.test.py:43:9: F841 local variable 'tilt_sub' is assigned to but never used
[1.034s]         tilt_sub = self.create_subscription(Twist, '/cmd_vel', self.test_callback, 10)
[1.034s]         ^
[1.034s] 
[1.035s] ./test/brick.test.py:46:1: W293 blank line contains whitespace
[1.035s]     
[1.035s] ^
[1.035s] 
[1.035s] ./test/brick.test.py:54:24: E127 continuation line over-indented for visual indent
[1.036s]                        + float(self.timestart.header.stamp.nanosec) / 1000000000.0)
[1.036s]                        ^
[1.036s] 
[1.036s] ./test/brick.test.py:63:43: W291 trailing whitespace
[1.036s]         tf = (float(time.header.stamp.sec) 
[1.037s]                                           ^
[1.037s] 
[1.037s] ./test/brick.test.py:64:20: E127 continuation line over-indented for visual indent
[1.037s]                    + float(time.header.stamp.nanosec) / 1000000000.0)
[1.037s]                    ^
[1.037s] 
[1.038s] ./test/brick.test.py:69:1: W293 blank line contains whitespace
[1.038s]             
[1.038s] ^
[1.039s] 
[1.039s] 1     E124 closing bracket does not match visual indentation
[1.039s] 2     E127 continuation line over-indented for visual indent
[1.039s] 1     E128 continuation line under-indented for visual indent
[1.039s] 1     E302 expected 2 blank lines, found 1
[1.040s] 1     F841 local variable 'tilt_sub' is assigned to but never used
[1.040s] 1     W291 trailing whitespace
[1.040s] 2     W293 blank line contains whitespace
[1.040s] 
[1.041s] 13 files checked
[1.041s] 9 errors
[1.041s] 
[1.041s] 'E'-type errors: 5
[1.041s] 'F'-type errors: 1
[1.042s] 'W'-type errors: 3
[1.042s] 
[1.042s] Checked files:
[1.042s] 
[1.042s] * ./setup.py
[1.042s] * ./turtle_brick/arena.py
[1.043s] * ./turtle_brick/turtle_robot.py
[1.043s] * ./turtle_brick/catcher.py
[1.043s] * ./turtle_brick/__init__.py
[1.043s] * ./test/math_test.py
[1.043s] * ./test/test_flake8.py
[1.044s] * ./test/test_copyright.py
[1.044s] * ./test/test_pep257.py
[1.044s] * ./test/brick.test.py
[1.044s] * ./launch/show_turtle.launch.py
[1.044s] * ./launch/run_turtle.launch.py
[1.045s] * ./launch/turtle_arena.launch.py
[1.045s] ----------------------------- Captured stderr call -----------------------------
[1.045s] option --max-complexity: please update from optparse string `type=` to argparse callable `type=` -- this will be an error in the future
[1.045s] [31m[1m_________________________________ test_pep257 __________________________________[0m
[1.045s] [1m[31mtest/test_pep257.py[0m:23: in test_pep257
[1.046s]     [94massert[39;49;00m rc == [94m0[39;49;00m, [33m'[39;49;00m[33mFound code style errors / warnings[39;49;00m[33m'[39;49;00m
[1.046s] [1m[31mE   AssertionError: Found code style errors / warnings[0m
[1.046s] [1m[31mE   assert 1 == 0[0m
[1.046s] ----------------------------- Captured stdout call -----------------------------
[1.046s] checking ./launch/run_turtle.launch.py
[1.046s] checking ./launch/show_turtle.launch.py
[1.047s] checking ./launch/turtle_arena.launch.py
[1.047s] checking ./setup.py
[1.047s] checking ./test/brick.test.py
[1.047s] checking ./test/math_test.py
[1.047s] checking ./test/test_copyright.py
[1.048s] checking ./test/test_flake8.py
[1.048s] checking ./test/test_pep257.py
[1.048s] checking ./turtle_brick/__init__.py
[1.048s] checking ./turtle_brick/arena.py
[1.048s] ./turtle_brick/arena.py:16 in public class `BState`: D204: 1 blank line required after class docstring (found 0)
[1.049s] ./turtle_brick/arena.py:16 in public class `BState`: D205: 1 blank line required between summary line and description (found 0)
[1.049s] ./turtle_brick/arena.py:16 in public class `BState`: D208: Docstring is over-indented
[1.049s] ./turtle_brick/arena.py:16 in public class `BState`: D210: No whitespaces allowed surrounding docstring text
[1.049s] ./turtle_brick/arena.py:16 in public class `BState`: D213: Multi-line docstring summary should start at the second line
[1.049s] ./turtle_brick/arena.py:29 in public class `Arena`: D204: 1 blank line required after class docstring (found 0)
[1.049s] ./turtle_brick/arena.py:29 in public class `Arena`: D205: 1 blank line required between summary line and description (found 0)
[1.050s] checking ./turtle_brick/catcher.py
[1.050s] ./turtle_brick/catcher.py:13 in public class `State`: D204: 1 blank line required after class docstring (found 0)
[1.050s] ./turtle_brick/catcher.py:13 in public class `State`: D205: 1 blank line required between summary line and description (found 0)
[1.050s] ./turtle_brick/catcher.py:13 in public class `State`: D400: First line should end with a period (not 't')
[1.050s] ./turtle_brick/catcher.py:13 in public class `State`: D415: First line should end with a period, question mark, or exclamation point (not 't')
[1.050s] ./turtle_brick/catcher.py:23 in public class `Catcher`: D205: 1 blank line required between summary line and description (found 0)
[1.051s] ./turtle_brick/catcher.py:23 in public class `Catcher`: D400: First line should end with a period (not 't')
[1.051s] ./turtle_brick/catcher.py:23 in public class `Catcher`: D415: First line should end with a period, question mark, or exclamation point (not 't')
[1.051s] checking ./turtle_brick/turtle_robot.py
[1.051s] ./turtle_brick/turtle_robot.py:14 in public class `Turtle_robot`: D204: 1 blank line required after class docstring (found 0)
[1.051s] ./turtle_brick/turtle_robot.py:14 in public class `Turtle_robot`: D205: 1 blank line required between summary line and description (found 0)
[1.051s] checking test/brick.test.py
[1.051s] checking test/math_test.py
[1.052s] checking test/test_copyright.py
[1.052s] checking test/test_flake8.py
[1.052s] checking test/test_pep257.py
[1.052s] 16 errors
[1.052s] [33m=============================== warnings summary ===============================[0m
[1.052s] test/test_flake8.py::test_flake8
[1.053s] test/test_flake8.py::test_flake8
[1.053s]   Warning: SelectableGroups dict interface is deprecated. Use select.
[1.053s] 
[1.053s] -- Docs: https://docs.pytest.org/en/stable/warnings.html
[1.053s] - generated xml file: /home/alyssa/homework2-alyssa225/build/turtle_brick/pytest.xml -
[1.053s] =========================== short test summary info ============================
[1.053s] FAILED test/test_flake8.py::test_flake8 - AssertionError: Found 9 code style ...
[1.054s] FAILED test/test_pep257.py::test_pep257 - AssertionError: Found code style er...
[1.054s] [31m============== [31m[1m2 failed[0m, [32m1 passed[0m, [33m1 skipped[0m, [33m2 warnings[0m[31m in 0.48s[0m[31m ==============[0m
[1.109s] Invoked command in '/home/alyssa/homework2-alyssa225/src/turtle_brick' returned '1': AMENT_PREFIX_PATH=/home/alyssa/homework2-alyssa225/install/turtle_brick:/home/alyssa/homework2-alyssa225/install/turtle_brick_interfaces:/opt/ros/humble PYTEST_ADDOPTS=--tb=short --junit-xml=/home/alyssa/homework2-alyssa225/build/turtle_brick/pytest.xml --junit-prefix=turtle_brick -o cache_dir=/home/alyssa/homework2-alyssa225/build/turtle_brick/.pytest_cache PYTHONPATH=/home/alyssa/homework2-alyssa225/install/turtle_brick/lib/python3.10/site-packages:/home/alyssa/homework2-alyssa225/install/turtle_brick_interfaces/local/lib/python3.10/dist-packages:/opt/ros/humble/lib/python3.10/site-packages:/opt/ros/humble/local/lib/python3.10/dist-packages /usr/bin/python3 -m pytest
