[0.243s] Invoking command in '/home/alyssa/homework2-alyssa225/src/turtle_brick': AMENT_PREFIX_PATH=/home/alyssa/homework2-alyssa225/install/turtle_brick:/home/alyssa/homework2-alyssa225/install/turtle_brick_interfaces:/opt/ros/humble PYTEST_ADDOPTS=--tb=short --junit-xml=/home/alyssa/homework2-alyssa225/build/turtle_brick/pytest.xml --junit-prefix=turtle_brick -o cache_dir=/home/alyssa/homework2-alyssa225/build/turtle_brick/.pytest_cache PYTHONPATH=/home/alyssa/homework2-alyssa225/install/turtle_brick/lib/python3.10/site-packages:/home/alyssa/homework2-alyssa225/install/turtle_brick_interfaces/local/lib/python3.10/dist-packages:/opt/ros/humble/lib/python3.10/site-packages:/opt/ros/humble/local/lib/python3.10/dist-packages /usr/bin/python3 -m pytest
[0.523s] [1m============================= test session starts ==============================[0m
[0.523s] platform linux -- Python 3.10.6, pytest-6.2.5, py-1.10.0, pluggy-0.13.0
[0.527s] cachedir: /home/alyssa/homework2-alyssa225/build/turtle_brick/.pytest_cache
[0.527s] rootdir: /home/alyssa/homework2-alyssa225/src/turtle_brick
[0.528s] plugins: ament-lint-0.12.4, ament-xmllint-0.12.4, launch-testing-ros-0.19.3, launch-testing-1.0.2, ament-flake8-0.12.4, ament-pep257-0.12.4, ament-copyright-0.12.4, colcon-core-0.10.0, cov-3.0.0
[0.597s] [1mcollecting ... [0m[1m
[0.597s] collected 4 items                                                              [0m
[0.598s] 
[0.604s] test/math_test.py [32m.[0m[32m                                                      [ 25%][0m
[0.605s] test/test_copyright.py [33ms[0m[32m                                                 [ 50%][0m
[0.819s] test/test_flake8.py [31mF[0m[31m                                                    [ 75%][0m
[0.886s] test/test_pep257.py [31mF[0m[31m                                                    [100%][0m
[0.886s] 
[0.886s] =================================== FAILURES ===================================
[0.886s] [31m[1m_________________________________ test_flake8 __________________________________[0m
[0.886s] [1m[31mtest/test_flake8.py[0m:23: in test_flake8
[0.921s]     [94massert[39;49;00m rc == [94m0[39;49;00m, \
[0.922s] [1m[31mE   AssertionError: Found 6 code style errors / warnings:[0m
[0.923s] [1m[31mE     ./turtle_brick/arena.py:17:1: W293 blank line contains whitespace[0m
[0.923s] [1m[31mE     ./turtle_brick/arena.py:18:26: W291 trailing whitespace[0m
[0.923s] [1m[31mE     ./turtle_brick/arena.py:38:1: W293 blank line contains whitespace[0m
[0.923s] [1m[31mE     ./turtle_brick/arena.py:51:1: W293 blank line contains whitespace[0m
[0.923s] [1m[31mE     ./turtle_brick/turtle_robot.py:17:1: W293 blank line contains whitespace[0m
[0.924s] [1m[31mE     ./turtle_brick/catcher.py:30:1: W293 blank line contains whitespace[0m
[0.924s] [1m[31mE   assert 1 == 0[0m
[0.924s] ----------------------------- Captured stdout call -----------------------------
[0.924s] 
[0.924s] ./turtle_brick/arena.py:17:1: W293 blank line contains whitespace
[0.924s]     """Current state of the brick.
[0.924s]     
[0.925s]     Four states of brick. 
[0.925s]         - PLACED: brick is placed
[0.925s]         - DROPPING: brick is dropping with accelleraction od gravity
[0.925s]         - PLATFORM: The platfom of turtle robot is below the brick
[0.925s]         - FLOOR: The turtle robot is not below the brick
[0.925s]     """
[0.925s] ^
[0.926s] 
[0.926s] ./turtle_brick/arena.py:18:26: W291 trailing whitespace
[0.926s]     """Current state of the brick.
[0.926s]     
[0.926s]     Four states of brick. 
[0.926s]         - PLACED: brick is placed
[0.927s]         - DROPPING: brick is dropping with accelleraction od gravity
[0.927s]         - PLATFORM: The platfom of turtle robot is below the brick
[0.927s]         - FLOOR: The turtle robot is not below the brick
[0.927s]     """
[0.927s]                          ^
[0.927s] 
[0.928s] ./turtle_brick/arena.py:38:1: W293 blank line contains whitespace
[0.928s]     """
[0.928s] 
[0.928s]     Creates the arena and places brick when called in command line.
[0.928s]     Will drop the robot when called in command line.
[0.928s]         -if robot is underneath the brick, the brick will land on the robot
[0.929s]         -if nothing is under brick, brick will land on ground
[0.929s]     
[0.929s]     SUBSCRIPTIONS:
[0.929s]         -robot_sub: continuous robot position
[0.929s]     PUBLISHERS:
[0.929s]         -marker_pub: publishes walls and brick
[0.929s]         -drop_pub: sends placement, drop coordinates
[0.930s]         -platform_pub: sends true if platform is under brick
[0.930s]     SERVICES:
[0.930s]         -Place: place brick at x, y, z location
[0.930s]         -Drop: Empty drops brick
[0.930s]     TRANSFORMS:
[0.930s]         -world_brick: connects brick to world
[0.930s]     """
[0.931s] ^
[0.931s] 
[0.931s] ./turtle_brick/arena.py:51:1: W293 blank line contains whitespace
[0.931s]     
[0.931s] ^
[0.931s] 
[0.931s] ./turtle_brick/turtle_robot.py:17:1: W293 blank line contains whitespace
[0.932s]     """
[0.932s]     Creates the turtle_robot and controls joint and translation movements.
[0.932s]     Additionally, places it in the world and connects to turtlesim.
[0.932s]     
[0.932s]     SUBSCRIPTIONS:
[0.932s]         -goal_sub: subscribes to goal_sub and
[0.932s]             recieves the positions that will
[0.932s]             calculate movement towards goal_pose
[0.933s]         -tilt_sub: subscribes to tilt and will
[0.933s]             recieve the angle that the robot platform will tilt to
[0.933s]     PUBLISHERS:
[0.933s]         -joint_state: publishes joint angles of the turtle_robot
[0.933s]         -odom_pub: sends positions and twists
[0.933s]         -vel_pub: sends twist to cmd_vel
[0.933s]         -robot_pub: sends continuous robot pose
[0.933s]             # also just relized I could have potentially taken from odom publisher
[0.934s]             # instead of creating a whole new object and publisher, but too late now
[0.934s]     TRANSFORMS:
[0.934s]         -world_odom: connects odom frame to world frame
[0.934s]         -odom_base_link: connects base_link frame to odom frame
[0.934s]     """
[0.934s] ^
[0.934s] 
[0.935s] ./turtle_brick/catcher.py:30:1: W293 blank line contains whitespace
[0.935s]     """
[0.935s]     Calculates if robot can catch placed brick in time or not.
[0.935s]     -If it can catch, robot travels to drop location, catches brick,
[0.935s]         travels back to origin, and tilts brick off
[0.935s]     -If the robot can't reach brick in time, the screen publishes "UNREACHABLE",
[0.935s]         and lets brick fall to ground
[0.936s]     
[0.936s]     SUBSCRIPTIONS:
[0.936s]         -robot_sub:continuous robot position
[0.936s]         -drop_sub: gets placed brick position and sends if drop service is called
[0.936s]         -catch_sub: gets True the brick is caught on the platform
[0.936s]     PUBLISHERS:
[0.936s]         -goal_pose: send pose to turtle robot
[0.936s]         -tilt: send tilt angle to platform on turtle robot
[0.937s]         -text marker: publishes "UNREACHABLE" if robot can't reach in time
[0.937s]     """
[0.937s] ^
[0.937s] 
[0.937s] 1     W291 trailing whitespace
[0.937s] 5     W293 blank line contains whitespace
[0.937s] 
[0.938s] 13 files checked
[0.938s] 6 errors
[0.938s] 
[0.938s] 'W'-type errors: 6
[0.938s] 
[0.938s] Checked files:
[0.938s] 
[0.939s] * ./setup.py
[0.939s] * ./turtle_brick/arena.py
[0.939s] * ./turtle_brick/turtle_robot.py
[0.939s] * ./turtle_brick/catcher.py
[0.939s] * ./turtle_brick/__init__.py
[0.939s] * ./test/math_test.py
[0.939s] * ./test/test_flake8.py
[0.939s] * ./test/test_copyright.py
[0.939s] * ./test/test_pep257.py
[0.939s] * ./test/brick.test.py
[0.939s] * ./launch/show_turtle.launch.py
[0.939s] * ./launch/run_turtle.launch.py
[0.939s] * ./launch/turtle_arena.launch.py
[0.939s] ----------------------------- Captured stderr call -----------------------------
[0.940s] option --max-complexity: please update from optparse string `type=` to argparse callable `type=` -- this will be an error in the future
[0.940s] [31m[1m_________________________________ test_pep257 __________________________________[0m
[0.940s] [1m[31mtest/test_pep257.py[0m:23: in test_pep257
[0.940s]     [94massert[39;49;00m rc == [94m0[39;49;00m, [33m'[39;49;00m[33mFound code style errors / warnings[39;49;00m[33m'[39;49;00m
[0.940s] [1m[31mE   AssertionError: Found code style errors / warnings[0m
[0.940s] [1m[31mE   assert 1 == 0[0m
[0.940s] ----------------------------- Captured stdout call -----------------------------
[0.940s] checking ./launch/run_turtle.launch.py
[0.940s] checking ./launch/show_turtle.launch.py
[0.940s] checking ./launch/turtle_arena.launch.py
[0.940s] checking ./setup.py
[0.940s] checking ./test/brick.test.py
[0.941s] checking ./test/math_test.py
[0.941s] checking ./test/test_copyright.py
[0.941s] checking ./test/test_flake8.py
[0.941s] checking ./test/test_pep257.py
[0.941s] checking ./turtle_brick/__init__.py
[0.941s] checking ./turtle_brick/arena.py
[0.941s] ./turtle_brick/arena.py:16 in public class `BState`: D213: Multi-line docstring summary should start at the second line
[0.941s] ./turtle_brick/arena.py:32 in public class `Arena`: D205: 1 blank line required between summary line and description (found 0)
[0.941s] checking ./turtle_brick/catcher.py
[0.941s] ./turtle_brick/catcher.py:13 in public class `State`: D204: 1 blank line required after class docstring (found 0)
[0.941s] ./turtle_brick/catcher.py:24 in public class `Catcher`: D205: 1 blank line required between summary line and description (found 0)
[0.941s] checking ./turtle_brick/turtle_robot.py
[0.941s] ./turtle_brick/turtle_robot.py:14 in public class `Turtle_robot`: D204: 1 blank line required after class docstring (found 0)
[0.941s] ./turtle_brick/turtle_robot.py:14 in public class `Turtle_robot`: D205: 1 blank line required between summary line and description (found 0)
[0.942s] checking test/brick.test.py
[0.942s] checking test/math_test.py
[0.942s] checking test/test_copyright.py
[0.942s] checking test/test_flake8.py
[0.942s] checking test/test_pep257.py
[0.942s] 6 errors
[0.942s] [33m=============================== warnings summary ===============================[0m
[0.942s] test/test_flake8.py::test_flake8
[0.942s] test/test_flake8.py::test_flake8
[0.943s]   Warning: SelectableGroups dict interface is deprecated. Use select.
[0.943s] 
[0.943s] -- Docs: https://docs.pytest.org/en/stable/warnings.html
[0.943s] - generated xml file: /home/alyssa/homework2-alyssa225/build/turtle_brick/pytest.xml -
[0.943s] =========================== short test summary info ============================
[0.943s] FAILED test/test_flake8.py::test_flake8 - AssertionError: Found 6 code style ...
[0.943s] FAILED test/test_pep257.py::test_pep257 - AssertionError: Found code style er...
[0.944s] [31m============== [31m[1m2 failed[0m, [32m1 passed[0m, [33m1 skipped[0m, [33m2 warnings[0m[31m in 0.40s[0m[31m ==============[0m
[0.998s] Invoked command in '/home/alyssa/homework2-alyssa225/src/turtle_brick' returned '1': AMENT_PREFIX_PATH=/home/alyssa/homework2-alyssa225/install/turtle_brick:/home/alyssa/homework2-alyssa225/install/turtle_brick_interfaces:/opt/ros/humble PYTEST_ADDOPTS=--tb=short --junit-xml=/home/alyssa/homework2-alyssa225/build/turtle_brick/pytest.xml --junit-prefix=turtle_brick -o cache_dir=/home/alyssa/homework2-alyssa225/build/turtle_brick/.pytest_cache PYTHONPATH=/home/alyssa/homework2-alyssa225/install/turtle_brick/lib/python3.10/site-packages:/home/alyssa/homework2-alyssa225/install/turtle_brick_interfaces/local/lib/python3.10/dist-packages:/opt/ros/humble/lib/python3.10/site-packages:/opt/ros/humble/local/lib/python3.10/dist-packages /usr/bin/python3 -m pytest
