[0.267s] Invoking command in '/home/alyssa/homework2-alyssa225/src/turtle_brick': AMENT_PREFIX_PATH=/home/alyssa/homework2-alyssa225/install/turtle_brick:/home/alyssa/homework2-alyssa225/install/turtle_brick_interfaces:/opt/ros/humble PYTEST_ADDOPTS=--tb=short --junit-xml=/home/alyssa/homework2-alyssa225/build/turtle_brick/pytest.xml --junit-prefix=turtle_brick -o cache_dir=/home/alyssa/homework2-alyssa225/build/turtle_brick/.pytest_cache PYTHONPATH=/home/alyssa/homework2-alyssa225/install/turtle_brick/lib/python3.10/site-packages:/home/alyssa/homework2-alyssa225/install/turtle_brick_interfaces/local/lib/python3.10/dist-packages:/opt/ros/humble/lib/python3.10/site-packages:/opt/ros/humble/local/lib/python3.10/dist-packages /usr/bin/python3 -m pytest
[0.544s] [1m============================= test session starts ==============================[0m
[0.544s] platform linux -- Python 3.10.6, pytest-6.2.5, py-1.10.0, pluggy-0.13.0
[0.548s] cachedir: /home/alyssa/homework2-alyssa225/build/turtle_brick/.pytest_cache
[0.548s] rootdir: /home/alyssa/homework2-alyssa225/src/turtle_brick
[0.549s] plugins: ament-lint-0.12.4, ament-xmllint-0.12.4, launch-testing-ros-0.19.3, launch-testing-1.0.2, ament-flake8-0.12.4, ament-pep257-0.12.4, ament-copyright-0.12.4, colcon-core-0.10.0, cov-3.0.0
[0.623s] [1mcollecting ... [0m[1m
[0.623s] collected 4 items                                                              [0m
[0.623s] 
[0.630s] test/math_test.py [32m.[0m[32m                                                      [ 25%][0m
[0.631s] test/test_copyright.py [33ms[0m[32m                                                 [ 50%][0m
[0.839s] test/test_flake8.py [31mF[0m[31m                                                    [ 75%][0m
[0.897s] test/test_pep257.py [31mF[0m[31m                                                    [100%][0m
[0.897s] 
[0.898s] =================================== FAILURES ===================================
[0.898s] [31m[1m_________________________________ test_flake8 __________________________________[0m
[0.898s] [1m[31mtest/test_flake8.py[0m:23: in test_flake8
[0.932s]     [94massert[39;49;00m rc == [94m0[39;49;00m, \
[0.932s] [1m[31mE   AssertionError: Found 27 code style errors / warnings:[0m
[0.933s] [1m[31mE     ./launch/show_turtle.launch.py:31:100: E501 line too long (103 > 99 characters)[0m
[0.933s] [1m[31mE     ./launch/show_turtle.launch.py:34:100: E501 line too long (100 > 99 characters)[0m
[0.934s] [1m[31mE     ./launch/show_turtle.launch.py:48:89: E231 missing whitespace after ','[0m
[0.934s] [1m[31mE     ./launch/show_turtle.launch.py:48:96: E231 missing whitespace after ','[0m
[0.934s] [1m[31mE     ./launch/show_turtle.launch.py:55:56: E231 missing whitespace after ','[0m
[0.934s] [1m[31mE     ./launch/show_turtle.launch.py:61:56: E231 missing whitespace after ','[0m
[0.934s] [1m[31mE     ./launch/show_turtle.launch.py:80:7: W292 no newline at end of file[0m
[0.935s] [1m[31mE     ./launch/run_turtle.launch.py:2:1: F401 'ament_index_python.packages.get_package_share_path' imported but unused[0m
[0.935s] [1m[31mE     ./launch/run_turtle.launch.py:5:1: F401 'launch.actions.DeclareLaunchArgument' imported but unused[0m
[0.935s] [1m[31mE     ./launch/run_turtle.launch.py:6:1: F401 'launch.conditions.IfCondition' imported but unused[0m
[0.935s] [1m[31mE     ./launch/run_turtle.launch.py:6:1: F401 'launch.conditions.UnlessCondition' imported but unused[0m
[0.935s] [1m[31mE     ./launch/run_turtle.launch.py:7:1: F401 'launch.substitutions.Command' imported but unused[0m
[0.936s] [1m[31mE     ./launch/run_turtle.launch.py:7:1: F401 'launch.substitutions.LaunchConfiguration' imported but unused[0m
[0.936s] [1m[31mE     ./launch/run_turtle.launch.py:10:1: F401 'launch_ros.parameter_descriptions.ParameterValue' imported but unused[0m
[0.936s] [1m[31mE     ./launch/run_turtle.launch.py:13:69: W291 trailing whitespace[0m
[0.936s] [1m[31mE     ./launch/run_turtle.launch.py:16:1: E302 expected 2 blank lines, found 0[0m
[0.936s] [1m[31mE     ./launch/run_turtle.launch.py:43:23: E251 unexpected spaces around keyword / parameter equals[0m
[0.936s] [1m[31mE     ./launch/run_turtle.launch.py:43:25: E251 unexpected spaces around keyword / parameter equals[0m
[0.937s] [1m[31mE     ./launch/run_turtle.launch.py:43:70: E231 missing whitespace after ','[0m
[0.937s] [1m[31mE     ./launch/run_turtle.launch.py:46:1: W293 blank line contains whitespace[0m
[0.937s] [1m[31mE     ./launch/run_turtle.launch.py:47:7: W292 no newline at end of file[0m
[0.937s] [1m[31mE     ./launch/turtle_arena.launch.py:5:27: E271 multiple spaces after keyword[0m
[0.937s] [1m[31mE     ./launch/turtle_arena.launch.py:10:61: W291 trailing whitespace[0m
[0.937s] [1m[31mE     ./launch/turtle_arena.launch.py:12:54: W291 trailing whitespace[0m
[0.938s] [1m[31mE     ./launch/turtle_arena.launch.py:15:1: E302 expected 2 blank lines, found 1[0m
[0.938s] [1m[31mE     ./launch/turtle_arena.launch.py:44:1: W293 blank line contains whitespace[0m
[0.938s] [1m[31mE     ./launch/turtle_arena.launch.py:45:7: W292 no newline at end of file[0m
[0.938s] [1m[31mE   assert 1 == 0[0m
[0.938s] ----------------------------- Captured stdout call -----------------------------
[0.939s] 
[0.939s] ./launch/show_turtle.launch.py:31:100: E501 line too long (103 > 99 characters)
[0.939s]                                         description='choose which jointstate publisher to use or none')
[0.939s]                                                                                                    ^
[0.939s] 
[0.939s] ./launch/show_turtle.launch.py:34:100: E501 line too long (100 > 99 characters)
[0.939s]     rviz_arg = DeclareLaunchArgument(name='rvizconfig', default_value=str(default_rviz_config_path),
[0.940s]                                                                                                    ^
[0.940s] 
[0.940s] ./launch/show_turtle.launch.py:48:89: E231 missing whitespace after ','
[0.940s]         parameters=[{'robot_description': robot_description, 'publish_frequency': 100.0},config,]
[0.940s]                                                                                         ^
[0.940s] 
[0.940s] ./launch/show_turtle.launch.py:48:96: E231 missing whitespace after ','
[0.940s]         parameters=[{'robot_description': robot_description, 'publish_frequency': 100.0},config,]
[0.940s]                                                                                                ^
[0.941s] 
[0.941s] ./launch/show_turtle.launch.py:55:56: E231 missing whitespace after ','
[0.941s]         condition=IfCondition(PythonExpression([use_jsp,"=='jsp'"]))
[0.941s]                                                        ^
[0.941s] 
[0.941s] ./launch/show_turtle.launch.py:61:56: E231 missing whitespace after ','
[0.941s]         condition=IfCondition(PythonExpression([use_jsp,"=='gui'"]))
[0.941s]                                                        ^
[0.941s] 
[0.941s] ./launch/show_turtle.launch.py:80:7: W292 no newline at end of file
[0.942s]     ])      ^
[0.942s] 
[0.942s] ./launch/run_turtle.launch.py:2:1: F401 'ament_index_python.packages.get_package_share_path' imported but unused
[0.942s] from ament_index_python.packages import get_package_share_path, get_package_share_directory
[0.942s] ^
[0.942s] 
[0.942s] ./launch/run_turtle.launch.py:5:1: F401 'launch.actions.DeclareLaunchArgument' imported but unused
[0.942s] from launch.actions import DeclareLaunchArgument, IncludeLaunchDescription
[0.942s] ^
[0.942s] 
[0.942s] ./launch/run_turtle.launch.py:6:1: F401 'launch.conditions.IfCondition' imported but unused
[0.943s] from launch.conditions import IfCondition, UnlessCondition
[0.943s] ^
[0.943s] 
[0.943s] ./launch/run_turtle.launch.py:6:1: F401 'launch.conditions.UnlessCondition' imported but unused
[0.943s] from launch.conditions import IfCondition, UnlessCondition
[0.943s] ^
[0.943s] 
[0.943s] ./launch/run_turtle.launch.py:7:1: F401 'launch.substitutions.Command' imported but unused
[0.943s] from launch.substitutions import Command, LaunchConfiguration, PathJoinSubstitution
[0.943s] ^
[0.944s] 
[0.944s] ./launch/run_turtle.launch.py:7:1: F401 'launch.substitutions.LaunchConfiguration' imported but unused
[0.944s] from launch.substitutions import Command, LaunchConfiguration, PathJoinSubstitution
[0.944s] ^
[0.944s] 
[0.944s] ./launch/run_turtle.launch.py:10:1: F401 'launch_ros.parameter_descriptions.ParameterValue' imported but unused
[0.944s] from launch_ros.parameter_descriptions import ParameterValue
[0.944s] ^
[0.944s] 
[0.945s] ./launch/run_turtle.launch.py:13:69: W291 trailing whitespace
[0.945s] """
[0.945s] launches turtlesim and turtle_robot node along with all the nodes in 
[0.945s] show_turtle launch file. Also connects yaml file to turtle_robot
[0.945s] """
[0.945s]    
[0.945s]                                                                 ^
[0.945s] 
[0.945s] ./launch/run_turtle.launch.py:16:1: E302 expected 2 blank lines, found 0
[0.945s] def generate_launch_description():
[0.945s] ^
[0.946s] 
[0.946s] ./launch/run_turtle.launch.py:43:23: E251 unexpected spaces around keyword / parameter equals
[0.946s]             remappings = [('/cmd_vel', '/turtlesim1/turtle1/cmd_vel'),],
[0.946s]                       ^
[0.946s] 
[0.946s] ./launch/run_turtle.launch.py:43:25: E251 unexpected spaces around keyword / parameter equals
[0.946s]             remappings = [('/cmd_vel', '/turtlesim1/turtle1/cmd_vel'),],
[0.946s]                         ^
[0.946s] 
[0.946s] ./launch/run_turtle.launch.py:43:70: E231 missing whitespace after ','
[0.947s]             remappings = [('/cmd_vel', '/turtlesim1/turtle1/cmd_vel'),],
[0.947s]                                                                      ^
[0.947s] 
[0.947s] ./launch/run_turtle.launch.py:46:1: W293 blank line contains whitespace
[0.947s]         
[0.947s] ^
[0.947s] 
[0.947s] ./launch/run_turtle.launch.py:47:7: W292 no newline at end of file
[0.947s]     ])      ^
[0.948s] 
[0.948s] ./launch/turtle_arena.launch.py:5:27: E271 multiple spaces after keyword
[0.948s] from launch.actions import  IncludeLaunchDescription
[0.948s]                           ^
[0.948s] 
[0.948s] ./launch/turtle_arena.launch.py:10:61: W291 trailing whitespace
[0.949s] """
[0.949s] launches arena and catcher nodes along with all the nodes in 
[0.949s] show_turtle launch file.
[0.949s] Also connects to yaml files to arena and catcher node 
[0.949s] """
[0.949s]    
[0.949s]                                                         ^
[0.949s] 
[0.949s] ./launch/turtle_arena.launch.py:12:54: W291 trailing whitespace
[0.950s] """
[0.950s] launches arena and catcher nodes along with all the nodes in 
[0.950s] show_turtle launch file.
[0.950s] Also connects to yaml files to arena and catcher node 
[0.950s] """
[0.950s]    
[0.950s]                                                  ^
[0.950s] 
[0.950s] ./launch/turtle_arena.launch.py:15:1: E302 expected 2 blank lines, found 1
[0.950s] def generate_launch_description():
[0.951s] ^
[0.951s] 
[0.951s] ./launch/turtle_arena.launch.py:44:1: W293 blank line contains whitespace
[0.951s]         
[0.951s] ^
[0.951s] 
[0.951s] ./launch/turtle_arena.launch.py:45:7: W292 no newline at end of file
[0.951s]     ])      ^
[0.951s] 
[0.951s] 5     E231 missing whitespace after ','
[0.952s] 2     E251 unexpected spaces around keyword / parameter equals
[0.952s] 1     E271 multiple spaces after keyword
[0.952s] 2     E302 expected 2 blank lines, found 0
[0.952s] 2     E501 line too long (103 > 99 characters)
[0.952s] 7     F401 'ament_index_python.packages.get_package_share_path' imported but unused
[0.952s] 3     W291 trailing whitespace
[0.952s] 3     W292 no newline at end of file
[0.952s] 2     W293 blank line contains whitespace
[0.952s] 
[0.953s] 13 files checked
[0.953s] 27 errors
[0.953s] 
[0.953s] 'E'-type errors: 12
[0.953s] 'F'-type errors: 7
[0.953s] 'W'-type errors: 8
[0.953s] 
[0.953s] Checked files:
[0.953s] 
[0.953s] * ./setup.py
[0.954s] * ./turtle_brick/arena.py
[0.954s] * ./turtle_brick/turtle_robot.py
[0.954s] * ./turtle_brick/catcher.py
[0.954s] * ./turtle_brick/__init__.py
[0.954s] * ./test/math_test.py
[0.954s] * ./test/test_flake8.py
[0.954s] * ./test/test_copyright.py
[0.954s] * ./test/test_pep257.py
[0.954s] * ./test/brick.test.py
[0.955s] * ./launch/show_turtle.launch.py
[0.955s] * ./launch/run_turtle.launch.py
[0.955s] * ./launch/turtle_arena.launch.py
[0.955s] ----------------------------- Captured stderr call -----------------------------
[0.955s] option --max-complexity: please update from optparse string `type=` to argparse callable `type=` -- this will be an error in the future
[0.955s] [31m[1m_________________________________ test_pep257 __________________________________[0m
[0.955s] [1m[31mtest/test_pep257.py[0m:23: in test_pep257
[0.955s]     [94massert[39;49;00m rc == [94m0[39;49;00m, [33m'[39;49;00m[33mFound code style errors / warnings[39;49;00m[33m'[39;49;00m
[0.955s] [1m[31mE   AssertionError: Found code style errors / warnings[0m
[0.956s] [1m[31mE   assert 1 == 0[0m
[0.956s] ----------------------------- Captured stdout call -----------------------------
[0.956s] checking ./launch/run_turtle.launch.py
[0.956s] checking ./launch/show_turtle.launch.py
[0.956s] checking ./launch/turtle_arena.launch.py
[0.956s] checking ./setup.py
[0.956s] checking ./test/brick.test.py
[0.956s] checking ./test/math_test.py
[0.956s] checking ./test/test_copyright.py
[0.957s] checking ./test/test_flake8.py
[0.957s] checking ./test/test_pep257.py
[0.957s] checking ./turtle_brick/__init__.py
[0.957s] checking ./turtle_brick/arena.py
[0.957s] ./turtle_brick/arena.py:16 in public class `BState`: D204: 1 blank line required after class docstring (found 0)
[0.957s] ./turtle_brick/arena.py:16 in public class `BState`: D205: 1 blank line required between summary line and description (found 0)
[0.957s] ./turtle_brick/arena.py:16 in public class `BState`: D208: Docstring is over-indented
[0.957s] ./turtle_brick/arena.py:16 in public class `BState`: D210: No whitespaces allowed surrounding docstring text
[0.957s] ./turtle_brick/arena.py:16 in public class `BState`: D213: Multi-line docstring summary should start at the second line
[0.958s] ./turtle_brick/arena.py:29 in public class `Arena`: D204: 1 blank line required after class docstring (found 0)
[0.958s] ./turtle_brick/arena.py:29 in public class `Arena`: D205: 1 blank line required between summary line and description (found 0)
[0.958s] checking ./turtle_brick/catcher.py
[0.958s] ./turtle_brick/catcher.py:13 in public class `State`: D204: 1 blank line required after class docstring (found 0)
[0.958s] ./turtle_brick/catcher.py:13 in public class `State`: D205: 1 blank line required between summary line and description (found 0)
[0.958s] ./turtle_brick/catcher.py:13 in public class `State`: D400: First line should end with a period (not 't')
[0.958s] ./turtle_brick/catcher.py:13 in public class `State`: D415: First line should end with a period, question mark, or exclamation point (not 't')
[0.958s] ./turtle_brick/catcher.py:23 in public class `Catcher`: D205: 1 blank line required between summary line and description (found 0)
[0.958s] ./turtle_brick/catcher.py:23 in public class `Catcher`: D400: First line should end with a period (not 't')
[0.959s] ./turtle_brick/catcher.py:23 in public class `Catcher`: D415: First line should end with a period, question mark, or exclamation point (not 't')
[0.959s] checking ./turtle_brick/turtle_robot.py
[0.959s] ./turtle_brick/turtle_robot.py:14 in public class `Turtle_robot`: D204: 1 blank line required after class docstring (found 0)
[0.959s] ./turtle_brick/turtle_robot.py:14 in public class `Turtle_robot`: D205: 1 blank line required between summary line and description (found 0)
[0.959s] checking test/brick.test.py
[0.959s] checking test/math_test.py
[0.959s] checking test/test_copyright.py
[0.959s] checking test/test_flake8.py
[0.959s] checking test/test_pep257.py
[0.959s] 16 errors
[0.960s] - generated xml file: /home/alyssa/homework2-alyssa225/build/turtle_brick/pytest.xml -
[0.960s] [33m=============================== warnings summary ===============================[0m
[0.960s] test/test_flake8.py::test_flake8
[0.960s] test/test_flake8.py::test_flake8
[0.960s]   Warning: SelectableGroups dict interface is deprecated. Use select.
[0.960s] 
[0.960s] -- Docs: https://docs.pytest.org/en/stable/warnings.html
[0.960s] =========================== short test summary info ============================
[0.960s] FAILED test/test_flake8.py::test_flake8 - AssertionError: Found 27 code style...
[0.961s] FAILED test/test_pep257.py::test_pep257 - AssertionError: Found code style er...
[0.961s] [31m============== [31m[1m2 failed[0m, [32m1 passed[0m, [33m1 skipped[0m, [33m2 warnings[0m[31m in 0.39s[0m[31m ==============[0m
[1.008s] Invoked command in '/home/alyssa/homework2-alyssa225/src/turtle_brick' returned '1': AMENT_PREFIX_PATH=/home/alyssa/homework2-alyssa225/install/turtle_brick:/home/alyssa/homework2-alyssa225/install/turtle_brick_interfaces:/opt/ros/humble PYTEST_ADDOPTS=--tb=short --junit-xml=/home/alyssa/homework2-alyssa225/build/turtle_brick/pytest.xml --junit-prefix=turtle_brick -o cache_dir=/home/alyssa/homework2-alyssa225/build/turtle_brick/.pytest_cache PYTHONPATH=/home/alyssa/homework2-alyssa225/install/turtle_brick/lib/python3.10/site-packages:/home/alyssa/homework2-alyssa225/install/turtle_brick_interfaces/local/lib/python3.10/dist-packages:/opt/ros/humble/lib/python3.10/site-packages:/opt/ros/humble/local/lib/python3.10/dist-packages /usr/bin/python3 -m pytest
