[0.249s] Invoking command in '/home/alyssa/homework2-alyssa225/src/turtle_brick': AMENT_PREFIX_PATH=/home/alyssa/homework2-alyssa225/install/turtle_brick:/home/alyssa/homework2-alyssa225/install/turtle_brick_interfaces:/opt/ros/humble PYTEST_ADDOPTS=--tb=short --junit-xml=/home/alyssa/homework2-alyssa225/build/turtle_brick/pytest.xml --junit-prefix=turtle_brick -o cache_dir=/home/alyssa/homework2-alyssa225/build/turtle_brick/.pytest_cache PYTHONPATH=/home/alyssa/homework2-alyssa225/install/turtle_brick/lib/python3.10/site-packages:/home/alyssa/homework2-alyssa225/install/turtle_brick_interfaces/local/lib/python3.10/dist-packages:/opt/ros/humble/lib/python3.10/site-packages:/opt/ros/humble/local/lib/python3.10/dist-packages /usr/bin/python3 -m pytest
[0.538s] [1m============================= test session starts ==============================[0m
[0.538s] platform linux -- Python 3.10.6, pytest-6.2.5, py-1.10.0, pluggy-0.13.0
[0.545s] cachedir: /home/alyssa/homework2-alyssa225/build/turtle_brick/.pytest_cache
[0.545s] rootdir: /home/alyssa/homework2-alyssa225/src/turtle_brick
[0.545s] plugins: ament-lint-0.12.4, ament-xmllint-0.12.4, launch-testing-ros-0.19.3, launch-testing-1.0.2, ament-flake8-0.12.4, ament-pep257-0.12.4, ament-copyright-0.12.4, colcon-core-0.10.0, cov-3.0.0
[0.644s] [1mcollecting ... [0m[1m
[0.645s] collected 4 items                                                              [0m
[0.645s] 
[0.656s] test/math_test.py [32m.[0m[32m                                                      [ 25%][0m
[0.657s] test/test_copyright.py [33ms[0m[32m                                                 [ 50%][0m
[0.876s] test/test_flake8.py [31mF[0m[31m                                                    [ 75%][0m
[0.961s] test/test_pep257.py [31mF[0m[31m                                                    [100%][0m
[0.961s] 
[0.961s] =================================== FAILURES ===================================
[0.961s] [31m[1m_________________________________ test_flake8 __________________________________[0m
[0.961s] [1m[31mtest/test_flake8.py[0m:23: in test_flake8
[1.000s]     [94massert[39;49;00m rc == [94m0[39;49;00m, \
[1.001s] [1m[31mE   AssertionError: Found 8 code style errors / warnings:[0m
[1.001s] [1m[31mE     ./turtle_brick/arena.py:18:1: W293 blank line contains whitespace[0m
[1.001s] [1m[31mE     ./turtle_brick/arena.py:19:26: W291 trailing whitespace[0m
[1.001s] [1m[31mE     ./turtle_brick/arena.py:24:1: W293 blank line contains whitespace[0m
[1.001s] [1m[31mE     ./turtle_brick/arena.py:51:1: W293 blank line contains whitespace[0m
[1.002s] [1m[31mE     ./turtle_brick/turtle_robot.py:16:1: W293 blank line contains whitespace[0m
[1.002s] [1m[31mE     ./turtle_brick/catcher.py:20:1: W293 blank line contains whitespace[0m
[1.002s] [1m[31mE     ./turtle_brick/catcher.py:28:1: W293 blank line contains whitespace[0m
[1.002s] [1m[31mE     ./turtle_brick/catcher.py:33:1: W293 blank line contains whitespace[0m
[1.002s] [1m[31mE   assert 1 == 0[0m
[1.002s] ----------------------------- Captured stdout call -----------------------------
[1.002s] 
[1.003s] ./turtle_brick/arena.py:18:1: W293 blank line contains whitespace
[1.003s]     """
[1.003s]     Current state of the brick.
[1.003s]     
[1.003s]     Four states of brick. 
[1.003s]         - PLACED: brick is placed
[1.003s]         - DROPPING: brick is dropping with accelleraction od gravity
[1.003s]         - PLATFORM: The platfom of turtle robot is below the brick
[1.004s]         - FLOOR: The turtle robot is not below the brick
[1.004s]     
[1.004s]     """
[1.004s] ^
[1.004s] 
[1.004s] ./turtle_brick/arena.py:19:26: W291 trailing whitespace
[1.004s]     """
[1.005s]     Current state of the brick.
[1.005s]     
[1.005s]     Four states of brick. 
[1.005s]         - PLACED: brick is placed
[1.005s]         - DROPPING: brick is dropping with accelleraction od gravity
[1.005s]         - PLATFORM: The platfom of turtle robot is below the brick
[1.005s]         - FLOOR: The turtle robot is not below the brick
[1.006s]     
[1.006s]     """
[1.006s]        
[1.006s]                  ^
[1.006s] 
[1.006s] ./turtle_brick/arena.py:24:1: W293 blank line contains whitespace
[1.006s]     """
[1.006s]     Current state of the brick.
[1.007s]     
[1.007s]     Four states of brick. 
[1.007s]         - PLACED: brick is placed
[1.007s]         - DROPPING: brick is dropping with accelleraction od gravity
[1.007s]         - PLATFORM: The platfom of turtle robot is below the brick
[1.007s]         - FLOOR: The turtle robot is not below the brick
[1.007s]     
[1.008s]     """
[1.008s] ^
[1.008s] 
[1.008s] ./turtle_brick/arena.py:51:1: W293 blank line contains whitespace
[1.008s]     """
[1.008s]     Creates the arena and places brick when called in command line.
[1.009s] 
[1.009s]     Will drop the robot when called in command line.
[1.009s]         -if robot is underneath the brick, the brick will land on the robot
[1.009s]         -if nothing is under brick, brick will land on ground
[1.009s] 
[1.009s]     SUBSCRIPTIONS:
[1.009s]         -robot_sub: continuous robot position
[1.010s]     PUBLISHERS:
[1.010s]         -marker_pub: publishes walls and brick
[1.010s]         -drop_pub: sends placement, drop coordinates
[1.010s]         -platform_pub: sends true if platform is under brick
[1.010s]     SERVICES:
[1.010s]         -Place: place brick at x, y, z location
[1.010s]         -Drop: Empty drops brick
[1.011s]     TRANSFORMS:
[1.011s]         -world_brick: connects brick to world
[1.011s]     
[1.011s]     """
[1.011s] ^
[1.011s] 
[1.011s] ./turtle_brick/turtle_robot.py:16:1: W293 blank line contains whitespace
[1.011s]     """
[1.012s]     Creates the turtle_robot and controls joint and translation movements.
[1.012s]     
[1.012s]     Additionally, places it in the world and connects to turtlesim.
[1.012s]     SUBSCRIPTIONS:
[1.012s]         -goal_sub: subscribes to goal_sub and
[1.012s]             recieves the positions that will
[1.012s]             calculate movement towards goal_pose
[1.013s]         -tilt_sub: subscribes to tilt and will
[1.013s]             recieve the angle that the robot platform will tilt to
[1.013s]     PUBLISHERS:
[1.013s]         -joint_state: publishes joint angles of the turtle_robot
[1.013s]         -odom_pub: sends positions and twists
[1.013s]         -vel_pub: sends twist to cmd_vel
[1.013s]         -robot_pub: sends continuous robot pose
[1.014s]             # also just relized I could have potentially taken from odom publisher
[1.014s]             # instead of creating a whole new object and publisher, but too late now
[1.014s]     TRANSFORMS:
[1.014s]         -world_odom: connects odom frame to world frame
[1.014s]         -odom_base_link: connects base_link frame to odom frame
[1.014s]     """
[1.014s] ^
[1.015s] 
[1.015s] ./turtle_brick/catcher.py:20:1: W293 blank line contains whitespace
[1.015s]     
[1.015s] ^
[1.015s] 
[1.015s] ./turtle_brick/catcher.py:28:1: W293 blank line contains whitespace
[1.016s]     """
[1.016s]     Calculates if robot can catch placed brick in time or not.
[1.016s]     
[1.016s]     -If it can catch, robot travels to drop location, catches brick,
[1.016s]         travels back to origin, and tilts brick off
[1.016s]     -If the robot can't reach brick in time, the screen publishes "UNREACHABLE",
[1.016s]         and lets brick fall to ground
[1.017s]     
[1.017s]     SUBSCRIPTIONS:
[1.017s]         -robot_sub:continuous robot position
[1.017s]         -drop_sub: gets placed brick position and sends if drop service is called
[1.017s]         -catch_sub: gets True the brick is caught on the platform
[1.017s]     PUBLISHERS:
[1.018s]         -goal_pose: send pose to turtle robot
[1.018s]         -tilt: send tilt angle to platform on turtle robot
[1.018s]         -text marker: publishes "UNREACHABLE" if robot can't reach in time
[1.018s]     """
[1.018s] ^
[1.018s] 
[1.019s] ./turtle_brick/catcher.py:33:1: W293 blank line contains whitespace
[1.019s]     """
[1.019s]     Calculates if robot can catch placed brick in time or not.
[1.019s]     
[1.019s]     -If it can catch, robot travels to drop location, catches brick,
[1.019s]         travels back to origin, and tilts brick off
[1.019s]     -If the robot can't reach brick in time, the screen publishes "UNREACHABLE",
[1.020s]         and lets brick fall to ground
[1.020s]     
[1.020s]     SUBSCRIPTIONS:
[1.020s]         -robot_sub:continuous robot position
[1.020s]         -drop_sub: gets placed brick position and sends if drop service is called
[1.020s]         -catch_sub: gets True the brick is caught on the platform
[1.021s]     PUBLISHERS:
[1.021s]         -goal_pose: send pose to turtle robot
[1.021s]         -tilt: send tilt angle to platform on turtle robot
[1.021s]         -text marker: publishes "UNREACHABLE" if robot can't reach in time
[1.021s]     """
[1.021s] ^
[1.021s] 
[1.022s] 1     W291 trailing whitespace
[1.022s] 7     W293 blank line contains whitespace
[1.022s] 
[1.022s] 13 files checked
[1.022s] 8 errors
[1.022s] 
[1.023s] 'W'-type errors: 8
[1.023s] 
[1.023s] Checked files:
[1.023s] 
[1.023s] * ./setup.py
[1.023s] * ./turtle_brick/arena.py
[1.023s] * ./turtle_brick/turtle_robot.py
[1.024s] * ./turtle_brick/catcher.py
[1.024s] * ./turtle_brick/__init__.py
[1.024s] * ./test/math_test.py
[1.024s] * ./test/test_flake8.py
[1.024s] * ./test/test_copyright.py
[1.024s] * ./test/test_pep257.py
[1.024s] * ./test/brick.test.py
[1.025s] * ./launch/show_turtle.launch.py
[1.025s] * ./launch/run_turtle.launch.py
[1.025s] * ./launch/turtle_arena.launch.py
[1.025s] ----------------------------- Captured stderr call -----------------------------
[1.025s] option --max-complexity: please update from optparse string `type=` to argparse callable `type=` -- this will be an error in the future
[1.025s] [31m[1m_________________________________ test_pep257 __________________________________[0m
[1.025s] [1m[31mtest/test_pep257.py[0m:23: in test_pep257
[1.026s]     [94massert[39;49;00m rc == [94m0[39;49;00m, [33m'[39;49;00m[33mFound code style errors / warnings[39;49;00m[33m'[39;49;00m
[1.026s] [1m[31mE   AssertionError: Found code style errors / warnings[0m
[1.026s] [1m[31mE   assert 1 == 0[0m
[1.026s] ----------------------------- Captured stdout call -----------------------------
[1.026s] checking ./launch/run_turtle.launch.py
[1.026s] checking ./launch/show_turtle.launch.py
[1.027s] checking ./launch/turtle_arena.launch.py
[1.027s] checking ./setup.py
[1.027s] checking ./test/brick.test.py
[1.027s] checking ./test/math_test.py
[1.027s] checking ./test/test_copyright.py
[1.027s] checking ./test/test_flake8.py
[1.028s] checking ./test/test_pep257.py
[1.028s] checking ./turtle_brick/__init__.py
[1.028s] checking ./turtle_brick/arena.py
[1.028s] ./turtle_brick/arena.py:16 in public class `BState`: D204: 1 blank line required after class docstring (found 0)
[1.028s] ./turtle_brick/arena.py:33 in public class `Arena`: D204: 1 blank line required after class docstring (found 0)
[1.028s] checking ./turtle_brick/catcher.py
[1.028s] checking ./turtle_brick/turtle_robot.py
[1.029s] checking test/brick.test.py
[1.029s] checking test/math_test.py
[1.029s] checking test/test_copyright.py
[1.029s] checking test/test_flake8.py
[1.029s] checking test/test_pep257.py
[1.029s] 2 errors
[1.030s] [33m=============================== warnings summary ===============================[0m
[1.030s] test/test_flake8.py::test_flake8
[1.030s] test/test_flake8.py::test_flake8
[1.030s]   Warning: SelectableGroups dict interface is deprecated. Use select.
[1.030s] 
[1.030s] -- Docs: https://docs.pytest.org/en/stable/warnings.html
[1.031s] - generated xml file: /home/alyssa/homework2-alyssa225/build/turtle_brick/pytest.xml -
[1.031s] =========================== short test summary info ============================
[1.031s] FAILED test/test_flake8.py::test_flake8 - AssertionError: Found 8 code style ...
[1.031s] FAILED test/test_pep257.py::test_pep257 - AssertionError: Found code style er...
[1.031s] [31m============== [31m[1m2 failed[0m, [32m1 passed[0m, [33m1 skipped[0m, [33m2 warnings[0m[31m in 0.46s[0m[31m ==============[0m
[1.077s] Invoked command in '/home/alyssa/homework2-alyssa225/src/turtle_brick' returned '1': AMENT_PREFIX_PATH=/home/alyssa/homework2-alyssa225/install/turtle_brick:/home/alyssa/homework2-alyssa225/install/turtle_brick_interfaces:/opt/ros/humble PYTEST_ADDOPTS=--tb=short --junit-xml=/home/alyssa/homework2-alyssa225/build/turtle_brick/pytest.xml --junit-prefix=turtle_brick -o cache_dir=/home/alyssa/homework2-alyssa225/build/turtle_brick/.pytest_cache PYTHONPATH=/home/alyssa/homework2-alyssa225/install/turtle_brick/lib/python3.10/site-packages:/home/alyssa/homework2-alyssa225/install/turtle_brick_interfaces/local/lib/python3.10/dist-packages:/opt/ros/humble/lib/python3.10/site-packages:/opt/ros/humble/local/lib/python3.10/dist-packages /usr/bin/python3 -m pytest
