[0.000000] (-) TimerEvent: {}
[0.001242] (turtle_brick) JobQueued: {'identifier': 'turtle_brick', 'dependencies': OrderedDict([('turtle_brick', '/home/alyssa/homework2-alyssa225/install/turtle_brick')])}
[0.001301] (turtle_brick_interfaces) JobQueued: {'identifier': 'turtle_brick_interfaces', 'dependencies': OrderedDict([('turtle_brick_interfaces', '/home/alyssa/homework2-alyssa225/install/turtle_brick_interfaces')])}
[0.001330] (turtle_brick) JobStarted: {'identifier': 'turtle_brick'}
[0.010608] (turtle_brick_interfaces) JobStarted: {'identifier': 'turtle_brick_interfaces'}
[0.099916] (-) TimerEvent: {}
[0.200228] (-) TimerEvent: {}
[0.251793] (turtle_brick) Command: {'cmd': ['/usr/bin/python3', '-m', 'pytest'], 'cwd': '/home/alyssa/homework2-alyssa225/src/turtle_brick', 'env': {'LESSOPEN': '| /usr/bin/lesspipe %s', 'USER': 'alyssa', 'XDG_SESSION_TYPE': 'wayland', 'SHLVL': '1', 'LD_LIBRARY_PATH': '/home/alyssa/homework2-alyssa225/install/turtle_brick_interfaces/lib:/opt/ros/humble/opt/rviz_ogre_vendor/lib:/opt/ros/humble/lib/x86_64-linux-gnu:/opt/ros/humble/lib', 'HOME': '/home/alyssa', 'OLDPWD': '/home/alyssa/homework2-alyssa225/src', 'DESKTOP_SESSION': 'ubuntu', 'ROS_PYTHON_VERSION': '3', 'GNOME_SHELL_SESSION_MODE': 'ubuntu', 'GTK_MODULES': 'gail:atk-bridge', 'SYSTEMD_EXEC_PID': '418763', 'DBUS_SESSION_BUS_ADDRESS': 'unix:path=/run/user/1000/bus', 'COLORTERM': 'truecolor', 'IM_CONFIG_PHASE': '1', 'WAYLAND_DISPLAY': 'wayland-0', 'COLCON_PREFIX_PATH': '/home/alyssa/homework2-alyssa225/install', 'ROS_DISTRO': 'humble', 'LOGNAME': 'alyssa', '_': '/usr/bin/colcon', 'ROS_VERSION': '2', 'XDG_SESSION_CLASS': 'user', 'USERNAME': 'alyssa', 'TERM': 'xterm-256color', 'GNOME_DESKTOP_SESSION_ID': 'this-is-deprecated', 'ROS_LOCALHOST_ONLY': '0', 'PATH': '/opt/ros/humble/bin:/usr/local/sbin:/usr/local/bin:/usr/sbin:/usr/bin:/sbin:/bin:/usr/games:/usr/local/games:/snap/bin:/snap/bin', 'SESSION_MANAGER': 'local/alyssa-Galago-Pro:@/tmp/.ICE-unix/1005,unix/alyssa-Galago-Pro:/tmp/.ICE-unix/1005', 'XDG_MENU_PREFIX': 'gnome-', 'GNOME_TERMINAL_SCREEN': '/org/gnome/Terminal/screen/6d4b914e_9fd7_45b5_b317_afa2fd1ab6a4', 'GNOME_SETUP_DISPLAY': ':1', 'XDG_RUNTIME_DIR': '/run/user/1000', 'DISPLAY': ':0', 'LANG': 'en_US.UTF-8', 'XDG_CURRENT_DESKTOP': 'ubuntu:GNOME', 'XMODIFIERS': '@im=ibus', 'XDG_SESSION_DESKTOP': 'ubuntu', 'XAUTHORITY': '/run/user/1000/.mutter-Xwaylandauth.BJT0T1', 'LS_COLORS': 'rs=0:di=01;34:ln=01;36:mh=00:pi=40;33:so=01;35:do=01;35:bd=40;33;01:cd=40;33;01:or=40;31;01:mi=00:su=37;41:sg=30;43:ca=30;41:tw=30;42:ow=34;42:st=37;44:ex=01;32:*.tar=01;31:*.tgz=01;31:*.arc=01;31:*.arj=01;31:*.taz=01;31:*.lha=01;31:*.lz4=01;31:*.lzh=01;31:*.lzma=01;31:*.tlz=01;31:*.txz=01;31:*.tzo=01;31:*.t7z=01;31:*.zip=01;31:*.z=01;31:*.dz=01;31:*.gz=01;31:*.lrz=01;31:*.lz=01;31:*.lzo=01;31:*.xz=01;31:*.zst=01;31:*.tzst=01;31:*.bz2=01;31:*.bz=01;31:*.tbz=01;31:*.tbz2=01;31:*.tz=01;31:*.deb=01;31:*.rpm=01;31:*.jar=01;31:*.war=01;31:*.ear=01;31:*.sar=01;31:*.rar=01;31:*.alz=01;31:*.ace=01;31:*.zoo=01;31:*.cpio=01;31:*.7z=01;31:*.rz=01;31:*.cab=01;31:*.wim=01;31:*.swm=01;31:*.dwm=01;31:*.esd=01;31:*.jpg=01;35:*.jpeg=01;35:*.mjpg=01;35:*.mjpeg=01;35:*.gif=01;35:*.bmp=01;35:*.pbm=01;35:*.pgm=01;35:*.ppm=01;35:*.tga=01;35:*.xbm=01;35:*.xpm=01;35:*.tif=01;35:*.tiff=01;35:*.png=01;35:*.svg=01;35:*.svgz=01;35:*.mng=01;35:*.pcx=01;35:*.mov=01;35:*.mpg=01;35:*.mpeg=01;35:*.m2v=01;35:*.mkv=01;35:*.webm=01;35:*.webp=01;35:*.ogm=01;35:*.mp4=01;35:*.m4v=01;35:*.mp4v=01;35:*.vob=01;35:*.qt=01;35:*.nuv=01;35:*.wmv=01;35:*.asf=01;35:*.rm=01;35:*.rmvb=01;35:*.flc=01;35:*.avi=01;35:*.fli=01;35:*.flv=01;35:*.gl=01;35:*.dl=01;35:*.xcf=01;35:*.xwd=01;35:*.yuv=01;35:*.cgm=01;35:*.emf=01;35:*.ogv=01;35:*.ogx=01;35:*.aac=00;36:*.au=00;36:*.flac=00;36:*.m4a=00;36:*.mid=00;36:*.midi=00;36:*.mka=00;36:*.mp3=00;36:*.mpc=00;36:*.ogg=00;36:*.ra=00;36:*.wav=00;36:*.oga=00;36:*.opus=00;36:*.spx=00;36:*.xspf=00;36:', 'GNOME_TERMINAL_SERVICE': ':1.10137', 'SSH_AGENT_LAUNCHER': 'gnome-keyring', 'SSH_AUTH_SOCK': '/run/user/1000/keyring/ssh', 'AMENT_PREFIX_PATH': '/home/alyssa/homework2-alyssa225/install/turtle_brick:/home/alyssa/homework2-alyssa225/install/turtle_brick_interfaces:/opt/ros/humble', 'SHELL': '/bin/bash', 'QT_ACCESSIBILITY': '1', 'GDMSESSION': 'ubuntu', 'LESSCLOSE': '/usr/bin/lesspipe %s %s', 'QT_IM_MODULE': 'ibus', 'PWD': '/home/alyssa/homework2-alyssa225/build/turtle_brick', 'XDG_CONFIG_DIRS': '/etc/xdg/xdg-ubuntu:/etc/xdg', 'XDG_DATA_DIRS': '/usr/share/ubuntu:/usr/local/share/:/usr/share/:/var/lib/snapd/desktop', 'PYTHONPATH': '/home/alyssa/homework2-alyssa225/install/turtle_brick/lib/python3.10/site-packages:/home/alyssa/homework2-alyssa225/install/turtle_brick_interfaces/local/lib/python3.10/dist-packages:/opt/ros/humble/lib/python3.10/site-packages:/opt/ros/humble/local/lib/python3.10/dist-packages', 'COLCON': '1', 'VTE_VERSION': '6800', 'CMAKE_PREFIX_PATH': '/home/alyssa/homework2-alyssa225/install/turtle_brick_interfaces:/home/alyssa/homework2-alyssa225/install/turtle_brick_interface', 'PYTEST_ADDOPTS': '--tb=short --junit-xml=/home/alyssa/homework2-alyssa225/build/turtle_brick/pytest.xml --junit-prefix=turtle_brick -o cache_dir=/home/alyssa/homework2-alyssa225/build/turtle_brick/.pytest_cache'}, 'shell': False}
[0.263961] (turtle_brick_interfaces) Command: {'cmd': ['/usr/bin/ctest', '-C', 'Release', '-D', 'ExperimentalTest', '--no-compress-output', '-V', '--force-new-ctest-process'], 'cwd': '/home/alyssa/homework2-alyssa225/build/turtle_brick_interfaces', 'env': OrderedDict([('LESSOPEN', '| /usr/bin/lesspipe %s'), ('USER', 'alyssa'), ('XDG_SESSION_TYPE', 'wayland'), ('SHLVL', '1'), ('LD_LIBRARY_PATH', '/home/alyssa/homework2-alyssa225/install/turtle_brick_interfaces/lib:/opt/ros/humble/opt/rviz_ogre_vendor/lib:/opt/ros/humble/lib/x86_64-linux-gnu:/opt/ros/humble/lib'), ('HOME', '/home/alyssa'), ('OLDPWD', '/home/alyssa/homework2-alyssa225/src'), ('DESKTOP_SESSION', 'ubuntu'), ('ROS_PYTHON_VERSION', '3'), ('GNOME_SHELL_SESSION_MODE', 'ubuntu'), ('GTK_MODULES', 'gail:atk-bridge'), ('SYSTEMD_EXEC_PID', '418763'), ('DBUS_SESSION_BUS_ADDRESS', 'unix:path=/run/user/1000/bus'), ('COLORTERM', 'truecolor'), ('IM_CONFIG_PHASE', '1'), ('WAYLAND_DISPLAY', 'wayland-0'), ('COLCON_PREFIX_PATH', '/home/alyssa/homework2-alyssa225/install'), ('ROS_DISTRO', 'humble'), ('LOGNAME', 'alyssa'), ('_', '/usr/bin/colcon'), ('ROS_VERSION', '2'), ('XDG_SESSION_CLASS', 'user'), ('USERNAME', 'alyssa'), ('TERM', 'xterm-256color'), ('GNOME_DESKTOP_SESSION_ID', 'this-is-deprecated'), ('ROS_LOCALHOST_ONLY', '0'), ('PATH', '/opt/ros/humble/bin:/usr/local/sbin:/usr/local/bin:/usr/sbin:/usr/bin:/sbin:/bin:/usr/games:/usr/local/games:/snap/bin:/snap/bin'), ('SESSION_MANAGER', 'local/alyssa-Galago-Pro:@/tmp/.ICE-unix/1005,unix/alyssa-Galago-Pro:/tmp/.ICE-unix/1005'), ('XDG_MENU_PREFIX', 'gnome-'), ('GNOME_TERMINAL_SCREEN', '/org/gnome/Terminal/screen/6d4b914e_9fd7_45b5_b317_afa2fd1ab6a4'), ('GNOME_SETUP_DISPLAY', ':1'), ('XDG_RUNTIME_DIR', '/run/user/1000'), ('DISPLAY', ':0'), ('LANG', 'en_US.UTF-8'), ('XDG_CURRENT_DESKTOP', 'ubuntu:GNOME'), ('XMODIFIERS', '@im=ibus'), ('XDG_SESSION_DESKTOP', 'ubuntu'), ('XAUTHORITY', '/run/user/1000/.mutter-Xwaylandauth.BJT0T1'), ('LS_COLORS', 'rs=0:di=01;34:ln=01;36:mh=00:pi=40;33:so=01;35:do=01;35:bd=40;33;01:cd=40;33;01:or=40;31;01:mi=00:su=37;41:sg=30;43:ca=30;41:tw=30;42:ow=34;42:st=37;44:ex=01;32:*.tar=01;31:*.tgz=01;31:*.arc=01;31:*.arj=01;31:*.taz=01;31:*.lha=01;31:*.lz4=01;31:*.lzh=01;31:*.lzma=01;31:*.tlz=01;31:*.txz=01;31:*.tzo=01;31:*.t7z=01;31:*.zip=01;31:*.z=01;31:*.dz=01;31:*.gz=01;31:*.lrz=01;31:*.lz=01;31:*.lzo=01;31:*.xz=01;31:*.zst=01;31:*.tzst=01;31:*.bz2=01;31:*.bz=01;31:*.tbz=01;31:*.tbz2=01;31:*.tz=01;31:*.deb=01;31:*.rpm=01;31:*.jar=01;31:*.war=01;31:*.ear=01;31:*.sar=01;31:*.rar=01;31:*.alz=01;31:*.ace=01;31:*.zoo=01;31:*.cpio=01;31:*.7z=01;31:*.rz=01;31:*.cab=01;31:*.wim=01;31:*.swm=01;31:*.dwm=01;31:*.esd=01;31:*.jpg=01;35:*.jpeg=01;35:*.mjpg=01;35:*.mjpeg=01;35:*.gif=01;35:*.bmp=01;35:*.pbm=01;35:*.pgm=01;35:*.ppm=01;35:*.tga=01;35:*.xbm=01;35:*.xpm=01;35:*.tif=01;35:*.tiff=01;35:*.png=01;35:*.svg=01;35:*.svgz=01;35:*.mng=01;35:*.pcx=01;35:*.mov=01;35:*.mpg=01;35:*.mpeg=01;35:*.m2v=01;35:*.mkv=01;35:*.webm=01;35:*.webp=01;35:*.ogm=01;35:*.mp4=01;35:*.m4v=01;35:*.mp4v=01;35:*.vob=01;35:*.qt=01;35:*.nuv=01;35:*.wmv=01;35:*.asf=01;35:*.rm=01;35:*.rmvb=01;35:*.flc=01;35:*.avi=01;35:*.fli=01;35:*.flv=01;35:*.gl=01;35:*.dl=01;35:*.xcf=01;35:*.xwd=01;35:*.yuv=01;35:*.cgm=01;35:*.emf=01;35:*.ogv=01;35:*.ogx=01;35:*.aac=00;36:*.au=00;36:*.flac=00;36:*.m4a=00;36:*.mid=00;36:*.midi=00;36:*.mka=00;36:*.mp3=00;36:*.mpc=00;36:*.ogg=00;36:*.ra=00;36:*.wav=00;36:*.oga=00;36:*.opus=00;36:*.spx=00;36:*.xspf=00;36:'), ('GNOME_TERMINAL_SERVICE', ':1.10137'), ('SSH_AGENT_LAUNCHER', 'gnome-keyring'), ('SSH_AUTH_SOCK', '/run/user/1000/keyring/ssh'), ('AMENT_PREFIX_PATH', '/home/alyssa/homework2-alyssa225/install/turtle_brick_interfaces:/home/alyssa/homework2-alyssa225/install/turtle_brick:/opt/ros/humble'), ('SHELL', '/bin/bash'), ('QT_ACCESSIBILITY', '1'), ('GDMSESSION', 'ubuntu'), ('LESSCLOSE', '/usr/bin/lesspipe %s %s'), ('QT_IM_MODULE', 'ibus'), ('PWD', '/home/alyssa/homework2-alyssa225/build/turtle_brick_interfaces'), ('XDG_CONFIG_DIRS', '/etc/xdg/xdg-ubuntu:/etc/xdg'), ('XDG_DATA_DIRS', '/usr/share/ubuntu:/usr/local/share/:/usr/share/:/var/lib/snapd/desktop'), ('PYTHONPATH', '/home/alyssa/homework2-alyssa225/install/turtle_brick_interfaces/local/lib/python3.10/dist-packages:/home/alyssa/homework2-alyssa225/install/turtle_brick/lib/python3.10/site-packages:/opt/ros/humble/lib/python3.10/site-packages:/opt/ros/humble/local/lib/python3.10/dist-packages'), ('COLCON', '1'), ('VTE_VERSION', '6800'), ('CMAKE_PREFIX_PATH', '/home/alyssa/homework2-alyssa225/install/turtle_brick_interfaces:/home/alyssa/homework2-alyssa225/install/turtle_brick_interface')]), 'shell': False}
[0.271278] (turtle_brick_interfaces) StdoutLine: {'line': b'UpdateCTestConfiguration  from :/home/alyssa/homework2-alyssa225/build/turtle_brick_interfaces/CTestConfiguration.ini\n'}
[0.271503] (turtle_brick_interfaces) StdoutLine: {'line': b'Parse Config file:/home/alyssa/homework2-alyssa225/build/turtle_brick_interfaces/CTestConfiguration.ini\n'}
[0.271702] (turtle_brick_interfaces) StdoutLine: {'line': b'   Site: alyssa-Galago-Pro\n'}
[0.271870] (turtle_brick_interfaces) StdoutLine: {'line': b'   Build name: (empty)\n'}
[0.271982] (turtle_brick_interfaces) StdoutLine: {'line': b' Add coverage exclude regular expressions.\n'}
[0.272258] (turtle_brick_interfaces) StdoutLine: {'line': b'Create new tag: 20221020-2029 - Experimental\n'}
[0.272381] (turtle_brick_interfaces) StdoutLine: {'line': b'UpdateCTestConfiguration  from :/home/alyssa/homework2-alyssa225/build/turtle_brick_interfaces/CTestConfiguration.ini\n'}
[0.272509] (turtle_brick_interfaces) StdoutLine: {'line': b'Parse Config file:/home/alyssa/homework2-alyssa225/build/turtle_brick_interfaces/CTestConfiguration.ini\n'}
[0.272645] (turtle_brick_interfaces) StdoutLine: {'line': b'Test project /home/alyssa/homework2-alyssa225/build/turtle_brick_interfaces\n'}
[0.272797] (turtle_brick_interfaces) StdoutLine: {'line': b'Constructing a list of tests\n'}
[0.272938] (turtle_brick_interfaces) StdoutLine: {'line': b'Done constructing a list of tests\n'}
[0.273077] (turtle_brick_interfaces) StdoutLine: {'line': b'Updating test list for fixtures\n'}
[0.273215] (turtle_brick_interfaces) StdoutLine: {'line': b'Added 0 tests to meet fixture requirements\n'}
[0.273353] (turtle_brick_interfaces) StdoutLine: {'line': b'Checking test dependency graph...\n'}
[0.273499] (turtle_brick_interfaces) StdoutLine: {'line': b'Checking test dependency graph end\n'}
[0.273639] (turtle_brick_interfaces) StdoutLine: {'line': b'test 1\n'}
[0.273761] (turtle_brick_interfaces) StdoutLine: {'line': b'    Start 1: lint_cmake\n'}
[0.273888] (turtle_brick_interfaces) StdoutLine: {'line': b'\n'}
[0.274002] (turtle_brick_interfaces) StdoutLine: {'line': b'1: Test command: /usr/bin/python3.10 "-u" "/opt/ros/humble/share/ament_cmake_test/cmake/run_test.py" "/home/alyssa/homework2-alyssa225/build/turtle_brick_interfaces/test_results/turtle_brick_interfaces/lint_cmake.xunit.xml" "--package-name" "turtle_brick_interfaces" "--output-file" "/home/alyssa/homework2-alyssa225/build/turtle_brick_interfaces/ament_lint_cmake/lint_cmake.txt" "--command" "/opt/ros/humble/bin/ament_lint_cmake" "--xunit-file" "/home/alyssa/homework2-alyssa225/build/turtle_brick_interfaces/test_results/turtle_brick_interfaces/lint_cmake.xunit.xml"\n'}
[0.274129] (turtle_brick_interfaces) StdoutLine: {'line': b'1: Test timeout computed to be: 60\n'}
[0.300336] (-) TimerEvent: {}
[0.325881] (turtle_brick_interfaces) StdoutLine: {'line': b"1: -- run_test.py: invoking following command in '/home/alyssa/homework2-alyssa225/src/turtle_brick_interfaces':\n"}
[0.326138] (turtle_brick_interfaces) StdoutLine: {'line': b'1:  - /opt/ros/humble/bin/ament_lint_cmake --xunit-file /home/alyssa/homework2-alyssa225/build/turtle_brick_interfaces/test_results/turtle_brick_interfaces/lint_cmake.xunit.xml\n'}
[0.387832] (turtle_brick_interfaces) StdoutLine: {'line': b'1: CMakeLists.txt:15: Mismatching spaces inside () after command [whitespace/mismatch]\n'}
[0.388049] (turtle_brick_interfaces) StdoutLine: {'line': b'1: \n'}
[0.388166] (turtle_brick_interfaces) StdoutLine: {'line': b'1: \n'}
[0.388270] (turtle_brick_interfaces) StdoutLine: {'line': b'1: 1 errors\n'}
[0.395814] (turtle_brick_interfaces) StdoutLine: {'line': b'1: -- run_test.py: return code 1\n'}
[0.396130] (turtle_brick_interfaces) StdoutLine: {'line': b"1: -- run_test.py: verify result file '/home/alyssa/homework2-alyssa225/build/turtle_brick_interfaces/test_results/turtle_brick_interfaces/lint_cmake.xunit.xml'\n"}
[0.400422] (-) TimerEvent: {}
[0.404170] (turtle_brick_interfaces) StdoutLine: {'line': b'1/2 Test #1: lint_cmake .......................***Failed    0.13 sec\n'}
[0.404552] (turtle_brick_interfaces) StdoutLine: {'line': b'test 2\n'}
[0.404712] (turtle_brick_interfaces) StdoutLine: {'line': b'    Start 2: xmllint\n'}
[0.404852] (turtle_brick_interfaces) StdoutLine: {'line': b'\n'}
[0.404972] (turtle_brick_interfaces) StdoutLine: {'line': b'2: Test command: /usr/bin/python3.10 "-u" "/opt/ros/humble/share/ament_cmake_test/cmake/run_test.py" "/home/alyssa/homework2-alyssa225/build/turtle_brick_interfaces/test_results/turtle_brick_interfaces/xmllint.xunit.xml" "--package-name" "turtle_brick_interfaces" "--output-file" "/home/alyssa/homework2-alyssa225/build/turtle_brick_interfaces/ament_xmllint/xmllint.txt" "--command" "/opt/ros/humble/bin/ament_xmllint" "--xunit-file" "/home/alyssa/homework2-alyssa225/build/turtle_brick_interfaces/test_results/turtle_brick_interfaces/xmllint.xunit.xml"\n'}
[0.405116] (turtle_brick_interfaces) StdoutLine: {'line': b'2: Test timeout computed to be: 60\n'}
[0.457956] (turtle_brick_interfaces) StdoutLine: {'line': b"2: -- run_test.py: invoking following command in '/home/alyssa/homework2-alyssa225/src/turtle_brick_interfaces':\n"}
[0.458228] (turtle_brick_interfaces) StdoutLine: {'line': b'2:  - /opt/ros/humble/bin/ament_xmllint --xunit-file /home/alyssa/homework2-alyssa225/build/turtle_brick_interfaces/test_results/turtle_brick_interfaces/xmllint.xunit.xml\n'}
[0.500535] (-) TimerEvent: {}
[0.532904] (turtle_brick) StdoutLine: {'line': b'\x1b[1m============================= test session starts ==============================\x1b[0m\n'}
[0.533154] (turtle_brick) StdoutLine: {'line': b'platform linux -- Python 3.10.6, pytest-6.2.5, py-1.10.0, pluggy-0.13.0\n'}
[0.537985] (turtle_brick) StdoutLine: {'line': b'cachedir: /home/alyssa/homework2-alyssa225/build/turtle_brick/.pytest_cache\n'}
[0.538411] (turtle_brick) StdoutLine: {'line': b'rootdir: /home/alyssa/homework2-alyssa225/src/turtle_brick\n'}
[0.538604] (turtle_brick) StdoutLine: {'line': b'plugins: ament-lint-0.12.4, ament-xmllint-0.12.4, launch-testing-ros-0.19.3, launch-testing-1.0.2, ament-flake8-0.12.4, ament-pep257-0.12.4, ament-copyright-0.12.4, colcon-core-0.10.0, cov-3.0.0\n'}
[0.600628] (-) TimerEvent: {}
[0.609567] (turtle_brick) StdoutLine: {'line': b'\x1b[1mcollecting ... \x1b[0m\x1b[1m\n'}
[0.609821] (turtle_brick) StdoutLine: {'line': b'collected 4 items                                                              \x1b[0m\n'}
[0.610053] (turtle_brick) StdoutLine: {'line': b'\n'}
[0.616437] (turtle_brick) StdoutLine: {'line': b'test/math_test.py \x1b[32m.\x1b[0m\x1b[32m                                                      [ 25%]\x1b[0m\n'}
[0.617569] (turtle_brick) StdoutLine: {'line': b'test/test_copyright.py \x1b[33ms\x1b[0m\x1b[32m                                                 [ 50%]\x1b[0m\n'}
[0.631081] (turtle_brick_interfaces) StdoutLine: {'line': b"2: File 'package.xml' is valid\n"}
[0.631466] (turtle_brick_interfaces) StdoutLine: {'line': b'2: \n'}
[0.631727] (turtle_brick_interfaces) StdoutLine: {'line': b'2: No problems found\n'}
[0.644260] (turtle_brick_interfaces) StdoutLine: {'line': b'2: -- run_test.py: return code 0\n'}
[0.644521] (turtle_brick_interfaces) StdoutLine: {'line': b"2: -- run_test.py: verify result file '/home/alyssa/homework2-alyssa225/build/turtle_brick_interfaces/test_results/turtle_brick_interfaces/xmllint.xunit.xml'\n"}
[0.658523] (turtle_brick_interfaces) StdoutLine: {'line': b'2/2 Test #2: xmllint ..........................   Passed    0.25 sec\n'}
[0.658920] (turtle_brick_interfaces) StdoutLine: {'line': b'\n'}
[0.659068] (turtle_brick_interfaces) StdoutLine: {'line': b'50% tests passed\x1b[0;0m, \x1b[0;31m1 tests failed\x1b[0;0m out of 2\n'}
[0.659178] (turtle_brick_interfaces) StdoutLine: {'line': b'\n'}
[0.659255] (turtle_brick_interfaces) StdoutLine: {'line': b'Label Time Summary:\n'}
[0.659330] (turtle_brick_interfaces) StdoutLine: {'line': b'lint_cmake    =   0.13 sec*proc (1 test)\n'}
[0.659414] (turtle_brick_interfaces) StdoutLine: {'line': b'linter        =   0.39 sec*proc (2 tests)\n'}
[0.659499] (turtle_brick_interfaces) StdoutLine: {'line': b'xmllint       =   0.25 sec*proc (1 test)\n'}
[0.659582] (turtle_brick_interfaces) StdoutLine: {'line': b'\n'}
[0.659694] (turtle_brick_interfaces) StdoutLine: {'line': b'Total Test time (real) =   0.39 sec\n'}
[0.659772] (turtle_brick_interfaces) StdoutLine: {'line': b'\n'}
[0.659847] (turtle_brick_interfaces) StdoutLine: {'line': b'The following tests FAILED:\n'}
[0.659920] (turtle_brick_interfaces) StdoutLine: {'line': b'\t\x1b[0;31m  1 - lint_cmake (Failed)\x1b[0;0m\n'}
[0.677986] (turtle_brick_interfaces) StderrLine: {'line': b'Errors while running CTest\n'}
[0.678180] (turtle_brick_interfaces) StderrLine: {'line': b'Output from these tests are in: /home/alyssa/homework2-alyssa225/build/turtle_brick_interfaces/Testing/Temporary/LastTest.log\n'}
[0.678339] (turtle_brick_interfaces) StderrLine: {'line': b'Use "--rerun-failed --output-on-failure" to re-run the failed cases verbosely.\n'}
[0.680376] (turtle_brick_interfaces) CommandEnded: {'returncode': 8}
[0.680953] (turtle_brick_interfaces) TestFailure: {'identifier': 'turtle_brick_interfaces'}
[0.681004] (turtle_brick_interfaces) JobEnded: {'identifier': 'turtle_brick_interfaces', 'rc': 0}
[0.701980] (-) TimerEvent: {}
[0.802319] (-) TimerEvent: {}
[0.819841] (turtle_brick) StdoutLine: {'line': b'test/test_flake8.py \x1b[31mF\x1b[0m\x1b[31m                                                    [ 75%]\x1b[0m\n'}
[0.880960] (turtle_brick) StdoutLine: {'line': b'test/test_pep257.py \x1b[31mF\x1b[0m\x1b[31m                                                    [100%]\x1b[0m\n'}
[0.881175] (turtle_brick) StdoutLine: {'line': b'\n'}
[0.881300] (turtle_brick) StdoutLine: {'line': b'=================================== FAILURES ===================================\n'}
[0.881411] (turtle_brick) StdoutLine: {'line': b'\x1b[31m\x1b[1m_________________________________ test_flake8 __________________________________\x1b[0m\n'}
[0.881501] (turtle_brick) StdoutLine: {'line': b'\x1b[1m\x1b[31mtest/test_flake8.py\x1b[0m:23: in test_flake8\n'}
[0.902437] (-) TimerEvent: {}
[0.917574] (turtle_brick) StdoutLine: {'line': b'    \x1b[94massert\x1b[39;49;00m rc == \x1b[94m0\x1b[39;49;00m, \\\n'}
[0.917892] (turtle_brick) StdoutLine: {'line': b'\x1b[1m\x1b[31mE   AssertionError: Found 21 code style errors / warnings:\x1b[0m\n'}
[0.918407] (turtle_brick) StdoutLine: {'line': b'\x1b[1m\x1b[31mE     ./launch/show_turtle.launch.py:34:56: W291 trailing whitespace\x1b[0m\n'}
[0.918644] (turtle_brick) StdoutLine: {'line': b"\x1b[1m\x1b[31mE     ./launch/run_turtle.launch.py:2:1: F401 'ament_index_python.packages.get_package_share_path' imported but unused\x1b[0m\n"}
[0.919038] (turtle_brick) StdoutLine: {'line': b"\x1b[1m\x1b[31mE     ./launch/run_turtle.launch.py:5:1: F401 'launch.actions.DeclareLaunchArgument' imported but unused\x1b[0m\n"}
[0.919229] (turtle_brick) StdoutLine: {'line': b"\x1b[1m\x1b[31mE     ./launch/run_turtle.launch.py:6:1: F401 'launch.conditions.IfCondition' imported but unused\x1b[0m\n"}
[0.919415] (turtle_brick) StdoutLine: {'line': b"\x1b[1m\x1b[31mE     ./launch/run_turtle.launch.py:6:1: F401 'launch.conditions.UnlessCondition' imported but unused\x1b[0m\n"}
[0.919665] (turtle_brick) StdoutLine: {'line': b"\x1b[1m\x1b[31mE     ./launch/run_turtle.launch.py:7:1: F401 'launch.substitutions.Command' imported but unused\x1b[0m\n"}
[0.919801] (turtle_brick) StdoutLine: {'line': b"\x1b[1m\x1b[31mE     ./launch/run_turtle.launch.py:7:1: F401 'launch.substitutions.LaunchConfiguration' imported but unused\x1b[0m\n"}
[0.919874] (turtle_brick) StdoutLine: {'line': b"\x1b[1m\x1b[31mE     ./launch/run_turtle.launch.py:10:1: F401 'launch_ros.parameter_descriptions.ParameterValue' imported but unused\x1b[0m\n"}
[0.919939] (turtle_brick) StdoutLine: {'line': b'\x1b[1m\x1b[31mE     ./launch/run_turtle.launch.py:13:69: W291 trailing whitespace\x1b[0m\n'}
[0.920003] (turtle_brick) StdoutLine: {'line': b'\x1b[1m\x1b[31mE     ./launch/run_turtle.launch.py:16:1: E302 expected 2 blank lines, found 0\x1b[0m\n'}
[0.920066] (turtle_brick) StdoutLine: {'line': b'\x1b[1m\x1b[31mE     ./launch/run_turtle.launch.py:43:23: E251 unexpected spaces around keyword / parameter equals\x1b[0m\n'}
[0.920128] (turtle_brick) StdoutLine: {'line': b'\x1b[1m\x1b[31mE     ./launch/run_turtle.launch.py:43:25: E251 unexpected spaces around keyword / parameter equals\x1b[0m\n'}
[0.920190] (turtle_brick) StdoutLine: {'line': b"\x1b[1m\x1b[31mE     ./launch/run_turtle.launch.py:43:70: E231 missing whitespace after ','\x1b[0m\n"}
[0.920276] (turtle_brick) StdoutLine: {'line': b'\x1b[1m\x1b[31mE     ./launch/run_turtle.launch.py:46:1: W293 blank line contains whitespace\x1b[0m\n'}
[0.920380] (turtle_brick) StdoutLine: {'line': b'\x1b[1m\x1b[31mE     ./launch/run_turtle.launch.py:47:7: W292 no newline at end of file\x1b[0m\n'}
[0.920483] (turtle_brick) StdoutLine: {'line': b'\x1b[1m\x1b[31mE     ./launch/turtle_arena.launch.py:5:27: E271 multiple spaces after keyword\x1b[0m\n'}
[0.920570] (turtle_brick) StdoutLine: {'line': b'\x1b[1m\x1b[31mE     ./launch/turtle_arena.launch.py:10:61: W291 trailing whitespace\x1b[0m\n'}
[0.920681] (turtle_brick) StdoutLine: {'line': b'\x1b[1m\x1b[31mE     ./launch/turtle_arena.launch.py:12:54: W291 trailing whitespace\x1b[0m\n'}
[0.920813] (turtle_brick) StdoutLine: {'line': b'\x1b[1m\x1b[31mE     ./launch/turtle_arena.launch.py:15:1: E302 expected 2 blank lines, found 1\x1b[0m\n'}
[0.920937] (turtle_brick) StdoutLine: {'line': b'\x1b[1m\x1b[31mE     ./launch/turtle_arena.launch.py:44:1: W293 blank line contains whitespace\x1b[0m\n'}
[0.921061] (turtle_brick) StdoutLine: {'line': b'\x1b[1m\x1b[31mE     ./launch/turtle_arena.launch.py:45:7: W292 no newline at end of file\x1b[0m\n'}
[0.921186] (turtle_brick) StdoutLine: {'line': b'\x1b[1m\x1b[31mE   assert 1 == 0\x1b[0m\n'}
[0.921310] (turtle_brick) StdoutLine: {'line': b'----------------------------- Captured stdout call -----------------------------\n'}
[0.921447] (turtle_brick) StdoutLine: {'line': b'\n'}
[0.921568] (turtle_brick) StdoutLine: {'line': b'./launch/show_turtle.launch.py:34:56: W291 trailing whitespace\n'}
[0.921700] (turtle_brick) StdoutLine: {'line': b"    rviz_arg = DeclareLaunchArgument(name='rvizconfig', \n"}
[0.921817] (turtle_brick) StdoutLine: {'line': b'                                                       ^\n'}
[0.921933] (turtle_brick) StdoutLine: {'line': b'\n'}
[0.922050] (turtle_brick) StdoutLine: {'line': b"./launch/run_turtle.launch.py:2:1: F401 'ament_index_python.packages.get_package_share_path' imported but unused\n"}
[0.922173] (turtle_brick) StdoutLine: {'line': b'from ament_index_python.packages import get_package_share_path, get_package_share_directory\n'}
[0.922298] (turtle_brick) StdoutLine: {'line': b'^\n'}
[0.922375] (turtle_brick) StdoutLine: {'line': b'\n'}
[0.922446] (turtle_brick) StdoutLine: {'line': b"./launch/run_turtle.launch.py:5:1: F401 'launch.actions.DeclareLaunchArgument' imported but unused\n"}
[0.922516] (turtle_brick) StdoutLine: {'line': b'from launch.actions import DeclareLaunchArgument, IncludeLaunchDescription\n'}
[0.922598] (turtle_brick) StdoutLine: {'line': b'^\n'}
[0.922669] (turtle_brick) StdoutLine: {'line': b'\n'}
[0.922740] (turtle_brick) StdoutLine: {'line': b"./launch/run_turtle.launch.py:6:1: F401 'launch.conditions.IfCondition' imported but unused\n"}
[0.922811] (turtle_brick) StdoutLine: {'line': b'from launch.conditions import IfCondition, UnlessCondition\n'}
[0.922881] (turtle_brick) StdoutLine: {'line': b'^\n'}
[0.922950] (turtle_brick) StdoutLine: {'line': b'\n'}
[0.923019] (turtle_brick) StdoutLine: {'line': b"./launch/run_turtle.launch.py:6:1: F401 'launch.conditions.UnlessCondition' imported but unused\n"}
[0.923089] (turtle_brick) StdoutLine: {'line': b'from launch.conditions import IfCondition, UnlessCondition\n'}
[0.923185] (turtle_brick) StdoutLine: {'line': b'^\n'}
[0.923258] (turtle_brick) StdoutLine: {'line': b'\n'}
[0.923328] (turtle_brick) StdoutLine: {'line': b"./launch/run_turtle.launch.py:7:1: F401 'launch.substitutions.Command' imported but unused\n"}
[0.923399] (turtle_brick) StdoutLine: {'line': b'from launch.substitutions import Command, LaunchConfiguration, PathJoinSubstitution\n'}
[0.923469] (turtle_brick) StdoutLine: {'line': b'^\n'}
[0.923539] (turtle_brick) StdoutLine: {'line': b'\n'}
[0.923610] (turtle_brick) StdoutLine: {'line': b"./launch/run_turtle.launch.py:7:1: F401 'launch.substitutions.LaunchConfiguration' imported but unused\n"}
[0.923684] (turtle_brick) StdoutLine: {'line': b'from launch.substitutions import Command, LaunchConfiguration, PathJoinSubstitution\n'}
[0.923763] (turtle_brick) StdoutLine: {'line': b'^\n'}
[0.923833] (turtle_brick) StdoutLine: {'line': b'\n'}
[0.923902] (turtle_brick) StdoutLine: {'line': b"./launch/run_turtle.launch.py:10:1: F401 'launch_ros.parameter_descriptions.ParameterValue' imported but unused\n"}
[0.923971] (turtle_brick) StdoutLine: {'line': b'from launch_ros.parameter_descriptions import ParameterValue\n'}
[0.924053] (turtle_brick) StdoutLine: {'line': b'^\n'}
[0.924119] (turtle_brick) StdoutLine: {'line': b'\n'}
[0.924185] (turtle_brick) StdoutLine: {'line': b'./launch/run_turtle.launch.py:13:69: W291 trailing whitespace\n'}
[0.924251] (turtle_brick) StdoutLine: {'line': b'"""\n'}
[0.924329] (turtle_brick) StdoutLine: {'line': b'launches turtlesim and turtle_robot node along with all the nodes in \n'}
[0.924393] (turtle_brick) StdoutLine: {'line': b'show_turtle launch file. Also connects yaml file to turtle_robot\n'}
[0.924456] (turtle_brick) StdoutLine: {'line': b'"""\n'}
[0.924518] (turtle_brick) StdoutLine: {'line': b'   \n'}
[0.924580] (turtle_brick) StdoutLine: {'line': b'                                                                ^\n'}
[0.924643] (turtle_brick) StdoutLine: {'line': b'\n'}
[0.924718] (turtle_brick) StdoutLine: {'line': b'./launch/run_turtle.launch.py:16:1: E302 expected 2 blank lines, found 0\n'}
[0.924783] (turtle_brick) StdoutLine: {'line': b'def generate_launch_description():\n'}
[0.924846] (turtle_brick) StdoutLine: {'line': b'^\n'}
[0.925009] (turtle_brick) StdoutLine: {'line': b'\n'}
[0.925114] (turtle_brick) StdoutLine: {'line': b'./launch/run_turtle.launch.py:43:23: E251 unexpected spaces around keyword / parameter equals\n'}
[0.925191] (turtle_brick) StdoutLine: {'line': b"            remappings = [('/cmd_vel', '/turtlesim1/turtle1/cmd_vel'),],\n"}
[0.925253] (turtle_brick) StdoutLine: {'line': b'                      ^\n'}
[0.925315] (turtle_brick) StdoutLine: {'line': b'\n'}
[0.925378] (turtle_brick) StdoutLine: {'line': b'./launch/run_turtle.launch.py:43:25: E251 unexpected spaces around keyword / parameter equals\n'}
[0.925447] (turtle_brick) StdoutLine: {'line': b"            remappings = [('/cmd_vel', '/turtlesim1/turtle1/cmd_vel'),],\n"}
[0.925509] (turtle_brick) StdoutLine: {'line': b'                        ^\n'}
[0.925570] (turtle_brick) StdoutLine: {'line': b'\n'}
[0.925631] (turtle_brick) StdoutLine: {'line': b"./launch/run_turtle.launch.py:43:70: E231 missing whitespace after ','\n"}
[0.925693] (turtle_brick) StdoutLine: {'line': b"            remappings = [('/cmd_vel', '/turtlesim1/turtle1/cmd_vel'),],\n"}
[0.925754] (turtle_brick) StdoutLine: {'line': b'                                                                     ^\n'}
[0.925815] (turtle_brick) StdoutLine: {'line': b'\n'}
[0.925876] (turtle_brick) StdoutLine: {'line': b'./launch/run_turtle.launch.py:46:1: W293 blank line contains whitespace\n'}
[0.925937] (turtle_brick) StdoutLine: {'line': b'        \n'}
[0.925999] (turtle_brick) StdoutLine: {'line': b'^\n'}
[0.926060] (turtle_brick) StdoutLine: {'line': b'\n'}
[0.926120] (turtle_brick) StdoutLine: {'line': b'./launch/run_turtle.launch.py:47:7: W292 no newline at end of file\n'}
[0.926183] (turtle_brick) StdoutLine: {'line': b'    ])      ^\n'}
[0.926244] (turtle_brick) StdoutLine: {'line': b'\n'}
[0.926366] (turtle_brick) StdoutLine: {'line': b'./launch/turtle_arena.launch.py:5:27: E271 multiple spaces after keyword\n'}
[0.926430] (turtle_brick) StdoutLine: {'line': b'from launch.actions import  IncludeLaunchDescription\n'}
[0.926511] (turtle_brick) StdoutLine: {'line': b'                          ^\n'}
[0.926581] (turtle_brick) StdoutLine: {'line': b'\n'}
[0.926657] (turtle_brick) StdoutLine: {'line': b'./launch/turtle_arena.launch.py:10:61: W291 trailing whitespace\n'}
[0.926719] (turtle_brick) StdoutLine: {'line': b'"""\n'}
[0.926780] (turtle_brick) StdoutLine: {'line': b'launches arena and catcher nodes along with all the nodes in \n'}
[0.926848] (turtle_brick) StdoutLine: {'line': b'show_turtle launch file.\n'}
[0.926911] (turtle_brick) StdoutLine: {'line': b'Also connects to yaml files to arena and catcher node \n'}
[0.926974] (turtle_brick) StdoutLine: {'line': b'"""\n'}
[0.927035] (turtle_brick) StdoutLine: {'line': b'   \n'}
[0.927095] (turtle_brick) StdoutLine: {'line': b'                                                        ^\n'}
[0.927155] (turtle_brick) StdoutLine: {'line': b'\n'}
[0.927215] (turtle_brick) StdoutLine: {'line': b'./launch/turtle_arena.launch.py:12:54: W291 trailing whitespace\n'}
[0.927275] (turtle_brick) StdoutLine: {'line': b'"""\n'}
[0.927334] (turtle_brick) StdoutLine: {'line': b'launches arena and catcher nodes along with all the nodes in \n'}
[0.927394] (turtle_brick) StdoutLine: {'line': b'show_turtle launch file.\n'}
[0.927453] (turtle_brick) StdoutLine: {'line': b'Also connects to yaml files to arena and catcher node \n'}
[0.927513] (turtle_brick) StdoutLine: {'line': b'"""\n'}
[0.927573] (turtle_brick) StdoutLine: {'line': b'   \n'}
[0.927632] (turtle_brick) StdoutLine: {'line': b'                                                 ^\n'}
[0.927692] (turtle_brick) StdoutLine: {'line': b'\n'}
[0.927752] (turtle_brick) StdoutLine: {'line': b'./launch/turtle_arena.launch.py:15:1: E302 expected 2 blank lines, found 1\n'}
[0.927812] (turtle_brick) StdoutLine: {'line': b'def generate_launch_description():\n'}
[0.927872] (turtle_brick) StdoutLine: {'line': b'^\n'}
[0.927932] (turtle_brick) StdoutLine: {'line': b'\n'}
[0.927991] (turtle_brick) StdoutLine: {'line': b'./launch/turtle_arena.launch.py:44:1: W293 blank line contains whitespace\n'}
[0.928051] (turtle_brick) StdoutLine: {'line': b'        \n'}
[0.928112] (turtle_brick) StdoutLine: {'line': b'^\n'}
[0.928173] (turtle_brick) StdoutLine: {'line': b'\n'}
[0.928232] (turtle_brick) StdoutLine: {'line': b'./launch/turtle_arena.launch.py:45:7: W292 no newline at end of file\n'}
[0.928293] (turtle_brick) StdoutLine: {'line': b'    ])      ^\n'}
[0.928353] (turtle_brick) StdoutLine: {'line': b'\n'}
[0.928413] (turtle_brick) StdoutLine: {'line': b"1     E231 missing whitespace after ','\n"}
[0.928618] (turtle_brick) StdoutLine: {'line': b'2     E251 unexpected spaces around keyword / parameter equals\n'}
[0.928722] (turtle_brick) StderrLine: {'line': b'\x1b[33m=============================== warnings summary ===============================\x1b[0m\n'}
[0.928827] (turtle_brick) StderrLine: {'line': b'test/test_flake8.py::test_flake8\n'}
[0.928891] (turtle_brick) StderrLine: {'line': b'test/test_flake8.py::test_flake8\n'}
[0.928953] (turtle_brick) StderrLine: {'line': b'  Warning: SelectableGroups dict interface is deprecated. Use select.\n'}
[0.929013] (turtle_brick) StderrLine: {'line': b'\n'}
[0.929073] (turtle_brick) StderrLine: {'line': b'-- Docs: https://docs.pytest.org/en/stable/warnings.html\n'}
[0.929134] (turtle_brick) StdoutLine: {'line': b'1     E271 multiple spaces after keyword\n'}
[0.929196] (turtle_brick) StdoutLine: {'line': b'2     E302 expected 2 blank lines, found 0\n'}
[0.929273] (turtle_brick) StdoutLine: {'line': b"7     F401 'ament_index_python.packages.get_package_share_path' imported but unused\n"}
[0.929338] (turtle_brick) StdoutLine: {'line': b'4     W291 trailing whitespace\n'}
[0.929402] (turtle_brick) StdoutLine: {'line': b'2     W292 no newline at end of file\n'}
[0.929464] (turtle_brick) StdoutLine: {'line': b'2     W293 blank line contains whitespace\n'}
[0.929527] (turtle_brick) StdoutLine: {'line': b'\n'}
[0.929589] (turtle_brick) StdoutLine: {'line': b'13 files checked\n'}
[0.929652] (turtle_brick) StdoutLine: {'line': b'21 errors\n'}
[0.929713] (turtle_brick) StdoutLine: {'line': b'\n'}
[0.929794] (turtle_brick) StdoutLine: {'line': b"'E'-type errors: 6\n"}
[0.929897] (turtle_brick) StdoutLine: {'line': b"'F'-type errors: 7\n"}
[0.930006] (turtle_brick) StdoutLine: {'line': b"'W'-type errors: 8\n"}
[0.930123] (turtle_brick) StdoutLine: {'line': b'\n'}
[0.930195] (turtle_brick) StdoutLine: {'line': b'Checked files:\n'}
[0.930276] (turtle_brick) StdoutLine: {'line': b'\n'}
[0.930393] (turtle_brick) StdoutLine: {'line': b'* ./setup.py\n'}
[0.930470] (turtle_brick) StdoutLine: {'line': b'* ./turtle_brick/arena.py\n'}
[0.930545] (turtle_brick) StdoutLine: {'line': b'* ./turtle_brick/turtle_robot.py\n'}
[0.930621] (turtle_brick) StdoutLine: {'line': b'* ./turtle_brick/catcher.py\n'}
[0.930696] (turtle_brick) StdoutLine: {'line': b'* ./turtle_brick/__init__.py\n'}
[0.930770] (turtle_brick) StdoutLine: {'line': b'* ./test/math_test.py\n'}
[0.930845] (turtle_brick) StdoutLine: {'line': b'* ./test/test_flake8.py\n'}
[0.930918] (turtle_brick) StdoutLine: {'line': b'* ./test/test_copyright.py\n'}
[0.930990] (turtle_brick) StdoutLine: {'line': b'* ./test/test_pep257.py\n'}
[0.931062] (turtle_brick) StdoutLine: {'line': b'* ./test/brick.test.py\n'}
[0.931134] (turtle_brick) StdoutLine: {'line': b'* ./launch/show_turtle.launch.py\n'}
[0.931210] (turtle_brick) StdoutLine: {'line': b'* ./launch/run_turtle.launch.py\n'}
[0.931310] (turtle_brick) StdoutLine: {'line': b'* ./launch/turtle_arena.launch.py\n'}
[0.931386] (turtle_brick) StdoutLine: {'line': b'----------------------------- Captured stderr call -----------------------------\n'}
[0.931463] (turtle_brick) StdoutLine: {'line': b'option --max-complexity: please update from optparse string `type=` to argparse callable `type=` -- this will be an error in the future\n'}
[0.931541] (turtle_brick) StdoutLine: {'line': b'\x1b[31m\x1b[1m_________________________________ test_pep257 __________________________________\x1b[0m\n'}
[0.931625] (turtle_brick) StdoutLine: {'line': b'\x1b[1m\x1b[31mtest/test_pep257.py\x1b[0m:23: in test_pep257\n'}
[0.931700] (turtle_brick) StdoutLine: {'line': b"    \x1b[94massert\x1b[39;49;00m rc == \x1b[94m0\x1b[39;49;00m, \x1b[33m'\x1b[39;49;00m\x1b[33mFound code style errors / warnings\x1b[39;49;00m\x1b[33m'\x1b[39;49;00m\n"}
[0.931777] (turtle_brick) StdoutLine: {'line': b'\x1b[1m\x1b[31mE   AssertionError: Found code style errors / warnings\x1b[0m\n'}
[0.931852] (turtle_brick) StdoutLine: {'line': b'\x1b[1m\x1b[31mE   assert 1 == 0\x1b[0m\n'}
[0.931927] (turtle_brick) StdoutLine: {'line': b'----------------------------- Captured stdout call -----------------------------\n'}
[0.932008] (turtle_brick) StdoutLine: {'line': b'checking ./launch/run_turtle.launch.py\n'}
[0.932083] (turtle_brick) StdoutLine: {'line': b'checking ./launch/show_turtle.launch.py\n'}
[0.932158] (turtle_brick) StdoutLine: {'line': b'checking ./launch/turtle_arena.launch.py\n'}
[0.932231] (turtle_brick) StdoutLine: {'line': b'checking ./setup.py\n'}
[0.932317] (turtle_brick) StdoutLine: {'line': b'checking ./test/brick.test.py\n'}
[0.932387] (turtle_brick) StdoutLine: {'line': b'checking ./test/math_test.py\n'}
[0.932458] (turtle_brick) StdoutLine: {'line': b'checking ./test/test_copyright.py\n'}
[0.932529] (turtle_brick) StdoutLine: {'line': b'checking ./test/test_flake8.py\n'}
[0.932600] (turtle_brick) StdoutLine: {'line': b'checking ./test/test_pep257.py\n'}
[0.932684] (turtle_brick) StdoutLine: {'line': b'checking ./turtle_brick/__init__.py\n'}
[0.932763] (turtle_brick) StdoutLine: {'line': b'checking ./turtle_brick/arena.py\n'}
[0.932835] (turtle_brick) StdoutLine: {'line': b'./turtle_brick/arena.py:16 in public class `BState`: D204: 1 blank line required after class docstring (found 0)\n'}
[0.932966] (turtle_brick) StdoutLine: {'line': b'./turtle_brick/arena.py:16 in public class `BState`: D205: 1 blank line required between summary line and description (found 0)\n'}
[0.933081] (turtle_brick) StdoutLine: {'line': b'./turtle_brick/arena.py:16 in public class `BState`: D208: Docstring is over-indented\n'}
[0.933192] (turtle_brick) StdoutLine: {'line': b'./turtle_brick/arena.py:16 in public class `BState`: D210: No whitespaces allowed surrounding docstring text\n'}
[0.933343] (turtle_brick) StdoutLine: {'line': b'./turtle_brick/arena.py:16 in public class `BState`: D213: Multi-line docstring summary should start at the second line\n'}
[0.933494] (turtle_brick) StdoutLine: {'line': b'./turtle_brick/arena.py:29 in public class `Arena`: D204: 1 blank line required after class docstring (found 0)\n'}
[0.933637] (turtle_brick) StdoutLine: {'line': b'./turtle_brick/arena.py:29 in public class `Arena`: D205: 1 blank line required between summary line and description (found 0)\n'}
[0.933777] (turtle_brick) StdoutLine: {'line': b'checking ./turtle_brick/catcher.py\n'}
[0.933917] (turtle_brick) StdoutLine: {'line': b'./turtle_brick/catcher.py:13 in public class `State`: D204: 1 blank line required after class docstring (found 0)\n'}
[0.934058] (turtle_brick) StdoutLine: {'line': b'./turtle_brick/catcher.py:13 in public class `State`: D205: 1 blank line required between summary line and description (found 0)\n'}
[0.934199] (turtle_brick) StdoutLine: {'line': b"./turtle_brick/catcher.py:13 in public class `State`: D400: First line should end with a period (not 't')\n"}
[0.934354] (turtle_brick) StdoutLine: {'line': b"./turtle_brick/catcher.py:13 in public class `State`: D415: First line should end with a period, question mark, or exclamation point (not 't')\n"}
[0.934483] (turtle_brick) StdoutLine: {'line': b'./turtle_brick/catcher.py:23 in public class `Catcher`: D205: 1 blank line required between summary line and description (found 0)\n'}
[0.934610] (turtle_brick) StdoutLine: {'line': b"./turtle_brick/catcher.py:23 in public class `Catcher`: D400: First line should end with a period (not 't')\n"}
[0.934737] (turtle_brick) StdoutLine: {'line': b"./turtle_brick/catcher.py:23 in public class `Catcher`: D415: First line should end with a period, question mark, or exclamation point (not 't')\n"}
[0.934863] (turtle_brick) StdoutLine: {'line': b'checking ./turtle_brick/turtle_robot.py\n'}
[0.934989] (turtle_brick) StdoutLine: {'line': b'./turtle_brick/turtle_robot.py:14 in public class `Turtle_robot`: D204: 1 blank line required after class docstring (found 0)\n'}
[0.935116] (turtle_brick) StdoutLine: {'line': b'./turtle_brick/turtle_robot.py:14 in public class `Turtle_robot`: D205: 1 blank line required between summary line and description (found 0)\n'}
[0.935242] (turtle_brick) StdoutLine: {'line': b'checking test/brick.test.py\n'}
[0.935390] (turtle_brick) StdoutLine: {'line': b'checking test/math_test.py\n'}
[0.935513] (turtle_brick) StdoutLine: {'line': b'checking test/test_copyright.py\n'}
[0.935634] (turtle_brick) StdoutLine: {'line': b'checking test/test_flake8.py\n'}
[0.935756] (turtle_brick) StdoutLine: {'line': b'checking test/test_pep257.py\n'}
[0.935879] (turtle_brick) StdoutLine: {'line': b'16 errors\n'}
[0.936000] (turtle_brick) StdoutLine: {'line': b'- generated xml file: /home/alyssa/homework2-alyssa225/build/turtle_brick/pytest.xml -\n'}
[0.936123] (turtle_brick) StdoutLine: {'line': b'=========================== short test summary info ============================\n'}
[0.936245] (turtle_brick) StdoutLine: {'line': b'FAILED test/test_flake8.py::test_flake8 - AssertionError: Found 21 code style...\n'}
[0.936368] (turtle_brick) StdoutLine: {'line': b'FAILED test/test_pep257.py::test_pep257 - AssertionError: Found code style er...\n'}
[0.936491] (turtle_brick) StdoutLine: {'line': b'\x1b[31m============== \x1b[31m\x1b[1m2 failed\x1b[0m, \x1b[32m1 passed\x1b[0m, \x1b[33m1 skipped\x1b[0m, \x1b[33m2 warnings\x1b[0m\x1b[31m in 0.39s\x1b[0m\x1b[31m ==============\x1b[0m\n'}
[0.996473] (turtle_brick) CommandEnded: {'returncode': 1}
[0.996963] (turtle_brick) TestFailure: {'identifier': 'turtle_brick'}
[0.997076] (turtle_brick) JobEnded: {'identifier': 'turtle_brick', 'rc': 0}
[0.998011] (-) EventReactorShutdown: {}
