[0.306s] Invoking command in '/home/alyssa/homework2-alyssa225/src/turtle_brick': AMENT_PREFIX_PATH=/home/alyssa/homework2-alyssa225/install/turtle_brick:/home/alyssa/homework2-alyssa225/install/turtle_brick_interfaces:/opt/ros/humble PYTEST_ADDOPTS=--tb=short --junit-xml=/home/alyssa/homework2-alyssa225/build/turtle_brick/pytest.xml --junit-prefix=turtle_brick -o cache_dir=/home/alyssa/homework2-alyssa225/build/turtle_brick/.pytest_cache PYTHONPATH=/home/alyssa/homework2-alyssa225/install/turtle_brick/lib/python3.10/site-packages:/home/alyssa/homework2-alyssa225/install/turtle_brick_interfaces/local/lib/python3.10/dist-packages:/opt/ros/humble/lib/python3.10/site-packages:/opt/ros/humble/local/lib/python3.10/dist-packages /usr/bin/python3 -m pytest
[0.663s] [1m============================= test session starts ==============================[0m
[0.663s] platform linux -- Python 3.10.6, pytest-6.2.5, py-1.10.0, pluggy-0.13.0
[0.670s] cachedir: /home/alyssa/homework2-alyssa225/build/turtle_brick/.pytest_cache
[0.670s] rootdir: /home/alyssa/homework2-alyssa225/src/turtle_brick
[0.671s] plugins: ament-lint-0.12.4, ament-xmllint-0.12.4, launch-testing-ros-0.19.3, launch-testing-1.0.2, ament-flake8-0.12.4, ament-pep257-0.12.4, ament-copyright-0.12.4, colcon-core-0.10.0, cov-3.0.0
[0.761s] [1mcollecting ... [0m[1m
[0.761s] collected 4 items                                                              [0m
[0.761s] 
[0.773s] test/math_test.py [32m.[0m[32m                                                      [ 25%][0m
[0.775s] test/test_copyright.py [33ms[0m[32m                                                 [ 50%][0m
[0.997s] test/test_flake8.py [31mF[0m[31m                                                    [ 75%][0m
[1.077s] test/test_pep257.py [31mF[0m[31m                                                    [100%][0m
[1.077s] 
[1.077s] =================================== FAILURES ===================================
[1.077s] [31m[1m_________________________________ test_flake8 __________________________________[0m
[1.078s] [1m[31mtest/test_flake8.py[0m:23: in test_flake8
[1.116s]     [94massert[39;49;00m rc == [94m0[39;49;00m, \
[1.117s] [1m[31mE   AssertionError: Found 5 code style errors / warnings:[0m
[1.117s] [1m[31mE     ./turtle_brick/arena.py:24:1: W293 blank line contains whitespace[0m
[1.117s] [1m[31mE     ./turtle_brick/arena.py:38:1: W293 blank line contains whitespace[0m
[1.117s] [1m[31mE     ./turtle_brick/arena.py:51:1: W293 blank line contains whitespace[0m
[1.118s] [1m[31mE     ./turtle_brick/turtle_robot.py:17:1: W293 blank line contains whitespace[0m
[1.118s] [1m[31mE     ./turtle_brick/catcher.py:30:1: W293 blank line contains whitespace[0m
[1.118s] [1m[31mE   assert 1 == 0[0m
[1.118s] ----------------------------- Captured stdout call -----------------------------
[1.118s] 
[1.118s] ./turtle_brick/arena.py:24:1: W293 blank line contains whitespace
[1.119s]     
[1.119s] ^
[1.119s] 
[1.119s] ./turtle_brick/arena.py:38:1: W293 blank line contains whitespace
[1.119s]     """
[1.119s] 
[1.120s]     Creates the arena and places brick when called in command line.
[1.120s]     Will drop the robot when called in command line.
[1.120s]         -if robot is underneath the brick, the brick will land on the robot
[1.120s]         -if nothing is under brick, brick will land on ground
[1.120s]     
[1.120s]     SUBSCRIPTIONS:
[1.121s]         -robot_sub: continuous robot position
[1.121s]     PUBLISHERS:
[1.121s]         -marker_pub: publishes walls and brick
[1.121s]         -drop_pub: sends placement, drop coordinates
[1.121s]         -platform_pub: sends true if platform is under brick
[1.121s]     SERVICES:
[1.122s]         -Place: place brick at x, y, z location
[1.122s]         -Drop: Empty drops brick
[1.122s]     TRANSFORMS:
[1.122s]         -world_brick: connects brick to world
[1.122s]     """
[1.122s] ^
[1.122s] 
[1.123s] ./turtle_brick/arena.py:51:1: W293 blank line contains whitespace
[1.123s]     
[1.123s] ^
[1.123s] 
[1.123s] ./turtle_brick/turtle_robot.py:17:1: W293 blank line contains whitespace
[1.123s]     """
[1.123s]     Creates the turtle_robot and controls joint and translation movements.
[1.124s]     Additionally, places it in the world and connects to turtlesim.
[1.124s]     
[1.124s]     SUBSCRIPTIONS:
[1.124s]         -goal_sub: subscribes to goal_sub and
[1.124s]             recieves the positions that will
[1.124s]             calculate movement towards goal_pose
[1.125s]         -tilt_sub: subscribes to tilt and will
[1.125s]             recieve the angle that the robot platform will tilt to
[1.125s]     PUBLISHERS:
[1.125s]         -joint_state: publishes joint angles of the turtle_robot
[1.125s]         -odom_pub: sends positions and twists
[1.125s]         -vel_pub: sends twist to cmd_vel
[1.125s]         -robot_pub: sends continuous robot pose
[1.126s]             # also just relized I could have potentially taken from odom publisher
[1.126s]             # instead of creating a whole new object and publisher, but too late now
[1.126s]     TRANSFORMS:
[1.126s]         -world_odom: connects odom frame to world frame
[1.126s]         -odom_base_link: connects base_link frame to odom frame
[1.126s]     """
[1.126s] ^
[1.127s] 
[1.127s] ./turtle_brick/catcher.py:30:1: W293 blank line contains whitespace
[1.127s]     """
[1.127s]     Calculates if robot can catch placed brick in time or not.
[1.127s]     -If it can catch, robot travels to drop location, catches brick,
[1.127s]         travels back to origin, and tilts brick off
[1.128s]     -If the robot can't reach brick in time, the screen publishes "UNREACHABLE",
[1.128s]         and lets brick fall to ground
[1.128s]     
[1.128s]     SUBSCRIPTIONS:
[1.128s]         -robot_sub:continuous robot position
[1.128s]         -drop_sub: gets placed brick position and sends if drop service is called
[1.129s]         -catch_sub: gets True the brick is caught on the platform
[1.129s]     PUBLISHERS:
[1.129s]         -goal_pose: send pose to turtle robot
[1.129s]         -tilt: send tilt angle to platform on turtle robot
[1.129s]         -text marker: publishes "UNREACHABLE" if robot can't reach in time
[1.129s]     """
[1.130s] ^
[1.130s] 
[1.130s] 5     W293 blank line contains whitespace
[1.130s] 
[1.130s] 13 files checked
[1.130s] 5 errors
[1.130s] 
[1.131s] 'W'-type errors: 5
[1.131s] 
[1.131s] Checked files:
[1.131s] 
[1.131s] * ./setup.py
[1.131s] * ./turtle_brick/arena.py
[1.131s] * ./turtle_brick/turtle_robot.py
[1.132s] * ./turtle_brick/catcher.py
[1.132s] * ./turtle_brick/__init__.py
[1.132s] * ./test/math_test.py
[1.132s] * ./test/test_flake8.py
[1.132s] * ./test/test_copyright.py
[1.133s] * ./test/test_pep257.py
[1.133s] * ./test/brick.test.py
[1.133s] * ./launch/show_turtle.launch.py
[1.133s] * ./launch/run_turtle.launch.py
[1.133s] * ./launch/turtle_arena.launch.py
[1.133s] ----------------------------- Captured stderr call -----------------------------
[1.133s] option --max-complexity: please update from optparse string `type=` to argparse callable `type=` -- this will be an error in the future
[1.134s] [31m[1m_________________________________ test_pep257 __________________________________[0m
[1.134s] [1m[31mtest/test_pep257.py[0m:23: in test_pep257
[1.134s]     [94massert[39;49;00m rc == [94m0[39;49;00m, [33m'[39;49;00m[33mFound code style errors / warnings[39;49;00m[33m'[39;49;00m
[1.134s] [1m[31mE   AssertionError: Found code style errors / warnings[0m
[1.134s] [1m[31mE   assert 1 == 0[0m
[1.134s] ----------------------------- Captured stdout call -----------------------------
[1.135s] checking ./launch/run_turtle.launch.py
[1.135s] checking ./launch/show_turtle.launch.py
[1.135s] checking ./launch/turtle_arena.launch.py
[1.135s] checking ./setup.py
[1.135s] checking ./test/brick.test.py
[1.135s] checking ./test/math_test.py
[1.135s] checking ./test/test_copyright.py
[1.135s] checking ./test/test_flake8.py
[1.136s] checking ./test/test_pep257.py
[1.136s] checking ./turtle_brick/__init__.py
[1.136s] checking ./turtle_brick/arena.py
[1.136s] ./turtle_brick/arena.py:16 in public class `BState`: D205: 1 blank line required between summary line and description (found 0)
[1.136s] ./turtle_brick/arena.py:32 in public class `Arena`: D205: 1 blank line required between summary line and description (found 0)
[1.136s] checking ./turtle_brick/catcher.py
[1.136s] ./turtle_brick/catcher.py:13 in public class `State`: D204: 1 blank line required after class docstring (found 0)
[1.137s] ./turtle_brick/catcher.py:24 in public class `Catcher`: D205: 1 blank line required between summary line and description (found 0)
[1.137s] checking ./turtle_brick/turtle_robot.py
[1.137s] ./turtle_brick/turtle_robot.py:14 in public class `Turtle_robot`: D204: 1 blank line required after class docstring (found 0)
[1.137s] ./turtle_brick/turtle_robot.py:14 in public class `Turtle_robot`: D205: 1 blank line required between summary line and description (found 0)
[1.137s] checking test/brick.test.py
[1.137s] checking test/math_test.py
[1.137s] checking test/test_copyright.py
[1.137s] checking test/test_flake8.py
[1.137s] checking test/test_pep257.py
[1.138s] 6 errors
[1.138s] [33m=============================== warnings summary ===============================[0m
[1.138s] - generated xml file: /home/alyssa/homework2-alyssa225/build/turtle_brick/pytest.xml -
[1.138s] test/test_flake8.py::test_flake8
[1.138s] test/test_flake8.py::test_flake8
[1.138s]   Warning: SelectableGroups dict interface is deprecated. Use select.
[1.138s] 
[1.138s] -- Docs: https://docs.pytest.org/en/stable/warnings.html
[1.139s] =========================== short test summary info ============================
[1.139s] FAILED test/test_flake8.py::test_flake8 - AssertionError: Found 5 code style ...
[1.139s] FAILED test/test_pep257.py::test_pep257 - AssertionError: Found code style er...
[1.139s] [31m============== [31m[1m2 failed[0m, [32m1 passed[0m, [33m1 skipped[0m, [33m2 warnings[0m[31m in 0.46s[0m[31m ==============[0m
[1.192s] Invoked command in '/home/alyssa/homework2-alyssa225/src/turtle_brick' returned '1': AMENT_PREFIX_PATH=/home/alyssa/homework2-alyssa225/install/turtle_brick:/home/alyssa/homework2-alyssa225/install/turtle_brick_interfaces:/opt/ros/humble PYTEST_ADDOPTS=--tb=short --junit-xml=/home/alyssa/homework2-alyssa225/build/turtle_brick/pytest.xml --junit-prefix=turtle_brick -o cache_dir=/home/alyssa/homework2-alyssa225/build/turtle_brick/.pytest_cache PYTHONPATH=/home/alyssa/homework2-alyssa225/install/turtle_brick/lib/python3.10/site-packages:/home/alyssa/homework2-alyssa225/install/turtle_brick_interfaces/local/lib/python3.10/dist-packages:/opt/ros/humble/lib/python3.10/site-packages:/opt/ros/humble/local/lib/python3.10/dist-packages /usr/bin/python3 -m pytest
