<?xml version="1.0" encoding="utf-8"?><testsuites><testsuite name="pytest" errors="0" failures="0" skipped="1" tests="4" time="0.341" timestamp="2022-10-21T21:36:55.554283" hostname="alyssa-Galago-Pro"><testcase classname="turtle_brick.test.math_test" name="test_math_succss" time="0.001" /><testcase classname="turtle_brick.test.test_copyright" name="test_copyright" time="0.000"><skipped type="pytest.skip" message="No copyright header has been placed in the generated source file.">/home/alyssa/homework2-alyssa225/src/turtle_brick/test/test_copyright.py:20: No copyright header has been placed in the generated source file.</skipped></testcase><testcase classname="turtle_brick.test.test_flake8" name="test_flake8" time="0.180" /><testcase classname="turtle_brick.test.test_pep257" name="test_pep257" time="0.070" /></testsuite></testsuites>