<?xml version="1.0" encoding="utf-8"?><testsuites><testsuite name="pytest" errors="0" failures="2" skipped="1" tests="3" time="0.405" timestamp="2022-10-18T20:25:58.035459" hostname="alyssa-Galago-Pro"><testcase classname="turtle_brick.test.test_copyright" name="test_copyright" time="0.001"><skipped type="pytest.skip" message="No copyright header has been placed in the generated source file.">/home/alyssa/homework2-alyssa225/src/turtle_brick/test/test_copyright.py:20: No copyright header has been placed in the generated source file.</skipped></testcase><testcase classname="turtle_brick.test.test_flake8" name="test_flake8" time="0.178"><failure message="AssertionError: Found 198 code style errors / warnings:&#10;  ./setup.py:3:1: F401 'setuptools.find_packages' imported but unused&#10;  ./setup.py:14:100: E501 line too long (141 &gt; 99 characters)&#10;  ./setup.py:18:43: E231 missing whitespace after ','&#10;  ./setup.py:24:28: E231 missing whitespace after ','&#10;  ./turtle_brick/arena.py:18:1: F401 'tf2_ros.static_transform_broadcaster.StaticTransformBroadcaster' imported but unused&#10;  ./turtle_brick/arena.py:22:1: F401 'math.pi' imported but unused&#10;  ./turtle_brick/arena.py:23:1: F401 'turtle_brick_interfaces.srv.Drop' imported but unused&#10;  ./turtle_brick/arena.py:24:42: W291 trailing whitespace&#10;  ./turtle_brick/arena.py:26:1: F401 'visualization_msgs.msg.MarkerArray' imported but unused&#10;  ./turtle_brick/arena.py:27:1: F401 'math' imported but unused&#10;  ./turtle_brick/arena.py:29:1: E265 block comment should start with '# '&#10;  ./turtle_brick/arena.py:32:1: E302 expected 2 blank lines, found 1&#10;  ./turtle_brick/arena.py:39:1: E302 expected 2 blank lines, found 1&#10;  ./turtle_brick/arena.py:45:9: E265 block comment should start with '# '&#10;  ./turtle_brick/arena.py:46:33: W291 trailing whitespace&#10;  ./turtle_brick/arena.py:51:32: E231 missing whitespace after ','&#10;  ./turtle_brick/arena.py:52:27: E231 missing whitespace after ','&#10;  ./turtle_brick/arena.py:59:9: E265 block comment should start with '# '&#10;  ./turtle_brick/arena.py:68:1: W293 blank line contains whitespace&#10;  ./turtle_brick/arena.py:69:9: E265 block comment should start with '# '&#10;  ./turtle_brick/arena.py:70:47: E231 missing whitespace after ','&#10;  ./turtle_brick/arena.py:70:55: E231 missing whitespace after ','&#10;  ./turtle_brick/arena.py:71:46: E231 missing whitespace after ','&#10;  ./turtle_brick/arena.py:71:53: E231 missing whitespace after ','&#10;  ./turtle_brick/arena.py:74:55: E231 missing whitespace after ','&#10;  ./turtle_brick/arena.py:74:64: E231 missing whitespace after ','&#10;  ./turtle_brick/arena.py:81:9: F841 local variable 'count' is assigned to but never used&#10;  ./turtle_brick/arena.py:84:9: E265 block comment should start with '# '&#10;  ./turtle_brick/arena.py:101:9: E265 block comment should start with '# '&#10;  ./turtle_brick/arena.py:195:9: E303 too many blank lines (2)&#10;  ./turtle_brick/arena.py:195:9: E265 block comment should start with '# '&#10;  ./turtle_brick/arena.py:198:26: W291 trailing whitespace&#10;  ./turtle_brick/arena.py:206:37: E231 missing whitespace after ','&#10;  ./turtle_brick/arena.py:212:56: W291 trailing whitespace&#10;  ./turtle_brick/arena.py:217:36: E231 missing whitespace after ','&#10;  ./turtle_brick/arena.py:222:9: E265 block comment should start with '# '&#10;  ./turtle_brick/arena.py:224:1: W293 blank line contains whitespace&#10;  ./turtle_brick/arena.py:225:9: E265 block comment should start with '# '&#10;  ./turtle_brick/arena.py:231:9: E265 block comment should start with '# '&#10;  ./turtle_brick/arena.py:233:63: W291 trailing whitespace&#10;  ./turtle_brick/arena.py:234:1: W293 blank line contains whitespace&#10;  ./turtle_brick/arena.py:236:9: E303 too many blank lines (2)&#10;  ./turtle_brick/arena.py:236:9: E265 block comment should start with '# '&#10;  ./turtle_brick/arena.py:236:30: W291 trailing whitespace&#10;  ./turtle_brick/arena.py:241:42: E225 missing whitespace around operator&#10;  ./turtle_brick/arena.py:242:65: E261 at least two spaces before inline comment&#10;  ./turtle_brick/arena.py:242:66: E262 inline comment should start with '# '&#10;  ./turtle_brick/arena.py:242:100: E501 line too long (100 &gt; 99 characters)&#10;  ./turtle_brick/arena.py:243:36: E261 at least two spaces before inline comment&#10;  ./turtle_brick/arena.py:243:37: E262 inline comment should start with '# '&#10;  ./turtle_brick/arena.py:243:75: W291 trailing whitespace&#10;  ./turtle_brick/arena.py:244:35: W291 trailing whitespace&#10;  ./turtle_brick/arena.py:248:13: E265 block comment should start with '# '&#10;  ./turtle_brick/arena.py:249:13: E265 block comment should start with '# '&#10;  ./turtle_brick/arena.py:250:13: E265 block comment should start with '# '&#10;  ./turtle_brick/arena.py:250:42: W291 trailing whitespace&#10;  ./turtle_brick/arena.py:255:1: W293 blank line contains whitespace&#10;  ./turtle_brick/arena.py:256:9: E303 too many blank lines (2)&#10;  ./turtle_brick/arena.py:266:9: E225 missing whitespace around operator&#10;  ./turtle_brick/arena.py:268:19: W291 trailing whitespace&#10;  ./turtle_brick/arena.py:269:1: W391 blank line at end of file&#10;  ./turtle_brick/turtle_robot.py:5:1: F401 'tokenize.Double' imported but unused&#10;  ./turtle_brick/turtle_robot.py:5:1: F401 'tokenize.String' imported but unused&#10;  ./turtle_brick/turtle_robot.py:12:34: W291 trailing whitespace&#10;  ./turtle_brick/turtle_robot.py:14:1: F401 'turtlesim.msg.Pose' imported but unused&#10;  ./turtle_brick/turtle_robot.py:15:1: F401 'visualization_msgs.msg.Marker' imported but unused&#10;  ./turtle_brick/turtle_robot.py:15:42: W291 trailing whitespace&#10;  ./turtle_brick/turtle_robot.py:16:45: W291 trailing whitespace&#10;  ./turtle_brick/turtle_robot.py:17:12: W291 trailing whitespace&#10;  ./turtle_brick/turtle_robot.py:18:1: E265 block comment should start with '# '&#10;  ./turtle_brick/turtle_robot.py:21:19: E261 at least two spaces before inline comment&#10;  ./turtle_brick/turtle_robot.py:21:19: E262 inline comment should start with '# '&#10;  ./turtle_brick/turtle_robot.py:22:1: W293 blank line contains whitespace&#10;  ./turtle_brick/turtle_robot.py:23:5: E265 block comment should start with '# '&#10;  ./turtle_brick/turtle_robot.py:24:5: E265 block comment should start with '# '&#10;  ./turtle_brick/turtle_robot.py:26:1: W293 blank line contains whitespace&#10;  ./turtle_brick/turtle_robot.py:27:1: E302 expected 2 blank lines, found 1&#10;  ./turtle_brick/turtle_robot.py:37:24: E251 unexpected spaces around keyword / parameter equals&#10;  ./turtle_brick/turtle_robot.py:37:26: E251 unexpected spaces around keyword / parameter equals&#10;  ./turtle_brick/turtle_robot.py:37:36: E251 unexpected spaces around keyword / parameter equals&#10;  ./turtle_brick/turtle_robot.py:37:38: E251 unexpected spaces around keyword / parameter equals&#10;  ./turtle_brick/turtle_robot.py:37:46: E251 unexpected spaces around keyword / parameter equals&#10;  ./turtle_brick/turtle_robot.py:37:48: E251 unexpected spaces around keyword / parameter equals&#10;  ./turtle_brick/turtle_robot.py:37:56: E251 unexpected spaces around keyword / parameter equals&#10;  ./turtle_brick/turtle_robot.py:37:58: E251 unexpected spaces around keyword / parameter equals&#10;  ./turtle_brick/turtle_robot.py:38:17: E128 continuation line under-indented for visual indent&#10;  ./turtle_brick/turtle_robot.py:38:24: E251 unexpected spaces around keyword / parameter equals&#10;  ./turtle_brick/turtle_robot.py:38:26: E251 unexpected spaces around keyword / parameter equals&#10;  ./turtle_brick/turtle_robot.py:38:36: E251 unexpected spaces around keyword / parameter equals&#10;  ./turtle_brick/turtle_robot.py:38:38: E251 unexpected spaces around keyword / parameter equals&#10;  ./turtle_brick/turtle_robot.py:38:45: E251 unexpected spaces around keyword / parameter equals&#10;  ./turtle_brick/turtle_robot.py:38:47: E251 unexpected spaces around keyword / parameter equals&#10;  ./turtle_brick/turtle_robot.py:38:54: E251 unexpected spaces around keyword / parameter equals&#10;  ./turtle_brick/turtle_robot.py:38:56: E251 unexpected spaces around keyword / parameter equals&#10;  ./turtle_brick/turtle_robot.py:40:1: E302 expected 2 blank lines, found 1&#10;  ./turtle_brick/turtle_robot.py:45:9: E265 block comment should start with '# '&#10;  ./turtle_brick/turtle_robot.py:46:33: W291 trailing whitespace&#10;  ./turtle_brick/turtle_robot.py:51:32: E231 missing whitespace after ','&#10;  ./turtle_brick/turtle_robot.py:52:27: E231 missing whitespace after ','&#10;  ./turtle_brick/turtle_robot.py:62:65: E231 missing whitespace after ','&#10;  ./turtle_brick/turtle_robot.py:62:81: E231 missing whitespace after ','&#10;  ./turtle_brick/turtle_robot.py:63:55: E231 missing whitespace after ','&#10;  ./turtle_brick/turtle_robot.py:63:62: E231 missing whitespace after ','&#10;  ./turtle_brick/turtle_robot.py:64:51: E231 missing whitespace after ','&#10;  ./turtle_brick/turtle_robot.py:64:62: E231 missing whitespace after ','&#10;  ./turtle_brick/turtle_robot.py:66:61: E231 missing whitespace after ','&#10;  ./turtle_brick/turtle_robot.py:66:74: E231 missing whitespace after ','&#10;  ./turtle_brick/turtle_robot.py:66:93: E231 missing whitespace after ','&#10;  ./turtle_brick/turtle_robot.py:67:54: E231 missing whitespace after ','&#10;  ./turtle_brick/turtle_robot.py:67:61: E231 missing whitespace after ','&#10;  ./turtle_brick/turtle_robot.py:67:80: E231 missing whitespace after ','&#10;  ./turtle_brick/turtle_robot.py:69:53: W291 trailing whitespace&#10;  ./turtle_brick/turtle_robot.py:73:1: W293 blank line contains whitespace&#10;  ./turtle_brick/turtle_robot.py:82:9: E265 block comment should start with '# '&#10;  ./turtle_brick/turtle_robot.py:82:19: W291 trailing whitespace&#10;  ./turtle_brick/turtle_robot.py:83:28: W291 trailing whitespace&#10;  ./turtle_brick/turtle_robot.py:100:9: E265 block comment should start with '# '&#10;  ./turtle_brick/turtle_robot.py:110:1: W293 blank line contains whitespace&#10;  ./turtle_brick/turtle_robot.py:111:27: E231 missing whitespace after ','&#10;  ./turtle_brick/turtle_robot.py:112:83: E231 missing whitespace after ','&#10;  ./turtle_brick/turtle_robot.py:112:100: E501 line too long (128 &gt; 99 characters)&#10;  ./turtle_brick/turtle_robot.py:112:103: E231 missing whitespace after ','&#10;  ./turtle_brick/turtle_robot.py:112:127: E202 whitespace before ')'&#10;  ./turtle_brick/turtle_robot.py:122:27: E231 missing whitespace after ','&#10;  ./turtle_brick/turtle_robot.py:123:88: E202 whitespace before ')'&#10;  ./turtle_brick/turtle_robot.py:126:5: E303 too many blank lines (2)&#10;  ./turtle_brick/turtle_robot.py:130:46: E231 missing whitespace after ','&#10;  ./turtle_brick/turtle_robot.py:130:58: E231 missing whitespace after ','&#10;  ./turtle_brick/turtle_robot.py:132:68: W291 trailing whitespace&#10;  ./turtle_brick/turtle_robot.py:133:68: W291 trailing whitespace&#10;  ./turtle_brick/turtle_robot.py:134:1: W293 blank line contains whitespace&#10;  ./turtle_brick/turtle_robot.py:140:9: E265 block comment should start with '# '&#10;  ./turtle_brick/turtle_robot.py:141:1: W293 blank line contains whitespace&#10;  ./turtle_brick/turtle_robot.py:142:42: W291 trailing whitespace&#10;  ./turtle_brick/turtle_robot.py:143:38: W291 trailing whitespace&#10;  ./turtle_brick/turtle_robot.py:145:9: E265 block comment should start with '# '&#10;  ./turtle_brick/turtle_robot.py:145:22: W291 trailing whitespace&#10;  ./turtle_brick/turtle_robot.py:146:56: W291 trailing whitespace&#10;  ./turtle_brick/turtle_robot.py:169:1: W293 blank line contains whitespace&#10;  ./turtle_brick/turtle_robot.py:170:1: W293 blank line contains whitespace&#10;  ./turtle_brick/turtle_robot.py:172:1: E303 too many blank lines (4)&#10;  ./turtle_brick/turtle_robot.py:174:16: E225 missing whitespace around operator&#10;  ./turtle_brick/turtle_robot.py:176:19: W291 trailing whitespace&#10;  ./turtle_brick/turtle_robot.py:178:1: W391 blank line at end of file&#10;  ./turtle_brick/catcher.py:17:1: F401 'tf2_ros.static_transform_broadcaster.StaticTransformBroadcaster' imported but unused&#10;  ./turtle_brick/catcher.py:18:1: F401 'tf2_ros.TransformBroadcaster' imported but unused&#10;  ./turtle_brick/catcher.py:19:1: F401 'geometry_msgs.msg.TransformStamped' imported but unused&#10;  ./turtle_brick/catcher.py:20:1: F401 'math.pi' imported but unused&#10;  ./turtle_brick/catcher.py:21:1: F401 '.quaternion.angle_axis_to_quaternion' imported but unused&#10;  ./turtle_brick/catcher.py:23:1: E265 block comment should start with '# '&#10;  ./turtle_brick/catcher.py:24:1: E265 block comment should start with '# '&#10;  ./turtle_brick/catcher.py:25:1: E265 block comment should start with '# '&#10;  ./turtle_brick/catcher.py:26:1: E265 block comment should start with '# '&#10;  ./turtle_brick/catcher.py:27:1: E302 expected 2 blank lines, found 1&#10;  ./turtle_brick/catcher.py:39:9: E265 block comment should start with '# '&#10;  ./turtle_brick/catcher.py:40:9: E265 block comment should start with '# '&#10;  ./turtle_brick/catcher.py:41:9: E265 block comment should start with '# '&#10;  ./turtle_brick/catcher.py:43:1: W293 blank line contains whitespace&#10;  ./turtle_brick/catcher.py:44:5: E265 block comment should start with '# '&#10;  ./turtle_brick/catcher.py:44:42: W291 trailing whitespace&#10;  ./turtle_brick/catcher.py:45:9: E265 block comment should start with '# '&#10;  ./turtle_brick/catcher.py:45:100: E501 line too long (105 &gt; 99 characters)&#10;  ./turtle_brick/catcher.py:46:9: E265 block comment should start with '# '&#10;  ./turtle_brick/catcher.py:47:9: E265 block comment should start with '# '&#10;  ./turtle_brick/catcher.py:48:9: E265 block comment should start with '# '&#10;  ./turtle_brick/catcher.py:49:5: E265 block comment should start with '# '&#10;  ./turtle_brick/catcher.py:49:19: W291 trailing whitespace&#10;  ./turtle_brick/catcher.py:51:27: W291 trailing whitespace&#10;  ./turtle_brick/catcher.py:53:1: W293 blank line contains whitespace&#10;  ./turtle_brick/catcher.py:64:21: W292 no newline at end of file&#10;  ./launch/show_turtle.launch.py:1:1: F401 'ament_index_python.packages.get_package_share_path' imported but unused&#10;  ./launch/show_turtle.launch.py:1:63: E231 missing whitespace after ','&#10;  ./launch/show_turtle.launch.py:5:1: F401 'launch.conditions.UnlessCondition' imported but unused&#10;  ./launch/show_turtle.launch.py:11:1: E302 expected 2 blank lines, found 1&#10;  ./launch/show_turtle.launch.py:12:22: E225 missing whitespace around operator&#10;  ./launch/show_turtle.launch.py:14:51: E225 missing whitespace around operator&#10;  ./launch/show_turtle.launch.py:15:1: W293 blank line contains whitespace&#10;  ./launch/show_turtle.launch.py:16:5: F841 local variable 'use_sim_time' is assigned to but never used&#10;  ./launch/show_turtle.launch.py:18:100: E501 line too long (115 &gt; 99 characters)&#10;  ./launch/show_turtle.launch.py:18:105: E231 missing whitespace after ','&#10;  ./launch/show_turtle.launch.py:19:37: E128 continuation line under-indented for visual indent&#10;  ./launch/show_turtle.launch.py:19:92: E261 at least two spaces before inline comment&#10;  ./launch/show_turtle.launch.py:19:92: E262 inline comment should start with '# '&#10;  ./launch/show_turtle.launch.py:22:100: E501 line too long (100 &gt; 99 characters)&#10;  ./launch/show_turtle.launch.py:36:89: E231 missing whitespace after ','&#10;  ./launch/show_turtle.launch.py:36:96: E231 missing whitespace after ','&#10;  ./launch/show_turtle.launch.py:43:56: E231 missing whitespace after ','&#10;  ./launch/show_turtle.launch.py:49:56: E231 missing whitespace after ','&#10;  ./launch/show_turtle.launch.py:68:7: W292 no newline at end of file&#10;  ./launch/run_turtle.launch.py:2:1: F401 'ament_index_python.packages.get_package_share_path' imported but unused&#10;  ./launch/run_turtle.launch.py:5:1: F401 'launch.actions.DeclareLaunchArgument' imported but unused&#10;  ./launch/run_turtle.launch.py:6:1: F401 'launch.conditions.IfCondition' imported but unused&#10;  ./launch/run_turtle.launch.py:6:1: F401 'launch.conditions.UnlessCondition' imported but unused&#10;  ./launch/run_turtle.launch.py:7:1: F401 'launch.substitutions.Command' imported but unused&#10;  ./launch/run_turtle.launch.py:7:1: F401 'launch.substitutions.LaunchConfiguration' imported but unused&#10;  ./launch/run_turtle.launch.py:10:1: F401 'launch_ros.parameter_descriptions.ParameterValue' imported but unused&#10;  ./launch/run_turtle.launch.py:43:1: W293 blank line contains whitespace&#10;  ./launch/run_turtle.launch.py:44:7: W292 no newline at end of file&#10;assert 1 == 0">test/test_flake8.py:23: in test_flake8
    assert rc == 0, \
E   AssertionError: Found 198 code style errors / warnings:
E     ./setup.py:3:1: F401 'setuptools.find_packages' imported but unused
E     ./setup.py:14:100: E501 line too long (141 &gt; 99 characters)
E     ./setup.py:18:43: E231 missing whitespace after ','
E     ./setup.py:24:28: E231 missing whitespace after ','
E     ./turtle_brick/arena.py:18:1: F401 'tf2_ros.static_transform_broadcaster.StaticTransformBroadcaster' imported but unused
E     ./turtle_brick/arena.py:22:1: F401 'math.pi' imported but unused
E     ./turtle_brick/arena.py:23:1: F401 'turtle_brick_interfaces.srv.Drop' imported but unused
E     ./turtle_brick/arena.py:24:42: W291 trailing whitespace
E     ./turtle_brick/arena.py:26:1: F401 'visualization_msgs.msg.MarkerArray' imported but unused
E     ./turtle_brick/arena.py:27:1: F401 'math' imported but unused
E     ./turtle_brick/arena.py:29:1: E265 block comment should start with '# '
E     ./turtle_brick/arena.py:32:1: E302 expected 2 blank lines, found 1
E     ./turtle_brick/arena.py:39:1: E302 expected 2 blank lines, found 1
E     ./turtle_brick/arena.py:45:9: E265 block comment should start with '# '
E     ./turtle_brick/arena.py:46:33: W291 trailing whitespace
E     ./turtle_brick/arena.py:51:32: E231 missing whitespace after ','
E     ./turtle_brick/arena.py:52:27: E231 missing whitespace after ','
E     ./turtle_brick/arena.py:59:9: E265 block comment should start with '# '
E     ./turtle_brick/arena.py:68:1: W293 blank line contains whitespace
E     ./turtle_brick/arena.py:69:9: E265 block comment should start with '# '
E     ./turtle_brick/arena.py:70:47: E231 missing whitespace after ','
E     ./turtle_brick/arena.py:70:55: E231 missing whitespace after ','
E     ./turtle_brick/arena.py:71:46: E231 missing whitespace after ','
E     ./turtle_brick/arena.py:71:53: E231 missing whitespace after ','
E     ./turtle_brick/arena.py:74:55: E231 missing whitespace after ','
E     ./turtle_brick/arena.py:74:64: E231 missing whitespace after ','
E     ./turtle_brick/arena.py:81:9: F841 local variable 'count' is assigned to but never used
E     ./turtle_brick/arena.py:84:9: E265 block comment should start with '# '
E     ./turtle_brick/arena.py:101:9: E265 block comment should start with '# '
E     ./turtle_brick/arena.py:195:9: E303 too many blank lines (2)
E     ./turtle_brick/arena.py:195:9: E265 block comment should start with '# '
E     ./turtle_brick/arena.py:198:26: W291 trailing whitespace
E     ./turtle_brick/arena.py:206:37: E231 missing whitespace after ','
E     ./turtle_brick/arena.py:212:56: W291 trailing whitespace
E     ./turtle_brick/arena.py:217:36: E231 missing whitespace after ','
E     ./turtle_brick/arena.py:222:9: E265 block comment should start with '# '
E     ./turtle_brick/arena.py:224:1: W293 blank line contains whitespace
E     ./turtle_brick/arena.py:225:9: E265 block comment should start with '# '
E     ./turtle_brick/arena.py:231:9: E265 block comment should start with '# '
E     ./turtle_brick/arena.py:233:63: W291 trailing whitespace
E     ./turtle_brick/arena.py:234:1: W293 blank line contains whitespace
E     ./turtle_brick/arena.py:236:9: E303 too many blank lines (2)
E     ./turtle_brick/arena.py:236:9: E265 block comment should start with '# '
E     ./turtle_brick/arena.py:236:30: W291 trailing whitespace
E     ./turtle_brick/arena.py:241:42: E225 missing whitespace around operator
E     ./turtle_brick/arena.py:242:65: E261 at least two spaces before inline comment
E     ./turtle_brick/arena.py:242:66: E262 inline comment should start with '# '
E     ./turtle_brick/arena.py:242:100: E501 line too long (100 &gt; 99 characters)
E     ./turtle_brick/arena.py:243:36: E261 at least two spaces before inline comment
E     ./turtle_brick/arena.py:243:37: E262 inline comment should start with '# '
E     ./turtle_brick/arena.py:243:75: W291 trailing whitespace
E     ./turtle_brick/arena.py:244:35: W291 trailing whitespace
E     ./turtle_brick/arena.py:248:13: E265 block comment should start with '# '
E     ./turtle_brick/arena.py:249:13: E265 block comment should start with '# '
E     ./turtle_brick/arena.py:250:13: E265 block comment should start with '# '
E     ./turtle_brick/arena.py:250:42: W291 trailing whitespace
E     ./turtle_brick/arena.py:255:1: W293 blank line contains whitespace
E     ./turtle_brick/arena.py:256:9: E303 too many blank lines (2)
E     ./turtle_brick/arena.py:266:9: E225 missing whitespace around operator
E     ./turtle_brick/arena.py:268:19: W291 trailing whitespace
E     ./turtle_brick/arena.py:269:1: W391 blank line at end of file
E     ./turtle_brick/turtle_robot.py:5:1: F401 'tokenize.Double' imported but unused
E     ./turtle_brick/turtle_robot.py:5:1: F401 'tokenize.String' imported but unused
E     ./turtle_brick/turtle_robot.py:12:34: W291 trailing whitespace
E     ./turtle_brick/turtle_robot.py:14:1: F401 'turtlesim.msg.Pose' imported but unused
E     ./turtle_brick/turtle_robot.py:15:1: F401 'visualization_msgs.msg.Marker' imported but unused
E     ./turtle_brick/turtle_robot.py:15:42: W291 trailing whitespace
E     ./turtle_brick/turtle_robot.py:16:45: W291 trailing whitespace
E     ./turtle_brick/turtle_robot.py:17:12: W291 trailing whitespace
E     ./turtle_brick/turtle_robot.py:18:1: E265 block comment should start with '# '
E     ./turtle_brick/turtle_robot.py:21:19: E261 at least two spaces before inline comment
E     ./turtle_brick/turtle_robot.py:21:19: E262 inline comment should start with '# '
E     ./turtle_brick/turtle_robot.py:22:1: W293 blank line contains whitespace
E     ./turtle_brick/turtle_robot.py:23:5: E265 block comment should start with '# '
E     ./turtle_brick/turtle_robot.py:24:5: E265 block comment should start with '# '
E     ./turtle_brick/turtle_robot.py:26:1: W293 blank line contains whitespace
E     ./turtle_brick/turtle_robot.py:27:1: E302 expected 2 blank lines, found 1
E     ./turtle_brick/turtle_robot.py:37:24: E251 unexpected spaces around keyword / parameter equals
E     ./turtle_brick/turtle_robot.py:37:26: E251 unexpected spaces around keyword / parameter equals
E     ./turtle_brick/turtle_robot.py:37:36: E251 unexpected spaces around keyword / parameter equals
E     ./turtle_brick/turtle_robot.py:37:38: E251 unexpected spaces around keyword / parameter equals
E     ./turtle_brick/turtle_robot.py:37:46: E251 unexpected spaces around keyword / parameter equals
E     ./turtle_brick/turtle_robot.py:37:48: E251 unexpected spaces around keyword / parameter equals
E     ./turtle_brick/turtle_robot.py:37:56: E251 unexpected spaces around keyword / parameter equals
E     ./turtle_brick/turtle_robot.py:37:58: E251 unexpected spaces around keyword / parameter equals
E     ./turtle_brick/turtle_robot.py:38:17: E128 continuation line under-indented for visual indent
E     ./turtle_brick/turtle_robot.py:38:24: E251 unexpected spaces around keyword / parameter equals
E     ./turtle_brick/turtle_robot.py:38:26: E251 unexpected spaces around keyword / parameter equals
E     ./turtle_brick/turtle_robot.py:38:36: E251 unexpected spaces around keyword / parameter equals
E     ./turtle_brick/turtle_robot.py:38:38: E251 unexpected spaces around keyword / parameter equals
E     ./turtle_brick/turtle_robot.py:38:45: E251 unexpected spaces around keyword / parameter equals
E     ./turtle_brick/turtle_robot.py:38:47: E251 unexpected spaces around keyword / parameter equals
E     ./turtle_brick/turtle_robot.py:38:54: E251 unexpected spaces around keyword / parameter equals
E     ./turtle_brick/turtle_robot.py:38:56: E251 unexpected spaces around keyword / parameter equals
E     ./turtle_brick/turtle_robot.py:40:1: E302 expected 2 blank lines, found 1
E     ./turtle_brick/turtle_robot.py:45:9: E265 block comment should start with '# '
E     ./turtle_brick/turtle_robot.py:46:33: W291 trailing whitespace
E     ./turtle_brick/turtle_robot.py:51:32: E231 missing whitespace after ','
E     ./turtle_brick/turtle_robot.py:52:27: E231 missing whitespace after ','
E     ./turtle_brick/turtle_robot.py:62:65: E231 missing whitespace after ','
E     ./turtle_brick/turtle_robot.py:62:81: E231 missing whitespace after ','
E     ./turtle_brick/turtle_robot.py:63:55: E231 missing whitespace after ','
E     ./turtle_brick/turtle_robot.py:63:62: E231 missing whitespace after ','
E     ./turtle_brick/turtle_robot.py:64:51: E231 missing whitespace after ','
E     ./turtle_brick/turtle_robot.py:64:62: E231 missing whitespace after ','
E     ./turtle_brick/turtle_robot.py:66:61: E231 missing whitespace after ','
E     ./turtle_brick/turtle_robot.py:66:74: E231 missing whitespace after ','
E     ./turtle_brick/turtle_robot.py:66:93: E231 missing whitespace after ','
E     ./turtle_brick/turtle_robot.py:67:54: E231 missing whitespace after ','
E     ./turtle_brick/turtle_robot.py:67:61: E231 missing whitespace after ','
E     ./turtle_brick/turtle_robot.py:67:80: E231 missing whitespace after ','
E     ./turtle_brick/turtle_robot.py:69:53: W291 trailing whitespace
E     ./turtle_brick/turtle_robot.py:73:1: W293 blank line contains whitespace
E     ./turtle_brick/turtle_robot.py:82:9: E265 block comment should start with '# '
E     ./turtle_brick/turtle_robot.py:82:19: W291 trailing whitespace
E     ./turtle_brick/turtle_robot.py:83:28: W291 trailing whitespace
E     ./turtle_brick/turtle_robot.py:100:9: E265 block comment should start with '# '
E     ./turtle_brick/turtle_robot.py:110:1: W293 blank line contains whitespace
E     ./turtle_brick/turtle_robot.py:111:27: E231 missing whitespace after ','
E     ./turtle_brick/turtle_robot.py:112:83: E231 missing whitespace after ','
E     ./turtle_brick/turtle_robot.py:112:100: E501 line too long (128 &gt; 99 characters)
E     ./turtle_brick/turtle_robot.py:112:103: E231 missing whitespace after ','
E     ./turtle_brick/turtle_robot.py:112:127: E202 whitespace before ')'
E     ./turtle_brick/turtle_robot.py:122:27: E231 missing whitespace after ','
E     ./turtle_brick/turtle_robot.py:123:88: E202 whitespace before ')'
E     ./turtle_brick/turtle_robot.py:126:5: E303 too many blank lines (2)
E     ./turtle_brick/turtle_robot.py:130:46: E231 missing whitespace after ','
E     ./turtle_brick/turtle_robot.py:130:58: E231 missing whitespace after ','
E     ./turtle_brick/turtle_robot.py:132:68: W291 trailing whitespace
E     ./turtle_brick/turtle_robot.py:133:68: W291 trailing whitespace
E     ./turtle_brick/turtle_robot.py:134:1: W293 blank line contains whitespace
E     ./turtle_brick/turtle_robot.py:140:9: E265 block comment should start with '# '
E     ./turtle_brick/turtle_robot.py:141:1: W293 blank line contains whitespace
E     ./turtle_brick/turtle_robot.py:142:42: W291 trailing whitespace
E     ./turtle_brick/turtle_robot.py:143:38: W291 trailing whitespace
E     ./turtle_brick/turtle_robot.py:145:9: E265 block comment should start with '# '
E     ./turtle_brick/turtle_robot.py:145:22: W291 trailing whitespace
E     ./turtle_brick/turtle_robot.py:146:56: W291 trailing whitespace
E     ./turtle_brick/turtle_robot.py:169:1: W293 blank line contains whitespace
E     ./turtle_brick/turtle_robot.py:170:1: W293 blank line contains whitespace
E     ./turtle_brick/turtle_robot.py:172:1: E303 too many blank lines (4)
E     ./turtle_brick/turtle_robot.py:174:16: E225 missing whitespace around operator
E     ./turtle_brick/turtle_robot.py:176:19: W291 trailing whitespace
E     ./turtle_brick/turtle_robot.py:178:1: W391 blank line at end of file
E     ./turtle_brick/catcher.py:17:1: F401 'tf2_ros.static_transform_broadcaster.StaticTransformBroadcaster' imported but unused
E     ./turtle_brick/catcher.py:18:1: F401 'tf2_ros.TransformBroadcaster' imported but unused
E     ./turtle_brick/catcher.py:19:1: F401 'geometry_msgs.msg.TransformStamped' imported but unused
E     ./turtle_brick/catcher.py:20:1: F401 'math.pi' imported but unused
E     ./turtle_brick/catcher.py:21:1: F401 '.quaternion.angle_axis_to_quaternion' imported but unused
E     ./turtle_brick/catcher.py:23:1: E265 block comment should start with '# '
E     ./turtle_brick/catcher.py:24:1: E265 block comment should start with '# '
E     ./turtle_brick/catcher.py:25:1: E265 block comment should start with '# '
E     ./turtle_brick/catcher.py:26:1: E265 block comment should start with '# '
E     ./turtle_brick/catcher.py:27:1: E302 expected 2 blank lines, found 1
E     ./turtle_brick/catcher.py:39:9: E265 block comment should start with '# '
E     ./turtle_brick/catcher.py:40:9: E265 block comment should start with '# '
E     ./turtle_brick/catcher.py:41:9: E265 block comment should start with '# '
E     ./turtle_brick/catcher.py:43:1: W293 blank line contains whitespace
E     ./turtle_brick/catcher.py:44:5: E265 block comment should start with '# '
E     ./turtle_brick/catcher.py:44:42: W291 trailing whitespace
E     ./turtle_brick/catcher.py:45:9: E265 block comment should start with '# '
E     ./turtle_brick/catcher.py:45:100: E501 line too long (105 &gt; 99 characters)
E     ./turtle_brick/catcher.py:46:9: E265 block comment should start with '# '
E     ./turtle_brick/catcher.py:47:9: E265 block comment should start with '# '
E     ./turtle_brick/catcher.py:48:9: E265 block comment should start with '# '
E     ./turtle_brick/catcher.py:49:5: E265 block comment should start with '# '
E     ./turtle_brick/catcher.py:49:19: W291 trailing whitespace
E     ./turtle_brick/catcher.py:51:27: W291 trailing whitespace
E     ./turtle_brick/catcher.py:53:1: W293 blank line contains whitespace
E     ./turtle_brick/catcher.py:64:21: W292 no newline at end of file
E     ./launch/show_turtle.launch.py:1:1: F401 'ament_index_python.packages.get_package_share_path' imported but unused
E     ./launch/show_turtle.launch.py:1:63: E231 missing whitespace after ','
E     ./launch/show_turtle.launch.py:5:1: F401 'launch.conditions.UnlessCondition' imported but unused
E     ./launch/show_turtle.launch.py:11:1: E302 expected 2 blank lines, found 1
E     ./launch/show_turtle.launch.py:12:22: E225 missing whitespace around operator
E     ./launch/show_turtle.launch.py:14:51: E225 missing whitespace around operator
E     ./launch/show_turtle.launch.py:15:1: W293 blank line contains whitespace
E     ./launch/show_turtle.launch.py:16:5: F841 local variable 'use_sim_time' is assigned to but never used
E     ./launch/show_turtle.launch.py:18:100: E501 line too long (115 &gt; 99 characters)
E     ./launch/show_turtle.launch.py:18:105: E231 missing whitespace after ','
E     ./launch/show_turtle.launch.py:19:37: E128 continuation line under-indented for visual indent
E     ./launch/show_turtle.launch.py:19:92: E261 at least two spaces before inline comment
E     ./launch/show_turtle.launch.py:19:92: E262 inline comment should start with '# '
E     ./launch/show_turtle.launch.py:22:100: E501 line too long (100 &gt; 99 characters)
E     ./launch/show_turtle.launch.py:36:89: E231 missing whitespace after ','
E     ./launch/show_turtle.launch.py:36:96: E231 missing whitespace after ','
E     ./launch/show_turtle.launch.py:43:56: E231 missing whitespace after ','
E     ./launch/show_turtle.launch.py:49:56: E231 missing whitespace after ','
E     ./launch/show_turtle.launch.py:68:7: W292 no newline at end of file
E     ./launch/run_turtle.launch.py:2:1: F401 'ament_index_python.packages.get_package_share_path' imported but unused
E     ./launch/run_turtle.launch.py:5:1: F401 'launch.actions.DeclareLaunchArgument' imported but unused
E     ./launch/run_turtle.launch.py:6:1: F401 'launch.conditions.IfCondition' imported but unused
E     ./launch/run_turtle.launch.py:6:1: F401 'launch.conditions.UnlessCondition' imported but unused
E     ./launch/run_turtle.launch.py:7:1: F401 'launch.substitutions.Command' imported but unused
E     ./launch/run_turtle.launch.py:7:1: F401 'launch.substitutions.LaunchConfiguration' imported but unused
E     ./launch/run_turtle.launch.py:10:1: F401 'launch_ros.parameter_descriptions.ParameterValue' imported but unused
E     ./launch/run_turtle.launch.py:43:1: W293 blank line contains whitespace
E     ./launch/run_turtle.launch.py:44:7: W292 no newline at end of file
E   assert 1 == 0</failure></testcase><testcase classname="turtle_brick.test.test_pep257" name="test_pep257" time="0.077"><failure message="AssertionError: Found code style errors / warnings&#10;assert 1 == 0">test/test_pep257.py:23: in test_pep257
    assert rc == 0, 'Found code style errors / warnings'
E   AssertionError: Found code style errors / warnings
E   assert 1 == 0</failure></testcase></testsuite></testsuites>