<?xml version="1.0" encoding="utf-8"?><testsuites><testsuite name="pytest" errors="0" failures="1" skipped="1" tests="4" time="0.548" timestamp="2022-10-20T21:10:23.802826" hostname="alyssa-Galago-Pro"><testcase classname="turtle_brick.test.math_test" name="test_math_succss" time="0.001" /><testcase classname="turtle_brick.test.test_copyright" name="test_copyright" time="0.000"><skipped type="pytest.skip" message="No copyright header has been placed in the generated source file.">/home/alyssa/homework2-alyssa225/src/turtle_brick/test/test_copyright.py:20: No copyright header has been placed in the generated source file.</skipped></testcase><testcase classname="turtle_brick.test.test_flake8" name="test_flake8" time="0.281" /><testcase classname="turtle_brick.test.test_pep257" name="test_pep257" time="0.110"><failure message="AssertionError: Found code style errors / warnings&#10;assert 1 == 0">test/test_pep257.py:23: in test_pep257
    assert rc == 0, 'Found code style errors / warnings'
E   AssertionError: Found code style errors / warnings
E   assert 1 == 0</failure></testcase></testsuite></testsuites>