[0.264s] Invoking command in '/home/alyssa/homework2-alyssa225/src/turtle_brick': AMENT_PREFIX_PATH=/home/alyssa/homework2-alyssa225/src/install/turtle_brick:${AMENT_PREFIX_PATH} PYTEST_ADDOPTS=--tb=short --junit-xml=/home/alyssa/homework2-alyssa225/src/build/turtle_brick/pytest.xml --junit-prefix=turtle_brick -o cache_dir=/home/alyssa/homework2-alyssa225/src/build/turtle_brick/.pytest_cache PYTHONPATH=/home/alyssa/homework2-alyssa225/src/install/turtle_brick/lib/python3.10/site-packages:${PYTHONPATH} /usr/bin/python3 -m pytest
[0.584s] [1m============================= test session starts ==============================[0m
[0.584s] platform linux -- Python 3.10.6, pytest-6.2.5, py-1.10.0, pluggy-0.13.0
[0.590s] cachedir: /home/alyssa/homework2-alyssa225/src/build/turtle_brick/.pytest_cache
[0.590s] rootdir: /home/alyssa/homework2-alyssa225/src/turtle_brick
[0.590s] plugins: ament-lint-0.12.4, ament-xmllint-0.12.4, launch-testing-ros-0.19.3, launch-testing-1.0.2, ament-flake8-0.12.4, ament-pep257-0.12.4, ament-copyright-0.12.4, colcon-core-0.10.0, cov-3.0.0
[0.668s] [1mcollecting ... [0m[1m
[0.668s] collected 5 items                                                              [0m
[0.669s] 
[0.823s] test/math_test.py [31mF[0m[31mF[0m[31m                                                     [ 40%][0m
[0.824s] test/test_copyright.py [33ms[0m[31m                                                 [ 60%][0m
[0.995s] test/test_flake8.py [31mF[0m[31m                                                    [ 80%][0m
[1.057s] test/test_pep257.py [31mF[0m[31m                                                    [100%][0m
[1.058s] 
[1.058s] =================================== FAILURES ===================================
[1.058s] [31m[1m__________________________ TestMath.test_math_sucsses __________________________[0m
[1.058s] [1m[31m/usr/lib/python3/dist-packages/_pytest/runner.py[0m:311: in from_call
[1.093s]     result: Optional[TResult] = func()
[1.093s] [1m[31m/usr/lib/python3/dist-packages/_pytest/runner.py[0m:255: in <lambda>
[1.093s]     [94mlambda[39;49;00m: ihook(item=item, **kwds), when=when, reraise=reraise
[1.093s] [1m[31m/usr/lib/python3/dist-packages/pluggy/hooks.py[0m:286: in __call__
[1.093s]     [94mreturn[39;49;00m [96mself[39;49;00m._hookexec([96mself[39;49;00m, [96mself[39;49;00m.get_hookimpls(), kwargs)
[1.094s] [1m[31m/usr/lib/python3/dist-packages/pluggy/manager.py[0m:92: in _hookexec
[1.094s]     [94mreturn[39;49;00m [96mself[39;49;00m._inner_hookexec(hook, methods, kwargs)
[1.094s] [1m[31m/usr/lib/python3/dist-packages/pluggy/manager.py[0m:83: in <lambda>
[1.094s]     [96mself[39;49;00m._inner_hookexec = [94mlambda[39;49;00m hook, methods, kwargs: hook.multicall(
[1.095s] [1m[31m/usr/lib/python3/dist-packages/_pytest/runner.py[0m:170: in pytest_runtest_call
[1.095s]     [94mraise[39;49;00m e
[1.095s] [1m[31m/usr/lib/python3/dist-packages/_pytest/runner.py[0m:162: in pytest_runtest_call
[1.095s]     item.runtest()
[1.095s] [1m[31m/usr/lib/python3/dist-packages/_pytest/python.py[0m:1641: in runtest
[1.095s]     [96mself[39;49;00m.ihook.pytest_pyfunc_call(pyfuncitem=[96mself[39;49;00m)
[1.096s] [1m[31m/usr/lib/python3/dist-packages/pluggy/hooks.py[0m:286: in __call__
[1.096s]     [94mreturn[39;49;00m [96mself[39;49;00m._hookexec([96mself[39;49;00m, [96mself[39;49;00m.get_hookimpls(), kwargs)
[1.096s] [1m[31m/usr/lib/python3/dist-packages/pluggy/manager.py[0m:92: in _hookexec
[1.096s]     [94mreturn[39;49;00m [96mself[39;49;00m._inner_hookexec(hook, methods, kwargs)
[1.096s] [1m[31m/usr/lib/python3/dist-packages/pluggy/manager.py[0m:83: in <lambda>
[1.096s]     [96mself[39;49;00m._inner_hookexec = [94mlambda[39;49;00m hook, methods, kwargs: hook.multicall(
[1.096s] [1m[31m/usr/lib/python3/dist-packages/_pytest/python.py[0m:183: in pytest_pyfunc_call
[1.097s]     result = testfunction(**testargs)
[1.097s] [1m[31mE   TypeError: TestMath.test_math_sucsses() takes 0 positional arguments but 1 was given[0m
[1.097s] [31m[1m___________________________ TestMath.test_math_fail ____________________________[0m
[1.097s] [1m[31m/usr/lib/python3/dist-packages/_pytest/runner.py[0m:311: in from_call
[1.097s]     result: Optional[TResult] = func()
[1.097s] [1m[31m/usr/lib/python3/dist-packages/_pytest/runner.py[0m:255: in <lambda>
[1.097s]     [94mlambda[39;49;00m: ihook(item=item, **kwds), when=when, reraise=reraise
[1.097s] [1m[31m/usr/lib/python3/dist-packages/pluggy/hooks.py[0m:286: in __call__
[1.097s]     [94mreturn[39;49;00m [96mself[39;49;00m._hookexec([96mself[39;49;00m, [96mself[39;49;00m.get_hookimpls(), kwargs)
[1.098s] [1m[31m/usr/lib/python3/dist-packages/pluggy/manager.py[0m:92: in _hookexec
[1.098s]     [94mreturn[39;49;00m [96mself[39;49;00m._inner_hookexec(hook, methods, kwargs)
[1.098s] [1m[31m/usr/lib/python3/dist-packages/pluggy/manager.py[0m:83: in <lambda>
[1.098s]     [96mself[39;49;00m._inner_hookexec = [94mlambda[39;49;00m hook, methods, kwargs: hook.multicall(
[1.098s] [1m[31m/usr/lib/python3/dist-packages/_pytest/runner.py[0m:170: in pytest_runtest_call
[1.098s]     [94mraise[39;49;00m e
[1.098s] [1m[31m/usr/lib/python3/dist-packages/_pytest/runner.py[0m:162: in pytest_runtest_call
[1.098s]     item.runtest()
[1.098s] [1m[31m/usr/lib/python3/dist-packages/_pytest/python.py[0m:1641: in runtest
[1.098s]     [96mself[39;49;00m.ihook.pytest_pyfunc_call(pyfuncitem=[96mself[39;49;00m)
[1.098s] [1m[31m/usr/lib/python3/dist-packages/pluggy/hooks.py[0m:286: in __call__
[1.099s]     [94mreturn[39;49;00m [96mself[39;49;00m._hookexec([96mself[39;49;00m, [96mself[39;49;00m.get_hookimpls(), kwargs)
[1.099s] [1m[31m/usr/lib/python3/dist-packages/pluggy/manager.py[0m:92: in _hookexec
[1.099s]     [94mreturn[39;49;00m [96mself[39;49;00m._inner_hookexec(hook, methods, kwargs)
[1.099s] [1m[31m/usr/lib/python3/dist-packages/pluggy/manager.py[0m:83: in <lambda>
[1.100s]     [96mself[39;49;00m._inner_hookexec = [94mlambda[39;49;00m hook, methods, kwargs: hook.multicall(
[1.100s] [1m[31m/usr/lib/python3/dist-packages/_pytest/python.py[0m:183: in pytest_pyfunc_call
[1.100s]     result = testfunction(**testargs)
[1.100s] [1m[31mE   TypeError: TestMath.test_math_fail() takes 0 positional arguments but 1 was given[0m
[1.100s] [31m[1m_________________________________ test_flake8 __________________________________[0m
[1.101s] [1m[31mtest/test_flake8.py[0m:23: in test_flake8
[1.101s]     [94massert[39;49;00m rc == [94m0[39;49;00m, \
[1.101s] [1m[31mE   AssertionError: Found 275 code style errors / warnings:[0m
[1.102s] [1m[31mE     ./setup.py:3:1: F401 'setuptools.find_packages' imported but unused[0m
[1.102s] [1m[31mE     ./setup.py:14:100: E501 line too long (174 > 99 characters)[0m
[1.102s] [1m[31mE     ./setup.py:18:43: E231 missing whitespace after ','[0m
[1.102s] [1m[31mE     ./setup.py:24:28: E231 missing whitespace after ','[0m
[1.103s] [1m[31mE     ./turtle_brick/arena.py:1:1: F401 'xmlrpc.client.Boolean' imported but unused[0m
[1.103s] [1m[31mE     ./turtle_brick/arena.py:5:1: F401 'tf2_ros.static_transform_broadcaster.StaticTransformBroadcaster' imported but unused[0m
[1.104s] [1m[31mE     ./turtle_brick/arena.py:9:1: F401 'math.pi' imported but unused[0m
[1.104s] [1m[31mE     ./turtle_brick/arena.py:10:1: F401 'turtle_brick_interfaces.srv.Drop' imported but unused[0m
[1.105s] [1m[31mE     ./turtle_brick/arena.py:11:1: F401 'turtle_brick_interfaces.msg.Tilt' imported but unused[0m
[1.107s] [1m[31mE     ./turtle_brick/arena.py:12:42: W291 trailing whitespace[0m
[1.109s] [1m[31mE     ./turtle_brick/arena.py:14:1: F401 'visualization_msgs.msg.MarkerArray' imported but unused[0m
[1.109s] [1m[31mE     ./turtle_brick/arena.py:18:1: E265 block comment should start with '# '[0m
[1.109s] [1m[31mE     ./turtle_brick/arena.py:21:1: E302 expected 2 blank lines, found 1[0m
[1.109s] [1m[31mE     ./turtle_brick/arena.py:29:1: E302 expected 2 blank lines, found 1[0m
[1.109s] [1m[31mE     ./turtle_brick/arena.py:35:9: E265 block comment should start with '# '[0m
[1.109s] [1m[31mE     ./turtle_brick/arena.py:36:33: W291 trailing whitespace[0m
[1.109s] [1m[31mE     ./turtle_brick/arena.py:41:32: E231 missing whitespace after ','[0m
[1.110s] [1m[31mE     ./turtle_brick/arena.py:42:27: E231 missing whitespace after ','[0m
[1.110s] [1m[31mE     ./turtle_brick/arena.py:49:9: E265 block comment should start with '# '[0m
[1.110s] [1m[31mE     ./turtle_brick/arena.py:56:9: E265 block comment should start with '# '[0m
[1.110s] [1m[31mE     ./turtle_brick/arena.py:57:55: E231 missing whitespace after ','[0m
[1.110s] [1m[31mE     ./turtle_brick/arena.py:57:64: E231 missing whitespace after ','[0m
[1.110s] [1m[31mE     ./turtle_brick/arena.py:57:84: E231 missing whitespace after ','[0m
[1.110s] [1m[31mE     ./turtle_brick/arena.py:58:9: E265 block comment should start with '# '[0m
[1.111s] [1m[31mE     ./turtle_brick/arena.py:59:55: E231 missing whitespace after ','[0m
[1.111s] [1m[31mE     ./turtle_brick/arena.py:59:65: E231 missing whitespace after ','[0m
[1.111s] [1m[31mE     ./turtle_brick/arena.py:60:54: E231 missing whitespace after ','[0m
[1.111s] [1m[31mE     ./turtle_brick/arena.py:60:62: E231 missing whitespace after ','[0m
[1.111s] [1m[31mE     ./turtle_brick/arena.py:61:55: E231 missing whitespace after ','[0m
[1.111s] [1m[31mE     ./turtle_brick/arena.py:61:64: E231 missing whitespace after ','[0m
[1.111s] [1m[31mE     ./turtle_brick/arena.py:64:1: W293 blank line contains whitespace[0m
[1.111s] [1m[31mE     ./turtle_brick/arena.py:67:1: W293 blank line contains whitespace[0m
[1.111s] [1m[31mE     ./turtle_brick/arena.py:68:9: E265 block comment should start with '# '[0m
[1.111s] [1m[31mE     ./turtle_brick/arena.py:69:47: E231 missing whitespace after ','[0m
[1.111s] [1m[31mE     ./turtle_brick/arena.py:69:56: E231 missing whitespace after ','[0m
[1.111s] [1m[31mE     ./turtle_brick/arena.py:70:46: E231 missing whitespace after ','[0m
[1.112s] [1m[31mE     ./turtle_brick/arena.py:70:54: E231 missing whitespace after ','[0m
[1.112s] [1m[31mE     ./turtle_brick/arena.py:71:1: W293 blank line contains whitespace[0m
[1.112s] [1m[31mE     ./turtle_brick/arena.py:72:9: E265 block comment should start with '# '[0m
[1.112s] [1m[31mE     ./turtle_brick/arena.py:89:9: E265 block comment should start with '# '[0m
[1.112s] [1m[31mE     ./turtle_brick/arena.py:175:9: E303 too many blank lines (2)[0m
[1.112s] [1m[31mE     ./turtle_brick/arena.py:175:9: E265 block comment should start with '# '[0m
[1.112s] [1m[31mE     ./turtle_brick/arena.py:178:26: W291 trailing whitespace[0m
[1.112s] [1m[31mE     ./turtle_brick/arena.py:191:42: E231 missing whitespace after ','[0m
[1.112s] [1m[31mE     ./turtle_brick/arena.py:193:37: E231 missing whitespace after ','[0m
[1.112s] [1m[31mE     ./turtle_brick/arena.py:194:35: E231 missing whitespace after ','[0m
[1.112s] [1m[31mE     ./turtle_brick/arena.py:194:45: E231 missing whitespace after ','[0m
[1.112s] [1m[31mE     ./turtle_brick/arena.py:197:1: W293 blank line contains whitespace[0m
[1.112s] [1m[31mE     ./turtle_brick/arena.py:198:28: E231 missing whitespace after ','[0m
[1.113s] [1m[31mE     ./turtle_brick/arena.py:205:24: E225 missing whitespace around operator[0m
[1.113s] [1m[31mE     ./turtle_brick/arena.py:207:48: E231 missing whitespace after ','[0m
[1.113s] [1m[31mE     ./turtle_brick/arena.py:207:65: E231 missing whitespace after ','[0m
[1.113s] [1m[31mE     ./turtle_brick/arena.py:209:46: E231 missing whitespace after ','[0m
[1.113s] [1m[31mE     ./turtle_brick/arena.py:209:61: E231 missing whitespace after ','[0m
[1.113s] [1m[31mE     ./turtle_brick/arena.py:211:36: E231 missing whitespace after ','[0m
[1.113s] [1m[31mE     ./turtle_brick/arena.py:212:13: E225 missing whitespace around operator[0m
[1.113s] [1m[31mE     ./turtle_brick/arena.py:222:9: E265 block comment should start with '# '[0m
[1.113s] [1m[31mE     ./turtle_brick/arena.py:239:58: E225 missing whitespace around operator[0m
[1.113s] [1m[31mE     ./turtle_brick/arena.py:242:1: W293 blank line contains whitespace[0m
[1.113s] [1m[31mE     ./turtle_brick/arena.py:243:1: W293 blank line contains whitespace[0m
[1.114s] [1m[31mE     ./turtle_brick/arena.py:244:5: E303 too many blank lines (2)[0m
[1.114s] [1m[31mE     ./turtle_brick/arena.py:244:23: E231 missing whitespace after ','[0m
[1.114s] [1m[31mE     ./turtle_brick/arena.py:244:25: E231 missing whitespace after ','[0m
[1.114s] [1m[31mE     ./turtle_brick/arena.py:244:27: E231 missing whitespace after ','[0m
[1.114s] [1m[31mE     ./turtle_brick/arena.py:249:1: W293 blank line contains whitespace[0m
[1.114s] [1m[31mE     ./turtle_brick/arena.py:256:25: E231 missing whitespace after ','[0m
[1.114s] [1m[31mE     ./turtle_brick/arena.py:256:27: E231 missing whitespace after ','[0m
[1.114s] [1m[31mE     ./turtle_brick/arena.py:258:30: W291 trailing whitespace[0m
[1.114s] [1m[31mE     ./turtle_brick/arena.py:260:42: E225 missing whitespace around operator[0m
[1.114s] [1m[31mE     ./turtle_brick/arena.py:261:65: E261 at least two spaces before inline comment[0m
[1.114s] [1m[31mE     ./turtle_brick/arena.py:261:66: E262 inline comment should start with '# '[0m
[1.114s] [1m[31mE     ./turtle_brick/arena.py:261:100: E501 line too long (100 > 99 characters)[0m
[1.114s] [1m[31mE     ./turtle_brick/arena.py:278:9: E225 missing whitespace around operator[0m
[1.115s] [1m[31mE     ./turtle_brick/arena.py:280:19: W291 trailing whitespace[0m
[1.115s] [1m[31mE     ./turtle_brick/arena.py:281:1: W391 blank line at end of file[0m
[1.115s] [1m[31mE     ./turtle_brick/turtle_robot.py:2:1: F401 'tokenize.Double' imported but unused[0m
[1.115s] [1m[31mE     ./turtle_brick/turtle_robot.py:2:1: F401 'tokenize.String' imported but unused[0m
[1.115s] [1m[31mE     ./turtle_brick/turtle_robot.py:9:34: W291 trailing whitespace[0m
[1.115s] [1m[31mE     ./turtle_brick/turtle_robot.py:10:1: F401 'geometry_msgs.msg.Vector3' imported but unused[0m
[1.115s] [1m[31mE     ./turtle_brick/turtle_robot.py:11:1: F401 'visualization_msgs.msg.Marker' imported but unused[0m
[1.115s] [1m[31mE     ./turtle_brick/turtle_robot.py:11:42: W291 trailing whitespace[0m
[1.115s] [1m[31mE     ./turtle_brick/turtle_robot.py:12:45: W291 trailing whitespace[0m
[1.115s] [1m[31mE     ./turtle_brick/turtle_robot.py:13:12: W291 trailing whitespace[0m
[1.116s] [1m[31mE     ./turtle_brick/turtle_robot.py:14:1: E265 block comment should start with '# '[0m
[1.116s] [1m[31mE     ./turtle_brick/turtle_robot.py:16:1: E302 expected 2 blank lines, found 1[0m
[1.116s] [1m[31mE     ./turtle_brick/turtle_robot.py:21:9: E265 block comment should start with '# '[0m
[1.116s] [1m[31mE     ./turtle_brick/turtle_robot.py:22:33: W291 trailing whitespace[0m
[1.116s] [1m[31mE     ./turtle_brick/turtle_robot.py:27:32: E231 missing whitespace after ','[0m
[1.116s] [1m[31mE     ./turtle_brick/turtle_robot.py:28:27: E231 missing whitespace after ','[0m
[1.116s] [1m[31mE     ./turtle_brick/turtle_robot.py:38:65: E231 missing whitespace after ','[0m
[1.116s] [1m[31mE     ./turtle_brick/turtle_robot.py:38:81: E231 missing whitespace after ','[0m
[1.116s] [1m[31mE     ./turtle_brick/turtle_robot.py:39:55: E231 missing whitespace after ','[0m
[1.116s] [1m[31mE     ./turtle_brick/turtle_robot.py:39:63: E231 missing whitespace after ','[0m
[1.116s] [1m[31mE     ./turtle_brick/turtle_robot.py:40:51: E231 missing whitespace after ','[0m
[1.116s] [1m[31mE     ./turtle_brick/turtle_robot.py:40:62: E231 missing whitespace after ','[0m
[1.116s] [1m[31mE     ./turtle_brick/turtle_robot.py:41:52: E231 missing whitespace after ','[0m
[1.117s] [1m[31mE     ./turtle_brick/turtle_robot.py:41:61: E231 missing whitespace after ','[0m
[1.117s] [1m[31mE     ./turtle_brick/turtle_robot.py:43:61: E231 missing whitespace after ','[0m
[1.117s] [1m[31mE     ./turtle_brick/turtle_robot.py:43:74: E231 missing whitespace after ','[0m
[1.117s] [1m[31mE     ./turtle_brick/turtle_robot.py:43:93: E231 missing whitespace after ','[0m
[1.117s] [1m[31mE     ./turtle_brick/turtle_robot.py:44:54: E231 missing whitespace after ','[0m
[1.117s] [1m[31mE     ./turtle_brick/turtle_robot.py:44:62: E231 missing whitespace after ','[0m
[1.117s] [1m[31mE     ./turtle_brick/turtle_robot.py:44:81: E231 missing whitespace after ','[0m
[1.117s] [1m[31mE     ./turtle_brick/turtle_robot.py:46:53: W291 trailing whitespace[0m
[1.117s] [1m[31mE     ./turtle_brick/turtle_robot.py:50:1: W293 blank line contains whitespace[0m
[1.117s] [1m[31mE     ./turtle_brick/turtle_robot.py:59:9: E265 block comment should start with '# '[0m
[1.117s] [1m[31mE     ./turtle_brick/turtle_robot.py:59:19: W291 trailing whitespace[0m
[1.117s] [1m[31mE     ./turtle_brick/turtle_robot.py:60:28: W291 trailing whitespace[0m
[1.117s] [1m[31mE     ./turtle_brick/turtle_robot.py:81:9: E265 block comment should start with '# '[0m
[1.118s] [1m[31mE     ./turtle_brick/turtle_robot.py:87:23: E225 missing whitespace around operator[0m
[1.118s] [1m[31mE     ./turtle_brick/turtle_robot.py:94:9: E265 block comment should start with '# '[0m
[1.118s] [1m[31mE     ./turtle_brick/turtle_robot.py:97:9: E265 block comment should start with '# '[0m
[1.118s] [1m[31mE     ./turtle_brick/turtle_robot.py:104:1: W293 blank line contains whitespace[0m
[1.118s] [1m[31mE     ./turtle_brick/turtle_robot.py:105:27: E231 missing whitespace after ','[0m
[1.118s] [1m[31mE     ./turtle_brick/turtle_robot.py:106:76: E231 missing whitespace after ','[0m
[1.118s] [1m[31mE     ./turtle_brick/turtle_robot.py:106:96: E231 missing whitespace after ','[0m
[1.118s] [1m[31mE     ./turtle_brick/turtle_robot.py:106:100: E501 line too long (121 > 99 characters)[0m
[1.118s] [1m[31mE     ./turtle_brick/turtle_robot.py:106:120: E202 whitespace before ')'[0m
[1.118s] [1m[31mE     ./turtle_brick/turtle_robot.py:115:15: E225 missing whitespace around operator[0m
[1.118s] [1m[31mE     ./turtle_brick/turtle_robot.py:115:24: E225 missing whitespace around operator[0m
[1.118s] [1m[31mE     ./turtle_brick/turtle_robot.py:115:34: E225 missing whitespace around operator[0m
[1.119s] [1m[31mE     ./turtle_brick/turtle_robot.py:115:43: E225 missing whitespace around operator[0m
[1.119s] [1m[31mE     ./turtle_brick/turtle_robot.py:125:27: E231 missing whitespace after ','[0m
[1.119s] [1m[31mE     ./turtle_brick/turtle_robot.py:131:1: W293 blank line contains whitespace[0m
[1.119s] [1m[31mE     ./turtle_brick/turtle_robot.py:132:9: E265 block comment should start with '# '[0m
[1.119s] [1m[31mE     ./turtle_brick/turtle_robot.py:139:1: W293 blank line contains whitespace[0m
[1.119s] [1m[31mE     ./turtle_brick/turtle_robot.py:140:9: E303 too many blank lines (2)[0m
[1.119s] [1m[31mE     ./turtle_brick/turtle_robot.py:140:9: E265 block comment should start with '# '[0m
[1.119s] [1m[31mE     ./turtle_brick/turtle_robot.py:142:46: E231 missing whitespace after ','[0m
[1.119s] [1m[31mE     ./turtle_brick/turtle_robot.py:142:58: E231 missing whitespace after ','[0m
[1.119s] [1m[31mE     ./turtle_brick/turtle_robot.py:144:1: W293 blank line contains whitespace[0m
[1.119s] [1m[31mE     ./turtle_brick/turtle_robot.py:145:9: E265 block comment should start with '# '[0m
[1.119s] [1m[31mE     ./turtle_brick/turtle_robot.py:148:1: W293 blank line contains whitespace[0m
[1.120s] [1m[31mE     ./turtle_brick/turtle_robot.py:149:9: E265 block comment should start with '# '[0m
[1.120s] [1m[31mE     ./turtle_brick/turtle_robot.py:150:34: E225 missing whitespace around operator[0m
[1.120s] [1m[31mE     ./turtle_brick/turtle_robot.py:151:34: E225 missing whitespace around operator[0m
[1.120s] [1m[31mE     ./turtle_brick/turtle_robot.py:152:34: E225 missing whitespace around operator[0m
[1.120s] [1m[31mE     ./turtle_brick/turtle_robot.py:155:9: E265 block comment should start with '# '[0m
[1.120s] [1m[31mE     ./turtle_brick/turtle_robot.py:156:68: W291 trailing whitespace[0m
[1.120s] [1m[31mE     ./turtle_brick/turtle_robot.py:157:68: W291 trailing whitespace[0m
[1.120s] [1m[31mE     ./turtle_brick/turtle_robot.py:158:48: W291 trailing whitespace[0m
[1.120s] [1m[31mE     ./turtle_brick/turtle_robot.py:160:9: E265 block comment should start with '# '[0m
[1.120s] [1m[31mE     ./turtle_brick/turtle_robot.py:161:56: W291 trailing whitespace[0m
[1.120s] [1m[31mE     ./turtle_brick/turtle_robot.py:166:9: E265 block comment should start with '# '[0m
[1.120s] [1m[31mE     ./turtle_brick/turtle_robot.py:172:41: E225 missing whitespace around operator[0m
[1.121s] [1m[31mE     ./turtle_brick/turtle_robot.py:175:1: W293 blank line contains whitespace[0m
[1.121s] [1m[31mE     ./turtle_brick/turtle_robot.py:176:9: E265 block comment should start with '# '[0m
[1.121s] [1m[31mE     ./turtle_brick/turtle_robot.py:177:38: E225 missing whitespace around operator[0m
[1.121s] [1m[31mE     ./turtle_brick/turtle_robot.py:179:49: E225 missing whitespace around operator[0m
[1.121s] [1m[31mE     ./turtle_brick/turtle_robot.py:180:51: E225 missing whitespace around operator[0m
[1.121s] [1m[31mE     ./turtle_brick/turtle_robot.py:182:80: E202 whitespace before ')'[0m
[1.121s] [1m[31mE     ./turtle_brick/turtle_robot.py:186:9: E265 block comment should start with '# '[0m
[1.121s] [1m[31mE     ./turtle_brick/turtle_robot.py:188:52: E225 missing whitespace around operator[0m
[1.121s] [1m[31mE     ./turtle_brick/turtle_robot.py:188:57: W291 trailing whitespace[0m
[1.121s] [1m[31mE     ./turtle_brick/turtle_robot.py:190:34: E225 missing whitespace around operator[0m
[1.121s] [1m[31mE     ./turtle_brick/turtle_robot.py:192:34: E225 missing whitespace around operator[0m
[1.121s] [1m[31mE     ./turtle_brick/turtle_robot.py:197:1: W293 blank line contains whitespace[0m
[1.122s] [1m[31mE     ./turtle_brick/turtle_robot.py:198:1: W293 blank line contains whitespace[0m
[1.122s] [1m[31mE     ./turtle_brick/turtle_robot.py:200:1: E303 too many blank lines (3)[0m
[1.122s] [1m[31mE     ./turtle_brick/turtle_robot.py:202:16: E225 missing whitespace around operator[0m
[1.122s] [1m[31mE     ./turtle_brick/turtle_robot.py:204:19: W291 trailing whitespace[0m
[1.122s] [1m[31mE     ./turtle_brick/turtle_robot.py:206:1: W391 blank line at end of file[0m
[1.122s] [1m[31mE     ./turtle_brick/catcher.py:2:1: F401 'cmath.sqrt' imported but unused[0m
[1.122s] [1m[31mE     ./turtle_brick/catcher.py:6:1: F401 'tf2_ros.static_transform_broadcaster.StaticTransformBroadcaster' imported but unused[0m
[1.122s] [1m[31mE     ./turtle_brick/catcher.py:7:1: F401 'tf2_ros.TransformBroadcaster' imported but unused[0m
[1.122s] [1m[31mE     ./turtle_brick/catcher.py:8:1: F401 'geometry_msgs.msg.TransformStamped' imported but unused[0m
[1.122s] [1m[31mE     ./turtle_brick/catcher.py:9:1: F401 'turtle_brick_interfaces.srv.Place' imported but unused[0m
[1.122s] [1m[31mE     ./turtle_brick/catcher.py:9:1: F401 'turtle_brick_interfaces.srv.Drop' imported but unused[0m
[1.122s] [1m[31mE     ./turtle_brick/catcher.py:11:42: W291 trailing whitespace[0m
[1.122s] [1m[31mE     ./turtle_brick/catcher.py:12:12: W291 trailing whitespace[0m
[1.123s] [1m[31mE     ./turtle_brick/catcher.py:14:1: F401 '.quaternion.angle_axis_to_quaternion' imported but unused[0m
[1.123s] [1m[31mE     ./turtle_brick/catcher.py:17:1: E302 expected 2 blank lines, found 1[0m
[1.123s] [1m[31mE     ./turtle_brick/catcher.py:23:1: E302 expected 2 blank lines, found 1[0m
[1.123s] [1m[31mE     ./turtle_brick/catcher.py:29:9: E265 block comment should start with '# '[0m
[1.123s] [1m[31mE     ./turtle_brick/catcher.py:30:33: W291 trailing whitespace[0m
[1.123s] [1m[31mE     ./turtle_brick/catcher.py:35:32: E231 missing whitespace after ','[0m
[1.123s] [1m[31mE     ./turtle_brick/catcher.py:36:27: E231 missing whitespace after ','[0m
[1.123s] [1m[31mE     ./turtle_brick/catcher.py:43:9: E265 block comment should start with '# '[0m
[1.123s] [1m[31mE     ./turtle_brick/catcher.py:46:9: E265 block comment should start with '# '[0m
[1.123s] [1m[31mE     ./turtle_brick/catcher.py:48:9: E265 block comment should start with '# '[0m
[1.123s] [1m[31mE     ./turtle_brick/catcher.py:49:55: E231 missing whitespace after ','[0m
[1.123s] [1m[31mE     ./turtle_brick/catcher.py:49:64: E231 missing whitespace after ','[0m
[1.123s] [1m[31mE     ./turtle_brick/catcher.py:49:84: E231 missing whitespace after ','[0m
[1.124s] [1m[31mE     ./turtle_brick/catcher.py:50:57: E231 missing whitespace after ','[0m
[1.124s] [1m[31mE     ./turtle_brick/catcher.py:50:85: E231 missing whitespace after ','[0m
[1.124s] [1m[31mE     ./turtle_brick/catcher.py:51:55: E231 missing whitespace after ','[0m
[1.124s] [1m[31mE     ./turtle_brick/catcher.py:51:85: E231 missing whitespace after ','[0m
[1.124s] [1m[31mE     ./turtle_brick/catcher.py:52:9: E265 block comment should start with '# '[0m
[1.124s] [1m[31mE     ./turtle_brick/catcher.py:53:28: E225 missing whitespace around operator[0m
[1.124s] [1m[31mE     ./turtle_brick/catcher.py:53:56: E231 missing whitespace after ','[0m
[1.124s] [1m[31mE     ./turtle_brick/catcher.py:53:64: E231 missing whitespace after ','[0m
[1.124s] [1m[31mE     ./turtle_brick/catcher.py:54:22: E225 missing whitespace around operator[0m
[1.124s] [1m[31mE     ./turtle_brick/catcher.py:54:57: E231 missing whitespace after ','[0m
[1.124s] [1m[31mE     ./turtle_brick/catcher.py:54:70: E231 missing whitespace after ','[0m
[1.124s] [1m[31mE     ./turtle_brick/catcher.py:55:22: E225 missing whitespace around operator[0m
[1.125s] [1m[31mE     ./turtle_brick/catcher.py:55:50: E231 missing whitespace after ','[0m
[1.125s] [1m[31mE     ./turtle_brick/catcher.py:55:58: E231 missing whitespace after ','[0m
[1.125s] [1m[31mE     ./turtle_brick/catcher.py:56:55: E231 missing whitespace after ','[0m
[1.125s] [1m[31mE     ./turtle_brick/catcher.py:56:65: E231 missing whitespace after ','[0m
[1.125s] [1m[31mE     ./turtle_brick/catcher.py:57:9: E265 block comment should start with '# '[0m
[1.125s] [1m[31mE     ./turtle_brick/catcher.py:59:1: W293 blank line contains whitespace[0m
[1.125s] [1m[31mE     ./turtle_brick/catcher.py:60:9: E265 block comment should start with '# '[0m
[1.125s] [1m[31mE     ./turtle_brick/catcher.py:83:1: W293 blank line contains whitespace[0m
[1.125s] [1m[31mE     ./turtle_brick/catcher.py:84:5: E303 too many blank lines (3)[0m
[1.125s] [1m[31mE     ./turtle_brick/catcher.py:84:28: E231 missing whitespace after ','[0m
[1.125s] [1m[31mE     ./turtle_brick/catcher.py:88:100: E501 line too long (100 > 99 characters)[0m
[1.125s] [1m[31mE     ./turtle_brick/catcher.py:94:1: W293 blank line contains whitespace[0m
[1.126s] [1m[31mE     ./turtle_brick/catcher.py:95:28: E231 missing whitespace after ','[0m
[1.126s] [1m[31mE     ./turtle_brick/catcher.py:105:5: E303 too many blank lines (2)[0m
[1.126s] [1m[31mE     ./turtle_brick/catcher.py:105:27: E231 missing whitespace after ','[0m
[1.126s] [1m[31mE     ./turtle_brick/catcher.py:110:40: E225 missing whitespace around operator[0m
[1.126s] [1m[31mE     ./turtle_brick/catcher.py:112:13: E265 block comment should start with '# '[0m
[1.126s] [1m[31mE     ./turtle_brick/catcher.py:112:100: E501 line too long (142 > 99 characters)[0m
[1.126s] [1m[31mE     ./turtle_brick/catcher.py:113:100: E501 line too long (155 > 99 characters)[0m
[1.126s] [1m[31mE     ./turtle_brick/catcher.py:114:28: E225 missing whitespace around operator[0m
[1.127s] [1m[31mE     ./turtle_brick/catcher.py:114:39: E261 at least two spaces before inline comment[0m
[1.127s] [1m[31mE     ./turtle_brick/catcher.py:114:40: E262 inline comment should start with '# '[0m
[1.127s] [1m[31mE     ./turtle_brick/catcher.py:114:100: E501 line too long (106 > 99 characters)[0m
[1.127s] [1m[31mE     ./turtle_brick/catcher.py:122:1: W293 blank line contains whitespace[0m
[1.127s] [1m[31mE     ./turtle_brick/catcher.py:123:1: W293 blank line contains whitespace[0m
[1.127s] [1m[31mE     ./turtle_brick/catcher.py:124:1: W293 blank line contains whitespace[0m
[1.127s] [1m[31mE     ./turtle_brick/catcher.py:127:1: E303 too many blank lines (6)[0m
[1.128s] [1m[31mE     ./turtle_brick/catcher.py:131:21: W292 no newline at end of file[0m
[1.128s] [1m[31mE     ./test/math_test.py:4:1: W293 blank line contains whitespace[0m
[1.128s] [1m[31mE     ./test/math_test.py:6:25: W292 no newline at end of file[0m
[1.128s] [1m[31mE     ./test/brick.test.py:1:1: F401 'ament_copyright.main.main' imported but unused[0m
[1.128s] [1m[31mE     ./test/brick.test.py:2:1: F401 'pytest' imported but unused[0m
[1.128s] [1m[31mE     ./test/brick.test.py:3:1: F401 'launch' imported but unused[0m
[1.128s] [1m[31mE     ./test/brick.test.py:4:1: F401 'launch_pytest' imported but unused[0m
[1.128s] [1m[31mE     ./test/brick.test.py:5:1: F401 'sys' imported but unused[0m
[1.128s] [1m[31mE     ./test/brick.test.py:6:1: F401 'launch_ros' imported but unused[0m
[1.128s] [1m[31mE     ./test/brick.test.py:7:1: F401 'pathlib.Path' imported but unused[0m
[1.128s] [1m[31mE     ./test/brick.test.py:8:1: E265 block comment should start with '# '[0m
[1.129s] [1m[31mE     ./test/brick.test.py:8:100: E501 line too long (128 > 99 characters)[0m
[1.129s] [1m[31mE     ./test/brick.test.py:21:9: W292 no newline at end of file[0m
[1.129s] [1m[31mE     ./launch/show_turtle.launch.py:1:1: F401 'ament_index_python.packages.get_package_share_path' imported but unused[0m
[1.129s] [1m[31mE     ./launch/show_turtle.launch.py:1:63: E231 missing whitespace after ','[0m
[1.129s] [1m[31mE     ./launch/show_turtle.launch.py:5:1: F401 'launch.conditions.UnlessCondition' imported but unused[0m
[1.129s] [1m[31mE     ./launch/show_turtle.launch.py:11:1: E302 expected 2 blank lines, found 1[0m
[1.129s] [1m[31mE     ./launch/show_turtle.launch.py:12:22: E225 missing whitespace around operator[0m
[1.129s] [1m[31mE     ./launch/show_turtle.launch.py:14:51: E225 missing whitespace around operator[0m
[1.129s] [1m[31mE     ./launch/show_turtle.launch.py:15:1: W293 blank line contains whitespace[0m
[1.129s] [1m[31mE     ./launch/show_turtle.launch.py:16:5: F841 local variable 'use_sim_time' is assigned to but never used[0m
[1.129s] [1m[31mE     ./launch/show_turtle.launch.py:18:100: E501 line too long (115 > 99 characters)[0m
[1.129s] [1m[31mE     ./launch/show_turtle.launch.py:18:105: E231 missing whitespace after ','[0m
[1.130s] [1m[31mE     ./launch/show_turtle.launch.py:19:37: E128 continuation line under-indented for visual indent[0m
[1.130s] [1m[31mE     ./launch/show_turtle.launch.py:19:92: E261 at least two spaces before inline comment[0m
[1.130s] [1m[31mE     ./launch/show_turtle.launch.py:19:92: E262 inline comment should start with '# '[0m
[1.130s] [1m[31mE     ./launch/show_turtle.launch.py:22:100: E501 line too long (100 > 99 characters)[0m
[1.130s] [1m[31mE     ./launch/show_turtle.launch.py:36:89: E231 missing whitespace after ','[0m
[1.130s] [1m[31mE     ./launch/show_turtle.launch.py:36:96: E231 missing whitespace after ','[0m
[1.130s] [1m[31mE     ./launch/show_turtle.launch.py:43:56: E231 missing whitespace after ','[0m
[1.130s] [1m[31mE     ./launch/show_turtle.launch.py:49:56: E231 missing whitespace after ','[0m
[1.130s] [1m[31mE     ./launch/show_turtle.launch.py:68:7: W292 no newline at end of file[0m
[1.130s] [1m[31mE     ./launch/run_turtle.launch.py:2:1: F401 'ament_index_python.packages.get_package_share_path' imported but unused[0m
[1.130s] [1m[31mE     ./launch/run_turtle.launch.py:5:1: F401 'launch.actions.DeclareLaunchArgument' imported but unused[0m
[1.130s] [1m[31mE     ./launch/run_turtle.launch.py:6:1: F401 'launch.conditions.IfCondition' imported but unused[0m
[1.131s] [1m[31mE     ./launch/run_turtle.launch.py:6:1: F401 'launch.conditions.UnlessCondition' imported but unused[0m
[1.131s] [1m[31mE     ./launch/run_turtle.launch.py:7:1: F401 'launch.substitutions.Command' imported but unused[0m
[1.131s] [1m[31mE     ./launch/run_turtle.launch.py:7:1: F401 'launch.substitutions.LaunchConfiguration' imported but unused[0m
[1.131s] [1m[31mE     ./launch/run_turtle.launch.py:10:1: F401 'launch_ros.parameter_descriptions.ParameterValue' imported but unused[0m
[1.131s] [1m[31mE     ./launch/run_turtle.launch.py:40:23: E251 unexpected spaces around keyword / parameter equals[0m
[1.131s] [1m[31mE     ./launch/run_turtle.launch.py:40:25: E251 unexpected spaces around keyword / parameter equals[0m
[1.131s] [1m[31mE     ./launch/run_turtle.launch.py:40:70: E231 missing whitespace after ','[0m
[1.131s] [1m[31mE     ./launch/run_turtle.launch.py:43:1: W293 blank line contains whitespace[0m
[1.131s] [1m[31mE     ./launch/run_turtle.launch.py:44:7: W292 no newline at end of file[0m
[1.131s] [1m[31mE     ./launch/turtle_arena.launch.py:2:1: F401 'ament_index_python.packages.get_package_share_path' imported but unused[0m
[1.131s] [1m[31mE     ./launch/turtle_arena.launch.py:5:1: F401 'launch.actions.DeclareLaunchArgument' imported but unused[0m
[1.131s] [1m[31mE     ./launch/turtle_arena.launch.py:6:1: F401 'launch.conditions.IfCondition' imported but unused[0m
[1.132s] [1m[31mE     ./launch/turtle_arena.launch.py:6:1: F401 'launch.conditions.UnlessCondition' imported but unused[0m
[1.132s] [1m[31mE     ./launch/turtle_arena.launch.py:7:1: F401 'launch.substitutions.Command' imported but unused[0m
[1.132s] [1m[31mE     ./launch/turtle_arena.launch.py:7:1: F401 'launch.substitutions.LaunchConfiguration' imported but unused[0m
[1.132s] [1m[31mE     ./launch/turtle_arena.launch.py:10:1: F401 'launch_ros.parameter_descriptions.ParameterValue' imported but unused[0m
[1.132s] [1m[31mE     ./launch/turtle_arena.launch.py:42:1: W293 blank line contains whitespace[0m
[1.132s] [1m[31mE     ./launch/turtle_arena.launch.py:43:7: W292 no newline at end of file[0m
[1.132s] [1m[31mE   assert 1 == 0[0m
[1.132s] ----------------------------- Captured stdout call -----------------------------
[1.132s] 
[1.132s] ./setup.py:3:1: F401 'setuptools.find_packages' imported but unused
[1.132s] from setuptools import setup, find_packages
[1.132s] ^
[1.132s] 
[1.133s] ./setup.py:14:100: E501 line too long (174 > 99 characters)
[1.133s]         ('share/' + package_name, ['package.xml', 'launch/show_turtle.launch.py', 'config/turtle_urdf.rviz', 'launch/run_turtle.launch.py', 'launch/turtle_arena.launch.py']),
[1.133s]                                                                                                    ^
[1.133s] 
[1.133s] ./setup.py:18:43: E231 missing whitespace after ','
[1.133s]     install_requires=['setuptools', 'urdf','rviz'],
[1.133s]                                           ^
[1.133s] 
[1.133s] ./setup.py:24:28: E231 missing whitespace after ','
[1.133s]     tests_require=['pytest','ament_lint_auto'],
[1.133s]                            ^
[1.133s] 
[1.133s] ./turtle_brick/arena.py:1:1: F401 'xmlrpc.client.Boolean' imported but unused
[1.134s] from xmlrpc.client import Boolean
[1.134s] ^
[1.134s] 
[1.134s] ./turtle_brick/arena.py:5:1: F401 'tf2_ros.static_transform_broadcaster.StaticTransformBroadcaster' imported but unused
[1.134s] from tf2_ros.static_transform_broadcaster import StaticTransformBroadcaster
[1.134s] ^
[1.134s] 
[1.134s] ./turtle_brick/arena.py:9:1: F401 'math.pi' imported but unused
[1.134s] from math import pi
[1.134s] ^
[1.134s] 
[1.134s] ./turtle_brick/arena.py:10:1: F401 'turtle_brick_interfaces.srv.Drop' imported but unused
[1.135s] from turtle_brick_interfaces.srv import Place, Drop
[1.135s] ^
[1.135s] 
[1.135s] ./turtle_brick/arena.py:11:1: F401 'turtle_brick_interfaces.msg.Tilt' imported but unused
[1.135s] from turtle_brick_interfaces.msg import Tilt
[1.135s] ^
[1.135s] 
[1.135s] ./turtle_brick/arena.py:12:42: W291 trailing whitespace
[1.136s] from visualization_msgs.msg import Marker 
[1.136s]                                          ^
[1.136s] 
[1.136s] ./turtle_brick/arena.py:14:1: F401 'visualization_msgs.msg.MarkerArray' imported but unused
[1.136s] from visualization_msgs.msg import MarkerArray
[1.136s] ^
[1.136s] 
[1.137s] ./turtle_brick/arena.py:18:1: E265 block comment should start with '# '
[1.137s] #from .quaternion import angle_axis_to_quaternion
[1.137s] ^
[1.137s] 
[1.137s] ./turtle_brick/arena.py:21:1: E302 expected 2 blank lines, found 1
[1.137s] class BState(Enum):
[1.138s] ^
[1.138s] 
[1.138s] ./turtle_brick/arena.py:29:1: E302 expected 2 blank lines, found 1
[1.138s] class Arena(Node):
[1.138s] ^
[1.138s] 
[1.139s] ./turtle_brick/arena.py:35:9: E265 block comment should start with '# '
[1.139s]         #params
[1.139s]         ^
[1.139s] 
[1.139s] ./turtle_brick/arena.py:36:33: W291 trailing whitespace
[1.139s]         self.declare_parameters( 
[1.139s]                                 ^
[1.140s] 
[1.140s] ./turtle_brick/arena.py:41:32: E231 missing whitespace after ','
[1.140s]                 ('max_velocity',3.0),
[1.140s]                                ^
[1.140s] 
[1.140s] ./turtle_brick/arena.py:42:27: E231 missing whitespace after ','
[1.140s]                 ('gravity',9.8)
[1.141s]                           ^
[1.141s] 
[1.141s] ./turtle_brick/arena.py:49:9: E265 block comment should start with '# '
[1.141s]         #setting state of brick
[1.141s]         ^
[1.141s] 
[1.141s] ./turtle_brick/arena.py:56:9: E265 block comment should start with '# '
[1.142s]         #set up subscribers
[1.142s]         ^
[1.142s] 
[1.142s] ./turtle_brick/arena.py:57:55: E231 missing whitespace after ','
[1.142s]         self.robot_sub = self.create_subscription(Pose,'/robot',self.robot_callback,10)
[1.142s]                                                       ^
[1.142s] 
[1.143s] ./turtle_brick/arena.py:57:64: E231 missing whitespace after ','
[1.143s]         self.robot_sub = self.create_subscription(Pose,'/robot',self.robot_callback,10)
[1.143s]                                                                ^
[1.143s] 
[1.143s] ./turtle_brick/arena.py:57:84: E231 missing whitespace after ','
[1.143s]         self.robot_sub = self.create_subscription(Pose,'/robot',self.robot_callback,10)
[1.143s]                                                                                    ^
[1.144s] 
[1.144s] ./turtle_brick/arena.py:58:9: E265 block comment should start with '# '
[1.144s]         #publisher
[1.144s]         ^
[1.144s] 
[1.144s] ./turtle_brick/arena.py:59:55: E231 missing whitespace after ','
[1.144s]         self.marker_pub = self.create_publisher(Marker,'/marker',10)
[1.145s]                                                       ^
[1.145s] 
[1.145s] ./turtle_brick/arena.py:59:65: E231 missing whitespace after ','
[1.145s]         self.marker_pub = self.create_publisher(Marker,'/marker',10)
[1.145s]                                                                 ^
[1.145s] 
[1.145s] ./turtle_brick/arena.py:60:54: E231 missing whitespace after ','
[1.146s]         self.drop_pub = self.create_publisher(Vector3,'/drop',10)
[1.146s]                                                      ^
[1.146s] 
[1.146s] ./turtle_brick/arena.py:60:62: E231 missing whitespace after ','
[1.146s]         self.drop_pub = self.create_publisher(Vector3,'/drop',10)
[1.146s]                                                              ^
[1.146s] 
[1.147s] ./turtle_brick/arena.py:61:55: E231 missing whitespace after ','
[1.147s]         self.platform_pub = self.create_publisher(Bool,'/catch',10)
[1.147s]                                                       ^
[1.147s] 
[1.147s] ./turtle_brick/arena.py:61:64: E231 missing whitespace after ','
[1.147s]         self.platform_pub = self.create_publisher(Bool,'/catch',10)
[1.147s]                                                                ^
[1.147s] 
[1.148s] ./turtle_brick/arena.py:64:1: W293 blank line contains whitespace
[1.148s]         
[1.148s] ^
[1.148s] 
[1.148s] ./turtle_brick/arena.py:67:1: W293 blank line contains whitespace
[1.148s]         
[1.148s] ^
[1.149s] 
[1.149s] ./turtle_brick/arena.py:68:9: E265 block comment should start with '# '
[1.149s]         #initialize services
[1.149s]         ^
[1.149s] 
[1.149s] ./turtle_brick/arena.py:69:47: E231 missing whitespace after ','
[1.149s]         self.place = self.create_service(Place,"/place",self.place_callback)
[1.149s]                                               ^
[1.150s] 
[1.150s] ./turtle_brick/arena.py:69:56: E231 missing whitespace after ','
[1.150s]         self.place = self.create_service(Place,"/place",self.place_callback)
[1.150s]                                                        ^
[1.150s] 
[1.150s] ./turtle_brick/arena.py:70:46: E231 missing whitespace after ','
[1.150s]         self.drop = self.create_service(Empty,"/drop",self.drop_callback)
[1.151s]                                              ^
[1.151s] 
[1.151s] ./turtle_brick/arena.py:70:54: E231 missing whitespace after ','
[1.151s]         self.drop = self.create_service(Empty,"/drop",self.drop_callback)
[1.151s]                                                      ^
[1.151s] 
[1.151s] ./turtle_brick/arena.py:71:1: W293 blank line contains whitespace
[1.151s]         
[1.152s] ^
[1.152s] 
[1.152s] ./turtle_brick/arena.py:72:9: E265 block comment should start with '# '
[1.152s]         #creating brick marker
[1.152s]         ^
[1.152s] 
[1.152s] ./turtle_brick/arena.py:89:9: E265 block comment should start with '# '
[1.153s]         #creating wall markers
[1.153s]         ^
[1.153s] 
[1.153s] ./turtle_brick/arena.py:175:9: E303 too many blank lines (2)
[1.153s]         #initializing brick variables
[1.153s]         ^
[1.154s] 
[1.154s] ./turtle_brick/arena.py:175:9: E265 block comment should start with '# '
[1.154s]         #initializing brick variables
[1.154s]         ^
[1.154s] 
[1.154s] ./turtle_brick/arena.py:178:26: W291 trailing whitespace
[1.154s]         self.brickz = 0.0 
[1.155s]                          ^
[1.155s] 
[1.155s] ./turtle_brick/arena.py:191:42: E231 missing whitespace after ','
[1.155s]         self.wall = self.create_timer(0.5,self.wall_callback)
[1.155s]                                          ^
[1.155s] 
[1.156s] ./turtle_brick/arena.py:193:37: E231 missing whitespace after ','
[1.156s]     def place_callback(self, request,response):
[1.156s]                                     ^
[1.156s] 
[1.156s] ./turtle_brick/arena.py:194:35: E231 missing whitespace after ','
[1.156s]         self.place_brick(request.x,request.y,request.z)
[1.156s]                                   ^
[1.156s] 
[1.157s] ./turtle_brick/arena.py:194:45: E231 missing whitespace after ','
[1.157s]         self.place_brick(request.x,request.y,request.z)
[1.157s]                                             ^
[1.157s] 
[1.157s] ./turtle_brick/arena.py:197:1: W293 blank line contains whitespace
[1.157s]     
[1.157s] ^
[1.157s] 
[1.158s] ./turtle_brick/arena.py:198:28: E231 missing whitespace after ','
[1.158s]     def robot_callback(self,msg):
[1.158s]                            ^
[1.158s] 
[1.158s] ./turtle_brick/arena.py:205:24: E225 missing whitespace around operator
[1.158s]             if tilt_ang>=0.5:
[1.158s]                        ^
[1.158s] 
[1.159s] ./turtle_brick/arena.py:207:48: E231 missing whitespace after ','
[1.159s]                 self.set_brick(self.brickxplace,self.brickyplace,self.brickzplace)
[1.159s]                                                ^
[1.159s] 
[1.159s] ./turtle_brick/arena.py:207:65: E231 missing whitespace after ','
[1.159s]                 self.set_brick(self.brickxplace,self.brickyplace,self.brickzplace)
[1.159s]                                                                 ^
[1.159s] 
[1.160s] ./turtle_brick/arena.py:209:46: E231 missing whitespace after ','
[1.160s]                 self.set_brick(self.platformx,self.platformy,self.platformz)
[1.160s]                                              ^
[1.160s] 
[1.160s] ./turtle_brick/arena.py:209:61: E231 missing whitespace after ','
[1.160s]                 self.set_brick(self.platformx,self.platformy,self.platformz)
[1.160s]                                                             ^
[1.160s] 
[1.160s] ./turtle_brick/arena.py:211:36: E231 missing whitespace after ','
[1.160s]     def drop_callback(self, request,response):
[1.160s]                                    ^
[1.160s] 
[1.160s] ./turtle_brick/arena.py:212:13: E225 missing whitespace around operator
[1.161s]         drop=Vector3()
[1.161s]             ^
[1.161s] 
[1.161s] ./turtle_brick/arena.py:222:9: E265 block comment should start with '# '
[1.161s]         #publishing wall markers
[1.161s]         ^
[1.161s] 
[1.161s] ./turtle_brick/arena.py:239:58: E225 missing whitespace around operator
[1.161s]         self.brick_marker.pose.position.z = self.brickz +0.1
[1.161s]                                                          ^
[1.161s] 
[1.161s] ./turtle_brick/arena.py:242:1: W293 blank line contains whitespace
[1.161s]         
[1.162s] ^
[1.162s] 
[1.162s] ./turtle_brick/arena.py:243:1: W293 blank line contains whitespace
[1.162s]     
[1.162s] ^
[1.162s] 
[1.162s] ./turtle_brick/arena.py:244:5: E303 too many blank lines (2)
[1.162s]     def set_brick(self,x,y,z):
[1.162s]     ^
[1.162s] 
[1.162s] ./turtle_brick/arena.py:244:23: E231 missing whitespace after ','
[1.162s]     def set_brick(self,x,y,z):
[1.162s]                       ^
[1.163s] 
[1.163s] ./turtle_brick/arena.py:244:25: E231 missing whitespace after ','
[1.163s]     def set_brick(self,x,y,z):
[1.163s]                         ^
[1.163s] 
[1.163s] ./turtle_brick/arena.py:244:27: E231 missing whitespace after ','
[1.163s]     def set_brick(self,x,y,z):
[1.163s]                           ^
[1.163s] 
[1.163s] ./turtle_brick/arena.py:249:1: W293 blank line contains whitespace
[1.163s]     
[1.163s] ^
[1.163s] 
[1.164s] ./turtle_brick/arena.py:256:25: E231 missing whitespace after ','
[1.164s]         self.set_brick(x,y,z)
[1.164s]                         ^
[1.164s] 
[1.164s] ./turtle_brick/arena.py:256:27: E231 missing whitespace after ','
[1.164s]         self.set_brick(x,y,z)
[1.164s]                           ^
[1.164s] 
[1.164s] ./turtle_brick/arena.py:258:30: W291 trailing whitespace
[1.164s]     def timer_callback(self):    
[1.164s]                              ^
[1.164s] 
[1.165s] ./turtle_brick/arena.py:260:42: E225 missing whitespace around operator
[1.165s]             self.seconds = self.seconds +0.004
[1.165s]                                          ^
[1.165s] 
[1.165s] ./turtle_brick/arena.py:261:65: E261 at least two spaces before inline comment
[1.165s]             self.brickz = self.brickz-0.5*self.g*self.seconds**2 #has to grab gravity this from yaml
[1.165s]                                                                 ^
[1.165s] 
[1.165s] ./turtle_brick/arena.py:261:66: E262 inline comment should start with '# '
[1.165s]             self.brickz = self.brickz-0.5*self.g*self.seconds**2 #has to grab gravity this from yaml
[1.165s]                                                                  ^
[1.165s] 
[1.166s] ./turtle_brick/arena.py:261:100: E501 line too long (100 > 99 characters)
[1.166s]             self.brickz = self.brickz-0.5*self.g*self.seconds**2 #has to grab gravity this from yaml
[1.166s]                                                                                                    ^
[1.166s] 
[1.166s] ./turtle_brick/arena.py:278:9: E225 missing whitespace around operator
[1.166s]     node= Arena()
[1.166s]         ^
[1.166s] 
[1.166s] ./turtle_brick/arena.py:280:19: W291 trailing whitespace
[1.166s]     rclpy.shutdown 
[1.166s]                   ^
[1.166s] 
[1.166s] ./turtle_brick/arena.py:281:1: W391 blank line at end of file
[1.167s] 
[1.167s] ^
[1.167s] 
[1.167s] ./turtle_brick/turtle_robot.py:2:1: F401 'tokenize.Double' imported but unused
[1.167s] from tokenize import Double, String
[1.167s] ^
[1.167s] 
[1.167s] ./turtle_brick/turtle_robot.py:2:1: F401 'tokenize.String' imported but unused
[1.167s] from tokenize import Double, String
[1.167s] ^
[1.167s] 
[1.167s] ./turtle_brick/turtle_robot.py:9:34: W291 trailing whitespace
[1.167s] from nav_msgs.msg import Odometry 
[1.168s]                                  ^
[1.168s] 
[1.168s] ./turtle_brick/turtle_robot.py:10:1: F401 'geometry_msgs.msg.Vector3' imported but unused
[1.168s] from geometry_msgs.msg import Twist, Vector3, TransformStamped, PoseStamped, Pose
[1.168s] ^
[1.168s] 
[1.168s] ./turtle_brick/turtle_robot.py:11:1: F401 'visualization_msgs.msg.Marker' imported but unused
[1.168s] from visualization_msgs.msg import Marker 
[1.168s] ^
[1.168s] 
[1.168s] ./turtle_brick/turtle_robot.py:11:42: W291 trailing whitespace
[1.168s] from visualization_msgs.msg import Marker 
[1.169s]                                          ^
[1.169s] 
[1.169s] ./turtle_brick/turtle_robot.py:12:45: W291 trailing whitespace
[1.169s] from turtle_brick_interfaces.msg import Tilt 
[1.169s]                                             ^
[1.169s] 
[1.169s] ./turtle_brick/turtle_robot.py:13:12: W291 trailing whitespace
[1.169s] import math 
[1.169s]            ^
[1.169s] 
[1.169s] ./turtle_brick/turtle_robot.py:14:1: E265 block comment should start with '# '
[1.170s] #from .quaternion import angle_axis_to_quaternion
[1.170s] ^
[1.170s] 
[1.170s] ./turtle_brick/turtle_robot.py:16:1: E302 expected 2 blank lines, found 1
[1.170s] class Turtle_robot(Node):
[1.170s] ^
[1.170s] 
[1.170s] ./turtle_brick/turtle_robot.py:21:9: E265 block comment should start with '# '
[1.170s]         #params
[1.170s]         ^
[1.170s] 
[1.170s] ./turtle_brick/turtle_robot.py:22:33: W291 trailing whitespace
[1.171s]         self.declare_parameters( 
[1.171s]                                 ^
[1.171s] 
[1.171s] ./turtle_brick/turtle_robot.py:27:32: E231 missing whitespace after ','
[1.171s]                 ('max_velocity',3.0),
[1.171s]                                ^
[1.171s] 
[1.171s] ./turtle_brick/turtle_robot.py:28:27: E231 missing whitespace after ','
[1.171s]                 ('gravity',9.8)
[1.171s]                           ^
[1.171s] 
[1.171s] ./turtle_brick/turtle_robot.py:38:65: E231 missing whitespace after ','
[1.172s]         self.joint_publisher_ = self.create_publisher(JointState,'/joint_states',qos_profile)
[1.172s]                                                                 ^
[1.172s] 
[1.172s] ./turtle_brick/turtle_robot.py:38:81: E231 missing whitespace after ','
[1.172s]         self.joint_publisher_ = self.create_publisher(JointState,'/joint_states',qos_profile)
[1.172s]                                                                                 ^
[1.172s] 
[1.172s] ./turtle_brick/turtle_robot.py:39:55: E231 missing whitespace after ','
[1.172s]         self.odom_pub = self.create_publisher(Odometry,'/odom',10)
[1.172s]                                                       ^
[1.172s] 
[1.172s] ./turtle_brick/turtle_robot.py:39:63: E231 missing whitespace after ','
[1.172s]         self.odom_pub = self.create_publisher(Odometry,'/odom',10)
[1.173s]                                                               ^
[1.173s] 
[1.173s] ./turtle_brick/turtle_robot.py:40:51: E231 missing whitespace after ','
[1.173s]         self.vel_pub = self.create_publisher(Twist,'/cmd_vel',10)
[1.173s]                                                   ^
[1.173s] 
[1.173s] ./turtle_brick/turtle_robot.py:40:62: E231 missing whitespace after ','
[1.173s]         self.vel_pub = self.create_publisher(Twist,'/cmd_vel',10)
[1.173s]                                                              ^
[1.173s] 
[1.173s] ./turtle_brick/turtle_robot.py:41:52: E231 missing whitespace after ','
[1.173s]         self.robot_pub = self.create_publisher(Pose,'/robot',10)
[1.173s]                                                    ^
[1.173s] 
[1.174s] ./turtle_brick/turtle_robot.py:41:61: E231 missing whitespace after ','
[1.174s]         self.robot_pub = self.create_publisher(Pose,'/robot',10)
[1.174s]                                                             ^
[1.174s] 
[1.174s] ./turtle_brick/turtle_robot.py:43:61: E231 missing whitespace after ','
[1.174s]         self.goal_sub = self.create_subscription(PoseStamped,'/goal_pose',self.pose_callback,10)
[1.174s]                                                             ^
[1.174s] 
[1.174s] ./turtle_brick/turtle_robot.py:43:74: E231 missing whitespace after ','
[1.174s]         self.goal_sub = self.create_subscription(PoseStamped,'/goal_pose',self.pose_callback,10)
[1.174s]                                                                          ^
[1.174s] 
[1.174s] ./turtle_brick/turtle_robot.py:43:93: E231 missing whitespace after ','
[1.174s]         self.goal_sub = self.create_subscription(PoseStamped,'/goal_pose',self.pose_callback,10)
[1.175s]                                                                                             ^
[1.175s] 
[1.175s] ./turtle_brick/turtle_robot.py:44:54: E231 missing whitespace after ','
[1.175s]         self.tilt_sub = self.create_subscription(Tilt,'/tilt',self.tilt_callback,10)
[1.175s]                                                      ^
[1.175s] 
[1.175s] ./turtle_brick/turtle_robot.py:44:62: E231 missing whitespace after ','
[1.175s]         self.tilt_sub = self.create_subscription(Tilt,'/tilt',self.tilt_callback,10)
[1.175s]                                                              ^
[1.175s] 
[1.175s] ./turtle_brick/turtle_robot.py:44:81: E231 missing whitespace after ','
[1.176s]         self.tilt_sub = self.create_subscription(Tilt,'/tilt',self.tilt_callback,10)
[1.176s]                                                                                 ^
[1.176s] 
[1.176s] ./turtle_brick/turtle_robot.py:46:53: W291 trailing whitespace
[1.176s]         # Static broadcasters publish on /tf_static.        
[1.176s]                                                     ^
[1.176s] 
[1.176s] ./turtle_brick/turtle_robot.py:50:1: W293 blank line contains whitespace
[1.176s]         
[1.176s] ^
[1.176s] 
[1.176s] ./turtle_brick/turtle_robot.py:59:9: E265 block comment should start with '# '
[1.176s]         #positions 
[1.177s]         ^
[1.177s] 
[1.177s] ./turtle_brick/turtle_robot.py:59:19: W291 trailing whitespace
[1.177s]         #positions 
[1.177s]                   ^
[1.177s] 
[1.177s] ./turtle_brick/turtle_robot.py:60:28: W291 trailing whitespace
[1.177s]         self.currentx = 0.0 
[1.177s]                            ^
[1.177s] 
[1.177s] ./turtle_brick/turtle_robot.py:81:9: E265 block comment should start with '# '
[1.177s]         #joint state publisher
[1.177s]         ^
[1.177s] 
[1.178s] ./turtle_brick/turtle_robot.py:87:23: E225 missing whitespace around operator
[1.178s]         self.tilt_angf= 0.0
[1.178s]                       ^
[1.178s] 
[1.178s] ./turtle_brick/turtle_robot.py:94:9: E265 block comment should start with '# '
[1.178s]         #cmd_vel publisher
[1.178s]         ^
[1.178s] 
[1.178s] ./turtle_brick/turtle_robot.py:97:9: E265 block comment should start with '# '
[1.178s]         #create pose publisher
[1.178s]         ^
[1.178s] 
[1.178s] ./turtle_brick/turtle_robot.py:104:1: W293 blank line contains whitespace
[1.178s]     
[1.179s] ^
[1.179s] 
[1.179s] ./turtle_brick/turtle_robot.py:105:27: E231 missing whitespace after ','
[1.179s]     def pose_callback(self,msg):
[1.179s]                           ^
[1.179s] 
[1.179s] ./turtle_brick/turtle_robot.py:106:76: E231 missing whitespace after ','
[1.179s]         self.get_logger().info('goal pose: %f %f %f' % (msg.pose.position.x,msg.pose.position.y,msg.pose.orientation.z) )
[1.179s]                                                                            ^
[1.179s] 
[1.179s] ./turtle_brick/turtle_robot.py:106:96: E231 missing whitespace after ','
[1.179s]         self.get_logger().info('goal pose: %f %f %f' % (msg.pose.position.x,msg.pose.position.y,msg.pose.orientation.z) )
[1.179s]                                                                                                ^
[1.179s] 
[1.180s] ./turtle_brick/turtle_robot.py:106:100: E501 line too long (121 > 99 characters)
[1.180s]         self.get_logger().info('goal pose: %f %f %f' % (msg.pose.position.x,msg.pose.position.y,msg.pose.orientation.z) )
[1.180s]                                                                                                    ^
[1.180s] 
[1.180s] ./turtle_brick/turtle_robot.py:106:120: E202 whitespace before ')'
[1.180s]         self.get_logger().info('goal pose: %f %f %f' % (msg.pose.position.x,msg.pose.position.y,msg.pose.orientation.z) )
[1.180s]                                                                                                                        ^
[1.180s] 
[1.180s] ./turtle_brick/turtle_robot.py:115:15: E225 missing whitespace around operator
[1.180s]         if (dy<0 and dx>0) or (dy>0 and dx>0):
[1.180s]               ^
[1.180s] 
[1.181s] ./turtle_brick/turtle_robot.py:115:24: E225 missing whitespace around operator
[1.181s]         if (dy<0 and dx>0) or (dy>0 and dx>0):
[1.181s]                        ^
[1.181s] 
[1.181s] ./turtle_brick/turtle_robot.py:115:34: E225 missing whitespace around operator
[1.181s]         if (dy<0 and dx>0) or (dy>0 and dx>0):
[1.181s]                                  ^
[1.181s] 
[1.181s] ./turtle_brick/turtle_robot.py:115:43: E225 missing whitespace around operator
[1.181s]         if (dy<0 and dx>0) or (dy>0 and dx>0):
[1.181s]                                           ^
[1.181s] 
[1.181s] ./turtle_brick/turtle_robot.py:125:27: E231 missing whitespace after ','
[1.181s]     def tilt_callback(self,msg):
[1.182s]                           ^
[1.182s] 
[1.182s] ./turtle_brick/turtle_robot.py:131:1: W293 blank line contains whitespace
[1.182s]         
[1.182s] ^
[1.182s] 
[1.182s] ./turtle_brick/turtle_robot.py:132:9: E265 block comment should start with '# '
[1.182s]         #update odom
[1.182s]         ^
[1.182s] 
[1.182s] ./turtle_brick/turtle_robot.py:139:1: W293 blank line contains whitespace
[1.182s]         
[1.182s] ^
[1.182s] 
[1.183s] ./turtle_brick/turtle_robot.py:140:9: E303 too many blank lines (2)
[1.183s]         #updating joint states
[1.183s]         ^
[1.183s] 
[1.183s] ./turtle_brick/turtle_robot.py:140:9: E265 block comment should start with '# '
[1.183s]         #updating joint states
[1.183s]         ^
[1.183s] 
[1.183s] ./turtle_brick/turtle_robot.py:142:46: E231 missing whitespace after ','
[1.183s]         self.joint_state.name = ['stem_wheel','base_stem','link_platform1']
[1.183s]                                              ^
[1.183s] 
[1.183s] ./turtle_brick/turtle_robot.py:142:58: E231 missing whitespace after ','
[1.184s]         self.joint_state.name = ['stem_wheel','base_stem','link_platform1']
[1.184s]                                                          ^
[1.184s] 
[1.184s] ./turtle_brick/turtle_robot.py:144:1: W293 blank line contains whitespace
[1.184s]         
[1.184s] ^
[1.184s] 
[1.184s] ./turtle_brick/turtle_robot.py:145:9: E265 block comment should start with '# '
[1.184s]         #update twist
[1.184s]         ^
[1.184s] 
[1.184s] ./turtle_brick/turtle_robot.py:148:1: W293 blank line contains whitespace
[1.184s]         
[1.184s] ^
[1.185s] 
[1.185s] ./turtle_brick/turtle_robot.py:149:9: E265 block comment should start with '# '
[1.185s]         #update robot pose
[1.185s]         ^
[1.185s] 
[1.185s] ./turtle_brick/turtle_robot.py:150:34: E225 missing whitespace around operator
[1.185s]         self.robo_pose.position.x=self.currentx
[1.185s]                                  ^
[1.185s] 
[1.185s] ./turtle_brick/turtle_robot.py:151:34: E225 missing whitespace around operator
[1.185s]         self.robo_pose.position.y=self.currenty
[1.185s]                                  ^
[1.185s] 
[1.185s] ./turtle_brick/turtle_robot.py:152:34: E225 missing whitespace around operator
[1.186s]         self.robo_pose.position.z=self.height
[1.186s]                                  ^
[1.186s] 
[1.186s] ./turtle_brick/turtle_robot.py:155:9: E265 block comment should start with '# '
[1.186s]         #update transforms
[1.186s]         ^
[1.186s] 
[1.186s] ./turtle_brick/turtle_robot.py:156:68: W291 trailing whitespace
[1.186s]         self.odom_base_link.transform.translation.x = self.currentx 
[1.186s]                                                                    ^
[1.186s] 
[1.186s] ./turtle_brick/turtle_robot.py:157:68: W291 trailing whitespace
[1.186s]         self.odom_base_link.transform.translation.y = self.currenty 
[1.186s]                                                                    ^
[1.186s] 
[1.187s] ./turtle_brick/turtle_robot.py:158:48: W291 trailing whitespace
[1.187s]         self.odom_base_link.header.stamp = time 
[1.187s]                                                ^
[1.187s] 
[1.187s] ./turtle_brick/turtle_robot.py:160:9: E265 block comment should start with '# '
[1.187s]         #broadcasting and publishing
[1.187s]         ^
[1.187s] 
[1.187s] ./turtle_brick/turtle_robot.py:161:56: W291 trailing whitespace
[1.187s]         self.joint_publisher_.publish(self.joint_state) 
[1.187s]                                                        ^
[1.187s] 
[1.187s] ./turtle_brick/turtle_robot.py:166:9: E265 block comment should start with '# '
[1.188s]         #moving the robot to goal pose
[1.188s]         ^
[1.188s] 
[1.188s] ./turtle_brick/turtle_robot.py:172:41: E225 missing whitespace around operator
[1.188s]         if abs(self.currenty-self.goaly)<= 0.03:
[1.188s]                                         ^
[1.188s] 
[1.188s] ./turtle_brick/turtle_robot.py:175:1: W293 blank line contains whitespace
[1.188s]         
[1.188s] ^
[1.188s] 
[1.188s] ./turtle_brick/turtle_robot.py:176:9: E265 block comment should start with '# '
[1.188s]         #move the wheel and stem to face direction and roll
[1.188s]         ^
[1.189s] 
[1.189s] ./turtle_brick/turtle_robot.py:177:38: E225 missing whitespace around operator
[1.189s]         if self.vx != 0.0 and self.vy!=0.0:
[1.189s]                                      ^
[1.189s] 
[1.189s] ./turtle_brick/turtle_robot.py:179:49: E225 missing whitespace around operator
[1.189s]         if abs(self.stem_ang-self.direction_ang)>= 0.2:
[1.189s]                                                 ^
[1.189s] 
[1.189s] ./turtle_brick/turtle_robot.py:180:51: E225 missing whitespace around operator
[1.189s]             if self.stem_ang-self.direction_ang >=0:
[1.189s]                                                   ^
[1.189s] 
[1.189s] ./turtle_brick/turtle_robot.py:182:80: E202 whitespace before ')'
[1.190s]                 self.get_logger().info('stem angle: "%s"' % (self.direction_ang ))
[1.190s]                                                                                ^
[1.190s] 
[1.190s] ./turtle_brick/turtle_robot.py:186:9: E265 block comment should start with '# '
[1.190s]         #tilt if tilt is called
[1.190s]         ^
[1.190s] 
[1.190s] ./turtle_brick/turtle_robot.py:188:52: E225 missing whitespace around operator
[1.190s]             if abs(self.tilt_ang-self.tilt_angf) >=0.01:       
[1.190s]                                                    ^
[1.190s] 
[1.190s] ./turtle_brick/turtle_robot.py:188:57: W291 trailing whitespace
[1.190s]             if abs(self.tilt_ang-self.tilt_angf) >=0.01:       
[1.191s]                                                         ^
[1.191s] 
[1.191s] ./turtle_brick/turtle_robot.py:190:34: E225 missing whitespace around operator
[1.191s]                     self.tilt_ang-=0.005
[1.191s]                                  ^
[1.191s] 
[1.191s] ./turtle_brick/turtle_robot.py:192:34: E225 missing whitespace around operator
[1.191s]                     self.tilt_ang+=0.005
[1.191s]                                  ^
[1.191s] 
[1.191s] ./turtle_brick/turtle_robot.py:197:1: W293 blank line contains whitespace
[1.191s]         
[1.192s] ^
[1.192s] 
[1.192s] ./turtle_brick/turtle_robot.py:198:1: W293 blank line contains whitespace
[1.192s]         
[1.192s] ^
[1.192s] 
[1.192s] ./turtle_brick/turtle_robot.py:200:1: E303 too many blank lines (3)
[1.192s] def main(args=None):
[1.192s] ^
[1.192s] 
[1.192s] ./turtle_brick/turtle_robot.py:202:16: E225 missing whitespace around operator
[1.192s]     turtleRobot= Turtle_robot()
[1.192s]                ^
[1.192s] 
[1.193s] ./turtle_brick/turtle_robot.py:204:19: W291 trailing whitespace
[1.193s]     rclpy.shutdown 
[1.193s]                   ^
[1.193s] 
[1.193s] ./turtle_brick/turtle_robot.py:206:1: W391 blank line at end of file
[1.193s] 
[1.193s] ^
[1.193s] 
[1.193s] ./turtle_brick/catcher.py:2:1: F401 'cmath.sqrt' imported but unused
[1.193s] from cmath import sqrt
[1.193s] ^
[1.193s] 
[1.193s] ./turtle_brick/catcher.py:6:1: F401 'tf2_ros.static_transform_broadcaster.StaticTransformBroadcaster' imported but unused
[1.193s] from tf2_ros.static_transform_broadcaster import StaticTransformBroadcaster
[1.194s] ^
[1.194s] 
[1.194s] ./turtle_brick/catcher.py:7:1: F401 'tf2_ros.TransformBroadcaster' imported but unused
[1.194s] from tf2_ros import TransformBroadcaster
[1.194s] ^
[1.194s] 
[1.194s] ./turtle_brick/catcher.py:8:1: F401 'geometry_msgs.msg.TransformStamped' imported but unused
[1.194s] from geometry_msgs.msg import TransformStamped, Pose, PoseStamped, Vector3
[1.194s] ^
[1.194s] 
[1.194s] ./turtle_brick/catcher.py:9:1: F401 'turtle_brick_interfaces.srv.Place' imported but unused
[1.194s] from turtle_brick_interfaces.srv import Place, Drop
[1.194s] ^
[1.194s] 
[1.195s] ./turtle_brick/catcher.py:9:1: F401 'turtle_brick_interfaces.srv.Drop' imported but unused
[1.195s] from turtle_brick_interfaces.srv import Place, Drop
[1.195s] ^
[1.195s] 
[1.195s] ./turtle_brick/catcher.py:11:42: W291 trailing whitespace
[1.195s] from visualization_msgs.msg import Marker 
[1.195s]                                          ^
[1.195s] 
[1.195s] ./turtle_brick/catcher.py:12:12: W291 trailing whitespace
[1.195s] import math 
[1.196s]            ^
[1.196s] 
[1.196s] ./turtle_brick/catcher.py:14:1: F401 '.quaternion.angle_axis_to_quaternion' imported but unused
[1.196s] from .quaternion import angle_axis_to_quaternion
[1.196s] ^
[1.196s] 
[1.196s] ./turtle_brick/catcher.py:17:1: E302 expected 2 blank lines, found 1
[1.196s] class State(Enum):
[1.196s] ^
[1.196s] 
[1.196s] ./turtle_brick/catcher.py:23:1: E302 expected 2 blank lines, found 1
[1.196s] class Catcher(Node):
[1.196s] ^
[1.196s] 
[1.197s] ./turtle_brick/catcher.py:29:9: E265 block comment should start with '# '
[1.197s]         #params
[1.197s]         ^
[1.197s] 
[1.197s] ./turtle_brick/catcher.py:30:33: W291 trailing whitespace
[1.197s]         self.declare_parameters( 
[1.197s]                                 ^
[1.197s] 
[1.197s] ./turtle_brick/catcher.py:35:32: E231 missing whitespace after ','
[1.197s]                 ('max_velocity',3.0),
[1.197s]                                ^
[1.197s] 
[1.197s] ./turtle_brick/catcher.py:36:27: E231 missing whitespace after ','
[1.197s]                 ('gravity',9.8)
[1.198s]                           ^
[1.198s] 
[1.198s] ./turtle_brick/catcher.py:43:9: E265 block comment should start with '# '
[1.198s]         #variables
[1.198s]         ^
[1.198s] 
[1.198s] ./turtle_brick/catcher.py:46:9: E265 block comment should start with '# '
[1.198s]         #state
[1.198s]         ^
[1.198s] 
[1.198s] ./turtle_brick/catcher.py:48:9: E265 block comment should start with '# '
[1.199s]         #subscritions
[1.199s]         ^
[1.200s] 
[1.200s] ./turtle_brick/catcher.py:49:55: E231 missing whitespace after ','
[1.200s]         self.robot_sub = self.create_subscription(Pose,'/robot',self.robot_callback,10)
[1.200s]                                                       ^
[1.200s] 
[1.200s] ./turtle_brick/catcher.py:49:64: E231 missing whitespace after ','
[1.201s]         self.robot_sub = self.create_subscription(Pose,'/robot',self.robot_callback,10)
[1.201s]                                                                ^
[1.201s] 
[1.201s] ./turtle_brick/catcher.py:49:84: E231 missing whitespace after ','
[1.201s]         self.robot_sub = self.create_subscription(Pose,'/robot',self.robot_callback,10)
[1.201s]                                                                                    ^
[1.201s] 
[1.201s] ./turtle_brick/catcher.py:50:57: E231 missing whitespace after ','
[1.202s]         self.drop_sub = self.create_subscription(Vector3,'/drop', self.drop_callback,10)
[1.202s]                                                         ^
[1.202s] 
[1.202s] ./turtle_brick/catcher.py:50:85: E231 missing whitespace after ','
[1.202s]         self.drop_sub = self.create_subscription(Vector3,'/drop', self.drop_callback,10)
[1.202s]                                                                                     ^
[1.202s] 
[1.202s] ./turtle_brick/catcher.py:51:55: E231 missing whitespace after ','
[1.203s]         self.catch_sub = self.create_subscription(Bool,'/catch', self.catch_callback,10)
[1.203s]                                                       ^
[1.203s] 
[1.203s] ./turtle_brick/catcher.py:51:85: E231 missing whitespace after ','
[1.203s]         self.catch_sub = self.create_subscription(Bool,'/catch', self.catch_callback,10)
[1.203s]                                                                                     ^
[1.203s] 
[1.203s] ./turtle_brick/catcher.py:52:9: E265 block comment should start with '# '
[1.203s]         #publisher
[1.203s]         ^
[1.204s] 
[1.204s] ./turtle_brick/catcher.py:53:28: E225 missing whitespace around operator
[1.204s]         self.brick_land_pub= self.create_publisher(Pose,'/land',10)
[1.204s]                            ^
[1.204s] 
[1.204s] ./turtle_brick/catcher.py:53:56: E231 missing whitespace after ','
[1.204s]         self.brick_land_pub= self.create_publisher(Pose,'/land',10)
[1.204s]                                                        ^
[1.204s] 
[1.204s] ./turtle_brick/catcher.py:53:64: E231 missing whitespace after ','
[1.205s]         self.brick_land_pub= self.create_publisher(Pose,'/land',10)
[1.205s]                                                                ^
[1.205s] 
[1.205s] ./turtle_brick/catcher.py:54:22: E225 missing whitespace around operator
[1.205s]         self.goal_pub= self.create_publisher(PoseStamped,'/goal_pose',10)
[1.205s]                      ^
[1.205s] 
[1.205s] ./turtle_brick/catcher.py:54:57: E231 missing whitespace after ','
[1.205s]         self.goal_pub= self.create_publisher(PoseStamped,'/goal_pose',10)
[1.206s]                                                         ^
[1.206s] 
[1.206s] ./turtle_brick/catcher.py:54:70: E231 missing whitespace after ','
[1.206s]         self.goal_pub= self.create_publisher(PoseStamped,'/goal_pose',10)
[1.206s]                                                                      ^
[1.206s] 
[1.206s] ./turtle_brick/catcher.py:55:22: E225 missing whitespace around operator
[1.206s]         self.tilt_pub= self.create_publisher(Tilt,'/tilt',10)
[1.206s]                      ^
[1.206s] 
[1.206s] ./turtle_brick/catcher.py:55:50: E231 missing whitespace after ','
[1.206s]         self.tilt_pub= self.create_publisher(Tilt,'/tilt',10)
[1.206s]                                                  ^
[1.206s] 
[1.206s] ./turtle_brick/catcher.py:55:58: E231 missing whitespace after ','
[1.207s]         self.tilt_pub= self.create_publisher(Tilt,'/tilt',10)
[1.207s]                                                          ^
[1.207s] 
[1.207s] ./turtle_brick/catcher.py:56:55: E231 missing whitespace after ','
[1.207s]         self.marker_pub = self.create_publisher(Marker,'/marker',10)
[1.207s]                                                       ^
[1.207s] 
[1.207s] ./turtle_brick/catcher.py:56:65: E231 missing whitespace after ','
[1.207s]         self.marker_pub = self.create_publisher(Marker,'/marker',10)
[1.207s]                                                                 ^
[1.207s] 
[1.207s] ./turtle_brick/catcher.py:57:9: E265 block comment should start with '# '
[1.207s]         #pose and posestamp and tilt
[1.207s]         ^
[1.207s] 
[1.208s] ./turtle_brick/catcher.py:59:1: W293 blank line contains whitespace
[1.208s]     
[1.208s] ^
[1.208s] 
[1.208s] ./turtle_brick/catcher.py:60:9: E265 block comment should start with '# '
[1.208s]         #the text marker
[1.208s]         ^
[1.208s] 
[1.208s] ./turtle_brick/catcher.py:83:1: W293 blank line contains whitespace
[1.208s]     
[1.208s] ^
[1.208s] 
[1.208s] ./turtle_brick/catcher.py:84:5: E303 too many blank lines (3)
[1.208s]     def robot_callback(self,msg):
[1.208s]     ^
[1.208s] 
[1.209s] ./turtle_brick/catcher.py:84:28: E231 missing whitespace after ','
[1.209s]     def robot_callback(self,msg):
[1.209s]                            ^
[1.209s] 
[1.209s] ./turtle_brick/catcher.py:88:100: E501 line too long (100 > 99 characters)
[1.209s]         if self.state == State.TILT and abs(self.platformx) <= 0.05 and abs(self.platformy) <= 0.05:
[1.209s]                                                                                                    ^
[1.209s] 
[1.209s] ./turtle_brick/catcher.py:94:1: W293 blank line contains whitespace
[1.209s]     
[1.209s] ^
[1.209s] 
[1.209s] ./turtle_brick/catcher.py:95:28: E231 missing whitespace after ','
[1.209s]     def catch_callback(self,msg):
[1.209s]                            ^
[1.209s] 
[1.210s] ./turtle_brick/catcher.py:105:5: E303 too many blank lines (2)
[1.210s]     def drop_callback(self,msg):
[1.210s]     ^
[1.210s] 
[1.210s] ./turtle_brick/catcher.py:105:27: E231 missing whitespace after ','
[1.210s]     def drop_callback(self,msg):
[1.210s]                           ^
[1.210s] 
[1.210s] ./turtle_brick/catcher.py:110:40: E225 missing whitespace around operator
[1.210s]         if self.brick_pose.position.z >self.height:
[1.210s]                                        ^
[1.210s] 
[1.210s] ./turtle_brick/catcher.py:112:13: E265 block comment should start with '# '
[1.210s]             #calc time takes robot to move to x,y position from current position in max velocity speed (3.0 m/s) to 0.3 radius of the platform
[1.210s]             ^
[1.211s] 
[1.211s] ./turtle_brick/catcher.py:112:100: E501 line too long (142 > 99 characters)
[1.211s]             #calc time takes robot to move to x,y position from current position in max velocity speed (3.0 m/s) to 0.3 radius of the platform
[1.211s]                                                                                                    ^
[1.211s] 
[1.211s] ./turtle_brick/catcher.py:113:100: E501 line too long (155 > 99 characters)
[1.211s]             timerobo = math.sqrt((abs(self.brick_pose.position.x-self.platformx)-0.3)**2+(abs(self.brick_pose.position.y-self.platformy)-0.3)**2)/self.vmax
[1.211s]                                                                                                    ^
[1.211s] 
[1.211s] ./turtle_brick/catcher.py:114:28: E225 missing whitespace around operator
[1.211s]             if timerobo+1.0<=timefall: #1.0 is to give some time for message to be revieved and acted upon
[1.211s]                            ^
[1.211s] 
[1.211s] ./turtle_brick/catcher.py:114:39: E261 at least two spaces before inline comment
[1.211s]             if timerobo+1.0<=timefall: #1.0 is to give some time for message to be revieved and acted upon
[1.212s]                                       ^
[1.212s] 
[1.212s] ./turtle_brick/catcher.py:114:40: E262 inline comment should start with '# '
[1.212s]             if timerobo+1.0<=timefall: #1.0 is to give some time for message to be revieved and acted upon
[1.212s]                                        ^
[1.212s] 
[1.212s] ./turtle_brick/catcher.py:114:100: E501 line too long (106 > 99 characters)
[1.212s]             if timerobo+1.0<=timefall: #1.0 is to give some time for message to be revieved and acted upon
[1.212s]                                                                                                    ^
[1.212s] 
[1.212s] ./turtle_brick/catcher.py:122:1: W293 blank line contains whitespace
[1.212s]         
[1.212s] ^
[1.212s] 
[1.212s] ./turtle_brick/catcher.py:123:1: W293 blank line contains whitespace
[1.213s]         
[1.213s] ^
[1.213s] 
[1.213s] ./turtle_brick/catcher.py:124:1: W293 blank line contains whitespace
[1.213s]         
[1.213s] ^
[1.213s] 
[1.213s] ./turtle_brick/catcher.py:127:1: E303 too many blank lines (6)
[1.213s] def catcher_entry(args=None):
[1.213s] ^
[1.213s] 
[1.213s] ./turtle_brick/catcher.py:131:21: W292 no newline at end of file
[1.213s]     rclpy.shutdown()                    ^
[1.214s] 
[1.214s] ./test/math_test.py:4:1: W293 blank line contains whitespace
[1.214s]         
[1.214s] ^
[1.214s] 
[1.214s] ./test/math_test.py:6:25: W292 no newline at end of file
[1.214s]         assert 5+6 == 20                        ^
[1.214s] 
[1.214s] ./test/brick.test.py:1:1: F401 'ament_copyright.main.main' imported but unused
[1.214s] from ament_copyright.main import main
[1.214s] ^
[1.214s] 
[1.214s] ./test/brick.test.py:2:1: F401 'pytest' imported but unused
[1.214s] import pytest
[1.214s] ^
[1.215s] 
[1.215s] ./test/brick.test.py:3:1: F401 'launch' imported but unused
[1.215s] import launch
[1.215s] ^
[1.215s] 
[1.215s] ./test/brick.test.py:4:1: F401 'launch_pytest' imported but unused
[1.215s] import launch_pytest
[1.215s] ^
[1.215s] 
[1.215s] ./test/brick.test.py:5:1: F401 'sys' imported but unused
[1.215s] import sys
[1.215s] ^
[1.216s] 
[1.216s] ./test/brick.test.py:6:1: F401 'launch_ros' imported but unused
[1.216s] import launch_ros
[1.216s] ^
[1.216s] 
[1.216s] ./test/brick.test.py:7:1: F401 'pathlib.Path' imported but unused
[1.216s] from pathlib import Path
[1.216s] ^
[1.216s] 
[1.216s] ./test/brick.test.py:8:1: E265 block comment should start with '# '
[1.216s] #found this example here https://github.com/ros2/launch/blob/humble/launch_pytest/test/launch_pytest/examples/check_node_msgs.py
[1.216s] ^
[1.216s] 
[1.216s] ./test/brick.test.py:8:100: E501 line too long (128 > 99 characters)
[1.217s] #found this example here https://github.com/ros2/launch/blob/humble/launch_pytest/test/launch_pytest/examples/check_node_msgs.py
[1.217s]                                                                                                    ^
[1.217s] 
[1.217s] ./test/brick.test.py:21:9: W292 no newline at end of file
[1.217s] #     ])        ^
[1.217s] 
[1.217s] ./launch/show_turtle.launch.py:1:1: F401 'ament_index_python.packages.get_package_share_path' imported but unused
[1.217s] from ament_index_python.packages import get_package_share_path,get_package_share_directory
[1.217s] ^
[1.217s] 
[1.217s] ./launch/show_turtle.launch.py:1:63: E231 missing whitespace after ','
[1.217s] from ament_index_python.packages import get_package_share_path,get_package_share_directory
[1.217s]                                                               ^
[1.217s] 
[1.217s] ./launch/show_turtle.launch.py:5:1: F401 'launch.conditions.UnlessCondition' imported but unused
[1.217s] from launch.conditions import IfCondition, UnlessCondition
[1.218s] ^
[1.218s] 
[1.218s] ./launch/show_turtle.launch.py:11:1: E302 expected 2 blank lines, found 1
[1.218s] def generate_launch_description():
[1.218s] ^
[1.218s] 
[1.218s] ./launch/show_turtle.launch.py:12:22: E225 missing whitespace around operator
[1.218s]     turtle_brick_path= 'src/turtle_brick'
[1.218s]                      ^
[1.218s] 
[1.218s] ./launch/show_turtle.launch.py:14:51: E225 missing whitespace around operator
[1.218s]     default_rviz_config_path = turtle_brick_path +'/config/turtle_urdf.rviz'
[1.218s]                                                   ^
[1.218s] 
[1.218s] ./launch/show_turtle.launch.py:15:1: W293 blank line contains whitespace
[1.218s]     
[1.219s] ^
[1.219s] 
[1.219s] ./launch/show_turtle.launch.py:16:5: F841 local variable 'use_sim_time' is assigned to but never used
[1.219s]     use_sim_time = LaunchConfiguration('use_sim_time', default='false')
[1.219s]     ^
[1.219s] 
[1.219s] ./launch/show_turtle.launch.py:18:100: E501 line too long (115 > 99 characters)
[1.219s]     use_jsp_arg = DeclareLaunchArgument(name='use_jsp', default_value='"gui"', choices=['"gui"', '"jsp"','"none"'],
[1.219s]                                                                                                    ^
[1.219s] 
[1.219s] ./launch/show_turtle.launch.py:18:105: E231 missing whitespace after ','
[1.219s]     use_jsp_arg = DeclareLaunchArgument(name='use_jsp', default_value='"gui"', choices=['"gui"', '"jsp"','"none"'],
[1.219s]                                                                                                         ^
[1.219s] 
[1.219s] ./launch/show_turtle.launch.py:19:37: E128 continuation line under-indented for visual indent
[1.219s]                                     description='Flag to enable joint_state_publisher_gui')#change
[1.220s]                                     ^
[1.220s] 
[1.220s] ./launch/show_turtle.launch.py:19:92: E261 at least two spaces before inline comment
[1.220s]                                     description='Flag to enable joint_state_publisher_gui')#change
[1.220s]                                                                                            ^
[1.220s] 
[1.220s] ./launch/show_turtle.launch.py:19:92: E262 inline comment should start with '# '
[1.220s]                                     description='Flag to enable joint_state_publisher_gui')#change
[1.220s]                                                                                            ^
[1.220s] 
[1.220s] ./launch/show_turtle.launch.py:22:100: E501 line too long (100 > 99 characters)
[1.220s]     rviz_arg = DeclareLaunchArgument(name='rvizconfig', default_value=str(default_rviz_config_path),
[1.220s]                                                                                                    ^
[1.220s] 
[1.220s] ./launch/show_turtle.launch.py:36:89: E231 missing whitespace after ','
[1.220s]         parameters=[{'robot_description': robot_description, 'publish_frequency': 100.0},config,]
[1.221s]                                                                                         ^
[1.221s] 
[1.221s] ./launch/show_turtle.launch.py:36:96: E231 missing whitespace after ','
[1.221s]         parameters=[{'robot_description': robot_description, 'publish_frequency': 100.0},config,]
[1.221s]                                                                                                ^
[1.221s] 
[1.221s] ./launch/show_turtle.launch.py:43:56: E231 missing whitespace after ','
[1.221s]         condition=IfCondition(PythonExpression([use_jsp,"=='jsp'"]))
[1.221s]                                                        ^
[1.221s] 
[1.221s] ./launch/show_turtle.launch.py:49:56: E231 missing whitespace after ','
[1.221s]         condition=IfCondition(PythonExpression([use_jsp,"=='gui'"]))
[1.221s]                                                        ^
[1.221s] 
[1.221s] ./launch/show_turtle.launch.py:68:7: W292 no newline at end of file
[1.221s]     ])      ^
[1.222s] 
[1.222s] ./launch/run_turtle.launch.py:2:1: F401 'ament_index_python.packages.get_package_share_path' imported but unused
[1.222s] from ament_index_python.packages import get_package_share_path, get_package_share_directory
[1.222s] ^
[1.222s] 
[1.222s] ./launch/run_turtle.launch.py:5:1: F401 'launch.actions.DeclareLaunchArgument' imported but unused
[1.222s] from launch.actions import DeclareLaunchArgument, IncludeLaunchDescription
[1.222s] ^
[1.222s] 
[1.222s] ./launch/run_turtle.launch.py:6:1: F401 'launch.conditions.IfCondition' imported but unused
[1.222s] from launch.conditions import IfCondition, UnlessCondition
[1.222s] ^
[1.222s] 
[1.222s] ./launch/run_turtle.launch.py:6:1: F401 'launch.conditions.UnlessCondition' imported but unused
[1.222s] from launch.conditions import IfCondition, UnlessCondition
[1.222s] ^
[1.223s] 
[1.223s] ./launch/run_turtle.launch.py:7:1: F401 'launch.substitutions.Command' imported but unused
[1.223s] from launch.substitutions import Command, LaunchConfiguration, PathJoinSubstitution
[1.223s] ^
[1.223s] 
[1.223s] ./launch/run_turtle.launch.py:7:1: F401 'launch.substitutions.LaunchConfiguration' imported but unused
[1.223s] from launch.substitutions import Command, LaunchConfiguration, PathJoinSubstitution
[1.223s] ^
[1.223s] 
[1.223s] ./launch/run_turtle.launch.py:10:1: F401 'launch_ros.parameter_descriptions.ParameterValue' imported but unused
[1.223s] from launch_ros.parameter_descriptions import ParameterValue
[1.223s] ^
[1.223s] 
[1.223s] ./launch/run_turtle.launch.py:40:23: E251 unexpected spaces around keyword / parameter equals
[1.223s]             remappings = [('/cmd_vel', '/turtlesim1/turtle1/cmd_vel'),],
[1.223s]                       ^
[1.224s] 
[1.224s] ./launch/run_turtle.launch.py:40:25: E251 unexpected spaces around keyword / parameter equals
[1.224s]             remappings = [('/cmd_vel', '/turtlesim1/turtle1/cmd_vel'),],
[1.224s]                         ^
[1.224s] 
[1.224s] ./launch/run_turtle.launch.py:40:70: E231 missing whitespace after ','
[1.224s]             remappings = [('/cmd_vel', '/turtlesim1/turtle1/cmd_vel'),],
[1.224s]                                                                      ^
[1.224s] 
[1.224s] ./launch/run_turtle.launch.py:43:1: W293 blank line contains whitespace
[1.224s]         
[1.224s] ^
[1.224s] 
[1.224s] ./launch/run_turtle.launch.py:44:7: W292 no newline at end of file
[1.225s]     ])      ^
[1.225s] 
[1.225s] ./launch/turtle_arena.launch.py:2:1: F401 'ament_index_python.packages.get_package_share_path' imported but unused
[1.225s] from ament_index_python.packages import get_package_share_path, get_package_share_directory
[1.225s] ^
[1.225s] 
[1.225s] ./launch/turtle_arena.launch.py:5:1: F401 'launch.actions.DeclareLaunchArgument' imported but unused
[1.225s] from launch.actions import DeclareLaunchArgument, IncludeLaunchDescription
[1.225s] ^
[1.225s] 
[1.225s] ./launch/turtle_arena.launch.py:6:1: F401 'launch.conditions.IfCondition' imported but unused
[1.225s] from launch.conditions import IfCondition, UnlessCondition
[1.225s] ^
[1.225s] 
[1.225s] ./launch/turtle_arena.launch.py:6:1: F401 'launch.conditions.UnlessCondition' imported but unused
[1.225s] from launch.conditions import IfCondition, UnlessCondition
[1.226s] ^
[1.226s] 
[1.226s] ./launch/turtle_arena.launch.py:7:1: F401 'launch.substitutions.Command' imported but unused
[1.226s] from launch.substitutions import Command, LaunchConfiguration, PathJoinSubstitution
[1.226s] ^
[1.226s] 
[1.226s] ./launch/turtle_arena.launch.py:7:1: F401 'launch.substitutions.LaunchConfiguration' imported but unused
[1.226s] from launch.substitutions import Command, LaunchConfiguration, PathJoinSubstitution
[1.226s] ^
[1.226s] 
[1.226s] ./launch/turtle_arena.launch.py:10:1: F401 'launch_ros.parameter_descriptions.ParameterValue' imported but unused
[1.226s] from launch_ros.parameter_descriptions import ParameterValue
[1.226s] ^
[1.226s] 
[1.226s] ./launch/turtle_arena.launch.py:42:1: W293 blank line contains whitespace
[1.227s]         
[1.227s] ^
[1.227s] 
[1.227s] ./launch/turtle_arena.launch.py:43:7: W292 no newline at end of file
[1.227s]     ])      ^
[1.227s] 
[1.227s] 1     E128 continuation line under-indented for visual indent
[1.227s] 2     E202 whitespace before ')'
[1.227s] 28    E225 missing whitespace around operator
[1.227s] 81    E231 missing whitespace after ','
[1.227s] 2     E251 unexpected spaces around keyword / parameter equals
[1.227s] 3     E261 at least two spaces before inline comment
[1.227s] 3     E262 inline comment should start with '# '
[1.227s] 34    E265 block comment should start with '# '
[1.227s] 6     E302 expected 2 blank lines, found 1
[1.227s] 7     E303 too many blank lines (2)
[1.228s] 10    E501 line too long (115 > 99 characters)
[1.228s] 41    F401 'ament_index_python.packages.get_package_share_path' imported but unused
[1.228s] 1     F841 local variable 'use_sim_time' is assigned to but never used
[1.228s] 22    W291 trailing whitespace
[1.228s] 6     W292 no newline at end of file
[1.228s] 26    W293 blank line contains whitespace
[1.228s] 2     W391 blank line at end of file
[1.228s] 
[1.228s] 13 files checked
[1.228s] 275 errors
[1.228s] 
[1.228s] 'E'-type errors: 177
[1.228s] 'F'-type errors: 42
[1.228s] 'W'-type errors: 56
[1.229s] 
[1.229s] Checked files:
[1.229s] 
[1.229s] * ./setup.py
[1.229s] * ./turtle_brick/arena.py
[1.229s] * ./turtle_brick/turtle_robot.py
[1.229s] * ./turtle_brick/catcher.py
[1.229s] * ./turtle_brick/__init__.py
[1.229s] * ./test/math_test.py
[1.229s] * ./test/test_flake8.py
[1.229s] * ./test/test_copyright.py
[1.229s] * ./test/test_pep257.py
[1.229s] * ./test/brick.test.py
[1.230s] * ./launch/show_turtle.launch.py
[1.230s] [33m=============================== warnings summary ===============================[0m
[1.230s] test/test_flake8.py::test_flake8
[1.230s] test/test_flake8.py::test_flake8
[1.230s]   Warning: SelectableGroups dict interface is deprecated. Use select.
[1.230s] 
[1.230s] -- Docs: https://docs.pytest.org/en/stable/warnings.html
[1.230s] * ./launch/run_turtle.launch.py
[1.230s] * ./launch/turtle_arena.launch.py
[1.230s] ----------------------------- Captured stderr call -----------------------------
[1.230s] option --max-complexity: please update from optparse string `type=` to argparse callable `type=` -- this will be an error in the future
[1.230s] [31m[1m_________________________________ test_pep257 __________________________________[0m
[1.230s] [1m[31mtest/test_pep257.py[0m:23: in test_pep257
[1.230s]     [94massert[39;49;00m rc == [94m0[39;49;00m, [33m'[39;49;00m[33mFound code style errors / warnings[39;49;00m[33m'[39;49;00m
[1.230s] [1m[31mE   AssertionError: Found code style errors / warnings[0m
[1.231s] [1m[31mE   assert 1 == 0[0m
[1.231s] ----------------------------- Captured stdout call -----------------------------
[1.231s] checking ./launch/run_turtle.launch.py
[1.231s] checking ./launch/show_turtle.launch.py
[1.231s] checking ./launch/turtle_arena.launch.py
[1.231s] checking ./setup.py
[1.231s] checking ./test/brick.test.py
[1.231s] checking ./test/math_test.py
[1.231s] checking ./test/test_copyright.py
[1.231s] checking ./test/test_flake8.py
[1.231s] checking ./test/test_pep257.py
[1.231s] checking ./turtle_brick/__init__.py
[1.231s] checking ./turtle_brick/arena.py
[1.231s] ./turtle_brick/arena.py:22 in public class `BState`: D200: One-line docstring should fit on one line with quotes (found 2)
[1.231s] ./turtle_brick/arena.py:22 in public class `BState`: D204: 1 blank line required after class docstring (found 0)
[1.231s] ./turtle_brick/arena.py:22 in public class `BState`: D210: No whitespaces allowed surrounding docstring text
[1.232s] ./turtle_brick/arena.py:22 in public class `BState`: D213: Multi-line docstring summary should start at the second line
[1.232s] checking ./turtle_brick/catcher.py
[1.232s] ./turtle_brick/catcher.py:18 in public class `State`: D200: One-line docstring should fit on one line with quotes (found 2)
[1.232s] ./turtle_brick/catcher.py:18 in public class `State`: D204: 1 blank line required after class docstring (found 0)
[1.232s] ./turtle_brick/catcher.py:18 in public class `State`: D210: No whitespaces allowed surrounding docstring text
[1.232s] ./turtle_brick/catcher.py:18 in public class `State`: D213: Multi-line docstring summary should start at the second line
[1.232s] ./turtle_brick/catcher.py:18 in public class `State`: D400: First line should end with a period (not 't')
[1.232s] ./turtle_brick/catcher.py:18 in public class `State`: D415: First line should end with a period, question mark, or exclamation point (not 't')
[1.232s] checking ./turtle_brick/turtle_robot.py
[1.232s] checking test/brick.test.py
[1.232s] checking test/math_test.py
[1.232s] checking test/test_copyright.py
[1.232s] checking test/test_flake8.py
[1.232s] checking test/test_pep257.py
[1.232s] 10 errors
[1.233s] - generated xml file: /home/alyssa/homework2-alyssa225/src/build/turtle_brick/pytest.xml -
[1.233s] =========================== short test summary info ============================
[1.233s] FAILED test/math_test.py::TestMath::test_math_sucsses - TypeError: TestMath.t...
[1.233s] FAILED test/math_test.py::TestMath::test_math_fail - TypeError: TestMath.test...
[1.233s] FAILED test/test_flake8.py::test_flake8 - AssertionError: Found 275 code styl...
[1.233s] FAILED test/test_pep257.py::test_pep257 - AssertionError: Found code style er...
[1.233s] [31m=================== [31m[1m4 failed[0m, [33m1 skipped[0m, [33m2 warnings[0m[31m in 0.53s[0m[31m ===================[0m
[1.233s] Invoked command in '/home/alyssa/homework2-alyssa225/src/turtle_brick' returned '1': AMENT_PREFIX_PATH=/home/alyssa/homework2-alyssa225/src/install/turtle_brick:${AMENT_PREFIX_PATH} PYTEST_ADDOPTS=--tb=short --junit-xml=/home/alyssa/homework2-alyssa225/src/build/turtle_brick/pytest.xml --junit-prefix=turtle_brick -o cache_dir=/home/alyssa/homework2-alyssa225/src/build/turtle_brick/.pytest_cache PYTHONPATH=/home/alyssa/homework2-alyssa225/src/install/turtle_brick/lib/python3.10/site-packages:${PYTHONPATH} /usr/bin/python3 -m pytest
