[0.249s] Invoking command in '/home/alyssa/homework2-alyssa225/src/turtle_brick': AMENT_PREFIX_PATH=/home/alyssa/homework2-alyssa225/install/turtle_brick:/home/alyssa/homework2-alyssa225/install/turtle_brick_interfaces:/opt/ros/humble PYTEST_ADDOPTS=--tb=short --junit-xml=/home/alyssa/homework2-alyssa225/build/turtle_brick/pytest.xml --junit-prefix=turtle_brick -o cache_dir=/home/alyssa/homework2-alyssa225/build/turtle_brick/.pytest_cache PYTHONPATH=/home/alyssa/homework2-alyssa225/install/turtle_brick/lib/python3.10/site-packages:/home/alyssa/homework2-alyssa225/install/turtle_brick_interfaces/local/lib/python3.10/dist-packages:/opt/ros/humble/lib/python3.10/site-packages:/opt/ros/humble/local/lib/python3.10/dist-packages /usr/bin/python3 -m pytest
[0.525s] [1m============================= test session starts ==============================[0m
[0.526s] platform linux -- Python 3.10.6, pytest-6.2.5, py-1.10.0, pluggy-0.13.0
[0.530s] cachedir: /home/alyssa/homework2-alyssa225/build/turtle_brick/.pytest_cache
[0.530s] rootdir: /home/alyssa/homework2-alyssa225/src/turtle_brick
[0.530s] plugins: ament-lint-0.12.4, ament-xmllint-0.12.4, launch-testing-ros-0.19.3, launch-testing-1.0.2, ament-flake8-0.12.4, ament-pep257-0.12.4, ament-copyright-0.12.4, colcon-core-0.10.0, cov-3.0.0
[0.605s] [1mcollecting ... [0m[1m
[0.605s] collected 4 items                                                              [0m
[0.606s] 
[0.613s] test/math_test.py [32m.[0m[32m                                                      [ 25%][0m
[0.614s] test/test_copyright.py [33ms[0m[32m                                                 [ 50%][0m
[0.803s] test/test_flake8.py [31mF[0m[31m                                                    [ 75%][0m
[0.866s] test/test_pep257.py [31mF[0m[31m                                                    [100%][0m
[0.867s] 
[0.867s] =================================== FAILURES ===================================
[0.867s] [31m[1m_________________________________ test_flake8 __________________________________[0m
[0.867s] [1m[31mtest/test_flake8.py[0m:23: in test_flake8
[0.902s]     [94massert[39;49;00m rc == [94m0[39;49;00m, \
[0.902s] [1m[31mE   AssertionError: Found 114 code style errors / warnings:[0m
[0.903s] [1m[31mE     ./turtle_brick/turtle_robot.py:203:19: W291 trailing whitespace[0m
[0.903s] [1m[31mE     ./turtle_brick/catcher.py:2:1: F401 'cmath.sqrt' imported but unused[0m
[0.904s] [1m[31mE     ./turtle_brick/catcher.py:6:1: F401 'tf2_ros.static_transform_broadcaster.StaticTransformBroadcaster' imported but unused[0m
[0.905s] [1m[31mE     ./turtle_brick/catcher.py:7:1: F401 'tf2_ros.TransformBroadcaster' imported but unused[0m
[0.906s] [1m[31mE     ./turtle_brick/catcher.py:8:1: F401 'geometry_msgs.msg.TransformStamped' imported but unused[0m
[0.906s] [1m[31mE     ./turtle_brick/catcher.py:9:1: F401 'turtle_brick_interfaces.srv.Place' imported but unused[0m
[0.906s] [1m[31mE     ./turtle_brick/catcher.py:9:1: F401 'turtle_brick_interfaces.srv.Drop' imported but unused[0m
[0.907s] [1m[31mE     ./turtle_brick/catcher.py:11:42: W291 trailing whitespace[0m
[0.907s] [1m[31mE     ./turtle_brick/catcher.py:12:12: W291 trailing whitespace[0m
[0.907s] [1m[31mE     ./turtle_brick/catcher.py:14:1: F401 '.quaternion.angle_axis_to_quaternion' imported but unused[0m
[0.907s] [1m[31mE     ./turtle_brick/catcher.py:17:1: E302 expected 2 blank lines, found 1[0m
[0.907s] [1m[31mE     ./turtle_brick/catcher.py:25:1: E302 expected 2 blank lines, found 1[0m
[0.907s] [1m[31mE     ./turtle_brick/catcher.py:28:69: W291 trailing whitespace[0m
[0.907s] [1m[31mE     ./turtle_brick/catcher.py:34:82: W291 trailing whitespace[0m
[0.907s] [1m[31mE     ./turtle_brick/catcher.py:44:9: E265 block comment should start with '# '[0m
[0.908s] [1m[31mE     ./turtle_brick/catcher.py:45:33: W291 trailing whitespace[0m
[0.908s] [1m[31mE     ./turtle_brick/catcher.py:50:32: E231 missing whitespace after ','[0m
[0.908s] [1m[31mE     ./turtle_brick/catcher.py:51:27: E231 missing whitespace after ','[0m
[0.908s] [1m[31mE     ./turtle_brick/catcher.py:58:9: E265 block comment should start with '# '[0m
[0.908s] [1m[31mE     ./turtle_brick/catcher.py:61:9: E265 block comment should start with '# '[0m
[0.908s] [1m[31mE     ./turtle_brick/catcher.py:63:9: E265 block comment should start with '# '[0m
[0.908s] [1m[31mE     ./turtle_brick/catcher.py:64:55: E231 missing whitespace after ','[0m
[0.909s] [1m[31mE     ./turtle_brick/catcher.py:64:64: E231 missing whitespace after ','[0m
[0.909s] [1m[31mE     ./turtle_brick/catcher.py:64:84: E231 missing whitespace after ','[0m
[0.909s] [1m[31mE     ./turtle_brick/catcher.py:65:57: E231 missing whitespace after ','[0m
[0.909s] [1m[31mE     ./turtle_brick/catcher.py:65:85: E231 missing whitespace after ','[0m
[0.909s] [1m[31mE     ./turtle_brick/catcher.py:66:55: E231 missing whitespace after ','[0m
[0.909s] [1m[31mE     ./turtle_brick/catcher.py:66:85: E231 missing whitespace after ','[0m
[0.909s] [1m[31mE     ./turtle_brick/catcher.py:67:9: E265 block comment should start with '# '[0m
[0.909s] [1m[31mE     ./turtle_brick/catcher.py:68:22: E225 missing whitespace around operator[0m
[0.910s] [1m[31mE     ./turtle_brick/catcher.py:68:57: E231 missing whitespace after ','[0m
[0.910s] [1m[31mE     ./turtle_brick/catcher.py:68:70: E231 missing whitespace after ','[0m
[0.910s] [1m[31mE     ./turtle_brick/catcher.py:69:22: E225 missing whitespace around operator[0m
[0.910s] [1m[31mE     ./turtle_brick/catcher.py:69:50: E231 missing whitespace after ','[0m
[0.910s] [1m[31mE     ./turtle_brick/catcher.py:69:58: E231 missing whitespace after ','[0m
[0.910s] [1m[31mE     ./turtle_brick/catcher.py:70:55: E231 missing whitespace after ','[0m
[0.910s] [1m[31mE     ./turtle_brick/catcher.py:70:65: E231 missing whitespace after ','[0m
[0.910s] [1m[31mE     ./turtle_brick/catcher.py:71:9: E265 block comment should start with '# '[0m
[0.910s] [1m[31mE     ./turtle_brick/catcher.py:73:1: W293 blank line contains whitespace[0m
[0.911s] [1m[31mE     ./turtle_brick/catcher.py:74:9: E265 block comment should start with '# '[0m
[0.911s] [1m[31mE     ./turtle_brick/catcher.py:97:1: W293 blank line contains whitespace[0m
[0.911s] [1m[31mE     ./turtle_brick/catcher.py:98:5: E303 too many blank lines (3)[0m
[0.911s] [1m[31mE     ./turtle_brick/catcher.py:98:28: E231 missing whitespace after ','[0m
[0.911s] [1m[31mE     ./turtle_brick/catcher.py:102:100: E501 line too long (100 > 99 characters)[0m
[0.911s] [1m[31mE     ./turtle_brick/catcher.py:108:1: W293 blank line contains whitespace[0m
[0.911s] [1m[31mE     ./turtle_brick/catcher.py:109:28: E231 missing whitespace after ','[0m
[0.911s] [1m[31mE     ./turtle_brick/catcher.py:119:5: E303 too many blank lines (2)[0m
[0.911s] [1m[31mE     ./turtle_brick/catcher.py:119:27: E231 missing whitespace after ','[0m
[0.911s] [1m[31mE     ./turtle_brick/catcher.py:124:40: E225 missing whitespace around operator[0m
[0.912s] [1m[31mE     ./turtle_brick/catcher.py:126:13: E265 block comment should start with '# '[0m
[0.912s] [1m[31mE     ./turtle_brick/catcher.py:126:100: E501 line too long (142 > 99 characters)[0m
[0.912s] [1m[31mE     ./turtle_brick/catcher.py:127:100: E501 line too long (155 > 99 characters)[0m
[0.912s] [1m[31mE     ./turtle_brick/catcher.py:128:28: E225 missing whitespace around operator[0m
[0.912s] [1m[31mE     ./turtle_brick/catcher.py:128:39: E261 at least two spaces before inline comment[0m
[0.912s] [1m[31mE     ./turtle_brick/catcher.py:128:40: E262 inline comment should start with '# '[0m
[0.912s] [1m[31mE     ./turtle_brick/catcher.py:128:100: E501 line too long (106 > 99 characters)[0m
[0.912s] [1m[31mE     ./turtle_brick/catcher.py:138:1: W293 blank line contains whitespace[0m
[0.912s] [1m[31mE     ./turtle_brick/catcher.py:139:1: W293 blank line contains whitespace[0m
[0.913s] [1m[31mE     ./turtle_brick/catcher.py:140:1: W293 blank line contains whitespace[0m
[0.913s] [1m[31mE     ./turtle_brick/catcher.py:143:1: E303 too many blank lines (6)[0m
[0.913s] [1m[31mE     ./turtle_brick/catcher.py:147:21: W292 no newline at end of file[0m
[0.913s] [1m[31mE     ./test/math_test.py:4:1: W293 blank line contains whitespace[0m
[0.913s] [1m[31mE     ./test/math_test.py:4:9: W292 no newline at end of file[0m
[0.913s] [1m[31mE     ./test/brick.test.py:1:1: F401 'ament_copyright.main.main' imported but unused[0m
[0.913s] [1m[31mE     ./test/brick.test.py:2:1: F401 'pytest' imported but unused[0m
[0.913s] [1m[31mE     ./test/brick.test.py:3:1: F401 'launch' imported but unused[0m
[0.913s] [1m[31mE     ./test/brick.test.py:4:1: F401 'launch_pytest' imported but unused[0m
[0.914s] [1m[31mE     ./test/brick.test.py:5:1: F401 'sys' imported but unused[0m
[0.914s] [1m[31mE     ./test/brick.test.py:6:1: F401 'launch_ros' imported but unused[0m
[0.914s] [1m[31mE     ./test/brick.test.py:7:1: F401 'pathlib.Path' imported but unused[0m
[0.914s] [1m[31mE     ./test/brick.test.py:8:1: E265 block comment should start with '# '[0m
[0.914s] [1m[31mE     ./test/brick.test.py:8:100: E501 line too long (128 > 99 characters)[0m
[0.914s] [1m[31mE     ./test/brick.test.py:21:9: W292 no newline at end of file[0m
[0.914s] [1m[31mE     ./launch/show_turtle.launch.py:1:1: F401 'ament_index_python.packages.get_package_share_path' imported but unused[0m
[0.914s] [1m[31mE     ./launch/show_turtle.launch.py:1:63: E231 missing whitespace after ','[0m
[0.914s] [1m[31mE     ./launch/show_turtle.launch.py:5:1: F401 'launch.conditions.UnlessCondition' imported but unused[0m
[0.914s] [1m[31mE     ./launch/show_turtle.launch.py:12:90: W291 trailing whitespace[0m
[0.915s] [1m[31mE     ./launch/show_turtle.launch.py:15:14: W291 trailing whitespace[0m
[0.915s] [1m[31mE     ./launch/show_turtle.launch.py:23:1: E302 expected 2 blank lines, found 1[0m
[0.915s] [1m[31mE     ./launch/show_turtle.launch.py:24:22: E225 missing whitespace around operator[0m
[0.915s] [1m[31mE     ./launch/show_turtle.launch.py:26:51: E225 missing whitespace around operator[0m
[0.915s] [1m[31mE     ./launch/show_turtle.launch.py:27:1: W293 blank line contains whitespace[0m
[0.915s] [1m[31mE     ./launch/show_turtle.launch.py:28:5: F841 local variable 'use_sim_time' is assigned to but never used[0m
[0.915s] [1m[31mE     ./launch/show_turtle.launch.py:30:100: E501 line too long (115 > 99 characters)[0m
[0.916s] [1m[31mE     ./launch/show_turtle.launch.py:30:105: E231 missing whitespace after ','[0m
[0.916s] [1m[31mE     ./launch/show_turtle.launch.py:31:37: E128 continuation line under-indented for visual indent[0m
[0.916s] [1m[31mE     ./launch/show_turtle.launch.py:31:92: E261 at least two spaces before inline comment[0m
[0.916s] [1m[31mE     ./launch/show_turtle.launch.py:31:92: E262 inline comment should start with '# '[0m
[0.916s] [1m[31mE     ./launch/show_turtle.launch.py:34:100: E501 line too long (100 > 99 characters)[0m
[0.916s] [1m[31mE     ./launch/show_turtle.launch.py:48:89: E231 missing whitespace after ','[0m
[0.916s] [1m[31mE     ./launch/show_turtle.launch.py:48:96: E231 missing whitespace after ','[0m
[0.916s] [1m[31mE     ./launch/show_turtle.launch.py:55:56: E231 missing whitespace after ','[0m
[0.917s] [1m[31mE     ./launch/show_turtle.launch.py:61:56: E231 missing whitespace after ','[0m
[0.917s] [1m[31mE     ./launch/show_turtle.launch.py:80:7: W292 no newline at end of file[0m
[0.917s] [1m[31mE     ./launch/run_turtle.launch.py:2:1: F401 'ament_index_python.packages.get_package_share_path' imported but unused[0m
[0.917s] [1m[31mE     ./launch/run_turtle.launch.py:5:1: F401 'launch.actions.DeclareLaunchArgument' imported but unused[0m
[0.917s] [1m[31mE     ./launch/run_turtle.launch.py:6:1: F401 'launch.conditions.IfCondition' imported but unused[0m
[0.917s] [1m[31mE     ./launch/run_turtle.launch.py:6:1: F401 'launch.conditions.UnlessCondition' imported but unused[0m
[0.917s] [1m[31mE     ./launch/run_turtle.launch.py:7:1: F401 'launch.substitutions.Command' imported but unused[0m
[0.918s] [1m[31mE     ./launch/run_turtle.launch.py:7:1: F401 'launch.substitutions.LaunchConfiguration' imported but unused[0m
[0.918s] [1m[31mE     ./launch/run_turtle.launch.py:10:1: F401 'launch_ros.parameter_descriptions.ParameterValue' imported but unused[0m
[0.918s] [1m[31mE     ./launch/run_turtle.launch.py:13:69: W291 trailing whitespace[0m
[0.918s] [1m[31mE     ./launch/run_turtle.launch.py:16:1: E302 expected 2 blank lines, found 0[0m
[0.918s] [1m[31mE     ./launch/run_turtle.launch.py:43:23: E251 unexpected spaces around keyword / parameter equals[0m
[0.918s] [1m[31mE     ./launch/run_turtle.launch.py:43:25: E251 unexpected spaces around keyword / parameter equals[0m
[0.918s] [1m[31mE     ./launch/run_turtle.launch.py:43:70: E231 missing whitespace after ','[0m
[0.918s] [1m[31mE     ./launch/run_turtle.launch.py:46:1: W293 blank line contains whitespace[0m
[0.919s] [1m[31mE     ./launch/run_turtle.launch.py:47:7: W292 no newline at end of file[0m
[0.919s] [1m[31mE     ./launch/turtle_arena.launch.py:5:27: E271 multiple spaces after keyword[0m
[0.919s] [1m[31mE     ./launch/turtle_arena.launch.py:10:61: W291 trailing whitespace[0m
[0.919s] [1m[31mE     ./launch/turtle_arena.launch.py:12:54: W291 trailing whitespace[0m
[0.919s] [1m[31mE     ./launch/turtle_arena.launch.py:15:1: E302 expected 2 blank lines, found 1[0m
[0.919s] [1m[31mE     ./launch/turtle_arena.launch.py:44:1: W293 blank line contains whitespace[0m
[0.919s] [1m[31mE     ./launch/turtle_arena.launch.py:45:7: W292 no newline at end of file[0m
[0.919s] [1m[31mE   assert 1 == 0[0m
[0.920s] ----------------------------- Captured stdout call -----------------------------
[0.920s] 
[0.920s] ./turtle_brick/turtle_robot.py:203:19: W291 trailing whitespace
[0.920s]     rclpy.shutdown 
[0.920s]                   ^
[0.920s] 
[0.921s] ./turtle_brick/catcher.py:2:1: F401 'cmath.sqrt' imported but unused
[0.921s] from cmath import sqrt
[0.921s] ^
[0.921s] 
[0.921s] ./turtle_brick/catcher.py:6:1: F401 'tf2_ros.static_transform_broadcaster.StaticTransformBroadcaster' imported but unused
[0.921s] from tf2_ros.static_transform_broadcaster import StaticTransformBroadcaster
[0.921s] ^
[0.922s] 
[0.922s] ./turtle_brick/catcher.py:7:1: F401 'tf2_ros.TransformBroadcaster' imported but unused
[0.922s] from tf2_ros import TransformBroadcaster
[0.922s] ^
[0.922s] 
[0.922s] ./turtle_brick/catcher.py:8:1: F401 'geometry_msgs.msg.TransformStamped' imported but unused
[0.922s] from geometry_msgs.msg import TransformStamped, Pose, PoseStamped, Vector3
[0.923s] ^
[0.923s] 
[0.923s] ./turtle_brick/catcher.py:9:1: F401 'turtle_brick_interfaces.srv.Place' imported but unused
[0.923s] from turtle_brick_interfaces.srv import Place, Drop
[0.923s] ^
[0.923s] 
[0.923s] ./turtle_brick/catcher.py:9:1: F401 'turtle_brick_interfaces.srv.Drop' imported but unused
[0.924s] from turtle_brick_interfaces.srv import Place, Drop
[0.924s] ^
[0.924s] 
[0.924s] ./turtle_brick/catcher.py:11:42: W291 trailing whitespace
[0.924s] from visualization_msgs.msg import Marker 
[0.924s]                                          ^
[0.924s] 
[0.925s] ./turtle_brick/catcher.py:12:12: W291 trailing whitespace
[0.925s] import math 
[0.925s]            ^
[0.925s] 
[0.925s] ./turtle_brick/catcher.py:14:1: F401 '.quaternion.angle_axis_to_quaternion' imported but unused
[0.925s] from .quaternion import angle_axis_to_quaternion
[0.925s] ^
[0.926s] 
[0.926s] ./turtle_brick/catcher.py:17:1: E302 expected 2 blank lines, found 1
[0.926s] class State(Enum):
[0.926s] ^
[0.926s] 
[0.926s] ./turtle_brick/catcher.py:25:1: E302 expected 2 blank lines, found 1
[0.926s] class Catcher(Node):
[0.927s] ^
[0.927s] 
[0.927s] ./turtle_brick/catcher.py:28:69: W291 trailing whitespace
[0.927s]     """
[0.927s]     calculates if robot can catch placed brick in time or not
[0.927s]     -If it can catch, robot travels to drop location, catches brick, 
[0.927s]         travels back to origin, and tilts brick off
[0.928s]     -If the robot can't reach brick in time, the screen publishes "UNREACHABLE",
[0.928s]         and lets brick fall to ground
[0.928s]     SUBSCRIPTIONS:
[0.928s]         -robot_sub:continuous robot position
[0.928s]         -drop_sub: gets placed brick position and sends if drop service is called 
[0.928s]         -catch_sub: gets True the brick is caught on the platform
[0.928s]     PUBLISHERS:
[0.929s]         -goal_pose: send pose to turtle robot
[0.929s]         -tilt: send tilt angle to platform on turtle robot
[0.929s]         -text marker: publishes "UNREACHABLE" if robot can't reach in time
[0.929s]     """
[0.929s]        
[0.929s]                                                             ^
[0.929s] 
[0.929s] ./turtle_brick/catcher.py:34:82: W291 trailing whitespace
[0.929s]     """
[0.930s]     calculates if robot can catch placed brick in time or not
[0.930s]     -If it can catch, robot travels to drop location, catches brick, 
[0.930s]         travels back to origin, and tilts brick off
[0.930s]     -If the robot can't reach brick in time, the screen publishes "UNREACHABLE",
[0.930s]         and lets brick fall to ground
[0.930s]     SUBSCRIPTIONS:
[0.930s]         -robot_sub:continuous robot position
[0.930s]         -drop_sub: gets placed brick position and sends if drop service is called 
[0.930s]         -catch_sub: gets True the brick is caught on the platform
[0.930s]     PUBLISHERS:
[0.931s]         -goal_pose: send pose to turtle robot
[0.931s]         -tilt: send tilt angle to platform on turtle robot
[0.931s]         -text marker: publishes "UNREACHABLE" if robot can't reach in time
[0.931s]     """
[0.931s]        
[0.931s]                                                              
[0.931s]            ^
[0.931s] 
[0.932s] ./turtle_brick/catcher.py:44:9: E265 block comment should start with '# '
[0.932s]         #params
[0.932s]         ^
[0.932s] 
[0.932s] ./turtle_brick/catcher.py:45:33: W291 trailing whitespace
[0.932s]         self.declare_parameters( 
[0.932s]                                 ^
[0.932s] 
[0.932s] ./turtle_brick/catcher.py:50:32: E231 missing whitespace after ','
[0.932s]                 ('max_velocity',3.0),
[0.933s]                                ^
[0.933s] 
[0.933s] ./turtle_brick/catcher.py:51:27: E231 missing whitespace after ','
[0.933s]                 ('gravity',9.8)
[0.933s]                           ^
[0.933s] 
[0.933s] ./turtle_brick/catcher.py:58:9: E265 block comment should start with '# '
[0.933s]         #variables
[0.933s]         ^
[0.933s] 
[0.934s] ./turtle_brick/catcher.py:61:9: E265 block comment should start with '# '
[0.934s]         #state
[0.934s]         ^
[0.934s] 
[0.934s] ./turtle_brick/catcher.py:63:9: E265 block comment should start with '# '
[0.934s]         #subscritions
[0.934s]         ^
[0.934s] 
[0.934s] ./turtle_brick/catcher.py:64:55: E231 missing whitespace after ','
[0.935s]         self.robot_sub = self.create_subscription(Pose,'/robot',self.robot_callback,10)
[0.935s]                                                       ^
[0.935s] 
[0.935s] ./turtle_brick/catcher.py:64:64: E231 missing whitespace after ','
[0.935s]         self.robot_sub = self.create_subscription(Pose,'/robot',self.robot_callback,10)
[0.935s]                                                                ^
[0.935s] 
[0.935s] ./turtle_brick/catcher.py:64:84: E231 missing whitespace after ','
[0.936s]         self.robot_sub = self.create_subscription(Pose,'/robot',self.robot_callback,10)
[0.936s]                                                                                    ^
[0.936s] 
[0.936s] ./turtle_brick/catcher.py:65:57: E231 missing whitespace after ','
[0.936s]         self.drop_sub = self.create_subscription(Vector3,'/drop', self.drop_callback,10)
[0.936s]                                                         ^
[0.937s] 
[0.937s] ./turtle_brick/catcher.py:65:85: E231 missing whitespace after ','
[0.937s]         self.drop_sub = self.create_subscription(Vector3,'/drop', self.drop_callback,10)
[0.937s]                                                                                     ^
[0.937s] 
[0.937s] ./turtle_brick/catcher.py:66:55: E231 missing whitespace after ','
[0.937s]         self.catch_sub = self.create_subscription(Bool,'/catch', self.catch_callback,10)
[0.937s]                                                       ^
[0.938s] 
[0.938s] ./turtle_brick/catcher.py:66:85: E231 missing whitespace after ','
[0.938s]         self.catch_sub = self.create_subscription(Bool,'/catch', self.catch_callback,10)
[0.938s]                                                                                     ^
[0.938s] 
[0.938s] ./turtle_brick/catcher.py:67:9: E265 block comment should start with '# '
[0.938s]         #publisher
[0.939s]         ^
[0.939s] 
[0.939s] ./turtle_brick/catcher.py:68:22: E225 missing whitespace around operator
[0.939s]         self.goal_pub= self.create_publisher(PoseStamped,'/goal_pose',10)
[0.939s]                      ^
[0.939s] 
[0.939s] ./turtle_brick/catcher.py:68:57: E231 missing whitespace after ','
[0.939s]         self.goal_pub= self.create_publisher(PoseStamped,'/goal_pose',10)
[0.940s]                                                         ^
[0.940s] 
[0.940s] ./turtle_brick/catcher.py:68:70: E231 missing whitespace after ','
[0.940s]         self.goal_pub= self.create_publisher(PoseStamped,'/goal_pose',10)
[0.940s]                                                                      ^
[0.940s] 
[0.940s] ./turtle_brick/catcher.py:69:22: E225 missing whitespace around operator
[0.940s]         self.tilt_pub= self.create_publisher(Tilt,'/tilt',10)
[0.941s]                      ^
[0.941s] 
[0.941s] ./turtle_brick/catcher.py:69:50: E231 missing whitespace after ','
[0.941s]         self.tilt_pub= self.create_publisher(Tilt,'/tilt',10)
[0.941s]                                                  ^
[0.941s] 
[0.941s] ./turtle_brick/catcher.py:69:58: E231 missing whitespace after ','
[0.941s]         self.tilt_pub= self.create_publisher(Tilt,'/tilt',10)
[0.942s]                                                          ^
[0.942s] 
[0.942s] ./turtle_brick/catcher.py:70:55: E231 missing whitespace after ','
[0.942s]         self.marker_pub = self.create_publisher(Marker,'/marker',10)
[0.942s]                                                       ^
[0.942s] 
[0.942s] ./turtle_brick/catcher.py:70:65: E231 missing whitespace after ','
[0.942s]         self.marker_pub = self.create_publisher(Marker,'/marker',10)
[0.942s]                                                                 ^
[0.943s] 
[0.943s] ./turtle_brick/catcher.py:71:9: E265 block comment should start with '# '
[0.943s]         #pose and posestamp and tilt
[0.943s]         ^
[0.943s] 
[0.943s] ./turtle_brick/catcher.py:73:1: W293 blank line contains whitespace
[0.943s]     
[0.943s] ^
[0.943s] 
[0.943s] ./turtle_brick/catcher.py:74:9: E265 block comment should start with '# '
[0.943s]         #the text marker
[0.943s]         ^
[0.943s] 
[0.943s] ./turtle_brick/catcher.py:97:1: W293 blank line contains whitespace
[0.943s]     
[0.944s] ^
[0.944s] 
[0.944s] ./turtle_brick/catcher.py:98:5: E303 too many blank lines (3)
[0.944s]     def robot_callback(self,msg):
[0.944s]     ^
[0.944s] 
[0.944s] ./turtle_brick/catcher.py:98:28: E231 missing whitespace after ','
[0.944s]     def robot_callback(self,msg):
[0.944s]                            ^
[0.944s] 
[0.944s] ./turtle_brick/catcher.py:102:100: E501 line too long (100 > 99 characters)
[0.944s]         if self.state == State.TILT and abs(self.platformx) <= 0.05 and abs(self.platformy) <= 0.05:
[0.944s]                                                                                                    ^
[0.944s] 
[0.945s] ./turtle_brick/catcher.py:108:1: W293 blank line contains whitespace
[0.945s]     
[0.945s] ^
[0.945s] 
[0.945s] ./turtle_brick/catcher.py:109:28: E231 missing whitespace after ','
[0.945s]     def catch_callback(self,msg):
[0.945s]                            ^
[0.945s] 
[0.945s] ./turtle_brick/catcher.py:119:5: E303 too many blank lines (2)
[0.945s]     def drop_callback(self,msg):
[0.946s]     ^
[0.946s] 
[0.946s] ./turtle_brick/catcher.py:119:27: E231 missing whitespace after ','
[0.946s]     def drop_callback(self,msg):
[0.946s]                           ^
[0.946s] 
[0.946s] ./turtle_brick/catcher.py:124:40: E225 missing whitespace around operator
[0.946s]         if self.brick_pose.position.z >self.height:
[0.947s]                                        ^
[0.947s] 
[0.947s] ./turtle_brick/catcher.py:126:13: E265 block comment should start with '# '
[0.947s]             #calc time takes robot to move to x,y position from current position in max velocity speed (3.0 m/s) to 0.3 radius of the platform
[0.947s]             ^
[0.947s] 
[0.947s] ./turtle_brick/catcher.py:126:100: E501 line too long (142 > 99 characters)
[0.947s]             #calc time takes robot to move to x,y position from current position in max velocity speed (3.0 m/s) to 0.3 radius of the platform
[0.947s]                                                                                                    ^
[0.948s] 
[0.948s] ./turtle_brick/catcher.py:127:100: E501 line too long (155 > 99 characters)
[0.948s]             timerobo = math.sqrt((abs(self.brick_pose.position.x-self.platformx)-0.3)**2+(abs(self.brick_pose.position.y-self.platformy)-0.3)**2)/self.vmax
[0.948s]                                                                                                    ^
[0.948s] 
[0.948s] ./turtle_brick/catcher.py:128:28: E225 missing whitespace around operator
[0.948s]             if timerobo+1.0<=timefall: #1.0 is to give some time for message to be revieved and acted upon
[0.948s]                            ^
[0.949s] 
[0.949s] ./turtle_brick/catcher.py:128:39: E261 at least two spaces before inline comment
[0.949s]             if timerobo+1.0<=timefall: #1.0 is to give some time for message to be revieved and acted upon
[0.949s]                                       ^
[0.949s] 
[0.949s] ./turtle_brick/catcher.py:128:40: E262 inline comment should start with '# '
[0.949s]             if timerobo+1.0<=timefall: #1.0 is to give some time for message to be revieved and acted upon
[0.950s]                                        ^
[0.950s] 
[0.950s] ./turtle_brick/catcher.py:128:100: E501 line too long (106 > 99 characters)
[0.950s]             if timerobo+1.0<=timefall: #1.0 is to give some time for message to be revieved and acted upon
[0.950s]                                                                                                    ^
[0.950s] 
[0.950s] ./turtle_brick/catcher.py:138:1: W293 blank line contains whitespace
[0.950s]         
[0.950s] ^
[0.951s] 
[0.951s] ./turtle_brick/catcher.py:139:1: W293 blank line contains whitespace
[0.951s]         
[0.951s] ^
[0.951s] 
[0.951s] ./turtle_brick/catcher.py:140:1: W293 blank line contains whitespace
[0.951s]         
[0.951s] ^
[0.952s] 
[0.952s] ./turtle_brick/catcher.py:143:1: E303 too many blank lines (6)
[0.952s] def catcher_entry(args=None):
[0.952s] ^
[0.952s] 
[0.952s] ./turtle_brick/catcher.py:147:21: W292 no newline at end of file
[0.952s]     rclpy.shutdown()                    ^
[0.952s] 
[0.953s] ./test/math_test.py:4:1: W293 blank line contains whitespace
[0.953s]         ^
[0.953s] 
[0.953s] ./test/math_test.py:4:9: W292 no newline at end of file
[0.953s]                 ^
[0.953s] 
[0.953s] ./test/brick.test.py:1:1: F401 'ament_copyright.main.main' imported but unused
[0.953s] from ament_copyright.main import main
[0.953s] ^
[0.953s] 
[0.953s] [33m=============================== warnings summary ===============================[0m
[0.953s] test/test_flake8.py::test_flake8
[0.954s] test/test_flake8.py::test_flake8
[0.954s]   Warning: SelectableGroups dict interface is deprecated. Use select.
[0.954s] 
[0.954s] -- Docs: https://docs.pytest.org/en/stable/warnings.html
[0.954s] ./test/brick.test.py:2:1: F401 'pytest' imported but unused
[0.954s] import pytest
[0.954s] ^
[0.954s] 
[0.954s] ./test/brick.test.py:3:1: F401 'launch' imported but unused
[0.955s] import launch
[0.955s] ^
[0.955s] 
[0.955s] ./test/brick.test.py:4:1: F401 'launch_pytest' imported but unused
[0.955s] import launch_pytest
[0.955s] ^
[0.955s] 
[0.955s] ./test/brick.test.py:5:1: F401 'sys' imported but unused
[0.956s] import sys
[0.956s] ^
[0.956s] 
[0.956s] ./test/brick.test.py:6:1: F401 'launch_ros' imported but unused
[0.956s] import launch_ros
[0.956s] ^
[0.956s] 
[0.956s] ./test/brick.test.py:7:1: F401 'pathlib.Path' imported but unused
[0.957s] from pathlib import Path
[0.957s] ^
[0.957s] 
[0.957s] ./test/brick.test.py:8:1: E265 block comment should start with '# '
[0.957s] #found this example here https://github.com/ros2/launch/blob/humble/launch_pytest/test/launch_pytest/examples/check_node_msgs.py
[0.957s] ^
[0.957s] 
[0.957s] ./test/brick.test.py:8:100: E501 line too long (128 > 99 characters)
[0.957s] #found this example here https://github.com/ros2/launch/blob/humble/launch_pytest/test/launch_pytest/examples/check_node_msgs.py
[0.958s]                                                                                                    ^
[0.958s] 
[0.958s] ./test/brick.test.py:21:9: W292 no newline at end of file
[0.958s] #     ])        ^
[0.958s] 
[0.958s] ./launch/show_turtle.launch.py:1:1: F401 'ament_index_python.packages.get_package_share_path' imported but unused
[0.958s] from ament_index_python.packages import get_package_share_path,get_package_share_directory
[0.958s] ^
[0.958s] 
[0.958s] ./launch/show_turtle.launch.py:1:63: E231 missing whitespace after ','
[0.959s] from ament_index_python.packages import get_package_share_path,get_package_share_directory
[0.959s]                                                               ^
[0.959s] 
[0.959s] ./launch/show_turtle.launch.py:5:1: F401 'launch.conditions.UnlessCondition' imported but unused
[0.959s] from launch.conditions import IfCondition, UnlessCondition
[0.959s] ^
[0.959s] 
[0.959s] ./launch/show_turtle.launch.py:12:90: W291 trailing whitespace
[0.959s] """
[0.960s] took bases from https://github.com/ros/urdf_tutorial/blob/ros2/launch/display.launch.py
[0.960s] launches the rviz, robot publisher, and choosen joint state publisher nodes and takes the 
[0.960s] turtle_robot.urdf.xacro file from the urdf folder
[0.960s] LAUNCH ARGUMENTS:
[0.960s]     -use_jsp: 
[0.960s]         default: '"gui"'
[0.960s]         arguments: ['"gui"', '"jsp"', '"none"']
[0.960s]             '"gui"': launches with joint_state_publisher_gui_node
[0.960s]             '"jsp"': launches with joint_state_publisher_node
[0.961s]             '"none"': does not use either joint state publisher
[0.961s] """
[0.961s]    
[0.961s]                                                                                      ^
[0.961s] 
[0.961s] ./launch/show_turtle.launch.py:15:14: W291 trailing whitespace
[0.961s] """
[0.961s] took bases from https://github.com/ros/urdf_tutorial/blob/ros2/launch/display.launch.py
[0.961s] launches the rviz, robot publisher, and choosen joint state publisher nodes and takes the 
[0.961s] turtle_robot.urdf.xacro file from the urdf folder
[0.961s] LAUNCH ARGUMENTS:
[0.962s]     -use_jsp: 
[0.962s]         default: '"gui"'
[0.962s]         arguments: ['"gui"', '"jsp"', '"none"']
[0.962s]             '"gui"': launches with joint_state_publisher_gui_node
[0.962s]             '"jsp"': launches with joint_state_publisher_node
[0.962s]             '"none"': does not use either joint state publisher
[0.962s] """
[0.962s]    
[0.962s]          ^
[0.962s] 
[0.962s] ./launch/show_turtle.launch.py:23:1: E302 expected 2 blank lines, found 1
[0.962s] def generate_launch_description():
[0.962s] ^
[0.962s] 
[0.962s] ./launch/show_turtle.launch.py:24:22: E225 missing whitespace around operator
[0.963s]     turtle_brick_path= 'src/turtle_brick'
[0.963s]                      ^
[0.963s] 
[0.963s] ./launch/show_turtle.launch.py:26:51: E225 missing whitespace around operator
[0.963s]     default_rviz_config_path = turtle_brick_path +'/config/turtle_urdf.rviz'
[0.963s]                                                   ^
[0.963s] 
[0.963s] ./launch/show_turtle.launch.py:27:1: W293 blank line contains whitespace
[0.963s]     
[0.963s] ^
[0.963s] 
[0.963s] ./launch/show_turtle.launch.py:28:5: F841 local variable 'use_sim_time' is assigned to but never used
[0.963s]     use_sim_time = LaunchConfiguration('use_sim_time', default='false')
[0.963s]     ^
[0.964s] 
[0.964s] ./launch/show_turtle.launch.py:30:100: E501 line too long (115 > 99 characters)
[0.964s]     use_jsp_arg = DeclareLaunchArgument(name='use_jsp', default_value='"gui"', choices=['"gui"', '"jsp"','"none"'],
[0.964s]                                                                                                    ^
[0.964s] 
[0.964s] ./launch/show_turtle.launch.py:30:105: E231 missing whitespace after ','
[0.964s]     use_jsp_arg = DeclareLaunchArgument(name='use_jsp', default_value='"gui"', choices=['"gui"', '"jsp"','"none"'],
[0.964s]                                                                                                         ^
[0.964s] 
[0.964s] ./launch/show_turtle.launch.py:31:37: E128 continuation line under-indented for visual indent
[0.964s]                                     description='Flag to enable joint_state_publisher_gui')#change
[0.964s]                                     ^
[0.964s] 
[0.964s] ./launch/show_turtle.launch.py:31:92: E261 at least two spaces before inline comment
[0.964s]                                     description='Flag to enable joint_state_publisher_gui')#change
[0.965s]                                                                                            ^
[0.965s] 
[0.965s] ./launch/show_turtle.launch.py:31:92: E262 inline comment should start with '# '
[0.965s]                                     description='Flag to enable joint_state_publisher_gui')#change
[0.965s]                                                                                            ^
[0.965s] 
[0.965s] ./launch/show_turtle.launch.py:34:100: E501 line too long (100 > 99 characters)
[0.965s]     rviz_arg = DeclareLaunchArgument(name='rvizconfig', default_value=str(default_rviz_config_path),
[0.965s]                                                                                                    ^
[0.965s] 
[0.965s] ./launch/show_turtle.launch.py:48:89: E231 missing whitespace after ','
[0.965s]         parameters=[{'robot_description': robot_description, 'publish_frequency': 100.0},config,]
[0.965s]                                                                                         ^
[0.965s] 
[0.966s] ./launch/show_turtle.launch.py:48:96: E231 missing whitespace after ','
[0.966s]         parameters=[{'robot_description': robot_description, 'publish_frequency': 100.0},config,]
[0.966s]                                                                                                ^
[0.966s] 
[0.966s] ./launch/show_turtle.launch.py:55:56: E231 missing whitespace after ','
[0.966s]         condition=IfCondition(PythonExpression([use_jsp,"=='jsp'"]))
[0.966s]                                                        ^
[0.966s] 
[0.966s] ./launch/show_turtle.launch.py:61:56: E231 missing whitespace after ','
[0.966s]         condition=IfCondition(PythonExpression([use_jsp,"=='gui'"]))
[0.966s]                                                        ^
[0.966s] 
[0.966s] ./launch/show_turtle.launch.py:80:7: W292 no newline at end of file
[0.966s]     ])      ^
[0.966s] 
[0.966s] ./launch/run_turtle.launch.py:2:1: F401 'ament_index_python.packages.get_package_share_path' imported but unused
[0.967s] from ament_index_python.packages import get_package_share_path, get_package_share_directory
[0.967s] ^
[0.967s] 
[0.967s] ./launch/run_turtle.launch.py:5:1: F401 'launch.actions.DeclareLaunchArgument' imported but unused
[0.967s] from launch.actions import DeclareLaunchArgument, IncludeLaunchDescription
[0.967s] ^
[0.967s] 
[0.967s] ./launch/run_turtle.launch.py:6:1: F401 'launch.conditions.IfCondition' imported but unused
[0.967s] from launch.conditions import IfCondition, UnlessCondition
[0.967s] ^
[0.967s] 
[0.967s] ./launch/run_turtle.launch.py:6:1: F401 'launch.conditions.UnlessCondition' imported but unused
[0.967s] from launch.conditions import IfCondition, UnlessCondition
[0.967s] ^
[0.967s] 
[0.968s] ./launch/run_turtle.launch.py:7:1: F401 'launch.substitutions.Command' imported but unused
[0.968s] from launch.substitutions import Command, LaunchConfiguration, PathJoinSubstitution
[0.968s] ^
[0.968s] 
[0.968s] ./launch/run_turtle.launch.py:7:1: F401 'launch.substitutions.LaunchConfiguration' imported but unused
[0.968s] from launch.substitutions import Command, LaunchConfiguration, PathJoinSubstitution
[0.968s] ^
[0.968s] 
[0.968s] ./launch/run_turtle.launch.py:10:1: F401 'launch_ros.parameter_descriptions.ParameterValue' imported but unused
[0.968s] from launch_ros.parameter_descriptions import ParameterValue
[0.969s] ^
[0.969s] 
[0.969s] ./launch/run_turtle.launch.py:13:69: W291 trailing whitespace
[0.969s] """
[0.969s] launches turtlesim and turtle_robot node along with all the nodes in 
[0.969s] show_turtle launch file. Also connects yaml file to turtle_robot
[0.969s] """
[0.969s]    
[0.969s]                                                                 ^
[0.969s] 
[0.969s] ./launch/run_turtle.launch.py:16:1: E302 expected 2 blank lines, found 0
[0.969s] def generate_launch_description():
[0.970s] ^
[0.970s] 
[0.970s] ./launch/run_turtle.launch.py:43:23: E251 unexpected spaces around keyword / parameter equals
[0.970s]             remappings = [('/cmd_vel', '/turtlesim1/turtle1/cmd_vel'),],
[0.970s]                       ^
[0.970s] 
[0.970s] ./launch/run_turtle.launch.py:43:25: E251 unexpected spaces around keyword / parameter equals
[0.970s]             remappings = [('/cmd_vel', '/turtlesim1/turtle1/cmd_vel'),],
[0.970s]                         ^
[0.970s] 
[0.970s] ./launch/run_turtle.launch.py:43:70: E231 missing whitespace after ','
[0.970s]             remappings = [('/cmd_vel', '/turtlesim1/turtle1/cmd_vel'),],
[0.970s]                                                                      ^
[0.970s] 
[0.970s] ./launch/run_turtle.launch.py:46:1: W293 blank line contains whitespace
[0.971s]         
[0.971s] ^
[0.971s] 
[0.971s] ./launch/run_turtle.launch.py:47:7: W292 no newline at end of file
[0.971s]     ])      ^
[0.971s] 
[0.971s] ./launch/turtle_arena.launch.py:5:27: E271 multiple spaces after keyword
[0.971s] from launch.actions import  IncludeLaunchDescription
[0.971s]                           ^
[0.971s] 
[0.971s] ./launch/turtle_arena.launch.py:10:61: W291 trailing whitespace
[0.971s] """
[0.971s] launches arena and catcher nodes along with all the nodes in 
[0.971s] show_turtle launch file.
[0.972s] Also connects to yaml files to arena and catcher node 
[0.972s] """
[0.972s]    
[0.972s]                                                         ^
[0.972s] 
[0.972s] ./launch/turtle_arena.launch.py:12:54: W291 trailing whitespace
[0.972s] """
[0.972s] launches arena and catcher nodes along with all the nodes in 
[0.972s] show_turtle launch file.
[0.972s] Also connects to yaml files to arena and catcher node 
[0.972s] """
[0.972s]    
[0.972s]                                                  ^
[0.972s] 
[0.972s] ./launch/turtle_arena.launch.py:15:1: E302 expected 2 blank lines, found 1
[0.972s] def generate_launch_description():
[0.973s] ^
[0.973s] 
[0.973s] ./launch/turtle_arena.launch.py:44:1: W293 blank line contains whitespace
[0.973s]         
[0.973s] ^
[0.973s] 
[0.973s] ./launch/turtle_arena.launch.py:45:7: W292 no newline at end of file
[0.973s]     ])      ^
[0.973s] 
[0.973s] 1     E128 continuation line under-indented for visual indent
[0.973s] 6     E225 missing whitespace around operator
[0.973s] 25    E231 missing whitespace after ','
[0.973s] 2     E251 unexpected spaces around keyword / parameter equals
[0.973s] 2     E261 at least two spaces before inline comment
[0.974s] 2     E262 inline comment should start with '# '
[0.974s] 9     E265 block comment should start with '# '
[0.974s] 1     E271 multiple spaces after keyword
[0.974s] 5     E302 expected 2 blank lines, found 0
[0.974s] 3     E303 too many blank lines (3)
[0.974s] 7     E501 line too long (115 > 99 characters)
[0.974s] 23    F401 'ament_index_python.packages.get_package_share_path' imported but unused
[0.974s] 1     F841 local variable 'use_sim_time' is assigned to but never used
[0.974s] 11    W291 trailing whitespace
[0.974s] 6     W292 no newline at end of file
[0.974s] 10    W293 blank line contains whitespace
[0.974s] 
[0.974s] 13 files checked
[0.975s] 114 errors
[0.975s] 
[0.975s] 'E'-type errors: 63
[0.975s] 'F'-type errors: 24
[0.975s] 'W'-type errors: 27
[0.975s] 
[0.975s] Checked files:
[0.975s] 
[0.975s] * ./setup.py
[0.975s] * ./turtle_brick/arena.py
[0.975s] * ./turtle_brick/turtle_robot.py
[0.975s] * ./turtle_brick/catcher.py
[0.975s] * ./turtle_brick/__init__.py
[0.975s] * ./test/math_test.py
[0.976s] * ./test/test_flake8.py
[0.976s] * ./test/test_copyright.py
[0.976s] * ./test/test_pep257.py
[0.976s] * ./test/brick.test.py
[0.976s] * ./launch/show_turtle.launch.py
[0.976s] * ./launch/run_turtle.launch.py
[0.976s] * ./launch/turtle_arena.launch.py
[0.976s] ----------------------------- Captured stderr call -----------------------------
[0.976s] option --max-complexity: please update from optparse string `type=` to argparse callable `type=` -- this will be an error in the future
[0.976s] [31m[1m_________________________________ test_pep257 __________________________________[0m
[0.976s] [1m[31mtest/test_pep257.py[0m:23: in test_pep257
[0.976s]     [94massert[39;49;00m rc == [94m0[39;49;00m, [33m'[39;49;00m[33mFound code style errors / warnings[39;49;00m[33m'[39;49;00m
[0.976s] [1m[31mE   AssertionError: Found code style errors / warnings[0m
[0.976s] [1m[31mE   assert 1 == 0[0m
[0.977s] ----------------------------- Captured stdout call -----------------------------
[0.977s] checking ./launch/run_turtle.launch.py
[0.977s] checking ./launch/show_turtle.launch.py
[0.978s] checking ./launch/turtle_arena.launch.py
[0.978s] checking ./setup.py
[0.978s] checking ./test/brick.test.py
[0.979s] checking ./test/math_test.py
[0.979s] checking ./test/test_copyright.py
[0.979s] checking ./test/test_flake8.py
[0.979s] checking ./test/test_pep257.py
[0.979s] checking ./turtle_brick/__init__.py
[0.979s] checking ./turtle_brick/arena.py
[0.979s] ./turtle_brick/arena.py:16 in public class `BState`: D204: 1 blank line required after class docstring (found 0)
[0.979s] ./turtle_brick/arena.py:16 in public class `BState`: D205: 1 blank line required between summary line and description (found 0)
[0.979s] ./turtle_brick/arena.py:16 in public class `BState`: D208: Docstring is over-indented
[0.979s] ./turtle_brick/arena.py:16 in public class `BState`: D210: No whitespaces allowed surrounding docstring text
[0.979s] ./turtle_brick/arena.py:16 in public class `BState`: D213: Multi-line docstring summary should start at the second line
[0.979s] ./turtle_brick/arena.py:29 in public class `Arena`: D204: 1 blank line required after class docstring (found 0)
[0.979s] ./turtle_brick/arena.py:29 in public class `Arena`: D205: 1 blank line required between summary line and description (found 0)
[0.979s] checking ./turtle_brick/catcher.py
[0.980s] ./turtle_brick/catcher.py:18 in public class `State`: D204: 1 blank line required after class docstring (found 0)
[0.980s] ./turtle_brick/catcher.py:18 in public class `State`: D205: 1 blank line required between summary line and description (found 0)
[0.980s] ./turtle_brick/catcher.py:18 in public class `State`: D208: Docstring is over-indented
[0.980s] ./turtle_brick/catcher.py:18 in public class `State`: D210: No whitespaces allowed surrounding docstring text
[0.980s] ./turtle_brick/catcher.py:18 in public class `State`: D213: Multi-line docstring summary should start at the second line
[0.980s] ./turtle_brick/catcher.py:18 in public class `State`: D400: First line should end with a period (not 't')
[0.980s] ./turtle_brick/catcher.py:18 in public class `State`: D415: First line should end with a period, question mark, or exclamation point (not 't')
[0.980s] ./turtle_brick/catcher.py:26 in public class `Catcher`: D205: 1 blank line required between summary line and description (found 0)
[0.980s] ./turtle_brick/catcher.py:26 in public class `Catcher`: D400: First line should end with a period (not 't')
[0.980s] ./turtle_brick/catcher.py:26 in public class `Catcher`: D415: First line should end with a period, question mark, or exclamation point (not 't')
[0.980s] checking ./turtle_brick/turtle_robot.py
[0.980s] ./turtle_brick/turtle_robot.py:14 in public class `Turtle_robot`: D204: 1 blank line required after class docstring (found 0)
[0.980s] ./turtle_brick/turtle_robot.py:14 in public class `Turtle_robot`: D205: 1 blank line required between summary line and description (found 0)
[0.980s] checking test/brick.test.py
[0.980s] checking test/math_test.py
[0.981s] checking test/test_copyright.py
[0.981s] checking test/test_flake8.py
[0.981s] checking test/test_pep257.py
[0.981s] 19 errors
[0.981s] - generated xml file: /home/alyssa/homework2-alyssa225/build/turtle_brick/pytest.xml -
[0.981s] =========================== short test summary info ============================
[0.981s] FAILED test/test_flake8.py::test_flake8 - AssertionError: Found 114 code styl...
[0.981s] FAILED test/test_pep257.py::test_pep257 - AssertionError: Found code style er...
[0.981s] [31m============== [31m[1m2 failed[0m, [32m1 passed[0m, [33m1 skipped[0m, [33m2 warnings[0m[31m in 0.38s[0m[31m ==============[0m
[0.981s] Invoked command in '/home/alyssa/homework2-alyssa225/src/turtle_brick' returned '1': AMENT_PREFIX_PATH=/home/alyssa/homework2-alyssa225/install/turtle_brick:/home/alyssa/homework2-alyssa225/install/turtle_brick_interfaces:/opt/ros/humble PYTEST_ADDOPTS=--tb=short --junit-xml=/home/alyssa/homework2-alyssa225/build/turtle_brick/pytest.xml --junit-prefix=turtle_brick -o cache_dir=/home/alyssa/homework2-alyssa225/build/turtle_brick/.pytest_cache PYTHONPATH=/home/alyssa/homework2-alyssa225/install/turtle_brick/lib/python3.10/site-packages:/home/alyssa/homework2-alyssa225/install/turtle_brick_interfaces/local/lib/python3.10/dist-packages:/opt/ros/humble/lib/python3.10/site-packages:/opt/ros/humble/local/lib/python3.10/dist-packages /usr/bin/python3 -m pytest
