[1m============================= test session starts ==============================[0m
platform linux -- Python 3.10.6, pytest-6.2.5, py-1.10.0, pluggy-0.13.0
cachedir: /home/alyssa/homework2-alyssa225/build/turtle_brick/.pytest_cache
rootdir: /home/alyssa/homework2-alyssa225/src/turtle_brick
plugins: ament-lint-0.12.4, ament-xmllint-0.12.4, launch-testing-ros-0.19.3, launch-testing-1.0.2, ament-flake8-0.12.4, ament-pep257-0.12.4, ament-copyright-0.12.4, colcon-core-0.10.0, cov-3.0.0
[1mcollecting ... [0m[1m
collected 4 items                                                              [0m

test/math_test.py [32m.[0m[32m                                                      [ 25%][0m
test/test_copyright.py [33ms[0m[32m                                                 [ 50%][0m
test/test_flake8.py [31mF[0m[31m                                                    [ 75%][0m
test/test_pep257.py [31mF[0m[31m                                                    [100%][0m

=================================== FAILURES ===================================
[31m[1m_________________________________ test_flake8 __________________________________[0m
[1m[31mtest/test_flake8.py[0m:23: in test_flake8
    [94massert[39;49;00m rc == [94m0[39;49;00m, \
[1m[31mE   AssertionError: Found 6 code style errors / warnings:[0m
[1m[31mE     ./launch/turtle_arena.launch.py:5:27: E271 multiple spaces after keyword[0m
[1m[31mE     ./launch/turtle_arena.launch.py:10:61: W291 trailing whitespace[0m
[1m[31mE     ./launch/turtle_arena.launch.py:12:54: W291 trailing whitespace[0m
[1m[31mE     ./launch/turtle_arena.launch.py:15:1: E302 expected 2 blank lines, found 1[0m
[1m[31mE     ./launch/turtle_arena.launch.py:44:1: W293 blank line contains whitespace[0m
[1m[31mE     ./launch/turtle_arena.launch.py:45:7: W292 no newline at end of file[0m
[1m[31mE   assert 1 == 0[0m
----------------------------- Captured stdout call -----------------------------

./launch/turtle_arena.launch.py:5:27: E271 multiple spaces after keyword
from launch.actions import  IncludeLaunchDescription
                          ^

./launch/turtle_arena.launch.py:10:61: W291 trailing whitespace
"""
launches arena and catcher nodes along with all the nodes in 
show_turtle launch file.
Also connects to yaml files to arena and catcher node 
"""
   
                                                        ^

./launch/turtle_arena.launch.py:12:54: W291 trailing whitespace
"""
launches arena and catcher nodes along with all the nodes in 
show_turtle launch file.
Also connects to yaml files to arena and catcher node 
"""
   
                                                 ^

./launch/turtle_arena.launch.py:15:1: E302 expected 2 blank lines, found 1
def generate_launch_description():
^

./launch/turtle_arena.launch.py:44:1: W293 blank line contains whitespace
        
^

./launch/turtle_arena.launch.py:45:7: W292 no newline at end of file
    ])      ^

1     E271 multiple spaces after keyword
1     E302 expected 2 blank lines, found 1
2     W291 trailing whitespace
1     W292 no newline at end of file
1     W293 blank line contains whitespace

13 files checked
6 errors

'E'-type errors: 2
'W'-type errors: 4

Checked files:

* ./setup.py
* ./turtle_brick/arena.py
* ./turtle_brick/turtle_robot.py
* ./turtle_brick/catcher.py
* ./turtle_brick/__init__.py
* ./test/math_test.py
* ./test/test_flake8.py
* ./test/test_copyright.py
* ./test/test_pep257.py
* ./test/brick.test.py
* ./launch/show_turtle.launch.py
* ./launch/run_turtle.launch.py
* ./launch/turtle_arena.launch.py
----------------------------- Captured stderr call -----------------------------
option --max-complexity: please update from optparse string `type=` to argparse callable `type=` -- this will be an error in the future
[31m[1m_________________________________ test_pep257 __________________________________[0m
[1m[31mtest/test_pep257.py[0m:23: in test_pep257
    [94massert[39;49;00m rc == [94m0[39;49;00m, [33m'[39;49;00m[33mFound code style errors / warnings[39;49;00m[33m'[39;49;00m
[1m[31mE   AssertionError: Found code style errors / warnings[0m
[1m[31mE   assert 1 == 0[0m
----------------------------- Captured stdout call -----------------------------
checking ./launch/run_turtle.launch.py
checking ./launch/show_turtle.launch.py
checking ./launch/turtle_arena.launch.py
checking ./setup.py
checking ./test/brick.test.py
checking ./test/math_test.py
checking ./test/test_copyright.py
checking ./test/test_flake8.py
checking ./test/test_pep257.py
checking ./turtle_brick/__init__.py
checking ./turtle_brick/arena.py
./turtle_brick/arena.py:16 in public class `BState`: D204: 1 blank line required after class docstring (found 0)
./turtle_brick/arena.py:16 in public class `BState`: D205: 1 blank line required between summary line and description (found 0)
./turtle_brick/arena.py:16 in public class `BState`: D208: Docstring is over-indented
./turtle_brick/arena.py:16 in public class `BState`: D210: No whitespaces allowed surrounding docstring text
./turtle_brick/arena.py:16 in public class `BState`: D213: Multi-line docstring summary should start at the second line
./turtle_brick/arena.py:29 in public class `Arena`: D204: 1 blank line required after class docstring (found 0)
./turtle_brick/arena.py:29 in public class `Arena`: D205: 1 blank line required between summary line and description (found 0)
checking ./turtle_brick/catcher.py
./turtle_brick/catcher.py:13 in public class `State`: D204: 1 blank line required after class docstring (found 0)
./turtle_brick/catcher.py:13 in public class `State`: D205: 1 blank line required between summary line and description (found 0)
./turtle_brick/catcher.py:13 in public class `State`: D400: First line should end with a period (not 't')
./turtle_brick/catcher.py:13 in public class `State`: D415: First line should end with a period, question mark, or exclamation point (not 't')
./turtle_brick/catcher.py:23 in public class `Catcher`: D205: 1 blank line required between summary line and description (found 0)
./turtle_brick/catcher.py:23 in public class `Catcher`: D400: First line should end with a period (not 't')
./turtle_brick/catcher.py:23 in public class `Catcher`: D415: First line should end with a period, question mark, or exclamation point (not 't')
checking ./turtle_brick/turtle_robot.py
./turtle_brick/turtle_robot.py:14 in public class `Turtle_robot`: D204: 1 blank line required after class docstring (found 0)
./turtle_brick/turtle_robot.py:14 in public class `Turtle_robot`: D205: 1 blank line required between summary line and description (found 0)
checking test/brick.test.py
checking test/math_test.py
checking test/test_copyright.py
checking test/test_flake8.py
checking test/test_pep257.py
16 errors
- generated xml file: /home/alyssa/homework2-alyssa225/build/turtle_brick/pytest.xml -
[33m=============================== warnings summary ===============================[0m
test/test_flake8.py::test_flake8
test/test_flake8.py::test_flake8
  Warning: SelectableGroups dict interface is deprecated. Use select.

-- Docs: https://docs.pytest.org/en/stable/warnings.html
=========================== short test summary info ============================
FAILED test/test_flake8.py::test_flake8 - AssertionError: Found 6 code style ...
FAILED test/test_pep257.py::test_pep257 - AssertionError: Found code style er...
[31m============== [31m[1m2 failed[0m, [32m1 passed[0m, [33m1 skipped[0m, [33m2 warnings[0m[31m in 0.38s[0m[31m ==============[0m
