[0.247s] Invoking command in '/home/alyssa/homework2-alyssa225/src/turtle_brick': AMENT_PREFIX_PATH=/home/alyssa/homework2-alyssa225/install/turtle_brick:/home/alyssa/homework2-alyssa225/install/turtle_brick_interfaces:/opt/ros/humble PYTEST_ADDOPTS=--tb=short --junit-xml=/home/alyssa/homework2-alyssa225/build/turtle_brick/pytest.xml --junit-prefix=turtle_brick -o cache_dir=/home/alyssa/homework2-alyssa225/build/turtle_brick/.pytest_cache PYTHONPATH=/home/alyssa/homework2-alyssa225/install/turtle_brick/lib/python3.10/site-packages:/home/alyssa/homework2-alyssa225/install/turtle_brick_interfaces/local/lib/python3.10/dist-packages:/opt/ros/humble/lib/python3.10/site-packages:/opt/ros/humble/local/lib/python3.10/dist-packages /usr/bin/python3 -m pytest
[0.521s] [1m============================= test session starts ==============================[0m
[0.521s] platform linux -- Python 3.10.6, pytest-6.2.5, py-1.10.0, pluggy-0.13.0
[0.525s] cachedir: /home/alyssa/homework2-alyssa225/build/turtle_brick/.pytest_cache
[0.526s] rootdir: /home/alyssa/homework2-alyssa225/src/turtle_brick
[0.526s] plugins: ament-lint-0.12.4, ament-xmllint-0.12.4, launch-testing-ros-0.19.3, launch-testing-1.0.2, ament-flake8-0.12.4, ament-pep257-0.12.4, ament-copyright-0.12.4, colcon-core-0.10.0, cov-3.0.0
[0.600s] [1mcollecting ... [0m[1m
[0.600s] collected 4 items                                                              [0m
[0.600s] 
[0.614s] test/math_test.py [32m.[0m[32m                                                      [ 25%][0m
[0.615s] test/test_copyright.py [33ms[0m[32m                                                 [ 50%][0m
[0.806s] test/test_flake8.py [31mF[0m[31m                                                    [ 75%][0m
[0.866s] test/test_pep257.py [31mF[0m[31m                                                    [100%][0m
[0.866s] 
[0.866s] =================================== FAILURES ===================================
[0.866s] [31m[1m_________________________________ test_flake8 __________________________________[0m
[0.866s] [1m[31mtest/test_flake8.py[0m:23: in test_flake8
[0.901s]     [94massert[39;49;00m rc == [94m0[39;49;00m, \
[0.902s] [1m[31mE   AssertionError: Found 6 code style errors / warnings:[0m
[0.902s] [1m[31mE     ./launch/turtle_arena.launch.py:5:27: E271 multiple spaces after keyword[0m
[0.902s] [1m[31mE     ./launch/turtle_arena.launch.py:10:61: W291 trailing whitespace[0m
[0.903s] [1m[31mE     ./launch/turtle_arena.launch.py:12:54: W291 trailing whitespace[0m
[0.903s] [1m[31mE     ./launch/turtle_arena.launch.py:15:1: E302 expected 2 blank lines, found 1[0m
[0.903s] [1m[31mE     ./launch/turtle_arena.launch.py:44:1: W293 blank line contains whitespace[0m
[0.903s] [1m[31mE     ./launch/turtle_arena.launch.py:45:7: W292 no newline at end of file[0m
[0.903s] [1m[31mE   assert 1 == 0[0m
[0.903s] ----------------------------- Captured stdout call -----------------------------
[0.903s] 
[0.903s] ./launch/turtle_arena.launch.py:5:27: E271 multiple spaces after keyword
[0.903s] from launch.actions import  IncludeLaunchDescription
[0.903s]                           ^
[0.903s] 
[0.904s] ./launch/turtle_arena.launch.py:10:61: W291 trailing whitespace
[0.904s] """
[0.904s] launches arena and catcher nodes along with all the nodes in 
[0.904s] show_turtle launch file.
[0.904s] Also connects to yaml files to arena and catcher node 
[0.904s] """
[0.904s]    
[0.904s]                                                         ^
[0.904s] 
[0.904s] ./launch/turtle_arena.launch.py:12:54: W291 trailing whitespace
[0.904s] """
[0.904s] launches arena and catcher nodes along with all the nodes in 
[0.904s] show_turtle launch file.
[0.904s] Also connects to yaml files to arena and catcher node 
[0.904s] """
[0.904s]    
[0.905s]                                                  ^
[0.905s] 
[0.905s] ./launch/turtle_arena.launch.py:15:1: E302 expected 2 blank lines, found 1
[0.905s] def generate_launch_description():
[0.905s] ^
[0.905s] 
[0.905s] ./launch/turtle_arena.launch.py:44:1: W293 blank line contains whitespace
[0.905s]         
[0.905s] ^
[0.905s] 
[0.905s] ./launch/turtle_arena.launch.py:45:7: W292 no newline at end of file
[0.905s]     ])      ^
[0.905s] 
[0.905s] 1     E271 multiple spaces after keyword
[0.905s] 1     E302 expected 2 blank lines, found 1
[0.906s] 2     W291 trailing whitespace
[0.906s] 1     W292 no newline at end of file
[0.906s] 1     W293 blank line contains whitespace
[0.906s] 
[0.906s] 13 files checked
[0.906s] 6 errors
[0.906s] 
[0.906s] 'E'-type errors: 2
[0.906s] 'W'-type errors: 4
[0.906s] 
[0.906s] Checked files:
[0.906s] 
[0.906s] * ./setup.py
[0.906s] * ./turtle_brick/arena.py
[0.906s] * ./turtle_brick/turtle_robot.py
[0.906s] * ./turtle_brick/catcher.py
[0.907s] * ./turtle_brick/__init__.py
[0.907s] * ./test/math_test.py
[0.907s] * ./test/test_flake8.py
[0.907s] * ./test/test_copyright.py
[0.907s] * ./test/test_pep257.py
[0.907s] * ./test/brick.test.py
[0.907s] * ./launch/show_turtle.launch.py
[0.907s] * ./launch/run_turtle.launch.py
[0.907s] * ./launch/turtle_arena.launch.py
[0.907s] ----------------------------- Captured stderr call -----------------------------
[0.907s] option --max-complexity: please update from optparse string `type=` to argparse callable `type=` -- this will be an error in the future
[0.907s] [31m[1m_________________________________ test_pep257 __________________________________[0m
[0.907s] [1m[31mtest/test_pep257.py[0m:23: in test_pep257
[0.907s]     [94massert[39;49;00m rc == [94m0[39;49;00m, [33m'[39;49;00m[33mFound code style errors / warnings[39;49;00m[33m'[39;49;00m
[0.907s] [1m[31mE   AssertionError: Found code style errors / warnings[0m
[0.907s] [1m[31mE   assert 1 == 0[0m
[0.907s] ----------------------------- Captured stdout call -----------------------------
[0.908s] checking ./launch/run_turtle.launch.py
[0.908s] checking ./launch/show_turtle.launch.py
[0.908s] checking ./launch/turtle_arena.launch.py
[0.908s] checking ./setup.py
[0.908s] checking ./test/brick.test.py
[0.908s] checking ./test/math_test.py
[0.908s] checking ./test/test_copyright.py
[0.908s] checking ./test/test_flake8.py
[0.908s] checking ./test/test_pep257.py
[0.908s] checking ./turtle_brick/__init__.py
[0.908s] checking ./turtle_brick/arena.py
[0.908s] ./turtle_brick/arena.py:16 in public class `BState`: D204: 1 blank line required after class docstring (found 0)
[0.908s] ./turtle_brick/arena.py:16 in public class `BState`: D205: 1 blank line required between summary line and description (found 0)
[0.908s] ./turtle_brick/arena.py:16 in public class `BState`: D208: Docstring is over-indented
[0.908s] ./turtle_brick/arena.py:16 in public class `BState`: D210: No whitespaces allowed surrounding docstring text
[0.908s] ./turtle_brick/arena.py:16 in public class `BState`: D213: Multi-line docstring summary should start at the second line
[0.909s] ./turtle_brick/arena.py:29 in public class `Arena`: D204: 1 blank line required after class docstring (found 0)
[0.909s] ./turtle_brick/arena.py:29 in public class `Arena`: D205: 1 blank line required between summary line and description (found 0)
[0.909s] checking ./turtle_brick/catcher.py
[0.909s] ./turtle_brick/catcher.py:13 in public class `State`: D204: 1 blank line required after class docstring (found 0)
[0.909s] ./turtle_brick/catcher.py:13 in public class `State`: D205: 1 blank line required between summary line and description (found 0)
[0.909s] ./turtle_brick/catcher.py:13 in public class `State`: D400: First line should end with a period (not 't')
[0.909s] ./turtle_brick/catcher.py:13 in public class `State`: D415: First line should end with a period, question mark, or exclamation point (not 't')
[0.909s] ./turtle_brick/catcher.py:23 in public class `Catcher`: D205: 1 blank line required between summary line and description (found 0)
[0.909s] ./turtle_brick/catcher.py:23 in public class `Catcher`: D400: First line should end with a period (not 't')
[0.909s] ./turtle_brick/catcher.py:23 in public class `Catcher`: D415: First line should end with a period, question mark, or exclamation point (not 't')
[0.909s] checking ./turtle_brick/turtle_robot.py
[0.909s] ./turtle_brick/turtle_robot.py:14 in public class `Turtle_robot`: D204: 1 blank line required after class docstring (found 0)
[0.909s] ./turtle_brick/turtle_robot.py:14 in public class `Turtle_robot`: D205: 1 blank line required between summary line and description (found 0)
[0.909s] checking test/brick.test.py
[0.909s] checking test/math_test.py
[0.909s] checking test/test_copyright.py
[0.910s] checking test/test_flake8.py
[0.910s] checking test/test_pep257.py
[0.910s] 16 errors
[0.910s] - generated xml file: /home/alyssa/homework2-alyssa225/build/turtle_brick/pytest.xml -
[0.910s] [33m=============================== warnings summary ===============================[0m
[0.910s] test/test_flake8.py::test_flake8
[0.910s] test/test_flake8.py::test_flake8
[0.910s]   Warning: SelectableGroups dict interface is deprecated. Use select.
[0.910s] 
[0.910s] -- Docs: https://docs.pytest.org/en/stable/warnings.html
[0.910s] =========================== short test summary info ============================
[0.910s] FAILED test/test_flake8.py::test_flake8 - AssertionError: Found 6 code style ...
[0.910s] FAILED test/test_pep257.py::test_pep257 - AssertionError: Found code style er...
[0.910s] [31m============== [31m[1m2 failed[0m, [32m1 passed[0m, [33m1 skipped[0m, [33m2 warnings[0m[31m in 0.38s[0m[31m ==============[0m
[0.981s] Invoked command in '/home/alyssa/homework2-alyssa225/src/turtle_brick' returned '1': AMENT_PREFIX_PATH=/home/alyssa/homework2-alyssa225/install/turtle_brick:/home/alyssa/homework2-alyssa225/install/turtle_brick_interfaces:/opt/ros/humble PYTEST_ADDOPTS=--tb=short --junit-xml=/home/alyssa/homework2-alyssa225/build/turtle_brick/pytest.xml --junit-prefix=turtle_brick -o cache_dir=/home/alyssa/homework2-alyssa225/build/turtle_brick/.pytest_cache PYTHONPATH=/home/alyssa/homework2-alyssa225/install/turtle_brick/lib/python3.10/site-packages:/home/alyssa/homework2-alyssa225/install/turtle_brick_interfaces/local/lib/python3.10/dist-packages:/opt/ros/humble/lib/python3.10/site-packages:/opt/ros/humble/local/lib/python3.10/dist-packages /usr/bin/python3 -m pytest
