[0.274s] Invoking command in '/home/alyssa/homework2-alyssa225/src/turtle_brick': AMENT_PREFIX_PATH=/home/alyssa/homework2-alyssa225/install/turtle_brick:/home/alyssa/homework2-alyssa225/install/turtle_brick_interfaces:/opt/ros/humble PYTEST_ADDOPTS=--tb=short --junit-xml=/home/alyssa/homework2-alyssa225/build/turtle_brick/pytest.xml --junit-prefix=turtle_brick -o cache_dir=/home/alyssa/homework2-alyssa225/build/turtle_brick/.pytest_cache PYTHONPATH=/home/alyssa/homework2-alyssa225/install/turtle_brick/lib/python3.10/site-packages:/home/alyssa/homework2-alyssa225/install/turtle_brick_interfaces/local/lib/python3.10/dist-packages:/opt/ros/humble/lib/python3.10/site-packages:/opt/ros/humble/local/lib/python3.10/dist-packages /usr/bin/python3 -m pytest
[0.588s] [1m============================= test session starts ==============================[0m
[0.588s] platform linux -- Python 3.10.6, pytest-6.2.5, py-1.10.0, pluggy-0.13.0
[0.595s] cachedir: /home/alyssa/homework2-alyssa225/build/turtle_brick/.pytest_cache
[0.595s] rootdir: /home/alyssa/homework2-alyssa225/src/turtle_brick
[0.595s] plugins: ament-lint-0.12.4, ament-xmllint-0.12.4, launch-testing-ros-0.19.3, launch-testing-1.0.2, ament-flake8-0.12.4, ament-pep257-0.12.4, ament-copyright-0.12.4, colcon-core-0.10.0, cov-3.0.0
[0.682s] [1mcollecting ... [0m[1m
[0.682s] collected 4 items                                                              [0m
[0.682s] 
[0.690s] test/math_test.py [32m.[0m[32m                                                      [ 25%][0m
[0.691s] test/test_copyright.py [33ms[0m[32m                                                 [ 50%][0m
[0.897s] test/test_flake8.py [31mF[0m[31m                                                    [ 75%][0m
[0.966s] test/test_pep257.py [31mF[0m[31m                                                    [100%][0m
[0.966s] 
[0.966s] =================================== FAILURES ===================================
[0.966s] [31m[1m_________________________________ test_flake8 __________________________________[0m
[0.967s] [1m[31mtest/test_flake8.py[0m:23: in test_flake8
[1.006s]     [94massert[39;49;00m rc == [94m0[39;49;00m, \
[1.006s] [1m[31mE   AssertionError: Found 11 code style errors / warnings:[0m
[1.006s] [1m[31mE     ./launch/run_turtle.launch.py:43:23: E251 unexpected spaces around keyword / parameter equals[0m
[1.007s] [1m[31mE     ./launch/run_turtle.launch.py:43:25: E251 unexpected spaces around keyword / parameter equals[0m
[1.007s] [1m[31mE     ./launch/run_turtle.launch.py:43:70: E231 missing whitespace after ','[0m
[1.007s] [1m[31mE     ./launch/run_turtle.launch.py:46:1: W293 blank line contains whitespace[0m
[1.007s] [1m[31mE     ./launch/run_turtle.launch.py:47:7: W292 no newline at end of file[0m
[1.007s] [1m[31mE     ./launch/turtle_arena.launch.py:5:27: E271 multiple spaces after keyword[0m
[1.007s] [1m[31mE     ./launch/turtle_arena.launch.py:10:61: W291 trailing whitespace[0m
[1.008s] [1m[31mE     ./launch/turtle_arena.launch.py:12:54: W291 trailing whitespace[0m
[1.008s] [1m[31mE     ./launch/turtle_arena.launch.py:15:1: E302 expected 2 blank lines, found 1[0m
[1.008s] [1m[31mE     ./launch/turtle_arena.launch.py:44:1: W293 blank line contains whitespace[0m
[1.008s] [1m[31mE     ./launch/turtle_arena.launch.py:45:7: W292 no newline at end of file[0m
[1.008s] [1m[31mE   assert 1 == 0[0m
[1.008s] ----------------------------- Captured stdout call -----------------------------
[1.008s] 
[1.009s] ./launch/run_turtle.launch.py:43:23: E251 unexpected spaces around keyword / parameter equals
[1.009s]             remappings = [('/cmd_vel', '/turtlesim1/turtle1/cmd_vel'),],
[1.009s]                       ^
[1.009s] 
[1.009s] ./launch/run_turtle.launch.py:43:25: E251 unexpected spaces around keyword / parameter equals
[1.009s]             remappings = [('/cmd_vel', '/turtlesim1/turtle1/cmd_vel'),],
[1.009s]                         ^
[1.010s] 
[1.010s] ./launch/run_turtle.launch.py:43:70: E231 missing whitespace after ','
[1.010s]             remappings = [('/cmd_vel', '/turtlesim1/turtle1/cmd_vel'),],
[1.010s]                                                                      ^
[1.010s] 
[1.010s] ./launch/run_turtle.launch.py:46:1: W293 blank line contains whitespace
[1.010s]         
[1.011s] ^
[1.011s] 
[1.011s] ./launch/run_turtle.launch.py:47:7: W292 no newline at end of file
[1.011s]     ])      ^
[1.011s] 
[1.011s] ./launch/turtle_arena.launch.py:5:27: E271 multiple spaces after keyword
[1.011s] from launch.actions import  IncludeLaunchDescription
[1.011s]                           ^
[1.012s] 
[1.012s] ./launch/turtle_arena.launch.py:10:61: W291 trailing whitespace
[1.012s] """
[1.012s] launches arena and catcher nodes along with all the nodes in 
[1.012s] show_turtle launch file.
[1.012s] Also connects to yaml files to arena and catcher node 
[1.012s] """
[1.012s]    
[1.013s]                                                         ^
[1.013s] 
[1.013s] ./launch/turtle_arena.launch.py:12:54: W291 trailing whitespace
[1.013s] """
[1.013s] launches arena and catcher nodes along with all the nodes in 
[1.013s] show_turtle launch file.
[1.013s] Also connects to yaml files to arena and catcher node 
[1.013s] """
[1.014s]    
[1.014s]                                                  ^
[1.014s] 
[1.014s] ./launch/turtle_arena.launch.py:15:1: E302 expected 2 blank lines, found 1
[1.014s] def generate_launch_description():
[1.014s] ^
[1.014s] 
[1.014s] ./launch/turtle_arena.launch.py:44:1: W293 blank line contains whitespace
[1.015s]         
[1.015s] ^
[1.015s] 
[1.015s] ./launch/turtle_arena.launch.py:45:7: W292 no newline at end of file
[1.015s]     ])      ^
[1.015s] 
[1.015s] 1     E231 missing whitespace after ','
[1.015s] 2     E251 unexpected spaces around keyword / parameter equals
[1.016s] 1     E271 multiple spaces after keyword
[1.016s] 1     E302 expected 2 blank lines, found 1
[1.016s] 2     W291 trailing whitespace
[1.016s] 2     W292 no newline at end of file
[1.016s] 2     W293 blank line contains whitespace
[1.016s] 
[1.016s] 13 files checked
[1.016s] 11 errors
[1.017s] 
[1.017s] 'E'-type errors: 5
[1.017s] 'W'-type errors: 6
[1.017s] 
[1.017s] Checked files:
[1.017s] 
[1.017s] * ./setup.py
[1.017s] * ./turtle_brick/arena.py
[1.018s] * ./turtle_brick/turtle_robot.py
[1.018s] * ./turtle_brick/catcher.py
[1.018s] * ./turtle_brick/__init__.py
[1.018s] * ./test/math_test.py
[1.018s] * ./test/test_flake8.py
[1.018s] * ./test/test_copyright.py
[1.018s] * ./test/test_pep257.py
[1.019s] * ./test/brick.test.py
[1.019s] * ./launch/show_turtle.launch.py
[1.019s] * ./launch/run_turtle.launch.py
[1.019s] * ./launch/turtle_arena.launch.py
[1.019s] ----------------------------- Captured stderr call -----------------------------
[1.019s] option --max-complexity: please update from optparse string `type=` to argparse callable `type=` -- this will be an error in the future
[1.019s] [31m[1m_________________________________ test_pep257 __________________________________[0m
[1.019s] [1m[31mtest/test_pep257.py[0m:23: in test_pep257
[1.019s]     [94massert[39;49;00m rc == [94m0[39;49;00m, [33m'[39;49;00m[33mFound code style errors / warnings[39;49;00m[33m'[39;49;00m
[1.019s] [1m[31mE   AssertionError: Found code style errors / warnings[0m
[1.020s] [1m[31mE   assert 1 == 0[0m
[1.020s] ----------------------------- Captured stdout call -----------------------------
[1.020s] [33m=============================== warnings summary ===============================[0m
[1.020s] test/test_flake8.py::test_flake8
[1.020s] test/test_flake8.py::test_flake8
[1.020s]   Warning: SelectableGroups dict interface is deprecated. Use select.
[1.020s] 
[1.020s] -- Docs: https://docs.pytest.org/en/stable/warnings.html
[1.020s] checking ./launch/run_turtle.launch.py
[1.021s] checking ./launch/show_turtle.launch.py
[1.021s] checking ./launch/turtle_arena.launch.py
[1.021s] checking ./setup.py
[1.021s] checking ./test/brick.test.py
[1.021s] checking ./test/math_test.py
[1.021s] checking ./test/test_copyright.py
[1.021s] checking ./test/test_flake8.py
[1.021s] checking ./test/test_pep257.py
[1.021s] checking ./turtle_brick/__init__.py
[1.021s] checking ./turtle_brick/arena.py
[1.021s] ./turtle_brick/arena.py:16 in public class `BState`: D204: 1 blank line required after class docstring (found 0)
[1.021s] ./turtle_brick/arena.py:16 in public class `BState`: D205: 1 blank line required between summary line and description (found 0)
[1.021s] ./turtle_brick/arena.py:16 in public class `BState`: D208: Docstring is over-indented
[1.021s] ./turtle_brick/arena.py:16 in public class `BState`: D210: No whitespaces allowed surrounding docstring text
[1.021s] ./turtle_brick/arena.py:16 in public class `BState`: D213: Multi-line docstring summary should start at the second line
[1.021s] ./turtle_brick/arena.py:29 in public class `Arena`: D204: 1 blank line required after class docstring (found 0)
[1.022s] ./turtle_brick/arena.py:29 in public class `Arena`: D205: 1 blank line required between summary line and description (found 0)
[1.022s] checking ./turtle_brick/catcher.py
[1.022s] ./turtle_brick/catcher.py:13 in public class `State`: D204: 1 blank line required after class docstring (found 0)
[1.022s] ./turtle_brick/catcher.py:13 in public class `State`: D205: 1 blank line required between summary line and description (found 0)
[1.022s] ./turtle_brick/catcher.py:13 in public class `State`: D400: First line should end with a period (not 't')
[1.022s] ./turtle_brick/catcher.py:13 in public class `State`: D415: First line should end with a period, question mark, or exclamation point (not 't')
[1.022s] ./turtle_brick/catcher.py:23 in public class `Catcher`: D205: 1 blank line required between summary line and description (found 0)
[1.022s] ./turtle_brick/catcher.py:23 in public class `Catcher`: D400: First line should end with a period (not 't')
[1.022s] ./turtle_brick/catcher.py:23 in public class `Catcher`: D415: First line should end with a period, question mark, or exclamation point (not 't')
[1.022s] checking ./turtle_brick/turtle_robot.py
[1.022s] ./turtle_brick/turtle_robot.py:14 in public class `Turtle_robot`: D204: 1 blank line required after class docstring (found 0)
[1.022s] ./turtle_brick/turtle_robot.py:14 in public class `Turtle_robot`: D205: 1 blank line required between summary line and description (found 0)
[1.022s] checking test/brick.test.py
[1.022s] checking test/math_test.py
[1.022s] checking test/test_copyright.py
[1.022s] checking test/test_flake8.py
[1.023s] checking test/test_pep257.py
[1.023s] 16 errors
[1.023s] - generated xml file: /home/alyssa/homework2-alyssa225/build/turtle_brick/pytest.xml -
[1.023s] =========================== short test summary info ============================
[1.023s] FAILED test/test_flake8.py::test_flake8 - AssertionError: Found 11 code style...
[1.023s] FAILED test/test_pep257.py::test_pep257 - AssertionError: Found code style er...
[1.023s] [31m============== [31m[1m2 failed[0m, [32m1 passed[0m, [33m1 skipped[0m, [33m2 warnings[0m[31m in 0.42s[0m[31m ==============[0m
[1.092s] Invoked command in '/home/alyssa/homework2-alyssa225/src/turtle_brick' returned '1': AMENT_PREFIX_PATH=/home/alyssa/homework2-alyssa225/install/turtle_brick:/home/alyssa/homework2-alyssa225/install/turtle_brick_interfaces:/opt/ros/humble PYTEST_ADDOPTS=--tb=short --junit-xml=/home/alyssa/homework2-alyssa225/build/turtle_brick/pytest.xml --junit-prefix=turtle_brick -o cache_dir=/home/alyssa/homework2-alyssa225/build/turtle_brick/.pytest_cache PYTHONPATH=/home/alyssa/homework2-alyssa225/install/turtle_brick/lib/python3.10/site-packages:/home/alyssa/homework2-alyssa225/install/turtle_brick_interfaces/local/lib/python3.10/dist-packages:/opt/ros/humble/lib/python3.10/site-packages:/opt/ros/humble/local/lib/python3.10/dist-packages /usr/bin/python3 -m pytest
