[0.275s] Invoking command in '/home/alyssa/homework2-alyssa225/src/turtle_brick': AMENT_PREFIX_PATH=/home/alyssa/homework2-alyssa225/install/turtle_brick:/home/alyssa/homework2-alyssa225/install/turtle_brick_interfaces:/opt/ros/humble PYTEST_ADDOPTS=--tb=short --junit-xml=/home/alyssa/homework2-alyssa225/build/turtle_brick/pytest.xml --junit-prefix=turtle_brick -o cache_dir=/home/alyssa/homework2-alyssa225/build/turtle_brick/.pytest_cache PYTHONPATH=/home/alyssa/homework2-alyssa225/install/turtle_brick/lib/python3.10/site-packages:/home/alyssa/homework2-alyssa225/install/turtle_brick_interfaces/local/lib/python3.10/dist-packages:/opt/ros/humble/lib/python3.10/site-packages:/opt/ros/humble/local/lib/python3.10/dist-packages /usr/bin/python3 -m pytest
[0.618s] [1m============================= test session starts ==============================[0m
[0.618s] platform linux -- Python 3.10.6, pytest-6.2.5, py-1.10.0, pluggy-0.13.0
[0.624s] cachedir: /home/alyssa/homework2-alyssa225/build/turtle_brick/.pytest_cache
[0.625s] rootdir: /home/alyssa/homework2-alyssa225/src/turtle_brick
[0.625s] plugins: ament-lint-0.12.4, ament-xmllint-0.12.4, launch-testing-ros-0.19.3, launch-testing-1.0.2, ament-flake8-0.12.4, ament-pep257-0.12.4, ament-copyright-0.12.4, colcon-core-0.10.0, cov-3.0.0
[0.719s] [1mcollecting ... [0m[1m
[0.720s] collected 4 items                                                              [0m
[0.720s] 
[0.736s] test/math_test.py [32m.[0m[32m                                                      [ 25%][0m
[0.737s] test/test_copyright.py [33ms[0m[32m                                                 [ 50%][0m
[0.947s] test/test_flake8.py [31mF[0m[31m                                                    [ 75%][0m
[1.032s] test/test_pep257.py [31mF[0m[31m                                                    [100%][0m
[1.032s] 
[1.032s] =================================== FAILURES ===================================
[1.033s] [31m[1m_________________________________ test_flake8 __________________________________[0m
[1.033s] [1m[31mtest/test_flake8.py[0m:23: in test_flake8
[1.101s]     [94massert[39;49;00m rc == [94m0[39;49;00m, \
[1.101s] [1m[31mE   AssertionError: Found 6 code style errors / warnings:[0m
[1.101s] [1m[31mE     ./turtle_brick/arena.py:17:1: W293 blank line contains whitespace[0m
[1.101s] [1m[31mE     ./turtle_brick/arena.py:18:26: W291 trailing whitespace[0m
[1.101s] [1m[31mE     ./turtle_brick/arena.py:38:1: W293 blank line contains whitespace[0m
[1.102s] [1m[31mE     ./turtle_brick/arena.py:51:1: W293 blank line contains whitespace[0m
[1.102s] [1m[31mE     ./turtle_brick/turtle_robot.py:17:1: W293 blank line contains whitespace[0m
[1.102s] [1m[31mE     ./turtle_brick/catcher.py:30:1: W293 blank line contains whitespace[0m
[1.102s] [1m[31mE   assert 1 == 0[0m
[1.102s] ----------------------------- Captured stdout call -----------------------------
[1.102s] 
[1.103s] ./turtle_brick/arena.py:17:1: W293 blank line contains whitespace
[1.103s]     """Current state of the brick.
[1.103s]     
[1.103s]     Four states of brick. 
[1.103s]         - PLACED: brick is placed
[1.103s]         - DROPPING: brick is dropping with accelleraction od gravity
[1.104s]         - PLATFORM: The platfom of turtle robot is below the brick
[1.104s]         - FLOOR: The turtle robot is not below the brick
[1.104s]     """
[1.104s] ^
[1.104s] 
[1.104s] ./turtle_brick/arena.py:18:26: W291 trailing whitespace
[1.105s]     """Current state of the brick.
[1.105s]     
[1.105s]     Four states of brick. 
[1.105s]         - PLACED: brick is placed
[1.105s]         - DROPPING: brick is dropping with accelleraction od gravity
[1.105s]         - PLATFORM: The platfom of turtle robot is below the brick
[1.106s]         - FLOOR: The turtle robot is not below the brick
[1.106s]     """
[1.106s]                          ^
[1.106s] 
[1.106s] ./turtle_brick/arena.py:38:1: W293 blank line contains whitespace
[1.106s]     """
[1.106s] 
[1.107s]     Creates the arena and places brick when called in command line.
[1.107s]     Will drop the robot when called in command line.
[1.107s]         -if robot is underneath the brick, the brick will land on the robot
[1.107s]         -if nothing is under brick, brick will land on ground
[1.107s]     
[1.107s]     SUBSCRIPTIONS:
[1.107s]         -robot_sub: continuous robot position
[1.108s]     PUBLISHERS:
[1.108s]         -marker_pub: publishes walls and brick
[1.108s]         -drop_pub: sends placement, drop coordinates
[1.108s]         -platform_pub: sends true if platform is under brick
[1.108s]     SERVICES:
[1.108s]         -Place: place brick at x, y, z location
[1.108s]         -Drop: Empty drops brick
[1.109s]     TRANSFORMS:
[1.109s]         -world_brick: connects brick to world
[1.109s]     """
[1.109s] ^
[1.109s] 
[1.109s] ./turtle_brick/arena.py:51:1: W293 blank line contains whitespace
[1.110s]     
[1.110s] ^
[1.110s] 
[1.110s] ./turtle_brick/turtle_robot.py:17:1: W293 blank line contains whitespace
[1.110s]     """
[1.110s]     Creates the turtle_robot and controls joint and translation movements.
[1.110s]     Additionally, places it in the world and connects to turtlesim.
[1.110s]     
[1.111s]     SUBSCRIPTIONS:
[1.111s]         -goal_sub: subscribes to goal_sub and
[1.111s]             recieves the positions that will
[1.111s]             calculate movement towards goal_pose
[1.111s]         -tilt_sub: subscribes to tilt and will
[1.111s]             recieve the angle that the robot platform will tilt to
[1.112s]     PUBLISHERS:
[1.112s]         -joint_state: publishes joint angles of the turtle_robot
[1.112s]         -odom_pub: sends positions and twists
[1.112s]         -vel_pub: sends twist to cmd_vel
[1.112s]         -robot_pub: sends continuous robot pose
[1.112s]             # also just relized I could have potentially taken from odom publisher
[1.113s]             # instead of creating a whole new object and publisher, but too late now
[1.113s]     TRANSFORMS:
[1.113s]         -world_odom: connects odom frame to world frame
[1.113s]         -odom_base_link: connects base_link frame to odom frame
[1.113s]     """
[1.113s] ^
[1.113s] 
[1.114s] ./turtle_brick/catcher.py:30:1: W293 blank line contains whitespace
[1.114s]     """
[1.114s]     Calculates if robot can catch placed brick in time or not.
[1.114s]     -If it can catch, robot travels to drop location, catches brick,
[1.114s]         travels back to origin, and tilts brick off
[1.114s]     -If the robot can't reach brick in time, the screen publishes "UNREACHABLE",
[1.114s]         and lets brick fall to ground
[1.114s]     
[1.115s]     SUBSCRIPTIONS:
[1.115s]         -robot_sub:continuous robot position
[1.115s]         -drop_sub: gets placed brick position and sends if drop service is called
[1.115s]         -catch_sub: gets True the brick is caught on the platform
[1.115s]     PUBLISHERS:
[1.115s]         -goal_pose: send pose to turtle robot
[1.115s]         -tilt: send tilt angle to platform on turtle robot
[1.115s]         -text marker: publishes "UNREACHABLE" if robot can't reach in time
[1.116s]     """
[1.116s] ^
[1.116s] 
[1.116s] 1     W291 trailing whitespace
[1.116s] 5     W293 blank line contains whitespace
[1.116s] 
[1.116s] 13 files checked
[1.116s] 6 errors
[1.117s] 
[1.117s] 'W'-type errors: 6
[1.117s] 
[1.117s] Checked files:
[1.117s] 
[1.117s] * ./setup.py
[1.117s] * ./turtle_brick/arena.py
[1.117s] * ./turtle_brick/turtle_robot.py
[1.117s] * ./turtle_brick/catcher.py
[1.118s] * ./turtle_brick/__init__.py
[1.118s] * ./test/math_test.py
[1.118s] * ./test/test_flake8.py
[1.118s] * ./test/test_copyright.py
[1.118s] * ./test/test_pep257.py
[1.118s] * ./test/brick.test.py
[1.118s] * ./launch/show_turtle.launch.py
[1.118s] * ./launch/run_turtle.launch.py
[1.118s] * ./launch/turtle_arena.launch.py
[1.118s] ----------------------------- Captured stderr call -----------------------------
[1.118s] option --max-complexity: please update from optparse string `type=` to argparse callable `type=` -- this will be an error in the future
[1.119s] [31m[1m_________________________________ test_pep257 __________________________________[0m
[1.119s] [1m[31mtest/test_pep257.py[0m:23: in test_pep257
[1.119s]     [94massert[39;49;00m rc == [94m0[39;49;00m, [33m'[39;49;00m[33mFound code style errors / warnings[39;49;00m[33m'[39;49;00m
[1.119s] [1m[31mE   AssertionError: Found code style errors / warnings[0m
[1.119s] [1m[31mE   assert 1 == 0[0m
[1.119s] ----------------------------- Captured stdout call -----------------------------
[1.119s] checking ./launch/run_turtle.launch.py
[1.119s] checking ./launch/show_turtle.launch.py
[1.119s] checking ./launch/turtle_arena.launch.py
[1.119s] checking ./setup.py
[1.120s] checking ./test/brick.test.py
[1.120s] checking ./test/math_test.py
[1.120s] checking ./test/test_copyright.py
[1.120s] checking ./test/test_flake8.py
[1.120s] checking ./test/test_pep257.py
[1.120s] checking ./turtle_brick/__init__.py
[1.120s] checking ./turtle_brick/arena.py
[1.121s] ./turtle_brick/arena.py:16 in public class `BState`: D213: Multi-line docstring summary should start at the second line
[1.121s] ./turtle_brick/arena.py:32 in public class `Arena`: D205: 1 blank line required between summary line and description (found 0)
[1.121s] checking ./turtle_brick/catcher.py
[1.121s] ./turtle_brick/catcher.py:13 in public class `State`: D204: 1 blank line required after class docstring (found 0)
[1.121s] ./turtle_brick/catcher.py:24 in public class `Catcher`: D205: 1 blank line required between summary line and description (found 0)
[1.121s] checking ./turtle_brick/turtle_robot.py
[1.121s] ./turtle_brick/turtle_robot.py:14 in public class `Turtle_robot`: D204: 1 blank line required after class docstring (found 0)
[1.121s] ./turtle_brick/turtle_robot.py:14 in public class `Turtle_robot`: D205: 1 blank line required between summary line and description (found 0)
[1.121s] checking test/brick.test.py
[1.122s] checking test/math_test.py
[1.122s] checking test/test_copyright.py
[1.122s] checking test/test_flake8.py
[1.122s] checking test/test_pep257.py
[1.122s] 6 errors
[1.122s] [33m=============================== warnings summary ===============================[0m
[1.123s] test/test_flake8.py::test_flake8
[1.123s] test/test_flake8.py::test_flake8
[1.123s]   Warning: SelectableGroups dict interface is deprecated. Use select.
[1.123s] 
[1.123s] -- Docs: https://docs.pytest.org/en/stable/warnings.html
[1.123s] - generated xml file: /home/alyssa/homework2-alyssa225/build/turtle_brick/pytest.xml -
[1.123s] =========================== short test summary info ============================
[1.124s] FAILED test/test_flake8.py::test_flake8 - AssertionError: Found 6 code style ...
[1.124s] FAILED test/test_pep257.py::test_pep257 - AssertionError: Found code style er...
[1.124s] [31m============== [31m[1m2 failed[0m, [32m1 passed[0m, [33m1 skipped[0m, [33m2 warnings[0m[31m in 0.48s[0m[31m ==============[0m
[1.177s] Invoked command in '/home/alyssa/homework2-alyssa225/src/turtle_brick' returned '1': AMENT_PREFIX_PATH=/home/alyssa/homework2-alyssa225/install/turtle_brick:/home/alyssa/homework2-alyssa225/install/turtle_brick_interfaces:/opt/ros/humble PYTEST_ADDOPTS=--tb=short --junit-xml=/home/alyssa/homework2-alyssa225/build/turtle_brick/pytest.xml --junit-prefix=turtle_brick -o cache_dir=/home/alyssa/homework2-alyssa225/build/turtle_brick/.pytest_cache PYTHONPATH=/home/alyssa/homework2-alyssa225/install/turtle_brick/lib/python3.10/site-packages:/home/alyssa/homework2-alyssa225/install/turtle_brick_interfaces/local/lib/python3.10/dist-packages:/opt/ros/humble/lib/python3.10/site-packages:/opt/ros/humble/local/lib/python3.10/dist-packages /usr/bin/python3 -m pytest
