[0.243s] Invoking command in '/home/alyssa/homework2-alyssa225/src/turtle_brick': AMENT_PREFIX_PATH=/home/alyssa/homework2-alyssa225/install/turtle_brick:/home/alyssa/homework2-alyssa225/install/turtle_brick_interfaces:/opt/ros/humble PYTEST_ADDOPTS=--tb=short --junit-xml=/home/alyssa/homework2-alyssa225/build/turtle_brick/pytest.xml --junit-prefix=turtle_brick -o cache_dir=/home/alyssa/homework2-alyssa225/build/turtle_brick/.pytest_cache PYTHONPATH=/home/alyssa/homework2-alyssa225/install/turtle_brick/lib/python3.10/site-packages:/home/alyssa/homework2-alyssa225/install/turtle_brick_interfaces/local/lib/python3.10/dist-packages:/opt/ros/humble/lib/python3.10/site-packages:/opt/ros/humble/local/lib/python3.10/dist-packages /usr/bin/python3 -m pytest
[0.520s] [1m============================= test session starts ==============================[0m
[0.520s] platform linux -- Python 3.10.6, pytest-6.2.5, py-1.10.0, pluggy-0.13.0
[0.525s] cachedir: /home/alyssa/homework2-alyssa225/build/turtle_brick/.pytest_cache
[0.525s] rootdir: /home/alyssa/homework2-alyssa225/src/turtle_brick
[0.525s] plugins: ament-lint-0.12.4, ament-xmllint-0.12.4, launch-testing-ros-0.19.3, launch-testing-1.0.2, ament-flake8-0.12.4, ament-pep257-0.12.4, ament-copyright-0.12.4, colcon-core-0.10.0, cov-3.0.0
[0.598s] [1mcollecting ... [0m[1m
[0.598s] collected 5 items                                                              [0m
[0.598s] 
[0.751s] test/math_test.py [31mF[0m[31mF[0m[31m                                                     [ 40%][0m
[0.752s] test/test_copyright.py [33ms[0m[31m                                                 [ 60%][0m
[0.930s] test/test_flake8.py [31mF[0m[31m                                                    [ 80%][0m
[0.991s] test/test_pep257.py [31mF[0m[31m                                                    [100%][0m
[0.991s] 
[0.991s] =================================== FAILURES ===================================
[0.991s] [31m[1m__________________________ TestMath.test_math_sucsses __________________________[0m
[0.991s] [1m[31m/usr/lib/python3/dist-packages/_pytest/runner.py[0m:311: in from_call
[1.025s]     result: Optional[TResult] = func()
[1.025s] [1m[31m/usr/lib/python3/dist-packages/_pytest/runner.py[0m:255: in <lambda>
[1.025s]     [94mlambda[39;49;00m: ihook(item=item, **kwds), when=when, reraise=reraise
[1.025s] [1m[31m/usr/lib/python3/dist-packages/pluggy/hooks.py[0m:286: in __call__
[1.025s]     [94mreturn[39;49;00m [96mself[39;49;00m._hookexec([96mself[39;49;00m, [96mself[39;49;00m.get_hookimpls(), kwargs)
[1.026s] [1m[31m/usr/lib/python3/dist-packages/pluggy/manager.py[0m:92: in _hookexec
[1.026s]     [94mreturn[39;49;00m [96mself[39;49;00m._inner_hookexec(hook, methods, kwargs)
[1.026s] [1m[31m/usr/lib/python3/dist-packages/pluggy/manager.py[0m:83: in <lambda>
[1.027s]     [96mself[39;49;00m._inner_hookexec = [94mlambda[39;49;00m hook, methods, kwargs: hook.multicall(
[1.027s] [1m[31m/usr/lib/python3/dist-packages/_pytest/runner.py[0m:170: in pytest_runtest_call
[1.027s]     [94mraise[39;49;00m e
[1.027s] [1m[31m/usr/lib/python3/dist-packages/_pytest/runner.py[0m:162: in pytest_runtest_call
[1.027s]     item.runtest()
[1.028s] [1m[31m/usr/lib/python3/dist-packages/_pytest/python.py[0m:1641: in runtest
[1.028s]     [96mself[39;49;00m.ihook.pytest_pyfunc_call(pyfuncitem=[96mself[39;49;00m)
[1.028s] [1m[31m/usr/lib/python3/dist-packages/pluggy/hooks.py[0m:286: in __call__
[1.028s]     [94mreturn[39;49;00m [96mself[39;49;00m._hookexec([96mself[39;49;00m, [96mself[39;49;00m.get_hookimpls(), kwargs)
[1.028s] [1m[31m/usr/lib/python3/dist-packages/pluggy/manager.py[0m:92: in _hookexec
[1.029s]     [94mreturn[39;49;00m [96mself[39;49;00m._inner_hookexec(hook, methods, kwargs)
[1.029s] [1m[31m/usr/lib/python3/dist-packages/pluggy/manager.py[0m:83: in <lambda>
[1.029s]     [96mself[39;49;00m._inner_hookexec = [94mlambda[39;49;00m hook, methods, kwargs: hook.multicall(
[1.029s] [1m[31m/usr/lib/python3/dist-packages/_pytest/python.py[0m:183: in pytest_pyfunc_call
[1.029s]     result = testfunction(**testargs)
[1.030s] [1m[31mE   TypeError: TestMath.test_math_sucsses() takes 0 positional arguments but 1 was given[0m
[1.030s] [31m[1m___________________________ TestMath.test_math_fail ____________________________[0m
[1.030s] [1m[31m/usr/lib/python3/dist-packages/_pytest/runner.py[0m:311: in from_call
[1.030s]     result: Optional[TResult] = func()
[1.030s] [1m[31m/usr/lib/python3/dist-packages/_pytest/runner.py[0m:255: in <lambda>
[1.030s]     [94mlambda[39;49;00m: ihook(item=item, **kwds), when=when, reraise=reraise
[1.030s] [1m[31m/usr/lib/python3/dist-packages/pluggy/hooks.py[0m:286: in __call__
[1.030s]     [94mreturn[39;49;00m [96mself[39;49;00m._hookexec([96mself[39;49;00m, [96mself[39;49;00m.get_hookimpls(), kwargs)
[1.030s] [1m[31m/usr/lib/python3/dist-packages/pluggy/manager.py[0m:92: in _hookexec
[1.030s]     [94mreturn[39;49;00m [96mself[39;49;00m._inner_hookexec(hook, methods, kwargs)
[1.031s] [1m[31m/usr/lib/python3/dist-packages/pluggy/manager.py[0m:83: in <lambda>
[1.031s]     [96mself[39;49;00m._inner_hookexec = [94mlambda[39;49;00m hook, methods, kwargs: hook.multicall(
[1.031s] [1m[31m/usr/lib/python3/dist-packages/_pytest/runner.py[0m:170: in pytest_runtest_call
[1.031s]     [94mraise[39;49;00m e
[1.031s] [1m[31m/usr/lib/python3/dist-packages/_pytest/runner.py[0m:162: in pytest_runtest_call
[1.031s]     item.runtest()
[1.031s] [1m[31m/usr/lib/python3/dist-packages/_pytest/python.py[0m:1641: in runtest
[1.031s]     [96mself[39;49;00m.ihook.pytest_pyfunc_call(pyfuncitem=[96mself[39;49;00m)
[1.032s] [1m[31m/usr/lib/python3/dist-packages/pluggy/hooks.py[0m:286: in __call__
[1.032s]     [94mreturn[39;49;00m [96mself[39;49;00m._hookexec([96mself[39;49;00m, [96mself[39;49;00m.get_hookimpls(), kwargs)
[1.032s] [1m[31m/usr/lib/python3/dist-packages/pluggy/manager.py[0m:92: in _hookexec
[1.032s]     [94mreturn[39;49;00m [96mself[39;49;00m._inner_hookexec(hook, methods, kwargs)
[1.032s] [1m[31m/usr/lib/python3/dist-packages/pluggy/manager.py[0m:83: in <lambda>
[1.032s]     [96mself[39;49;00m._inner_hookexec = [94mlambda[39;49;00m hook, methods, kwargs: hook.multicall(
[1.032s] [1m[31m/usr/lib/python3/dist-packages/_pytest/python.py[0m:183: in pytest_pyfunc_call
[1.033s]     result = testfunction(**testargs)
[1.033s] [1m[31mE   TypeError: TestMath.test_math_fail() takes 0 positional arguments but 1 was given[0m
[1.033s] [31m[1m_________________________________ test_flake8 __________________________________[0m
[1.034s] [1m[31mtest/test_flake8.py[0m:23: in test_flake8
[1.034s]     [94massert[39;49;00m rc == [94m0[39;49;00m, \
[1.034s] [1m[31mE   AssertionError: Found 275 code style errors / warnings:[0m
[1.034s] [1m[31mE     ./setup.py:3:1: F401 'setuptools.find_packages' imported but unused[0m
[1.035s] [1m[31mE     ./setup.py:14:100: E501 line too long (174 > 99 characters)[0m
[1.035s] [1m[31mE     ./setup.py:18:43: E231 missing whitespace after ','[0m
[1.035s] [1m[31mE     ./setup.py:24:28: E231 missing whitespace after ','[0m
[1.037s] [1m[31mE     ./turtle_brick/arena.py:1:1: F401 'xmlrpc.client.Boolean' imported but unused[0m
[1.039s] [1m[31mE     ./turtle_brick/arena.py:5:1: F401 'tf2_ros.static_transform_broadcaster.StaticTransformBroadcaster' imported but unused[0m
[1.040s] [1m[31mE     ./turtle_brick/arena.py:9:1: F401 'math.pi' imported but unused[0m
[1.040s] [1m[31mE     ./turtle_brick/arena.py:10:1: F401 'turtle_brick_interfaces.srv.Drop' imported but unused[0m
[1.040s] [1m[31mE     ./turtle_brick/arena.py:11:1: F401 'turtle_brick_interfaces.msg.Tilt' imported but unused[0m
[1.040s] [1m[31mE     ./turtle_brick/arena.py:12:42: W291 trailing whitespace[0m
[1.040s] [1m[31mE     ./turtle_brick/arena.py:14:1: F401 'visualization_msgs.msg.MarkerArray' imported but unused[0m
[1.040s] [1m[31mE     ./turtle_brick/arena.py:18:1: E265 block comment should start with '# '[0m
[1.040s] [1m[31mE     ./turtle_brick/arena.py:21:1: E302 expected 2 blank lines, found 1[0m
[1.040s] [1m[31mE     ./turtle_brick/arena.py:29:1: E302 expected 2 blank lines, found 1[0m
[1.040s] [1m[31mE     ./turtle_brick/arena.py:35:9: E265 block comment should start with '# '[0m
[1.040s] [1m[31mE     ./turtle_brick/arena.py:36:33: W291 trailing whitespace[0m
[1.040s] [1m[31mE     ./turtle_brick/arena.py:41:32: E231 missing whitespace after ','[0m
[1.040s] [1m[31mE     ./turtle_brick/arena.py:42:27: E231 missing whitespace after ','[0m
[1.041s] [1m[31mE     ./turtle_brick/arena.py:49:9: E265 block comment should start with '# '[0m
[1.041s] [1m[31mE     ./turtle_brick/arena.py:56:9: E265 block comment should start with '# '[0m
[1.041s] [1m[31mE     ./turtle_brick/arena.py:57:55: E231 missing whitespace after ','[0m
[1.041s] [1m[31mE     ./turtle_brick/arena.py:57:64: E231 missing whitespace after ','[0m
[1.041s] [1m[31mE     ./turtle_brick/arena.py:57:84: E231 missing whitespace after ','[0m
[1.041s] [1m[31mE     ./turtle_brick/arena.py:58:9: E265 block comment should start with '# '[0m
[1.041s] [1m[31mE     ./turtle_brick/arena.py:59:55: E231 missing whitespace after ','[0m
[1.041s] [1m[31mE     ./turtle_brick/arena.py:59:65: E231 missing whitespace after ','[0m
[1.041s] [1m[31mE     ./turtle_brick/arena.py:60:54: E231 missing whitespace after ','[0m
[1.041s] [1m[31mE     ./turtle_brick/arena.py:60:62: E231 missing whitespace after ','[0m
[1.041s] [1m[31mE     ./turtle_brick/arena.py:61:55: E231 missing whitespace after ','[0m
[1.041s] [1m[31mE     ./turtle_brick/arena.py:61:64: E231 missing whitespace after ','[0m
[1.041s] [1m[31mE     ./turtle_brick/arena.py:64:1: W293 blank line contains whitespace[0m
[1.041s] [1m[31mE     ./turtle_brick/arena.py:67:1: W293 blank line contains whitespace[0m
[1.042s] [1m[31mE     ./turtle_brick/arena.py:68:9: E265 block comment should start with '# '[0m
[1.042s] [1m[31mE     ./turtle_brick/arena.py:69:47: E231 missing whitespace after ','[0m
[1.042s] [1m[31mE     ./turtle_brick/arena.py:69:56: E231 missing whitespace after ','[0m
[1.042s] [1m[31mE     ./turtle_brick/arena.py:70:46: E231 missing whitespace after ','[0m
[1.042s] [1m[31mE     ./turtle_brick/arena.py:70:54: E231 missing whitespace after ','[0m
[1.042s] [1m[31mE     ./turtle_brick/arena.py:71:1: W293 blank line contains whitespace[0m
[1.042s] [1m[31mE     ./turtle_brick/arena.py:72:9: E265 block comment should start with '# '[0m
[1.042s] [1m[31mE     ./turtle_brick/arena.py:89:9: E265 block comment should start with '# '[0m
[1.042s] [1m[31mE     ./turtle_brick/arena.py:175:9: E303 too many blank lines (2)[0m
[1.042s] [1m[31mE     ./turtle_brick/arena.py:175:9: E265 block comment should start with '# '[0m
[1.042s] [1m[31mE     ./turtle_brick/arena.py:178:26: W291 trailing whitespace[0m
[1.042s] [1m[31mE     ./turtle_brick/arena.py:191:42: E231 missing whitespace after ','[0m
[1.042s] [1m[31mE     ./turtle_brick/arena.py:193:37: E231 missing whitespace after ','[0m
[1.042s] [1m[31mE     ./turtle_brick/arena.py:194:35: E231 missing whitespace after ','[0m
[1.042s] [1m[31mE     ./turtle_brick/arena.py:194:45: E231 missing whitespace after ','[0m
[1.043s] [1m[31mE     ./turtle_brick/arena.py:197:1: W293 blank line contains whitespace[0m
[1.043s] [1m[31mE     ./turtle_brick/arena.py:198:28: E231 missing whitespace after ','[0m
[1.043s] [1m[31mE     ./turtle_brick/arena.py:205:24: E225 missing whitespace around operator[0m
[1.043s] [1m[31mE     ./turtle_brick/arena.py:207:48: E231 missing whitespace after ','[0m
[1.043s] [1m[31mE     ./turtle_brick/arena.py:207:65: E231 missing whitespace after ','[0m
[1.043s] [1m[31mE     ./turtle_brick/arena.py:209:46: E231 missing whitespace after ','[0m
[1.043s] [1m[31mE     ./turtle_brick/arena.py:209:61: E231 missing whitespace after ','[0m
[1.043s] [1m[31mE     ./turtle_brick/arena.py:211:36: E231 missing whitespace after ','[0m
[1.043s] [1m[31mE     ./turtle_brick/arena.py:212:13: E225 missing whitespace around operator[0m
[1.043s] [1m[31mE     ./turtle_brick/arena.py:222:9: E265 block comment should start with '# '[0m
[1.043s] [1m[31mE     ./turtle_brick/arena.py:239:58: E225 missing whitespace around operator[0m
[1.043s] [1m[31mE     ./turtle_brick/arena.py:242:1: W293 blank line contains whitespace[0m
[1.043s] [1m[31mE     ./turtle_brick/arena.py:243:1: W293 blank line contains whitespace[0m
[1.043s] [1m[31mE     ./turtle_brick/arena.py:244:5: E303 too many blank lines (2)[0m
[1.043s] [1m[31mE     ./turtle_brick/arena.py:244:23: E231 missing whitespace after ','[0m
[1.044s] [1m[31mE     ./turtle_brick/arena.py:244:25: E231 missing whitespace after ','[0m
[1.044s] [1m[31mE     ./turtle_brick/arena.py:244:27: E231 missing whitespace after ','[0m
[1.044s] [1m[31mE     ./turtle_brick/arena.py:249:1: W293 blank line contains whitespace[0m
[1.044s] [1m[31mE     ./turtle_brick/arena.py:256:25: E231 missing whitespace after ','[0m
[1.044s] [1m[31mE     ./turtle_brick/arena.py:256:27: E231 missing whitespace after ','[0m
[1.044s] [1m[31mE     ./turtle_brick/arena.py:258:30: W291 trailing whitespace[0m
[1.044s] [1m[31mE     ./turtle_brick/arena.py:260:42: E225 missing whitespace around operator[0m
[1.044s] [1m[31mE     ./turtle_brick/arena.py:261:65: E261 at least two spaces before inline comment[0m
[1.044s] [1m[31mE     ./turtle_brick/arena.py:261:66: E262 inline comment should start with '# '[0m
[1.044s] [1m[31mE     ./turtle_brick/arena.py:261:100: E501 line too long (100 > 99 characters)[0m
[1.044s] [1m[31mE     ./turtle_brick/arena.py:278:9: E225 missing whitespace around operator[0m
[1.044s] [1m[31mE     ./turtle_brick/arena.py:280:19: W291 trailing whitespace[0m
[1.044s] [1m[31mE     ./turtle_brick/arena.py:281:1: W391 blank line at end of file[0m
[1.044s] [1m[31mE     ./turtle_brick/turtle_robot.py:2:1: F401 'tokenize.Double' imported but unused[0m
[1.044s] [1m[31mE     ./turtle_brick/turtle_robot.py:2:1: F401 'tokenize.String' imported but unused[0m
[1.044s] [1m[31mE     ./turtle_brick/turtle_robot.py:9:34: W291 trailing whitespace[0m
[1.045s] [1m[31mE     ./turtle_brick/turtle_robot.py:10:1: F401 'geometry_msgs.msg.Vector3' imported but unused[0m
[1.045s] [1m[31mE     ./turtle_brick/turtle_robot.py:11:1: F401 'visualization_msgs.msg.Marker' imported but unused[0m
[1.045s] [1m[31mE     ./turtle_brick/turtle_robot.py:11:42: W291 trailing whitespace[0m
[1.045s] [1m[31mE     ./turtle_brick/turtle_robot.py:12:45: W291 trailing whitespace[0m
[1.045s] [1m[31mE     ./turtle_brick/turtle_robot.py:13:12: W291 trailing whitespace[0m
[1.045s] [1m[31mE     ./turtle_brick/turtle_robot.py:14:1: E265 block comment should start with '# '[0m
[1.045s] [1m[31mE     ./turtle_brick/turtle_robot.py:16:1: E302 expected 2 blank lines, found 1[0m
[1.045s] [1m[31mE     ./turtle_brick/turtle_robot.py:21:9: E265 block comment should start with '# '[0m
[1.045s] [1m[31mE     ./turtle_brick/turtle_robot.py:22:33: W291 trailing whitespace[0m
[1.045s] [1m[31mE     ./turtle_brick/turtle_robot.py:27:32: E231 missing whitespace after ','[0m
[1.045s] [1m[31mE     ./turtle_brick/turtle_robot.py:28:27: E231 missing whitespace after ','[0m
[1.045s] [1m[31mE     ./turtle_brick/turtle_robot.py:38:65: E231 missing whitespace after ','[0m
[1.046s] [1m[31mE     ./turtle_brick/turtle_robot.py:38:81: E231 missing whitespace after ','[0m
[1.046s] [1m[31mE     ./turtle_brick/turtle_robot.py:39:55: E231 missing whitespace after ','[0m
[1.046s] [1m[31mE     ./turtle_brick/turtle_robot.py:39:63: E231 missing whitespace after ','[0m
[1.046s] [1m[31mE     ./turtle_brick/turtle_robot.py:40:51: E231 missing whitespace after ','[0m
[1.046s] [1m[31mE     ./turtle_brick/turtle_robot.py:40:62: E231 missing whitespace after ','[0m
[1.046s] [1m[31mE     ./turtle_brick/turtle_robot.py:41:52: E231 missing whitespace after ','[0m
[1.046s] [1m[31mE     ./turtle_brick/turtle_robot.py:41:61: E231 missing whitespace after ','[0m
[1.046s] [1m[31mE     ./turtle_brick/turtle_robot.py:43:61: E231 missing whitespace after ','[0m
[1.046s] [1m[31mE     ./turtle_brick/turtle_robot.py:43:74: E231 missing whitespace after ','[0m
[1.046s] [1m[31mE     ./turtle_brick/turtle_robot.py:43:93: E231 missing whitespace after ','[0m
[1.046s] [1m[31mE     ./turtle_brick/turtle_robot.py:44:54: E231 missing whitespace after ','[0m
[1.046s] [1m[31mE     ./turtle_brick/turtle_robot.py:44:62: E231 missing whitespace after ','[0m
[1.046s] [1m[31mE     ./turtle_brick/turtle_robot.py:44:81: E231 missing whitespace after ','[0m
[1.046s] [1m[31mE     ./turtle_brick/turtle_robot.py:46:53: W291 trailing whitespace[0m
[1.046s] [1m[31mE     ./turtle_brick/turtle_robot.py:50:1: W293 blank line contains whitespace[0m
[1.046s] [1m[31mE     ./turtle_brick/turtle_robot.py:59:9: E265 block comment should start with '# '[0m
[1.047s] [1m[31mE     ./turtle_brick/turtle_robot.py:59:19: W291 trailing whitespace[0m
[1.047s] [1m[31mE     ./turtle_brick/turtle_robot.py:60:28: W291 trailing whitespace[0m
[1.047s] [1m[31mE     ./turtle_brick/turtle_robot.py:81:9: E265 block comment should start with '# '[0m
[1.047s] [1m[31mE     ./turtle_brick/turtle_robot.py:87:23: E225 missing whitespace around operator[0m
[1.047s] [1m[31mE     ./turtle_brick/turtle_robot.py:94:9: E265 block comment should start with '# '[0m
[1.047s] [1m[31mE     ./turtle_brick/turtle_robot.py:97:9: E265 block comment should start with '# '[0m
[1.047s] [1m[31mE     ./turtle_brick/turtle_robot.py:104:1: W293 blank line contains whitespace[0m
[1.047s] [1m[31mE     ./turtle_brick/turtle_robot.py:105:27: E231 missing whitespace after ','[0m
[1.047s] [1m[31mE     ./turtle_brick/turtle_robot.py:106:76: E231 missing whitespace after ','[0m
[1.047s] [1m[31mE     ./turtle_brick/turtle_robot.py:106:96: E231 missing whitespace after ','[0m
[1.047s] [1m[31mE     ./turtle_brick/turtle_robot.py:106:100: E501 line too long (121 > 99 characters)[0m
[1.047s] [1m[31mE     ./turtle_brick/turtle_robot.py:106:120: E202 whitespace before ')'[0m
[1.047s] [1m[31mE     ./turtle_brick/turtle_robot.py:115:15: E225 missing whitespace around operator[0m
[1.047s] [1m[31mE     ./turtle_brick/turtle_robot.py:115:24: E225 missing whitespace around operator[0m
[1.048s] [1m[31mE     ./turtle_brick/turtle_robot.py:115:34: E225 missing whitespace around operator[0m
[1.048s] [1m[31mE     ./turtle_brick/turtle_robot.py:115:43: E225 missing whitespace around operator[0m
[1.048s] [1m[31mE     ./turtle_brick/turtle_robot.py:125:27: E231 missing whitespace after ','[0m
[1.048s] [1m[31mE     ./turtle_brick/turtle_robot.py:131:1: W293 blank line contains whitespace[0m
[1.048s] [1m[31mE     ./turtle_brick/turtle_robot.py:132:9: E265 block comment should start with '# '[0m
[1.048s] [1m[31mE     ./turtle_brick/turtle_robot.py:139:1: W293 blank line contains whitespace[0m
[1.048s] [1m[31mE     ./turtle_brick/turtle_robot.py:140:9: E303 too many blank lines (2)[0m
[1.048s] [1m[31mE     ./turtle_brick/turtle_robot.py:140:9: E265 block comment should start with '# '[0m
[1.048s] [1m[31mE     ./turtle_brick/turtle_robot.py:142:46: E231 missing whitespace after ','[0m
[1.048s] [1m[31mE     ./turtle_brick/turtle_robot.py:142:58: E231 missing whitespace after ','[0m
[1.048s] [1m[31mE     ./turtle_brick/turtle_robot.py:144:1: W293 blank line contains whitespace[0m
[1.048s] [1m[31mE     ./turtle_brick/turtle_robot.py:145:9: E265 block comment should start with '# '[0m
[1.048s] [1m[31mE     ./turtle_brick/turtle_robot.py:148:1: W293 blank line contains whitespace[0m
[1.048s] [1m[31mE     ./turtle_brick/turtle_robot.py:149:9: E265 block comment should start with '# '[0m
[1.048s] [1m[31mE     ./turtle_brick/turtle_robot.py:150:34: E225 missing whitespace around operator[0m
[1.049s] [1m[31mE     ./turtle_brick/turtle_robot.py:151:34: E225 missing whitespace around operator[0m
[1.049s] [1m[31mE     ./turtle_brick/turtle_robot.py:152:34: E225 missing whitespace around operator[0m
[1.049s] [1m[31mE     ./turtle_brick/turtle_robot.py:155:9: E265 block comment should start with '# '[0m
[1.049s] [1m[31mE     ./turtle_brick/turtle_robot.py:156:68: W291 trailing whitespace[0m
[1.049s] [1m[31mE     ./turtle_brick/turtle_robot.py:157:68: W291 trailing whitespace[0m
[1.049s] [1m[31mE     ./turtle_brick/turtle_robot.py:158:48: W291 trailing whitespace[0m
[1.049s] [1m[31mE     ./turtle_brick/turtle_robot.py:160:9: E265 block comment should start with '# '[0m
[1.049s] [1m[31mE     ./turtle_brick/turtle_robot.py:161:56: W291 trailing whitespace[0m
[1.049s] [1m[31mE     ./turtle_brick/turtle_robot.py:166:9: E265 block comment should start with '# '[0m
[1.049s] [1m[31mE     ./turtle_brick/turtle_robot.py:172:41: E225 missing whitespace around operator[0m
[1.049s] [1m[31mE     ./turtle_brick/turtle_robot.py:175:1: W293 blank line contains whitespace[0m
[1.049s] [1m[31mE     ./turtle_brick/turtle_robot.py:176:9: E265 block comment should start with '# '[0m
[1.049s] [1m[31mE     ./turtle_brick/turtle_robot.py:177:38: E225 missing whitespace around operator[0m
[1.049s] [1m[31mE     ./turtle_brick/turtle_robot.py:179:49: E225 missing whitespace around operator[0m
[1.049s] [1m[31mE     ./turtle_brick/turtle_robot.py:180:51: E225 missing whitespace around operator[0m
[1.050s] [1m[31mE     ./turtle_brick/turtle_robot.py:182:80: E202 whitespace before ')'[0m
[1.050s] [1m[31mE     ./turtle_brick/turtle_robot.py:186:9: E265 block comment should start with '# '[0m
[1.050s] [1m[31mE     ./turtle_brick/turtle_robot.py:188:52: E225 missing whitespace around operator[0m
[1.050s] [1m[31mE     ./turtle_brick/turtle_robot.py:188:57: W291 trailing whitespace[0m
[1.050s] [1m[31mE     ./turtle_brick/turtle_robot.py:190:34: E225 missing whitespace around operator[0m
[1.050s] [1m[31mE     ./turtle_brick/turtle_robot.py:192:34: E225 missing whitespace around operator[0m
[1.050s] [1m[31mE     ./turtle_brick/turtle_robot.py:197:1: W293 blank line contains whitespace[0m
[1.050s] [1m[31mE     ./turtle_brick/turtle_robot.py:198:1: W293 blank line contains whitespace[0m
[1.050s] [1m[31mE     ./turtle_brick/turtle_robot.py:200:1: E303 too many blank lines (3)[0m
[1.050s] [1m[31mE     ./turtle_brick/turtle_robot.py:202:16: E225 missing whitespace around operator[0m
[1.050s] [1m[31mE     ./turtle_brick/turtle_robot.py:204:19: W291 trailing whitespace[0m
[1.050s] [1m[31mE     ./turtle_brick/turtle_robot.py:206:1: W391 blank line at end of file[0m
[1.050s] [1m[31mE     ./turtle_brick/catcher.py:2:1: F401 'cmath.sqrt' imported but unused[0m
[1.050s] [1m[31mE     ./turtle_brick/catcher.py:6:1: F401 'tf2_ros.static_transform_broadcaster.StaticTransformBroadcaster' imported but unused[0m
[1.050s] [1m[31mE     ./turtle_brick/catcher.py:7:1: F401 'tf2_ros.TransformBroadcaster' imported but unused[0m
[1.051s] [1m[31mE     ./turtle_brick/catcher.py:8:1: F401 'geometry_msgs.msg.TransformStamped' imported but unused[0m
[1.051s] [1m[31mE     ./turtle_brick/catcher.py:9:1: F401 'turtle_brick_interfaces.srv.Place' imported but unused[0m
[1.051s] [1m[31mE     ./turtle_brick/catcher.py:9:1: F401 'turtle_brick_interfaces.srv.Drop' imported but unused[0m
[1.051s] [1m[31mE     ./turtle_brick/catcher.py:11:42: W291 trailing whitespace[0m
[1.051s] [1m[31mE     ./turtle_brick/catcher.py:12:12: W291 trailing whitespace[0m
[1.051s] [1m[31mE     ./turtle_brick/catcher.py:14:1: F401 '.quaternion.angle_axis_to_quaternion' imported but unused[0m
[1.051s] [1m[31mE     ./turtle_brick/catcher.py:17:1: E302 expected 2 blank lines, found 1[0m
[1.051s] [1m[31mE     ./turtle_brick/catcher.py:23:1: E302 expected 2 blank lines, found 1[0m
[1.051s] [1m[31mE     ./turtle_brick/catcher.py:29:9: E265 block comment should start with '# '[0m
[1.051s] [1m[31mE     ./turtle_brick/catcher.py:30:33: W291 trailing whitespace[0m
[1.051s] [1m[31mE     ./turtle_brick/catcher.py:35:32: E231 missing whitespace after ','[0m
[1.051s] [1m[31mE     ./turtle_brick/catcher.py:36:27: E231 missing whitespace after ','[0m
[1.051s] [1m[31mE     ./turtle_brick/catcher.py:43:9: E265 block comment should start with '# '[0m
[1.051s] [1m[31mE     ./turtle_brick/catcher.py:46:9: E265 block comment should start with '# '[0m
[1.052s] [1m[31mE     ./turtle_brick/catcher.py:48:9: E265 block comment should start with '# '[0m
[1.052s] [1m[31mE     ./turtle_brick/catcher.py:49:55: E231 missing whitespace after ','[0m
[1.052s] [1m[31mE     ./turtle_brick/catcher.py:49:64: E231 missing whitespace after ','[0m
[1.052s] [1m[31mE     ./turtle_brick/catcher.py:49:84: E231 missing whitespace after ','[0m
[1.052s] [1m[31mE     ./turtle_brick/catcher.py:50:57: E231 missing whitespace after ','[0m
[1.052s] [1m[31mE     ./turtle_brick/catcher.py:50:85: E231 missing whitespace after ','[0m
[1.052s] [1m[31mE     ./turtle_brick/catcher.py:51:55: E231 missing whitespace after ','[0m
[1.052s] [1m[31mE     ./turtle_brick/catcher.py:51:85: E231 missing whitespace after ','[0m
[1.052s] [1m[31mE     ./turtle_brick/catcher.py:52:9: E265 block comment should start with '# '[0m
[1.052s] [1m[31mE     ./turtle_brick/catcher.py:53:28: E225 missing whitespace around operator[0m
[1.052s] [1m[31mE     ./turtle_brick/catcher.py:53:56: E231 missing whitespace after ','[0m
[1.052s] [1m[31mE     ./turtle_brick/catcher.py:53:64: E231 missing whitespace after ','[0m
[1.052s] [1m[31mE     ./turtle_brick/catcher.py:54:22: E225 missing whitespace around operator[0m
[1.052s] [1m[31mE     ./turtle_brick/catcher.py:54:57: E231 missing whitespace after ','[0m
[1.053s] [1m[31mE     ./turtle_brick/catcher.py:54:70: E231 missing whitespace after ','[0m
[1.053s] [1m[31mE     ./turtle_brick/catcher.py:55:22: E225 missing whitespace around operator[0m
[1.053s] [1m[31mE     ./turtle_brick/catcher.py:55:50: E231 missing whitespace after ','[0m
[1.053s] [1m[31mE     ./turtle_brick/catcher.py:55:58: E231 missing whitespace after ','[0m
[1.053s] [1m[31mE     ./turtle_brick/catcher.py:56:55: E231 missing whitespace after ','[0m
[1.053s] [1m[31mE     ./turtle_brick/catcher.py:56:65: E231 missing whitespace after ','[0m
[1.053s] [1m[31mE     ./turtle_brick/catcher.py:57:9: E265 block comment should start with '# '[0m
[1.053s] [1m[31mE     ./turtle_brick/catcher.py:59:1: W293 blank line contains whitespace[0m
[1.053s] [1m[31mE     ./turtle_brick/catcher.py:60:9: E265 block comment should start with '# '[0m
[1.053s] [1m[31mE     ./turtle_brick/catcher.py:83:1: W293 blank line contains whitespace[0m
[1.053s] [1m[31mE     ./turtle_brick/catcher.py:84:5: E303 too many blank lines (3)[0m
[1.053s] [1m[31mE     ./turtle_brick/catcher.py:84:28: E231 missing whitespace after ','[0m
[1.053s] [1m[31mE     ./turtle_brick/catcher.py:88:100: E501 line too long (100 > 99 characters)[0m
[1.053s] [1m[31mE     ./turtle_brick/catcher.py:94:1: W293 blank line contains whitespace[0m
[1.053s] [1m[31mE     ./turtle_brick/catcher.py:95:28: E231 missing whitespace after ','[0m
[1.053s] [1m[31mE     ./turtle_brick/catcher.py:105:5: E303 too many blank lines (2)[0m
[1.054s] [1m[31mE     ./turtle_brick/catcher.py:105:27: E231 missing whitespace after ','[0m
[1.054s] [1m[31mE     ./turtle_brick/catcher.py:110:40: E225 missing whitespace around operator[0m
[1.054s] [1m[31mE     ./turtle_brick/catcher.py:112:13: E265 block comment should start with '# '[0m
[1.054s] [1m[31mE     ./turtle_brick/catcher.py:112:100: E501 line too long (142 > 99 characters)[0m
[1.054s] [1m[31mE     ./turtle_brick/catcher.py:113:100: E501 line too long (155 > 99 characters)[0m
[1.054s] [1m[31mE     ./turtle_brick/catcher.py:114:28: E225 missing whitespace around operator[0m
[1.054s] [1m[31mE     ./turtle_brick/catcher.py:114:39: E261 at least two spaces before inline comment[0m
[1.054s] [1m[31mE     ./turtle_brick/catcher.py:114:40: E262 inline comment should start with '# '[0m
[1.054s] [1m[31mE     ./turtle_brick/catcher.py:114:100: E501 line too long (106 > 99 characters)[0m
[1.054s] [1m[31mE     ./turtle_brick/catcher.py:122:1: W293 blank line contains whitespace[0m
[1.054s] [1m[31mE     ./turtle_brick/catcher.py:123:1: W293 blank line contains whitespace[0m
[1.054s] [1m[31mE     ./turtle_brick/catcher.py:124:1: W293 blank line contains whitespace[0m
[1.054s] [1m[31mE     ./turtle_brick/catcher.py:127:1: E303 too many blank lines (6)[0m
[1.054s] [1m[31mE     ./turtle_brick/catcher.py:131:21: W292 no newline at end of file[0m
[1.054s] [1m[31mE     ./test/math_test.py:4:1: W293 blank line contains whitespace[0m
[1.054s] [1m[31mE     ./test/math_test.py:6:25: W292 no newline at end of file[0m
[1.055s] [1m[31mE     ./test/brick.test.py:1:1: F401 'ament_copyright.main.main' imported but unused[0m
[1.055s] [1m[31mE     ./test/brick.test.py:2:1: F401 'pytest' imported but unused[0m
[1.055s] [1m[31mE     ./test/brick.test.py:3:1: F401 'launch' imported but unused[0m
[1.055s] [1m[31mE     ./test/brick.test.py:4:1: F401 'launch_pytest' imported but unused[0m
[1.055s] [1m[31mE     ./test/brick.test.py:5:1: F401 'sys' imported but unused[0m
[1.055s] [1m[31mE     ./test/brick.test.py:6:1: F401 'launch_ros' imported but unused[0m
[1.055s] [1m[31mE     ./test/brick.test.py:7:1: F401 'pathlib.Path' imported but unused[0m
[1.055s] [1m[31mE     ./test/brick.test.py:8:1: E265 block comment should start with '# '[0m
[1.055s] [1m[31mE     ./test/brick.test.py:8:100: E501 line too long (128 > 99 characters)[0m
[1.055s] [1m[31mE     ./test/brick.test.py:21:9: W292 no newline at end of file[0m
[1.055s] [1m[31mE     ./launch/show_turtle.launch.py:1:1: F401 'ament_index_python.packages.get_package_share_path' imported but unused[0m
[1.055s] [1m[31mE     ./launch/show_turtle.launch.py:1:63: E231 missing whitespace after ','[0m
[1.055s] [1m[31mE     ./launch/show_turtle.launch.py:5:1: F401 'launch.conditions.UnlessCondition' imported but unused[0m
[1.055s] [1m[31mE     ./launch/show_turtle.launch.py:11:1: E302 expected 2 blank lines, found 1[0m
[1.055s] [1m[31mE     ./launch/show_turtle.launch.py:12:22: E225 missing whitespace around operator[0m
[1.055s] [1m[31mE     ./launch/show_turtle.launch.py:14:51: E225 missing whitespace around operator[0m
[1.055s] [1m[31mE     ./launch/show_turtle.launch.py:15:1: W293 blank line contains whitespace[0m
[1.056s] [1m[31mE     ./launch/show_turtle.launch.py:16:5: F841 local variable 'use_sim_time' is assigned to but never used[0m
[1.056s] [1m[31mE     ./launch/show_turtle.launch.py:18:100: E501 line too long (115 > 99 characters)[0m
[1.056s] [1m[31mE     ./launch/show_turtle.launch.py:18:105: E231 missing whitespace after ','[0m
[1.056s] [1m[31mE     ./launch/show_turtle.launch.py:19:37: E128 continuation line under-indented for visual indent[0m
[1.056s] [1m[31mE     ./launch/show_turtle.launch.py:19:92: E261 at least two spaces before inline comment[0m
[1.056s] [1m[31mE     ./launch/show_turtle.launch.py:19:92: E262 inline comment should start with '# '[0m
[1.056s] [1m[31mE     ./launch/show_turtle.launch.py:22:100: E501 line too long (100 > 99 characters)[0m
[1.057s] [1m[31mE     ./launch/show_turtle.launch.py:36:89: E231 missing whitespace after ','[0m
[1.057s] [1m[31mE     ./launch/show_turtle.launch.py:36:96: E231 missing whitespace after ','[0m
[1.057s] [1m[31mE     ./launch/show_turtle.launch.py:43:56: E231 missing whitespace after ','[0m
[1.057s] [1m[31mE     ./launch/show_turtle.launch.py:49:56: E231 missing whitespace after ','[0m
[1.057s] [1m[31mE     ./launch/show_turtle.launch.py:68:7: W292 no newline at end of file[0m
[1.057s] [1m[31mE     ./launch/run_turtle.launch.py:2:1: F401 'ament_index_python.packages.get_package_share_path' imported but unused[0m
[1.057s] [1m[31mE     ./launch/run_turtle.launch.py:5:1: F401 'launch.actions.DeclareLaunchArgument' imported but unused[0m
[1.058s] [1m[31mE     ./launch/run_turtle.launch.py:6:1: F401 'launch.conditions.IfCondition' imported but unused[0m
[1.058s] [1m[31mE     ./launch/run_turtle.launch.py:6:1: F401 'launch.conditions.UnlessCondition' imported but unused[0m
[1.058s] [1m[31mE     ./launch/run_turtle.launch.py:7:1: F401 'launch.substitutions.Command' imported but unused[0m
[1.058s] [1m[31mE     ./launch/run_turtle.launch.py:7:1: F401 'launch.substitutions.LaunchConfiguration' imported but unused[0m
[1.058s] [1m[31mE     ./launch/run_turtle.launch.py:10:1: F401 'launch_ros.parameter_descriptions.ParameterValue' imported but unused[0m
[1.058s] [1m[31mE     ./launch/run_turtle.launch.py:40:23: E251 unexpected spaces around keyword / parameter equals[0m
[1.058s] [1m[31mE     ./launch/run_turtle.launch.py:40:25: E251 unexpected spaces around keyword / parameter equals[0m
[1.058s] [1m[31mE     ./launch/run_turtle.launch.py:40:70: E231 missing whitespace after ','[0m
[1.059s] [1m[31mE     ./launch/run_turtle.launch.py:43:1: W293 blank line contains whitespace[0m
[1.059s] [1m[31mE     ./launch/run_turtle.launch.py:44:7: W292 no newline at end of file[0m
[1.059s] [1m[31mE     ./launch/turtle_arena.launch.py:2:1: F401 'ament_index_python.packages.get_package_share_path' imported but unused[0m
[1.059s] [1m[31mE     ./launch/turtle_arena.launch.py:5:1: F401 'launch.actions.DeclareLaunchArgument' imported but unused[0m
[1.059s] [1m[31mE     ./launch/turtle_arena.launch.py:6:1: F401 'launch.conditions.IfCondition' imported but unused[0m
[1.059s] [1m[31mE     ./launch/turtle_arena.launch.py:6:1: F401 'launch.conditions.UnlessCondition' imported but unused[0m
[1.059s] [1m[31mE     ./launch/turtle_arena.launch.py:7:1: F401 'launch.substitutions.Command' imported but unused[0m
[1.060s] [1m[31mE     ./launch/turtle_arena.launch.py:7:1: F401 'launch.substitutions.LaunchConfiguration' imported but unused[0m
[1.060s] [1m[31mE     ./launch/turtle_arena.launch.py:10:1: F401 'launch_ros.parameter_descriptions.ParameterValue' imported but unused[0m
[1.060s] [1m[31mE     ./launch/turtle_arena.launch.py:42:1: W293 blank line contains whitespace[0m
[1.060s] [1m[31mE     ./launch/turtle_arena.launch.py:43:7: W292 no newline at end of file[0m
[1.060s] [1m[31mE   assert 1 == 0[0m
[1.060s] ----------------------------- Captured stdout call -----------------------------
[1.060s] 
[1.060s] ./setup.py:3:1: F401 'setuptools.find_packages' imported but unused
[1.061s] from setuptools import setup, find_packages
[1.061s] ^
[1.061s] 
[1.061s] ./setup.py:14:100: E501 line too long (174 > 99 characters)
[1.061s]         ('share/' + package_name, ['package.xml', 'launch/show_turtle.launch.py', 'config/turtle_urdf.rviz', 'launch/run_turtle.launch.py', 'launch/turtle_arena.launch.py']),
[1.061s]                                                                                                    ^
[1.061s] 
[1.061s] ./setup.py:18:43: E231 missing whitespace after ','
[1.061s]     install_requires=['setuptools', 'urdf','rviz'],
[1.062s]                                           ^
[1.062s] 
[1.062s] ./setup.py:24:28: E231 missing whitespace after ','
[1.062s]     tests_require=['pytest','ament_lint_auto'],
[1.062s]                            ^
[1.063s] 
[1.063s] ./turtle_brick/arena.py:1:1: F401 'xmlrpc.client.Boolean' imported but unused
[1.063s] from xmlrpc.client import Boolean
[1.063s] ^
[1.063s] 
[1.063s] ./turtle_brick/arena.py:5:1: F401 'tf2_ros.static_transform_broadcaster.StaticTransformBroadcaster' imported but unused
[1.063s] from tf2_ros.static_transform_broadcaster import StaticTransformBroadcaster
[1.063s] ^
[1.064s] 
[1.064s] ./turtle_brick/arena.py:9:1: F401 'math.pi' imported but unused
[1.064s] from math import pi
[1.064s] ^
[1.064s] 
[1.064s] ./turtle_brick/arena.py:10:1: F401 'turtle_brick_interfaces.srv.Drop' imported but unused
[1.064s] from turtle_brick_interfaces.srv import Place, Drop
[1.064s] ^
[1.065s] 
[1.065s] ./turtle_brick/arena.py:11:1: F401 'turtle_brick_interfaces.msg.Tilt' imported but unused
[1.065s] from turtle_brick_interfaces.msg import Tilt
[1.065s] ^
[1.065s] 
[1.065s] ./turtle_brick/arena.py:12:42: W291 trailing whitespace
[1.065s] from visualization_msgs.msg import Marker 
[1.066s]                                          ^
[1.066s] 
[1.066s] ./turtle_brick/arena.py:14:1: F401 'visualization_msgs.msg.MarkerArray' imported but unused
[1.066s] from visualization_msgs.msg import MarkerArray
[1.066s] ^
[1.066s] 
[1.066s] ./turtle_brick/arena.py:18:1: E265 block comment should start with '# '
[1.066s] #from .quaternion import angle_axis_to_quaternion
[1.067s] ^
[1.067s] 
[1.067s] ./turtle_brick/arena.py:21:1: E302 expected 2 blank lines, found 1
[1.067s] class BState(Enum):
[1.067s] ^
[1.067s] 
[1.067s] ./turtle_brick/arena.py:29:1: E302 expected 2 blank lines, found 1
[1.067s] class Arena(Node):
[1.068s] ^
[1.068s] 
[1.068s] ./turtle_brick/arena.py:35:9: E265 block comment should start with '# '
[1.068s]         #params
[1.068s]         ^
[1.068s] 
[1.068s] ./turtle_brick/arena.py:36:33: W291 trailing whitespace
[1.068s]         self.declare_parameters( 
[1.068s]                                 ^
[1.068s] 
[1.068s] ./turtle_brick/arena.py:41:32: E231 missing whitespace after ','
[1.068s]                 ('max_velocity',3.0),
[1.068s]                                ^
[1.068s] 
[1.069s] ./turtle_brick/arena.py:42:27: E231 missing whitespace after ','
[1.069s]                 ('gravity',9.8)
[1.069s]                           ^
[1.069s] 
[1.069s] ./turtle_brick/arena.py:49:9: E265 block comment should start with '# '
[1.069s]         #setting state of brick
[1.069s]         ^
[1.069s] 
[1.069s] ./turtle_brick/arena.py:56:9: E265 block comment should start with '# '
[1.069s]         #set up subscribers
[1.069s]         ^
[1.069s] 
[1.069s] ./turtle_brick/arena.py:57:55: E231 missing whitespace after ','
[1.069s]         self.robot_sub = self.create_subscription(Pose,'/robot',self.robot_callback,10)
[1.069s]                                                       ^
[1.069s] 
[1.070s] ./turtle_brick/arena.py:57:64: E231 missing whitespace after ','
[1.070s]         self.robot_sub = self.create_subscription(Pose,'/robot',self.robot_callback,10)
[1.070s]                                                                ^
[1.070s] 
[1.070s] ./turtle_brick/arena.py:57:84: E231 missing whitespace after ','
[1.070s]         self.robot_sub = self.create_subscription(Pose,'/robot',self.robot_callback,10)
[1.070s]                                                                                    ^
[1.070s] 
[1.070s] ./turtle_brick/arena.py:58:9: E265 block comment should start with '# '
[1.070s]         #publisher
[1.070s]         ^
[1.070s] 
[1.070s] ./turtle_brick/arena.py:59:55: E231 missing whitespace after ','
[1.070s]         self.marker_pub = self.create_publisher(Marker,'/marker',10)
[1.070s]                                                       ^
[1.070s] 
[1.071s] ./turtle_brick/arena.py:59:65: E231 missing whitespace after ','
[1.071s]         self.marker_pub = self.create_publisher(Marker,'/marker',10)
[1.071s]                                                                 ^
[1.071s] 
[1.071s] ./turtle_brick/arena.py:60:54: E231 missing whitespace after ','
[1.071s]         self.drop_pub = self.create_publisher(Vector3,'/drop',10)
[1.071s]                                                      ^
[1.071s] 
[1.071s] ./turtle_brick/arena.py:60:62: E231 missing whitespace after ','
[1.071s]         self.drop_pub = self.create_publisher(Vector3,'/drop',10)
[1.071s]                                                              ^
[1.071s] 
[1.071s] ./turtle_brick/arena.py:61:55: E231 missing whitespace after ','
[1.071s]         self.platform_pub = self.create_publisher(Bool,'/catch',10)
[1.071s]                                                       ^
[1.071s] 
[1.072s] ./turtle_brick/arena.py:61:64: E231 missing whitespace after ','
[1.072s]         self.platform_pub = self.create_publisher(Bool,'/catch',10)
[1.072s]                                                                ^
[1.072s] 
[1.072s] ./turtle_brick/arena.py:64:1: W293 blank line contains whitespace
[1.072s]         
[1.072s] ^
[1.072s] 
[1.072s] ./turtle_brick/arena.py:67:1: W293 blank line contains whitespace
[1.072s]         
[1.072s] ^
[1.072s] 
[1.072s] ./turtle_brick/arena.py:68:9: E265 block comment should start with '# '
[1.072s]         #initialize services
[1.072s]         ^
[1.073s] 
[1.073s] ./turtle_brick/arena.py:69:47: E231 missing whitespace after ','
[1.073s]         self.place = self.create_service(Place,"/place",self.place_callback)
[1.073s]                                               ^
[1.073s] 
[1.073s] ./turtle_brick/arena.py:69:56: E231 missing whitespace after ','
[1.073s]         self.place = self.create_service(Place,"/place",self.place_callback)
[1.073s]                                                        ^
[1.073s] 
[1.073s] ./turtle_brick/arena.py:70:46: E231 missing whitespace after ','
[1.073s]         self.drop = self.create_service(Empty,"/drop",self.drop_callback)
[1.073s]                                              ^
[1.073s] 
[1.073s] ./turtle_brick/arena.py:70:54: E231 missing whitespace after ','
[1.074s]         self.drop = self.create_service(Empty,"/drop",self.drop_callback)
[1.074s]                                                      ^
[1.074s] 
[1.074s] ./turtle_brick/arena.py:71:1: W293 blank line contains whitespace
[1.074s]         
[1.074s] ^
[1.074s] 
[1.074s] ./turtle_brick/arena.py:72:9: E265 block comment should start with '# '
[1.074s]         #creating brick marker
[1.074s]         ^
[1.074s] 
[1.074s] ./turtle_brick/arena.py:89:9: E265 block comment should start with '# '
[1.074s]         #creating wall markers
[1.074s]         ^
[1.075s] 
[1.075s] ./turtle_brick/arena.py:175:9: E303 too many blank lines (2)
[1.075s]         #initializing brick variables
[1.075s]         ^
[1.075s] 
[1.075s] ./turtle_brick/arena.py:175:9: E265 block comment should start with '# '
[1.075s]         #initializing brick variables
[1.075s]         ^
[1.075s] 
[1.075s] ./turtle_brick/arena.py:178:26: W291 trailing whitespace
[1.076s]         self.brickz = 0.0 
[1.076s]                          ^
[1.076s] 
[1.076s] ./turtle_brick/arena.py:191:42: E231 missing whitespace after ','
[1.076s]         self.wall = self.create_timer(0.5,self.wall_callback)
[1.076s]                                          ^
[1.076s] 
[1.076s] ./turtle_brick/arena.py:193:37: E231 missing whitespace after ','
[1.076s]     def place_callback(self, request,response):
[1.076s]                                     ^
[1.076s] 
[1.076s] ./turtle_brick/arena.py:194:35: E231 missing whitespace after ','
[1.076s]         self.place_brick(request.x,request.y,request.z)
[1.076s]                                   ^
[1.076s] 
[1.077s] ./turtle_brick/arena.py:194:45: E231 missing whitespace after ','
[1.077s]         self.place_brick(request.x,request.y,request.z)
[1.077s]                                             ^
[1.077s] 
[1.077s] ./turtle_brick/arena.py:197:1: W293 blank line contains whitespace
[1.077s]     
[1.077s] ^
[1.077s] 
[1.077s] ./turtle_brick/arena.py:198:28: E231 missing whitespace after ','
[1.077s]     def robot_callback(self,msg):
[1.077s]                            ^
[1.078s] 
[1.078s] ./turtle_brick/arena.py:205:24: E225 missing whitespace around operator
[1.078s]             if tilt_ang>=0.5:
[1.078s]                        ^
[1.078s] 
[1.078s] ./turtle_brick/arena.py:207:48: E231 missing whitespace after ','
[1.078s]                 self.set_brick(self.brickxplace,self.brickyplace,self.brickzplace)
[1.078s]                                                ^
[1.078s] 
[1.078s] ./turtle_brick/arena.py:207:65: E231 missing whitespace after ','
[1.078s]                 self.set_brick(self.brickxplace,self.brickyplace,self.brickzplace)
[1.078s]                                                                 ^
[1.078s] 
[1.078s] ./turtle_brick/arena.py:209:46: E231 missing whitespace after ','
[1.079s]                 self.set_brick(self.platformx,self.platformy,self.platformz)
[1.079s]                                              ^
[1.079s] 
[1.079s] ./turtle_brick/arena.py:209:61: E231 missing whitespace after ','
[1.079s]                 self.set_brick(self.platformx,self.platformy,self.platformz)
[1.079s]                                                             ^
[1.079s] 
[1.079s] ./turtle_brick/arena.py:211:36: E231 missing whitespace after ','
[1.079s]     def drop_callback(self, request,response):
[1.079s]                                    ^
[1.079s] 
[1.079s] ./turtle_brick/arena.py:212:13: E225 missing whitespace around operator
[1.079s]         drop=Vector3()
[1.079s]             ^
[1.079s] 
[1.079s] ./turtle_brick/arena.py:222:9: E265 block comment should start with '# '
[1.079s]         #publishing wall markers
[1.079s]         ^
[1.080s] 
[1.080s] ./turtle_brick/arena.py:239:58: E225 missing whitespace around operator
[1.080s]         self.brick_marker.pose.position.z = self.brickz +0.1
[1.080s]                                                          ^
[1.080s] 
[1.080s] ./turtle_brick/arena.py:242:1: W293 blank line contains whitespace
[1.080s]         
[1.080s] ^
[1.080s] 
[1.080s] ./turtle_brick/arena.py:243:1: W293 blank line contains whitespace
[1.080s]     
[1.080s] ^
[1.080s] 
[1.080s] ./turtle_brick/arena.py:244:5: E303 too many blank lines (2)
[1.080s]     def set_brick(self,x,y,z):
[1.080s]     ^
[1.080s] 
[1.081s] ./turtle_brick/arena.py:244:23: E231 missing whitespace after ','
[1.081s]     def set_brick(self,x,y,z):
[1.081s]                       ^
[1.081s] 
[1.081s] ./turtle_brick/arena.py:244:25: E231 missing whitespace after ','
[1.081s]     def set_brick(self,x,y,z):
[1.081s]                         ^
[1.081s] 
[1.081s] ./turtle_brick/arena.py:244:27: E231 missing whitespace after ','
[1.081s]     def set_brick(self,x,y,z):
[1.081s]                           ^
[1.081s] 
[1.081s] ./turtle_brick/arena.py:249:1: W293 blank line contains whitespace
[1.082s]     
[1.082s] ^
[1.082s] 
[1.082s] ./turtle_brick/arena.py:256:25: E231 missing whitespace after ','
[1.082s]         self.set_brick(x,y,z)
[1.082s]                         ^
[1.082s] 
[1.082s] ./turtle_brick/arena.py:256:27: E231 missing whitespace after ','
[1.082s]         self.set_brick(x,y,z)
[1.082s]                           ^
[1.082s] 
[1.082s] ./turtle_brick/arena.py:258:30: W291 trailing whitespace
[1.082s]     def timer_callback(self):    
[1.082s]                              ^
[1.083s] 
[1.083s] ./turtle_brick/arena.py:260:42: E225 missing whitespace around operator
[1.083s]             self.seconds = self.seconds +0.004
[1.083s]                                          ^
[1.083s] 
[1.083s] ./turtle_brick/arena.py:261:65: E261 at least two spaces before inline comment
[1.083s]             self.brickz = self.brickz-0.5*self.g*self.seconds**2 #has to grab gravity this from yaml
[1.083s]                                                                 ^
[1.083s] 
[1.083s] ./turtle_brick/arena.py:261:66: E262 inline comment should start with '# '
[1.083s]             self.brickz = self.brickz-0.5*self.g*self.seconds**2 #has to grab gravity this from yaml
[1.083s]                                                                  ^
[1.083s] 
[1.083s] ./turtle_brick/arena.py:261:100: E501 line too long (100 > 99 characters)
[1.083s]             self.brickz = self.brickz-0.5*self.g*self.seconds**2 #has to grab gravity this from yaml
[1.083s]                                                                                                    ^
[1.084s] 
[1.084s] ./turtle_brick/arena.py:278:9: E225 missing whitespace around operator
[1.084s]     node= Arena()
[1.084s]         ^
[1.084s] 
[1.084s] ./turtle_brick/arena.py:280:19: W291 trailing whitespace
[1.084s]     rclpy.shutdown 
[1.084s]                   ^
[1.084s] 
[1.084s] ./turtle_brick/arena.py:281:1: W391 blank line at end of file
[1.084s] 
[1.084s] ^
[1.084s] 
[1.084s] ./turtle_brick/turtle_robot.py:2:1: F401 'tokenize.Double' imported but unused
[1.084s] from tokenize import Double, String
[1.084s] ^
[1.085s] 
[1.085s] ./turtle_brick/turtle_robot.py:2:1: F401 'tokenize.String' imported but unused
[1.085s] from tokenize import Double, String
[1.085s] ^
[1.085s] 
[1.085s] ./turtle_brick/turtle_robot.py:9:34: W291 trailing whitespace
[1.085s] from nav_msgs.msg import Odometry 
[1.085s]                                  ^
[1.085s] 
[1.085s] ./turtle_brick/turtle_robot.py:10:1: F401 'geometry_msgs.msg.Vector3' imported but unused
[1.085s] from geometry_msgs.msg import Twist, Vector3, TransformStamped, PoseStamped, Pose
[1.085s] ^
[1.085s] 
[1.085s] ./turtle_brick/turtle_robot.py:11:1: F401 'visualization_msgs.msg.Marker' imported but unused
[1.085s] from visualization_msgs.msg import Marker 
[1.085s] ^
[1.086s] 
[1.086s] ./turtle_brick/turtle_robot.py:11:42: W291 trailing whitespace
[1.086s] from visualization_msgs.msg import Marker 
[1.086s]                                          ^
[1.086s] 
[1.086s] ./turtle_brick/turtle_robot.py:12:45: W291 trailing whitespace
[1.086s] from turtle_brick_interfaces.msg import Tilt 
[1.086s]                                             ^
[1.086s] 
[1.086s] ./turtle_brick/turtle_robot.py:13:12: W291 trailing whitespace
[1.086s] import math 
[1.086s]            ^
[1.086s] 
[1.086s] ./turtle_brick/turtle_robot.py:14:1: E265 block comment should start with '# '
[1.086s] #from .quaternion import angle_axis_to_quaternion
[1.086s] ^
[1.087s] 
[1.087s] ./turtle_brick/turtle_robot.py:16:1: E302 expected 2 blank lines, found 1
[1.087s] class Turtle_robot(Node):
[1.087s] ^
[1.087s] 
[1.087s] ./turtle_brick/turtle_robot.py:21:9: E265 block comment should start with '# '
[1.087s]         #params
[1.087s]         ^
[1.087s] 
[1.087s] ./turtle_brick/turtle_robot.py:22:33: W291 trailing whitespace
[1.087s]         self.declare_parameters( 
[1.087s]                                 ^
[1.087s] 
[1.087s] ./turtle_brick/turtle_robot.py:27:32: E231 missing whitespace after ','
[1.087s]                 ('max_velocity',3.0),
[1.087s]                                ^
[1.087s] 
[1.088s] ./turtle_brick/turtle_robot.py:28:27: E231 missing whitespace after ','
[1.088s]                 ('gravity',9.8)
[1.088s]                           ^
[1.088s] 
[1.088s] ./turtle_brick/turtle_robot.py:38:65: E231 missing whitespace after ','
[1.088s]         self.joint_publisher_ = self.create_publisher(JointState,'/joint_states',qos_profile)
[1.088s]                                                                 ^
[1.088s] 
[1.088s] ./turtle_brick/turtle_robot.py:38:81: E231 missing whitespace after ','
[1.088s]         self.joint_publisher_ = self.create_publisher(JointState,'/joint_states',qos_profile)
[1.088s]                                                                                 ^
[1.088s] 
[1.088s] ./turtle_brick/turtle_robot.py:39:55: E231 missing whitespace after ','
[1.088s]         self.odom_pub = self.create_publisher(Odometry,'/odom',10)
[1.088s]                                                       ^
[1.088s] 
[1.089s] ./turtle_brick/turtle_robot.py:39:63: E231 missing whitespace after ','
[1.089s]         self.odom_pub = self.create_publisher(Odometry,'/odom',10)
[1.089s]                                                               ^
[1.089s] 
[1.089s] ./turtle_brick/turtle_robot.py:40:51: E231 missing whitespace after ','
[1.089s]         self.vel_pub = self.create_publisher(Twist,'/cmd_vel',10)
[1.089s]                                                   ^
[1.089s] 
[1.089s] ./turtle_brick/turtle_robot.py:40:62: E231 missing whitespace after ','
[1.089s]         self.vel_pub = self.create_publisher(Twist,'/cmd_vel',10)
[1.089s]                                                              ^
[1.089s] 
[1.089s] ./turtle_brick/turtle_robot.py:41:52: E231 missing whitespace after ','
[1.089s]         self.robot_pub = self.create_publisher(Pose,'/robot',10)
[1.089s]                                                    ^
[1.089s] 
[1.090s] ./turtle_brick/turtle_robot.py:41:61: E231 missing whitespace after ','
[1.090s]         self.robot_pub = self.create_publisher(Pose,'/robot',10)
[1.090s]                                                             ^
[1.090s] 
[1.090s] ./turtle_brick/turtle_robot.py:43:61: E231 missing whitespace after ','
[1.090s]         self.goal_sub = self.create_subscription(PoseStamped,'/goal_pose',self.pose_callback,10)
[1.090s]                                                             ^
[1.090s] 
[1.090s] ./turtle_brick/turtle_robot.py:43:74: E231 missing whitespace after ','
[1.090s]         self.goal_sub = self.create_subscription(PoseStamped,'/goal_pose',self.pose_callback,10)
[1.090s]                                                                          ^
[1.090s] 
[1.090s] ./turtle_brick/turtle_robot.py:43:93: E231 missing whitespace after ','
[1.090s]         self.goal_sub = self.create_subscription(PoseStamped,'/goal_pose',self.pose_callback,10)
[1.091s]                                                                                             ^
[1.091s] 
[1.091s] ./turtle_brick/turtle_robot.py:44:54: E231 missing whitespace after ','
[1.091s]         self.tilt_sub = self.create_subscription(Tilt,'/tilt',self.tilt_callback,10)
[1.091s]                                                      ^
[1.091s] 
[1.091s] ./turtle_brick/turtle_robot.py:44:62: E231 missing whitespace after ','
[1.091s]         self.tilt_sub = self.create_subscription(Tilt,'/tilt',self.tilt_callback,10)
[1.091s]                                                              ^
[1.091s] 
[1.091s] ./turtle_brick/turtle_robot.py:44:81: E231 missing whitespace after ','
[1.091s]         self.tilt_sub = self.create_subscription(Tilt,'/tilt',self.tilt_callback,10)
[1.091s]                                                                                 ^
[1.091s] 
[1.091s] ./turtle_brick/turtle_robot.py:46:53: W291 trailing whitespace
[1.091s]         # Static broadcasters publish on /tf_static.        
[1.091s]                                                     ^
[1.092s] 
[1.092s] ./turtle_brick/turtle_robot.py:50:1: W293 blank line contains whitespace
[1.092s]         
[1.092s] ^
[1.092s] 
[1.092s] ./turtle_brick/turtle_robot.py:59:9: E265 block comment should start with '# '
[1.092s]         #positions 
[1.092s]         ^
[1.092s] 
[1.092s] ./turtle_brick/turtle_robot.py:59:19: W291 trailing whitespace
[1.092s]         #positions 
[1.092s]                   ^
[1.092s] 
[1.092s] ./turtle_brick/turtle_robot.py:60:28: W291 trailing whitespace
[1.092s]         self.currentx = 0.0 
[1.092s]                            ^
[1.093s] 
[1.093s] ./turtle_brick/turtle_robot.py:81:9: E265 block comment should start with '# '
[1.093s]         #joint state publisher
[1.093s]         ^
[1.093s] 
[1.093s] ./turtle_brick/turtle_robot.py:87:23: E225 missing whitespace around operator
[1.093s]         self.tilt_angf= 0.0
[1.093s]                       ^
[1.093s] 
[1.093s] ./turtle_brick/turtle_robot.py:94:9: E265 block comment should start with '# '
[1.093s]         #cmd_vel publisher
[1.093s]         ^
[1.093s] 
[1.093s] ./turtle_brick/turtle_robot.py:97:9: E265 block comment should start with '# '
[1.093s]         #create pose publisher
[1.093s]         ^
[1.093s] 
[1.094s] ./turtle_brick/turtle_robot.py:104:1: W293 blank line contains whitespace
[1.094s]     
[1.094s] ^
[1.094s] 
[1.094s] ./turtle_brick/turtle_robot.py:105:27: E231 missing whitespace after ','
[1.094s]     def pose_callback(self,msg):
[1.094s]                           ^
[1.094s] 
[1.094s] ./turtle_brick/turtle_robot.py:106:76: E231 missing whitespace after ','
[1.094s]         self.get_logger().info('goal pose: %f %f %f' % (msg.pose.position.x,msg.pose.position.y,msg.pose.orientation.z) )
[1.094s]                                                                            ^
[1.094s] 
[1.094s] ./turtle_brick/turtle_robot.py:106:96: E231 missing whitespace after ','
[1.094s]         self.get_logger().info('goal pose: %f %f %f' % (msg.pose.position.x,msg.pose.position.y,msg.pose.orientation.z) )
[1.094s]                                                                                                ^
[1.094s] 
[1.095s] ./turtle_brick/turtle_robot.py:106:100: E501 line too long (121 > 99 characters)
[1.095s]         self.get_logger().info('goal pose: %f %f %f' % (msg.pose.position.x,msg.pose.position.y,msg.pose.orientation.z) )
[1.095s]                                                                                                    ^
[1.095s] 
[1.095s] ./turtle_brick/turtle_robot.py:106:120: E202 whitespace before ')'
[1.095s]         self.get_logger().info('goal pose: %f %f %f' % (msg.pose.position.x,msg.pose.position.y,msg.pose.orientation.z) )
[1.095s]                                                                                                                        ^
[1.095s] 
[1.095s] ./turtle_brick/turtle_robot.py:115:15: E225 missing whitespace around operator
[1.095s]         if (dy<0 and dx>0) or (dy>0 and dx>0):
[1.096s]               ^
[1.096s] 
[1.096s] ./turtle_brick/turtle_robot.py:115:24: E225 missing whitespace around operator
[1.096s]         if (dy<0 and dx>0) or (dy>0 and dx>0):
[1.096s]                        ^
[1.096s] 
[1.096s] ./turtle_brick/turtle_robot.py:115:34: E225 missing whitespace around operator
[1.096s]         if (dy<0 and dx>0) or (dy>0 and dx>0):
[1.096s]                                  ^
[1.096s] 
[1.096s] ./turtle_brick/turtle_robot.py:115:43: E225 missing whitespace around operator
[1.096s]         if (dy<0 and dx>0) or (dy>0 and dx>0):
[1.096s]                                           ^
[1.096s] 
[1.097s] ./turtle_brick/turtle_robot.py:125:27: E231 missing whitespace after ','
[1.097s]     def tilt_callback(self,msg):
[1.097s]                           ^
[1.097s] 
[1.097s] ./turtle_brick/turtle_robot.py:131:1: W293 blank line contains whitespace
[1.097s]         
[1.097s] ^
[1.097s] 
[1.097s] ./turtle_brick/turtle_robot.py:132:9: E265 block comment should start with '# '
[1.097s]         #update odom
[1.097s]         ^
[1.097s] 
[1.097s] ./turtle_brick/turtle_robot.py:139:1: W293 blank line contains whitespace
[1.097s]         
[1.098s] ^
[1.098s] 
[1.098s] ./turtle_brick/turtle_robot.py:140:9: E303 too many blank lines (2)
[1.098s]         #updating joint states
[1.098s]         ^
[1.098s] 
[1.098s] ./turtle_brick/turtle_robot.py:140:9: E265 block comment should start with '# '
[1.098s]         #updating joint states
[1.098s]         ^
[1.098s] 
[1.098s] ./turtle_brick/turtle_robot.py:142:46: E231 missing whitespace after ','
[1.098s]         self.joint_state.name = ['stem_wheel','base_stem','link_platform1']
[1.098s]                                              ^
[1.098s] 
[1.098s] ./turtle_brick/turtle_robot.py:142:58: E231 missing whitespace after ','
[1.099s]         self.joint_state.name = ['stem_wheel','base_stem','link_platform1']
[1.099s]                                                          ^
[1.099s] 
[1.099s] ./turtle_brick/turtle_robot.py:144:1: W293 blank line contains whitespace
[1.099s]         
[1.099s] ^
[1.099s] 
[1.099s] ./turtle_brick/turtle_robot.py:145:9: E265 block comment should start with '# '
[1.099s]         #update twist
[1.099s]         ^
[1.099s] 
[1.099s] ./turtle_brick/turtle_robot.py:148:1: W293 blank line contains whitespace
[1.099s]         
[1.099s] ^
[1.099s] 
[1.100s] ./turtle_brick/turtle_robot.py:149:9: E265 block comment should start with '# '
[1.100s]         #update robot pose
[1.100s]         ^
[1.100s] 
[1.100s] ./turtle_brick/turtle_robot.py:150:34: E225 missing whitespace around operator
[1.100s]         self.robo_pose.position.x=self.currentx
[1.100s]                                  ^
[1.100s] 
[1.100s] ./turtle_brick/turtle_robot.py:151:34: E225 missing whitespace around operator
[1.100s]         self.robo_pose.position.y=self.currenty
[1.100s]                                  ^
[1.100s] 
[1.100s] ./turtle_brick/turtle_robot.py:152:34: E225 missing whitespace around operator
[1.101s]         self.robo_pose.position.z=self.height
[1.101s]                                  ^
[1.101s] 
[1.101s] ./turtle_brick/turtle_robot.py:155:9: E265 block comment should start with '# '
[1.101s]         #update transforms
[1.101s]         ^
[1.101s] 
[1.101s] ./turtle_brick/turtle_robot.py:156:68: W291 trailing whitespace
[1.101s]         self.odom_base_link.transform.translation.x = self.currentx 
[1.101s]                                                                    ^
[1.101s] 
[1.101s] ./turtle_brick/turtle_robot.py:157:68: W291 trailing whitespace
[1.101s]         self.odom_base_link.transform.translation.y = self.currenty 
[1.101s]                                                                    ^
[1.101s] 
[1.102s] ./turtle_brick/turtle_robot.py:158:48: W291 trailing whitespace
[1.102s]         self.odom_base_link.header.stamp = time 
[1.102s]                                                ^
[1.102s] 
[1.102s] ./turtle_brick/turtle_robot.py:160:9: E265 block comment should start with '# '
[1.102s]         #broadcasting and publishing
[1.102s]         ^
[1.102s] 
[1.102s] ./turtle_brick/turtle_robot.py:161:56: W291 trailing whitespace
[1.102s]         self.joint_publisher_.publish(self.joint_state) 
[1.102s]                                                        ^
[1.102s] 
[1.102s] ./turtle_brick/turtle_robot.py:166:9: E265 block comment should start with '# '
[1.102s]         #moving the robot to goal pose
[1.102s]         ^
[1.103s] 
[1.103s] ./turtle_brick/turtle_robot.py:172:41: E225 missing whitespace around operator
[1.103s]         if abs(self.currenty-self.goaly)<= 0.03:
[1.103s]                                         ^
[1.103s] 
[1.103s] ./turtle_brick/turtle_robot.py:175:1: W293 blank line contains whitespace
[1.103s]         
[1.103s] ^
[1.103s] 
[1.103s] ./turtle_brick/turtle_robot.py:176:9: E265 block comment should start with '# '
[1.103s]         #move the wheel and stem to face direction and roll
[1.103s]         ^
[1.103s] 
[1.103s] ./turtle_brick/turtle_robot.py:177:38: E225 missing whitespace around operator
[1.103s]         if self.vx != 0.0 and self.vy!=0.0:
[1.104s]                                      ^
[1.104s] 
[1.104s] ./turtle_brick/turtle_robot.py:179:49: E225 missing whitespace around operator
[1.104s]         if abs(self.stem_ang-self.direction_ang)>= 0.2:
[1.104s]                                                 ^
[1.104s] 
[1.104s] ./turtle_brick/turtle_robot.py:180:51: E225 missing whitespace around operator
[1.104s]             if self.stem_ang-self.direction_ang >=0:
[1.104s]                                                   ^
[1.104s] 
[1.104s] ./turtle_brick/turtle_robot.py:182:80: E202 whitespace before ')'
[1.104s]                 self.get_logger().info('stem angle: "%s"' % (self.direction_ang ))
[1.104s]                                                                                ^
[1.104s] 
[1.104s] ./turtle_brick/turtle_robot.py:186:9: E265 block comment should start with '# '
[1.105s]         #tilt if tilt is called
[1.105s]         ^
[1.105s] 
[1.105s] ./turtle_brick/turtle_robot.py:188:52: E225 missing whitespace around operator
[1.105s]             if abs(self.tilt_ang-self.tilt_angf) >=0.01:       
[1.105s]                                                    ^
[1.105s] 
[1.105s] ./turtle_brick/turtle_robot.py:188:57: W291 trailing whitespace
[1.105s]             if abs(self.tilt_ang-self.tilt_angf) >=0.01:       
[1.105s]                                                         ^
[1.105s] 
[1.105s] ./turtle_brick/turtle_robot.py:190:34: E225 missing whitespace around operator
[1.105s]                     self.tilt_ang-=0.005
[1.105s]                                  ^
[1.105s] 
[1.106s] ./turtle_brick/turtle_robot.py:192:34: E225 missing whitespace around operator
[1.106s]                     self.tilt_ang+=0.005
[1.106s]                                  ^
[1.106s] 
[1.106s] ./turtle_brick/turtle_robot.py:197:1: W293 blank line contains whitespace
[1.106s]         
[1.106s] ^
[1.106s] 
[1.106s] ./turtle_brick/turtle_robot.py:198:1: W293 blank line contains whitespace
[1.106s]         
[1.106s] ^
[1.107s] 
[1.107s] ./turtle_brick/turtle_robot.py:200:1: E303 too many blank lines (3)
[1.107s] def main(args=None):
[1.107s] ^
[1.107s] 
[1.107s] ./turtle_brick/turtle_robot.py:202:16: E225 missing whitespace around operator
[1.107s]     turtleRobot= Turtle_robot()
[1.107s]                ^
[1.108s] 
[1.108s] ./turtle_brick/turtle_robot.py:204:19: W291 trailing whitespace
[1.108s]     rclpy.shutdown 
[1.108s]                   ^
[1.108s] 
[1.108s] ./turtle_brick/turtle_robot.py:206:1: W391 blank line at end of file
[1.108s] 
[1.108s] ^
[1.108s] 
[1.109s] ./turtle_brick/catcher.py:2:1: F401 'cmath.sqrt' imported but unused
[1.109s] from cmath import sqrt
[1.109s] ^
[1.109s] 
[1.109s] ./turtle_brick/catcher.py:6:1: F401 'tf2_ros.static_transform_broadcaster.StaticTransformBroadcaster' imported but unused
[1.109s] from tf2_ros.static_transform_broadcaster import StaticTransformBroadcaster
[1.109s] ^
[1.110s] 
[1.110s] ./turtle_brick/catcher.py:7:1: F401 'tf2_ros.TransformBroadcaster' imported but unused
[1.110s] from tf2_ros import TransformBroadcaster
[1.111s] ^
[1.111s] 
[1.111s] ./turtle_brick/catcher.py:8:1: F401 'geometry_msgs.msg.TransformStamped' imported but unused
[1.112s] from geometry_msgs.msg import TransformStamped, Pose, PoseStamped, Vector3
[1.112s] ^
[1.112s] 
[1.112s] ./turtle_brick/catcher.py:9:1: F401 'turtle_brick_interfaces.srv.Place' imported but unused
[1.112s] from turtle_brick_interfaces.srv import Place, Drop
[1.112s] ^
[1.112s] 
[1.112s] ./turtle_brick/catcher.py:9:1: F401 'turtle_brick_interfaces.srv.Drop' imported but unused
[1.112s] from turtle_brick_interfaces.srv import Place, Drop
[1.113s] ^
[1.113s] 
[1.113s] ./turtle_brick/catcher.py:11:42: W291 trailing whitespace
[1.113s] from visualization_msgs.msg import Marker 
[1.113s]                                          ^
[1.113s] 
[1.113s] ./turtle_brick/catcher.py:12:12: W291 trailing whitespace
[1.113s] import math 
[1.114s]            ^
[1.114s] 
[1.114s] ./turtle_brick/catcher.py:14:1: F401 '.quaternion.angle_axis_to_quaternion' imported but unused
[1.114s] from .quaternion import angle_axis_to_quaternion
[1.114s] ^
[1.114s] 
[1.114s] ./turtle_brick/catcher.py:17:1: E302 expected 2 blank lines, found 1
[1.114s] class State(Enum):
[1.114s] ^
[1.115s] 
[1.115s] ./turtle_brick/catcher.py:23:1: E302 expected 2 blank lines, found 1
[1.115s] class Catcher(Node):
[1.115s] ^
[1.115s] 
[1.115s] ./turtle_brick/catcher.py:29:9: E265 block comment should start with '# '
[1.116s]         #params
[1.116s]         ^
[1.116s] 
[1.116s] ./turtle_brick/catcher.py:30:33: W291 trailing whitespace
[1.116s]         self.declare_parameters( 
[1.116s]                                 ^
[1.116s] 
[1.116s] ./turtle_brick/catcher.py:35:32: E231 missing whitespace after ','
[1.116s]                 ('max_velocity',3.0),
[1.116s]                                ^
[1.116s] 
[1.116s] ./turtle_brick/catcher.py:36:27: E231 missing whitespace after ','
[1.117s]                 ('gravity',9.8)
[1.117s]                           ^
[1.117s] 
[1.117s] ./turtle_brick/catcher.py:43:9: E265 block comment should start with '# '
[1.117s]         #variables
[1.117s]         ^
[1.117s] 
[1.117s] ./turtle_brick/catcher.py:46:9: E265 block comment should start with '# '
[1.117s]         #state
[1.117s]         ^
[1.117s] 
[1.117s] ./turtle_brick/catcher.py:48:9: E265 block comment should start with '# '
[1.117s]         #subscritions
[1.117s]         ^
[1.118s] 
[1.118s] ./turtle_brick/catcher.py:49:55: E231 missing whitespace after ','
[1.118s]         self.robot_sub = self.create_subscription(Pose,'/robot',self.robot_callback,10)
[1.118s]                                                       ^
[1.118s] 
[1.118s] ./turtle_brick/catcher.py:49:64: E231 missing whitespace after ','
[1.118s]         self.robot_sub = self.create_subscription(Pose,'/robot',self.robot_callback,10)
[1.118s]                                                                ^
[1.118s] 
[1.118s] ./turtle_brick/catcher.py:49:84: E231 missing whitespace after ','
[1.118s]         self.robot_sub = self.create_subscription(Pose,'/robot',self.robot_callback,10)
[1.118s]                                                                                    ^
[1.118s] 
[1.118s] ./turtle_brick/catcher.py:50:57: E231 missing whitespace after ','
[1.118s]         self.drop_sub = self.create_subscription(Vector3,'/drop', self.drop_callback,10)
[1.118s]                                                         ^
[1.119s] 
[1.119s] ./turtle_brick/catcher.py:50:85: E231 missing whitespace after ','
[1.119s]         self.drop_sub = self.create_subscription(Vector3,'/drop', self.drop_callback,10)
[1.119s]                                                                                     ^
[1.119s] 
[1.119s] ./turtle_brick/catcher.py:51:55: E231 missing whitespace after ','
[1.119s]         self.catch_sub = self.create_subscription(Bool,'/catch', self.catch_callback,10)
[1.119s]                                                       ^
[1.119s] 
[1.119s] ./turtle_brick/catcher.py:51:85: E231 missing whitespace after ','
[1.119s]         self.catch_sub = self.create_subscription(Bool,'/catch', self.catch_callback,10)
[1.119s]                                                                                     ^
[1.119s] 
[1.119s] ./turtle_brick/catcher.py:52:9: E265 block comment should start with '# '
[1.119s]         #publisher
[1.119s]         ^
[1.120s] 
[1.120s] ./turtle_brick/catcher.py:53:28: E225 missing whitespace around operator
[1.120s]         self.brick_land_pub= self.create_publisher(Pose,'/land',10)
[1.120s]                            ^
[1.120s] 
[1.120s] ./turtle_brick/catcher.py:53:56: E231 missing whitespace after ','
[1.120s]         self.brick_land_pub= self.create_publisher(Pose,'/land',10)
[1.120s]                                                        ^
[1.120s] 
[1.120s] ./turtle_brick/catcher.py:53:64: E231 missing whitespace after ','
[1.120s]         self.brick_land_pub= self.create_publisher(Pose,'/land',10)
[1.120s]                                                                ^
[1.120s] 
[1.120s] ./turtle_brick/catcher.py:54:22: E225 missing whitespace around operator
[1.120s]         self.goal_pub= self.create_publisher(PoseStamped,'/goal_pose',10)
[1.120s]                      ^
[1.121s] 
[1.121s] ./turtle_brick/catcher.py:54:57: E231 missing whitespace after ','
[1.121s]         self.goal_pub= self.create_publisher(PoseStamped,'/goal_pose',10)
[1.121s]                                                         ^
[1.121s] 
[1.121s] ./turtle_brick/catcher.py:54:70: E231 missing whitespace after ','
[1.121s]         self.goal_pub= self.create_publisher(PoseStamped,'/goal_pose',10)
[1.121s]                                                                      ^
[1.121s] 
[1.121s] ./turtle_brick/catcher.py:55:22: E225 missing whitespace around operator
[1.121s]         self.tilt_pub= self.create_publisher(Tilt,'/tilt',10)
[1.121s]                      ^
[1.121s] 
[1.121s] ./turtle_brick/catcher.py:55:50: E231 missing whitespace after ','
[1.121s]         self.tilt_pub= self.create_publisher(Tilt,'/tilt',10)
[1.121s]                                                  ^
[1.122s] 
[1.122s] ./turtle_brick/catcher.py:55:58: E231 missing whitespace after ','
[1.122s]         self.tilt_pub= self.create_publisher(Tilt,'/tilt',10)
[1.122s]                                                          ^
[1.122s] 
[1.122s] ./turtle_brick/catcher.py:56:55: E231 missing whitespace after ','
[1.122s]         self.marker_pub = self.create_publisher(Marker,'/marker',10)
[1.122s]                                                       ^
[1.122s] 
[1.122s] ./turtle_brick/catcher.py:56:65: E231 missing whitespace after ','
[1.122s]         self.marker_pub = self.create_publisher(Marker,'/marker',10)
[1.122s]                                                                 ^
[1.122s] 
[1.122s] ./turtle_brick/catcher.py:57:9: E265 block comment should start with '# '
[1.122s]         #pose and posestamp and tilt
[1.122s]         ^
[1.123s] 
[1.123s] ./turtle_brick/catcher.py:59:1: W293 blank line contains whitespace
[1.123s]     
[1.123s] ^
[1.123s] 
[1.123s] ./turtle_brick/catcher.py:60:9: E265 block comment should start with '# '
[1.123s]         #the text marker
[1.123s]         ^
[1.123s] 
[1.123s] ./turtle_brick/catcher.py:83:1: W293 blank line contains whitespace
[1.123s]     
[1.123s] ^
[1.123s] 
[1.123s] ./turtle_brick/catcher.py:84:5: E303 too many blank lines (3)
[1.123s]     def robot_callback(self,msg):
[1.123s]     ^
[1.123s] 
[1.123s] ./turtle_brick/catcher.py:84:28: E231 missing whitespace after ','
[1.124s]     def robot_callback(self,msg):
[1.124s]                            ^
[1.124s] 
[1.124s] ./turtle_brick/catcher.py:88:100: E501 line too long (100 > 99 characters)
[1.124s]         if self.state == State.TILT and abs(self.platformx) <= 0.05 and abs(self.platformy) <= 0.05:
[1.124s]                                                                                                    ^
[1.124s] 
[1.124s] ./turtle_brick/catcher.py:94:1: W293 blank line contains whitespace
[1.124s]     
[1.124s] ^
[1.124s] 
[1.124s] ./turtle_brick/catcher.py:95:28: E231 missing whitespace after ','
[1.124s]     def catch_callback(self,msg):
[1.124s]                            ^
[1.124s] 
[1.124s] ./turtle_brick/catcher.py:105:5: E303 too many blank lines (2)
[1.124s]     def drop_callback(self,msg):
[1.125s]     ^
[1.125s] 
[1.125s] ./turtle_brick/catcher.py:105:27: E231 missing whitespace after ','
[1.125s]     def drop_callback(self,msg):
[1.125s]                           ^
[1.125s] 
[1.125s] ./turtle_brick/catcher.py:110:40: E225 missing whitespace around operator
[1.125s]         if self.brick_pose.position.z >self.height:
[1.125s]                                        ^
[1.125s] 
[1.125s] ./turtle_brick/catcher.py:112:13: E265 block comment should start with '# '
[1.125s]             #calc time takes robot to move to x,y position from current position in max velocity speed (3.0 m/s) to 0.3 radius of the platform
[1.125s]             ^
[1.125s] 
[1.125s] ./turtle_brick/catcher.py:112:100: E501 line too long (142 > 99 characters)
[1.125s]             #calc time takes robot to move to x,y position from current position in max velocity speed (3.0 m/s) to 0.3 radius of the platform
[1.125s]                                                                                                    ^
[1.126s] 
[1.126s] ./turtle_brick/catcher.py:113:100: E501 line too long (155 > 99 characters)
[1.126s]             timerobo = math.sqrt((abs(self.brick_pose.position.x-self.platformx)-0.3)**2+(abs(self.brick_pose.position.y-self.platformy)-0.3)**2)/self.vmax
[1.126s]                                                                                                    ^
[1.126s] 
[1.126s] ./turtle_brick/catcher.py:114:28: E225 missing whitespace around operator
[1.126s]             if timerobo+1.0<=timefall: #1.0 is to give some time for message to be revieved and acted upon
[1.126s]                            ^
[1.126s] 
[1.126s] ./turtle_brick/catcher.py:114:39: E261 at least two spaces before inline comment
[1.126s]             if timerobo+1.0<=timefall: #1.0 is to give some time for message to be revieved and acted upon
[1.126s]                                       ^
[1.126s] 
[1.126s] ./turtle_brick/catcher.py:114:40: E262 inline comment should start with '# '
[1.126s]             if timerobo+1.0<=timefall: #1.0 is to give some time for message to be revieved and acted upon
[1.126s]                                        ^
[1.126s] 
[1.126s] ./turtle_brick/catcher.py:114:100: E501 line too long (106 > 99 characters)
[1.127s]             if timerobo+1.0<=timefall: #1.0 is to give some time for message to be revieved and acted upon
[1.127s]                                                                                                    ^
[1.127s] 
[1.127s] ./turtle_brick/catcher.py:122:1: W293 blank line contains whitespace
[1.127s]         
[1.127s] ^
[1.127s] 
[1.127s] ./turtle_brick/catcher.py:123:1: W293 blank line contains whitespace
[1.127s]         
[1.127s] ^
[1.127s] 
[1.127s] ./turtle_brick/catcher.py:124:1: W293 blank line contains whitespace
[1.127s]         
[1.127s] ^
[1.127s] 
[1.127s] ./turtle_brick/catcher.py:127:1: E303 too many blank lines (6)
[1.128s] def catcher_entry(args=None):
[1.128s] ^
[1.128s] 
[1.128s] ./turtle_brick/catcher.py:131:21: W292 no newline at end of file
[1.128s]     rclpy.shutdown()                    ^
[1.128s] 
[1.128s] ./test/math_test.py:4:1: W293 blank line contains whitespace
[1.128s]         
[1.128s] ^
[1.128s] 
[1.128s] ./test/math_test.py:6:25: W292 no newline at end of file
[1.128s]         assert 5+6 == 20                        ^
[1.128s] 
[1.128s] ./test/brick.test.py:1:1: F401 'ament_copyright.main.main' imported but unused
[1.128s] from ament_copyright.main import main
[1.129s] ^
[1.129s] 
[1.129s] ./test/brick.test.py:2:1: F401 'pytest' imported but unused
[1.129s] import pytest
[1.129s] ^
[1.129s] 
[1.129s] ./test/brick.test.py:3:1: F401 'launch' imported but unused
[1.129s] import launch
[1.129s] ^
[1.129s] 
[1.129s] ./test/brick.test.py:4:1: F401 'launch_pytest' imported but unused
[1.129s] import launch_pytest
[1.129s] ^
[1.129s] 
[1.129s] ./test/brick.test.py:5:1: F401 'sys' imported but unused
[1.129s] import sys
[1.130s] ^
[1.130s] 
[1.130s] ./test/brick.test.py:6:1: F401 'launch_ros' imported but unused
[1.130s] import launch_ros
[1.130s] ^
[1.130s] 
[1.130s] ./test/brick.test.py:7:1: F401 'pathlib.Path' imported but unused
[1.130s] from pathlib import Path
[1.130s] ^
[1.130s] 
[1.130s] ./test/brick.test.py:8:1: E265 block comment should start with '# '
[1.130s] #found this example here https://github.com/ros2/launch/blob/humble/launch_pytest/test/launch_pytest/examples/check_node_msgs.py
[1.130s] ^
[1.130s] 
[1.130s] ./test/brick.test.py:8:100: E501 line too long (128 > 99 characters)
[1.130s] #found this example here https://github.com/ros2/launch/blob/humble/launch_pytest/test/launch_pytest/examples/check_node_msgs.py
[1.131s]                                                                                                    ^
[1.131s] 
[1.131s] ./test/brick.test.py:21:9: W292 no newline at end of file
[1.131s] #     ])        ^
[1.131s] 
[1.131s] ./launch/show_turtle.launch.py:1:1: F401 'ament_index_python.packages.get_package_share_path' imported but unused
[1.131s] from ament_index_python.packages import get_package_share_path,get_package_share_directory
[1.131s] ^
[1.131s] 
[1.131s] ./launch/show_turtle.launch.py:1:63: E231 missing whitespace after ','
[1.131s] from ament_index_python.packages import get_package_share_path,get_package_share_directory
[1.131s]                                                               ^
[1.131s] 
[1.131s] ./launch/show_turtle.launch.py:5:1: F401 'launch.conditions.UnlessCondition' imported but unused
[1.131s] from launch.conditions import IfCondition, UnlessCondition
[1.131s] ^
[1.132s] 
[1.132s] ./launch/show_turtle.launch.py:11:1: E302 expected 2 blank lines, found 1
[1.132s] def generate_launch_description():
[1.132s] ^
[1.132s] 
[1.132s] ./launch/show_turtle.launch.py:12:22: E225 missing whitespace around operator
[1.132s]     turtle_brick_path= 'src/turtle_brick'
[1.132s]                      ^
[1.132s] 
[1.132s] ./launch/show_turtle.launch.py:14:51: E225 missing whitespace around operator
[1.132s]     default_rviz_config_path = turtle_brick_path +'/config/turtle_urdf.rviz'
[1.132s]                                                   ^
[1.132s] 
[1.132s] ./launch/show_turtle.launch.py:15:1: W293 blank line contains whitespace
[1.132s]     
[1.133s] ^
[1.133s] 
[1.133s] ./launch/show_turtle.launch.py:16:5: F841 local variable 'use_sim_time' is assigned to but never used
[1.133s]     use_sim_time = LaunchConfiguration('use_sim_time', default='false')
[1.133s]     ^
[1.133s] 
[1.133s] ./launch/show_turtle.launch.py:18:100: E501 line too long (115 > 99 characters)
[1.133s]     use_jsp_arg = DeclareLaunchArgument(name='use_jsp', default_value='"gui"', choices=['"gui"', '"jsp"','"none"'],
[1.133s]                                                                                                    ^
[1.133s] 
[1.133s] ./launch/show_turtle.launch.py:18:105: E231 missing whitespace after ','
[1.133s]     use_jsp_arg = DeclareLaunchArgument(name='use_jsp', default_value='"gui"', choices=['"gui"', '"jsp"','"none"'],
[1.133s]                                                                                                         ^
[1.133s] 
[1.133s] ./launch/show_turtle.launch.py:19:37: E128 continuation line under-indented for visual indent
[1.134s]                                     description='Flag to enable joint_state_publisher_gui')#change
[1.134s]                                     ^
[1.134s] 
[1.134s] ./launch/show_turtle.launch.py:19:92: E261 at least two spaces before inline comment
[1.134s]                                     description='Flag to enable joint_state_publisher_gui')#change
[1.134s]                                                                                            ^
[1.134s] 
[1.134s] ./launch/show_turtle.launch.py:19:92: E262 inline comment should start with '# '
[1.134s]                                     description='Flag to enable joint_state_publisher_gui')#change
[1.134s]                                                                                            ^
[1.134s] 
[1.134s] ./launch/show_turtle.launch.py:22:100: E501 line too long (100 > 99 characters)
[1.134s]     rviz_arg = DeclareLaunchArgument(name='rvizconfig', default_value=str(default_rviz_config_path),
[1.134s]                                                                                                    ^
[1.135s] 
[1.135s] ./launch/show_turtle.launch.py:36:89: E231 missing whitespace after ','
[1.135s]         parameters=[{'robot_description': robot_description, 'publish_frequency': 100.0},config,]
[1.135s]                                                                                         ^
[1.135s] 
[1.135s] ./launch/show_turtle.launch.py:36:96: E231 missing whitespace after ','
[1.135s]         parameters=[{'robot_description': robot_description, 'publish_frequency': 100.0},config,]
[1.135s]                                                                                                ^
[1.135s] 
[1.135s] ./launch/show_turtle.launch.py:43:56: E231 missing whitespace after ','
[1.136s]         condition=IfCondition(PythonExpression([use_jsp,"=='jsp'"]))
[1.136s]                                                        ^
[1.136s] 
[1.136s] ./launch/show_turtle.launch.py:49:56: E231 missing whitespace after ','
[1.136s]         condition=IfCondition(PythonExpression([use_jsp,"=='gui'"]))
[1.136s]                                                        ^
[1.136s] 
[1.136s] ./launch/show_turtle.launch.py:68:7: W292 no newline at end of file
[1.136s]     ])      ^
[1.136s] 
[1.136s] ./launch/run_turtle.launch.py:2:1: F401 'ament_index_python.packages.get_package_share_path' imported but unused
[1.136s] from ament_index_python.packages import get_package_share_path, get_package_share_directory
[1.136s] ^
[1.137s] 
[1.137s] ./launch/run_turtle.launch.py:5:1: F401 'launch.actions.DeclareLaunchArgument' imported but unused
[1.137s] from launch.actions import DeclareLaunchArgument, IncludeLaunchDescription
[1.137s] ^
[1.137s] 
[1.137s] ./launch/run_turtle.launch.py:6:1: F401 'launch.conditions.IfCondition' imported but unused
[1.137s] from launch.conditions import IfCondition, UnlessCondition
[1.137s] ^
[1.137s] 
[1.137s] ./launch/run_turtle.launch.py:6:1: F401 'launch.conditions.UnlessCondition' imported but unused
[1.137s] from launch.conditions import IfCondition, UnlessCondition
[1.137s] ^
[1.137s] 
[1.137s] ./launch/run_turtle.launch.py:7:1: F401 'launch.substitutions.Command' imported but unused
[1.137s] from launch.substitutions import Command, LaunchConfiguration, PathJoinSubstitution
[1.137s] ^
[1.138s] 
[1.138s] ./launch/run_turtle.launch.py:7:1: F401 'launch.substitutions.LaunchConfiguration' imported but unused
[1.138s] from launch.substitutions import Command, LaunchConfiguration, PathJoinSubstitution
[1.138s] ^
[1.138s] 
[1.138s] ./launch/run_turtle.launch.py:10:1: F401 'launch_ros.parameter_descriptions.ParameterValue' imported but unused
[1.138s] from launch_ros.parameter_descriptions import ParameterValue
[1.138s] ^
[1.138s] 
[1.138s] ./launch/run_turtle.launch.py:40:23: E251 unexpected spaces around keyword / parameter equals
[1.138s]             remappings = [('/cmd_vel', '/turtlesim1/turtle1/cmd_vel'),],
[1.138s]                       ^
[1.138s] 
[1.138s] ./launch/run_turtle.launch.py:40:25: E251 unexpected spaces around keyword / parameter equals
[1.138s]             remappings = [('/cmd_vel', '/turtlesim1/turtle1/cmd_vel'),],
[1.138s]                         ^
[1.139s] 
[1.139s] ./launch/run_turtle.launch.py:40:70: E231 missing whitespace after ','
[1.139s]             remappings = [('/cmd_vel', '/turtlesim1/turtle1/cmd_vel'),],
[1.139s]                                                                      ^
[1.139s] 
[1.139s] ./launch/run_turtle.launch.py:43:1: W293 blank line contains whitespace
[1.139s]         
[1.139s] ^
[1.139s] 
[1.139s] ./launch/run_turtle.launch.py:44:7: W292 no newline at end of file
[1.139s]     ])      ^
[1.139s] 
[1.139s] ./launch/turtle_arena.launch.py:2:1: F401 'ament_index_python.packages.get_package_share_path' imported but unused
[1.140s] from ament_index_python.packages import get_package_share_path, get_package_share_directory
[1.140s] ^
[1.140s] 
[1.140s] ./launch/turtle_arena.launch.py:5:1: F401 'launch.actions.DeclareLaunchArgument' imported but unused
[1.140s] from launch.actions import DeclareLaunchArgument, IncludeLaunchDescription
[1.140s] ^
[1.140s] 
[1.140s] ./launch/turtle_arena.launch.py:6:1: F401 'launch.conditions.IfCondition' imported but unused
[1.140s] from launch.conditions import IfCondition, UnlessCondition
[1.140s] ^
[1.140s] 
[1.140s] ./launch/turtle_arena.launch.py:6:1: F401 'launch.conditions.UnlessCondition' imported but unused
[1.140s] from launch.conditions import IfCondition, UnlessCondition
[1.140s] ^
[1.140s] 
[1.140s] ./launch/turtle_arena.launch.py:7:1: F401 'launch.substitutions.Command' imported but unused
[1.141s] from launch.substitutions import Command, LaunchConfiguration, PathJoinSubstitution
[1.141s] ^
[1.141s] 
[1.141s] ./launch/turtle_arena.launch.py:7:1: F401 'launch.substitutions.LaunchConfiguration' imported but unused
[1.141s] from launch.substitutions import Command, LaunchConfiguration, PathJoinSubstitution
[1.141s] ^
[1.141s] 
[1.141s] ./launch/turtle_arena.launch.py:10:1: F401 'launch_ros.parameter_descriptions.ParameterValue' imported but unused
[1.141s] from launch_ros.parameter_descriptions import ParameterValue
[1.141s] ^
[1.141s] 
[1.141s] ./launch/turtle_arena.launch.py:42:1: W293 blank line contains whitespace
[1.141s]         
[1.141s] ^
[1.141s] 
[1.141s] ./launch/turtle_arena.launch.py:43:7: W292 no newline at end of file
[1.142s]     ])      ^
[1.142s] 
[1.142s] 1     E128 continuation line under-indented for visual indent
[1.142s] 2     E202 whitespace before ')'
[1.142s] 28    E225 missing whitespace around operator
[1.142s] 81    E231 missing whitespace after ','
[1.142s] 2     E251 unexpected spaces around keyword / parameter equals
[1.142s] 3     E261 at least two spaces before inline comment
[1.142s] 3     E262 inline comment should start with '# '
[1.142s] 34    E265 block comment should start with '# '
[1.142s] 6     E302 expected 2 blank lines, found 1
[1.142s] 7     E303 too many blank lines (2)
[1.142s] 10    E501 line too long (115 > 99 characters)
[1.142s] 41    F401 'ament_index_python.packages.get_package_share_path' imported but unused
[1.142s] 1     F841 local variable 'use_sim_time' is assigned to but never used
[1.142s] 22    W291 trailing whitespace
[1.142s] 6     W292 no newline at end of file
[1.142s] 26    W293 blank line contains whitespace
[1.143s] 2     W391 blank line at end of file
[1.143s] 
[1.143s] 13 files checked
[1.143s] 275 errors
[1.143s] 
[1.143s] 'E'-type errors: 177
[1.143s] 'F'-type errors: 42
[1.143s] 'W'-type errors: 56
[1.143s] 
[1.143s] Checked files:
[1.143s] 
[1.143s] * ./setup.py
[1.143s] * ./turtle_brick/arena.py
[1.143s] * ./turtle_brick/turtle_robot.py
[1.143s] * ./turtle_brick/catcher.py
[1.143s] * ./turtle_brick/__init__.py
[1.143s] * ./test/math_test.py
[1.144s] * ./test/test_flake8.py
[1.144s] * ./test/test_copyright.py
[1.144s] * ./test/test_pep257.py
[1.144s] * ./test/brick.test.py
[1.144s] * ./launch/show_turtle.launch.py
[1.144s] * ./launch/run_turtle.launch.py
[1.144s] * ./launch/turtle_arena.launch.py
[1.144s] ----------------------------- Captured stderr call -----------------------------
[1.144s] option --max-complexity: please update from optparse string `type=` to argparse callable `type=` -- this will be an error in the future
[1.144s] [31m[1m_________________________________ test_pep257 __________________________________[0m
[1.144s] [1m[31mtest/test_pep257.py[0m:23: in test_pep257
[1.144s]     [94massert[39;49;00m rc == [94m0[39;49;00m, [33m'[39;49;00m[33mFound code style errors / warnings[39;49;00m[33m'[39;49;00m
[1.144s] [1m[31mE   AssertionError: Found code style errors / warnings[0m
[1.144s] [1m[31mE   assert 1 == 0[0m
[1.144s] ----------------------------- Captured stdout call -----------------------------
[1.144s] checking ./launch/run_turtle.launch.py
[1.145s] checking ./launch/show_turtle.launch.py
[1.145s] checking ./launch/turtle_arena.launch.py
[1.145s] checking ./setup.py
[1.145s] checking ./test/brick.test.py
[1.145s] checking ./test/math_test.py
[1.145s] checking ./test/test_copyright.py
[1.145s] checking ./test/test_flake8.py
[1.145s] checking ./test/test_pep257.py
[1.145s] checking ./turtle_brick/__init__.py
[1.145s] checking ./turtle_brick/arena.py
[1.145s] ./turtle_brick/arena.py:22 in public class `BState`: D200: One-line docstring should fit on one line with quotes (found 2)
[1.145s] ./turtle_brick/arena.py:22 in public class `BState`: D204: 1 blank line required after class docstring (found 0)
[1.146s] ./turtle_brick/arena.py:22 in public class `BState`: D210: No whitespaces allowed surrounding docstring text
[1.146s] ./turtle_brick/arena.py:22 in public class `BState`: D213: Multi-line docstring summary should start at the second line
[1.146s] checking ./turtle_brick/catcher.py
[1.146s] ./turtle_brick/catcher.py:18 in public class `State`: D200: One-line docstring should fit on one line with quotes (found 2)
[1.146s] ./turtle_brick/catcher.py:18 in public class `State`: D204: 1 blank line required after class docstring (found 0)
[1.146s] ./turtle_brick/catcher.py:18 in public class `State`: D210: No whitespaces allowed surrounding docstring text
[1.146s] ./turtle_brick/catcher.py:18 in public class `State`: D213: Multi-line docstring summary should start at the second line
[1.146s] ./turtle_brick/catcher.py:18 in public class `State`: D400: First line should end with a period (not 't')
[1.146s] ./turtle_brick/catcher.py:18 in public class `State`: D415: First line should end with a period, question mark, or exclamation point (not 't')
[1.146s] checking ./turtle_brick/turtle_robot.py
[1.146s] checking test/brick.test.py
[1.146s] checking test/math_test.py
[1.146s] checking test/test_copyright.py
[1.146s] checking test/test_flake8.py
[1.146s] checking test/test_pep257.py
[1.146s] 10 errors
[1.146s] - generated xml file: /home/alyssa/homework2-alyssa225/build/turtle_brick/pytest.xml -
[1.147s] =========================== short test summary info ============================
[1.147s] FAILED test/math_test.py::TestMath::test_math_sucsses - TypeError: TestMath.t...
[1.147s] FAILED test/math_test.py::TestMath::test_math_fail - TypeError: TestMath.test...
[1.147s] FAILED test/test_flake8.py::test_flake8 - AssertionError: Found 275 code styl...
[1.147s] FAILED test/test_pep257.py::test_pep257 - AssertionError: Found code style er...
[1.147s] [31m=================== [31m[1m4 failed[0m, [33m1 skipped[0m, [33m2 warnings[0m[31m in 0.52s[0m[31m ===================[0m
[1.147s] [33m=============================== warnings summary ===============================[0m
[1.147s] test/test_flake8.py::test_flake8
[1.147s] test/test_flake8.py::test_flake8
[1.147s]   Warning: SelectableGroups dict interface is deprecated. Use select.
[1.147s] 
[1.147s] -- Docs: https://docs.pytest.org/en/stable/warnings.html
[1.147s] Invoked command in '/home/alyssa/homework2-alyssa225/src/turtle_brick' returned '1': AMENT_PREFIX_PATH=/home/alyssa/homework2-alyssa225/install/turtle_brick:/home/alyssa/homework2-alyssa225/install/turtle_brick_interfaces:/opt/ros/humble PYTEST_ADDOPTS=--tb=short --junit-xml=/home/alyssa/homework2-alyssa225/build/turtle_brick/pytest.xml --junit-prefix=turtle_brick -o cache_dir=/home/alyssa/homework2-alyssa225/build/turtle_brick/.pytest_cache PYTHONPATH=/home/alyssa/homework2-alyssa225/install/turtle_brick/lib/python3.10/site-packages:/home/alyssa/homework2-alyssa225/install/turtle_brick_interfaces/local/lib/python3.10/dist-packages:/opt/ros/humble/lib/python3.10/site-packages:/opt/ros/humble/local/lib/python3.10/dist-packages /usr/bin/python3 -m pytest
