[0.248s] Invoking command in '/home/alyssa/homework2-alyssa225/src/turtle_brick': AMENT_PREFIX_PATH=/home/alyssa/homework2-alyssa225/install/turtle_brick:/home/alyssa/homework2-alyssa225/install/turtle_brick_interfaces:/opt/ros/humble PYTEST_ADDOPTS=--tb=short --junit-xml=/home/alyssa/homework2-alyssa225/build/turtle_brick/pytest.xml --junit-prefix=turtle_brick -o cache_dir=/home/alyssa/homework2-alyssa225/build/turtle_brick/.pytest_cache PYTHONPATH=/home/alyssa/homework2-alyssa225/install/turtle_brick/lib/python3.10/site-packages:/home/alyssa/homework2-alyssa225/install/turtle_brick_interfaces/local/lib/python3.10/dist-packages:/opt/ros/humble/lib/python3.10/site-packages:/opt/ros/humble/local/lib/python3.10/dist-packages /usr/bin/python3 -m pytest
[0.532s] [1m============================= test session starts ==============================[0m
[0.533s] platform linux -- Python 3.10.6, pytest-6.2.5, py-1.10.0, pluggy-0.13.0
[0.537s] cachedir: /home/alyssa/homework2-alyssa225/build/turtle_brick/.pytest_cache
[0.537s] rootdir: /home/alyssa/homework2-alyssa225/src/turtle_brick
[0.537s] plugins: ament-lint-0.12.4, ament-xmllint-0.12.4, launch-testing-ros-0.19.3, launch-testing-1.0.2, ament-flake8-0.12.4, ament-pep257-0.12.4, ament-copyright-0.12.4, colcon-core-0.10.0, cov-3.0.0
[0.620s] [1mcollecting ... [0m[1m
[0.621s] collected 4 items                                                              [0m
[0.621s] 
[0.632s] test/math_test.py [32m.[0m[32m                                                      [ 25%][0m
[0.633s] test/test_copyright.py [33ms[0m[32m                                                 [ 50%][0m
[0.928s] test/test_flake8.py [31mF[0m[31m                                                    [ 75%][0m
[1.003s] test/test_pep257.py [32m.[0m[31m                                                    [100%][0m
[1.003s] 
[1.003s] =================================== FAILURES ===================================
[1.003s] [31m[1m_________________________________ test_flake8 __________________________________[0m
[1.004s] [1m[31mtest/test_flake8.py[0m:23: in test_flake8
[1.042s]     [94massert[39;49;00m rc == [94m0[39;49;00m, \
[1.043s] [1m[31mE   AssertionError: Found 9 code style errors / warnings:[0m
[1.043s] [1m[31mE     ./turtle_brick/arena.py:18:1: W293 blank line contains whitespace[0m
[1.043s] [1m[31mE     ./turtle_brick/arena.py:19:26: W291 trailing whitespace[0m
[1.044s] [1m[31mE     ./turtle_brick/arena.py:35:1: W293 blank line contains whitespace[0m
[1.044s] [1m[31mE     ./turtle_brick/arena.py:39:1: W293 blank line contains whitespace[0m
[1.044s] [1m[31mE     ./turtle_brick/arena.py:52:1: W293 blank line contains whitespace[0m
[1.044s] [1m[31mE     ./turtle_brick/turtle_robot.py:16:1: W293 blank line contains whitespace[0m
[1.044s] [1m[31mE     ./turtle_brick/catcher.py:20:1: W293 blank line contains whitespace[0m
[1.045s] [1m[31mE     ./turtle_brick/catcher.py:28:1: W293 blank line contains whitespace[0m
[1.045s] [1m[31mE     ./turtle_brick/catcher.py:33:1: W293 blank line contains whitespace[0m
[1.045s] [1m[31mE   assert 1 == 0[0m
[1.045s] ----------------------------- Captured stdout call -----------------------------
[1.045s] 
[1.046s] ./turtle_brick/arena.py:18:1: W293 blank line contains whitespace
[1.046s]     """
[1.046s]     Current state of the brick.
[1.046s]     
[1.046s]     Four states of brick. 
[1.047s]         - PLACED: brick is placed
[1.047s]         - DROPPING: brick is dropping with accelleraction od gravity
[1.047s]         - PLATFORM: The platfom of turtle robot is below the brick
[1.047s]         - FLOOR: The turtle robot is not below the brick
[1.047s]     """
[1.047s] ^
[1.048s] 
[1.048s] ./turtle_brick/arena.py:19:26: W291 trailing whitespace
[1.048s]     """
[1.048s]     Current state of the brick.
[1.048s]     
[1.048s]     Four states of brick. 
[1.048s]         - PLACED: brick is placed
[1.049s]         - DROPPING: brick is dropping with accelleraction od gravity
[1.049s]         - PLATFORM: The platfom of turtle robot is below the brick
[1.049s]         - FLOOR: The turtle robot is not below the brick
[1.049s]     """
[1.049s]        
[1.049s]                  ^
[1.049s] 
[1.049s] ./turtle_brick/arena.py:35:1: W293 blank line contains whitespace
[1.050s]     """
[1.050s]     Creates the arena and places brick when called in command line.
[1.050s]     
[1.050s]     Will drop the robot when called in command line.
[1.050s]         -if robot is underneath the brick, the brick will land on the robot
[1.050s]         -if nothing is under brick, brick will land on ground
[1.050s]     
[1.051s]     SUBSCRIPTIONS:
[1.051s]         -robot_sub: continuous robot position
[1.051s]     PUBLISHERS:
[1.051s]         -marker_pub: publishes walls and brick
[1.051s]         -drop_pub: sends placement, drop coordinates
[1.051s]         -platform_pub: sends true if platform is under brick
[1.051s]     SERVICES:
[1.051s]         -Place: place brick at x, y, z location
[1.052s]         -Drop: Empty drops brick
[1.052s]     TRANSFORMS:
[1.052s]         -world_brick: connects brick to world
[1.052s]     """
[1.052s] ^
[1.052s] 
[1.052s] ./turtle_brick/arena.py:39:1: W293 blank line contains whitespace
[1.052s]     """
[1.053s]     Creates the arena and places brick when called in command line.
[1.053s]     
[1.053s]     Will drop the robot when called in command line.
[1.053s]         -if robot is underneath the brick, the brick will land on the robot
[1.053s]         -if nothing is under brick, brick will land on ground
[1.053s]     
[1.053s]     SUBSCRIPTIONS:
[1.053s]         -robot_sub: continuous robot position
[1.054s]     PUBLISHERS:
[1.054s]         -marker_pub: publishes walls and brick
[1.054s]         -drop_pub: sends placement, drop coordinates
[1.054s]         -platform_pub: sends true if platform is under brick
[1.054s]     SERVICES:
[1.054s]         -Place: place brick at x, y, z location
[1.054s]         -Drop: Empty drops brick
[1.055s]     TRANSFORMS:
[1.055s]         -world_brick: connects brick to world
[1.055s]     """
[1.055s] ^
[1.055s] 
[1.055s] ./turtle_brick/arena.py:52:1: W293 blank line contains whitespace
[1.056s]     
[1.056s] ^
[1.056s] 
[1.056s] ./turtle_brick/turtle_robot.py:16:1: W293 blank line contains whitespace
[1.056s]     """
[1.057s]     Creates the turtle_robot and controls joint and translation movements.
[1.057s]     
[1.057s]     Additionally, places it in the world and connects to turtlesim.
[1.057s]     SUBSCRIPTIONS:
[1.057s]         -goal_sub: subscribes to goal_sub and
[1.057s]             recieves the positions that will
[1.057s]             calculate movement towards goal_pose
[1.058s]         -tilt_sub: subscribes to tilt and will
[1.058s]             recieve the angle that the robot platform will tilt to
[1.058s]     PUBLISHERS:
[1.058s]         -joint_state: publishes joint angles of the turtle_robot
[1.058s]         -odom_pub: sends positions and twists
[1.058s]         -vel_pub: sends twist to cmd_vel
[1.059s]         -robot_pub: sends continuous robot pose
[1.059s]             # also just relized I could have potentially taken from odom publisher
[1.059s]             # instead of creating a whole new object and publisher, but too late now
[1.059s]     TRANSFORMS:
[1.059s]         -world_odom: connects odom frame to world frame
[1.059s]         -odom_base_link: connects base_link frame to odom frame
[1.060s]     """
[1.060s] ^
[1.060s] 
[1.060s] ./turtle_brick/catcher.py:20:1: W293 blank line contains whitespace
[1.060s]     
[1.060s] ^
[1.061s] 
[1.061s] ./turtle_brick/catcher.py:28:1: W293 blank line contains whitespace
[1.061s]     """
[1.061s]     Calculates if robot can catch placed brick in time or not.
[1.061s]     
[1.061s]     -If it can catch, robot travels to drop location, catches brick,
[1.061s]         travels back to origin, and tilts brick off
[1.062s]     -If the robot can't reach brick in time, the screen publishes "UNREACHABLE",
[1.062s]         and lets brick fall to ground
[1.062s]     
[1.062s]     SUBSCRIPTIONS:
[1.062s]         -robot_sub:continuous robot position
[1.062s]         -drop_sub: gets placed brick position and sends if drop service is called
[1.063s]         -catch_sub: gets True the brick is caught on the platform
[1.063s]     PUBLISHERS:
[1.063s]         -goal_pose: send pose to turtle robot
[1.063s]         -tilt: send tilt angle to platform on turtle robot
[1.063s] [33m=============================== warnings summary ===============================[0m
[1.063s] test/test_flake8.py::test_flake8
[1.064s] test/test_flake8.py::test_flake8
[1.064s]   Warning: SelectableGroups dict interface is deprecated. Use select.
[1.064s] 
[1.064s] -- Docs: https://docs.pytest.org/en/stable/warnings.html
[1.064s]         -text marker: publishes "UNREACHABLE" if robot can't reach in time
[1.064s]     """
[1.064s] ^
[1.065s] 
[1.065s] ./turtle_brick/catcher.py:33:1: W293 blank line contains whitespace
[1.065s]     """
[1.065s]     Calculates if robot can catch placed brick in time or not.
[1.065s]     
[1.065s]     -If it can catch, robot travels to drop location, catches brick,
[1.065s]         travels back to origin, and tilts brick off
[1.066s]     -If the robot can't reach brick in time, the screen publishes "UNREACHABLE",
[1.066s]         and lets brick fall to ground
[1.066s]     
[1.066s]     SUBSCRIPTIONS:
[1.066s]         -robot_sub:continuous robot position
[1.066s]         -drop_sub: gets placed brick position and sends if drop service is called
[1.066s]         -catch_sub: gets True the brick is caught on the platform
[1.067s]     PUBLISHERS:
[1.067s]         -goal_pose: send pose to turtle robot
[1.067s]         -tilt: send tilt angle to platform on turtle robot
[1.067s]         -text marker: publishes "UNREACHABLE" if robot can't reach in time
[1.067s]     """
[1.067s] ^
[1.067s] 
[1.068s] 1     W291 trailing whitespace
[1.068s] 8     W293 blank line contains whitespace
[1.068s] 
[1.068s] 13 files checked
[1.068s] 9 errors
[1.068s] 
[1.068s] 'W'-type errors: 9
[1.069s] 
[1.069s] Checked files:
[1.069s] 
[1.069s] * ./setup.py
[1.069s] * ./turtle_brick/arena.py
[1.069s] * ./turtle_brick/turtle_robot.py
[1.069s] * ./turtle_brick/catcher.py
[1.070s] * ./turtle_brick/__init__.py
[1.070s] * ./test/math_test.py
[1.070s] * ./test/test_flake8.py
[1.070s] * ./test/test_copyright.py
[1.070s] * ./test/test_pep257.py
[1.070s] * ./test/brick.test.py
[1.070s] * ./launch/show_turtle.launch.py
[1.071s] * ./launch/run_turtle.launch.py
[1.071s] * ./launch/turtle_arena.launch.py
[1.071s] ----------------------------- Captured stderr call -----------------------------
[1.071s] option --max-complexity: please update from optparse string `type=` to argparse callable `type=` -- this will be an error in the future
[1.071s] - generated xml file: /home/alyssa/homework2-alyssa225/build/turtle_brick/pytest.xml -
[1.071s] =========================== short test summary info ============================
[1.071s] FAILED test/test_flake8.py::test_flake8 - AssertionError: Found 9 code style ...
[1.072s] [31m============== [31m[1m1 failed[0m, [32m2 passed[0m, [33m1 skipped[0m, [33m2 warnings[0m[31m in 0.51s[0m[31m ==============[0m
[1.117s] Invoked command in '/home/alyssa/homework2-alyssa225/src/turtle_brick' returned '1': AMENT_PREFIX_PATH=/home/alyssa/homework2-alyssa225/install/turtle_brick:/home/alyssa/homework2-alyssa225/install/turtle_brick_interfaces:/opt/ros/humble PYTEST_ADDOPTS=--tb=short --junit-xml=/home/alyssa/homework2-alyssa225/build/turtle_brick/pytest.xml --junit-prefix=turtle_brick -o cache_dir=/home/alyssa/homework2-alyssa225/build/turtle_brick/.pytest_cache PYTHONPATH=/home/alyssa/homework2-alyssa225/install/turtle_brick/lib/python3.10/site-packages:/home/alyssa/homework2-alyssa225/install/turtle_brick_interfaces/local/lib/python3.10/dist-packages:/opt/ros/humble/lib/python3.10/site-packages:/opt/ros/humble/local/lib/python3.10/dist-packages /usr/bin/python3 -m pytest
