[0.307s] Invoking command in '/home/alyssa/homework2-alyssa225/src/turtle_brick': AMENT_PREFIX_PATH=/home/alyssa/homework2-alyssa225/install/turtle_brick:/home/alyssa/homework2-alyssa225/install/turtle_brick_interfaces:/opt/ros/humble PYTEST_ADDOPTS=--tb=short --junit-xml=/home/alyssa/homework2-alyssa225/build/turtle_brick/pytest.xml --junit-prefix=turtle_brick -o cache_dir=/home/alyssa/homework2-alyssa225/build/turtle_brick/.pytest_cache PYTHONPATH=/home/alyssa/homework2-alyssa225/install/turtle_brick/lib/python3.10/site-packages:/home/alyssa/homework2-alyssa225/install/turtle_brick_interfaces/local/lib/python3.10/dist-packages:/opt/ros/humble/lib/python3.10/site-packages:/opt/ros/humble/local/lib/python3.10/dist-packages /usr/bin/python3 -m pytest
[0.641s] [1m============================= test session starts ==============================[0m
[0.641s] platform linux -- Python 3.10.6, pytest-6.2.5, py-1.10.0, pluggy-0.13.0
[0.648s] cachedir: /home/alyssa/homework2-alyssa225/build/turtle_brick/.pytest_cache
[0.648s] rootdir: /home/alyssa/homework2-alyssa225/src/turtle_brick
[0.648s] plugins: ament-lint-0.12.4, ament-xmllint-0.12.4, launch-testing-ros-0.19.3, launch-testing-1.0.2, ament-flake8-0.12.4, ament-pep257-0.12.4, ament-copyright-0.12.4, colcon-core-0.10.0, cov-3.0.0
[0.749s] [1mcollecting ... [0m[1m
[0.749s] collected 4 items                                                              [0m
[0.749s] 
[0.760s] test/math_test.py [32m.[0m[32m                                                      [ 25%][0m
[0.761s] test/test_copyright.py [33ms[0m[32m                                                 [ 50%][0m
[1.019s] test/test_flake8.py [31mF[0m[31m                                                    [ 75%][0m
[1.180s] test/test_pep257.py [31mF[0m[31m                                                    [100%][0m
[1.180s] 
[1.181s] =================================== FAILURES ===================================
[1.181s] [31m[1m_________________________________ test_flake8 __________________________________[0m
[1.181s] [1m[31mtest/test_flake8.py[0m:23: in test_flake8
[1.235s]     [94massert[39;49;00m rc == [94m0[39;49;00m, \
[1.235s] [1m[31mE   AssertionError: Found 4 code style errors / warnings:[0m
[1.235s] [1m[31mE     ./turtle_brick/arena.py:18:26: W291 trailing whitespace[0m
[1.236s] [1m[31mE     ./turtle_brick/arena.py:37:1: W293 blank line contains whitespace[0m
[1.236s] [1m[31mE     ./turtle_brick/turtle_robot.py:17:1: W293 blank line contains whitespace[0m
[1.236s] [1m[31mE     ./turtle_brick/catcher.py:30:1: W293 blank line contains whitespace[0m
[1.236s] [1m[31mE   assert 1 == 0[0m
[1.236s] ----------------------------- Captured stdout call -----------------------------
[1.236s] 
[1.237s] ./turtle_brick/arena.py:18:26: W291 trailing whitespace
[1.237s]     """Current state of the brick.
[1.237s] 
[1.237s]     Four states of brick. 
[1.237s]         PLACED: brick is placed
[1.237s]         DROPPING: brick is dropping with accelleraction od gravity
[1.237s]         PLATFORM: The platfom of turtle robot is below the brick
[1.238s]         FLOOR: The turtle robot is not below the brick
[1.238s]     """
[1.238s]                          ^
[1.238s] 
[1.238s] ./turtle_brick/arena.py:37:1: W293 blank line contains whitespace
[1.238s]     """Creates the arena and places brick when called in command line.
[1.238s] 
[1.239s]     Will drop the robot when called in command line.
[1.239s]         -if robot is underneath the brick, the brick will land on the robot
[1.239s]         -if nothing is under brick, brick will land on ground
[1.239s]     
[1.239s]     SUBSCRIPTIONS:
[1.239s]         -robot_sub: continuous robot position
[1.239s]     PUBLISHERS:
[1.240s]         -marker_pub: publishes walls and brick
[1.240s]         -drop_pub: sends placement, drop coordinates
[1.240s]         -platform_pub: sends true if platform is under brick
[1.240s]     SERVICES:
[1.240s]         -Place: place brick at x, y, z location
[1.240s]         -Drop: Empty drops brick
[1.240s]     TRANSFORMS:
[1.241s]         -world_brick: connects brick to world
[1.241s]     """
[1.241s] ^
[1.241s] 
[1.241s] ./turtle_brick/turtle_robot.py:17:1: W293 blank line contains whitespace
[1.241s]     """
[1.241s]     Creates the turtle_robot and controls joint and translation movements.
[1.241s]     Additionally, places it in the world and connects to turtlesim.
[1.242s]     
[1.242s]     SUBSCRIPTIONS:
[1.242s]         -goal_sub: subscribes to goal_sub and
[1.242s]             recieves the positions that will
[1.242s]             calculate movement towards goal_pose
[1.242s]         -tilt_sub: subscribes to tilt and will
[1.242s]             recieve the angle that the robot platform will tilt to
[1.243s]     PUBLISHERS:
[1.243s]         -joint_state: publishes joint angles of the turtle_robot
[1.243s]         -odom_pub: sends positions and twists
[1.243s]         -vel_pub: sends twist to cmd_vel
[1.243s]         -robot_pub: sends continuous robot pose
[1.243s]             # also just relized I could have potentially taken from odom publisher
[1.244s]             # instead of creating a whole new object and publisher, but too late now
[1.244s]     TRANSFORMS:
[1.244s]         -world_odom: connects odom frame to world frame
[1.244s]         -odom_base_link: connects base_link frame to odom frame
[1.244s]     """
[1.244s] ^
[1.245s] 
[1.245s] ./turtle_brick/catcher.py:30:1: W293 blank line contains whitespace
[1.245s]     """
[1.245s]     Calculates if robot can catch placed brick in time or not.
[1.245s]     -If it can catch, robot travels to drop location, catches brick,
[1.245s]         travels back to origin, and tilts brick off
[1.246s]     -If the robot can't reach brick in time, the screen publishes "UNREACHABLE",
[1.246s]         and lets brick fall to ground
[1.246s]     
[1.246s]     SUBSCRIPTIONS:
[1.246s]         -robot_sub:continuous robot position
[1.246s]         -drop_sub: gets placed brick position and sends if drop service is called
[1.247s]         -catch_sub: gets True the brick is caught on the platform
[1.247s]     PUBLISHERS:
[1.247s]         -goal_pose: send pose to turtle robot
[1.247s]         -tilt: send tilt angle to platform on turtle robot
[1.247s]         -text marker: publishes "UNREACHABLE" if robot can't reach in time
[1.247s]     """
[1.247s] ^
[1.248s] 
[1.248s] 1     W291 trailing whitespace
[1.248s] 3     W293 blank line contains whitespace
[1.248s] 
[1.248s] 13 files checked
[1.248s] 4 errors
[1.249s] 
[1.249s] 'W'-type errors: 4
[1.249s] 
[1.249s] Checked files:
[1.249s] 
[1.249s] * ./setup.py
[1.249s] * ./turtle_brick/arena.py
[1.250s] * ./turtle_brick/turtle_robot.py
[1.250s] * ./turtle_brick/catcher.py
[1.250s] * ./turtle_brick/__init__.py
[1.250s] * ./test/math_test.py
[1.250s] * ./test/test_flake8.py
[1.250s] * ./test/test_copyright.py
[1.250s] * ./test/test_pep257.py
[1.251s] * ./test/brick.test.py
[1.251s] * ./launch/show_turtle.launch.py
[1.251s] * ./launch/run_turtle.launch.py
[1.251s] * ./launch/turtle_arena.launch.py
[1.251s] ----------------------------- Captured stderr call -----------------------------
[1.251s] option --max-complexity: please update from optparse string `type=` to argparse callable `type=` -- this will be an error in the future
[1.251s] [31m[1m_________________________________ test_pep257 __________________________________[0m
[1.252s] [1m[31mtest/test_pep257.py[0m:23: in test_pep257
[1.252s]     [94massert[39;49;00m rc == [94m0[39;49;00m, [33m'[39;49;00m[33mFound code style errors / warnings[39;49;00m[33m'[39;49;00m
[1.252s] [1m[31mE   AssertionError: Found code style errors / warnings[0m
[1.252s] [1m[31mE   assert 1 == 0[0m
[1.252s] ----------------------------- Captured stdout call -----------------------------
[1.252s] checking ./launch/run_turtle.launch.py
[1.252s] checking ./launch/show_turtle.launch.py
[1.253s] checking ./launch/turtle_arena.launch.py
[1.253s] checking ./setup.py
[1.253s] checking ./test/brick.test.py
[1.253s] checking ./test/math_test.py
[1.253s] checking ./test/test_copyright.py
[1.253s] checking ./test/test_flake8.py
[1.253s] checking ./test/test_pep257.py
[1.254s] checking ./turtle_brick/__init__.py
[1.254s] checking ./turtle_brick/arena.py
[1.254s] ./turtle_brick/arena.py:16 in public class `BState`: D213: Multi-line docstring summary should start at the second line
[1.254s] ./turtle_brick/arena.py:32 in public class `Arena`: D213: Multi-line docstring summary should start at the second line
[1.254s] checking ./turtle_brick/catcher.py
[1.254s] ./turtle_brick/catcher.py:13 in public class `State`: D204: 1 blank line required after class docstring (found 0)
[1.254s] ./turtle_brick/catcher.py:24 in public class `Catcher`: D205: 1 blank line required between summary line and description (found 0)
[1.255s] checking ./turtle_brick/turtle_robot.py
[1.255s] ./turtle_brick/turtle_robot.py:14 in public class `Turtle_robot`: D204: 1 blank line required after class docstring (found 0)
[1.255s] ./turtle_brick/turtle_robot.py:14 in public class `Turtle_robot`: D205: 1 blank line required between summary line and description (found 0)
[1.255s] checking test/brick.test.py
[1.255s] checking test/math_test.py
[1.255s] checking test/test_copyright.py
[1.255s] checking test/test_flake8.py
[1.256s] checking test/test_pep257.py
[1.256s] 6 errors
[1.256s] [33m=============================== warnings summary ===============================[0m
[1.256s] test/test_flake8.py::test_flake8
[1.256s] test/test_flake8.py::test_flake8
[1.256s]   Warning: SelectableGroups dict interface is deprecated. Use select.
[1.257s] 
[1.257s] -- Docs: https://docs.pytest.org/en/stable/warnings.html
[1.257s] - generated xml file: /home/alyssa/homework2-alyssa225/build/turtle_brick/pytest.xml -
[1.257s] =========================== short test summary info ============================
[1.257s] FAILED test/test_flake8.py::test_flake8 - AssertionError: Found 4 code style ...
[1.257s] FAILED test/test_pep257.py::test_pep257 - AssertionError: Found code style er...
[1.257s] [31m============== [31m[1m2 failed[0m, [32m1 passed[0m, [33m1 skipped[0m, [33m2 warnings[0m[31m in 0.59s[0m[31m ==============[0m
[1.312s] Invoked command in '/home/alyssa/homework2-alyssa225/src/turtle_brick' returned '1': AMENT_PREFIX_PATH=/home/alyssa/homework2-alyssa225/install/turtle_brick:/home/alyssa/homework2-alyssa225/install/turtle_brick_interfaces:/opt/ros/humble PYTEST_ADDOPTS=--tb=short --junit-xml=/home/alyssa/homework2-alyssa225/build/turtle_brick/pytest.xml --junit-prefix=turtle_brick -o cache_dir=/home/alyssa/homework2-alyssa225/build/turtle_brick/.pytest_cache PYTHONPATH=/home/alyssa/homework2-alyssa225/install/turtle_brick/lib/python3.10/site-packages:/home/alyssa/homework2-alyssa225/install/turtle_brick_interfaces/local/lib/python3.10/dist-packages:/opt/ros/humble/lib/python3.10/site-packages:/opt/ros/humble/local/lib/python3.10/dist-packages /usr/bin/python3 -m pytest
