[0.254s] Invoking command in '/home/alyssa/homework2-alyssa225/src/turtle_brick': AMENT_PREFIX_PATH=/home/alyssa/homework2-alyssa225/install/turtle_brick:/home/alyssa/homework2-alyssa225/install/turtle_brick_interfaces:/opt/ros/humble PYTEST_ADDOPTS=--tb=short --junit-xml=/home/alyssa/homework2-alyssa225/build/turtle_brick/pytest.xml --junit-prefix=turtle_brick -o cache_dir=/home/alyssa/homework2-alyssa225/build/turtle_brick/.pytest_cache PYTHONPATH=/home/alyssa/homework2-alyssa225/install/turtle_brick/lib/python3.10/site-packages:/home/alyssa/homework2-alyssa225/install/turtle_brick_interfaces/local/lib/python3.10/dist-packages:/opt/ros/humble/lib/python3.10/site-packages:/opt/ros/humble/local/lib/python3.10/dist-packages /usr/bin/python3 -m pytest
[0.529s] [1m============================= test session starts ==============================[0m
[0.529s] platform linux -- Python 3.10.6, pytest-6.2.5, py-1.10.0, pluggy-0.13.0
[0.534s] cachedir: /home/alyssa/homework2-alyssa225/build/turtle_brick/.pytest_cache
[0.534s] rootdir: /home/alyssa/homework2-alyssa225/src/turtle_brick
[0.534s] plugins: ament-lint-0.12.4, ament-xmllint-0.12.4, launch-testing-ros-0.19.3, launch-testing-1.0.2, ament-flake8-0.12.4, ament-pep257-0.12.4, ament-copyright-0.12.4, colcon-core-0.10.0, cov-3.0.0
[0.602s] [1mcollecting ... [0m[1m
[0.602s] collected 5 items                                                              [0m
[0.602s] 
[0.755s] test/math_test.py [31mF[0m[31mF[0m[31m                                                     [ 40%][0m
[0.756s] test/test_copyright.py [33ms[0m[31m                                                 [ 60%][0m
[0.926s] test/test_flake8.py [31mF[0m[31m                                                    [ 80%][0m
[0.991s] test/test_pep257.py [31mF[0m[31m                                                    [100%][0m
[0.991s] 
[0.991s] =================================== FAILURES ===================================
[0.991s] [31m[1m__________________________ TestMath.test_math_sucsses __________________________[0m
[0.991s] [1m[31m/usr/lib/python3/dist-packages/_pytest/runner.py[0m:311: in from_call
[1.027s]     result: Optional[TResult] = func()
[1.027s] [1m[31m/usr/lib/python3/dist-packages/_pytest/runner.py[0m:255: in <lambda>
[1.028s]     [94mlambda[39;49;00m: ihook(item=item, **kwds), when=when, reraise=reraise
[1.028s] [1m[31m/usr/lib/python3/dist-packages/pluggy/hooks.py[0m:286: in __call__
[1.028s]     [94mreturn[39;49;00m [96mself[39;49;00m._hookexec([96mself[39;49;00m, [96mself[39;49;00m.get_hookimpls(), kwargs)
[1.029s] [1m[31m/usr/lib/python3/dist-packages/pluggy/manager.py[0m:92: in _hookexec
[1.029s]     [94mreturn[39;49;00m [96mself[39;49;00m._inner_hookexec(hook, methods, kwargs)
[1.029s] [1m[31m/usr/lib/python3/dist-packages/pluggy/manager.py[0m:83: in <lambda>
[1.029s]     [96mself[39;49;00m._inner_hookexec = [94mlambda[39;49;00m hook, methods, kwargs: hook.multicall(
[1.029s] [1m[31m/usr/lib/python3/dist-packages/_pytest/runner.py[0m:170: in pytest_runtest_call
[1.030s]     [94mraise[39;49;00m e
[1.030s] [1m[31m/usr/lib/python3/dist-packages/_pytest/runner.py[0m:162: in pytest_runtest_call
[1.030s]     item.runtest()
[1.030s] [1m[31m/usr/lib/python3/dist-packages/_pytest/python.py[0m:1641: in runtest
[1.030s]     [96mself[39;49;00m.ihook.pytest_pyfunc_call(pyfuncitem=[96mself[39;49;00m)
[1.030s] [1m[31m/usr/lib/python3/dist-packages/pluggy/hooks.py[0m:286: in __call__
[1.030s]     [94mreturn[39;49;00m [96mself[39;49;00m._hookexec([96mself[39;49;00m, [96mself[39;49;00m.get_hookimpls(), kwargs)
[1.030s] [1m[31m/usr/lib/python3/dist-packages/pluggy/manager.py[0m:92: in _hookexec
[1.031s]     [94mreturn[39;49;00m [96mself[39;49;00m._inner_hookexec(hook, methods, kwargs)
[1.031s] [1m[31m/usr/lib/python3/dist-packages/pluggy/manager.py[0m:83: in <lambda>
[1.031s]     [96mself[39;49;00m._inner_hookexec = [94mlambda[39;49;00m hook, methods, kwargs: hook.multicall(
[1.031s] [1m[31m/usr/lib/python3/dist-packages/_pytest/python.py[0m:183: in pytest_pyfunc_call
[1.031s]     result = testfunction(**testargs)
[1.031s] [1m[31mE   TypeError: TestMath.test_math_sucsses() takes 0 positional arguments but 1 was given[0m
[1.031s] [31m[1m___________________________ TestMath.test_math_fail ____________________________[0m
[1.032s] [1m[31m/usr/lib/python3/dist-packages/_pytest/runner.py[0m:311: in from_call
[1.032s]     result: Optional[TResult] = func()
[1.032s] [1m[31m/usr/lib/python3/dist-packages/_pytest/runner.py[0m:255: in <lambda>
[1.032s]     [94mlambda[39;49;00m: ihook(item=item, **kwds), when=when, reraise=reraise
[1.032s] [1m[31m/usr/lib/python3/dist-packages/pluggy/hooks.py[0m:286: in __call__
[1.032s]     [94mreturn[39;49;00m [96mself[39;49;00m._hookexec([96mself[39;49;00m, [96mself[39;49;00m.get_hookimpls(), kwargs)
[1.033s] [1m[31m/usr/lib/python3/dist-packages/pluggy/manager.py[0m:92: in _hookexec
[1.033s]     [94mreturn[39;49;00m [96mself[39;49;00m._inner_hookexec(hook, methods, kwargs)
[1.033s] [1m[31m/usr/lib/python3/dist-packages/pluggy/manager.py[0m:83: in <lambda>
[1.033s]     [96mself[39;49;00m._inner_hookexec = [94mlambda[39;49;00m hook, methods, kwargs: hook.multicall(
[1.033s] [1m[31m/usr/lib/python3/dist-packages/_pytest/runner.py[0m:170: in pytest_runtest_call
[1.033s]     [94mraise[39;49;00m e
[1.034s] [1m[31m/usr/lib/python3/dist-packages/_pytest/runner.py[0m:162: in pytest_runtest_call
[1.034s]     item.runtest()
[1.034s] [1m[31m/usr/lib/python3/dist-packages/_pytest/python.py[0m:1641: in runtest
[1.035s]     [96mself[39;49;00m.ihook.pytest_pyfunc_call(pyfuncitem=[96mself[39;49;00m)
[1.035s] [1m[31m/usr/lib/python3/dist-packages/pluggy/hooks.py[0m:286: in __call__
[1.035s]     [94mreturn[39;49;00m [96mself[39;49;00m._hookexec([96mself[39;49;00m, [96mself[39;49;00m.get_hookimpls(), kwargs)
[1.036s] [1m[31m/usr/lib/python3/dist-packages/pluggy/manager.py[0m:92: in _hookexec
[1.036s]     [94mreturn[39;49;00m [96mself[39;49;00m._inner_hookexec(hook, methods, kwargs)
[1.036s] [1m[31m/usr/lib/python3/dist-packages/pluggy/manager.py[0m:83: in <lambda>
[1.037s]     [96mself[39;49;00m._inner_hookexec = [94mlambda[39;49;00m hook, methods, kwargs: hook.multicall(
[1.039s] [1m[31m/usr/lib/python3/dist-packages/_pytest/python.py[0m:183: in pytest_pyfunc_call
[1.044s]     result = testfunction(**testargs)
[1.044s] [1m[31mE   TypeError: TestMath.test_math_fail() takes 0 positional arguments but 1 was given[0m
[1.044s] [31m[1m_________________________________ test_flake8 __________________________________[0m
[1.045s] [1m[31mtest/test_flake8.py[0m:23: in test_flake8
[1.045s]     [94massert[39;49;00m rc == [94m0[39;49;00m, \
[1.045s] [1m[31mE   AssertionError: Found 285 code style errors / warnings:[0m
[1.045s] [1m[31mE     ./setup.py:3:1: F401 'setuptools.find_packages' imported but unused[0m
[1.045s] [1m[31mE     ./setup.py:14:100: E501 line too long (174 > 99 characters)[0m
[1.045s] [1m[31mE     ./setup.py:18:43: E231 missing whitespace after ','[0m
[1.045s] [1m[31mE     ./setup.py:24:28: E231 missing whitespace after ','[0m
[1.045s] [1m[31mE     ./turtle_brick/arena.py:1:1: F401 'xmlrpc.client.Boolean' imported but unused[0m
[1.045s] [1m[31mE     ./turtle_brick/arena.py:5:1: F401 'tf2_ros.static_transform_broadcaster.StaticTransformBroadcaster' imported but unused[0m
[1.045s] [1m[31mE     ./turtle_brick/arena.py:9:1: F401 'math.pi' imported but unused[0m
[1.045s] [1m[31mE     ./turtle_brick/arena.py:10:1: F401 'turtle_brick_interfaces.srv.Drop' imported but unused[0m
[1.046s] [1m[31mE     ./turtle_brick/arena.py:11:1: F401 'turtle_brick_interfaces.msg.Tilt' imported but unused[0m
[1.046s] [1m[31mE     ./turtle_brick/arena.py:12:42: W291 trailing whitespace[0m
[1.046s] [1m[31mE     ./turtle_brick/arena.py:14:1: F401 'visualization_msgs.msg.MarkerArray' imported but unused[0m
[1.046s] [1m[31mE     ./turtle_brick/arena.py:18:1: E265 block comment should start with '# '[0m
[1.046s] [1m[31mE     ./turtle_brick/arena.py:21:1: E302 expected 2 blank lines, found 1[0m
[1.046s] [1m[31mE     ./turtle_brick/arena.py:29:1: E302 expected 2 blank lines, found 1[0m
[1.046s] [1m[31mE     ./turtle_brick/arena.py:39:53: W291 trailing whitespace[0m
[1.046s] [1m[31mE     ./turtle_brick/arena.py:49:9: E265 block comment should start with '# '[0m
[1.046s] [1m[31mE     ./turtle_brick/arena.py:50:33: W291 trailing whitespace[0m
[1.046s] [1m[31mE     ./turtle_brick/arena.py:55:32: E231 missing whitespace after ','[0m
[1.046s] [1m[31mE     ./turtle_brick/arena.py:56:27: E231 missing whitespace after ','[0m
[1.046s] [1m[31mE     ./turtle_brick/arena.py:63:9: E265 block comment should start with '# '[0m
[1.046s] [1m[31mE     ./turtle_brick/arena.py:70:9: E265 block comment should start with '# '[0m
[1.046s] [1m[31mE     ./turtle_brick/arena.py:71:55: E231 missing whitespace after ','[0m
[1.046s] [1m[31mE     ./turtle_brick/arena.py:71:64: E231 missing whitespace after ','[0m
[1.047s] [1m[31mE     ./turtle_brick/arena.py:71:84: E231 missing whitespace after ','[0m
[1.047s] [1m[31mE     ./turtle_brick/arena.py:72:9: E265 block comment should start with '# '[0m
[1.047s] [1m[31mE     ./turtle_brick/arena.py:73:55: E231 missing whitespace after ','[0m
[1.047s] [1m[31mE     ./turtle_brick/arena.py:73:65: E231 missing whitespace after ','[0m
[1.047s] [1m[31mE     ./turtle_brick/arena.py:74:54: E231 missing whitespace after ','[0m
[1.047s] [1m[31mE     ./turtle_brick/arena.py:74:62: E231 missing whitespace after ','[0m
[1.047s] [1m[31mE     ./turtle_brick/arena.py:75:55: E231 missing whitespace after ','[0m
[1.047s] [1m[31mE     ./turtle_brick/arena.py:75:64: E231 missing whitespace after ','[0m
[1.047s] [1m[31mE     ./turtle_brick/arena.py:78:1: W293 blank line contains whitespace[0m
[1.047s] [1m[31mE     ./turtle_brick/arena.py:81:1: W293 blank line contains whitespace[0m
[1.047s] [1m[31mE     ./turtle_brick/arena.py:82:9: E265 block comment should start with '# '[0m
[1.047s] [1m[31mE     ./turtle_brick/arena.py:83:47: E231 missing whitespace after ','[0m
[1.047s] [1m[31mE     ./turtle_brick/arena.py:83:56: E231 missing whitespace after ','[0m
[1.047s] [1m[31mE     ./turtle_brick/arena.py:84:46: E231 missing whitespace after ','[0m
[1.047s] [1m[31mE     ./turtle_brick/arena.py:84:54: E231 missing whitespace after ','[0m
[1.048s] [1m[31mE     ./turtle_brick/arena.py:85:1: W293 blank line contains whitespace[0m
[1.048s] [1m[31mE     ./turtle_brick/arena.py:86:9: E265 block comment should start with '# '[0m
[1.048s] [1m[31mE     ./turtle_brick/arena.py:103:9: E265 block comment should start with '# '[0m
[1.048s] [1m[31mE     ./turtle_brick/arena.py:189:9: E303 too many blank lines (2)[0m
[1.048s] [1m[31mE     ./turtle_brick/arena.py:189:9: E265 block comment should start with '# '[0m
[1.048s] [1m[31mE     ./turtle_brick/arena.py:192:26: W291 trailing whitespace[0m
[1.048s] [1m[31mE     ./turtle_brick/arena.py:205:42: E231 missing whitespace after ','[0m
[1.048s] [1m[31mE     ./turtle_brick/arena.py:207:37: E231 missing whitespace after ','[0m
[1.048s] [1m[31mE     ./turtle_brick/arena.py:208:35: E231 missing whitespace after ','[0m
[1.048s] [1m[31mE     ./turtle_brick/arena.py:208:45: E231 missing whitespace after ','[0m
[1.048s] [1m[31mE     ./turtle_brick/arena.py:211:1: W293 blank line contains whitespace[0m
[1.048s] [1m[31mE     ./turtle_brick/arena.py:212:28: E231 missing whitespace after ','[0m
[1.048s] [1m[31mE     ./turtle_brick/arena.py:219:24: E225 missing whitespace around operator[0m
[1.048s] [1m[31mE     ./turtle_brick/arena.py:221:48: E231 missing whitespace after ','[0m
[1.048s] [1m[31mE     ./turtle_brick/arena.py:221:65: E231 missing whitespace after ','[0m
[1.049s] [1m[31mE     ./turtle_brick/arena.py:223:46: E231 missing whitespace after ','[0m
[1.049s] [1m[31mE     ./turtle_brick/arena.py:223:61: E231 missing whitespace after ','[0m
[1.049s] [1m[31mE     ./turtle_brick/arena.py:225:36: E231 missing whitespace after ','[0m
[1.049s] [1m[31mE     ./turtle_brick/arena.py:226:13: E225 missing whitespace around operator[0m
[1.049s] [1m[31mE     ./turtle_brick/arena.py:236:9: E265 block comment should start with '# '[0m
[1.049s] [1m[31mE     ./turtle_brick/arena.py:253:58: E225 missing whitespace around operator[0m
[1.049s] [1m[31mE     ./turtle_brick/arena.py:256:1: W293 blank line contains whitespace[0m
[1.049s] [1m[31mE     ./turtle_brick/arena.py:257:1: W293 blank line contains whitespace[0m
[1.049s] [1m[31mE     ./turtle_brick/arena.py:258:5: E303 too many blank lines (2)[0m
[1.049s] [1m[31mE     ./turtle_brick/arena.py:258:23: E231 missing whitespace after ','[0m
[1.049s] [1m[31mE     ./turtle_brick/arena.py:258:25: E231 missing whitespace after ','[0m
[1.049s] [1m[31mE     ./turtle_brick/arena.py:258:27: E231 missing whitespace after ','[0m
[1.049s] [1m[31mE     ./turtle_brick/arena.py:263:1: W293 blank line contains whitespace[0m
[1.049s] [1m[31mE     ./turtle_brick/arena.py:270:25: E231 missing whitespace after ','[0m
[1.049s] [1m[31mE     ./turtle_brick/arena.py:270:27: E231 missing whitespace after ','[0m
[1.049s] [1m[31mE     ./turtle_brick/arena.py:272:30: W291 trailing whitespace[0m
[1.050s] [1m[31mE     ./turtle_brick/arena.py:274:42: E225 missing whitespace around operator[0m
[1.050s] [1m[31mE     ./turtle_brick/arena.py:275:65: E261 at least two spaces before inline comment[0m
[1.050s] [1m[31mE     ./turtle_brick/arena.py:275:66: E262 inline comment should start with '# '[0m
[1.050s] [1m[31mE     ./turtle_brick/arena.py:275:100: E501 line too long (100 > 99 characters)[0m
[1.050s] [1m[31mE     ./turtle_brick/arena.py:292:9: E225 missing whitespace around operator[0m
[1.050s] [1m[31mE     ./turtle_brick/arena.py:294:19: W291 trailing whitespace[0m
[1.050s] [1m[31mE     ./turtle_brick/arena.py:295:1: W391 blank line at end of file[0m
[1.050s] [1m[31mE     ./turtle_brick/turtle_robot.py:2:1: F401 'tokenize.Double' imported but unused[0m
[1.050s] [1m[31mE     ./turtle_brick/turtle_robot.py:2:1: F401 'tokenize.String' imported but unused[0m
[1.050s] [1m[31mE     ./turtle_brick/turtle_robot.py:9:34: W291 trailing whitespace[0m
[1.050s] [1m[31mE     ./turtle_brick/turtle_robot.py:10:1: F401 'geometry_msgs.msg.Vector3' imported but unused[0m
[1.050s] [1m[31mE     ./turtle_brick/turtle_robot.py:11:1: F401 'visualization_msgs.msg.Marker' imported but unused[0m
[1.050s] [1m[31mE     ./turtle_brick/turtle_robot.py:11:42: W291 trailing whitespace[0m
[1.050s] [1m[31mE     ./turtle_brick/turtle_robot.py:12:45: W291 trailing whitespace[0m
[1.051s] [1m[31mE     ./turtle_brick/turtle_robot.py:13:12: W291 trailing whitespace[0m
[1.051s] [1m[31mE     ./turtle_brick/turtle_robot.py:14:1: E265 block comment should start with '# '[0m
[1.051s] [1m[31mE     ./turtle_brick/turtle_robot.py:16:1: E302 expected 2 blank lines, found 1[0m
[1.051s] [1m[31mE     ./turtle_brick/turtle_robot.py:18:75: W291 trailing whitespace[0m
[1.051s] [1m[31mE     ./turtle_brick/turtle_robot.py:19:68: W291 trailing whitespace[0m
[1.051s] [1m[31mE     ./turtle_brick/turtle_robot.py:21:46: W291 trailing whitespace[0m
[1.051s] [1m[31mE     ./turtle_brick/turtle_robot.py:22:45: W291 trailing whitespace[0m
[1.051s] [1m[31mE     ./turtle_brick/turtle_robot.py:24:47: W291 trailing whitespace[0m
[1.051s] [1m[31mE     ./turtle_brick/turtle_robot.py:28:46: W291 trailing whitespace[0m
[1.051s] [1m[31mE     ./turtle_brick/turtle_robot.py:30:48: W291 trailing whitespace[0m
[1.051s] [1m[31mE     ./turtle_brick/turtle_robot.py:31:83: W291 trailing whitespace[0m
[1.051s] [1m[31mE     ./turtle_brick/turtle_robot.py:34:56: W291 trailing whitespace[0m
[1.051s] [1m[31mE     ./turtle_brick/turtle_robot.py:39:9: E265 block comment should start with '# '[0m
[1.051s] [1m[31mE     ./turtle_brick/turtle_robot.py:40:33: W291 trailing whitespace[0m
[1.051s] [1m[31mE     ./turtle_brick/turtle_robot.py:45:32: E231 missing whitespace after ','[0m
[1.052s] [1m[31mE     ./turtle_brick/turtle_robot.py:46:27: E231 missing whitespace after ','[0m
[1.052s] [1m[31mE     ./turtle_brick/turtle_robot.py:56:65: E231 missing whitespace after ','[0m
[1.052s] [1m[31mE     ./turtle_brick/turtle_robot.py:56:81: E231 missing whitespace after ','[0m
[1.052s] [1m[31mE     ./turtle_brick/turtle_robot.py:57:55: E231 missing whitespace after ','[0m
[1.052s] [1m[31mE     ./turtle_brick/turtle_robot.py:57:63: E231 missing whitespace after ','[0m
[1.052s] [1m[31mE     ./turtle_brick/turtle_robot.py:58:51: E231 missing whitespace after ','[0m
[1.052s] [1m[31mE     ./turtle_brick/turtle_robot.py:58:62: E231 missing whitespace after ','[0m
[1.052s] [1m[31mE     ./turtle_brick/turtle_robot.py:59:52: E231 missing whitespace after ','[0m
[1.052s] [1m[31mE     ./turtle_brick/turtle_robot.py:59:61: E231 missing whitespace after ','[0m
[1.052s] [1m[31mE     ./turtle_brick/turtle_robot.py:61:61: E231 missing whitespace after ','[0m
[1.052s] [1m[31mE     ./turtle_brick/turtle_robot.py:61:74: E231 missing whitespace after ','[0m
[1.052s] [1m[31mE     ./turtle_brick/turtle_robot.py:61:93: E231 missing whitespace after ','[0m
[1.052s] [1m[31mE     ./turtle_brick/turtle_robot.py:62:54: E231 missing whitespace after ','[0m
[1.052s] [1m[31mE     ./turtle_brick/turtle_robot.py:62:62: E231 missing whitespace after ','[0m
[1.052s] [1m[31mE     ./turtle_brick/turtle_robot.py:62:81: E231 missing whitespace after ','[0m
[1.053s] [1m[31mE     ./turtle_brick/turtle_robot.py:63:53: W291 trailing whitespace[0m
[1.053s] [1m[31mE     ./turtle_brick/turtle_robot.py:67:1: W293 blank line contains whitespace[0m
[1.053s] [1m[31mE     ./turtle_brick/turtle_robot.py:76:9: E265 block comment should start with '# '[0m
[1.053s] [1m[31mE     ./turtle_brick/turtle_robot.py:76:19: W291 trailing whitespace[0m
[1.053s] [1m[31mE     ./turtle_brick/turtle_robot.py:77:28: W291 trailing whitespace[0m
[1.053s] [1m[31mE     ./turtle_brick/turtle_robot.py:98:9: E265 block comment should start with '# '[0m
[1.053s] [1m[31mE     ./turtle_brick/turtle_robot.py:104:23: E225 missing whitespace around operator[0m
[1.053s] [1m[31mE     ./turtle_brick/turtle_robot.py:111:9: E265 block comment should start with '# '[0m
[1.053s] [1m[31mE     ./turtle_brick/turtle_robot.py:114:9: E265 block comment should start with '# '[0m
[1.053s] [1m[31mE     ./turtle_brick/turtle_robot.py:121:1: W293 blank line contains whitespace[0m
[1.053s] [1m[31mE     ./turtle_brick/turtle_robot.py:122:27: E231 missing whitespace after ','[0m
[1.053s] [1m[31mE     ./turtle_brick/turtle_robot.py:123:76: E231 missing whitespace after ','[0m
[1.053s] [1m[31mE     ./turtle_brick/turtle_robot.py:123:96: E231 missing whitespace after ','[0m
[1.053s] [1m[31mE     ./turtle_brick/turtle_robot.py:123:100: E501 line too long (121 > 99 characters)[0m
[1.054s] [1m[31mE     ./turtle_brick/turtle_robot.py:123:120: E202 whitespace before ')'[0m
[1.054s] [1m[31mE     ./turtle_brick/turtle_robot.py:132:15: E225 missing whitespace around operator[0m
[1.054s] [1m[31mE     ./turtle_brick/turtle_robot.py:132:24: E225 missing whitespace around operator[0m
[1.054s] [1m[31mE     ./turtle_brick/turtle_robot.py:132:34: E225 missing whitespace around operator[0m
[1.054s] [1m[31mE     ./turtle_brick/turtle_robot.py:132:43: E225 missing whitespace around operator[0m
[1.054s] [1m[31mE     ./turtle_brick/turtle_robot.py:142:27: E231 missing whitespace after ','[0m
[1.054s] [1m[31mE     ./turtle_brick/turtle_robot.py:148:1: W293 blank line contains whitespace[0m
[1.054s] [1m[31mE     ./turtle_brick/turtle_robot.py:149:9: E265 block comment should start with '# '[0m
[1.054s] [1m[31mE     ./turtle_brick/turtle_robot.py:156:1: W293 blank line contains whitespace[0m
[1.054s] [1m[31mE     ./turtle_brick/turtle_robot.py:157:9: E303 too many blank lines (2)[0m
[1.054s] [1m[31mE     ./turtle_brick/turtle_robot.py:157:9: E265 block comment should start with '# '[0m
[1.054s] [1m[31mE     ./turtle_brick/turtle_robot.py:159:46: E231 missing whitespace after ','[0m
[1.054s] [1m[31mE     ./turtle_brick/turtle_robot.py:159:58: E231 missing whitespace after ','[0m
[1.054s] [1m[31mE     ./turtle_brick/turtle_robot.py:161:1: W293 blank line contains whitespace[0m
[1.054s] [1m[31mE     ./turtle_brick/turtle_robot.py:162:9: E265 block comment should start with '# '[0m
[1.055s] [1m[31mE     ./turtle_brick/turtle_robot.py:165:1: W293 blank line contains whitespace[0m
[1.055s] [1m[31mE     ./turtle_brick/turtle_robot.py:166:9: E265 block comment should start with '# '[0m
[1.055s] [1m[31mE     ./turtle_brick/turtle_robot.py:167:34: E225 missing whitespace around operator[0m
[1.055s] [1m[31mE     ./turtle_brick/turtle_robot.py:168:34: E225 missing whitespace around operator[0m
[1.055s] [1m[31mE     ./turtle_brick/turtle_robot.py:169:34: E225 missing whitespace around operator[0m
[1.055s] [1m[31mE     ./turtle_brick/turtle_robot.py:172:9: E265 block comment should start with '# '[0m
[1.055s] [1m[31mE     ./turtle_brick/turtle_robot.py:173:68: W291 trailing whitespace[0m
[1.055s] [1m[31mE     ./turtle_brick/turtle_robot.py:174:68: W291 trailing whitespace[0m
[1.055s] [1m[31mE     ./turtle_brick/turtle_robot.py:175:48: W291 trailing whitespace[0m
[1.055s] [1m[31mE     ./turtle_brick/turtle_robot.py:177:9: E265 block comment should start with '# '[0m
[1.055s] [1m[31mE     ./turtle_brick/turtle_robot.py:178:56: W291 trailing whitespace[0m
[1.055s] [1m[31mE     ./turtle_brick/turtle_robot.py:183:9: E265 block comment should start with '# '[0m
[1.055s] [1m[31mE     ./turtle_brick/turtle_robot.py:189:41: E225 missing whitespace around operator[0m
[1.055s] [1m[31mE     ./turtle_brick/turtle_robot.py:192:1: W293 blank line contains whitespace[0m
[1.055s] [1m[31mE     ./turtle_brick/turtle_robot.py:193:9: E265 block comment should start with '# '[0m
[1.055s] [1m[31mE     ./turtle_brick/turtle_robot.py:194:38: E225 missing whitespace around operator[0m
[1.056s] [1m[31mE     ./turtle_brick/turtle_robot.py:196:49: E225 missing whitespace around operator[0m
[1.056s] [1m[31mE     ./turtle_brick/turtle_robot.py:197:51: E225 missing whitespace around operator[0m
[1.056s] [1m[31mE     ./turtle_brick/turtle_robot.py:199:80: E202 whitespace before ')'[0m
[1.056s] [1m[31mE     ./turtle_brick/turtle_robot.py:203:9: E265 block comment should start with '# '[0m
[1.056s] [1m[31mE     ./turtle_brick/turtle_robot.py:205:52: E225 missing whitespace around operator[0m
[1.056s] [1m[31mE     ./turtle_brick/turtle_robot.py:205:57: W291 trailing whitespace[0m
[1.056s] [1m[31mE     ./turtle_brick/turtle_robot.py:207:34: E225 missing whitespace around operator[0m
[1.056s] [1m[31mE     ./turtle_brick/turtle_robot.py:209:34: E225 missing whitespace around operator[0m
[1.056s] [1m[31mE     ./turtle_brick/turtle_robot.py:214:1: W293 blank line contains whitespace[0m
[1.056s] [1m[31mE     ./turtle_brick/turtle_robot.py:215:1: W293 blank line contains whitespace[0m
[1.056s] [1m[31mE     ./turtle_brick/turtle_robot.py:217:1: E303 too many blank lines (3)[0m
[1.056s] [1m[31mE     ./turtle_brick/turtle_robot.py:219:16: E225 missing whitespace around operator[0m
[1.056s] [1m[31mE     ./turtle_brick/turtle_robot.py:221:19: W291 trailing whitespace[0m
[1.056s] [1m[31mE     ./turtle_brick/turtle_robot.py:223:1: W391 blank line at end of file[0m
[1.057s] [1m[31mE     ./turtle_brick/catcher.py:2:1: F401 'cmath.sqrt' imported but unused[0m
[1.057s] [1m[31mE     ./turtle_brick/catcher.py:6:1: F401 'tf2_ros.static_transform_broadcaster.StaticTransformBroadcaster' imported but unused[0m
[1.057s] [1m[31mE     ./turtle_brick/catcher.py:7:1: F401 'tf2_ros.TransformBroadcaster' imported but unused[0m
[1.057s] [1m[31mE     ./turtle_brick/catcher.py:8:1: F401 'geometry_msgs.msg.TransformStamped' imported but unused[0m
[1.057s] [1m[31mE     ./turtle_brick/catcher.py:9:1: F401 'turtle_brick_interfaces.srv.Place' imported but unused[0m
[1.057s] [1m[31mE     ./turtle_brick/catcher.py:9:1: F401 'turtle_brick_interfaces.srv.Drop' imported but unused[0m
[1.057s] [1m[31mE     ./turtle_brick/catcher.py:11:42: W291 trailing whitespace[0m
[1.057s] [1m[31mE     ./turtle_brick/catcher.py:12:12: W291 trailing whitespace[0m
[1.057s] [1m[31mE     ./turtle_brick/catcher.py:14:1: F401 '.quaternion.angle_axis_to_quaternion' imported but unused[0m
[1.057s] [1m[31mE     ./turtle_brick/catcher.py:17:1: E302 expected 2 blank lines, found 1[0m
[1.057s] [1m[31mE     ./turtle_brick/catcher.py:25:1: E302 expected 2 blank lines, found 1[0m
[1.057s] [1m[31mE     ./turtle_brick/catcher.py:28:69: W291 trailing whitespace[0m
[1.057s] [1m[31mE     ./turtle_brick/catcher.py:34:82: W291 trailing whitespace[0m
[1.057s] [1m[31mE     ./turtle_brick/catcher.py:44:9: E265 block comment should start with '# '[0m
[1.057s] [1m[31mE     ./turtle_brick/catcher.py:45:33: W291 trailing whitespace[0m
[1.058s] [1m[31mE     ./turtle_brick/catcher.py:50:32: E231 missing whitespace after ','[0m
[1.058s] [1m[31mE     ./turtle_brick/catcher.py:51:27: E231 missing whitespace after ','[0m
[1.058s] [1m[31mE     ./turtle_brick/catcher.py:58:9: E265 block comment should start with '# '[0m
[1.058s] [1m[31mE     ./turtle_brick/catcher.py:61:9: E265 block comment should start with '# '[0m
[1.058s] [1m[31mE     ./turtle_brick/catcher.py:63:9: E265 block comment should start with '# '[0m
[1.058s] [1m[31mE     ./turtle_brick/catcher.py:64:55: E231 missing whitespace after ','[0m
[1.058s] [1m[31mE     ./turtle_brick/catcher.py:64:64: E231 missing whitespace after ','[0m
[1.058s] [1m[31mE     ./turtle_brick/catcher.py:64:84: E231 missing whitespace after ','[0m
[1.058s] [1m[31mE     ./turtle_brick/catcher.py:65:57: E231 missing whitespace after ','[0m
[1.058s] [1m[31mE     ./turtle_brick/catcher.py:65:85: E231 missing whitespace after ','[0m
[1.058s] [1m[31mE     ./turtle_brick/catcher.py:66:55: E231 missing whitespace after ','[0m
[1.058s] [1m[31mE     ./turtle_brick/catcher.py:66:85: E231 missing whitespace after ','[0m
[1.058s] [1m[31mE     ./turtle_brick/catcher.py:67:9: E265 block comment should start with '# '[0m
[1.058s] [1m[31mE     ./turtle_brick/catcher.py:68:22: E225 missing whitespace around operator[0m
[1.058s] [1m[31mE     ./turtle_brick/catcher.py:68:57: E231 missing whitespace after ','[0m
[1.059s] [1m[31mE     ./turtle_brick/catcher.py:68:70: E231 missing whitespace after ','[0m
[1.059s] [1m[31mE     ./turtle_brick/catcher.py:69:22: E225 missing whitespace around operator[0m
[1.059s] [1m[31mE     ./turtle_brick/catcher.py:69:50: E231 missing whitespace after ','[0m
[1.059s] [1m[31mE     ./turtle_brick/catcher.py:69:58: E231 missing whitespace after ','[0m
[1.059s] [1m[31mE     ./turtle_brick/catcher.py:70:55: E231 missing whitespace after ','[0m
[1.059s] [1m[31mE     ./turtle_brick/catcher.py:70:65: E231 missing whitespace after ','[0m
[1.059s] [1m[31mE     ./turtle_brick/catcher.py:71:9: E265 block comment should start with '# '[0m
[1.059s] [1m[31mE     ./turtle_brick/catcher.py:73:1: W293 blank line contains whitespace[0m
[1.059s] [1m[31mE     ./turtle_brick/catcher.py:74:9: E265 block comment should start with '# '[0m
[1.059s] [1m[31mE     ./turtle_brick/catcher.py:97:1: W293 blank line contains whitespace[0m
[1.059s] [1m[31mE     ./turtle_brick/catcher.py:98:5: E303 too many blank lines (3)[0m
[1.059s] [1m[31mE     ./turtle_brick/catcher.py:98:28: E231 missing whitespace after ','[0m
[1.059s] [1m[31mE     ./turtle_brick/catcher.py:102:100: E501 line too long (100 > 99 characters)[0m
[1.060s] [1m[31mE     ./turtle_brick/catcher.py:108:1: W293 blank line contains whitespace[0m
[1.060s] [1m[31mE     ./turtle_brick/catcher.py:109:28: E231 missing whitespace after ','[0m
[1.060s] [1m[31mE     ./turtle_brick/catcher.py:119:5: E303 too many blank lines (2)[0m
[1.060s] [1m[31mE     ./turtle_brick/catcher.py:119:27: E231 missing whitespace after ','[0m
[1.060s] [1m[31mE     ./turtle_brick/catcher.py:124:40: E225 missing whitespace around operator[0m
[1.060s] [1m[31mE     ./turtle_brick/catcher.py:126:13: E265 block comment should start with '# '[0m
[1.060s] [1m[31mE     ./turtle_brick/catcher.py:126:100: E501 line too long (142 > 99 characters)[0m
[1.060s] [1m[31mE     ./turtle_brick/catcher.py:127:100: E501 line too long (155 > 99 characters)[0m
[1.060s] [1m[31mE     ./turtle_brick/catcher.py:128:28: E225 missing whitespace around operator[0m
[1.060s] [1m[31mE     ./turtle_brick/catcher.py:128:39: E261 at least two spaces before inline comment[0m
[1.060s] [1m[31mE     ./turtle_brick/catcher.py:128:40: E262 inline comment should start with '# '[0m
[1.060s] [1m[31mE     ./turtle_brick/catcher.py:128:100: E501 line too long (106 > 99 characters)[0m
[1.060s] [1m[31mE     ./turtle_brick/catcher.py:138:1: W293 blank line contains whitespace[0m
[1.061s] [1m[31mE     ./turtle_brick/catcher.py:139:1: W293 blank line contains whitespace[0m
[1.061s] [1m[31mE     ./turtle_brick/catcher.py:140:1: W293 blank line contains whitespace[0m
[1.061s] [1m[31mE     ./turtle_brick/catcher.py:143:1: E303 too many blank lines (6)[0m
[1.061s] [1m[31mE     ./turtle_brick/catcher.py:147:21: W292 no newline at end of file[0m
[1.061s] [1m[31mE     ./test/math_test.py:4:1: W293 blank line contains whitespace[0m
[1.061s] [1m[31mE     ./test/math_test.py:6:25: W292 no newline at end of file[0m
[1.061s] [1m[31mE     ./test/brick.test.py:1:1: F401 'ament_copyright.main.main' imported but unused[0m
[1.061s] [1m[31mE     ./test/brick.test.py:2:1: F401 'pytest' imported but unused[0m
[1.061s] [1m[31mE     ./test/brick.test.py:3:1: F401 'launch' imported but unused[0m
[1.061s] [1m[31mE     ./test/brick.test.py:4:1: F401 'launch_pytest' imported but unused[0m
[1.061s] [1m[31mE     ./test/brick.test.py:5:1: F401 'sys' imported but unused[0m
[1.061s] [1m[31mE     ./test/brick.test.py:6:1: F401 'launch_ros' imported but unused[0m
[1.061s] [1m[31mE     ./test/brick.test.py:7:1: F401 'pathlib.Path' imported but unused[0m
[1.061s] [1m[31mE     ./test/brick.test.py:8:1: E265 block comment should start with '# '[0m
[1.061s] [1m[31mE     ./test/brick.test.py:8:100: E501 line too long (128 > 99 characters)[0m
[1.062s] [1m[31mE     ./test/brick.test.py:21:9: W292 no newline at end of file[0m
[1.062s] [1m[31mE     ./launch/show_turtle.launch.py:1:1: F401 'ament_index_python.packages.get_package_share_path' imported but unused[0m
[1.062s] [1m[31mE     ./launch/show_turtle.launch.py:1:63: E231 missing whitespace after ','[0m
[1.062s] [1m[31mE     ./launch/show_turtle.launch.py:5:1: F401 'launch.conditions.UnlessCondition' imported but unused[0m
[1.062s] [1m[31mE     ./launch/show_turtle.launch.py:12:90: W291 trailing whitespace[0m
[1.062s] [1m[31mE     ./launch/show_turtle.launch.py:15:14: W291 trailing whitespace[0m
[1.062s] [1m[31mE     ./launch/show_turtle.launch.py:23:1: E302 expected 2 blank lines, found 1[0m
[1.062s] [1m[31mE     ./launch/show_turtle.launch.py:24:22: E225 missing whitespace around operator[0m
[1.062s] [1m[31mE     ./launch/show_turtle.launch.py:26:51: E225 missing whitespace around operator[0m
[1.062s] [1m[31mE     ./launch/show_turtle.launch.py:27:1: W293 blank line contains whitespace[0m
[1.062s] [1m[31mE     ./launch/show_turtle.launch.py:28:5: F841 local variable 'use_sim_time' is assigned to but never used[0m
[1.062s] [1m[31mE     ./launch/show_turtle.launch.py:30:100: E501 line too long (115 > 99 characters)[0m
[1.062s] [1m[31mE     ./launch/show_turtle.launch.py:30:105: E231 missing whitespace after ','[0m
[1.062s] [1m[31mE     ./launch/show_turtle.launch.py:31:37: E128 continuation line under-indented for visual indent[0m
[1.062s] [1m[31mE     ./launch/show_turtle.launch.py:31:92: E261 at least two spaces before inline comment[0m
[1.063s] [1m[31mE     ./launch/show_turtle.launch.py:31:92: E262 inline comment should start with '# '[0m
[1.063s] [1m[31mE     ./launch/show_turtle.launch.py:34:100: E501 line too long (100 > 99 characters)[0m
[1.063s] [1m[31mE     ./launch/show_turtle.launch.py:48:89: E231 missing whitespace after ','[0m
[1.063s] [1m[31mE     ./launch/show_turtle.launch.py:48:96: E231 missing whitespace after ','[0m
[1.063s] [1m[31mE     ./launch/show_turtle.launch.py:55:56: E231 missing whitespace after ','[0m
[1.063s] [1m[31mE     ./launch/show_turtle.launch.py:61:56: E231 missing whitespace after ','[0m
[1.063s] [1m[31mE     ./launch/show_turtle.launch.py:80:7: W292 no newline at end of file[0m
[1.063s] [1m[31mE     ./launch/run_turtle.launch.py:2:1: F401 'ament_index_python.packages.get_package_share_path' imported but unused[0m
[1.063s] [1m[31mE     ./launch/run_turtle.launch.py:5:1: F401 'launch.actions.DeclareLaunchArgument' imported but unused[0m
[1.063s] [1m[31mE     ./launch/run_turtle.launch.py:6:1: F401 'launch.conditions.IfCondition' imported but unused[0m
[1.063s] [1m[31mE     ./launch/run_turtle.launch.py:6:1: F401 'launch.conditions.UnlessCondition' imported but unused[0m
[1.063s] [1m[31mE     ./launch/run_turtle.launch.py:7:1: F401 'launch.substitutions.Command' imported but unused[0m
[1.063s] [1m[31mE     ./launch/run_turtle.launch.py:7:1: F401 'launch.substitutions.LaunchConfiguration' imported but unused[0m
[1.063s] [1m[31mE     ./launch/run_turtle.launch.py:10:1: F401 'launch_ros.parameter_descriptions.ParameterValue' imported but unused[0m
[1.063s] [1m[31mE     ./launch/run_turtle.launch.py:13:69: W291 trailing whitespace[0m
[1.063s] [1m[31mE     ./launch/run_turtle.launch.py:16:1: E302 expected 2 blank lines, found 0[0m
[1.064s] [1m[31mE     ./launch/run_turtle.launch.py:43:23: E251 unexpected spaces around keyword / parameter equals[0m
[1.064s] [1m[31mE     ./launch/run_turtle.launch.py:43:25: E251 unexpected spaces around keyword / parameter equals[0m
[1.064s] [1m[31mE     ./launch/run_turtle.launch.py:43:70: E231 missing whitespace after ','[0m
[1.064s] [1m[31mE     ./launch/run_turtle.launch.py:46:1: W293 blank line contains whitespace[0m
[1.064s] [1m[31mE     ./launch/run_turtle.launch.py:47:7: W292 no newline at end of file[0m
[1.064s] [1m[31mE     ./launch/turtle_arena.launch.py:5:27: E271 multiple spaces after keyword[0m
[1.064s] [1m[31mE     ./launch/turtle_arena.launch.py:10:61: W291 trailing whitespace[0m
[1.064s] [1m[31mE     ./launch/turtle_arena.launch.py:12:54: W291 trailing whitespace[0m
[1.064s] [1m[31mE     ./launch/turtle_arena.launch.py:15:1: E302 expected 2 blank lines, found 1[0m
[1.064s] [1m[31mE     ./launch/turtle_arena.launch.py:44:1: W293 blank line contains whitespace[0m
[1.064s] [1m[31mE     ./launch/turtle_arena.launch.py:45:7: W292 no newline at end of file[0m
[1.064s] [1m[31mE   assert 1 == 0[0m
[1.064s] ----------------------------- Captured stdout call -----------------------------
[1.064s] 
[1.064s] ./setup.py:3:1: F401 'setuptools.find_packages' imported but unused
[1.065s] from setuptools import setup, find_packages
[1.065s] ^
[1.065s] 
[1.065s] ./setup.py:14:100: E501 line too long (174 > 99 characters)
[1.065s]         ('share/' + package_name, ['package.xml', 'launch/show_turtle.launch.py', 'config/turtle_urdf.rviz', 'launch/run_turtle.launch.py', 'launch/turtle_arena.launch.py']),
[1.065s]                                                                                                    ^
[1.065s] 
[1.065s] ./setup.py:18:43: E231 missing whitespace after ','
[1.065s]     install_requires=['setuptools', 'urdf','rviz'],
[1.065s]                                           ^
[1.065s] 
[1.065s] ./setup.py:24:28: E231 missing whitespace after ','
[1.065s]     tests_require=['pytest','ament_lint_auto'],
[1.065s]                            ^
[1.065s] 
[1.066s] ./turtle_brick/arena.py:1:1: F401 'xmlrpc.client.Boolean' imported but unused
[1.066s] from xmlrpc.client import Boolean
[1.066s] ^
[1.066s] 
[1.066s] ./turtle_brick/arena.py:5:1: F401 'tf2_ros.static_transform_broadcaster.StaticTransformBroadcaster' imported but unused
[1.066s] from tf2_ros.static_transform_broadcaster import StaticTransformBroadcaster
[1.066s] ^
[1.066s] 
[1.066s] ./turtle_brick/arena.py:9:1: F401 'math.pi' imported but unused
[1.066s] from math import pi
[1.066s] ^
[1.066s] 
[1.066s] ./turtle_brick/arena.py:10:1: F401 'turtle_brick_interfaces.srv.Drop' imported but unused
[1.066s] from turtle_brick_interfaces.srv import Place, Drop
[1.067s] ^
[1.067s] 
[1.067s] ./turtle_brick/arena.py:11:1: F401 'turtle_brick_interfaces.msg.Tilt' imported but unused
[1.067s] from turtle_brick_interfaces.msg import Tilt
[1.067s] ^
[1.067s] 
[1.067s] ./turtle_brick/arena.py:12:42: W291 trailing whitespace
[1.067s] from visualization_msgs.msg import Marker 
[1.067s]                                          ^
[1.067s] 
[1.067s] ./turtle_brick/arena.py:14:1: F401 'visualization_msgs.msg.MarkerArray' imported but unused
[1.067s] from visualization_msgs.msg import MarkerArray
[1.067s] ^
[1.067s] 
[1.067s] ./turtle_brick/arena.py:18:1: E265 block comment should start with '# '
[1.068s] #from .quaternion import angle_axis_to_quaternion
[1.068s] ^
[1.068s] 
[1.068s] ./turtle_brick/arena.py:21:1: E302 expected 2 blank lines, found 1
[1.068s] class BState(Enum):
[1.068s] ^
[1.068s] 
[1.068s] ./turtle_brick/arena.py:29:1: E302 expected 2 blank lines, found 1
[1.068s] class Arena(Node):
[1.068s] ^
[1.068s] 
[1.068s] ./turtle_brick/arena.py:39:53: W291 trailing whitespace
[1.068s]     """
[1.068s]     Creates the arena and places brick when called in command line.
[1.068s]     Will drop the robot when called in command line.
[1.069s]         -if robot is underneath the brick, the brick will land on the robot
[1.069s]         -if nothing is under brick, brick will land on ground
[1.069s]     SUBSCRIPTIONS:
[1.069s]         -robot_sub: continuous robot position
[1.069s]     PUBLISHERS:
[1.069s]         -marker_pub: publishes walls and brick
[1.069s]         -drop_pub: sends placement, drop coordinates  
[1.069s]         -platform_pub: sends true if platform is under brick
[1.069s]     SERVICES:
[1.069s]         -Place: place brick at x, y, z location
[1.069s]         -Drop: Empty drops brick
[1.069s]     TRANSFORMS:
[1.069s]         -world_brick: connects brick to world
[1.069s]     """
[1.069s]        
[1.070s]                                             ^
[1.070s] 
[1.070s] ./turtle_brick/arena.py:49:9: E265 block comment should start with '# '
[1.070s]         #params
[1.070s]         ^
[1.070s] 
[1.070s] ./turtle_brick/arena.py:50:33: W291 trailing whitespace
[1.070s]         self.declare_parameters( 
[1.070s]                                 ^
[1.070s] 
[1.070s] ./turtle_brick/arena.py:55:32: E231 missing whitespace after ','
[1.070s]                 ('max_velocity',3.0),
[1.070s]                                ^
[1.070s] 
[1.070s] ./turtle_brick/arena.py:56:27: E231 missing whitespace after ','
[1.071s]                 ('gravity',9.8)
[1.071s]                           ^
[1.071s] 
[1.071s] ./turtle_brick/arena.py:63:9: E265 block comment should start with '# '
[1.071s]         #setting state of brick
[1.071s]         ^
[1.071s] 
[1.071s] ./turtle_brick/arena.py:70:9: E265 block comment should start with '# '
[1.071s]         #set up subscribers
[1.071s]         ^
[1.071s] 
[1.071s] ./turtle_brick/arena.py:71:55: E231 missing whitespace after ','
[1.071s]         self.robot_sub = self.create_subscription(Pose,'/robot',self.robot_callback,10)
[1.071s]                                                       ^
[1.071s] 
[1.072s] ./turtle_brick/arena.py:71:64: E231 missing whitespace after ','
[1.072s]         self.robot_sub = self.create_subscription(Pose,'/robot',self.robot_callback,10)
[1.072s]                                                                ^
[1.072s] 
[1.072s] ./turtle_brick/arena.py:71:84: E231 missing whitespace after ','
[1.072s]         self.robot_sub = self.create_subscription(Pose,'/robot',self.robot_callback,10)
[1.072s]                                                                                    ^
[1.072s] 
[1.072s] ./turtle_brick/arena.py:72:9: E265 block comment should start with '# '
[1.072s]         #publisher
[1.072s]         ^
[1.072s] 
[1.072s] ./turtle_brick/arena.py:73:55: E231 missing whitespace after ','
[1.072s]         self.marker_pub = self.create_publisher(Marker,'/marker',10)
[1.072s]                                                       ^
[1.073s] 
[1.073s] ./turtle_brick/arena.py:73:65: E231 missing whitespace after ','
[1.073s]         self.marker_pub = self.create_publisher(Marker,'/marker',10)
[1.073s]                                                                 ^
[1.073s] 
[1.073s] ./turtle_brick/arena.py:74:54: E231 missing whitespace after ','
[1.073s]         self.drop_pub = self.create_publisher(Vector3,'/drop',10)
[1.073s]                                                      ^
[1.073s] 
[1.073s] ./turtle_brick/arena.py:74:62: E231 missing whitespace after ','
[1.073s]         self.drop_pub = self.create_publisher(Vector3,'/drop',10)
[1.073s]                                                              ^
[1.073s] 
[1.073s] ./turtle_brick/arena.py:75:55: E231 missing whitespace after ','
[1.073s]         self.platform_pub = self.create_publisher(Bool,'/catch',10)
[1.073s]                                                       ^
[1.073s] 
[1.074s] ./turtle_brick/arena.py:75:64: E231 missing whitespace after ','
[1.074s]         self.platform_pub = self.create_publisher(Bool,'/catch',10)
[1.074s]                                                                ^
[1.074s] 
[1.074s] ./turtle_brick/arena.py:78:1: W293 blank line contains whitespace
[1.074s]         
[1.074s] ^
[1.074s] 
[1.074s] ./turtle_brick/arena.py:81:1: W293 blank line contains whitespace
[1.074s]         
[1.074s] ^
[1.074s] 
[1.074s] ./turtle_brick/arena.py:82:9: E265 block comment should start with '# '
[1.074s]         #initialize services
[1.074s]         ^
[1.074s] 
[1.075s] ./turtle_brick/arena.py:83:47: E231 missing whitespace after ','
[1.075s]         self.place = self.create_service(Place,"/place",self.place_callback)
[1.075s]                                               ^
[1.075s] 
[1.075s] ./turtle_brick/arena.py:83:56: E231 missing whitespace after ','
[1.075s]         self.place = self.create_service(Place,"/place",self.place_callback)
[1.075s]                                                        ^
[1.075s] 
[1.075s] ./turtle_brick/arena.py:84:46: E231 missing whitespace after ','
[1.075s]         self.drop = self.create_service(Empty,"/drop",self.drop_callback)
[1.075s]                                              ^
[1.075s] 
[1.075s] ./turtle_brick/arena.py:84:54: E231 missing whitespace after ','
[1.075s]         self.drop = self.create_service(Empty,"/drop",self.drop_callback)
[1.075s]                                                      ^
[1.076s] 
[1.076s] ./turtle_brick/arena.py:85:1: W293 blank line contains whitespace
[1.076s]         
[1.076s] ^
[1.076s] 
[1.076s] ./turtle_brick/arena.py:86:9: E265 block comment should start with '# '
[1.076s]         #creating brick marker
[1.076s]         ^
[1.076s] 
[1.076s] ./turtle_brick/arena.py:103:9: E265 block comment should start with '# '
[1.076s]         #creating wall markers
[1.076s]         ^
[1.076s] 
[1.076s] ./turtle_brick/arena.py:189:9: E303 too many blank lines (2)
[1.076s]         #initializing brick variables
[1.077s]         ^
[1.077s] 
[1.077s] ./turtle_brick/arena.py:189:9: E265 block comment should start with '# '
[1.077s]         #initializing brick variables
[1.077s]         ^
[1.077s] 
[1.077s] ./turtle_brick/arena.py:192:26: W291 trailing whitespace
[1.077s]         self.brickz = 0.0 
[1.077s]                          ^
[1.077s] 
[1.077s] ./turtle_brick/arena.py:205:42: E231 missing whitespace after ','
[1.077s]         self.wall = self.create_timer(0.5,self.wall_callback)
[1.077s]                                          ^
[1.077s] 
[1.077s] ./turtle_brick/arena.py:207:37: E231 missing whitespace after ','
[1.078s]     def place_callback(self, request,response):
[1.078s]                                     ^
[1.078s] 
[1.078s] ./turtle_brick/arena.py:208:35: E231 missing whitespace after ','
[1.078s]         self.place_brick(request.x,request.y,request.z)
[1.078s]                                   ^
[1.078s] 
[1.078s] ./turtle_brick/arena.py:208:45: E231 missing whitespace after ','
[1.078s]         self.place_brick(request.x,request.y,request.z)
[1.078s]                                             ^
[1.078s] 
[1.078s] ./turtle_brick/arena.py:211:1: W293 blank line contains whitespace
[1.078s]     
[1.078s] ^
[1.078s] 
[1.078s] ./turtle_brick/arena.py:212:28: E231 missing whitespace after ','
[1.079s]     def robot_callback(self,msg):
[1.079s]                            ^
[1.079s] 
[1.079s] ./turtle_brick/arena.py:219:24: E225 missing whitespace around operator
[1.079s]             if tilt_ang>=0.5:
[1.079s]                        ^
[1.079s] 
[1.079s] ./turtle_brick/arena.py:221:48: E231 missing whitespace after ','
[1.079s]                 self.set_brick(self.brickxplace,self.brickyplace,self.brickzplace)
[1.079s]                                                ^
[1.079s] 
[1.079s] ./turtle_brick/arena.py:221:65: E231 missing whitespace after ','
[1.079s]                 self.set_brick(self.brickxplace,self.brickyplace,self.brickzplace)
[1.080s]                                                                 ^
[1.080s] 
[1.080s] ./turtle_brick/arena.py:223:46: E231 missing whitespace after ','
[1.080s]                 self.set_brick(self.platformx,self.platformy,self.platformz)
[1.080s]                                              ^
[1.080s] 
[1.080s] ./turtle_brick/arena.py:223:61: E231 missing whitespace after ','
[1.080s]                 self.set_brick(self.platformx,self.platformy,self.platformz)
[1.080s]                                                             ^
[1.080s] 
[1.080s] ./turtle_brick/arena.py:225:36: E231 missing whitespace after ','
[1.080s]     def drop_callback(self, request,response):
[1.080s]                                    ^
[1.080s] 
[1.081s] ./turtle_brick/arena.py:226:13: E225 missing whitespace around operator
[1.081s]         drop=Vector3()
[1.081s]             ^
[1.081s] 
[1.081s] ./turtle_brick/arena.py:236:9: E265 block comment should start with '# '
[1.081s]         #publishing wall markers
[1.081s]         ^
[1.081s] 
[1.081s] ./turtle_brick/arena.py:253:58: E225 missing whitespace around operator
[1.081s]         self.brick_marker.pose.position.z = self.brickz +0.1
[1.081s]                                                          ^
[1.081s] 
[1.081s] ./turtle_brick/arena.py:256:1: W293 blank line contains whitespace
[1.081s]         
[1.081s] ^
[1.082s] 
[1.082s] ./turtle_brick/arena.py:257:1: W293 blank line contains whitespace
[1.082s]     
[1.082s] ^
[1.082s] 
[1.082s] ./turtle_brick/arena.py:258:5: E303 too many blank lines (2)
[1.082s]     def set_brick(self,x,y,z):
[1.082s]     ^
[1.082s] 
[1.082s] ./turtle_brick/arena.py:258:23: E231 missing whitespace after ','
[1.082s]     def set_brick(self,x,y,z):
[1.082s]                       ^
[1.082s] 
[1.082s] ./turtle_brick/arena.py:258:25: E231 missing whitespace after ','
[1.083s]     def set_brick(self,x,y,z):
[1.083s]                         ^
[1.083s] 
[1.083s] ./turtle_brick/arena.py:258:27: E231 missing whitespace after ','
[1.083s]     def set_brick(self,x,y,z):
[1.083s]                           ^
[1.083s] 
[1.083s] ./turtle_brick/arena.py:263:1: W293 blank line contains whitespace
[1.084s]     
[1.084s] ^
[1.084s] 
[1.084s] ./turtle_brick/arena.py:270:25: E231 missing whitespace after ','
[1.084s]         self.set_brick(x,y,z)
[1.084s]                         ^
[1.084s] 
[1.084s] ./turtle_brick/arena.py:270:27: E231 missing whitespace after ','
[1.084s]         self.set_brick(x,y,z)
[1.085s]                           ^
[1.085s] 
[1.085s] ./turtle_brick/arena.py:272:30: W291 trailing whitespace
[1.085s]     def timer_callback(self):    
[1.085s]                              ^
[1.085s] 
[1.085s] ./turtle_brick/arena.py:274:42: E225 missing whitespace around operator
[1.085s]             self.seconds = self.seconds +0.004
[1.086s]                                          ^
[1.086s] 
[1.086s] ./turtle_brick/arena.py:275:65: E261 at least two spaces before inline comment
[1.086s]             self.brickz = self.brickz-0.5*self.g*self.seconds**2 #has to grab gravity this from yaml
[1.086s]                                                                 ^
[1.086s] 
[1.086s] ./turtle_brick/arena.py:275:66: E262 inline comment should start with '# '
[1.086s]             self.brickz = self.brickz-0.5*self.g*self.seconds**2 #has to grab gravity this from yaml
[1.087s]                                                                  ^
[1.087s] 
[1.087s] ./turtle_brick/arena.py:275:100: E501 line too long (100 > 99 characters)
[1.087s]             self.brickz = self.brickz-0.5*self.g*self.seconds**2 #has to grab gravity this from yaml
[1.087s]                                                                                                    ^
[1.087s] 
[1.087s] ./turtle_brick/arena.py:292:9: E225 missing whitespace around operator
[1.087s]     node= Arena()
[1.088s]         ^
[1.088s] 
[1.088s] ./turtle_brick/arena.py:294:19: W291 trailing whitespace
[1.088s]     rclpy.shutdown 
[1.088s]                   ^
[1.088s] 
[1.088s] ./turtle_brick/arena.py:295:1: W391 blank line at end of file
[1.088s] 
[1.089s] ^
[1.089s] 
[1.089s] ./turtle_brick/turtle_robot.py:2:1: F401 'tokenize.Double' imported but unused
[1.089s] from tokenize import Double, String
[1.089s] ^
[1.089s] 
[1.089s] ./turtle_brick/turtle_robot.py:2:1: F401 'tokenize.String' imported but unused
[1.089s] from tokenize import Double, String
[1.089s] ^
[1.090s] 
[1.090s] ./turtle_brick/turtle_robot.py:9:34: W291 trailing whitespace
[1.090s] from nav_msgs.msg import Odometry 
[1.090s]                                  ^
[1.090s] 
[1.090s] ./turtle_brick/turtle_robot.py:10:1: F401 'geometry_msgs.msg.Vector3' imported but unused
[1.090s] from geometry_msgs.msg import Twist, Vector3, TransformStamped, PoseStamped, Pose
[1.090s] ^
[1.091s] 
[1.091s] ./turtle_brick/turtle_robot.py:11:1: F401 'visualization_msgs.msg.Marker' imported but unused
[1.091s] from visualization_msgs.msg import Marker 
[1.091s] ^
[1.091s] 
[1.091s] ./turtle_brick/turtle_robot.py:11:42: W291 trailing whitespace
[1.091s] from visualization_msgs.msg import Marker 
[1.091s]                                          ^
[1.092s] 
[1.092s] ./turtle_brick/turtle_robot.py:12:45: W291 trailing whitespace
[1.092s] from turtle_brick_interfaces.msg import Tilt 
[1.092s]                                             ^
[1.092s] 
[1.092s] ./turtle_brick/turtle_robot.py:13:12: W291 trailing whitespace
[1.092s] import math 
[1.092s]            ^
[1.093s] 
[1.093s] ./turtle_brick/turtle_robot.py:14:1: E265 block comment should start with '# '
[1.093s] #from .quaternion import angle_axis_to_quaternion
[1.093s] ^
[1.093s] 
[1.093s] ./turtle_brick/turtle_robot.py:16:1: E302 expected 2 blank lines, found 1
[1.093s] class Turtle_robot(Node):
[1.093s] ^
[1.093s] 
[1.094s] ./turtle_brick/turtle_robot.py:18:75: W291 trailing whitespace
[1.094s]     """
[1.094s]     Creates the turtle_robot and controls joint and translation movements. 
[1.094s]     Additionally, places it in the world and connects to turtlesim. 
[1.094s]     SUBSCRIPTIONS:
[1.094s]         -goal_sub: subscribes to goal_sub and 
[1.094s]             recieves the positions that will 
[1.094s]             calculate movement towards goal_pose
[1.095s]         -tilt_sub: subscribes to tilt and will 
[1.095s]             recieve the angle that the robot platform will tilt to
[1.095s]     PUBLISHERS:
[1.095s]         -joint_state: publishes joint angles of the turtle_robot
[1.095s]         -odom_pub: sends positions and twists  
[1.095s]         -vel_pub: sends twist to cmd_vel
[1.095s]         -robot_pub: sends continuous robot pose 
[1.095s]             # also just relized I could have potentially taken from odom publisher 
[1.096s]             # instead of creating a whole new object and publisher, but too late now
[1.096s]     TRANSFORMS:
[1.096s]         -world_odom: connects odom frame to world frame 
[1.096s]         -odom_base_link: connects base_link frame to odom frame
[1.096s]     """
[1.096s]        
[1.096s]                                                                   ^
[1.096s] 
[1.097s] ./turtle_brick/turtle_robot.py:19:68: W291 trailing whitespace
[1.097s]     """
[1.097s]     Creates the turtle_robot and controls joint and translation movements. 
[1.097s]     Additionally, places it in the world and connects to turtlesim. 
[1.097s]     SUBSCRIPTIONS:
[1.097s]         -goal_sub: subscribes to goal_sub and 
[1.097s]             recieves the positions that will 
[1.097s]             calculate movement towards goal_pose
[1.098s]         -tilt_sub: subscribes to tilt and will 
[1.098s]             recieve the angle that the robot platform will tilt to
[1.098s]     PUBLISHERS:
[1.098s]         -joint_state: publishes joint angles of the turtle_robot
[1.098s]         -odom_pub: sends positions and twists  
[1.098s]         -vel_pub: sends twist to cmd_vel
[1.098s]         -robot_pub: sends continuous robot pose 
[1.098s]             # also just relized I could have potentially taken from odom publisher 
[1.098s]             # instead of creating a whole new object and publisher, but too late now
[1.099s]     TRANSFORMS:
[1.099s]         -world_odom: connects odom frame to world frame 
[1.099s]         -odom_base_link: connects base_link frame to odom frame
[1.099s]     """
[1.099s]        
[1.099s]                                                            ^
[1.099s] 
[1.099s] ./turtle_brick/turtle_robot.py:21:46: W291 trailing whitespace
[1.100s]     """
[1.100s]     Creates the turtle_robot and controls joint and translation movements. 
[1.100s]     Additionally, places it in the world and connects to turtlesim. 
[1.100s]     SUBSCRIPTIONS:
[1.100s]         -goal_sub: subscribes to goal_sub and 
[1.100s]             recieves the positions that will 
[1.100s]             calculate movement towards goal_pose
[1.100s]         -tilt_sub: subscribes to tilt and will 
[1.101s]             recieve the angle that the robot platform will tilt to
[1.101s]     PUBLISHERS:
[1.101s]         -joint_state: publishes joint angles of the turtle_robot
[1.101s]         -odom_pub: sends positions and twists  
[1.101s]         -vel_pub: sends twist to cmd_vel
[1.101s]         -robot_pub: sends continuous robot pose 
[1.101s]             # also just relized I could have potentially taken from odom publisher 
[1.101s]             # instead of creating a whole new object and publisher, but too late now
[1.102s]     TRANSFORMS:
[1.102s]         -world_odom: connects odom frame to world frame 
[1.102s]         -odom_base_link: connects base_link frame to odom frame
[1.102s]     """
[1.102s]        
[1.102s]                                      ^
[1.102s] 
[1.102s] ./turtle_brick/turtle_robot.py:22:45: W291 trailing whitespace
[1.103s]     """
[1.103s]     Creates the turtle_robot and controls joint and translation movements. 
[1.103s]     Additionally, places it in the world and connects to turtlesim. 
[1.103s]     SUBSCRIPTIONS:
[1.103s]         -goal_sub: subscribes to goal_sub and 
[1.103s]             recieves the positions that will 
[1.103s]             calculate movement towards goal_pose
[1.104s]         -tilt_sub: subscribes to tilt and will 
[1.104s]             recieve the angle that the robot platform will tilt to
[1.104s]     PUBLISHERS:
[1.104s]         -joint_state: publishes joint angles of the turtle_robot
[1.104s]         -odom_pub: sends positions and twists  
[1.104s]         -vel_pub: sends twist to cmd_vel
[1.104s]         -robot_pub: sends continuous robot pose 
[1.104s]             # also just relized I could have potentially taken from odom publisher 
[1.105s]             # instead of creating a whole new object and publisher, but too late now
[1.105s]     TRANSFORMS:
[1.105s]         -world_odom: connects odom frame to world frame 
[1.105s]         -odom_base_link: connects base_link frame to odom frame
[1.105s]     """
[1.105s]        
[1.105s]                                     ^
[1.105s] 
[1.105s] ./turtle_brick/turtle_robot.py:24:47: W291 trailing whitespace
[1.106s]     """
[1.106s]     Creates the turtle_robot and controls joint and translation movements. 
[1.106s]     Additionally, places it in the world and connects to turtlesim. 
[1.106s]     SUBSCRIPTIONS:
[1.106s]         -goal_sub: subscribes to goal_sub and 
[1.106s]             recieves the positions that will 
[1.106s]             calculate movement towards goal_pose
[1.106s]         -tilt_sub: subscribes to tilt and will 
[1.107s]             recieve the angle that the robot platform will tilt to
[1.107s]     PUBLISHERS:
[1.107s]         -joint_state: publishes joint angles of the turtle_robot
[1.107s]         -odom_pub: sends positions and twists  
[1.107s]         -vel_pub: sends twist to cmd_vel
[1.107s]         -robot_pub: sends continuous robot pose 
[1.107s]             # also just relized I could have potentially taken from odom publisher 
[1.107s]             # instead of creating a whole new object and publisher, but too late now
[1.108s]     TRANSFORMS:
[1.108s]         -world_odom: connects odom frame to world frame 
[1.108s]         -odom_base_link: connects base_link frame to odom frame
[1.108s]     """
[1.108s]        
[1.108s]                                       ^
[1.108s] 
[1.108s] ./turtle_brick/turtle_robot.py:28:46: W291 trailing whitespace
[1.108s]     """
[1.109s]     Creates the turtle_robot and controls joint and translation movements. 
[1.109s]     Additionally, places it in the world and connects to turtlesim. 
[1.109s]     SUBSCRIPTIONS:
[1.109s]         -goal_sub: subscribes to goal_sub and 
[1.109s]             recieves the positions that will 
[1.109s]             calculate movement towards goal_pose
[1.109s]         -tilt_sub: subscribes to tilt and will 
[1.109s]             recieve the angle that the robot platform will tilt to
[1.110s]     PUBLISHERS:
[1.110s]         -joint_state: publishes joint angles of the turtle_robot
[1.110s]         -odom_pub: sends positions and twists  
[1.110s]         -vel_pub: sends twist to cmd_vel
[1.110s]         -robot_pub: sends continuous robot pose 
[1.110s]             # also just relized I could have potentially taken from odom publisher 
[1.111s]             # instead of creating a whole new object and publisher, but too late now
[1.111s]     TRANSFORMS:
[1.111s]         -world_odom: connects odom frame to world frame 
[1.112s]         -odom_base_link: connects base_link frame to odom frame
[1.112s]     """
[1.112s]        
[1.112s]                                      ^
[1.112s] 
[1.112s] ./turtle_brick/turtle_robot.py:30:48: W291 trailing whitespace
[1.112s]     """
[1.113s]     Creates the turtle_robot and controls joint and translation movements. 
[1.113s]     Additionally, places it in the world and connects to turtlesim. 
[1.113s]     SUBSCRIPTIONS:
[1.113s]         -goal_sub: subscribes to goal_sub and 
[1.113s]             recieves the positions that will 
[1.113s]             calculate movement towards goal_pose
[1.113s]         -tilt_sub: subscribes to tilt and will 
[1.113s]             recieve the angle that the robot platform will tilt to
[1.113s]     PUBLISHERS:
[1.113s]         -joint_state: publishes joint angles of the turtle_robot
[1.114s]         -odom_pub: sends positions and twists  
[1.114s]         -vel_pub: sends twist to cmd_vel
[1.114s]         -robot_pub: sends continuous robot pose 
[1.114s]             # also just relized I could have potentially taken from odom publisher 
[1.114s]             # instead of creating a whole new object and publisher, but too late now
[1.114s]     TRANSFORMS:
[1.114s]         -world_odom: connects odom frame to world frame 
[1.114s]         -odom_base_link: connects base_link frame to odom frame
[1.115s]     """
[1.115s]        
[1.115s]                                        ^
[1.115s] 
[1.115s] ./turtle_brick/turtle_robot.py:31:83: W291 trailing whitespace
[1.115s]     """
[1.115s]     Creates the turtle_robot and controls joint and translation movements. 
[1.115s]     Additionally, places it in the world and connects to turtlesim. 
[1.116s]     SUBSCRIPTIONS:
[1.116s]         -goal_sub: subscribes to goal_sub and 
[1.116s]             recieves the positions that will 
[1.116s]             calculate movement towards goal_pose
[1.116s]         -tilt_sub: subscribes to tilt and will 
[1.116s]             recieve the angle that the robot platform will tilt to
[1.116s]     PUBLISHERS:
[1.116s]         -joint_state: publishes joint angles of the turtle_robot
[1.117s]         -odom_pub: sends positions and twists  
[1.117s]         -vel_pub: sends twist to cmd_vel
[1.117s]         -robot_pub: sends continuous robot pose 
[1.117s]             # also just relized I could have potentially taken from odom publisher 
[1.117s]             # instead of creating a whole new object and publisher, but too late now
[1.117s]     TRANSFORMS:
[1.117s]         -world_odom: connects odom frame to world frame 
[1.117s]         -odom_base_link: connects base_link frame to odom frame
[1.117s]     """
[1.118s]        
[1.118s]                                                                           ^
[1.118s] 
[1.118s] ./turtle_brick/turtle_robot.py:34:56: W291 trailing whitespace
[1.118s]     """
[1.118s]     Creates the turtle_robot and controls joint and translation movements. 
[1.118s]     Additionally, places it in the world and connects to turtlesim. 
[1.118s]     SUBSCRIPTIONS:
[1.119s]         -goal_sub: subscribes to goal_sub and 
[1.119s]             recieves the positions that will 
[1.119s]             calculate movement towards goal_pose
[1.119s]         -tilt_sub: subscribes to tilt and will 
[1.119s]             recieve the angle that the robot platform will tilt to
[1.119s]     PUBLISHERS:
[1.119s]         -joint_state: publishes joint angles of the turtle_robot
[1.119s]         -odom_pub: sends positions and twists  
[1.119s]         -vel_pub: sends twist to cmd_vel
[1.120s]         -robot_pub: sends continuous robot pose 
[1.120s]             # also just relized I could have potentially taken from odom publisher 
[1.120s]             # instead of creating a whole new object and publisher, but too late now
[1.120s]     TRANSFORMS:
[1.120s]         -world_odom: connects odom frame to world frame 
[1.120s]         -odom_base_link: connects base_link frame to odom frame
[1.120s]     """
[1.120s]        
[1.120s]                                                ^
[1.121s] 
[1.121s] ./turtle_brick/turtle_robot.py:39:9: E265 block comment should start with '# '
[1.121s]         #params
[1.121s]         ^
[1.121s] 
[1.121s] ./turtle_brick/turtle_robot.py:40:33: W291 trailing whitespace
[1.121s]         self.declare_parameters( 
[1.121s]                                 ^
[1.121s] 
[1.122s] ./turtle_brick/turtle_robot.py:45:32: E231 missing whitespace after ','
[1.122s]                 ('max_velocity',3.0),
[1.122s]                                ^
[1.122s] 
[1.122s] ./turtle_brick/turtle_robot.py:46:27: E231 missing whitespace after ','
[1.122s]                 ('gravity',9.8)
[1.122s]                           ^
[1.122s] 
[1.123s] ./turtle_brick/turtle_robot.py:56:65: E231 missing whitespace after ','
[1.123s]         self.joint_publisher_ = self.create_publisher(JointState,'/joint_states',qos_profile)
[1.123s]                                                                 ^
[1.123s] 
[1.123s] ./turtle_brick/turtle_robot.py:56:81: E231 missing whitespace after ','
[1.123s]         self.joint_publisher_ = self.create_publisher(JointState,'/joint_states',qos_profile)
[1.123s]                                                                                 ^
[1.123s] 
[1.124s] ./turtle_brick/turtle_robot.py:57:55: E231 missing whitespace after ','
[1.124s]         self.odom_pub = self.create_publisher(Odometry,'/odom',10)
[1.124s]                                                       ^
[1.124s] 
[1.124s] ./turtle_brick/turtle_robot.py:57:63: E231 missing whitespace after ','
[1.124s]         self.odom_pub = self.create_publisher(Odometry,'/odom',10)
[1.124s]                                                               ^
[1.124s] 
[1.124s] ./turtle_brick/turtle_robot.py:58:51: E231 missing whitespace after ','
[1.125s]         self.vel_pub = self.create_publisher(Twist,'/cmd_vel',10)
[1.125s]                                                   ^
[1.125s] 
[1.125s] ./turtle_brick/turtle_robot.py:58:62: E231 missing whitespace after ','
[1.125s]         self.vel_pub = self.create_publisher(Twist,'/cmd_vel',10)
[1.125s]                                                              ^
[1.125s] 
[1.125s] ./turtle_brick/turtle_robot.py:59:52: E231 missing whitespace after ','
[1.126s]         self.robot_pub = self.create_publisher(Pose,'/robot',10)
[1.126s]                                                    ^
[1.126s] 
[1.126s] ./turtle_brick/turtle_robot.py:59:61: E231 missing whitespace after ','
[1.126s]         self.robot_pub = self.create_publisher(Pose,'/robot',10)
[1.126s]                                                             ^
[1.126s] 
[1.126s] ./turtle_brick/turtle_robot.py:61:61: E231 missing whitespace after ','
[1.126s]         self.goal_sub = self.create_subscription(PoseStamped,'/goal_pose',self.pose_callback,10)
[1.127s]                                                             ^
[1.127s] 
[1.127s] ./turtle_brick/turtle_robot.py:61:74: E231 missing whitespace after ','
[1.127s]         self.goal_sub = self.create_subscription(PoseStamped,'/goal_pose',self.pose_callback,10)
[1.127s]                                                                          ^
[1.127s] 
[1.127s] ./turtle_brick/turtle_robot.py:61:93: E231 missing whitespace after ','
[1.127s]         self.goal_sub = self.create_subscription(PoseStamped,'/goal_pose',self.pose_callback,10)
[1.128s]                                                                                             ^
[1.128s] 
[1.128s] ./turtle_brick/turtle_robot.py:62:54: E231 missing whitespace after ','
[1.128s]         self.tilt_sub = self.create_subscription(Tilt,'/tilt',self.tilt_callback,10)
[1.128s]                                                      ^
[1.128s] 
[1.128s] ./turtle_brick/turtle_robot.py:62:62: E231 missing whitespace after ','
[1.128s]         self.tilt_sub = self.create_subscription(Tilt,'/tilt',self.tilt_callback,10)
[1.128s]                                                              ^
[1.129s] 
[1.129s] ./turtle_brick/turtle_robot.py:62:81: E231 missing whitespace after ','
[1.129s]         self.tilt_sub = self.create_subscription(Tilt,'/tilt',self.tilt_callback,10)
[1.129s]                                                                                 ^
[1.129s] 
[1.129s] ./turtle_brick/turtle_robot.py:63:53: W291 trailing whitespace
[1.129s]         # Static broadcasters publish on /tf_static.        
[1.129s]                                                     ^
[1.129s] 
[1.129s] ./turtle_brick/turtle_robot.py:67:1: W293 blank line contains whitespace
[1.130s]         
[1.130s] ^
[1.130s] 
[1.130s] ./turtle_brick/turtle_robot.py:76:9: E265 block comment should start with '# '
[1.130s]         #positions 
[1.130s]         ^
[1.130s] 
[1.130s] ./turtle_brick/turtle_robot.py:76:19: W291 trailing whitespace
[1.130s]         #positions 
[1.130s]                   ^
[1.131s] 
[1.131s] ./turtle_brick/turtle_robot.py:77:28: W291 trailing whitespace
[1.131s]         self.currentx = 0.0 
[1.131s]                            ^
[1.131s] 
[1.131s] ./turtle_brick/turtle_robot.py:98:9: E265 block comment should start with '# '
[1.131s]         #joint state object
[1.131s]         ^
[1.132s] 
[1.132s] ./turtle_brick/turtle_robot.py:104:23: E225 missing whitespace around operator
[1.132s]         self.tilt_angf= 0.0
[1.132s]                       ^
[1.132s] 
[1.132s] ./turtle_brick/turtle_robot.py:111:9: E265 block comment should start with '# '
[1.132s]         #cmd_vel object
[1.132s]         ^
[1.132s] 
[1.132s] ./turtle_brick/turtle_robot.py:114:9: E265 block comment should start with '# '
[1.132s]         #create pose object
[1.132s]         ^
[1.132s] 
[1.132s] ./turtle_brick/turtle_robot.py:121:1: W293 blank line contains whitespace
[1.132s]     
[1.132s] ^
[1.133s] 
[1.133s] ./turtle_brick/turtle_robot.py:122:27: E231 missing whitespace after ','
[1.133s]     def pose_callback(self,msg):
[1.133s]                           ^
[1.133s] 
[1.133s] ./turtle_brick/turtle_robot.py:123:76: E231 missing whitespace after ','
[1.133s]         self.get_logger().info('goal pose: %f %f %f' % (msg.pose.position.x,msg.pose.position.y,msg.pose.orientation.z) )
[1.133s]                                                                            ^
[1.133s] 
[1.133s] ./turtle_brick/turtle_robot.py:123:96: E231 missing whitespace after ','
[1.133s]         self.get_logger().info('goal pose: %f %f %f' % (msg.pose.position.x,msg.pose.position.y,msg.pose.orientation.z) )
[1.133s]                                                                                                ^
[1.133s] 
[1.133s] ./turtle_brick/turtle_robot.py:123:100: E501 line too long (121 > 99 characters)
[1.133s]         self.get_logger().info('goal pose: %f %f %f' % (msg.pose.position.x,msg.pose.position.y,msg.pose.orientation.z) )
[1.133s]                                                                                                    ^
[1.133s] 
[1.133s] ./turtle_brick/turtle_robot.py:123:120: E202 whitespace before ')'
[1.134s]         self.get_logger().info('goal pose: %f %f %f' % (msg.pose.position.x,msg.pose.position.y,msg.pose.orientation.z) )
[1.134s]                                                                                                                        ^
[1.134s] 
[1.134s] ./turtle_brick/turtle_robot.py:132:15: E225 missing whitespace around operator
[1.134s]         if (dy<0 and dx>0) or (dy>0 and dx>0):
[1.134s]               ^
[1.134s] 
[1.134s] ./turtle_brick/turtle_robot.py:132:24: E225 missing whitespace around operator
[1.134s]         if (dy<0 and dx>0) or (dy>0 and dx>0):
[1.134s]                        ^
[1.134s] 
[1.134s] ./turtle_brick/turtle_robot.py:132:34: E225 missing whitespace around operator
[1.134s]         if (dy<0 and dx>0) or (dy>0 and dx>0):
[1.134s]                                  ^
[1.134s] 
[1.134s] ./turtle_brick/turtle_robot.py:132:43: E225 missing whitespace around operator
[1.134s]         if (dy<0 and dx>0) or (dy>0 and dx>0):
[1.135s]                                           ^
[1.135s] 
[1.135s] ./turtle_brick/turtle_robot.py:142:27: E231 missing whitespace after ','
[1.135s]     def tilt_callback(self,msg):
[1.135s]                           ^
[1.135s] 
[1.135s] ./turtle_brick/turtle_robot.py:148:1: W293 blank line contains whitespace
[1.135s]         
[1.135s] ^
[1.135s] 
[1.135s] ./turtle_brick/turtle_robot.py:149:9: E265 block comment should start with '# '
[1.135s]         #update odom
[1.135s]         ^
[1.135s] 
[1.135s] ./turtle_brick/turtle_robot.py:156:1: W293 blank line contains whitespace
[1.135s]         
[1.135s] ^
[1.135s] 
[1.136s] ./turtle_brick/turtle_robot.py:157:9: E303 too many blank lines (2)
[1.136s]         #updating joint states
[1.136s]         ^
[1.136s] 
[1.136s] ./turtle_brick/turtle_robot.py:157:9: E265 block comment should start with '# '
[1.136s]         #updating joint states
[1.136s]         ^
[1.136s] 
[1.136s] ./turtle_brick/turtle_robot.py:159:46: E231 missing whitespace after ','
[1.136s]         self.joint_state.name = ['stem_wheel','base_stem','link_platform1']
[1.136s]                                              ^
[1.136s] 
[1.136s] ./turtle_brick/turtle_robot.py:159:58: E231 missing whitespace after ','
[1.136s]         self.joint_state.name = ['stem_wheel','base_stem','link_platform1']
[1.136s]                                                          ^
[1.137s] 
[1.137s] ./turtle_brick/turtle_robot.py:161:1: W293 blank line contains whitespace
[1.137s]         
[1.137s] ^
[1.137s] 
[1.137s] ./turtle_brick/turtle_robot.py:162:9: E265 block comment should start with '# '
[1.137s]         #update twist
[1.137s]         ^
[1.137s] 
[1.137s] ./turtle_brick/turtle_robot.py:165:1: W293 blank line contains whitespace
[1.137s]         
[1.137s] ^
[1.137s] 
[1.137s] ./turtle_brick/turtle_robot.py:166:9: E265 block comment should start with '# '
[1.137s]         #update robot pose
[1.137s]         ^
[1.137s] 
[1.138s] ./turtle_brick/turtle_robot.py:167:34: E225 missing whitespace around operator
[1.138s]         self.robo_pose.position.x=self.currentx
[1.138s]                                  ^
[1.138s] 
[1.138s] ./turtle_brick/turtle_robot.py:168:34: E225 missing whitespace around operator
[1.138s]         self.robo_pose.position.y=self.currenty
[1.138s]                                  ^
[1.138s] 
[1.138s] ./turtle_brick/turtle_robot.py:169:34: E225 missing whitespace around operator
[1.138s]         self.robo_pose.position.z=self.height
[1.138s]                                  ^
[1.138s] 
[1.139s] ./turtle_brick/turtle_robot.py:172:9: E265 block comment should start with '# '
[1.139s]         #update transforms
[1.139s]         ^
[1.139s] 
[1.139s] ./turtle_brick/turtle_robot.py:173:68: W291 trailing whitespace
[1.139s]         self.odom_base_link.transform.translation.x = self.currentx 
[1.139s]                                                                    ^
[1.139s] 
[1.139s] ./turtle_brick/turtle_robot.py:174:68: W291 trailing whitespace
[1.139s]         self.odom_base_link.transform.translation.y = self.currenty 
[1.139s]                                                                    ^
[1.140s] 
[1.140s] ./turtle_brick/turtle_robot.py:175:48: W291 trailing whitespace
[1.140s]         self.odom_base_link.header.stamp = time 
[1.140s]                                                ^
[1.140s] 
[1.140s] ./turtle_brick/turtle_robot.py:177:9: E265 block comment should start with '# '
[1.140s]         #broadcasting and publishing
[1.140s]         ^
[1.141s] 
[1.141s] ./turtle_brick/turtle_robot.py:178:56: W291 trailing whitespace
[1.141s]         self.joint_publisher_.publish(self.joint_state) 
[1.141s]                                                        ^
[1.141s] 
[1.141s] ./turtle_brick/turtle_robot.py:183:9: E265 block comment should start with '# '
[1.141s]         #moving the robot to goal pose
[1.142s]         ^
[1.142s] 
[1.142s] ./turtle_brick/turtle_robot.py:189:41: E225 missing whitespace around operator
[1.142s]         if abs(self.currenty-self.goaly)<= 0.03:
[1.142s]                                         ^
[1.142s] 
[1.142s] ./turtle_brick/turtle_robot.py:192:1: W293 blank line contains whitespace
[1.142s]         
[1.142s] ^
[1.142s] 
[1.143s] ./turtle_brick/turtle_robot.py:193:9: E265 block comment should start with '# '
[1.143s]         #move the wheel and stem to face direction and roll
[1.143s]         ^
[1.143s] 
[1.143s] ./turtle_brick/turtle_robot.py:194:38: E225 missing whitespace around operator
[1.143s]         if self.vx != 0.0 and self.vy!=0.0:
[1.143s]                                      ^
[1.143s] 
[1.143s] ./turtle_brick/turtle_robot.py:196:49: E225 missing whitespace around operator
[1.143s]         if abs(self.stem_ang-self.direction_ang)>= 0.2:
[1.144s]                                                 ^
[1.144s] 
[1.144s] ./turtle_brick/turtle_robot.py:197:51: E225 missing whitespace around operator
[1.144s]             if self.stem_ang-self.direction_ang >=0:
[1.144s]                                                   ^
[1.144s] 
[1.144s] ./turtle_brick/turtle_robot.py:199:80: E202 whitespace before ')'
[1.144s]                 self.get_logger().info('stem angle: "%s"' % (self.direction_ang ))
[1.144s]                                                                                ^
[1.144s] 
[1.145s] ./turtle_brick/turtle_robot.py:203:9: E265 block comment should start with '# '
[1.145s]         #tilt if tilt is called
[1.145s]         ^
[1.145s] 
[1.145s] ./turtle_brick/turtle_robot.py:205:52: E225 missing whitespace around operator
[1.145s]             if abs(self.tilt_ang-self.tilt_angf) >=0.01:       
[1.145s]                                                    ^
[1.145s] 
[1.145s] ./turtle_brick/turtle_robot.py:205:57: W291 trailing whitespace
[1.145s]             if abs(self.tilt_ang-self.tilt_angf) >=0.01:       
[1.146s]                                                         ^
[1.146s] 
[1.146s] ./turtle_brick/turtle_robot.py:207:34: E225 missing whitespace around operator
[1.146s]                     self.tilt_ang-=0.005
[1.146s]                                  ^
[1.146s] 
[1.146s] ./turtle_brick/turtle_robot.py:209:34: E225 missing whitespace around operator
[1.146s]                     self.tilt_ang+=0.005
[1.146s]                                  ^
[1.146s] 
[1.147s] ./turtle_brick/turtle_robot.py:214:1: W293 blank line contains whitespace
[1.147s]         
[1.147s] ^
[1.147s] 
[1.147s] ./turtle_brick/turtle_robot.py:215:1: W293 blank line contains whitespace
[1.147s]         
[1.147s] ^
[1.147s] 
[1.147s] ./turtle_brick/turtle_robot.py:217:1: E303 too many blank lines (3)
[1.148s] def main(args=None):
[1.148s] ^
[1.148s] 
[1.148s] ./turtle_brick/turtle_robot.py:219:16: E225 missing whitespace around operator
[1.148s]     turtleRobot= Turtle_robot()
[1.148s]                ^
[1.148s] 
[1.148s] ./turtle_brick/turtle_robot.py:221:19: W291 trailing whitespace
[1.149s]     rclpy.shutdown 
[1.149s]                   ^
[1.149s] 
[1.149s] ./turtle_brick/turtle_robot.py:223:1: W391 blank line at end of file
[1.149s] 
[1.149s] ^
[1.149s] 
[1.149s] ./turtle_brick/catcher.py:2:1: F401 'cmath.sqrt' imported but unused
[1.150s] from cmath import sqrt
[1.150s] ^
[1.150s] 
[1.150s] ./turtle_brick/catcher.py:6:1: F401 'tf2_ros.static_transform_broadcaster.StaticTransformBroadcaster' imported but unused
[1.150s] from tf2_ros.static_transform_broadcaster import StaticTransformBroadcaster
[1.150s] ^
[1.150s] 
[1.150s] ./turtle_brick/catcher.py:7:1: F401 'tf2_ros.TransformBroadcaster' imported but unused
[1.150s] from tf2_ros import TransformBroadcaster
[1.151s] ^
[1.151s] 
[1.151s] ./turtle_brick/catcher.py:8:1: F401 'geometry_msgs.msg.TransformStamped' imported but unused
[1.151s] from geometry_msgs.msg import TransformStamped, Pose, PoseStamped, Vector3
[1.151s] ^
[1.151s] 
[1.151s] ./turtle_brick/catcher.py:9:1: F401 'turtle_brick_interfaces.srv.Place' imported but unused
[1.151s] from turtle_brick_interfaces.srv import Place, Drop
[1.152s] ^
[1.152s] 
[1.152s] ./turtle_brick/catcher.py:9:1: F401 'turtle_brick_interfaces.srv.Drop' imported but unused
[1.152s] from turtle_brick_interfaces.srv import Place, Drop
[1.152s] ^
[1.152s] 
[1.152s] ./turtle_brick/catcher.py:11:42: W291 trailing whitespace
[1.152s] from visualization_msgs.msg import Marker 
[1.152s]                                          ^
[1.153s] 
[1.153s] ./turtle_brick/catcher.py:12:12: W291 trailing whitespace
[1.153s] import math 
[1.153s]            ^
[1.153s] 
[1.153s] ./turtle_brick/catcher.py:14:1: F401 '.quaternion.angle_axis_to_quaternion' imported but unused
[1.153s] from .quaternion import angle_axis_to_quaternion
[1.153s] ^
[1.153s] 
[1.153s] ./turtle_brick/catcher.py:17:1: E302 expected 2 blank lines, found 1
[1.154s] class State(Enum):
[1.154s] ^
[1.154s] 
[1.154s] ./turtle_brick/catcher.py:25:1: E302 expected 2 blank lines, found 1
[1.154s] class Catcher(Node):
[1.154s] ^
[1.154s] 
[1.154s] ./turtle_brick/catcher.py:28:69: W291 trailing whitespace
[1.154s]     """
[1.154s]     calculates if robot can catch placed brick in time or not
[1.155s]     -If it can catch, robot travels to drop location, catches brick, 
[1.155s]         travels back to origin, and tilts brick off
[1.155s]     -If the robot can't reach brick in time, the screen publishes "UNREACHABLE",
[1.155s]         and lets brick fall to ground
[1.155s]     SUBSCRIPTIONS:
[1.155s]         -robot_sub:continuous robot position
[1.155s]         -drop_sub: gets placed brick position and sends if drop service is called 
[1.155s]         -catch_sub: gets True the brick is caught on the platform
[1.156s]     PUBLISHERS:
[1.156s]         -goal_pose: send pose to turtle robot
[1.156s]         -tilt: send tilt angle to platform on turtle robot
[1.156s]         -text marker: publishes "UNREACHABLE" if robot can't reach in time
[1.156s]     """
[1.156s]        
[1.156s]                                                             ^
[1.156s] 
[1.156s] ./turtle_brick/catcher.py:34:82: W291 trailing whitespace
[1.156s]     """
[1.157s]     calculates if robot can catch placed brick in time or not
[1.157s]     -If it can catch, robot travels to drop location, catches brick, 
[1.157s]         travels back to origin, and tilts brick off
[1.157s]     -If the robot can't reach brick in time, the screen publishes "UNREACHABLE",
[1.157s]         and lets brick fall to ground
[1.157s]     SUBSCRIPTIONS:
[1.157s]         -robot_sub:continuous robot position
[1.157s]         -drop_sub: gets placed brick position and sends if drop service is called 
[1.157s]         -catch_sub: gets True the brick is caught on the platform
[1.157s]     PUBLISHERS:
[1.158s]         -goal_pose: send pose to turtle robot
[1.158s]         -tilt: send tilt angle to platform on turtle robot
[1.158s]         -text marker: publishes "UNREACHABLE" if robot can't reach in time
[1.158s]     """
[1.158s]        
[1.158s]                                                              
[1.158s]            ^
[1.158s] 
[1.158s] ./turtle_brick/catcher.py:44:9: E265 block comment should start with '# '
[1.159s]         #params
[1.159s]         ^
[1.159s] 
[1.159s] ./turtle_brick/catcher.py:45:33: W291 trailing whitespace
[1.159s]         self.declare_parameters( 
[1.159s]                                 ^
[1.159s] 
[1.159s] ./turtle_brick/catcher.py:50:32: E231 missing whitespace after ','
[1.160s]                 ('max_velocity',3.0),
[1.160s]                                ^
[1.160s] 
[1.160s] ./turtle_brick/catcher.py:51:27: E231 missing whitespace after ','
[1.160s]                 ('gravity',9.8)
[1.160s]                           ^
[1.160s] 
[1.160s] ./turtle_brick/catcher.py:58:9: E265 block comment should start with '# '
[1.161s]         #variables
[1.161s]         ^
[1.161s] 
[1.161s] ./turtle_brick/catcher.py:61:9: E265 block comment should start with '# '
[1.161s]         #state
[1.161s]         ^
[1.161s] 
[1.161s] ./turtle_brick/catcher.py:63:9: E265 block comment should start with '# '
[1.161s]         #subscritions
[1.161s]         ^
[1.162s] 
[1.162s] ./turtle_brick/catcher.py:64:55: E231 missing whitespace after ','
[1.162s]         self.robot_sub = self.create_subscription(Pose,'/robot',self.robot_callback,10)
[1.162s]                                                       ^
[1.162s] 
[1.162s] ./turtle_brick/catcher.py:64:64: E231 missing whitespace after ','
[1.162s]         self.robot_sub = self.create_subscription(Pose,'/robot',self.robot_callback,10)
[1.162s]                                                                ^
[1.162s] 
[1.162s] ./turtle_brick/catcher.py:64:84: E231 missing whitespace after ','
[1.163s]         self.robot_sub = self.create_subscription(Pose,'/robot',self.robot_callback,10)
[1.163s]                                                                                    ^
[1.163s] 
[1.163s] ./turtle_brick/catcher.py:65:57: E231 missing whitespace after ','
[1.163s]         self.drop_sub = self.create_subscription(Vector3,'/drop', self.drop_callback,10)
[1.163s]                                                         ^
[1.163s] 
[1.163s] ./turtle_brick/catcher.py:65:85: E231 missing whitespace after ','
[1.164s]         self.drop_sub = self.create_subscription(Vector3,'/drop', self.drop_callback,10)
[1.164s]                                                                                     ^
[1.164s] 
[1.164s] ./turtle_brick/catcher.py:66:55: E231 missing whitespace after ','
[1.164s]         self.catch_sub = self.create_subscription(Bool,'/catch', self.catch_callback,10)
[1.164s]                                                       ^
[1.164s] 
[1.164s] ./turtle_brick/catcher.py:66:85: E231 missing whitespace after ','
[1.164s]         self.catch_sub = self.create_subscription(Bool,'/catch', self.catch_callback,10)
[1.164s]                                                                                     ^
[1.165s] 
[1.165s] ./turtle_brick/catcher.py:67:9: E265 block comment should start with '# '
[1.165s]         #publisher
[1.165s]         ^
[1.165s] 
[1.165s] ./turtle_brick/catcher.py:68:22: E225 missing whitespace around operator
[1.165s]         self.goal_pub= self.create_publisher(PoseStamped,'/goal_pose',10)
[1.165s]                      ^
[1.165s] 
[1.165s] ./turtle_brick/catcher.py:68:57: E231 missing whitespace after ','
[1.166s]         self.goal_pub= self.create_publisher(PoseStamped,'/goal_pose',10)
[1.166s]                                                         ^
[1.166s] 
[1.166s] ./turtle_brick/catcher.py:68:70: E231 missing whitespace after ','
[1.166s]         self.goal_pub= self.create_publisher(PoseStamped,'/goal_pose',10)
[1.166s]                                                                      ^
[1.166s] 
[1.166s] ./turtle_brick/catcher.py:69:22: E225 missing whitespace around operator
[1.166s]         self.tilt_pub= self.create_publisher(Tilt,'/tilt',10)
[1.166s]                      ^
[1.167s] 
[1.167s] ./turtle_brick/catcher.py:69:50: E231 missing whitespace after ','
[1.167s]         self.tilt_pub= self.create_publisher(Tilt,'/tilt',10)
[1.167s]                                                  ^
[1.167s] 
[1.167s] ./turtle_brick/catcher.py:69:58: E231 missing whitespace after ','
[1.167s]         self.tilt_pub= self.create_publisher(Tilt,'/tilt',10)
[1.167s]                                                          ^
[1.167s] 
[1.167s] ./turtle_brick/catcher.py:70:55: E231 missing whitespace after ','
[1.168s]         self.marker_pub = self.create_publisher(Marker,'/marker',10)
[1.168s]                                                       ^
[1.168s] 
[1.168s] ./turtle_brick/catcher.py:70:65: E231 missing whitespace after ','
[1.168s]         self.marker_pub = self.create_publisher(Marker,'/marker',10)
[1.168s]                                                                 ^
[1.168s] 
[1.168s] ./turtle_brick/catcher.py:71:9: E265 block comment should start with '# '
[1.168s]         #pose and posestamp and tilt
[1.168s]         ^
[1.169s] 
[1.169s] ./turtle_brick/catcher.py:73:1: W293 blank line contains whitespace
[1.169s]     
[1.169s] ^
[1.169s] 
[1.169s] ./turtle_brick/catcher.py:74:9: E265 block comment should start with '# '
[1.169s]         #the text marker
[1.169s]         ^
[1.169s] 
[1.169s] ./turtle_brick/catcher.py:97:1: W293 blank line contains whitespace
[1.170s]     
[1.170s] ^
[1.170s] 
[1.170s] ./turtle_brick/catcher.py:98:5: E303 too many blank lines (3)
[1.170s]     def robot_callback(self,msg):
[1.170s]     ^
[1.170s] 
[1.170s] ./turtle_brick/catcher.py:98:28: E231 missing whitespace after ','
[1.171s]     def robot_callback(self,msg):
[1.171s]                            ^
[1.171s] 
[1.171s] ./turtle_brick/catcher.py:102:100: E501 line too long (100 > 99 characters)
[1.171s]         if self.state == State.TILT and abs(self.platformx) <= 0.05 and abs(self.platformy) <= 0.05:
[1.171s]                                                                                                    ^
[1.171s] 
[1.172s] ./turtle_brick/catcher.py:108:1: W293 blank line contains whitespace
[1.172s]     
[1.172s] ^
[1.172s] 
[1.172s] ./turtle_brick/catcher.py:109:28: E231 missing whitespace after ','
[1.172s]     def catch_callback(self,msg):
[1.172s]                            ^
[1.172s] 
[1.172s] ./turtle_brick/catcher.py:119:5: E303 too many blank lines (2)
[1.173s]     def drop_callback(self,msg):
[1.173s]     ^
[1.173s] 
[1.173s] ./turtle_brick/catcher.py:119:27: E231 missing whitespace after ','
[1.173s]     def drop_callback(self,msg):
[1.173s]                           ^
[1.173s] 
[1.173s] ./turtle_brick/catcher.py:124:40: E225 missing whitespace around operator
[1.173s]         if self.brick_pose.position.z >self.height:
[1.173s]                                        ^
[1.173s] 
[1.174s] ./turtle_brick/catcher.py:126:13: E265 block comment should start with '# '
[1.174s]             #calc time takes robot to move to x,y position from current position in max velocity speed (3.0 m/s) to 0.3 radius of the platform
[1.174s]             ^
[1.174s] 
[1.174s] ./turtle_brick/catcher.py:126:100: E501 line too long (142 > 99 characters)
[1.174s]             #calc time takes robot to move to x,y position from current position in max velocity speed (3.0 m/s) to 0.3 radius of the platform
[1.174s]                                                                                                    ^
[1.174s] 
[1.174s] ./turtle_brick/catcher.py:127:100: E501 line too long (155 > 99 characters)
[1.175s]             timerobo = math.sqrt((abs(self.brick_pose.position.x-self.platformx)-0.3)**2+(abs(self.brick_pose.position.y-self.platformy)-0.3)**2)/self.vmax
[1.175s]                                                                                                    ^
[1.175s] 
[1.175s] ./turtle_brick/catcher.py:128:28: E225 missing whitespace around operator
[1.175s]             if timerobo+1.0<=timefall: #1.0 is to give some time for message to be revieved and acted upon
[1.175s]                            ^
[1.175s] 
[1.175s] ./turtle_brick/catcher.py:128:39: E261 at least two spaces before inline comment
[1.175s]             if timerobo+1.0<=timefall: #1.0 is to give some time for message to be revieved and acted upon
[1.175s]                                       ^
[1.176s] 
[1.176s] ./turtle_brick/catcher.py:128:40: E262 inline comment should start with '# '
[1.176s]             if timerobo+1.0<=timefall: #1.0 is to give some time for message to be revieved and acted upon
[1.176s]                                        ^
[1.176s] 
[1.176s] ./turtle_brick/catcher.py:128:100: E501 line too long (106 > 99 characters)
[1.176s]             if timerobo+1.0<=timefall: #1.0 is to give some time for message to be revieved and acted upon
[1.176s]                                                                                                    ^
[1.176s] 
[1.176s] ./turtle_brick/catcher.py:138:1: W293 blank line contains whitespace
[1.177s]         
[1.177s] ^
[1.177s] 
[1.177s] ./turtle_brick/catcher.py:139:1: W293 blank line contains whitespace
[1.177s]         
[1.177s] ^
[1.177s] 
[1.177s] ./turtle_brick/catcher.py:140:1: W293 blank line contains whitespace
[1.177s]         
[1.177s] ^
[1.178s] 
[1.178s] ./turtle_brick/catcher.py:143:1: E303 too many blank lines (6)
[1.178s] def catcher_entry(args=None):
[1.178s] ^
[1.178s] 
[1.178s] ./turtle_brick/catcher.py:147:21: W292 no newline at end of file
[1.178s]     rclpy.shutdown()                    ^
[1.178s] 
[1.178s] ./test/math_test.py:4:1: W293 blank line contains whitespace
[1.179s]         
[1.179s] ^
[1.179s] 
[1.179s] ./test/math_test.py:6:25: W292 no newline at end of file
[1.179s]         assert 5+6 == 20                        ^
[1.179s] 
[1.179s] ./test/brick.test.py:1:1: F401 'ament_copyright.main.main' imported but unused
[1.179s] from ament_copyright.main import main
[1.179s] ^
[1.180s] 
[1.180s] ./test/brick.test.py:2:1: F401 'pytest' imported but unused
[1.180s] import pytest
[1.180s] ^
[1.180s] 
[1.180s] ./test/brick.test.py:3:1: F401 'launch' imported but unused
[1.180s] import launch
[1.180s] ^
[1.180s] 
[1.181s] ./test/brick.test.py:4:1: F401 'launch_pytest' imported but unused
[1.181s] import launch_pytest
[1.181s] ^
[1.181s] 
[1.181s] ./test/brick.test.py:5:1: F401 'sys' imported but unused
[1.181s] import sys
[1.181s] ^
[1.181s] 
[1.181s] ./test/brick.test.py:6:1: F401 'launch_ros' imported but unused
[1.182s] import launch_ros
[1.182s] ^
[1.182s] 
[1.182s] ./test/brick.test.py:7:1: F401 'pathlib.Path' imported but unused
[1.182s] from pathlib import Path
[1.182s] ^
[1.182s] 
[1.182s] ./test/brick.test.py:8:1: E265 block comment should start with '# '
[1.182s] #found this example here https://github.com/ros2/launch/blob/humble/launch_pytest/test/launch_pytest/examples/check_node_msgs.py
[1.182s] ^
[1.183s] 
[1.183s] ./test/brick.test.py:8:100: E501 line too long (128 > 99 characters)
[1.183s] #found this example here https://github.com/ros2/launch/blob/humble/launch_pytest/test/launch_pytest/examples/check_node_msgs.py
[1.183s]                                                                                                    ^
[1.183s] 
[1.183s] ./test/brick.test.py:21:9: W292 no newline at end of file
[1.183s] #     ])        ^
[1.183s] 
[1.183s] ./launch/show_turtle.launch.py:1:1: F401 'ament_index_python.packages.get_package_share_path' imported but unused
[1.183s] from ament_index_python.packages import get_package_share_path,get_package_share_directory
[1.184s] ^
[1.184s] 
[1.184s] ./launch/show_turtle.launch.py:1:63: E231 missing whitespace after ','
[1.184s] from ament_index_python.packages import get_package_share_path,get_package_share_directory
[1.184s]                                                               ^
[1.184s] 
[1.184s] ./launch/show_turtle.launch.py:5:1: F401 'launch.conditions.UnlessCondition' imported but unused
[1.184s] from launch.conditions import IfCondition, UnlessCondition
[1.184s] ^
[1.184s] 
[1.185s] ./launch/show_turtle.launch.py:12:90: W291 trailing whitespace
[1.185s] """
[1.185s] took bases from https://github.com/ros/urdf_tutorial/blob/ros2/launch/display.launch.py
[1.185s] launches the rviz, robot publisher, and choosen joint state publisher nodes and takes the 
[1.185s] turtle_robot.urdf.xacro file from the urdf folder
[1.185s] LAUNCH ARGUMENTS:
[1.185s]     -use_jsp: 
[1.185s]         default: '"gui"'
[1.185s]         arguments: ['"gui"', '"jsp"', '"none"']
[1.185s]             '"gui"': launches with joint_state_publisher_gui_node
[1.185s]             '"jsp"': launches with joint_state_publisher_node
[1.186s]             '"none"': does not use either joint state publisher
[1.186s] """
[1.186s]    
[1.186s]                                                                                      ^
[1.186s] 
[1.186s] ./launch/show_turtle.launch.py:15:14: W291 trailing whitespace
[1.186s] """
[1.186s] took bases from https://github.com/ros/urdf_tutorial/blob/ros2/launch/display.launch.py
[1.186s] launches the rviz, robot publisher, and choosen joint state publisher nodes and takes the 
[1.186s] turtle_robot.urdf.xacro file from the urdf folder
[1.186s] LAUNCH ARGUMENTS:
[1.187s]     -use_jsp: 
[1.187s]         default: '"gui"'
[1.187s]         arguments: ['"gui"', '"jsp"', '"none"']
[1.187s]             '"gui"': launches with joint_state_publisher_gui_node
[1.187s]             '"jsp"': launches with joint_state_publisher_node
[1.187s]             '"none"': does not use either joint state publisher
[1.187s] """
[1.187s]    
[1.187s]          ^
[1.187s] 
[1.187s] ./launch/show_turtle.launch.py:23:1: E302 expected 2 blank lines, found 1
[1.187s] def generate_launch_description():
[1.187s] ^
[1.187s] 
[1.187s] ./launch/show_turtle.launch.py:24:22: E225 missing whitespace around operator
[1.187s]     turtle_brick_path= 'src/turtle_brick'
[1.187s]                      ^
[1.187s] 
[1.187s] ./launch/show_turtle.launch.py:26:51: E225 missing whitespace around operator
[1.188s]     default_rviz_config_path = turtle_brick_path +'/config/turtle_urdf.rviz'
[1.188s]                                                   ^
[1.188s] 
[1.188s] ./launch/show_turtle.launch.py:27:1: W293 blank line contains whitespace
[1.188s]     
[1.188s] ^
[1.188s] 
[1.188s] ./launch/show_turtle.launch.py:28:5: F841 local variable 'use_sim_time' is assigned to but never used
[1.188s]     use_sim_time = LaunchConfiguration('use_sim_time', default='false')
[1.188s]     ^
[1.188s] 
[1.188s] ./launch/show_turtle.launch.py:30:100: E501 line too long (115 > 99 characters)
[1.188s]     use_jsp_arg = DeclareLaunchArgument(name='use_jsp', default_value='"gui"', choices=['"gui"', '"jsp"','"none"'],
[1.188s]                                                                                                    ^
[1.188s] 
[1.188s] ./launch/show_turtle.launch.py:30:105: E231 missing whitespace after ','
[1.188s]     use_jsp_arg = DeclareLaunchArgument(name='use_jsp', default_value='"gui"', choices=['"gui"', '"jsp"','"none"'],
[1.188s]                                                                                                         ^
[1.189s] 
[1.189s] ./launch/show_turtle.launch.py:31:37: E128 continuation line under-indented for visual indent
[1.189s]                                     description='Flag to enable joint_state_publisher_gui')#change
[1.189s]                                     ^
[1.189s] 
[1.189s] ./launch/show_turtle.launch.py:31:92: E261 at least two spaces before inline comment
[1.189s]                                     description='Flag to enable joint_state_publisher_gui')#change
[1.189s]                                                                                            ^
[1.189s] 
[1.189s] ./launch/show_turtle.launch.py:31:92: E262 inline comment should start with '# '
[1.189s]                                     description='Flag to enable joint_state_publisher_gui')#change
[1.189s]                                                                                            ^
[1.189s] 
[1.189s] ./launch/show_turtle.launch.py:34:100: E501 line too long (100 > 99 characters)
[1.189s]     rviz_arg = DeclareLaunchArgument(name='rvizconfig', default_value=str(default_rviz_config_path),
[1.189s]                                                                                                    ^
[1.189s] 
[1.189s] ./launch/show_turtle.launch.py:48:89: E231 missing whitespace after ','
[1.189s]         parameters=[{'robot_description': robot_description, 'publish_frequency': 100.0},config,]
[1.189s]                                                                                         ^
[1.189s] 
[1.190s] ./launch/show_turtle.launch.py:48:96: E231 missing whitespace after ','
[1.190s]         parameters=[{'robot_description': robot_description, 'publish_frequency': 100.0},config,]
[1.190s]                                                                                                ^
[1.190s] 
[1.190s] ./launch/show_turtle.launch.py:55:56: E231 missing whitespace after ','
[1.190s]         condition=IfCondition(PythonExpression([use_jsp,"=='jsp'"]))
[1.190s]                                                        ^
[1.190s] 
[1.190s] ./launch/show_turtle.launch.py:61:56: E231 missing whitespace after ','
[1.190s]         condition=IfCondition(PythonExpression([use_jsp,"=='gui'"]))
[1.190s]                                                        ^
[1.190s] 
[1.190s] [33m=============================== warnings summary ===============================[0m
[1.190s] test/test_flake8.py::test_flake8
[1.190s] test/test_flake8.py::test_flake8
[1.190s]   Warning: SelectableGroups dict interface is deprecated. Use select.
[1.190s] 
[1.190s] -- Docs: https://docs.pytest.org/en/stable/warnings.html
[1.190s] ./launch/show_turtle.launch.py:80:7: W292 no newline at end of file
[1.191s]     ])      ^
[1.191s] 
[1.191s] ./launch/run_turtle.launch.py:2:1: F401 'ament_index_python.packages.get_package_share_path' imported but unused
[1.191s] from ament_index_python.packages import get_package_share_path, get_package_share_directory
[1.191s] ^
[1.191s] 
[1.191s] ./launch/run_turtle.launch.py:5:1: F401 'launch.actions.DeclareLaunchArgument' imported but unused
[1.191s] from launch.actions import DeclareLaunchArgument, IncludeLaunchDescription
[1.191s] ^
[1.191s] 
[1.191s] ./launch/run_turtle.launch.py:6:1: F401 'launch.conditions.IfCondition' imported but unused
[1.191s] from launch.conditions import IfCondition, UnlessCondition
[1.191s] ^
[1.191s] 
[1.191s] ./launch/run_turtle.launch.py:6:1: F401 'launch.conditions.UnlessCondition' imported but unused
[1.191s] from launch.conditions import IfCondition, UnlessCondition
[1.191s] ^
[1.191s] 
[1.191s] ./launch/run_turtle.launch.py:7:1: F401 'launch.substitutions.Command' imported but unused
[1.191s] from launch.substitutions import Command, LaunchConfiguration, PathJoinSubstitution
[1.192s] ^
[1.192s] 
[1.192s] ./launch/run_turtle.launch.py:7:1: F401 'launch.substitutions.LaunchConfiguration' imported but unused
[1.192s] from launch.substitutions import Command, LaunchConfiguration, PathJoinSubstitution
[1.192s] ^
[1.192s] 
[1.192s] ./launch/run_turtle.launch.py:10:1: F401 'launch_ros.parameter_descriptions.ParameterValue' imported but unused
[1.192s] from launch_ros.parameter_descriptions import ParameterValue
[1.192s] ^
[1.192s] 
[1.192s] ./launch/run_turtle.launch.py:13:69: W291 trailing whitespace
[1.192s] """
[1.192s] launches turtlesim and turtle_robot node along with all the nodes in 
[1.192s] show_turtle launch file. Also connects yaml file to turtle_robot
[1.192s] """
[1.192s]    
[1.192s]                                                                 ^
[1.193s] 
[1.193s] ./launch/run_turtle.launch.py:16:1: E302 expected 2 blank lines, found 0
[1.193s] def generate_launch_description():
[1.193s] ^
[1.193s] 
[1.193s] ./launch/run_turtle.launch.py:43:23: E251 unexpected spaces around keyword / parameter equals
[1.193s]             remappings = [('/cmd_vel', '/turtlesim1/turtle1/cmd_vel'),],
[1.193s]                       ^
[1.193s] 
[1.193s] ./launch/run_turtle.launch.py:43:25: E251 unexpected spaces around keyword / parameter equals
[1.193s]             remappings = [('/cmd_vel', '/turtlesim1/turtle1/cmd_vel'),],
[1.193s]                         ^
[1.193s] 
[1.193s] ./launch/run_turtle.launch.py:43:70: E231 missing whitespace after ','
[1.193s]             remappings = [('/cmd_vel', '/turtlesim1/turtle1/cmd_vel'),],
[1.193s]                                                                      ^
[1.193s] 
[1.194s] ./launch/run_turtle.launch.py:46:1: W293 blank line contains whitespace
[1.194s]         
[1.194s] ^
[1.194s] 
[1.194s] ./launch/run_turtle.launch.py:47:7: W292 no newline at end of file
[1.194s]     ])      ^
[1.194s] 
[1.194s] ./launch/turtle_arena.launch.py:5:27: E271 multiple spaces after keyword
[1.194s] from launch.actions import  IncludeLaunchDescription
[1.194s]                           ^
[1.194s] 
[1.194s] ./launch/turtle_arena.launch.py:10:61: W291 trailing whitespace
[1.194s] """
[1.194s] launches arena and catcher nodes along with all the nodes in 
[1.194s] show_turtle launch file.
[1.194s] Also connects to yaml files to arena and catcher node 
[1.194s] """
[1.195s]    
[1.195s]                                                         ^
[1.195s] 
[1.195s] ./launch/turtle_arena.launch.py:12:54: W291 trailing whitespace
[1.195s] """
[1.195s] launches arena and catcher nodes along with all the nodes in 
[1.195s] show_turtle launch file.
[1.195s] Also connects to yaml files to arena and catcher node 
[1.195s] """
[1.195s]    
[1.196s]                                                  ^
[1.196s] 
[1.196s] ./launch/turtle_arena.launch.py:15:1: E302 expected 2 blank lines, found 1
[1.196s] def generate_launch_description():
[1.196s] ^
[1.196s] 
[1.196s] ./launch/turtle_arena.launch.py:44:1: W293 blank line contains whitespace
[1.196s]         
[1.196s] ^
[1.197s] 
[1.197s] ./launch/turtle_arena.launch.py:45:7: W292 no newline at end of file
[1.197s]     ])      ^
[1.197s] 
[1.197s] 1     E128 continuation line under-indented for visual indent
[1.197s] 2     E202 whitespace before ')'
[1.197s] 27    E225 missing whitespace around operator
[1.197s] 79    E231 missing whitespace after ','
[1.197s] 2     E251 unexpected spaces around keyword / parameter equals
[1.197s] 3     E261 at least two spaces before inline comment
[1.198s] 3     E262 inline comment should start with '# '
[1.198s] 34    E265 block comment should start with '# '
[1.198s] 1     E271 multiple spaces after keyword
[1.198s] 8     E302 expected 2 blank lines, found 0
[1.198s] 7     E303 too many blank lines (2)
[1.198s] 10    E501 line too long (115 > 99 characters)
[1.198s] 34    F401 'ament_index_python.packages.get_package_share_path' imported but unused
[1.198s] 1     F841 local variable 'use_sim_time' is assigned to but never used
[1.199s] 39    W291 trailing whitespace
[1.199s] 6     W292 no newline at end of file
[1.199s] 26    W293 blank line contains whitespace
[1.199s] 2     W391 blank line at end of file
[1.199s] 
[1.199s] 13 files checked
[1.199s] 285 errors
[1.199s] 
[1.200s] 'E'-type errors: 177
[1.200s] 'F'-type errors: 35
[1.200s] 'W'-type errors: 73
[1.200s] 
[1.200s] Checked files:
[1.200s] 
[1.200s] * ./setup.py
[1.200s] * ./turtle_brick/arena.py
[1.200s] * ./turtle_brick/turtle_robot.py
[1.201s] * ./turtle_brick/catcher.py
[1.201s] * ./turtle_brick/__init__.py
[1.201s] * ./test/math_test.py
[1.201s] * ./test/test_flake8.py
[1.201s] * ./test/test_copyright.py
[1.201s] * ./test/test_pep257.py
[1.201s] * ./test/brick.test.py
[1.201s] * ./launch/show_turtle.launch.py
[1.201s] * ./launch/run_turtle.launch.py
[1.201s] * ./launch/turtle_arena.launch.py
[1.202s] ----------------------------- Captured stderr call -----------------------------
[1.202s] option --max-complexity: please update from optparse string `type=` to argparse callable `type=` -- this will be an error in the future
[1.202s] [31m[1m_________________________________ test_pep257 __________________________________[0m
[1.202s] [1m[31mtest/test_pep257.py[0m:23: in test_pep257
[1.202s]     [94massert[39;49;00m rc == [94m0[39;49;00m, [33m'[39;49;00m[33mFound code style errors / warnings[39;49;00m[33m'[39;49;00m
[1.202s] [1m[31mE   AssertionError: Found code style errors / warnings[0m
[1.202s] [1m[31mE   assert 1 == 0[0m
[1.202s] ----------------------------- Captured stdout call -----------------------------
[1.202s] checking ./launch/run_turtle.launch.py
[1.203s] checking ./launch/show_turtle.launch.py
[1.203s] checking ./launch/turtle_arena.launch.py
[1.203s] checking ./setup.py
[1.203s] checking ./test/brick.test.py
[1.203s] checking ./test/math_test.py
[1.203s] checking ./test/test_copyright.py
[1.203s] checking ./test/test_flake8.py
[1.203s] checking ./test/test_pep257.py
[1.204s] checking ./turtle_brick/__init__.py
[1.204s] checking ./turtle_brick/arena.py
[1.204s] ./turtle_brick/arena.py:22 in public class `BState`: D200: One-line docstring should fit on one line with quotes (found 2)
[1.204s] ./turtle_brick/arena.py:22 in public class `BState`: D204: 1 blank line required after class docstring (found 0)
[1.204s] ./turtle_brick/arena.py:22 in public class `BState`: D210: No whitespaces allowed surrounding docstring text
[1.204s] ./turtle_brick/arena.py:22 in public class `BState`: D213: Multi-line docstring summary should start at the second line
[1.204s] ./turtle_brick/arena.py:30 in public class `Arena`: D204: 1 blank line required after class docstring (found 0)
[1.204s] ./turtle_brick/arena.py:30 in public class `Arena`: D205: 1 blank line required between summary line and description (found 0)
[1.205s] checking ./turtle_brick/catcher.py
[1.205s] ./turtle_brick/catcher.py:18 in public class `State`: D204: 1 blank line required after class docstring (found 0)
[1.205s] ./turtle_brick/catcher.py:18 in public class `State`: D205: 1 blank line required between summary line and description (found 0)
[1.205s] ./turtle_brick/catcher.py:18 in public class `State`: D208: Docstring is over-indented
[1.205s] ./turtle_brick/catcher.py:18 in public class `State`: D210: No whitespaces allowed surrounding docstring text
[1.205s] ./turtle_brick/catcher.py:18 in public class `State`: D213: Multi-line docstring summary should start at the second line
[1.205s] ./turtle_brick/catcher.py:18 in public class `State`: D400: First line should end with a period (not 't')
[1.205s] ./turtle_brick/catcher.py:18 in public class `State`: D415: First line should end with a period, question mark, or exclamation point (not 't')
[1.205s] ./turtle_brick/catcher.py:26 in public class `Catcher`: D205: 1 blank line required between summary line and description (found 0)
[1.205s] ./turtle_brick/catcher.py:26 in public class `Catcher`: D400: First line should end with a period (not 't')
[1.206s] ./turtle_brick/catcher.py:26 in public class `Catcher`: D415: First line should end with a period, question mark, or exclamation point (not 't')
[1.206s] checking ./turtle_brick/turtle_robot.py
[1.206s] ./turtle_brick/turtle_robot.py:17 in public class `Turtle_robot`: D204: 1 blank line required after class docstring (found 0)
[1.206s] ./turtle_brick/turtle_robot.py:17 in public class `Turtle_robot`: D205: 1 blank line required between summary line and description (found 0)
[1.206s] ./turtle_brick/turtle_robot.py:17 in public class `Turtle_robot`: D400: First line should end with a period (not ' ')
[1.206s] ./turtle_brick/turtle_robot.py:17 in public class `Turtle_robot`: D415: First line should end with a period, question mark, or exclamation point (not ' ')
[1.206s] checking test/brick.test.py
[1.206s] checking test/math_test.py
[1.206s] checking test/test_copyright.py
[1.206s] checking test/test_flake8.py
[1.207s] checking test/test_pep257.py
[1.207s] 20 errors
[1.207s] - generated xml file: /home/alyssa/homework2-alyssa225/build/turtle_brick/pytest.xml -
[1.207s] =========================== short test summary info ============================
[1.207s] FAILED test/math_test.py::TestMath::test_math_sucsses - TypeError: TestMath.t...
[1.207s] FAILED test/math_test.py::TestMath::test_math_fail - TypeError: TestMath.test...
[1.207s] FAILED test/test_flake8.py::test_flake8 - AssertionError: Found 285 code styl...
[1.207s] FAILED test/test_pep257.py::test_pep257 - AssertionError: Found code style er...
[1.207s] [31m=================== [31m[1m4 failed[0m, [33m1 skipped[0m, [33m2 warnings[0m[31m in 0.51s[0m[31m ===================[0m
[1.208s] Invoked command in '/home/alyssa/homework2-alyssa225/src/turtle_brick' returned '1': AMENT_PREFIX_PATH=/home/alyssa/homework2-alyssa225/install/turtle_brick:/home/alyssa/homework2-alyssa225/install/turtle_brick_interfaces:/opt/ros/humble PYTEST_ADDOPTS=--tb=short --junit-xml=/home/alyssa/homework2-alyssa225/build/turtle_brick/pytest.xml --junit-prefix=turtle_brick -o cache_dir=/home/alyssa/homework2-alyssa225/build/turtle_brick/.pytest_cache PYTHONPATH=/home/alyssa/homework2-alyssa225/install/turtle_brick/lib/python3.10/site-packages:/home/alyssa/homework2-alyssa225/install/turtle_brick_interfaces/local/lib/python3.10/dist-packages:/opt/ros/humble/lib/python3.10/site-packages:/opt/ros/humble/local/lib/python3.10/dist-packages /usr/bin/python3 -m pytest
