[0.271s] Invoking command in '/home/alyssa/homework2-alyssa225/src/turtle_brick': AMENT_PREFIX_PATH=/home/alyssa/homework2-alyssa225/install/turtle_brick:/home/alyssa/homework2-alyssa225/install/turtle_brick_interfaces:/opt/ros/humble PYTEST_ADDOPTS=--tb=short --junit-xml=/home/alyssa/homework2-alyssa225/build/turtle_brick/pytest.xml --junit-prefix=turtle_brick -o cache_dir=/home/alyssa/homework2-alyssa225/build/turtle_brick/.pytest_cache PYTHONPATH=/home/alyssa/homework2-alyssa225/install/turtle_brick/lib/python3.10/site-packages:/home/alyssa/homework2-alyssa225/install/turtle_brick_interfaces/local/lib/python3.10/dist-packages:/opt/ros/humble/lib/python3.10/site-packages:/opt/ros/humble/local/lib/python3.10/dist-packages /usr/bin/python3 -m pytest
[0.639s] [1m============================= test session starts ==============================[0m
[0.639s] platform linux -- Python 3.10.6, pytest-6.2.5, py-1.10.0, pluggy-0.13.0
[0.648s] cachedir: /home/alyssa/homework2-alyssa225/build/turtle_brick/.pytest_cache
[0.648s] rootdir: /home/alyssa/homework2-alyssa225/src/turtle_brick
[0.648s] plugins: ament-lint-0.12.4, ament-xmllint-0.12.4, launch-testing-ros-0.19.3, launch-testing-1.0.2, ament-flake8-0.12.4, ament-pep257-0.12.4, ament-copyright-0.12.4, colcon-core-0.10.0, cov-3.0.0
[0.754s] [1mcollecting ... [0m[1m
[0.755s] collected 4 items                                                              [0m
[0.755s] 
[0.792s] test/math_test.py [31mF[0m[31m                                                      [ 25%][0m
[0.793s] test/test_copyright.py [33ms[0m[31m                                                 [ 50%][0m
[1.049s] test/test_flake8.py [32m.[0m[31m                                                    [ 75%][0m
[1.185s] test/test_pep257.py [31mF[0m[31m                                                    [100%][0m
[1.186s] 
[1.186s] =================================== FAILURES ===================================
[1.186s] [31m[1m______________________________ test_math_sucsses _______________________________[0m
[1.186s] [1m[31mtest/math_test.py[0m:2: in test_math_sucsses
[1.236s]     [94massert[39;49;00m [94m3[39;49;00m**[94m2[39;49;00m == [94m8[39;49;00m
[1.236s] [1m[31mE   assert (3 ** 2) == 8[0m
[1.237s] [31m[1m_________________________________ test_pep257 __________________________________[0m
[1.237s] [1m[31mtest/test_pep257.py[0m:23: in test_pep257
[1.237s]     [94massert[39;49;00m rc == [94m0[39;49;00m, [33m'[39;49;00m[33mFound code style errors / warnings[39;49;00m[33m'[39;49;00m
[1.237s] [1m[31mE   AssertionError: Found code style errors / warnings[0m
[1.237s] [1m[31mE   assert 1 == 0[0m
[1.238s] ----------------------------- Captured stdout call -----------------------------
[1.238s] checking ./launch/run_turtle.launch.py
[1.238s] checking ./launch/show_turtle.launch.py
[1.238s] checking ./launch/turtle_arena.launch.py
[1.238s] checking ./setup.py
[1.239s] checking ./test/brick.test.py
[1.239s] checking ./test/math_test.py
[1.239s] checking ./test/test_copyright.py
[1.239s] checking ./test/test_flake8.py
[1.240s] checking ./test/test_pep257.py
[1.240s] checking ./turtle_brick/__init__.py
[1.240s] checking ./turtle_brick/arena.py
[1.240s] ./turtle_brick/arena.py:16 in public class `BState`: D204: 1 blank line required after class docstring (found 0)
[1.240s] ./turtle_brick/arena.py:16 in public class `BState`: D205: 1 blank line required between summary line and description (found 0)
[1.241s] ./turtle_brick/arena.py:16 in public class `BState`: D208: Docstring is over-indented
[1.241s] ./turtle_brick/arena.py:16 in public class `BState`: D210: No whitespaces allowed surrounding docstring text
[1.241s] ./turtle_brick/arena.py:16 in public class `BState`: D213: Multi-line docstring summary should start at the second line
[1.241s] ./turtle_brick/arena.py:29 in public class `Arena`: D204: 1 blank line required after class docstring (found 0)
[1.241s] ./turtle_brick/arena.py:29 in public class `Arena`: D205: 1 blank line required between summary line and description (found 0)
[1.242s] checking ./turtle_brick/catcher.py
[1.242s] ./turtle_brick/catcher.py:13 in public class `State`: D204: 1 blank line required after class docstring (found 0)
[1.242s] ./turtle_brick/catcher.py:13 in public class `State`: D205: 1 blank line required between summary line and description (found 0)
[1.242s] ./turtle_brick/catcher.py:13 in public class `State`: D400: First line should end with a period (not 't')
[1.243s] ./turtle_brick/catcher.py:13 in public class `State`: D415: First line should end with a period, question mark, or exclamation point (not 't')
[1.243s] ./turtle_brick/catcher.py:23 in public class `Catcher`: D205: 1 blank line required between summary line and description (found 0)
[1.243s] ./turtle_brick/catcher.py:23 in public class `Catcher`: D400: First line should end with a period (not 't')
[1.243s] ./turtle_brick/catcher.py:23 in public class `Catcher`: D415: First line should end with a period, question mark, or exclamation point (not 't')
[1.244s] checking ./turtle_brick/turtle_robot.py
[1.244s] ./turtle_brick/turtle_robot.py:14 in public class `Turtle_robot`: D204: 1 blank line required after class docstring (found 0)
[1.244s] ./turtle_brick/turtle_robot.py:14 in public class `Turtle_robot`: D205: 1 blank line required between summary line and description (found 0)
[1.244s] checking test/brick.test.py
[1.244s] checking test/math_test.py
[1.245s] checking test/test_copyright.py
[1.245s] checking test/test_flake8.py
[1.245s] checking test/test_pep257.py
[1.245s] 16 errors
[1.245s] [33m=============================== warnings summary ===============================[0m
[1.246s] test/test_flake8.py::test_flake8
[1.246s] test/test_flake8.py::test_flake8
[1.246s]   Warning: SelectableGroups dict interface is deprecated. Use select.
[1.246s] 
[1.246s] -- Docs: https://docs.pytest.org/en/stable/warnings.html
[1.247s] - generated xml file: /home/alyssa/homework2-alyssa225/build/turtle_brick/pytest.xml -
[1.247s] =========================== short test summary info ============================
[1.247s] FAILED test/math_test.py::test_math_sucsses - assert (3 ** 2) == 8
[1.247s] FAILED test/test_pep257.py::test_pep257 - AssertionError: Found code style er...
[1.247s] [31m============== [31m[1m2 failed[0m, [32m1 passed[0m, [33m1 skipped[0m, [33m2 warnings[0m[31m in 0.60s[0m[31m ==============[0m
[1.354s] Invoked command in '/home/alyssa/homework2-alyssa225/src/turtle_brick' returned '1': AMENT_PREFIX_PATH=/home/alyssa/homework2-alyssa225/install/turtle_brick:/home/alyssa/homework2-alyssa225/install/turtle_brick_interfaces:/opt/ros/humble PYTEST_ADDOPTS=--tb=short --junit-xml=/home/alyssa/homework2-alyssa225/build/turtle_brick/pytest.xml --junit-prefix=turtle_brick -o cache_dir=/home/alyssa/homework2-alyssa225/build/turtle_brick/.pytest_cache PYTHONPATH=/home/alyssa/homework2-alyssa225/install/turtle_brick/lib/python3.10/site-packages:/home/alyssa/homework2-alyssa225/install/turtle_brick_interfaces/local/lib/python3.10/dist-packages:/opt/ros/humble/lib/python3.10/site-packages:/opt/ros/humble/local/lib/python3.10/dist-packages /usr/bin/python3 -m pytest
