[0.308s] Invoking command in '/home/alyssa/homework2-alyssa225/src/turtle_brick': AMENT_PREFIX_PATH=/home/alyssa/homework2-alyssa225/install/turtle_brick:/home/alyssa/homework2-alyssa225/install/turtle_brick_interfaces:/opt/ros/humble PYTEST_ADDOPTS=--tb=short --junit-xml=/home/alyssa/homework2-alyssa225/build/turtle_brick/pytest.xml --junit-prefix=turtle_brick -o cache_dir=/home/alyssa/homework2-alyssa225/build/turtle_brick/.pytest_cache PYTHONPATH=/home/alyssa/homework2-alyssa225/install/turtle_brick/lib/python3.10/site-packages:/home/alyssa/homework2-alyssa225/install/turtle_brick_interfaces/local/lib/python3.10/dist-packages:/opt/ros/humble/lib/python3.10/site-packages:/opt/ros/humble/local/lib/python3.10/dist-packages /usr/bin/python3 -m pytest
[0.676s] [1m============================= test session starts ==============================[0m
[0.676s] platform linux -- Python 3.10.6, pytest-6.2.5, py-1.10.0, pluggy-0.13.0
[0.682s] cachedir: /home/alyssa/homework2-alyssa225/build/turtle_brick/.pytest_cache
[0.683s] rootdir: /home/alyssa/homework2-alyssa225/src/turtle_brick
[0.683s] plugins: ament-lint-0.12.4, ament-xmllint-0.12.4, launch-testing-ros-0.19.3, launch-testing-1.0.2, ament-flake8-0.12.4, ament-pep257-0.12.4, ament-copyright-0.12.4, colcon-core-0.10.0, cov-3.0.0
[0.774s] [1mcollecting ... [0m[1m
[0.774s] collected 4 items                                                              [0m
[0.775s] 
[0.783s] test/math_test.py [32m.[0m[32m                                                      [ 25%][0m
[0.784s] test/test_copyright.py [33ms[0m[32m                                                 [ 50%][0m
[1.004s] test/test_flake8.py [31mF[0m[31m                                                    [ 75%][0m
[1.085s] test/test_pep257.py [31mF[0m[31m                                                    [100%][0m
[1.085s] 
[1.086s] =================================== FAILURES ===================================
[1.086s] [31m[1m_________________________________ test_flake8 __________________________________[0m
[1.086s] [1m[31mtest/test_flake8.py[0m:23: in test_flake8
[1.132s]     [94massert[39;49;00m rc == [94m0[39;49;00m, \
[1.132s] [1m[31mE   AssertionError: Found 5 code style errors / warnings:[0m
[1.132s] [1m[31mE     ./turtle_brick/arena.py:18:26: W291 trailing whitespace[0m
[1.132s] [1m[31mE     ./turtle_brick/arena.py:37:1: W293 blank line contains whitespace[0m
[1.133s] [1m[31mE     ./turtle_brick/arena.py:50:1: W293 blank line contains whitespace[0m
[1.133s] [1m[31mE     ./turtle_brick/turtle_robot.py:17:1: W293 blank line contains whitespace[0m
[1.133s] [1m[31mE     ./turtle_brick/catcher.py:30:1: W293 blank line contains whitespace[0m
[1.133s] [1m[31mE   assert 1 == 0[0m
[1.133s] ----------------------------- Captured stdout call -----------------------------
[1.133s] 
[1.133s] ./turtle_brick/arena.py:18:26: W291 trailing whitespace
[1.133s]     """Current state of the brick.
[1.134s] 
[1.134s]     Four states of brick. 
[1.134s]         - PLACED: brick is placed
[1.134s]         - DROPPING: brick is dropping with accelleraction od gravity
[1.134s]         - PLATFORM: The platfom of turtle robot is below the brick
[1.134s]         - FLOOR: The turtle robot is not below the brick
[1.135s]     """
[1.135s]                          ^
[1.135s] 
[1.135s] ./turtle_brick/arena.py:37:1: W293 blank line contains whitespace
[1.135s]     """
[1.135s] 
[1.135s]     Creates the arena and places brick when called in command line.
[1.135s]     Will drop the robot when called in command line.
[1.136s]         -if robot is underneath the brick, the brick will land on the robot
[1.136s]         -if nothing is under brick, brick will land on ground
[1.136s]     
[1.136s]     SUBSCRIPTIONS:
[1.136s]         -robot_sub: continuous robot position
[1.136s]     PUBLISHERS:
[1.136s]         -marker_pub: publishes walls and brick
[1.136s]         -drop_pub: sends placement, drop coordinates
[1.137s]         -platform_pub: sends true if platform is under brick
[1.137s]     SERVICES:
[1.137s]         -Place: place brick at x, y, z location
[1.137s]         -Drop: Empty drops brick
[1.137s]     TRANSFORMS:
[1.137s]         -world_brick: connects brick to world
[1.137s]     """
[1.138s] ^
[1.138s] 
[1.138s] ./turtle_brick/arena.py:50:1: W293 blank line contains whitespace
[1.138s]     
[1.138s] ^
[1.138s] 
[1.138s] ./turtle_brick/turtle_robot.py:17:1: W293 blank line contains whitespace
[1.138s]     """
[1.139s]     Creates the turtle_robot and controls joint and translation movements.
[1.139s]     Additionally, places it in the world and connects to turtlesim.
[1.139s]     
[1.139s]     SUBSCRIPTIONS:
[1.139s]         -goal_sub: subscribes to goal_sub and
[1.139s]             recieves the positions that will
[1.139s]             calculate movement towards goal_pose
[1.139s]         -tilt_sub: subscribes to tilt and will
[1.140s]             recieve the angle that the robot platform will tilt to
[1.140s]     PUBLISHERS:
[1.140s]         -joint_state: publishes joint angles of the turtle_robot
[1.140s]         -odom_pub: sends positions and twists
[1.140s]         -vel_pub: sends twist to cmd_vel
[1.140s]         -robot_pub: sends continuous robot pose
[1.140s]             # also just relized I could have potentially taken from odom publisher
[1.141s]             # instead of creating a whole new object and publisher, but too late now
[1.141s]     TRANSFORMS:
[1.141s]         -world_odom: connects odom frame to world frame
[1.141s]         -odom_base_link: connects base_link frame to odom frame
[1.141s]     """
[1.141s] ^
[1.142s] 
[1.142s] ./turtle_brick/catcher.py:30:1: W293 blank line contains whitespace
[1.142s]     """
[1.142s]     Calculates if robot can catch placed brick in time or not.
[1.142s]     -If it can catch, robot travels to drop location, catches brick,
[1.142s]         travels back to origin, and tilts brick off
[1.142s]     -If the robot can't reach brick in time, the screen publishes "UNREACHABLE",
[1.142s]         and lets brick fall to ground
[1.143s]     
[1.143s]     SUBSCRIPTIONS:
[1.143s]         -robot_sub:continuous robot position
[1.143s]         -drop_sub: gets placed brick position and sends if drop service is called
[1.143s]         -catch_sub: gets True the brick is caught on the platform
[1.143s]     PUBLISHERS:
[1.143s]         -goal_pose: send pose to turtle robot
[1.144s]         -tilt: send tilt angle to platform on turtle robot
[1.144s]         -text marker: publishes "UNREACHABLE" if robot can't reach in time
[1.144s]     """
[1.144s] ^
[1.144s] 
[1.144s] 1     W291 trailing whitespace
[1.144s] 4     W293 blank line contains whitespace
[1.144s] 
[1.145s] 13 files checked
[1.145s] 5 errors
[1.145s] 
[1.145s] 'W'-type errors: 5
[1.145s] 
[1.145s] Checked files:
[1.145s] 
[1.146s] * ./setup.py
[1.146s] * ./turtle_brick/arena.py
[1.146s] * ./turtle_brick/turtle_robot.py
[1.146s] * ./turtle_brick/catcher.py
[1.146s] * ./turtle_brick/__init__.py
[1.146s] * ./test/math_test.py
[1.146s] * ./test/test_flake8.py
[1.146s] * ./test/test_copyright.py
[1.146s] * ./test/test_pep257.py
[1.147s] * ./test/brick.test.py
[1.147s] * ./launch/show_turtle.launch.py
[1.147s] * ./launch/run_turtle.launch.py
[1.147s] * ./launch/turtle_arena.launch.py
[1.147s] ----------------------------- Captured stderr call -----------------------------
[1.147s] option --max-complexity: please update from optparse string `type=` to argparse callable `type=` -- this will be an error in the future
[1.147s] [31m[1m_________________________________ test_pep257 __________________________________[0m
[1.147s] [1m[31mtest/test_pep257.py[0m:23: in test_pep257
[1.148s]     [94massert[39;49;00m rc == [94m0[39;49;00m, [33m'[39;49;00m[33mFound code style errors / warnings[39;49;00m[33m'[39;49;00m
[1.148s] [1m[31mE   AssertionError: Found code style errors / warnings[0m
[1.148s] [1m[31mE   assert 1 == 0[0m
[1.148s] ----------------------------- Captured stdout call -----------------------------
[1.148s] checking ./launch/run_turtle.launch.py
[1.148s] checking ./launch/show_turtle.launch.py
[1.148s] checking ./launch/turtle_arena.launch.py
[1.149s] checking ./setup.py
[1.149s] checking ./test/brick.test.py
[1.149s] checking ./test/math_test.py
[1.149s] checking ./test/test_copyright.py
[1.149s] checking ./test/test_flake8.py
[1.149s] checking ./test/test_pep257.py
[1.149s] checking ./turtle_brick/__init__.py
[1.150s] checking ./turtle_brick/arena.py
[1.150s] ./turtle_brick/arena.py:16 in public class `BState`: D204: 1 blank line required after class docstring (found 0)
[1.150s] ./turtle_brick/arena.py:16 in public class `BState`: D213: Multi-line docstring summary should start at the second line
[1.150s] ./turtle_brick/arena.py:31 in public class `Arena`: D205: 1 blank line required between summary line and description (found 0)
[1.150s] checking ./turtle_brick/catcher.py
[1.150s] ./turtle_brick/catcher.py:13 in public class `State`: D204: 1 blank line required after class docstring (found 0)
[1.150s] ./turtle_brick/catcher.py:24 in public class `Catcher`: D205: 1 blank line required between summary line and description (found 0)
[1.151s] checking ./turtle_brick/turtle_robot.py
[1.151s] ./turtle_brick/turtle_robot.py:14 in public class `Turtle_robot`: D204: 1 blank line required after class docstring (found 0)
[1.151s] ./turtle_brick/turtle_robot.py:14 in public class `Turtle_robot`: D205: 1 blank line required between summary line and description (found 0)
[1.151s] checking test/brick.test.py
[1.151s] checking test/math_test.py
[1.151s] checking test/test_copyright.py
[1.151s] checking test/test_flake8.py
[1.151s] checking test/test_pep257.py
[1.152s] 7 errors
[1.152s] [33m=============================== warnings summary ===============================[0m
[1.152s] test/test_flake8.py::test_flake8
[1.152s] test/test_flake8.py::test_flake8
[1.152s]   Warning: SelectableGroups dict interface is deprecated. Use select.
[1.152s] 
[1.152s] -- Docs: https://docs.pytest.org/en/stable/warnings.html
[1.153s] - generated xml file: /home/alyssa/homework2-alyssa225/build/turtle_brick/pytest.xml -
[1.153s] =========================== short test summary info ============================
[1.153s] FAILED test/test_flake8.py::test_flake8 - AssertionError: Found 5 code style ...
[1.153s] FAILED test/test_pep257.py::test_pep257 - AssertionError: Found code style er...
[1.153s] [31m============== [31m[1m2 failed[0m, [32m1 passed[0m, [33m1 skipped[0m, [33m2 warnings[0m[31m in 0.46s[0m[31m ==============[0m
[1.206s] Invoked command in '/home/alyssa/homework2-alyssa225/src/turtle_brick' returned '1': AMENT_PREFIX_PATH=/home/alyssa/homework2-alyssa225/install/turtle_brick:/home/alyssa/homework2-alyssa225/install/turtle_brick_interfaces:/opt/ros/humble PYTEST_ADDOPTS=--tb=short --junit-xml=/home/alyssa/homework2-alyssa225/build/turtle_brick/pytest.xml --junit-prefix=turtle_brick -o cache_dir=/home/alyssa/homework2-alyssa225/build/turtle_brick/.pytest_cache PYTHONPATH=/home/alyssa/homework2-alyssa225/install/turtle_brick/lib/python3.10/site-packages:/home/alyssa/homework2-alyssa225/install/turtle_brick_interfaces/local/lib/python3.10/dist-packages:/opt/ros/humble/lib/python3.10/site-packages:/opt/ros/humble/local/lib/python3.10/dist-packages /usr/bin/python3 -m pytest
