[0.306s] Invoking command in '/home/alyssa/homework2-alyssa225/src/turtle_brick': AMENT_PREFIX_PATH=/home/alyssa/homework2-alyssa225/install/turtle_brick:/home/alyssa/homework2-alyssa225/install/turtle_brick_interfaces:/opt/ros/humble PYTEST_ADDOPTS=--tb=short --junit-xml=/home/alyssa/homework2-alyssa225/build/turtle_brick/pytest.xml --junit-prefix=turtle_brick -o cache_dir=/home/alyssa/homework2-alyssa225/build/turtle_brick/.pytest_cache PYTHONPATH=/home/alyssa/homework2-alyssa225/install/turtle_brick/lib/python3.10/site-packages:/home/alyssa/homework2-alyssa225/install/turtle_brick_interfaces/local/lib/python3.10/dist-packages:/opt/ros/humble/lib/python3.10/site-packages:/opt/ros/humble/local/lib/python3.10/dist-packages /usr/bin/python3 -m pytest
[0.719s] [1m============================= test session starts ==============================[0m
[0.720s] platform linux -- Python 3.10.6, pytest-6.2.5, py-1.10.0, pluggy-0.13.0
[0.726s] cachedir: /home/alyssa/homework2-alyssa225/build/turtle_brick/.pytest_cache
[0.726s] rootdir: /home/alyssa/homework2-alyssa225/src/turtle_brick
[0.726s] plugins: ament-lint-0.12.4, ament-xmllint-0.12.4, launch-testing-ros-0.19.3, launch-testing-1.0.2, ament-flake8-0.12.4, ament-pep257-0.12.4, ament-copyright-0.12.4, colcon-core-0.10.0, cov-3.0.0
[0.816s] [1mcollecting ... [0m[1m
[0.817s] collected 4 items                                                              [0m
[0.817s] 
[0.851s] test/math_test.py [31mF[0m[31m                                                      [ 25%][0m
[0.852s] test/test_copyright.py [33ms[0m[31m                                                 [ 50%][0m
[1.074s] test/test_flake8.py [31mF[0m[31m                                                    [ 75%][0m
[1.166s] test/test_pep257.py [31mF[0m[31m                                                    [100%][0m
[1.166s] 
[1.166s] =================================== FAILURES ===================================
[1.167s] [31m[1m_______________________________ test_math_succss _______________________________[0m
[1.167s] [1m[31mtest/math_test.py[0m:2: in test_math_succss
[1.218s]     [94massert[39;49;00m [94m3[39;49;00m**[94m2[39;49;00m == [94m8[39;49;00m
[1.218s] [1m[31mE   assert (3 ** 2) == 8[0m
[1.219s] [31m[1m_________________________________ test_flake8 __________________________________[0m
[1.219s] [1m[31mtest/test_flake8.py[0m:23: in test_flake8
[1.219s]     [94massert[39;49;00m rc == [94m0[39;49;00m, \
[1.219s] [1m[31mE   AssertionError: Found 1 code style errors / warnings:[0m
[1.219s] [1m[31mE     ./turtle_brick/catcher.py:97:27: E127 continuation line over-indented for visual indent[0m
[1.220s] [1m[31mE   assert 1 == 0[0m
[1.220s] ----------------------------- Captured stdout call -----------------------------
[1.220s] 
[1.220s] ./turtle_brick/catcher.py:97:27: E127 continuation line over-indented for visual indent
[1.220s]                           and abs(self.platformy) <= 0.05):
[1.221s]                           ^
[1.221s] 
[1.221s] 1     E127 continuation line over-indented for visual indent
[1.221s] 
[1.221s] 13 files checked
[1.221s] 1 errors
[1.221s] 
[1.222s] 'E'-type errors: 1
[1.222s] 
[1.222s] Checked files:
[1.222s] 
[1.222s] * ./setup.py
[1.223s] * ./turtle_brick/arena.py
[1.223s] * ./turtle_brick/turtle_robot.py
[1.223s] * ./turtle_brick/catcher.py
[1.223s] * ./turtle_brick/__init__.py
[1.223s] * ./test/math_test.py
[1.223s] * ./test/test_flake8.py
[1.223s] * ./test/test_copyright.py
[1.224s] * ./test/test_pep257.py
[1.224s] * ./test/brick.test.py
[1.224s] * ./launch/show_turtle.launch.py
[1.224s] * ./launch/run_turtle.launch.py
[1.224s] * ./launch/turtle_arena.launch.py
[1.224s] ----------------------------- Captured stderr call -----------------------------
[1.225s] option --max-complexity: please update from optparse string `type=` to argparse callable `type=` -- this will be an error in the future
[1.225s] [31m[1m_________________________________ test_pep257 __________________________________[0m
[1.225s] [1m[31mtest/test_pep257.py[0m:23: in test_pep257
[1.225s]     [94massert[39;49;00m rc == [94m0[39;49;00m, [33m'[39;49;00m[33mFound code style errors / warnings[39;49;00m[33m'[39;49;00m
[1.225s] [1m[31mE   AssertionError: Found code style errors / warnings[0m
[1.225s] [1m[31mE   assert 1 == 0[0m
[1.225s] ----------------------------- Captured stdout call -----------------------------
[1.226s] checking ./launch/run_turtle.launch.py
[1.226s] checking ./launch/show_turtle.launch.py
[1.226s] checking ./launch/turtle_arena.launch.py
[1.226s] checking ./setup.py
[1.226s] checking ./test/brick.test.py
[1.227s] checking ./test/math_test.py
[1.227s] checking ./test/test_copyright.py
[1.227s] checking ./test/test_flake8.py
[1.227s] checking ./test/test_pep257.py
[1.227s] checking ./turtle_brick/__init__.py
[1.227s] checking ./turtle_brick/arena.py
[1.228s] ./turtle_brick/arena.py:16 in public class `BState`: D204: 1 blank line required after class docstring (found 0)
[1.228s] ./turtle_brick/arena.py:16 in public class `BState`: D205: 1 blank line required between summary line and description (found 0)
[1.228s] ./turtle_brick/arena.py:16 in public class `BState`: D208: Docstring is over-indented
[1.228s] ./turtle_brick/arena.py:16 in public class `BState`: D210: No whitespaces allowed surrounding docstring text
[1.228s] ./turtle_brick/arena.py:16 in public class `BState`: D213: Multi-line docstring summary should start at the second line
[1.229s] ./turtle_brick/arena.py:29 in public class `Arena`: D204: 1 blank line required after class docstring (found 0)
[1.229s] ./turtle_brick/arena.py:29 in public class `Arena`: D205: 1 blank line required between summary line and description (found 0)
[1.229s] checking ./turtle_brick/catcher.py
[1.229s] ./turtle_brick/catcher.py:13 in public class `State`: D204: 1 blank line required after class docstring (found 0)
[1.229s] ./turtle_brick/catcher.py:13 in public class `State`: D205: 1 blank line required between summary line and description (found 0)
[1.230s] ./turtle_brick/catcher.py:13 in public class `State`: D400: First line should end with a period (not 't')
[1.230s] ./turtle_brick/catcher.py:13 in public class `State`: D415: First line should end with a period, question mark, or exclamation point (not 't')
[1.230s] ./turtle_brick/catcher.py:23 in public class `Catcher`: D205: 1 blank line required between summary line and description (found 0)
[1.230s] ./turtle_brick/catcher.py:23 in public class `Catcher`: D400: First line should end with a period (not 't')
[1.230s] ./turtle_brick/catcher.py:23 in public class `Catcher`: D415: First line should end with a period, question mark, or exclamation point (not 't')
[1.230s] checking ./turtle_brick/turtle_robot.py
[1.231s] ./turtle_brick/turtle_robot.py:14 in public class `Turtle_robot`: D204: 1 blank line required after class docstring (found 0)
[1.231s] ./turtle_brick/turtle_robot.py:14 in public class `Turtle_robot`: D205: 1 blank line required between summary line and description (found 0)
[1.231s] checking test/brick.test.py
[1.231s] checking test/math_test.py
[1.231s] checking test/test_copyright.py
[1.232s] checking test/test_flake8.py
[1.232s] checking test/test_pep257.py
[1.232s] 16 errors
[1.232s] [33m=============================== warnings summary ===============================[0m
[1.233s] test/test_flake8.py::test_flake8
[1.233s] test/test_flake8.py::test_flake8
[1.233s]   Warning: SelectableGroups dict interface is deprecated. Use select.
[1.233s] 
[1.233s] -- Docs: https://docs.pytest.org/en/stable/warnings.html
[1.233s] - generated xml file: /home/alyssa/homework2-alyssa225/build/turtle_brick/pytest.xml -
[1.234s] =========================== short test summary info ============================
[1.234s] FAILED test/math_test.py::test_math_succss - assert (3 ** 2) == 8
[1.234s] FAILED test/test_flake8.py::test_flake8 - AssertionError: Found 1 code style ...
[1.234s] FAILED test/test_pep257.py::test_pep257 - AssertionError: Found code style er...
[1.234s] [31m=================== [31m[1m3 failed[0m, [33m1 skipped[0m, [33m2 warnings[0m[31m in 0.50s[0m[31m ===================[0m
[1.303s] Invoked command in '/home/alyssa/homework2-alyssa225/src/turtle_brick' returned '1': AMENT_PREFIX_PATH=/home/alyssa/homework2-alyssa225/install/turtle_brick:/home/alyssa/homework2-alyssa225/install/turtle_brick_interfaces:/opt/ros/humble PYTEST_ADDOPTS=--tb=short --junit-xml=/home/alyssa/homework2-alyssa225/build/turtle_brick/pytest.xml --junit-prefix=turtle_brick -o cache_dir=/home/alyssa/homework2-alyssa225/build/turtle_brick/.pytest_cache PYTHONPATH=/home/alyssa/homework2-alyssa225/install/turtle_brick/lib/python3.10/site-packages:/home/alyssa/homework2-alyssa225/install/turtle_brick_interfaces/local/lib/python3.10/dist-packages:/opt/ros/humble/lib/python3.10/site-packages:/opt/ros/humble/local/lib/python3.10/dist-packages /usr/bin/python3 -m pytest
