[0.243s] Invoking command in '/home/alyssa/homework2-alyssa225/src/turtle_brick': AMENT_PREFIX_PATH=/home/alyssa/homework2-alyssa225/install/turtle_brick:/home/alyssa/homework2-alyssa225/install/turtle_brick_interfaces:/opt/ros/humble PYTEST_ADDOPTS=--tb=short --junit-xml=/home/alyssa/homework2-alyssa225/build/turtle_brick/pytest.xml --junit-prefix=turtle_brick -o cache_dir=/home/alyssa/homework2-alyssa225/build/turtle_brick/.pytest_cache PYTHONPATH=/home/alyssa/homework2-alyssa225/install/turtle_brick/lib/python3.10/site-packages:/home/alyssa/homework2-alyssa225/install/turtle_brick_interfaces/local/lib/python3.10/dist-packages:/opt/ros/humble/lib/python3.10/site-packages:/opt/ros/humble/local/lib/python3.10/dist-packages /usr/bin/python3 -m pytest
[0.519s] [1m============================= test session starts ==============================[0m
[0.519s] platform linux -- Python 3.10.6, pytest-6.2.5, py-1.10.0, pluggy-0.13.0
[0.524s] cachedir: /home/alyssa/homework2-alyssa225/build/turtle_brick/.pytest_cache
[0.524s] rootdir: /home/alyssa/homework2-alyssa225/src/turtle_brick
[0.524s] plugins: ament-lint-0.12.4, ament-xmllint-0.12.4, launch-testing-ros-0.19.3, launch-testing-1.0.2, ament-flake8-0.12.4, ament-pep257-0.12.4, ament-copyright-0.12.4, colcon-core-0.10.0, cov-3.0.0
[0.600s] [1mcollecting ... [0m[1m
[0.601s] collected 4 items                                                              [0m
[0.601s] 
[0.609s] test/math_test.py [32m.[0m[32m                                                      [ 25%][0m
[0.610s] test/test_copyright.py [33ms[0m[32m                                                 [ 50%][0m
[0.811s] test/test_flake8.py [31mF[0m[31m                                                    [ 75%][0m
[0.878s] test/test_pep257.py [31mF[0m[31m                                                    [100%][0m
[0.878s] 
[0.878s] =================================== FAILURES ===================================
[0.879s] [31m[1m_________________________________ test_flake8 __________________________________[0m
[0.879s] [1m[31mtest/test_flake8.py[0m:23: in test_flake8
[0.912s]     [94massert[39;49;00m rc == [94m0[39;49;00m, \
[0.912s] [1m[31mE   AssertionError: Found 4 code style errors / warnings:[0m
[0.913s] [1m[31mE     ./turtle_brick/turtle_robot.py:16:1: W293 blank line contains whitespace[0m
[0.913s] [1m[31mE     ./turtle_brick/catcher.py:20:1: W293 blank line contains whitespace[0m
[0.913s] [1m[31mE     ./turtle_brick/catcher.py:28:1: W293 blank line contains whitespace[0m
[0.913s] [1m[31mE     ./turtle_brick/catcher.py:33:1: W293 blank line contains whitespace[0m
[0.913s] [1m[31mE   assert 1 == 0[0m
[0.913s] ----------------------------- Captured stdout call -----------------------------
[0.913s] 
[0.914s] ./turtle_brick/turtle_robot.py:16:1: W293 blank line contains whitespace
[0.914s]     """
[0.914s]     Creates the turtle_robot and controls joint and translation movements.
[0.914s]     
[0.914s]     Additionally, places it in the world and connects to turtlesim.
[0.914s]     SUBSCRIPTIONS:
[0.914s]         -goal_sub: subscribes to goal_sub and
[0.915s]             recieves the positions that will
[0.915s]             calculate movement towards goal_pose
[0.915s]         -tilt_sub: subscribes to tilt and will
[0.915s]             recieve the angle that the robot platform will tilt to
[0.915s]     PUBLISHERS:
[0.915s]         -joint_state: publishes joint angles of the turtle_robot
[0.915s]         -odom_pub: sends positions and twists
[0.916s]         -vel_pub: sends twist to cmd_vel
[0.916s]         -robot_pub: sends continuous robot pose
[0.916s]             # also just relized I could have potentially taken from odom publisher
[0.916s]             # instead of creating a whole new object and publisher, but too late now
[0.916s]     TRANSFORMS:
[0.916s]         -world_odom: connects odom frame to world frame
[0.916s]         -odom_base_link: connects base_link frame to odom frame
[0.917s]     """
[0.917s] ^
[0.917s] 
[0.917s] ./turtle_brick/catcher.py:20:1: W293 blank line contains whitespace
[0.917s]     
[0.917s] ^
[0.918s] 
[0.918s] ./turtle_brick/catcher.py:28:1: W293 blank line contains whitespace
[0.918s]     """
[0.918s]     Calculates if robot can catch placed brick in time or not.
[0.918s]     
[0.918s]     -If it can catch, robot travels to drop location, catches brick,
[0.918s]         travels back to origin, and tilts brick off
[0.919s]     -If the robot can't reach brick in time, the screen publishes "UNREACHABLE",
[0.919s]         and lets brick fall to ground
[0.919s]     
[0.919s]     SUBSCRIPTIONS:
[0.919s]         -robot_sub:continuous robot position
[0.919s]         -drop_sub: gets placed brick position and sends if drop service is called
[0.919s]         -catch_sub: gets True the brick is caught on the platform
[0.920s]     PUBLISHERS:
[0.920s]         -goal_pose: send pose to turtle robot
[0.920s]         -tilt: send tilt angle to platform on turtle robot
[0.920s]         -text marker: publishes "UNREACHABLE" if robot can't reach in time
[0.920s]     """
[0.920s] ^
[0.920s] 
[0.921s] ./turtle_brick/catcher.py:33:1: W293 blank line contains whitespace
[0.921s]     """
[0.921s]     Calculates if robot can catch placed brick in time or not.
[0.921s]     
[0.921s]     -If it can catch, robot travels to drop location, catches brick,
[0.921s]         travels back to origin, and tilts brick off
[0.921s]     -If the robot can't reach brick in time, the screen publishes "UNREACHABLE",
[0.922s]         and lets brick fall to ground
[0.922s]     
[0.922s]     SUBSCRIPTIONS:
[0.922s]         -robot_sub:continuous robot position
[0.922s]         -drop_sub: gets placed brick position and sends if drop service is called
[0.922s]         -catch_sub: gets True the brick is caught on the platform
[0.923s]     PUBLISHERS:
[0.923s]         -goal_pose: send pose to turtle robot
[0.923s]         -tilt: send tilt angle to platform on turtle robot
[0.923s]         -text marker: publishes "UNREACHABLE" if robot can't reach in time
[0.923s]     """
[0.923s] ^
[0.924s] 
[0.924s] 4     W293 blank line contains whitespace
[0.924s] 
[0.924s] 13 files checked
[0.924s] 4 errors
[0.924s] 
[0.924s] 'W'-type errors: 4
[0.924s] 
[0.925s] Checked files:
[0.925s] 
[0.925s] * ./setup.py
[0.925s] * ./turtle_brick/arena.py
[0.925s] * ./turtle_brick/turtle_robot.py
[0.925s] * ./turtle_brick/catcher.py
[0.925s] * ./turtle_brick/__init__.py
[0.925s] * ./test/math_test.py
[0.926s] * ./test/test_flake8.py
[0.926s] * ./test/test_copyright.py
[0.926s] * ./test/test_pep257.py
[0.926s] * ./test/brick.test.py
[0.926s] * ./launch/show_turtle.launch.py
[0.926s] * ./launch/run_turtle.launch.py
[0.926s] * ./launch/turtle_arena.launch.py
[0.927s] ----------------------------- Captured stderr call -----------------------------
[0.927s] option --max-complexity: please update from optparse string `type=` to argparse callable `type=` -- this will be an error in the future
[0.927s] [31m[1m_________________________________ test_pep257 __________________________________[0m
[0.927s] [1m[31mtest/test_pep257.py[0m:23: in test_pep257
[0.927s]     [94massert[39;49;00m rc == [94m0[39;49;00m, [33m'[39;49;00m[33mFound code style errors / warnings[39;49;00m[33m'[39;49;00m
[0.927s] [1m[31mE   AssertionError: Found code style errors / warnings[0m
[0.927s] [1m[31mE   assert 1 == 0[0m
[0.928s] ----------------------------- Captured stdout call -----------------------------
[0.928s] checking ./launch/run_turtle.launch.py
[0.928s] checking ./launch/show_turtle.launch.py
[0.928s] checking ./launch/turtle_arena.launch.py
[0.928s] checking ./setup.py
[0.928s] checking ./test/brick.test.py
[0.928s] checking ./test/math_test.py
[0.929s] checking ./test/test_copyright.py
[0.929s] checking ./test/test_flake8.py
[0.929s] checking ./test/test_pep257.py
[0.929s] checking ./turtle_brick/__init__.py
[0.929s] checking ./turtle_brick/arena.py
[0.929s] ./turtle_brick/arena.py:16 in public class `BState`: D204: 1 blank line required after class docstring (found 0)
[0.929s] ./turtle_brick/arena.py:33 in public class `Arena`: D204: 1 blank line required after class docstring (found 0)
[0.930s] checking ./turtle_brick/catcher.py
[0.930s] checking ./turtle_brick/turtle_robot.py
[0.930s] checking test/brick.test.py
[0.930s] checking test/math_test.py
[0.930s] checking test/test_copyright.py
[0.930s] checking test/test_flake8.py
[0.931s] checking test/test_pep257.py
[0.931s] 2 errors
[0.931s] [33m=============================== warnings summary ===============================[0m
[0.931s] test/test_flake8.py::test_flake8
[0.931s] test/test_flake8.py::test_flake8
[0.931s]   Warning: SelectableGroups dict interface is deprecated. Use select.
[0.931s] 
[0.932s] -- Docs: https://docs.pytest.org/en/stable/warnings.html
[0.932s] - generated xml file: /home/alyssa/homework2-alyssa225/build/turtle_brick/pytest.xml -
[0.932s] =========================== short test summary info ============================
[0.932s] FAILED test/test_flake8.py::test_flake8 - AssertionError: Found 4 code style ...
[0.932s] FAILED test/test_pep257.py::test_pep257 - AssertionError: Found code style er...
[0.932s] [31m============== [31m[1m2 failed[0m, [32m1 passed[0m, [33m1 skipped[0m, [33m2 warnings[0m[31m in 0.39s[0m[31m ==============[0m
[0.987s] Invoked command in '/home/alyssa/homework2-alyssa225/src/turtle_brick' returned '1': AMENT_PREFIX_PATH=/home/alyssa/homework2-alyssa225/install/turtle_brick:/home/alyssa/homework2-alyssa225/install/turtle_brick_interfaces:/opt/ros/humble PYTEST_ADDOPTS=--tb=short --junit-xml=/home/alyssa/homework2-alyssa225/build/turtle_brick/pytest.xml --junit-prefix=turtle_brick -o cache_dir=/home/alyssa/homework2-alyssa225/build/turtle_brick/.pytest_cache PYTHONPATH=/home/alyssa/homework2-alyssa225/install/turtle_brick/lib/python3.10/site-packages:/home/alyssa/homework2-alyssa225/install/turtle_brick_interfaces/local/lib/python3.10/dist-packages:/opt/ros/humble/lib/python3.10/site-packages:/opt/ros/humble/local/lib/python3.10/dist-packages /usr/bin/python3 -m pytest
